/home/kali/director/projects/_corpora/attack_data/datasets/malware/chaos_ransomware/sysmon.log:9804:<Event xmlns='http://schemas.microsoft.com/win/2004/08/events/event'><System><Provider Name='Microsoft-Windows-Sysmon' Guid='{5770385F-C22A-43E0-BF4C-06F5698FFBD9}'/><EventID>7</EventID><Version>3</Version><Level>4</Level><Task>7</Task><Opcode>0</Opcode><Keywords>0x8000000000000000</Keywords><TimeCreated SystemTime='2023-01-11T14:21:24.453916200Z'/><EventRecordID>108379</EventRecordID><Correlation/><Execution ProcessID='2728' ThreadID='2216'/><Channel>Microsoft-Windows-Sysmon/Operational</Channel><Computer>win-dc-ctus-attack-range-661.attackrange.local</Computer><Security UserID='S-1-5-18'/></System><EventData><Data Name='RuleName'>-</Data><Data Name='UtcTime'>2023-01-11 14:21:24.434</Data><Data Name='ProcessGuid'>{7DAC9CB3-C5E4-63BE-DC01-00000000A702}</Data><Data Name='ProcessId'>4932</Data><Data Name='Image'>C:\Windows\System32\vssadmin.exe</Data><Data Name='ImageLoaded'>C:\Windows\System32\ws2_32.dll</Data><Data Name='FileVersion'>10.0.14393.3241 (rs1_release_inmarket.190910-1801)</Data><Data Name='Description'>Windows Socket 2.0 32-Bit DLL</Data><Data Name='Product'>Microsoft® Windows® Operating System</Data><Data Name='Company'>Microsoft Corporation</Data><Data Name='OriginalFileName'>ws2_32.dll</Data><Data Name='Hashes'>MD5=06E82905620845A7C185BDEE85CC4140,SHA256=B75C9B080293F85568912BABE749F403144959206F9C6BAB36B628E8F77C5DA0,IMPHASH=76A5AA3DF6083D853F576403C8F841A8</Data><Data Name='Signed'>true</Data><Data Name='Signature'>Microsoft Windows</Data><Data Name='SignatureStatus'>Valid</Data></EventData></Event>
/home/kali/director/projects/_corpora/attack_data/datasets/malware/chaos_ransomware/sysmon.log:9824:<Event xmlns='http://schemas.microsoft.com/win/2004/08/events/event'><System><Provider Name='Microsoft-Windows-Sysmon' Guid='{5770385F-C22A-43E0-BF4C-06F5698FFBD9}'/><EventID>7</EventID><Version>3</Version><Level>4</Level><Task>7</Task><Opcode>0</Opcode><Keywords>0x8000000000000000</Keywords><TimeCreated SystemTime='2023-01-11T14:21:24.447156900Z'/><EventRecordID>108359</EventRecordID><Correlation/><Execution ProcessID='2728' ThreadID='2196'/><Channel>Microsoft-Windows-Sysmon/Operational</Channel><Computer>win-dc-ctus-attack-range-661.attackrange.local</Computer><Security UserID='S-1-5-18'/></System><EventData><Data Name='RuleName'>-</Data><Data Name='UtcTime'>2023-01-11 14:21:24.419</Data><Data Name='ProcessGuid'>{7DAC9CB3-C5E4-63BE-DC01-00000000A702}</Data><Data Name='ProcessId'>4932</Data><Data Name='Image'>C:\Windows\System32\vssadmin.exe</Data><Data Name='ImageLoaded'>C:\Windows\System32\atl.dll</Data><Data Name='FileVersion'>3.05.2284</Data><Data Name='Description'>ATL Module for Windows XP (Unicode)</Data><Data Name='Product'>Microsoft (R) Visual C++</Data><Data Name='Company'>Microsoft Corporation</Data><Data Name='OriginalFileName'>ATL.DLL</Data><Data Name='Hashes'>MD5=C1B73181019C1E1F28F4161B5F198B7F,SHA256=C3678504437D23910C18D3680B05B4E819A2229BDD0E1E0567186C70D814560D,IMPHASH=5500EF6AAEED0FAA2DE0F3B65E67DE20</Data><Data Name='Signed'>true</Data><Data Name='Signature'>Microsoft Windows</Data><Data Name='SignatureStatus'>Valid</Data></EventData></Event>
/home/kali/director/projects/_corpora/attack_data/datasets/malware/chaos_ransomware/sysmon.log:9832:<Event xmlns='http://schemas.microsoft.com/win/2004/08/events/event'><System><Provider Name='Microsoft-Windows-Sysmon' Guid='{5770385F-C22A-43E0-BF4C-06F5698FFBD9}'/><EventID>7</EventID><Version>3</Version><Level>4</Level><Task>7</Task><Opcode>0</Opcode><Keywords>0x8000000000000000</Keywords><TimeCreated SystemTime='2023-01-11T14:21:24.443996300Z'/><EventRecordID>108351</EventRecordID><Correlation/><Execution ProcessID='2728' ThreadID='2216'/><Channel>Microsoft-Windows-Sysmon/Operational</Channel><Computer>win-dc-ctus-attack-range-661.attackrange.local</Computer><Security UserID='S-1-5-18'/></System><EventData><Data Name='RuleName'>-</Data><Data Name='UtcTime'>2023-01-11 14:21:24.419</Data><Data Name='ProcessGuid'>{7DAC9CB3-C5E4-63BE-DC01-00000000A702}</Data><Data Name='ProcessId'>4932</Data><Data Name='Image'>C:\Windows\System32\vssadmin.exe</Data><Data Name='ImageLoaded'>C:\Windows\System32\gdi32full.dll</Data><Data Name='FileVersion'>10.0.14393.5582 (rs1_release.221130-1719)</Data><Data Name='Description'>GDI Client DLL</Data><Data Name='Product'>Microsoft® Windows® Operating System</Data><Data Name='Company'>Microsoft Corporation</Data><Data Name='OriginalFileName'>gdi32</Data><Data Name='Hashes'>MD5=5ED94A02EBF8A9EA597DD1896C2058AF,SHA256=00B823F75600CD2FA15FF545ABAA581F244A185E580BC76C7C937159765A82A8,IMPHASH=059EB3BAA45E35C79FAE66F7279059EE</Data><Data Name='Signed'>true</Data><Data Name='Signature'>Microsoft Windows</Data><Data Name='SignatureStatus'>Valid</Data></EventData></Event>
/home/kali/director/projects/_corpora/attack_data/datasets/malware/chaos_ransomware/sysmon.log:9842:<Event xmlns='http://schemas.microsoft.com/win/2004/08/events/event'><System><Provider Name='Microsoft-Windows-Sysmon' Guid='{5770385F-C22A-43E0-BF4C-06F5698FFBD9}'/><EventID>7</EventID><Version>3</Version><Level>4</Level><Task>7</Task><Opcode>0</Opcode><Keywords>0x8000000000000000</Keywords><TimeCreated SystemTime='2023-01-11T14:21:24.439591400Z'/><EventRecordID>108341</EventRecordID><Correlation/><Execution ProcessID='2728' ThreadID='2216'/><Channel>Microsoft-Windows-Sysmon/Operational</Channel><Computer>win-dc-ctus-attack-range-661.attackrange.local</Computer><Security UserID='S-1-5-18'/></System><EventData><Data Name='RuleName'>-</Data><Data Name='UtcTime'>2023-01-11 14:21:24.419</Data><Data Name='ProcessGuid'>{7DAC9CB3-C5E4-63BE-DC01-00000000A702}</Data><Data Name='ProcessId'>4932</Data><Data Name='Image'>C:\Windows\System32\vssadmin.exe</Data><Data Name='ImageLoaded'>C:\Windows\System32\gdi32.dll</Data><Data Name='FileVersion'>10.0.14393.4169 (rs1_release.210107-1130)</Data><Data Name='Description'>GDI Client DLL</Data><Data Name='Product'>Microsoft® Windows® Operating System</Data><Data Name='Company'>Microsoft Corporation</Data><Data Name='OriginalFileName'>gdi32</Data><Data Name='Hashes'>MD5=551D603CEC947F586DB9FADEF4D2EBA6,SHA256=143125EFF9F3BC5B3F3BE505F3C3814393807B9CACB6AA5F75D39C77EC0D4ED8,IMPHASH=A24D446CB7FCBB6D29B592603C0BE00C</Data><Data Name='Signed'>true</Data><Data Name='Signature'>Microsoft Windows</Data><Data Name='SignatureStatus'>Valid</Data></EventData></Event>
/home/kali/director/projects/_corpora/attack_data/datasets/malware/chaos_ransomware/sysmon.log:9857:<Event xmlns='http://schemas.microsoft.com/win/2004/08/events/event'><System><Provider Name='Microsoft-Windows-Sysmon' Guid='{5770385F-C22A-43E0-BF4C-06F5698FFBD9}'/><EventID>7</EventID><Version>3</Version><Level>4</Level><Task>7</Task><Opcode>0</Opcode><Keywords>0x8000000000000000</Keywords><TimeCreated SystemTime='2023-01-11T14:21:24.437922700Z'/><EventRecordID>108326</EventRecordID><Correlation/><Execution ProcessID='2728' ThreadID='2216'/><Channel>Microsoft-Windows-Sysmon/Operational</Channel><Computer>win-dc-ctus-attack-range-661.attackrange.local</Computer><Security UserID='S-1-5-18'/></System><EventData><Data Name='RuleName'>-</Data><Data Name='UtcTime'>2023-01-11 14:21:24.419</Data><Data Name='ProcessGuid'>{7DAC9CB3-C5E4-63BE-DC01-00000000A702}</Data><Data Name='ProcessId'>4932</Data><Data Name='Image'>C:\Windows\System32\vssadmin.exe</Data><Data Name='ImageLoaded'>C:\Windows\System32\shlwapi.dll</Data><Data Name='FileVersion'>10.0.14393.5427 (rs1_release.220929-2054)</Data><Data Name='Description'>Shell Light-weight Utility Library</Data><Data Name='Product'>Microsoft® Windows® Operating System</Data><Data Name='Company'>Microsoft Corporation</Data><Data Name='OriginalFileName'>SHLWAPI.DLL</Data><Data Name='Hashes'>MD5=6C4CAC9EFE57970AC9FF9DC2DC5CAA05,SHA256=B08B80DC5227DF37B5AD26B64A010D2BA1C559CD304F909D30D5D66775FAC590,IMPHASH=9F3DE8492A7F075320A36332ACC9CAAF</Data><Data Name='Signed'>true</Data><Data Name='Signature'>Microsoft Windows</Data><Data Name='SignatureStatus'>Valid</Data></EventData></Event>
/home/kali/director/projects/_corpora/attack_data/datasets/malware/chaos_ransomware/sysmon.log:9858:<Event xmlns='http://schemas.microsoft.com/win/2004/08/events/event'><System><Provider Name='Microsoft-Windows-Sysmon' Guid='{5770385F-C22A-43E0-BF4C-06F5698FFBD9}'/><EventID>7</EventID><Version>3</Version><Level>4</Level><Task>7</Task><Opcode>0</Opcode><Keywords>0x8000000000000000</Keywords><TimeCreated SystemTime='2023-01-11T14:21:24.437610600Z'/><EventRecordID>108325</EventRecordID><Correlation/><Execution ProcessID='2728' ThreadID='2216'/><Channel>Microsoft-Windows-Sysmon/Operational</Channel><Computer>win-dc-ctus-attack-range-661.attackrange.local</Computer><Security UserID='S-1-5-18'/></System><EventData><Data Name='RuleName'>-</Data><Data Name='UtcTime'>2023-01-11 14:21:24.419</Data><Data Name='ProcessGuid'>{7DAC9CB3-C5E4-63BE-DC01-00000000A702}</Data><Data Name='ProcessId'>4932</Data><Data Name='Image'>C:\Windows\System32\vssadmin.exe</Data><Data Name='ImageLoaded'>C:\Windows\System32\win32u.dll</Data><Data Name='FileVersion'>10.0.14393.51 (rs1_release_inmarket.160801-1836)</Data><Data Name='Description'>Win32u</Data><Data Name='Product'>Microsoft® Windows® Operating System</Data><Data Name='Company'>Microsoft Corporation</Data><Data Name='OriginalFileName'>Win32u.DLL</Data><Data Name='Hashes'>MD5=0482CFC6D06935953519340A0D360329,SHA256=7AB410C10BE2A2C3D46BCCD878D398DFFBF2116D1AB8A5106CBBE1F9D06931E3,IMPHASH=00000000000000000000000000000000</Data><Data Name='Signed'>true</Data><Data Name='Signature'>Microsoft Windows</Data><Data Name='SignatureStatus'>Valid</Data></EventData></Event>
/home/kali/director/projects/_corpora/attack_data/datasets/malware/chaos_ransomware/sysmon.log:9859:<Event xmlns='http://schemas.microsoft.com/win/2004/08/events/event'><System><Provider Name='Microsoft-Windows-Sysmon' Guid='{5770385F-C22A-43E0-BF4C-06F5698FFBD9}'/><EventID>7</EventID><Version>3</Version><Level>4</Level><Task>7</Task><Opcode>0</Opcode><Keywords>0x8000000000000000</Keywords><TimeCreated SystemTime='2023-01-11T14:21:24.436588200Z'/><EventRecordID>108324</EventRecordID><Correlation/><Execution ProcessID='2728' ThreadID='2216'/><Channel>Microsoft-Windows-Sysmon/Operational</Channel><Computer>win-dc-ctus-attack-range-661.attackrange.local</Computer><Security UserID='S-1-5-18'/></System><EventData><Data Name='RuleName'>-</Data><Data Name='UtcTime'>2023-01-11 14:21:24.419</Data><Data Name='ProcessGuid'>{7DAC9CB3-C5E4-63BE-DC01-00000000A702}</Data><Data Name='ProcessId'>4932</Data><Data Name='Image'>C:\Windows\System32\vssadmin.exe</Data><Data Name='ImageLoaded'>C:\Windows\System32\msvcp_win.dll</Data><Data Name='FileVersion'>10.0.14393.2999 (rs1_release_inmarket.190520-1518)</Data><Data Name='Description'>Microsoft® C Runtime Library</Data><Data Name='Product'>Microsoft® Windows® Operating System</Data><Data Name='Company'>Microsoft Corporation</Data><Data Name='OriginalFileName'>msvcp_win.dll</Data><Data Name='Hashes'>MD5=C50C0CEFA633773AB29572E05834F1FE,SHA256=50178F23AA57B31626614C6C65DA2B6518A64FF684FFA18A0F49C4431DFCBEC5,IMPHASH=5B59892514923CABE9B70CFE22A3F59A</Data><Data Name='Signed'>true</Data><Data Name='Signature'>Microsoft Windows</Data><Data Name='SignatureStatus'>Valid</Data></EventData></Event>
/home/kali/director/projects/_corpora/attack_data/datasets/malware/chaos_ransomware/sysmon.log:9860:<Event xmlns='http://schemas.microsoft.com/win/2004/08/events/event'><System><Provider Name='Microsoft-Windows-Sysmon' Guid='{5770385F-C22A-43E0-BF4C-06F5698FFBD9}'/><EventID>7</EventID><Version>3</Version><Level>4</Level><Task>7</Task><Opcode>0</Opcode><Keywords>0x8000000000000000</Keywords><TimeCreated SystemTime='2023-01-11T14:21:24.436299900Z'/><EventRecordID>108323</EventRecordID><Correlation/><Execution ProcessID='2728' ThreadID='2216'/><Channel>Microsoft-Windows-Sysmon/Operational</Channel><Computer>win-dc-ctus-attack-range-661.attackrange.local</Computer><Security UserID='S-1-5-18'/></System><EventData><Data Name='RuleName'>-</Data><Data Name='UtcTime'>2023-01-11 14:21:24.419</Data><Data Name='ProcessGuid'>{7DAC9CB3-C5E4-63BE-DC01-00000000A702}</Data><Data Name='ProcessId'>4932</Data><Data Name='Image'>C:\Windows\System32\vssadmin.exe</Data><Data Name='ImageLoaded'>C:\Windows\System32\user32.dll</Data><Data Name='FileVersion'>10.0.14393.4169 (rs1_release.210107-1130)</Data><Data Name='Description'>Multi-User Windows USER API Client DLL</Data><Data Name='Product'>Microsoft® Windows® Operating System</Data><Data Name='Company'>Microsoft Corporation</Data><Data Name='OriginalFileName'>user32</Data><Data Name='Hashes'>MD5=883B59C5557E8A9B3C1E1ED1CA48CD5A,SHA256=271800C20A96587265BF83DE2EFC11329EEB2B6C0D57E5E0BCD137FB96BFE6E3,IMPHASH=070F257E4632BC576557C4085595EAA4</Data><Data Name='Signed'>true</Data><Data Name='Signature'>Microsoft Windows</Data><Data Name='SignatureStatus'>Valid</Data></EventData></Event>
/home/kali/director/projects/_corpora/attack_data/datasets/malware/chaos_ransomware/sysmon.log:9862:<Event xmlns='http://schemas.microsoft.com/win/2004/08/events/event'><System><Provider Name='Microsoft-Windows-Sysmon' Guid='{5770385F-C22A-43E0-BF4C-06F5698FFBD9}'/><EventID>7</EventID><Version>3</Version><Level>4</Level><Task>7</Task><Opcode>0</Opcode><Keywords>0x8000000000000000</Keywords><TimeCreated SystemTime='2023-01-11T14:21:24.435837400Z'/><EventRecordID>108321</EventRecordID><Correlation/><Execution ProcessID='2728' ThreadID='2216'/><Channel>Microsoft-Windows-Sysmon/Operational</Channel><Computer>win-dc-ctus-attack-range-661.attackrange.local</Computer><Security UserID='S-1-5-18'/></System><EventData><Data Name='RuleName'>-</Data><Data Name='UtcTime'>2023-01-11 14:21:24.419</Data><Data Name='ProcessGuid'>{7DAC9CB3-C5E4-63BE-DC01-00000000A702}</Data><Data Name='ProcessId'>4932</Data><Data Name='Image'>C:\Windows\System32\vssadmin.exe</Data><Data Name='ImageLoaded'>C:\Windows\System32\oleaut32.dll</Data><Data Name='FileVersion'>10.0.14393.4402 (rs1_release.210426-1725)</Data><Data Name='Description'>OLEAUT32.DLL</Data><Data Name='Product'>Microsoft® Windows® Operating System</Data><Data Name='Company'>Microsoft Corporation</Data><Data Name='OriginalFileName'>OLEAUT32.DLL</Data><Data Name='Hashes'>MD5=57B07BF89C63FA60A810FEDE496126CA,SHA256=080632F80FA2A387E5A55C670FFE07C927D553FDDA26F7F8B4156C0C6B20E75E,IMPHASH=8987D71C85BB2C13D3D90194331F962F</Data><Data Name='Signed'>true</Data><Data Name='Signature'>Microsoft Windows</Data><Data Name='SignatureStatus'>Valid</Data></EventData></Event>
/home/kali/director/projects/_corpora/attack_data/datasets/malware/chaos_ransomware/sysmon.log:9863:<Event xmlns='http://schemas.microsoft.com/win/2004/08/events/event'><System><Provider Name='Microsoft-Windows-Sysmon' Guid='{5770385F-C22A-43E0-BF4C-06F5698FFBD9}'/><EventID>7</EventID><Version>3</Version><Level>4</Level><Task>7</Task><Opcode>0</Opcode><Keywords>0x8000000000000000</Keywords><TimeCreated SystemTime='2023-01-11T14:21:24.435244300Z'/><EventRecordID>108320</EventRecordID><Correlation/><Execution ProcessID='2728' ThreadID='2216'/><Channel>Microsoft-Windows-Sysmon/Operational</Channel><Computer>win-dc-ctus-attack-range-661.attackrange.local</Computer><Security UserID='S-1-5-18'/></System><EventData><Data Name='RuleName'>-</Data><Data Name='UtcTime'>2023-01-11 14:21:24.419</Data><Data Name='ProcessGuid'>{7DAC9CB3-C5E4-63BE-DC01-00000000A702}</Data><Data Name='ProcessId'>4932</Data><Data Name='Image'>C:\Windows\System32\vssadmin.exe</Data><Data Name='ImageLoaded'>C:\Windows\System32\bcryptprimitives.dll</Data><Data Name='FileVersion'>10.0.14393.4770 (rs1_release.211101-1440)</Data><Data Name='Description'>Windows Cryptographic Primitives Library</Data><Data Name='Product'>Microsoft® Windows® Operating System</Data><Data Name='Company'>Microsoft Corporation</Data><Data Name='OriginalFileName'>bcryptprimitives.dll</Data><Data Name='Hashes'>MD5=54417B63FB3760BC6DBC5DB1BDA4C272,SHA256=B7A8B457B252AB949C067D5FCFEFB2AE98E9115B958D2A0FC120D7B13B3E9FAD,IMPHASH=BA5C37A1CF8C2730ED1F4DA1587496A5</Data><Data Name='Signed'>true</Data><Data Name='Signature'>Microsoft Windows</Data><Data Name='SignatureStatus'>Valid</Data></EventData></Event>
/home/kali/director/projects/_corpora/attack_data/datasets/malware/chaos_ransomware/sysmon.log:9864:<Event xmlns='http://schemas.microsoft.com/win/2004/08/events/event'><System><Provider Name='Microsoft-Windows-Sysmon' Guid='{5770385F-C22A-43E0-BF4C-06F5698FFBD9}'/><EventID>7</EventID><Version>3</Version><Level>4</Level><Task>7</Task><Opcode>0</Opcode><Keywords>0x8000000000000000</Keywords><TimeCreated SystemTime='2023-01-11T14:21:24.434958800Z'/><EventRecordID>108319</EventRecordID><Correlation/><Execution ProcessID='2728' ThreadID='2216'/><Channel>Microsoft-Windows-Sysmon/Operational</Channel><Computer>win-dc-ctus-attack-range-661.attackrange.local</Computer><Security UserID='S-1-5-18'/></System><EventData><Data Name='RuleName'>-</Data><Data Name='UtcTime'>2023-01-11 14:21:24.419</Data><Data Name='ProcessGuid'>{7DAC9CB3-C5E4-63BE-DC01-00000000A702}</Data><Data Name='ProcessId'>4932</Data><Data Name='Image'>C:\Windows\System32\vssadmin.exe</Data><Data Name='ImageLoaded'>C:\Windows\System32\ucrtbase.dll</Data><Data Name='FileVersion'>10.0.14393.3659 (rs1_release_1.200410-1813)</Data><Data Name='Description'>Microsoft® C Runtime Library</Data><Data Name='Product'>Microsoft® Windows® Operating System</Data><Data Name='Company'>Microsoft Corporation</Data><Data Name='OriginalFileName'>ucrtbase.dll</Data><Data Name='Hashes'>MD5=9804D130E8E7178738C2B9808091B427,SHA256=6053B7CC85846F15094475116A8C57BA89FE99FDD1978C54E8A7E2114E318FE3,IMPHASH=57ABD1FDE351971A01E912069E11B44C</Data><Data Name='Signed'>true</Data><Data Name='Signature'>Microsoft Windows</Data><Data Name='SignatureStatus'>Valid</Data></EventData></Event>
/home/kali/director/projects/_corpora/attack_data/datasets/malware/chaos_ransomware/sysmon.log:9865:<Event xmlns='http://schemas.microsoft.com/win/2004/08/events/event'><System><Provider Name='Microsoft-Windows-Sysmon' Guid='{5770385F-C22A-43E0-BF4C-06F5698FFBD9}'/><EventID>7</EventID><Version>3</Version><Level>4</Level><Task>7</Task><Opcode>0</Opcode><Keywords>0x8000000000000000</Keywords><TimeCreated SystemTime='2023-01-11T14:21:24.433034100Z'/><EventRecordID>108318</EventRecordID><Correlation/><Execution ProcessID='2728' ThreadID='2196'/><Channel>Microsoft-Windows-Sysmon/Operational</Channel><Computer>win-dc-ctus-attack-range-661.attackrange.local</Computer><Security UserID='S-1-5-18'/></System><EventData><Data Name='RuleName'>-</Data><Data Name='UtcTime'>2023-01-11 14:21:24.406</Data><Data Name='ProcessGuid'>{7DAC9CB3-C5E4-63BE-DC01-00000000A702}</Data><Data Name='ProcessId'>4932</Data><Data Name='Image'>C:\Windows\System32\vssadmin.exe</Data><Data Name='ImageLoaded'>C:\Windows\System32\vssadmin.exe</Data><Data Name='FileVersion'>10.0.14393.0 (rs1_release.160715-1616)</Data><Data Name='Description'>Command Line Interface for Microsoft® Volume Shadow Copy Service </Data><Data Name='Product'>Microsoft® Windows® Operating System</Data><Data Name='Company'>Microsoft Corporation</Data><Data Name='OriginalFileName'>VSSADMIN.EXE</Data><Data Name='Hashes'>MD5=2964D232005BD840B38F9DB4F95DC7DB,SHA256=4FE71EB779B57354E5600DC31E3DC1875ADC8A06663654AEC83F11109751E8FC,IMPHASH=974DD2AFBD6D9BAE89608D1B181CCCF8</Data><Data Name='Signed'>true</Data><Data Name='Signature'>Microsoft Windows</Data><Data Name='SignatureStatus'>Valid</Data></EventData></Event>
/home/kali/director/projects/_corpora/attack_data/datasets/malware/chaos_ransomware/sysmon.log:9866:<Event xmlns='http://schemas.microsoft.com/win/2004/08/events/event'><System><Provider Name='Microsoft-Windows-Sysmon' Guid='{5770385F-C22A-43E0-BF4C-06F5698FFBD9}'/><EventID>7</EventID><Version>3</Version><Level>4</Level><Task>7</Task><Opcode>0</Opcode><Keywords>0x8000000000000000</Keywords><TimeCreated SystemTime='2023-01-11T14:21:24.429225600Z'/><EventRecordID>108317</EventRecordID><Correlation/><Execution ProcessID='2728' ThreadID='2216'/><Channel>Microsoft-Windows-Sysmon/Operational</Channel><Computer>win-dc-ctus-attack-range-661.attackrange.local</Computer><Security UserID='S-1-5-18'/></System><EventData><Data Name='RuleName'>-</Data><Data Name='UtcTime'>2023-01-11 14:21:24.419</Data><Data Name='ProcessGuid'>{7DAC9CB3-C5E4-63BE-DC01-00000000A702}</Data><Data Name='ProcessId'>4932</Data><Data Name='Image'>C:\Windows\System32\vssadmin.exe</Data><Data Name='ImageLoaded'>C:\Windows\System32\combase.dll</Data><Data Name='FileVersion'>10.0.14393.5582 (rs1_release.221130-1719)</Data><Data Name='Description'>Microsoft COM for Windows</Data><Data Name='Product'>Microsoft® Windows® Operating System</Data><Data Name='Company'>Microsoft Corporation</Data><Data Name='OriginalFileName'>COMBASE.DLL</Data><Data Name='Hashes'>MD5=FAF564ECD596B79546E35001D6199B72,SHA256=9ECB24E3D3F1FBF990DE6EFAB5EFB0617415905A4316F3C2269DC5503FDAEC3E,IMPHASH=0863DD72CA0C3702DB7ACD19A4D5DEB1</Data><Data Name='Signed'>true</Data><Data Name='Signature'>Microsoft Windows</Data><Data Name='SignatureStatus'>Valid</Data></EventData></Event>
/home/kali/director/projects/_corpora/attack_data/datasets/malware/chaos_ransomware/sysmon.log:9867:<Event xmlns='http://schemas.microsoft.com/win/2004/08/events/event'><System><Provider Name='Microsoft-Windows-Sysmon' Guid='{5770385F-C22A-43E0-BF4C-06F5698FFBD9}'/><EventID>7</EventID><Version>3</Version><Level>4</Level><Task>7</Task><Opcode>0</Opcode><Keywords>0x8000000000000000</Keywords><TimeCreated SystemTime='2023-01-11T14:21:24.428944200Z'/><EventRecordID>108316</EventRecordID><Correlation/><Execution ProcessID='2728' ThreadID='2216'/><Channel>Microsoft-Windows-Sysmon/Operational</Channel><Computer>win-dc-ctus-attack-range-661.attackrange.local</Computer><Security UserID='S-1-5-18'/></System><EventData><Data Name='RuleName'>-</Data><Data Name='UtcTime'>2023-01-11 14:21:24.419</Data><Data Name='ProcessGuid'>{7DAC9CB3-C5E4-63BE-DC01-00000000A702}</Data><Data Name='ProcessId'>4932</Data><Data Name='Image'>C:\Windows\System32\vssadmin.exe</Data><Data Name='ImageLoaded'>C:\Windows\System32\rpcrt4.dll</Data><Data Name='FileVersion'>10.0.14393.5291 (rs1_release.220806-1444)</Data><Data Name='Description'>Remote Procedure Call Runtime</Data><Data Name='Product'>Microsoft® Windows® Operating System</Data><Data Name='Company'>Microsoft Corporation</Data><Data Name='OriginalFileName'>rpcrt4.dll</Data><Data Name='Hashes'>MD5=F8550606B41FF309D9A1DC76BB4EE875,SHA256=A1FFDD6A2EDA9E0CF047C74B00649A2EA228E3B8BDE1761C66879FA40335C2EB,IMPHASH=C4246EC3F13C64466ED4274DBAA3B132</Data><Data Name='Signed'>true</Data><Data Name='Signature'>Microsoft Windows</Data><Data Name='SignatureStatus'>Valid</Data></EventData></Event>
/home/kali/director/projects/_corpora/attack_data/datasets/malware/chaos_ransomware/sysmon.log:9868:<Event xmlns='http://schemas.microsoft.com/win/2004/08/events/event'><System><Provider Name='Microsoft-Windows-Sysmon' Guid='{5770385F-C22A-43E0-BF4C-06F5698FFBD9}'/><EventID>7</EventID><Version>3</Version><Level>4</Level><Task>7</Task><Opcode>0</Opcode><Keywords>0x8000000000000000</Keywords><TimeCreated SystemTime='2023-01-11T14:21:24.427386000Z'/><EventRecordID>108315</EventRecordID><Correlation/><Execution ProcessID='2728' ThreadID='2216'/><Channel>Microsoft-Windows-Sysmon/Operational</Channel><Computer>win-dc-ctus-attack-range-661.attackrange.local</Computer><Security UserID='S-1-5-18'/></System><EventData><Data Name='RuleName'>-</Data><Data Name='UtcTime'>2023-01-11 14:21:24.419</Data><Data Name='ProcessGuid'>{7DAC9CB3-C5E4-63BE-DC01-00000000A702}</Data><Data Name='ProcessId'>4932</Data><Data Name='Image'>C:\Windows\System32\vssadmin.exe</Data><Data Name='ImageLoaded'>C:\Windows\System32\sechost.dll</Data><Data Name='FileVersion'>10.0.14393.5006 (rs1_release.220301-1704)</Data><Data Name='Description'>Host for SCM/SDDL/LSA Lookup APIs</Data><Data Name='Product'>Microsoft® Windows® Operating System</Data><Data Name='Company'>Microsoft Corporation</Data><Data Name='OriginalFileName'>sechost.dll</Data><Data Name='Hashes'>MD5=9F0F4C38A22FC9FFB8814F77A9563680,SHA256=E9ABDA1063716301F5D06DBC94D6A35B3F53A14B946525E5F764485132DB6166,IMPHASH=D6E06125849E8565A50F366A0149FB40</Data><Data Name='Signed'>true</Data><Data Name='Signature'>Microsoft Windows</Data><Data Name='SignatureStatus'>Valid</Data></EventData></Event>
/home/kali/director/projects/_corpora/attack_data/datasets/malware/chaos_ransomware/sysmon.log:9869:<Event xmlns='http://schemas.microsoft.com/win/2004/08/events/event'><System><Provider Name='Microsoft-Windows-Sysmon' Guid='{5770385F-C22A-43E0-BF4C-06F5698FFBD9}'/><EventID>7</EventID><Version>3</Version><Level>4</Level><Task>7</Task><Opcode>0</Opcode><Keywords>0x8000000000000000</Keywords><TimeCreated SystemTime='2023-01-11T14:21:24.427135300Z'/><EventRecordID>108314</EventRecordID><Correlation/><Execution ProcessID='2728' ThreadID='2216'/><Channel>Microsoft-Windows-Sysmon/Operational</Channel><Computer>win-dc-ctus-attack-range-661.attackrange.local</Computer><Security UserID='S-1-5-18'/></System><EventData><Data Name='RuleName'>-</Data><Data Name='UtcTime'>2023-01-11 14:21:24.419</Data><Data Name='ProcessGuid'>{7DAC9CB3-C5E4-63BE-DC01-00000000A702}</Data><Data Name='ProcessId'>4932</Data><Data Name='Image'>C:\Windows\System32\vssadmin.exe</Data><Data Name='ImageLoaded'>C:\Windows\System32\msvcrt.dll</Data><Data Name='FileVersion'>7.0.14393.2457 (rs1_release_inmarket.180822-1743)</Data><Data Name='Description'>Windows NT CRT DLL</Data><Data Name='Product'>Microsoft® Windows® Operating System</Data><Data Name='Company'>Microsoft Corporation</Data><Data Name='OriginalFileName'>msvcrt.dll</Data><Data Name='Hashes'>MD5=0AF8989DD67A135B536CF948E3EFB7EB,SHA256=C693DA0EF4DCF3BC244661B9FD280FE12C3053FDD7B977712C0CF210831B2EF4,IMPHASH=07D6F84E3C8FD0D2C32F9398A0369BAF</Data><Data Name='Signed'>true</Data><Data Name='Signature'>Microsoft Windows</Data><Data Name='SignatureStatus'>Valid</Data></EventData></Event>
/home/kali/director/projects/_corpora/attack_data/datasets/malware/chaos_ransomware/sysmon.log:9870:<Event xmlns='http://schemas.microsoft.com/win/2004/08/events/event'><System><Provider Name='Microsoft-Windows-Sysmon' Guid='{5770385F-C22A-43E0-BF4C-06F5698FFBD9}'/><EventID>7</EventID><Version>3</Version><Level>4</Level><Task>7</Task><Opcode>0</Opcode><Keywords>0x8000000000000000</Keywords><TimeCreated SystemTime='2023-01-11T14:21:24.425433800Z'/><EventRecordID>108313</EventRecordID><Correlation/><Execution ProcessID='2728' ThreadID='2216'/><Channel>Microsoft-Windows-Sysmon/Operational</Channel><Computer>win-dc-ctus-attack-range-661.attackrange.local</Computer><Security UserID='S-1-5-18'/></System><EventData><Data Name='RuleName'>-</Data><Data Name='UtcTime'>2023-01-11 14:21:24.419</Data><Data Name='ProcessGuid'>{7DAC9CB3-C5E4-63BE-DC01-00000000A702}</Data><Data Name='ProcessId'>4932</Data><Data Name='Image'>C:\Windows\System32\vssadmin.exe</Data><Data Name='ImageLoaded'>C:\Windows\System32\advapi32.dll</Data><Data Name='FileVersion'>10.0.14393.5427 (rs1_release.220929-2054)</Data><Data Name='Description'>Advanced Windows 32 Base API</Data><Data Name='Product'>Microsoft® Windows® Operating System</Data><Data Name='Company'>Microsoft Corporation</Data><Data Name='OriginalFileName'>advapi32.dll</Data><Data Name='Hashes'>MD5=A36D18BE95392498D736CB9CB6F1324B,SHA256=CFF43FFE98D18B665C024777928D160B2335D7A90D7DF5E77EDCA51F722DAFF1,IMPHASH=952BB451766D014E1FD706A6F953EAF0</Data><Data Name='Signed'>true</Data><Data Name='Signature'>Microsoft Windows</Data><Data Name='SignatureStatus'>Valid</Data></EventData></Event>
/home/kali/director/projects/_corpora/attack_data/datasets/malware/chaos_ransomware/sysmon.log:9871:<Event xmlns='http://schemas.microsoft.com/win/2004/08/events/event'><System><Provider Name='Microsoft-Windows-Sysmon' Guid='{5770385F-C22A-43E0-BF4C-06F5698FFBD9}'/><EventID>10</EventID><Version>3</Version><Level>4</Level><Task>10</Task><Opcode>0</Opcode><Keywords>0x8000000000000000</Keywords><TimeCreated SystemTime='2023-01-11T14:21:24.423945700Z'/><EventRecordID>108312</EventRecordID><Correlation/><Execution ProcessID='2728' ThreadID='2216'/><Channel>Microsoft-Windows-Sysmon/Operational</Channel><Computer>win-dc-ctus-attack-range-661.attackrange.local</Computer><Security UserID='S-1-5-18'/></System><EventData><Data Name='RuleName'>-</Data><Data Name='UtcTime'>2023-01-11 14:21:24.419</Data><Data Name='SourceProcessGUID'>{7DAC9CB3-C5E4-63BE-DB01-00000000A702}</Data><Data Name='SourceProcessId'>2892</Data><Data Name='SourceThreadId'>1828</Data><Data Name='SourceImage'>C:\Windows\system32\conhost.exe</Data><Data Name='TargetProcessGUID'>{7DAC9CB3-C5E4-63BE-DC01-00000000A702}</Data><Data Name='TargetProcessId'>4932</Data><Data Name='TargetImage'>C:\Windows\system32\vssadmin.exe</Data><Data Name='GrantedAccess'>0x1fffff</Data><Data Name='CallTrace'>C:\Windows\SYSTEM32\ntdll.dll+a6154|C:\Windows\SYSTEM32\ConhostV2.dll+5ca7|C:\Windows\SYSTEM32\ConhostV2.dll+774b|C:\Windows\SYSTEM32\ConhostV2.dll+a8df|C:\Windows\System32\KERNEL32.DLL+84d4|C:\Windows\SYSTEM32\ntdll.dll+51791</Data></EventData></Event>
/home/kali/director/projects/_corpora/attack_data/datasets/malware/chaos_ransomware/sysmon.log:9874:<Event xmlns='http://schemas.microsoft.com/win/2004/08/events/event'><System><Provider Name='Microsoft-Windows-Sysmon' Guid='{5770385F-C22A-43E0-BF4C-06F5698FFBD9}'/><EventID>7</EventID><Version>3</Version><Level>4</Level><Task>7</Task><Opcode>0</Opcode><Keywords>0x8000000000000000</Keywords><TimeCreated SystemTime='2023-01-11T14:21:24.422444500Z'/><EventRecordID>108309</EventRecordID><Correlation/><Execution ProcessID='2728' ThreadID='2216'/><Channel>Microsoft-Windows-Sysmon/Operational</Channel><Computer>win-dc-ctus-attack-range-661.attackrange.local</Computer><Security UserID='S-1-5-18'/></System><EventData><Data Name='RuleName'>-</Data><Data Name='UtcTime'>2023-01-11 14:21:24.406</Data><Data Name='ProcessGuid'>{7DAC9CB3-C5E4-63BE-DC01-00000000A702}</Data><Data Name='ProcessId'>4932</Data><Data Name='Image'>C:\Windows\System32\vssadmin.exe</Data><Data Name='ImageLoaded'>C:\Windows\System32\KernelBase.dll</Data><Data Name='FileVersion'>10.0.14393.5582 (rs1_release.221130-1719)</Data><Data Name='Description'>Windows NT BASE API Client DLL</Data><Data Name='Product'>Microsoft® Windows® Operating System</Data><Data Name='Company'>Microsoft Corporation</Data><Data Name='OriginalFileName'>Kernelbase.dll</Data><Data Name='Hashes'>MD5=D539D469F2D9528094498E68F7A75DDE,SHA256=F7764E62BF86CD678521B8DA0853284D79EC4CA8B208212E49307989CA462D1A,IMPHASH=F7C7E1EE1C2BB52E0AD557AF7ACC62EF</Data><Data Name='Signed'>true</Data><Data Name='Signature'>Microsoft Windows</Data><Data Name='SignatureStatus'>Valid</Data></EventData></Event>
/home/kali/director/projects/_corpora/attack_data/datasets/malware/chaos_ransomware/sysmon.log:9875:<Event xmlns='http://schemas.microsoft.com/win/2004/08/events/event'><System><Provider Name='Microsoft-Windows-Sysmon' Guid='{5770385F-C22A-43E0-BF4C-06F5698FFBD9}'/><EventID>7</EventID><Version>3</Version><Level>4</Level><Task>7</Task><Opcode>0</Opcode><Keywords>0x8000000000000000</Keywords><TimeCreated SystemTime='2023-01-11T14:21:24.422080000Z'/><EventRecordID>108308</EventRecordID><Correlation/><Execution ProcessID='2728' ThreadID='2216'/><Channel>Microsoft-Windows-Sysmon/Operational</Channel><Computer>win-dc-ctus-attack-range-661.attackrange.local</Computer><Security UserID='S-1-5-18'/></System><EventData><Data Name='RuleName'>-</Data><Data Name='UtcTime'>2023-01-11 14:21:24.406</Data><Data Name='ProcessGuid'>{7DAC9CB3-C5E4-63BE-DC01-00000000A702}</Data><Data Name='ProcessId'>4932</Data><Data Name='Image'>C:\Windows\System32\vssadmin.exe</Data><Data Name='ImageLoaded'>C:\Windows\System32\kernel32.dll</Data><Data Name='FileVersion'>10.0.14393.5582 (rs1_release.221130-1719)</Data><Data Name='Description'>Windows NT BASE API Client DLL</Data><Data Name='Product'>Microsoft® Windows® Operating System</Data><Data Name='Company'>Microsoft Corporation</Data><Data Name='OriginalFileName'>kernel32</Data><Data Name='Hashes'>MD5=6EB968F29ACAC368D1A9F36A5581E89B,SHA256=78BAE4ABDACA6E892420DB1FD76CFFECDF6022389022B53608619249D0FCA3DE,IMPHASH=B6654FD7E37D5651FBE01C62205D1233</Data><Data Name='Signed'>true</Data><Data Name='Signature'>Microsoft Windows</Data><Data Name='SignatureStatus'>Valid</Data></EventData></Event>
/home/kali/director/projects/_corpora/attack_data/datasets/malware/chaos_ransomware/sysmon.log:9876:<Event xmlns='http://schemas.microsoft.com/win/2004/08/events/event'><System><Provider Name='Microsoft-Windows-Sysmon' Guid='{5770385F-C22A-43E0-BF4C-06F5698FFBD9}'/><EventID>7</EventID><Version>3</Version><Level>4</Level><Task>7</Task><Opcode>0</Opcode><Keywords>0x8000000000000000</Keywords><TimeCreated SystemTime='2023-01-11T14:21:24.421008900Z'/><EventRecordID>108307</EventRecordID><Correlation/><Execution ProcessID='2728' ThreadID='2216'/><Channel>Microsoft-Windows-Sysmon/Operational</Channel><Computer>win-dc-ctus-attack-range-661.attackrange.local</Computer><Security UserID='S-1-5-18'/></System><EventData><Data Name='RuleName'>-</Data><Data Name='UtcTime'>2023-01-11 14:21:24.406</Data><Data Name='ProcessGuid'>{7DAC9CB3-C5E4-63BE-DC01-00000000A702}</Data><Data Name='ProcessId'>4932</Data><Data Name='Image'>C:\Windows\System32\vssadmin.exe</Data><Data Name='ImageLoaded'>C:\Windows\System32\ntdll.dll</Data><Data Name='FileVersion'>10.0.14393.5427 (rs1_release.220929-2054)</Data><Data Name='Description'>NT Layer DLL</Data><Data Name='Product'>Microsoft® Windows® Operating System</Data><Data Name='Company'>Microsoft Corporation</Data><Data Name='OriginalFileName'>ntdll.dll</Data><Data Name='Hashes'>MD5=6E3E284D0AE13742E3057662A1463299,SHA256=A2C89978022CD2CB5FC62435C955CC84DEF43B7E9A8010E998F8826DD44FB176,IMPHASH=00000000000000000000000000000000</Data><Data Name='Signed'>true</Data><Data Name='Signature'>Microsoft Windows</Data><Data Name='SignatureStatus'>Valid</Data></EventData></Event>
/home/kali/director/projects/_corpora/attack_data/datasets/malware/chaos_ransomware/sysmon.log:9879:<Event xmlns='http://schemas.microsoft.com/win/2004/08/events/event'><System><Provider Name='Microsoft-Windows-Sysmon' Guid='{5770385F-C22A-43E0-BF4C-06F5698FFBD9}'/><EventID>10</EventID><Version>3</Version><Level>4</Level><Task>10</Task><Opcode>0</Opcode><Keywords>0x8000000000000000</Keywords><TimeCreated SystemTime='2023-01-11T14:21:24.418871100Z'/><EventRecordID>108304</EventRecordID><Correlation/><Execution ProcessID='2728' ThreadID='2216'/><Channel>Microsoft-Windows-Sysmon/Operational</Channel><Computer>win-dc-ctus-attack-range-661.attackrange.local</Computer><Security UserID='S-1-5-18'/></System><EventData><Data Name='RuleName'>-</Data><Data Name='UtcTime'>2023-01-11 14:21:24.406</Data><Data Name='SourceProcessGUID'>{7DAC9CB3-BF8B-63BE-9C00-00000000A702}</Data><Data Name='SourceProcessId'>2344</Data><Data Name='SourceThreadId'>3600</Data><Data Name='SourceImage'>C:\Windows\system32\csrss.exe</Data><Data Name='TargetProcessGUID'>{7DAC9CB3-C5E4-63BE-DC01-00000000A702}</Data><Data Name='TargetProcessId'>4932</Data><Data Name='TargetImage'>C:\Windows\system32\vssadmin.exe</Data><Data Name='GrantedAccess'>0x1fffff</Data><Data Name='CallTrace'>C:\Windows\SYSTEM32\ntdll.dll+a6154|C:\Windows\system32\basesrv.DLL+2f47|C:\Windows\SYSTEM32\CSRSRV.dll+5645|C:\Windows\SYSTEM32\ntdll.dll+5179f</Data></EventData></Event>
/home/kali/director/projects/_corpora/attack_data/datasets/malware/chaos_ransomware/sysmon.log:9882:<Event xmlns='http://schemas.microsoft.com/win/2004/08/events/event'><System><Provider Name='Microsoft-Windows-Sysmon' Guid='{5770385F-C22A-43E0-BF4C-06F5698FFBD9}'/><EventID>10</EventID><Version>3</Version><Level>4</Level><Task>10</Task><Opcode>0</Opcode><Keywords>0x8000000000000000</Keywords><TimeCreated SystemTime='2023-01-11T14:21:24.417528400Z'/><EventRecordID>108301</EventRecordID><Correlation/><Execution ProcessID='2728' ThreadID='2216'/><Channel>Microsoft-Windows-Sysmon/Operational</Channel><Computer>win-dc-ctus-attack-range-661.attackrange.local</Computer><Security UserID='S-1-5-18'/></System><EventData><Data Name='RuleName'>-</Data><Data Name='UtcTime'>2023-01-11 14:21:24.406</Data><Data Name='SourceProcessGUID'>{7DAC9CB3-C5E4-63BE-DA01-00000000A702}</Data><Data Name='SourceProcessId'>940</Data><Data Name='SourceThreadId'>6032</Data><Data Name='SourceImage'>C:\Windows\System32\cmd.exe</Data><Data Name='TargetProcessGUID'>{7DAC9CB3-C5E4-63BE-DC01-00000000A702}</Data><Data Name='TargetProcessId'>4932</Data><Data Name='TargetImage'>C:\Windows\system32\vssadmin.exe</Data><Data Name='GrantedAccess'>0x1fffff</Data><Data Name='CallTrace'>C:\Windows\SYSTEM32\ntdll.dll+a7424|C:\Windows\System32\KERNELBASE.dll+24890|C:\Windows\System32\KERNELBASE.dll+22e56|C:\Windows\System32\KERNEL32.DLL+1c373|C:\Windows\System32\cmd.exe+f1e1|C:\Windows\System32\cmd.exe+11a37|C:\Windows\System32\cmd.exe+cb0d|C:\Windows\System32\cmd.exe+c295|C:\Windows\System32\cmd.exe+8564|C:\Windows\System32\cmd.exe+c347|C:\Windows\System32\cmd.exe+f916|C:\Windows\System32\cmd.exe+1510d|C:\Windows\System32\KERNEL32.DLL+84d4|C:\Windows\SYSTEM32\ntdll.dll+51791</Data></EventData></Event>
/home/kali/director/projects/_corpora/attack_data/datasets/malware/chaos_ransomware/sysmon.log:9883:<Event xmlns='http://schemas.microsoft.com/win/2004/08/events/event'><System><Provider Name='Microsoft-Windows-Sysmon' Guid='{5770385F-C22A-43E0-BF4C-06F5698FFBD9}'/><EventID>1</EventID><Version>5</Version><Level>4</Level><Task>1</Task><Opcode>0</Opcode><Keywords>0x8000000000000000</Keywords><TimeCreated SystemTime='2023-01-11T14:21:24.417381400Z'/><EventRecordID>108300</EventRecordID><Correlation/><Execution ProcessID='2728' ThreadID='2216'/><Channel>Microsoft-Windows-Sysmon/Operational</Channel><Computer>win-dc-ctus-attack-range-661.attackrange.local</Computer><Security UserID='S-1-5-18'/></System><EventData><Data Name='RuleName'>-</Data><Data Name='UtcTime'>2023-01-11 14:21:24.401</Data><Data Name='ProcessGuid'>{7DAC9CB3-C5E4-63BE-DC01-00000000A702}</Data><Data Name='ProcessId'>4932</Data><Data Name='Image'>C:\Windows\System32\vssadmin.exe</Data><Data Name='FileVersion'>10.0.14393.0 (rs1_release.160715-1616)</Data><Data Name='Description'>Command Line Interface for Microsoft® Volume Shadow Copy Service </Data><Data Name='Product'>Microsoft® Windows® Operating System</Data><Data Name='Company'>Microsoft Corporation</Data><Data Name='OriginalFileName'>VSSADMIN.EXE</Data><Data Name='CommandLine'>vssadmin  delete shadows /all /quiet </Data><Data Name='CurrentDirectory'>C:\Users\Administrator\AppData\Roaming\</Data><Data Name='User'>ATTACKRANGE\Administrator</Data><Data Name='LogonGuid'>{7DAC9CB3-BF8D-63BE-B996-0B0000000000}</Data><Data Name='LogonId'>0xb96b9</Data><Data Name='TerminalSessionId'>2</Data><Data Name='IntegrityLevel'>High</Data><Data Name='Hashes'>MD5=2964D232005BD840B38F9DB4F95DC7DB,SHA256=4FE71EB779B57354E5600DC31E3DC1875ADC8A06663654AEC83F11109751E8FC,IMPHASH=974DD2AFBD6D9BAE89608D1B181CCCF8</Data><Data Name='ParentProcessGuid'>{7DAC9CB3-C5E4-63BE-DA01-00000000A702}</Data><Data Name='ParentProcessId'>940</Data><Data Name='ParentImage'>C:\Windows\System32\cmd.exe</Data><Data Name='ParentCommandLine'>"C:\Windows\System32\cmd.exe" /C vssadmin delete shadows /all /quiet &amp; wmic shadowcopy delete</Data></EventData></Event>
/home/kali/director/projects/_corpora/attack_data/datasets/malware/chaos_ransomware/sysmon.log:9884:<Event xmlns='http://schemas.microsoft.com/win/2004/08/events/event'><System><Provider Name='Microsoft-Windows-Sysmon' Guid='{5770385F-C22A-43E0-BF4C-06F5698FFBD9}'/><EventID>10</EventID><Version>3</Version><Level>4</Level><Task>10</Task><Opcode>0</Opcode><Keywords>0x8000000000000000</Keywords><TimeCreated SystemTime='2023-01-11T14:21:24.404174100Z'/><EventRecordID>108299</EventRecordID><Correlation/><Execution ProcessID='2728' ThreadID='2216'/><Channel>Microsoft-Windows-Sysmon/Operational</Channel><Computer>win-dc-ctus-attack-range-661.attackrange.local</Computer><Security UserID='S-1-5-18'/></System><EventData><Data Name='RuleName'>-</Data><Data Name='UtcTime'>2023-01-11 14:21:24.391</Data><Data Name='SourceProcessGUID'>{7DAC9CB3-BE89-63BE-1000-00000000A702}</Data><Data Name='SourceProcessId'>100</Data><Data Name='SourceThreadId'>5260</Data><Data Name='SourceImage'>C:\Windows\System32\svchost.exe</Data><Data Name='TargetProcessGUID'>{7DAC9CB3-C5E4-63BE-DC01-00000000A702}</Data><Data Name='TargetProcessId'>4932</Data><Data Name='TargetImage'>C:\Windows\system32\vssadmin.exe</Data><Data Name='GrantedAccess'>0x1fffff</Data><Data Name='CallTrace'>C:\Windows\SYSTEM32\ntdll.dll+a6154|C:\Windows\System32\KERNELBASE.dll+2c44d|c:\windows\system32\pcasvc.dll+ac96|c:\windows\system32\pcasvc.dll+aaf6|c:\windows\system32\pcasvc.dll+aab8|C:\Windows\System32\KERNEL32.DLL+84d4|C:\Windows\SYSTEM32\ntdll.dll+51791</Data></EventData></Event>
/home/kali/director/projects/_corpora/attack_data/datasets/malware/chaos_ransomware/sysmon.log:9986:<Event xmlns='http://schemas.microsoft.com/win/2004/08/events/event'><System><Provider Name='Microsoft-Windows-Sysmon' Guid='{5770385F-C22A-43E0-BF4C-06F5698FFBD9}'/><EventID>1</EventID><Version>5</Version><Level>4</Level><Task>1</Task><Opcode>0</Opcode><Keywords>0x8000000000000000</Keywords><TimeCreated SystemTime='2023-01-11T14:21:24.322423500Z'/><EventRecordID>108197</EventRecordID><Correlation/><Execution ProcessID='2728' ThreadID='2216'/><Channel>Microsoft-Windows-Sysmon/Operational</Channel><Computer>win-dc-ctus-attack-range-661.attackrange.local</Computer><Security UserID='S-1-5-18'/></System><EventData><Data Name='RuleName'>-</Data><Data Name='UtcTime'>2023-01-11 14:21:24.320</Data><Data Name='ProcessGuid'>{7DAC9CB3-C5E4-63BE-DA01-00000000A702}</Data><Data Name='ProcessId'>940</Data><Data Name='Image'>C:\Windows\System32\cmd.exe</Data><Data Name='FileVersion'>10.0.14393.0 (rs1_release.160715-1616)</Data><Data Name='Description'>Windows Command Processor</Data><Data Name='Product'>Microsoft® Windows® Operating System</Data><Data Name='Company'>Microsoft Corporation</Data><Data Name='OriginalFileName'>Cmd.Exe</Data><Data Name='CommandLine'>"C:\Windows\System32\cmd.exe" /C vssadmin delete shadows /all /quiet &amp; wmic shadowcopy delete</Data><Data Name='CurrentDirectory'>C:\Users\Administrator\AppData\Roaming\</Data><Data Name='User'>ATTACKRANGE\Administrator</Data><Data Name='LogonGuid'>{7DAC9CB3-BF8D-63BE-B996-0B0000000000}</Data><Data Name='LogonId'>0xb96b9</Data><Data Name='TerminalSessionId'>2</Data><Data Name='IntegrityLevel'>High</Data><Data Name='Hashes'>MD5=F4F684066175B77E0C3A000549D2922C,SHA256=935C1861DF1F4018D698E8B65ABFA02D7E9037D8F68CA3C2065B6CA165D44AD2,IMPHASH=3062ED732D4B25D1C64F084DAC97D37A</Data><Data Name='ParentProcessGuid'>{7DAC9CB3-C5DC-63BE-D801-00000000A702}</Data><Data Name='ParentProcessId'>5300</Data><Data Name='ParentImage'>C:\Users\Administrator\AppData\Roaming\svchosts.exe</Data><Data Name='ParentCommandLine'>"C:\Users\Administrator\AppData\Roaming\svchosts.exe" </Data></EventData></Event>
/home/kali/director/projects/_corpora/attack_data/datasets/malware/chaos_ransomware/spread_in_root_drives/sysmon.log:6768:<Event xmlns='http://schemas.microsoft.com/win/2004/08/events/event'><System><Provider Name='Microsoft-Windows-Sysmon' Guid='{5770385F-C22A-43E0-BF4C-06F5698FFBD9}'/><EventID>1</EventID><Version>5</Version><Level>4</Level><Task>1</Task><Opcode>0</Opcode><Keywords>0x8000000000000000</Keywords><TimeCreated SystemTime='2023-01-17T10:32:02.731794200Z'/><EventRecordID>85805</EventRecordID><Correlation/><Execution ProcessID='2608' ThreadID='2100'/><Channel>Microsoft-Windows-Sysmon/Operational</Channel><Computer>win-dc-ctus-attack-range-141.attackrange.local</Computer><Security UserID='S-1-5-18'/></System><EventData><Data Name='RuleName'>-</Data><Data Name='UtcTime'>2023-01-17 10:32:02.714</Data><Data Name='ProcessGuid'>{F172AD64-7922-63C6-5F02-00000000B002}</Data><Data Name='ProcessId'>2104</Data><Data Name='Image'>C:\Windows\System32\mmc.exe</Data><Data Name='FileVersion'>10.0.14393.4169 (rs1_release.210107-1130)</Data><Data Name='Description'>Microsoft Management Console</Data><Data Name='Product'>Microsoft® Windows® Operating System</Data><Data Name='Company'>Microsoft Corporation</Data><Data Name='OriginalFileName'>mmc.exe</Data><Data Name='CommandLine'>"C:\Windows\system32\mmc.exe" "C:\Windows\system32\wbadmin.msc"  delete catalog -quiet</Data><Data Name='CurrentDirectory'>C:\Users\Administrator\AppData\Roaming\</Data><Data Name='User'>ATTACKRANGE\Administrator</Data><Data Name='LogonGuid'>{F172AD64-7633-63C6-0CDF-160000000000}</Data><Data Name='LogonId'>0x16df0c</Data><Data Name='TerminalSessionId'>2</Data><Data Name='IntegrityLevel'>High</Data><Data Name='Hashes'>MD5=495BFF5AE1B52661212BB65F1CFDA718,SHA256=A08EC9D2F811726BDCD71F7C5B40CDB543D092C11811A45180E569FE3F62124D,IMPHASH=ED5A55DAB5A02F29D6EE7E0015F91A9F</Data><Data Name='ParentProcessGuid'>{F172AD64-7922-63C6-5D02-00000000B002}</Data><Data Name='ParentProcessId'>6460</Data><Data Name='ParentImage'>C:\Windows\System32\cmd.exe</Data><Data Name='ParentCommandLine'>"C:\Windows\System32\cmd.exe" /C wbadmin delete catalog -quiet</Data></EventData></Event>
/home/kali/director/projects/_corpora/attack_data/datasets/malware/chaos_ransomware/spread_in_root_drives/sysmon.log:6869:<Event xmlns='http://schemas.microsoft.com/win/2004/08/events/event'><System><Provider Name='Microsoft-Windows-Sysmon' Guid='{5770385F-C22A-43E0-BF4C-06F5698FFBD9}'/><EventID>1</EventID><Version>5</Version><Level>4</Level><Task>1</Task><Opcode>0</Opcode><Keywords>0x8000000000000000</Keywords><TimeCreated SystemTime='2023-01-17T10:32:02.649066200Z'/><EventRecordID>85708</EventRecordID><Correlation/><Execution ProcessID='2608' ThreadID='2100'/><Channel>Microsoft-Windows-Sysmon/Operational</Channel><Computer>win-dc-ctus-attack-range-141.attackrange.local</Computer><Security UserID='S-1-5-18'/></System><EventData><Data Name='RuleName'>-</Data><Data Name='UtcTime'>2023-01-17 10:32:02.647</Data><Data Name='ProcessGuid'>{F172AD64-7922-63C6-5D02-00000000B002}</Data><Data Name='ProcessId'>6460</Data><Data Name='Image'>C:\Windows\System32\cmd.exe</Data><Data Name='FileVersion'>10.0.14393.0 (rs1_release.160715-1616)</Data><Data Name='Description'>Windows Command Processor</Data><Data Name='Product'>Microsoft® Windows® Operating System</Data><Data Name='Company'>Microsoft Corporation</Data><Data Name='OriginalFileName'>Cmd.Exe</Data><Data Name='CommandLine'>"C:\Windows\System32\cmd.exe" /C wbadmin delete catalog -quiet</Data><Data Name='CurrentDirectory'>C:\Users\Administrator\AppData\Roaming\</Data><Data Name='User'>ATTACKRANGE\Administrator</Data><Data Name='LogonGuid'>{F172AD64-7633-63C6-0CDF-160000000000}</Data><Data Name='LogonId'>0x16df0c</Data><Data Name='TerminalSessionId'>2</Data><Data Name='IntegrityLevel'>High</Data><Data Name='Hashes'>MD5=F4F684066175B77E0C3A000549D2922C,SHA256=935C1861DF1F4018D698E8B65ABFA02D7E9037D8F68CA3C2065B6CA165D44AD2,IMPHASH=3062ED732D4B25D1C64F084DAC97D37A</Data><Data Name='ParentProcessGuid'>{F172AD64-791E-63C6-5102-00000000B002}</Data><Data Name='ParentProcessId'>4848</Data><Data Name='ParentImage'>C:\Users\Administrator\AppData\Roaming\svchost.exe</Data><Data Name='ParentCommandLine'>"C:\Users\Administrator\AppData\Roaming\svchost.exe" </Data></EventData></Event>
/home/kali/director/projects/_corpora/attack_data/datasets/malware/chaos_ransomware/spread_in_root_drives/sysmon.log:23826:<Event xmlns='http://schemas.microsoft.com/win/2004/08/events/event'><System><Provider Name='Microsoft-Windows-Sysmon' Guid='{5770385F-C22A-43E0-BF4C-06F5698FFBD9}'/><EventID>1</EventID><Version>5</Version><Level>4</Level><Task>1</Task><Opcode>0</Opcode><Keywords>0x8000000000000000</Keywords><TimeCreated SystemTime='2023-01-17T10:36:33.791332000Z'/><EventRecordID>101368</EventRecordID><Correlation/><Execution ProcessID='2608' ThreadID='2100'/><Channel>Microsoft-Windows-Sysmon/Operational</Channel><Computer>win-dc-ctus-attack-range-141.attackrange.local</Computer><Security UserID='S-1-5-18'/></System><EventData><Data Name='RuleName'>-</Data><Data Name='UtcTime'>2023-01-17 10:36:33.765</Data><Data Name='ProcessGuid'>{F172AD64-7A31-63C6-C602-00000000B002}</Data><Data Name='ProcessId'>5892</Data><Data Name='Image'>C:\Windows\System32\mmc.exe</Data><Data Name='FileVersion'>10.0.14393.4169 (rs1_release.210107-1130)</Data><Data Name='Description'>Microsoft Management Console</Data><Data Name='Product'>Microsoft® Windows® Operating System</Data><Data Name='Company'>Microsoft Corporation</Data><Data Name='OriginalFileName'>mmc.exe</Data><Data Name='CommandLine'>"C:\Windows\system32\mmc.exe" "C:\Windows\system32\wbadmin.msc"  delete catalog -quiet</Data><Data Name='CurrentDirectory'>C:\Users\Administrator\AppData\Roaming\</Data><Data Name='User'>ATTACKRANGE\Administrator</Data><Data Name='LogonGuid'>{F172AD64-7633-63C6-0CDF-160000000000}</Data><Data Name='LogonId'>0x16df0c</Data><Data Name='TerminalSessionId'>2</Data><Data Name='IntegrityLevel'>High</Data><Data Name='Hashes'>MD5=495BFF5AE1B52661212BB65F1CFDA718,SHA256=A08EC9D2F811726BDCD71F7C5B40CDB543D092C11811A45180E569FE3F62124D,IMPHASH=ED5A55DAB5A02F29D6EE7E0015F91A9F</Data><Data Name='ParentProcessGuid'>{F172AD64-7A31-63C6-C402-00000000B002}</Data><Data Name='ParentProcessId'>5312</Data><Data Name='ParentImage'>C:\Windows\System32\cmd.exe</Data><Data Name='ParentCommandLine'>"C:\Windows\System32\cmd.exe" /C wbadmin delete catalog -quiet</Data></EventData></Event>
