# family=chaos_ransomware technique=T1486 (Data Encrypted for Impact)
# patterns (each run as its own 'grep -inE', matches unioned): ['TargetFilename.*readme', 'TargetFilename.*ransom', 'TargetFilename.*decrypt', 'TargetFilename.*\\.locked', 'TargetFilename.*\\.lockbit']
# files searched: ['/home/kali/director/projects/_corpora/attack_data/datasets/malware/chaos_ransomware/spread_in_root_drives/sysmon.log', '/home/kali/director/projects/_corpora/attack_data/datasets/malware/chaos_ransomware/sysmon.log']
# matched lines (after noise exclusion): 4
# lines dropped by NOISE_EXCLUDE_PATTERN (Aurora-Agent|sigma-rules|\.yml\.tmp): 0
#
/home/kali/director/projects/_corpora/attack_data/datasets/malware/chaos_ransomware/spread_in_root_drives/sysmon.log:5061:<Event xmlns='http://schemas.microsoft.com/win/2004/08/events/event'><System><Provider Name='Microsoft-Windows-Sysmon' Guid='{5770385F-C22A-43E0-BF4C-06F5698FFBD9}'/><EventID>11</EventID><Version>2</Version><Level>4</Level><Task>11</Task><Opcode>0</Opcode><Keywords>0x8000000000000000</Keywords><TimeCreated SystemTime='2023-01-17T10:30:51.271020100Z'/><EventRecordID>84079</EventRecordID><Correlation/><Execution ProcessID='2608' ThreadID='2100'/><Channel>Microsoft-Windows-Sysmon/Operational</Channel><Computer>win-dc-ctus-attack-range-141.attackrange.local</Computer><Security UserID='S-1-5-18'/></System><EventData><Data Name='RuleName'>-</Data><Data Name='UtcTime'>2023-01-17 10:30:51.270</Data><Data Name='ProcessGuid'>{F172AD64-78D8-63C6-4802-00000000B002}</Data><Data Name='ProcessId'>6400</Data><Data Name='Image'>C:\Program Files\7-Zip\7zG.exe</Data><Data Name='TargetFilename'>C:\Temp\Downloads\README.md</Data><Data Name='CreationUtcTime'>2023-01-17 10:30:51.270</Data></EventData></Event>
/home/kali/director/projects/_corpora/attack_data/datasets/malware/chaos_ransomware/spread_in_root_drives/sysmon.log:5922:<Event xmlns='http://schemas.microsoft.com/win/2004/08/events/event'><System><Provider Name='Microsoft-Windows-Sysmon' Guid='{5770385F-C22A-43E0-BF4C-06F5698FFBD9}'/><EventID>23</EventID><Version>5</Version><Level>4</Level><Task>23</Task><Opcode>0</Opcode><Keywords>0x8000000000000000</Keywords><TimeCreated SystemTime='2023-01-17T10:31:30.251779900Z'/><EventRecordID>84702</EventRecordID><Correlation/><Execution ProcessID='2608' ThreadID='2100'/><Channel>Microsoft-Windows-Sysmon/Operational</Channel><Computer>win-dc-ctus-attack-range-141.attackrange.local</Computer><Security UserID='S-1-5-18'/></System><EventData><Data Name='RuleName'>-</Data><Data Name='UtcTime'>2023-01-17 10:31:30.242</Data><Data Name='ProcessGuid'>{F172AD64-7634-63C6-B901-00000000B002}</Data><Data Name='ProcessId'>4900</Data><Data Name='User'>ATTACKRANGE\Administrator</Data><Data Name='Image'>C:\Windows\Explorer.EXE</Data><Data Name='TargetFilename'>C:\Temp\Downloads\README.md</Data><Data Name='Hashes'>MD5=8EE661573CCEA2898CB9B7612428D687,SHA256=201C73CF552851913DF1EFDF517F39B8FAB28F01649B2626E7E6DF7A72FA7E59,IMPHASH=00000000000000000000000000000000</Data><Data Name='IsExecutable'>false</Data><Data Name='Archived'>true</Data></EventData></Event>
/home/kali/director/projects/_corpora/attack_data/datasets/malware/chaos_ransomware/spread_in_root_drives/sysmon.log:5063:<Event xmlns='http://schemas.microsoft.com/win/2004/08/events/event'><System><Provider Name='Microsoft-Windows-Sysmon' Guid='{5770385F-C22A-43E0-BF4C-06F5698FFBD9}'/><EventID>11</EventID><Version>2</Version><Level>4</Level><Task>11</Task><Opcode>0</Opcode><Keywords>0x8000000000000000</Keywords><TimeCreated SystemTime='2023-01-17T10:30:51.270182900Z'/><EventRecordID>84077</EventRecordID><Correlation/><Execution ProcessID='2608' ThreadID='2100'/><Channel>Microsoft-Windows-Sysmon/Operational</Channel><Computer>win-dc-ctus-attack-range-141.attackrange.local</Computer><Security UserID='S-1-5-18'/></System><EventData><Data Name='RuleName'>-</Data><Data Name='UtcTime'>2023-01-17 10:30:51.269</Data><Data Name='ProcessGuid'>{F172AD64-78D8-63C6-4802-00000000B002}</Data><Data Name='ProcessId'>6400</Data><Data Name='Image'>C:\Program Files\7-Zip\7zG.exe</Data><Data Name='TargetFilename'>C:\Temp\Downloads\ransom.html</Data><Data Name='CreationUtcTime'>2023-01-17 10:30:51.269</Data></EventData></Event>
/home/kali/director/projects/_corpora/attack_data/datasets/malware/chaos_ransomware/spread_in_root_drives/sysmon.log:5924:<Event xmlns='http://schemas.microsoft.com/win/2004/08/events/event'><System><Provider Name='Microsoft-Windows-Sysmon' Guid='{5770385F-C22A-43E0-BF4C-06F5698FFBD9}'/><EventID>23</EventID><Version>5</Version><Level>4</Level><Task>23</Task><Opcode>0</Opcode><Keywords>0x8000000000000000</Keywords><TimeCreated SystemTime='2023-01-17T10:31:30.243157100Z'/><EventRecordID>84700</EventRecordID><Correlation/><Execution ProcessID='2608' ThreadID='2100'/><Channel>Microsoft-Windows-Sysmon/Operational</Channel><Computer>win-dc-ctus-attack-range-141.attackrange.local</Computer><Security UserID='S-1-5-18'/></System><EventData><Data Name='RuleName'>-</Data><Data Name='UtcTime'>2023-01-17 10:31:30.242</Data><Data Name='ProcessGuid'>{F172AD64-7634-63C6-B901-00000000B002}</Data><Data Name='ProcessId'>4900</Data><Data Name='User'>ATTACKRANGE\Administrator</Data><Data Name='Image'>C:\Windows\Explorer.EXE</Data><Data Name='TargetFilename'>C:\Temp\Downloads\ransom.html</Data><Data Name='Hashes'>MD5=67912031E5751A92113F2A00AB83ECA2,SHA256=116D5D8D6580D093E103FAD8EEE4614FE1A3BE6E371F0E6EA22496CFFB4E428D,IMPHASH=00000000000000000000000000000000</Data><Data Name='IsExecutable'>false</Data><Data Name='Archived'>true</Data></EventData></Event>
