/home/kali/director/projects/_corpora/attack_data/datasets/malware/chaos_ransomware/spread_in_root_drives/sysmon.log:7154:<Event xmlns='http://schemas.microsoft.com/win/2004/08/events/event'><System><Provider Name='Microsoft-Windows-Sysmon' Guid='{5770385F-C22A-43E0-BF4C-06F5698FFBD9}'/><EventID>7</EventID><Version>3</Version><Level>4</Level><Task>7</Task><Opcode>0</Opcode><Keywords>0x8000000000000000</Keywords><TimeCreated SystemTime='2023-01-17T10:32:02.342496700Z'/><EventRecordID>85424</EventRecordID><Correlation/><Execution ProcessID='2608' ThreadID='2100'/><Channel>Microsoft-Windows-Sysmon/Operational</Channel><Computer>win-dc-ctus-attack-range-141.attackrange.local</Computer><Security UserID='S-1-5-18'/></System><EventData><Data Name='RuleName'>-</Data><Data Name='UtcTime'>2023-01-17 10:32:02.329</Data><Data Name='ProcessGuid'>{F172AD64-7922-63C6-5502-00000000B002}</Data><Data Name='ProcessId'>6376</Data><Data Name='Image'>C:\Windows\System32\vssadmin.exe</Data><Data Name='ImageLoaded'>C:\Windows\System32\ntdll.dll</Data><Data Name='FileVersion'>10.0.14393.5427 (rs1_release.220929-2054)</Data><Data Name='Description'>NT Layer DLL</Data><Data Name='Product'>Microsoft® Windows® Operating System</Data><Data Name='Company'>Microsoft Corporation</Data><Data Name='OriginalFileName'>ntdll.dll</Data><Data Name='Hashes'>MD5=6E3E284D0AE13742E3057662A1463299,SHA256=A2C89978022CD2CB5FC62435C955CC84DEF43B7E9A8010E998F8826DD44FB176,IMPHASH=00000000000000000000000000000000</Data><Data Name='Signed'>true</Data><Data Name='Signature'>Microsoft Windows</Data><Data Name='SignatureStatus'>Valid</Data></EventData></Event>
/home/kali/director/projects/_corpora/attack_data/datasets/malware/chaos_ransomware/spread_in_root_drives/sysmon.log:7158:<Event xmlns='http://schemas.microsoft.com/win/2004/08/events/event'><System><Provider Name='Microsoft-Windows-Sysmon' Guid='{5770385F-C22A-43E0-BF4C-06F5698FFBD9}'/><EventID>10</EventID><Version>3</Version><Level>4</Level><Task>10</Task><Opcode>0</Opcode><Keywords>0x8000000000000000</Keywords><TimeCreated SystemTime='2023-01-17T10:32:02.341777400Z'/><EventRecordID>85420</EventRecordID><Correlation/><Execution ProcessID='2608' ThreadID='2100'/><Channel>Microsoft-Windows-Sysmon/Operational</Channel><Computer>win-dc-ctus-attack-range-141.attackrange.local</Computer><Security UserID='S-1-5-18'/></System><EventData><Data Name='RuleName'>-</Data><Data Name='UtcTime'>2023-01-17 10:32:02.329</Data><Data Name='SourceProcessGUID'>{F172AD64-7631-63C6-A501-00000000B002}</Data><Data Name='SourceProcessId'>1960</Data><Data Name='SourceThreadId'>1468</Data><Data Name='SourceImage'>C:\Windows\system32\csrss.exe</Data><Data Name='TargetProcessGUID'>{F172AD64-7922-63C6-5502-00000000B002}</Data><Data Name='TargetProcessId'>6376</Data><Data Name='TargetImage'>C:\Windows\system32\vssadmin.exe</Data><Data Name='GrantedAccess'>0x1fffff</Data><Data Name='CallTrace'>C:\Windows\SYSTEM32\ntdll.dll+a6154|C:\Windows\system32\basesrv.DLL+2f47|C:\Windows\SYSTEM32\CSRSRV.dll+5645|C:\Windows\SYSTEM32\ntdll.dll+5179f</Data></EventData></Event>
/home/kali/director/projects/_corpora/attack_data/datasets/malware/chaos_ransomware/spread_in_root_drives/sysmon.log:7160:<Event xmlns='http://schemas.microsoft.com/win/2004/08/events/event'><System><Provider Name='Microsoft-Windows-Sysmon' Guid='{5770385F-C22A-43E0-BF4C-06F5698FFBD9}'/><EventID>10</EventID><Version>3</Version><Level>4</Level><Task>10</Task><Opcode>0</Opcode><Keywords>0x8000000000000000</Keywords><TimeCreated SystemTime='2023-01-17T10:32:02.341589800Z'/><EventRecordID>85418</EventRecordID><Correlation/><Execution ProcessID='2608' ThreadID='2100'/><Channel>Microsoft-Windows-Sysmon/Operational</Channel><Computer>win-dc-ctus-attack-range-141.attackrange.local</Computer><Security UserID='S-1-5-18'/></System><EventData><Data Name='RuleName'>-</Data><Data Name='UtcTime'>2023-01-17 10:32:02.329</Data><Data Name='SourceProcessGUID'>{F172AD64-7922-63C6-5302-00000000B002}</Data><Data Name='SourceProcessId'>6552</Data><Data Name='SourceThreadId'>6884</Data><Data Name='SourceImage'>C:\Windows\System32\cmd.exe</Data><Data Name='TargetProcessGUID'>{F172AD64-7922-63C6-5502-00000000B002}</Data><Data Name='TargetProcessId'>6376</Data><Data Name='TargetImage'>C:\Windows\system32\vssadmin.exe</Data><Data Name='GrantedAccess'>0x1fffff</Data><Data Name='CallTrace'>C:\Windows\SYSTEM32\ntdll.dll+a7424|C:\Windows\System32\KERNELBASE.dll+24890|C:\Windows\System32\KERNELBASE.dll+22e56|C:\Windows\System32\KERNEL32.DLL+1c373|C:\Windows\System32\cmd.exe+f1e1|C:\Windows\System32\cmd.exe+11a37|C:\Windows\System32\cmd.exe+cb0d|C:\Windows\System32\cmd.exe+c295|C:\Windows\System32\cmd.exe+8564|C:\Windows\System32\cmd.exe+c347|C:\Windows\System32\cmd.exe+f916|C:\Windows\System32\cmd.exe+1510d|C:\Windows\System32\KERNEL32.DLL+84d4|C:\Windows\SYSTEM32\ntdll.dll+51791</Data></EventData></Event>
/home/kali/director/projects/_corpora/attack_data/datasets/malware/chaos_ransomware/spread_in_root_drives/sysmon.log:7161:<Event xmlns='http://schemas.microsoft.com/win/2004/08/events/event'><System><Provider Name='Microsoft-Windows-Sysmon' Guid='{5770385F-C22A-43E0-BF4C-06F5698FFBD9}'/><EventID>1</EventID><Version>5</Version><Level>4</Level><Task>1</Task><Opcode>0</Opcode><Keywords>0x8000000000000000</Keywords><TimeCreated SystemTime='2023-01-17T10:32:02.341401400Z'/><EventRecordID>85417</EventRecordID><Correlation/><Execution ProcessID='2608' ThreadID='2100'/><Channel>Microsoft-Windows-Sysmon/Operational</Channel><Computer>win-dc-ctus-attack-range-141.attackrange.local</Computer><Security UserID='S-1-5-18'/></System><EventData><Data Name='RuleName'>-</Data><Data Name='UtcTime'>2023-01-17 10:32:02.335</Data><Data Name='ProcessGuid'>{F172AD64-7922-63C6-5502-00000000B002}</Data><Data Name='ProcessId'>6376</Data><Data Name='Image'>C:\Windows\System32\vssadmin.exe</Data><Data Name='FileVersion'>10.0.14393.0 (rs1_release.160715-1616)</Data><Data Name='Description'>Command Line Interface for Microsoft® Volume Shadow Copy Service </Data><Data Name='Product'>Microsoft® Windows® Operating System</Data><Data Name='Company'>Microsoft Corporation</Data><Data Name='OriginalFileName'>VSSADMIN.EXE</Data><Data Name='CommandLine'>vssadmin  delete shadows /all /quiet </Data><Data Name='CurrentDirectory'>C:\Users\Administrator\AppData\Roaming\</Data><Data Name='User'>ATTACKRANGE\Administrator</Data><Data Name='LogonGuid'>{F172AD64-7633-63C6-0CDF-160000000000}</Data><Data Name='LogonId'>0x16df0c</Data><Data Name='TerminalSessionId'>2</Data><Data Name='IntegrityLevel'>High</Data><Data Name='Hashes'>MD5=2964D232005BD840B38F9DB4F95DC7DB,SHA256=4FE71EB779B57354E5600DC31E3DC1875ADC8A06663654AEC83F11109751E8FC,IMPHASH=974DD2AFBD6D9BAE89608D1B181CCCF8</Data><Data Name='ParentProcessGuid'>{F172AD64-7922-63C6-5302-00000000B002}</Data><Data Name='ParentProcessId'>6552</Data><Data Name='ParentImage'>C:\Windows\System32\cmd.exe</Data><Data Name='ParentCommandLine'>"C:\Windows\System32\cmd.exe" /C vssadmin delete shadows /all /quiet &amp; wmic shadowcopy delete</Data></EventData></Event>
/home/kali/director/projects/_corpora/attack_data/datasets/malware/chaos_ransomware/spread_in_root_drives/sysmon.log:7162:<Event xmlns='http://schemas.microsoft.com/win/2004/08/events/event'><System><Provider Name='Microsoft-Windows-Sysmon' Guid='{5770385F-C22A-43E0-BF4C-06F5698FFBD9}'/><EventID>10</EventID><Version>3</Version><Level>4</Level><Task>10</Task><Opcode>0</Opcode><Keywords>0x8000000000000000</Keywords><TimeCreated SystemTime='2023-01-17T10:32:02.336734800Z'/><EventRecordID>85416</EventRecordID><Correlation/><Execution ProcessID='2608' ThreadID='2100'/><Channel>Microsoft-Windows-Sysmon/Operational</Channel><Computer>win-dc-ctus-attack-range-141.attackrange.local</Computer><Security UserID='S-1-5-18'/></System><EventData><Data Name='RuleName'>-</Data><Data Name='UtcTime'>2023-01-17 10:32:02.329</Data><Data Name='SourceProcessGUID'>{F172AD64-6CE8-63C6-1300-00000000B002}</Data><Data Name='SourceProcessId'>680</Data><Data Name='SourceThreadId'>4856</Data><Data Name='SourceImage'>C:\Windows\System32\svchost.exe</Data><Data Name='TargetProcessGUID'>{F172AD64-7922-63C6-5502-00000000B002}</Data><Data Name='TargetProcessId'>6376</Data><Data Name='TargetImage'>C:\Windows\system32\vssadmin.exe</Data><Data Name='GrantedAccess'>0x1fffff</Data><Data Name='CallTrace'>C:\Windows\SYSTEM32\ntdll.dll+a6154|C:\Windows\System32\KERNELBASE.dll+2c44d|c:\windows\system32\pcasvc.dll+ac96|c:\windows\system32\pcasvc.dll+aaf6|c:\windows\system32\pcasvc.dll+aab8|C:\Windows\System32\KERNEL32.DLL+84d4|C:\Windows\SYSTEM32\ntdll.dll+51791</Data></EventData></Event>
/home/kali/director/projects/_corpora/attack_data/datasets/malware/chaos_ransomware/spread_in_root_drives/sysmon.log:7211:<Event xmlns='http://schemas.microsoft.com/win/2004/08/events/event'><System><Provider Name='Microsoft-Windows-Sysmon' Guid='{5770385F-C22A-43E0-BF4C-06F5698FFBD9}'/><EventID>1</EventID><Version>5</Version><Level>4</Level><Task>1</Task><Opcode>0</Opcode><Keywords>0x8000000000000000</Keywords><TimeCreated SystemTime='2023-01-17T10:32:02.307675700Z'/><EventRecordID>85367</EventRecordID><Correlation/><Execution ProcessID='2608' ThreadID='2100'/><Channel>Microsoft-Windows-Sysmon/Operational</Channel><Computer>win-dc-ctus-attack-range-141.attackrange.local</Computer><Security UserID='S-1-5-18'/></System><EventData><Data Name='RuleName'>-</Data><Data Name='UtcTime'>2023-01-17 10:32:02.305</Data><Data Name='ProcessGuid'>{F172AD64-7922-63C6-5302-00000000B002}</Data><Data Name='ProcessId'>6552</Data><Data Name='Image'>C:\Windows\System32\cmd.exe</Data><Data Name='FileVersion'>10.0.14393.0 (rs1_release.160715-1616)</Data><Data Name='Description'>Windows Command Processor</Data><Data Name='Product'>Microsoft® Windows® Operating System</Data><Data Name='Company'>Microsoft Corporation</Data><Data Name='OriginalFileName'>Cmd.Exe</Data><Data Name='CommandLine'>"C:\Windows\System32\cmd.exe" /C vssadmin delete shadows /all /quiet &amp; wmic shadowcopy delete</Data><Data Name='CurrentDirectory'>C:\Users\Administrator\AppData\Roaming\</Data><Data Name='User'>ATTACKRANGE\Administrator</Data><Data Name='LogonGuid'>{F172AD64-7633-63C6-0CDF-160000000000}</Data><Data Name='LogonId'>0x16df0c</Data><Data Name='TerminalSessionId'>2</Data><Data Name='IntegrityLevel'>High</Data><Data Name='Hashes'>MD5=F4F684066175B77E0C3A000549D2922C,SHA256=935C1861DF1F4018D698E8B65ABFA02D7E9037D8F68CA3C2065B6CA165D44AD2,IMPHASH=3062ED732D4B25D1C64F084DAC97D37A</Data><Data Name='ParentProcessGuid'>{F172AD64-791E-63C6-5102-00000000B002}</Data><Data Name='ParentProcessId'>4848</Data><Data Name='ParentImage'>C:\Users\Administrator\AppData\Roaming\svchost.exe</Data><Data Name='ParentCommandLine'>"C:\Users\Administrator\AppData\Roaming\svchost.exe" </Data></EventData></Event>
/home/kali/director/projects/_corpora/attack_data/datasets/malware/chaos_ransomware/spread_in_root_drives/sysmon.log:24047:<Event xmlns='http://schemas.microsoft.com/win/2004/08/events/event'><System><Provider Name='Microsoft-Windows-Sysmon' Guid='{5770385F-C22A-43E0-BF4C-06F5698FFBD9}'/><EventID>7</EventID><Version>3</Version><Level>4</Level><Task>7</Task><Opcode>0</Opcode><Keywords>0x8000000000000000</Keywords><TimeCreated SystemTime='2023-01-17T10:36:33.495531400Z'/><EventRecordID>101147</EventRecordID><Correlation/><Execution ProcessID='2608' ThreadID='2144'/><Channel>Microsoft-Windows-Sysmon/Operational</Channel><Computer>win-dc-ctus-attack-range-141.attackrange.local</Computer><Security UserID='S-1-5-18'/></System><EventData><Data Name='RuleName'>-</Data><Data Name='UtcTime'>2023-01-17 10:36:33.446</Data><Data Name='ProcessGuid'>{F172AD64-7A31-63C6-BD02-00000000B002}</Data><Data Name='ProcessId'>8000</Data><Data Name='Image'>C:\Windows\System32\vssadmin.exe</Data><Data Name='ImageLoaded'>C:\Windows\System32\vss_ps.dll</Data><Data Name='FileVersion'>10.0.14393.5127 (rs1_release_inmarket.220514-1756)</Data><Data Name='Description'>Microsoft® Volume Shadow Copy Service proxy/stub</Data><Data Name='Product'>Microsoft® Windows® Operating System</Data><Data Name='Company'>Microsoft Corporation</Data><Data Name='OriginalFileName'>VSS_PS.DLL</Data><Data Name='Hashes'>MD5=676129154F18AFFAFB555F716237E297,SHA256=81CD5E4666301220C3079338731E39C9FAF033D2A2DEF5FF57ED772E5D17261B,IMPHASH=A17FEFC9A91E09EBF9D3185EAB0381BF</Data><Data Name='Signed'>true</Data><Data Name='Signature'>Microsoft Windows</Data><Data Name='SignatureStatus'>Valid</Data></EventData></Event>
/home/kali/director/projects/_corpora/attack_data/datasets/malware/chaos_ransomware/spread_in_root_drives/sysmon.log:24084:<Event xmlns='http://schemas.microsoft.com/win/2004/08/events/event'><System><Provider Name='Microsoft-Windows-Sysmon' Guid='{5770385F-C22A-43E0-BF4C-06F5698FFBD9}'/><EventID>1</EventID><Version>5</Version><Level>4</Level><Task>1</Task><Opcode>0</Opcode><Keywords>0x8000000000000000</Keywords><TimeCreated SystemTime='2023-01-17T10:36:33.470936500Z'/><EventRecordID>101110</EventRecordID><Correlation/><Execution ProcessID='2608' ThreadID='2100'/><Channel>Microsoft-Windows-Sysmon/Operational</Channel><Computer>win-dc-ctus-attack-range-141.attackrange.local</Computer><Security UserID='S-1-5-18'/></System><EventData><Data Name='RuleName'>-</Data><Data Name='UtcTime'>2023-01-17 10:36:33.464</Data><Data Name='ProcessGuid'>{F172AD64-7A31-63C6-BF02-00000000B002}</Data><Data Name='ProcessId'>8140</Data><Data Name='Image'>C:\Windows\System32\wbem\WMIC.exe</Data><Data Name='FileVersion'>10.0.14393.0 (rs1_release.160715-1616)</Data><Data Name='Description'>WMI Commandline Utility</Data><Data Name='Product'>Microsoft® Windows® Operating System</Data><Data Name='Company'>Microsoft Corporation</Data><Data Name='OriginalFileName'>wmic.exe</Data><Data Name='CommandLine'>wmic  shadowcopy delete</Data><Data Name='CurrentDirectory'>C:\Users\Administrator\AppData\Roaming\</Data><Data Name='User'>ATTACKRANGE\Administrator</Data><Data Name='LogonGuid'>{F172AD64-7633-63C6-0CDF-160000000000}</Data><Data Name='LogonId'>0x16df0c</Data><Data Name='TerminalSessionId'>2</Data><Data Name='IntegrityLevel'>High</Data><Data Name='Hashes'>MD5=2CEE7F1AD77D8817E0F043E5E5ED1C83,SHA256=6679EA8FBEB539B5852CE8838420471FED0600F5050F3370DBB355DAC76BF072,IMPHASH=1B1A3F43BF37B5BFE60751F2EE2F326E</Data><Data Name='ParentProcessGuid'>{F172AD64-7A31-63C6-BB02-00000000B002}</Data><Data Name='ParentProcessId'>7668</Data><Data Name='ParentImage'>C:\Windows\System32\cmd.exe</Data><Data Name='ParentCommandLine'>"C:\Windows\System32\cmd.exe" /C vssadmin delete shadows /all /quiet &amp; wmic shadowcopy delete</Data></EventData></Event>
/home/kali/director/projects/_corpora/attack_data/datasets/malware/chaos_ransomware/spread_in_root_drives/sysmon.log:24134:<Event xmlns='http://schemas.microsoft.com/win/2004/08/events/event'><System><Provider Name='Microsoft-Windows-Sysmon' Guid='{5770385F-C22A-43E0-BF4C-06F5698FFBD9}'/><EventID>7</EventID><Version>3</Version><Level>4</Level><Task>7</Task><Opcode>0</Opcode><Keywords>0x8000000000000000</Keywords><TimeCreated SystemTime='2023-01-17T10:36:33.414866300Z'/><EventRecordID>101060</EventRecordID><Correlation/><Execution ProcessID='2608' ThreadID='2144'/><Channel>Microsoft-Windows-Sysmon/Operational</Channel><Computer>win-dc-ctus-attack-range-141.attackrange.local</Computer><Security UserID='S-1-5-18'/></System><EventData><Data Name='RuleName'>-</Data><Data Name='UtcTime'>2023-01-17 10:36:33.392</Data><Data Name='ProcessGuid'>{F172AD64-7A31-63C6-BD02-00000000B002}</Data><Data Name='ProcessId'>8000</Data><Data Name='Image'>C:\Windows\System32\vssadmin.exe</Data><Data Name='ImageLoaded'>C:\Windows\System32\vssapi.dll</Data><Data Name='FileVersion'>10.0.14393.4169 (rs1_release.210107-1130)</Data><Data Name='Description'>Microsoft® Volume Shadow Copy Requestor/Writer Services API DLL</Data><Data Name='Product'>Microsoft® Windows® Operating System</Data><Data Name='Company'>Microsoft Corporation</Data><Data Name='OriginalFileName'>VSSAPI.DLL</Data><Data Name='Hashes'>MD5=79EE1F659B982D0A1DE6FDF83B0EE546,SHA256=385A5A18E04BC7CB57899EC700A2AFAC35A37BE3C7DCC9516D38EECF66A5C69A,IMPHASH=7A42644AF0B53C51D0E36668B2E15F8F</Data><Data Name='Signed'>true</Data><Data Name='Signature'>Microsoft Windows</Data><Data Name='SignatureStatus'>Valid</Data></EventData></Event>
/home/kali/director/projects/_corpora/attack_data/datasets/malware/chaos_ransomware/spread_in_root_drives/sysmon.log:24139:<Event xmlns='http://schemas.microsoft.com/win/2004/08/events/event'><System><Provider Name='Microsoft-Windows-Sysmon' Guid='{5770385F-C22A-43E0-BF4C-06F5698FFBD9}'/><EventID>7</EventID><Version>3</Version><Level>4</Level><Task>7</Task><Opcode>0</Opcode><Keywords>0x8000000000000000</Keywords><TimeCreated SystemTime='2023-01-17T10:36:33.402245300Z'/><EventRecordID>101055</EventRecordID><Correlation/><Execution ProcessID='2608' ThreadID='2100'/><Channel>Microsoft-Windows-Sysmon/Operational</Channel><Computer>win-dc-ctus-attack-range-141.attackrange.local</Computer><Security UserID='S-1-5-18'/></System><EventData><Data Name='RuleName'>-</Data><Data Name='UtcTime'>2023-01-17 10:36:33.398</Data><Data Name='ProcessGuid'>{F172AD64-7A31-63C6-BD02-00000000B002}</Data><Data Name='ProcessId'>8000</Data><Data Name='Image'>C:\Windows\System32\vssadmin.exe</Data><Data Name='ImageLoaded'>C:\Windows\System32\clbcatq.dll</Data><Data Name='FileVersion'>2001.12.10941.16384 (rs1_release.210107-1130)</Data><Data Name='Description'>COM+ Configuration Catalog</Data><Data Name='Product'>Microsoft® Windows® Operating System</Data><Data Name='Company'>Microsoft Corporation</Data><Data Name='OriginalFileName'>CLBCATQ.DLL</Data><Data Name='Hashes'>MD5=A82FB68F785E73141F5ABC91850595A8,SHA256=416DE0DA209CDCBE9B5D1A868CE972F8FE3399FF62E84EFD46D6FD49BDF7B7B2,IMPHASH=0BE8D1F061DD646F6D2B834CB7C9C900</Data><Data Name='Signed'>true</Data><Data Name='Signature'>Microsoft Windows</Data><Data Name='SignatureStatus'>Valid</Data></EventData></Event>
/home/kali/director/projects/_corpora/attack_data/datasets/malware/chaos_ransomware/spread_in_root_drives/sysmon.log:24140:<Event xmlns='http://schemas.microsoft.com/win/2004/08/events/event'><System><Provider Name='Microsoft-Windows-Sysmon' Guid='{5770385F-C22A-43E0-BF4C-06F5698FFBD9}'/><EventID>10</EventID><Version>3</Version><Level>4</Level><Task>10</Task><Opcode>0</Opcode><Keywords>0x8000000000000000</Keywords><TimeCreated SystemTime='2023-01-17T10:36:33.400926600Z'/><EventRecordID>101054</EventRecordID><Correlation/><Execution ProcessID='2608' ThreadID='2100'/><Channel>Microsoft-Windows-Sysmon/Operational</Channel><Computer>win-dc-ctus-attack-range-141.attackrange.local</Computer><Security UserID='S-1-5-18'/></System><EventData><Data Name='RuleName'>-</Data><Data Name='UtcTime'>2023-01-17 10:36:33.398</Data><Data Name='SourceProcessGUID'>{F172AD64-6CE6-63C6-0B00-00000000B002}</Data><Data Name='SourceProcessId'>624</Data><Data Name='SourceThreadId'>100</Data><Data Name='SourceImage'>C:\Windows\system32\lsass.exe</Data><Data Name='TargetProcessGUID'>{F172AD64-7A31-63C6-BD02-00000000B002}</Data><Data Name='TargetProcessId'>8000</Data><Data Name='TargetImage'>C:\Windows\system32\vssadmin.exe</Data><Data Name='GrantedAccess'>0x1000</Data><Data Name='CallTrace'>C:\Windows\SYSTEM32\ntdll.dll+a6154|C:\Windows\System32\KERNELBASE.dll+2c44d|C:\Windows\system32\lsasrv.dll+77ccc|C:\Windows\system32\lsasrv.dll+e79f4|C:\Windows\System32\RPCRT4.dll+7b183|C:\Windows\System32\RPCRT4.dll+d5bc1|C:\Windows\System32\RPCRT4.dll+538bc|C:\Windows\System32\RPCRT4.dll+35824|C:\Windows\System32\RPCRT4.dll+3473d|C:\Windows\System32\RPCRT4.dll+34feb|C:\Windows\System32\RPCRT4.dll+20ddc|C:\Windows\System32\RPCRT4.dll+2125c|C:\Windows\System32\RPCRT4.dll+106bc|C:\Windows\System32\RPCRT4.dll+11f1b|C:\Windows\System32\RPCRT4.dll+1a50a|C:\Windows\SYSTEM32\ntdll.dll+1d35e|C:\Windows\SYSTEM32\ntdll.dll+1ecc9|C:\Windows\System32\KERNEL32.DLL+84d4|C:\Windows\SYSTEM32\ntdll.dll+51791</Data></EventData></Event>
/home/kali/director/projects/_corpora/attack_data/datasets/malware/chaos_ransomware/spread_in_root_drives/sysmon.log:24141:<Event xmlns='http://schemas.microsoft.com/win/2004/08/events/event'><System><Provider Name='Microsoft-Windows-Sysmon' Guid='{5770385F-C22A-43E0-BF4C-06F5698FFBD9}'/><EventID>10</EventID><Version>3</Version><Level>4</Level><Task>10</Task><Opcode>0</Opcode><Keywords>0x8000000000000000</Keywords><TimeCreated SystemTime='2023-01-17T10:36:33.400037900Z'/><EventRecordID>101053</EventRecordID><Correlation/><Execution ProcessID='2608' ThreadID='2100'/><Channel>Microsoft-Windows-Sysmon/Operational</Channel><Computer>win-dc-ctus-attack-range-141.attackrange.local</Computer><Security UserID='S-1-5-18'/></System><EventData><Data Name='RuleName'>-</Data><Data Name='UtcTime'>2023-01-17 10:36:33.398</Data><Data Name='SourceProcessGUID'>{F172AD64-6CE7-63C6-0C00-00000000B002}</Data><Data Name='SourceProcessId'>832</Data><Data Name='SourceThreadId'>1012</Data><Data Name='SourceImage'>C:\Windows\system32\svchost.exe</Data><Data Name='TargetProcessGUID'>{F172AD64-7A31-63C6-BD02-00000000B002}</Data><Data Name='TargetProcessId'>8000</Data><Data Name='TargetImage'>C:\Windows\system32\vssadmin.exe</Data><Data Name='GrantedAccess'>0x1000</Data><Data Name='CallTrace'>C:\Windows\SYSTEM32\ntdll.dll+a6154|C:\Windows\System32\KERNELBASE.dll+2c44d|c:\windows\system32\rpcss.dll+3f936|C:\Windows\System32\RPCRT4.dll+7b183|C:\Windows\System32\RPCRT4.dll+5518b|C:\Windows\System32\RPCRT4.dll+5386a|C:\Windows\System32\RPCRT4.dll+35824|C:\Windows\System32\RPCRT4.dll+3473d|C:\Windows\System32\RPCRT4.dll+34feb|C:\Windows\System32\RPCRT4.dll+20ddc|C:\Windows\System32\RPCRT4.dll+2125c|C:\Windows\System32\RPCRT4.dll+106bc|C:\Windows\System32\RPCRT4.dll+11f1b|C:\Windows\System32\RPCRT4.dll+1a50a|C:\Windows\SYSTEM32\ntdll.dll+1d35e|C:\Windows\SYSTEM32\ntdll.dll+1ecc9|C:\Windows\System32\KERNEL32.DLL+84d4|C:\Windows\SYSTEM32\ntdll.dll+51791</Data></EventData></Event>
/home/kali/director/projects/_corpora/attack_data/datasets/malware/chaos_ransomware/spread_in_root_drives/sysmon.log:24142:<Event xmlns='http://schemas.microsoft.com/win/2004/08/events/event'><System><Provider Name='Microsoft-Windows-Sysmon' Guid='{5770385F-C22A-43E0-BF4C-06F5698FFBD9}'/><EventID>7</EventID><Version>3</Version><Level>4</Level><Task>7</Task><Opcode>0</Opcode><Keywords>0x8000000000000000</Keywords><TimeCreated SystemTime='2023-01-17T10:36:33.399111500Z'/><EventRecordID>101052</EventRecordID><Correlation/><Execution ProcessID='2608' ThreadID='2100'/><Channel>Microsoft-Windows-Sysmon/Operational</Channel><Computer>win-dc-ctus-attack-range-141.attackrange.local</Computer><Security UserID='S-1-5-18'/></System><EventData><Data Name='RuleName'>-</Data><Data Name='UtcTime'>2023-01-17 10:36:33.395</Data><Data Name='ProcessGuid'>{F172AD64-7A31-63C6-BD02-00000000B002}</Data><Data Name='ProcessId'>8000</Data><Data Name='Image'>C:\Windows\System32\vssadmin.exe</Data><Data Name='ImageLoaded'>C:\Windows\System32\kernel.appcore.dll</Data><Data Name='FileVersion'>10.0.14393.2312 (rs1_release.180607-1919)</Data><Data Name='Description'>AppModel API Host</Data><Data Name='Product'>Microsoft® Windows® Operating System</Data><Data Name='Company'>Microsoft Corporation</Data><Data Name='OriginalFileName'>kernel.appcore.dll</Data><Data Name='Hashes'>MD5=0AF5EF8A7FEFD4B37036B71514FC20CF,SHA256=D4F178583F6F33794D42B4DB11008494E9CD9F069C2AD2CA304DA63F9B5F659C,IMPHASH=94524C03C5380F78283785F1E05E667D</Data><Data Name='Signed'>true</Data><Data Name='Signature'>Microsoft Windows</Data><Data Name='SignatureStatus'>Valid</Data></EventData></Event>
/home/kali/director/projects/_corpora/attack_data/datasets/malware/chaos_ransomware/spread_in_root_drives/sysmon.log:24143:<Event xmlns='http://schemas.microsoft.com/win/2004/08/events/event'><System><Provider Name='Microsoft-Windows-Sysmon' Guid='{5770385F-C22A-43E0-BF4C-06F5698FFBD9}'/><EventID>7</EventID><Version>3</Version><Level>4</Level><Task>7</Task><Opcode>0</Opcode><Keywords>0x8000000000000000</Keywords><TimeCreated SystemTime='2023-01-17T10:36:33.396405900Z'/><EventRecordID>101051</EventRecordID><Correlation/><Execution ProcessID='2608' ThreadID='2100'/><Channel>Microsoft-Windows-Sysmon/Operational</Channel><Computer>win-dc-ctus-attack-range-141.attackrange.local</Computer><Security UserID='S-1-5-18'/></System><EventData><Data Name='RuleName'>-</Data><Data Name='UtcTime'>2023-01-17 10:36:33.395</Data><Data Name='ProcessGuid'>{F172AD64-7A31-63C6-BD02-00000000B002}</Data><Data Name='ProcessId'>8000</Data><Data Name='Image'>C:\Windows\System32\vssadmin.exe</Data><Data Name='ImageLoaded'>C:\Windows\System32\imm32.dll</Data><Data Name='FileVersion'>10.0.14393.0 (rs1_release.160715-1616)</Data><Data Name='Description'>Multi-User Windows IMM32 API Client DLL</Data><Data Name='Product'>Microsoft® Windows® Operating System</Data><Data Name='Company'>Microsoft Corporation</Data><Data Name='OriginalFileName'>imm32</Data><Data Name='Hashes'>MD5=E1024CF2E35DD3467F52BC83F7FEDA3F,SHA256=59C87761AD509BD096C2F35257C2370FB94B95160CB63FB9E66DFD8210AB002A,IMPHASH=C852E8FD14D356C81F834E318EEAD7FA</Data><Data Name='Signed'>true</Data><Data Name='Signature'>Microsoft Windows</Data><Data Name='SignatureStatus'>Valid</Data></EventData></Event>
/home/kali/director/projects/_corpora/attack_data/datasets/malware/chaos_ransomware/spread_in_root_drives/sysmon.log:24144:<Event xmlns='http://schemas.microsoft.com/win/2004/08/events/event'><System><Provider Name='Microsoft-Windows-Sysmon' Guid='{5770385F-C22A-43E0-BF4C-06F5698FFBD9}'/><EventID>7</EventID><Version>3</Version><Level>4</Level><Task>7</Task><Opcode>0</Opcode><Keywords>0x8000000000000000</Keywords><TimeCreated SystemTime='2023-01-17T10:36:33.395401400Z'/><EventRecordID>101050</EventRecordID><Correlation/><Execution ProcessID='2608' ThreadID='2100'/><Channel>Microsoft-Windows-Sysmon/Operational</Channel><Computer>win-dc-ctus-attack-range-141.attackrange.local</Computer><Security UserID='S-1-5-18'/></System><EventData><Data Name='RuleName'>-</Data><Data Name='UtcTime'>2023-01-17 10:36:33.392</Data><Data Name='ProcessGuid'>{F172AD64-7A31-63C6-BD02-00000000B002}</Data><Data Name='ProcessId'>8000</Data><Data Name='Image'>C:\Windows\System32\vssadmin.exe</Data><Data Name='ImageLoaded'>C:\Windows\System32\ws2_32.dll</Data><Data Name='FileVersion'>10.0.14393.3241 (rs1_release_inmarket.190910-1801)</Data><Data Name='Description'>Windows Socket 2.0 32-Bit DLL</Data><Data Name='Product'>Microsoft® Windows® Operating System</Data><Data Name='Company'>Microsoft Corporation</Data><Data Name='OriginalFileName'>ws2_32.dll</Data><Data Name='Hashes'>MD5=06E82905620845A7C185BDEE85CC4140,SHA256=B75C9B080293F85568912BABE749F403144959206F9C6BAB36B628E8F77C5DA0,IMPHASH=76A5AA3DF6083D853F576403C8F841A8</Data><Data Name='Signed'>true</Data><Data Name='Signature'>Microsoft Windows</Data><Data Name='SignatureStatus'>Valid</Data></EventData></Event>
/home/kali/director/projects/_corpora/attack_data/datasets/malware/chaos_ransomware/spread_in_root_drives/sysmon.log:24145:<Event xmlns='http://schemas.microsoft.com/win/2004/08/events/event'><System><Provider Name='Microsoft-Windows-Sysmon' Guid='{5770385F-C22A-43E0-BF4C-06F5698FFBD9}'/><EventID>7</EventID><Version>3</Version><Level>4</Level><Task>7</Task><Opcode>0</Opcode><Keywords>0x8000000000000000</Keywords><TimeCreated SystemTime='2023-01-17T10:36:33.394989800Z'/><EventRecordID>101049</EventRecordID><Correlation/><Execution ProcessID='2608' ThreadID='2144'/><Channel>Microsoft-Windows-Sysmon/Operational</Channel><Computer>win-dc-ctus-attack-range-141.attackrange.local</Computer><Security UserID='S-1-5-18'/></System><EventData><Data Name='RuleName'>-</Data><Data Name='UtcTime'>2023-01-17 10:36:33.382</Data><Data Name='ProcessGuid'>{F172AD64-7A31-63C6-BD02-00000000B002}</Data><Data Name='ProcessId'>8000</Data><Data Name='Image'>C:\Windows\System32\vssadmin.exe</Data><Data Name='ImageLoaded'>C:\Windows\System32\vsstrace.dll</Data><Data Name='FileVersion'>10.0.14393.4169 (rs1_release.210107-1130)</Data><Data Name='Description'>Microsoft® Volume Shadow Copy Service Tracing Library</Data><Data Name='Product'>Microsoft® Windows® Operating System</Data><Data Name='Company'>Microsoft Corporation</Data><Data Name='OriginalFileName'>vsstrace.dll</Data><Data Name='Hashes'>MD5=22660FF9634B3D700133905181361A28,SHA256=2189772DE55B6BE7B4221DBCD781289CD510ED8AA75AE7A45C96EFCCCE3A3B78,IMPHASH=F2BC9D3BB56F1E083F06D69A08E9AE79</Data><Data Name='Signed'>true</Data><Data Name='Signature'>Microsoft Windows</Data><Data Name='SignatureStatus'>Valid</Data></EventData></Event>
/home/kali/director/projects/_corpora/attack_data/datasets/malware/chaos_ransomware/spread_in_root_drives/sysmon.log:24146:<Event xmlns='http://schemas.microsoft.com/win/2004/08/events/event'><System><Provider Name='Microsoft-Windows-Sysmon' Guid='{5770385F-C22A-43E0-BF4C-06F5698FFBD9}'/><EventID>7</EventID><Version>3</Version><Level>4</Level><Task>7</Task><Opcode>0</Opcode><Keywords>0x8000000000000000</Keywords><TimeCreated SystemTime='2023-01-17T10:36:33.389494500Z'/><EventRecordID>101048</EventRecordID><Correlation/><Execution ProcessID='2608' ThreadID='2144'/><Channel>Microsoft-Windows-Sysmon/Operational</Channel><Computer>win-dc-ctus-attack-range-141.attackrange.local</Computer><Security UserID='S-1-5-18'/></System><EventData><Data Name='RuleName'>-</Data><Data Name='UtcTime'>2023-01-17 10:36:33.380</Data><Data Name='ProcessGuid'>{F172AD64-7A31-63C6-BD02-00000000B002}</Data><Data Name='ProcessId'>8000</Data><Data Name='Image'>C:\Windows\System32\vssadmin.exe</Data><Data Name='ImageLoaded'>C:\Windows\System32\atl.dll</Data><Data Name='FileVersion'>3.05.2284</Data><Data Name='Description'>ATL Module for Windows XP (Unicode)</Data><Data Name='Product'>Microsoft (R) Visual C++</Data><Data Name='Company'>Microsoft Corporation</Data><Data Name='OriginalFileName'>ATL.DLL</Data><Data Name='Hashes'>MD5=C1B73181019C1E1F28F4161B5F198B7F,SHA256=C3678504437D23910C18D3680B05B4E819A2229BDD0E1E0567186C70D814560D,IMPHASH=5500EF6AAEED0FAA2DE0F3B65E67DE20</Data><Data Name='Signed'>true</Data><Data Name='Signature'>Microsoft Windows</Data><Data Name='SignatureStatus'>Valid</Data></EventData></Event>
/home/kali/director/projects/_corpora/attack_data/datasets/malware/chaos_ransomware/spread_in_root_drives/sysmon.log:24147:<Event xmlns='http://schemas.microsoft.com/win/2004/08/events/event'><System><Provider Name='Microsoft-Windows-Sysmon' Guid='{5770385F-C22A-43E0-BF4C-06F5698FFBD9}'/><EventID>7</EventID><Version>3</Version><Level>4</Level><Task>7</Task><Opcode>0</Opcode><Keywords>0x8000000000000000</Keywords><TimeCreated SystemTime='2023-01-17T10:36:33.383657300Z'/><EventRecordID>101047</EventRecordID><Correlation/><Execution ProcessID='2608' ThreadID='2144'/><Channel>Microsoft-Windows-Sysmon/Operational</Channel><Computer>win-dc-ctus-attack-range-141.attackrange.local</Computer><Security UserID='S-1-5-18'/></System><EventData><Data Name='RuleName'>-</Data><Data Name='UtcTime'>2023-01-17 10:36:33.375</Data><Data Name='ProcessGuid'>{F172AD64-7A31-63C6-BD02-00000000B002}</Data><Data Name='ProcessId'>8000</Data><Data Name='Image'>C:\Windows\System32\vssadmin.exe</Data><Data Name='ImageLoaded'>C:\Windows\System32\vssadmin.exe</Data><Data Name='FileVersion'>10.0.14393.0 (rs1_release.160715-1616)</Data><Data Name='Description'>Command Line Interface for Microsoft® Volume Shadow Copy Service </Data><Data Name='Product'>Microsoft® Windows® Operating System</Data><Data Name='Company'>Microsoft Corporation</Data><Data Name='OriginalFileName'>VSSADMIN.EXE</Data><Data Name='Hashes'>MD5=2964D232005BD840B38F9DB4F95DC7DB,SHA256=4FE71EB779B57354E5600DC31E3DC1875ADC8A06663654AEC83F11109751E8FC,IMPHASH=974DD2AFBD6D9BAE89608D1B181CCCF8</Data><Data Name='Signed'>true</Data><Data Name='Signature'>Microsoft Windows</Data><Data Name='SignatureStatus'>Valid</Data></EventData></Event>
/home/kali/director/projects/_corpora/attack_data/datasets/malware/chaos_ransomware/spread_in_root_drives/sysmon.log:24148:<Event xmlns='http://schemas.microsoft.com/win/2004/08/events/event'><System><Provider Name='Microsoft-Windows-Sysmon' Guid='{5770385F-C22A-43E0-BF4C-06F5698FFBD9}'/><EventID>7</EventID><Version>3</Version><Level>4</Level><Task>7</Task><Opcode>0</Opcode><Keywords>0x8000000000000000</Keywords><TimeCreated SystemTime='2023-01-17T10:36:33.382390900Z'/><EventRecordID>101046</EventRecordID><Correlation/><Execution ProcessID='2608' ThreadID='2100'/><Channel>Microsoft-Windows-Sysmon/Operational</Channel><Computer>win-dc-ctus-attack-range-141.attackrange.local</Computer><Security UserID='S-1-5-18'/></System><EventData><Data Name='RuleName'>-</Data><Data Name='UtcTime'>2023-01-17 10:36:33.381</Data><Data Name='ProcessGuid'>{F172AD64-7A31-63C6-BD02-00000000B002}</Data><Data Name='ProcessId'>8000</Data><Data Name='Image'>C:\Windows\System32\vssadmin.exe</Data><Data Name='ImageLoaded'>C:\Windows\System32\gdi32full.dll</Data><Data Name='FileVersion'>10.0.14393.5582 (rs1_release.221130-1719)</Data><Data Name='Description'>GDI Client DLL</Data><Data Name='Product'>Microsoft® Windows® Operating System</Data><Data Name='Company'>Microsoft Corporation</Data><Data Name='OriginalFileName'>gdi32</Data><Data Name='Hashes'>MD5=5ED94A02EBF8A9EA597DD1896C2058AF,SHA256=00B823F75600CD2FA15FF545ABAA581F244A185E580BC76C7C937159765A82A8,IMPHASH=059EB3BAA45E35C79FAE66F7279059EE</Data><Data Name='Signed'>true</Data><Data Name='Signature'>Microsoft Windows</Data><Data Name='SignatureStatus'>Valid</Data></EventData></Event>
/home/kali/director/projects/_corpora/attack_data/datasets/malware/chaos_ransomware/spread_in_root_drives/sysmon.log:24149:<Event xmlns='http://schemas.microsoft.com/win/2004/08/events/event'><System><Provider Name='Microsoft-Windows-Sysmon' Guid='{5770385F-C22A-43E0-BF4C-06F5698FFBD9}'/><EventID>7</EventID><Version>3</Version><Level>4</Level><Task>7</Task><Opcode>0</Opcode><Keywords>0x8000000000000000</Keywords><TimeCreated SystemTime='2023-01-17T10:36:33.382110800Z'/><EventRecordID>101045</EventRecordID><Correlation/><Execution ProcessID='2608' ThreadID='2100'/><Channel>Microsoft-Windows-Sysmon/Operational</Channel><Computer>win-dc-ctus-attack-range-141.attackrange.local</Computer><Security UserID='S-1-5-18'/></System><EventData><Data Name='RuleName'>-</Data><Data Name='UtcTime'>2023-01-17 10:36:33.381</Data><Data Name='ProcessGuid'>{F172AD64-7A31-63C6-BD02-00000000B002}</Data><Data Name='ProcessId'>8000</Data><Data Name='Image'>C:\Windows\System32\vssadmin.exe</Data><Data Name='ImageLoaded'>C:\Windows\System32\gdi32.dll</Data><Data Name='FileVersion'>10.0.14393.4169 (rs1_release.210107-1130)</Data><Data Name='Description'>GDI Client DLL</Data><Data Name='Product'>Microsoft® Windows® Operating System</Data><Data Name='Company'>Microsoft Corporation</Data><Data Name='OriginalFileName'>gdi32</Data><Data Name='Hashes'>MD5=551D603CEC947F586DB9FADEF4D2EBA6,SHA256=143125EFF9F3BC5B3F3BE505F3C3814393807B9CACB6AA5F75D39C77EC0D4ED8,IMPHASH=A24D446CB7FCBB6D29B592603C0BE00C</Data><Data Name='Signed'>true</Data><Data Name='Signature'>Microsoft Windows</Data><Data Name='SignatureStatus'>Valid</Data></EventData></Event>
/home/kali/director/projects/_corpora/attack_data/datasets/malware/chaos_ransomware/spread_in_root_drives/sysmon.log:24150:<Event xmlns='http://schemas.microsoft.com/win/2004/08/events/event'><System><Provider Name='Microsoft-Windows-Sysmon' Guid='{5770385F-C22A-43E0-BF4C-06F5698FFBD9}'/><EventID>7</EventID><Version>3</Version><Level>4</Level><Task>7</Task><Opcode>0</Opcode><Keywords>0x8000000000000000</Keywords><TimeCreated SystemTime='2023-01-17T10:36:33.381963400Z'/><EventRecordID>101044</EventRecordID><Correlation/><Execution ProcessID='2608' ThreadID='2100'/><Channel>Microsoft-Windows-Sysmon/Operational</Channel><Computer>win-dc-ctus-attack-range-141.attackrange.local</Computer><Security UserID='S-1-5-18'/></System><EventData><Data Name='RuleName'>-</Data><Data Name='UtcTime'>2023-01-17 10:36:33.381</Data><Data Name='ProcessGuid'>{F172AD64-7A31-63C6-BD02-00000000B002}</Data><Data Name='ProcessId'>8000</Data><Data Name='Image'>C:\Windows\System32\vssadmin.exe</Data><Data Name='ImageLoaded'>C:\Windows\System32\win32u.dll</Data><Data Name='FileVersion'>10.0.14393.51 (rs1_release_inmarket.160801-1836)</Data><Data Name='Description'>Win32u</Data><Data Name='Product'>Microsoft® Windows® Operating System</Data><Data Name='Company'>Microsoft Corporation</Data><Data Name='OriginalFileName'>Win32u.DLL</Data><Data Name='Hashes'>MD5=0482CFC6D06935953519340A0D360329,SHA256=7AB410C10BE2A2C3D46BCCD878D398DFFBF2116D1AB8A5106CBBE1F9D06931E3,IMPHASH=00000000000000000000000000000000</Data><Data Name='Signed'>true</Data><Data Name='Signature'>Microsoft Windows</Data><Data Name='SignatureStatus'>Valid</Data></EventData></Event>
/home/kali/director/projects/_corpora/attack_data/datasets/malware/chaos_ransomware/spread_in_root_drives/sysmon.log:24151:<Event xmlns='http://schemas.microsoft.com/win/2004/08/events/event'><System><Provider Name='Microsoft-Windows-Sysmon' Guid='{5770385F-C22A-43E0-BF4C-06F5698FFBD9}'/><EventID>7</EventID><Version>3</Version><Level>4</Level><Task>7</Task><Opcode>0</Opcode><Keywords>0x8000000000000000</Keywords><TimeCreated SystemTime='2023-01-17T10:36:33.381751200Z'/><EventRecordID>101043</EventRecordID><Correlation/><Execution ProcessID='2608' ThreadID='2100'/><Channel>Microsoft-Windows-Sysmon/Operational</Channel><Computer>win-dc-ctus-attack-range-141.attackrange.local</Computer><Security UserID='S-1-5-18'/></System><EventData><Data Name='RuleName'>-</Data><Data Name='UtcTime'>2023-01-17 10:36:33.381</Data><Data Name='ProcessGuid'>{F172AD64-7A31-63C6-BD02-00000000B002}</Data><Data Name='ProcessId'>8000</Data><Data Name='Image'>C:\Windows\System32\vssadmin.exe</Data><Data Name='ImageLoaded'>C:\Windows\System32\shlwapi.dll</Data><Data Name='FileVersion'>10.0.14393.5427 (rs1_release.220929-2054)</Data><Data Name='Description'>Shell Light-weight Utility Library</Data><Data Name='Product'>Microsoft® Windows® Operating System</Data><Data Name='Company'>Microsoft Corporation</Data><Data Name='OriginalFileName'>SHLWAPI.DLL</Data><Data Name='Hashes'>MD5=6C4CAC9EFE57970AC9FF9DC2DC5CAA05,SHA256=B08B80DC5227DF37B5AD26B64A010D2BA1C559CD304F909D30D5D66775FAC590,IMPHASH=9F3DE8492A7F075320A36332ACC9CAAF</Data><Data Name='Signed'>true</Data><Data Name='Signature'>Microsoft Windows</Data><Data Name='SignatureStatus'>Valid</Data></EventData></Event>
/home/kali/director/projects/_corpora/attack_data/datasets/malware/chaos_ransomware/spread_in_root_drives/sysmon.log:24152:<Event xmlns='http://schemas.microsoft.com/win/2004/08/events/event'><System><Provider Name='Microsoft-Windows-Sysmon' Guid='{5770385F-C22A-43E0-BF4C-06F5698FFBD9}'/><EventID>7</EventID><Version>3</Version><Level>4</Level><Task>7</Task><Opcode>0</Opcode><Keywords>0x8000000000000000</Keywords><TimeCreated SystemTime='2023-01-17T10:36:33.381530500Z'/><EventRecordID>101042</EventRecordID><Correlation/><Execution ProcessID='2608' ThreadID='2100'/><Channel>Microsoft-Windows-Sysmon/Operational</Channel><Computer>win-dc-ctus-attack-range-141.attackrange.local</Computer><Security UserID='S-1-5-18'/></System><EventData><Data Name='RuleName'>-</Data><Data Name='UtcTime'>2023-01-17 10:36:33.381</Data><Data Name='ProcessGuid'>{F172AD64-7A31-63C6-BD02-00000000B002}</Data><Data Name='ProcessId'>8000</Data><Data Name='Image'>C:\Windows\System32\vssadmin.exe</Data><Data Name='ImageLoaded'>C:\Windows\System32\user32.dll</Data><Data Name='FileVersion'>10.0.14393.4169 (rs1_release.210107-1130)</Data><Data Name='Description'>Multi-User Windows USER API Client DLL</Data><Data Name='Product'>Microsoft® Windows® Operating System</Data><Data Name='Company'>Microsoft Corporation</Data><Data Name='OriginalFileName'>user32</Data><Data Name='Hashes'>MD5=883B59C5557E8A9B3C1E1ED1CA48CD5A,SHA256=271800C20A96587265BF83DE2EFC11329EEB2B6C0D57E5E0BCD137FB96BFE6E3,IMPHASH=070F257E4632BC576557C4085595EAA4</Data><Data Name='Signed'>true</Data><Data Name='Signature'>Microsoft Windows</Data><Data Name='SignatureStatus'>Valid</Data></EventData></Event>
/home/kali/director/projects/_corpora/attack_data/datasets/malware/chaos_ransomware/spread_in_root_drives/sysmon.log:24153:<Event xmlns='http://schemas.microsoft.com/win/2004/08/events/event'><System><Provider Name='Microsoft-Windows-Sysmon' Guid='{5770385F-C22A-43E0-BF4C-06F5698FFBD9}'/><EventID>7</EventID><Version>3</Version><Level>4</Level><Task>7</Task><Opcode>0</Opcode><Keywords>0x8000000000000000</Keywords><TimeCreated SystemTime='2023-01-17T10:36:33.381046400Z'/><EventRecordID>101041</EventRecordID><Correlation/><Execution ProcessID='2608' ThreadID='2100'/><Channel>Microsoft-Windows-Sysmon/Operational</Channel><Computer>win-dc-ctus-attack-range-141.attackrange.local</Computer><Security UserID='S-1-5-18'/></System><EventData><Data Name='RuleName'>-</Data><Data Name='UtcTime'>2023-01-17 10:36:33.380</Data><Data Name='ProcessGuid'>{F172AD64-7A31-63C6-BD02-00000000B002}</Data><Data Name='ProcessId'>8000</Data><Data Name='Image'>C:\Windows\System32\vssadmin.exe</Data><Data Name='ImageLoaded'>C:\Windows\System32\msvcp_win.dll</Data><Data Name='FileVersion'>10.0.14393.2999 (rs1_release_inmarket.190520-1518)</Data><Data Name='Description'>Microsoft® C Runtime Library</Data><Data Name='Product'>Microsoft® Windows® Operating System</Data><Data Name='Company'>Microsoft Corporation</Data><Data Name='OriginalFileName'>msvcp_win.dll</Data><Data Name='Hashes'>MD5=C50C0CEFA633773AB29572E05834F1FE,SHA256=50178F23AA57B31626614C6C65DA2B6518A64FF684FFA18A0F49C4431DFCBEC5,IMPHASH=5B59892514923CABE9B70CFE22A3F59A</Data><Data Name='Signed'>true</Data><Data Name='Signature'>Microsoft Windows</Data><Data Name='SignatureStatus'>Valid</Data></EventData></Event>
/home/kali/director/projects/_corpora/attack_data/datasets/malware/chaos_ransomware/spread_in_root_drives/sysmon.log:24154:<Event xmlns='http://schemas.microsoft.com/win/2004/08/events/event'><System><Provider Name='Microsoft-Windows-Sysmon' Guid='{5770385F-C22A-43E0-BF4C-06F5698FFBD9}'/><EventID>7</EventID><Version>3</Version><Level>4</Level><Task>7</Task><Opcode>0</Opcode><Keywords>0x8000000000000000</Keywords><TimeCreated SystemTime='2023-01-17T10:36:33.380835400Z'/><EventRecordID>101040</EventRecordID><Correlation/><Execution ProcessID='2608' ThreadID='2100'/><Channel>Microsoft-Windows-Sysmon/Operational</Channel><Computer>win-dc-ctus-attack-range-141.attackrange.local</Computer><Security UserID='S-1-5-18'/></System><EventData><Data Name='RuleName'>-</Data><Data Name='UtcTime'>2023-01-17 10:36:33.380</Data><Data Name='ProcessGuid'>{F172AD64-7A31-63C6-BD02-00000000B002}</Data><Data Name='ProcessId'>8000</Data><Data Name='Image'>C:\Windows\System32\vssadmin.exe</Data><Data Name='ImageLoaded'>C:\Windows\System32\oleaut32.dll</Data><Data Name='FileVersion'>10.0.14393.4402 (rs1_release.210426-1725)</Data><Data Name='Description'>OLEAUT32.DLL</Data><Data Name='Product'>Microsoft® Windows® Operating System</Data><Data Name='Company'>Microsoft Corporation</Data><Data Name='OriginalFileName'>OLEAUT32.DLL</Data><Data Name='Hashes'>MD5=57B07BF89C63FA60A810FEDE496126CA,SHA256=080632F80FA2A387E5A55C670FFE07C927D553FDDA26F7F8B4156C0C6B20E75E,IMPHASH=8987D71C85BB2C13D3D90194331F962F</Data><Data Name='Signed'>true</Data><Data Name='Signature'>Microsoft Windows</Data><Data Name='SignatureStatus'>Valid</Data></EventData></Event>
/home/kali/director/projects/_corpora/attack_data/datasets/malware/chaos_ransomware/spread_in_root_drives/sysmon.log:24155:<Event xmlns='http://schemas.microsoft.com/win/2004/08/events/event'><System><Provider Name='Microsoft-Windows-Sysmon' Guid='{5770385F-C22A-43E0-BF4C-06F5698FFBD9}'/><EventID>7</EventID><Version>3</Version><Level>4</Level><Task>7</Task><Opcode>0</Opcode><Keywords>0x8000000000000000</Keywords><TimeCreated SystemTime='2023-01-17T10:36:33.380598000Z'/><EventRecordID>101039</EventRecordID><Correlation/><Execution ProcessID='2608' ThreadID='2100'/><Channel>Microsoft-Windows-Sysmon/Operational</Channel><Computer>win-dc-ctus-attack-range-141.attackrange.local</Computer><Security UserID='S-1-5-18'/></System><EventData><Data Name='RuleName'>-</Data><Data Name='UtcTime'>2023-01-17 10:36:33.380</Data><Data Name='ProcessGuid'>{F172AD64-7A31-63C6-BD02-00000000B002}</Data><Data Name='ProcessId'>8000</Data><Data Name='Image'>C:\Windows\System32\vssadmin.exe</Data><Data Name='ImageLoaded'>C:\Windows\System32\bcryptprimitives.dll</Data><Data Name='FileVersion'>10.0.14393.4770 (rs1_release.211101-1440)</Data><Data Name='Description'>Windows Cryptographic Primitives Library</Data><Data Name='Product'>Microsoft® Windows® Operating System</Data><Data Name='Company'>Microsoft Corporation</Data><Data Name='OriginalFileName'>bcryptprimitives.dll</Data><Data Name='Hashes'>MD5=54417B63FB3760BC6DBC5DB1BDA4C272,SHA256=B7A8B457B252AB949C067D5FCFEFB2AE98E9115B958D2A0FC120D7B13B3E9FAD,IMPHASH=BA5C37A1CF8C2730ED1F4DA1587496A5</Data><Data Name='Signed'>true</Data><Data Name='Signature'>Microsoft Windows</Data><Data Name='SignatureStatus'>Valid</Data></EventData></Event>
/home/kali/director/projects/_corpora/attack_data/datasets/malware/chaos_ransomware/spread_in_root_drives/sysmon.log:24156:<Event xmlns='http://schemas.microsoft.com/win/2004/08/events/event'><System><Provider Name='Microsoft-Windows-Sysmon' Guid='{5770385F-C22A-43E0-BF4C-06F5698FFBD9}'/><EventID>7</EventID><Version>3</Version><Level>4</Level><Task>7</Task><Opcode>0</Opcode><Keywords>0x8000000000000000</Keywords><TimeCreated SystemTime='2023-01-17T10:36:33.380246600Z'/><EventRecordID>101038</EventRecordID><Correlation/><Execution ProcessID='2608' ThreadID='2100'/><Channel>Microsoft-Windows-Sysmon/Operational</Channel><Computer>win-dc-ctus-attack-range-141.attackrange.local</Computer><Security UserID='S-1-5-18'/></System><EventData><Data Name='RuleName'>-</Data><Data Name='UtcTime'>2023-01-17 10:36:33.379</Data><Data Name='ProcessGuid'>{F172AD64-7A31-63C6-BD02-00000000B002}</Data><Data Name='ProcessId'>8000</Data><Data Name='Image'>C:\Windows\System32\vssadmin.exe</Data><Data Name='ImageLoaded'>C:\Windows\System32\ucrtbase.dll</Data><Data Name='FileVersion'>10.0.14393.3659 (rs1_release_1.200410-1813)</Data><Data Name='Description'>Microsoft® C Runtime Library</Data><Data Name='Product'>Microsoft® Windows® Operating System</Data><Data Name='Company'>Microsoft Corporation</Data><Data Name='OriginalFileName'>ucrtbase.dll</Data><Data Name='Hashes'>MD5=9804D130E8E7178738C2B9808091B427,SHA256=6053B7CC85846F15094475116A8C57BA89FE99FDD1978C54E8A7E2114E318FE3,IMPHASH=57ABD1FDE351971A01E912069E11B44C</Data><Data Name='Signed'>true</Data><Data Name='Signature'>Microsoft Windows</Data><Data Name='SignatureStatus'>Valid</Data></EventData></Event>
/home/kali/director/projects/_corpora/attack_data/datasets/malware/chaos_ransomware/spread_in_root_drives/sysmon.log:24157:<Event xmlns='http://schemas.microsoft.com/win/2004/08/events/event'><System><Provider Name='Microsoft-Windows-Sysmon' Guid='{5770385F-C22A-43E0-BF4C-06F5698FFBD9}'/><EventID>7</EventID><Version>3</Version><Level>4</Level><Task>7</Task><Opcode>0</Opcode><Keywords>0x8000000000000000</Keywords><TimeCreated SystemTime='2023-01-17T10:36:33.379954900Z'/><EventRecordID>101037</EventRecordID><Correlation/><Execution ProcessID='2608' ThreadID='2100'/><Channel>Microsoft-Windows-Sysmon/Operational</Channel><Computer>win-dc-ctus-attack-range-141.attackrange.local</Computer><Security UserID='S-1-5-18'/></System><EventData><Data Name='RuleName'>-</Data><Data Name='UtcTime'>2023-01-17 10:36:33.379</Data><Data Name='ProcessGuid'>{F172AD64-7A31-63C6-BD02-00000000B002}</Data><Data Name='ProcessId'>8000</Data><Data Name='Image'>C:\Windows\System32\vssadmin.exe</Data><Data Name='ImageLoaded'>C:\Windows\System32\combase.dll</Data><Data Name='FileVersion'>10.0.14393.5648 (rs1_release.230105-1654)</Data><Data Name='Description'>Microsoft COM for Windows</Data><Data Name='Product'>Microsoft® Windows® Operating System</Data><Data Name='Company'>Microsoft Corporation</Data><Data Name='OriginalFileName'>COMBASE.DLL</Data><Data Name='Hashes'>MD5=3C6A41CB05C121405B7A4E20C055F028,SHA256=E878D71FD1F0B4EC43688D75519C454A68BA6AB1F37822B26528C5150A365C28,IMPHASH=0863DD72CA0C3702DB7ACD19A4D5DEB1</Data><Data Name='Signed'>true</Data><Data Name='Signature'>Microsoft Windows</Data><Data Name='SignatureStatus'>Valid</Data></EventData></Event>
