/home/kali/director/projects/_corpora/attack_data/datasets/malware/chaos_ransomware/spread_in_root_drives/sysmon.log:23924:<Event xmlns='http://schemas.microsoft.com/win/2004/08/events/event'><System><Provider Name='Microsoft-Windows-Sysmon' Guid='{5770385F-C22A-43E0-BF4C-06F5698FFBD9}'/><EventID>1</EventID><Version>5</Version><Level>4</Level><Task>1</Task><Opcode>0</Opcode><Keywords>0x8000000000000000</Keywords><TimeCreated SystemTime='2023-01-17T10:36:33.676638900Z'/><EventRecordID>101270</EventRecordID><Correlation/><Execution ProcessID='2608' ThreadID='2100'/><Channel>Microsoft-Windows-Sysmon/Operational</Channel><Computer>win-dc-ctus-attack-range-141.attackrange.local</Computer><Security UserID='S-1-5-18'/></System><EventData><Data Name='RuleName'>-</Data><Data Name='UtcTime'>2023-01-17 10:36:33.674</Data><Data Name='ProcessGuid'>{F172AD64-7A31-63C6-C402-00000000B002}</Data><Data Name='ProcessId'>5312</Data><Data Name='Image'>C:\Windows\System32\cmd.exe</Data><Data Name='FileVersion'>10.0.14393.0 (rs1_release.160715-1616)</Data><Data Name='Description'>Windows Command Processor</Data><Data Name='Product'>Microsoft® Windows® Operating System</Data><Data Name='Company'>Microsoft Corporation</Data><Data Name='OriginalFileName'>Cmd.Exe</Data><Data Name='CommandLine'>"C:\Windows\System32\cmd.exe" /C wbadmin delete catalog -quiet</Data><Data Name='CurrentDirectory'>C:\Users\Administrator\AppData\Roaming\</Data><Data Name='User'>ATTACKRANGE\Administrator</Data><Data Name='LogonGuid'>{F172AD64-7633-63C6-0CDF-160000000000}</Data><Data Name='LogonId'>0x16df0c</Data><Data Name='TerminalSessionId'>2</Data><Data Name='IntegrityLevel'>High</Data><Data Name='Hashes'>MD5=F4F684066175B77E0C3A000549D2922C,SHA256=935C1861DF1F4018D698E8B65ABFA02D7E9037D8F68CA3C2065B6CA165D44AD2,IMPHASH=3062ED732D4B25D1C64F084DAC97D37A</Data><Data Name='ParentProcessGuid'>{F172AD64-7A1A-63C6-AF02-00000000B002}</Data><Data Name='ParentProcessId'>8152</Data><Data Name='ParentImage'>C:\Users\Administrator\AppData\Roaming\svchost.exe</Data><Data Name='ParentCommandLine'>"C:\Users\Administrator\AppData\Roaming\svchost.exe"</Data></EventData></Event>
/home/kali/director/projects/_corpora/attack_data/datasets/malware/chaos_ransomware/spread_in_root_drives/sysmon.log:26093:<Event xmlns='http://schemas.microsoft.com/win/2004/08/events/event'><System><Provider Name='Microsoft-Windows-Sysmon' Guid='{5770385F-C22A-43E0-BF4C-06F5698FFBD9}'/><EventID>1</EventID><Version>5</Version><Level>4</Level><Task>1</Task><Opcode>0</Opcode><Keywords>0x8000000000000000</Keywords><TimeCreated SystemTime='2023-01-17T10:37:39.460463300Z'/><EventRecordID>102891</EventRecordID><Correlation/><Execution ProcessID='2608' ThreadID='2100'/><Channel>Microsoft-Windows-Sysmon/Operational</Channel><Computer>win-dc-ctus-attack-range-141.attackrange.local</Computer><Security UserID='S-1-5-18'/></System><EventData><Data Name='RuleName'>-</Data><Data Name='UtcTime'>2023-01-17 10:37:39.458</Data><Data Name='ProcessGuid'>{F172AD64-7A73-63C6-D902-00000000B002}</Data><Data Name='ProcessId'>7196</Data><Data Name='Image'>C:\Windows\System32\mmc.exe</Data><Data Name='FileVersion'>10.0.14393.4169 (rs1_release.210107-1130)</Data><Data Name='Description'>Microsoft Management Console</Data><Data Name='Product'>Microsoft® Windows® Operating System</Data><Data Name='Company'>Microsoft Corporation</Data><Data Name='OriginalFileName'>mmc.exe</Data><Data Name='CommandLine'>"C:\Windows\system32\mmc.exe" "C:\Windows\system32\wbadmin.msc"  delete catalog -quiet</Data><Data Name='CurrentDirectory'>C:\Users\Administrator\AppData\Roaming\</Data><Data Name='User'>ATTACKRANGE\Administrator</Data><Data Name='LogonGuid'>{F172AD64-7633-63C6-0CDF-160000000000}</Data><Data Name='LogonId'>0x16df0c</Data><Data Name='TerminalSessionId'>2</Data><Data Name='IntegrityLevel'>High</Data><Data Name='Hashes'>MD5=495BFF5AE1B52661212BB65F1CFDA718,SHA256=A08EC9D2F811726BDCD71F7C5B40CDB543D092C11811A45180E569FE3F62124D,IMPHASH=ED5A55DAB5A02F29D6EE7E0015F91A9F</Data><Data Name='ParentProcessGuid'>{F172AD64-7A73-63C6-D702-00000000B002}</Data><Data Name='ParentProcessId'>7044</Data><Data Name='ParentImage'>C:\Windows\System32\cmd.exe</Data><Data Name='ParentCommandLine'>"C:\Windows\System32\cmd.exe" /C wbadmin delete catalog -quiet</Data></EventData></Event>
/home/kali/director/projects/_corpora/attack_data/datasets/malware/chaos_ransomware/spread_in_root_drives/sysmon.log:26182:<Event xmlns='http://schemas.microsoft.com/win/2004/08/events/event'><System><Provider Name='Microsoft-Windows-Sysmon' Guid='{5770385F-C22A-43E0-BF4C-06F5698FFBD9}'/><EventID>1</EventID><Version>5</Version><Level>4</Level><Task>1</Task><Opcode>0</Opcode><Keywords>0x8000000000000000</Keywords><TimeCreated SystemTime='2023-01-17T10:37:39.374643000Z'/><EventRecordID>102802</EventRecordID><Correlation/><Execution ProcessID='2608' ThreadID='2100'/><Channel>Microsoft-Windows-Sysmon/Operational</Channel><Computer>win-dc-ctus-attack-range-141.attackrange.local</Computer><Security UserID='S-1-5-18'/></System><EventData><Data Name='RuleName'>-</Data><Data Name='UtcTime'>2023-01-17 10:37:39.372</Data><Data Name='ProcessGuid'>{F172AD64-7A73-63C6-D702-00000000B002}</Data><Data Name='ProcessId'>7044</Data><Data Name='Image'>C:\Windows\System32\cmd.exe</Data><Data Name='FileVersion'>10.0.14393.0 (rs1_release.160715-1616)</Data><Data Name='Description'>Windows Command Processor</Data><Data Name='Product'>Microsoft® Windows® Operating System</Data><Data Name='Company'>Microsoft Corporation</Data><Data Name='OriginalFileName'>Cmd.Exe</Data><Data Name='CommandLine'>"C:\Windows\System32\cmd.exe" /C wbadmin delete catalog -quiet</Data><Data Name='CurrentDirectory'>C:\Users\Administrator\AppData\Roaming\</Data><Data Name='User'>ATTACKRANGE\Administrator</Data><Data Name='LogonGuid'>{F172AD64-7633-63C6-0CDF-160000000000}</Data><Data Name='LogonId'>0x16df0c</Data><Data Name='TerminalSessionId'>2</Data><Data Name='IntegrityLevel'>High</Data><Data Name='Hashes'>MD5=F4F684066175B77E0C3A000549D2922C,SHA256=935C1861DF1F4018D698E8B65ABFA02D7E9037D8F68CA3C2065B6CA165D44AD2,IMPHASH=3062ED732D4B25D1C64F084DAC97D37A</Data><Data Name='ParentProcessGuid'>{F172AD64-7A5A-63C6-C702-00000000B002}</Data><Data Name='ParentProcessId'>4172</Data><Data Name='ParentImage'>C:\Users\Administrator\AppData\Roaming\svchost.exe</Data><Data Name='ParentCommandLine'>"C:\Users\Administrator\AppData\Roaming\svchost.exe"</Data></EventData></Event>
/home/kali/director/projects/_corpora/attack_data/datasets/malware/chaos_ransomware/spread_in_root_drives/sysmon.log:26247:<Event xmlns='http://schemas.microsoft.com/win/2004/08/events/event'><System><Provider Name='Microsoft-Windows-Sysmon' Guid='{5770385F-C22A-43E0-BF4C-06F5698FFBD9}'/><EventID>11</EventID><Version>2</Version><Level>4</Level><Task>11</Task><Opcode>0</Opcode><Keywords>0x8000000000000000</Keywords><TimeCreated SystemTime='2023-01-17T10:37:44.445710900Z'/><EventRecordID>103025</EventRecordID><Correlation/><Execution ProcessID='2608' ThreadID='2100'/><Channel>Microsoft-Windows-Sysmon/Operational</Channel><Computer>win-dc-ctus-attack-range-141.attackrange.local</Computer><Security UserID='S-1-5-18'/></System><EventData><Data Name='RuleName'>-</Data><Data Name='UtcTime'>2023-01-17 10:37:44.445</Data><Data Name='ProcessGuid'>{F172AD64-7A73-63C6-D902-00000000B002}</Data><Data Name='ProcessId'>7196</Data><Data Name='Image'>C:\Windows\system32\mmc.exe</Data><Data Name='TargetFilename'>C:\Users\Administrator\AppData\Roaming\Microsoft\MMC\wbadmin</Data><Data Name='CreationUtcTime'>2023-01-17 10:37:44.429</Data></EventData></Event>
/home/kali/director/projects/_corpora/attack_data/datasets/malware/chaos_ransomware/sysmon.log:10642:<Event xmlns='http://schemas.microsoft.com/win/2004/08/events/event'><System><Provider Name='Microsoft-Windows-Sysmon' Guid='{5770385F-C22A-43E0-BF4C-06F5698FFBD9}'/><EventID>1</EventID><Version>5</Version><Level>4</Level><Task>1</Task><Opcode>0</Opcode><Keywords>0x8000000000000000</Keywords><TimeCreated SystemTime='2023-01-11T14:21:25.356503400Z'/><EventRecordID>109286</EventRecordID><Correlation/><Execution ProcessID='2728' ThreadID='2216'/><Channel>Microsoft-Windows-Sysmon/Operational</Channel><Computer>win-dc-ctus-attack-range-661.attackrange.local</Computer><Security UserID='S-1-5-18'/></System><EventData><Data Name='RuleName'>-</Data><Data Name='UtcTime'>2023-01-11 14:21:25.289</Data><Data Name='ProcessGuid'>{7DAC9CB3-C5E5-63BE-E701-00000000A702}</Data><Data Name='ProcessId'>1800</Data><Data Name='Image'>C:\Windows\System32\mmc.exe</Data><Data Name='FileVersion'>10.0.14393.4169 (rs1_release.210107-1130)</Data><Data Name='Description'>Microsoft Management Console</Data><Data Name='Product'>Microsoft® Windows® Operating System</Data><Data Name='Company'>Microsoft Corporation</Data><Data Name='OriginalFileName'>mmc.exe</Data><Data Name='CommandLine'>"C:\Windows\system32\mmc.exe" "C:\Windows\system32\wbadmin.msc"  delete catalog -quiet</Data><Data Name='CurrentDirectory'>C:\Users\Administrator\AppData\Roaming\</Data><Data Name='User'>ATTACKRANGE\Administrator</Data><Data Name='LogonGuid'>{7DAC9CB3-BF8D-63BE-B996-0B0000000000}</Data><Data Name='LogonId'>0xb96b9</Data><Data Name='TerminalSessionId'>2</Data><Data Name='IntegrityLevel'>High</Data><Data Name='Hashes'>MD5=495BFF5AE1B52661212BB65F1CFDA718,SHA256=A08EC9D2F811726BDCD71F7C5B40CDB543D092C11811A45180E569FE3F62124D,IMPHASH=ED5A55DAB5A02F29D6EE7E0015F91A9F</Data><Data Name='ParentProcessGuid'>{7DAC9CB3-C5E5-63BE-E401-00000000A702}</Data><Data Name='ParentProcessId'>5832</Data><Data Name='ParentImage'>C:\Windows\System32\cmd.exe</Data><Data Name='ParentCommandLine'>"C:\Windows\System32\cmd.exe" /C wbadmin delete catalog -quiet</Data></EventData></Event>
/home/kali/director/projects/_corpora/attack_data/datasets/malware/chaos_ransomware/sysmon.log:10828:<Event xmlns='http://schemas.microsoft.com/win/2004/08/events/event'><System><Provider Name='Microsoft-Windows-Sysmon' Guid='{5770385F-C22A-43E0-BF4C-06F5698FFBD9}'/><EventID>1</EventID><Version>5</Version><Level>4</Level><Task>1</Task><Opcode>0</Opcode><Keywords>0x8000000000000000</Keywords><TimeCreated SystemTime='2023-01-11T14:21:25.153465000Z'/><EventRecordID>109100</EventRecordID><Correlation/><Execution ProcessID='2728' ThreadID='2216'/><Channel>Microsoft-Windows-Sysmon/Operational</Channel><Computer>win-dc-ctus-attack-range-661.attackrange.local</Computer><Security UserID='S-1-5-18'/></System><EventData><Data Name='RuleName'>-</Data><Data Name='UtcTime'>2023-01-11 14:21:25.150</Data><Data Name='ProcessGuid'>{7DAC9CB3-C5E5-63BE-E401-00000000A702}</Data><Data Name='ProcessId'>5832</Data><Data Name='Image'>C:\Windows\System32\cmd.exe</Data><Data Name='FileVersion'>10.0.14393.0 (rs1_release.160715-1616)</Data><Data Name='Description'>Windows Command Processor</Data><Data Name='Product'>Microsoft® Windows® Operating System</Data><Data Name='Company'>Microsoft Corporation</Data><Data Name='OriginalFileName'>Cmd.Exe</Data><Data Name='CommandLine'>"C:\Windows\System32\cmd.exe" /C wbadmin delete catalog -quiet</Data><Data Name='CurrentDirectory'>C:\Users\Administrator\AppData\Roaming\</Data><Data Name='User'>ATTACKRANGE\Administrator</Data><Data Name='LogonGuid'>{7DAC9CB3-BF8D-63BE-B996-0B0000000000}</Data><Data Name='LogonId'>0xb96b9</Data><Data Name='TerminalSessionId'>2</Data><Data Name='IntegrityLevel'>High</Data><Data Name='Hashes'>MD5=F4F684066175B77E0C3A000549D2922C,SHA256=935C1861DF1F4018D698E8B65ABFA02D7E9037D8F68CA3C2065B6CA165D44AD2,IMPHASH=3062ED732D4B25D1C64F084DAC97D37A</Data><Data Name='ParentProcessGuid'>{7DAC9CB3-C5DC-63BE-D801-00000000A702}</Data><Data Name='ParentProcessId'>5300</Data><Data Name='ParentImage'>C:\Users\Administrator\AppData\Roaming\svchosts.exe</Data><Data Name='ParentCommandLine'>"C:\Users\Administrator\AppData\Roaming\svchosts.exe" </Data></EventData></Event>
/home/kali/director/projects/_corpora/attack_data/datasets/malware/chaos_ransomware/spread_in_root_drives/sysmon.log:6871:<Event xmlns='http://schemas.microsoft.com/win/2004/08/events/event'><System><Provider Name='Microsoft-Windows-Sysmon' Guid='{5770385F-C22A-43E0-BF4C-06F5698FFBD9}'/><EventID>7</EventID><Version>3</Version><Level>4</Level><Task>7</Task><Opcode>0</Opcode><Keywords>0x8000000000000000</Keywords><TimeCreated SystemTime='2023-01-17T10:32:02.638767200Z'/><EventRecordID>85706</EventRecordID><Correlation/><Execution ProcessID='2608' ThreadID='2100'/><Channel>Microsoft-Windows-Sysmon/Operational</Channel><Computer>win-dc-ctus-attack-range-141.attackrange.local</Computer><Security UserID='S-1-5-18'/></System><EventData><Data Name='RuleName'>-</Data><Data Name='UtcTime'>2023-01-17 10:32:02.638</Data><Data Name='ProcessGuid'>{F172AD64-7922-63C6-5C02-00000000B002}</Data><Data Name='ProcessId'>6804</Data><Data Name='Image'>C:\Windows\System32\bcdedit.exe</Data><Data Name='ImageLoaded'>C:\Windows\System32\cryptsp.dll</Data><Data Name='FileVersion'>10.0.14393.2969 (rs1_release.190503-1820)</Data><Data Name='Description'>Cryptographic Service Provider API</Data><Data Name='Product'>Microsoft® Windows® Operating System</Data><Data Name='Company'>Microsoft Corporation</Data><Data Name='OriginalFileName'>cryptsp.dll</Data><Data Name='Hashes'>MD5=9500AE4C4B639FEAEED0CC6C39F45149,SHA256=C1055D4B9A854282336A5404CA0FCB1A2EBC3417600035338C9CDFC7B8D0778C,IMPHASH=96CBD1B5C0EA88B677BA3BB5FD009869</Data><Data Name='Signed'>true</Data><Data Name='Signature'>Microsoft Windows</Data><Data Name='SignatureStatus'>Valid</Data></EventData></Event>
/home/kali/director/projects/_corpora/attack_data/datasets/malware/chaos_ransomware/spread_in_root_drives/sysmon.log:6872:<Event xmlns='http://schemas.microsoft.com/win/2004/08/events/event'><System><Provider Name='Microsoft-Windows-Sysmon' Guid='{5770385F-C22A-43E0-BF4C-06F5698FFBD9}'/><EventID>7</EventID><Version>3</Version><Level>4</Level><Task>7</Task><Opcode>0</Opcode><Keywords>0x8000000000000000</Keywords><TimeCreated SystemTime='2023-01-17T10:32:02.638627100Z'/><EventRecordID>85705</EventRecordID><Correlation/><Execution ProcessID='2608' ThreadID='2144'/><Channel>Microsoft-Windows-Sysmon/Operational</Channel><Computer>win-dc-ctus-attack-range-141.attackrange.local</Computer><Security UserID='S-1-5-18'/></System><EventData><Data Name='RuleName'>-</Data><Data Name='UtcTime'>2023-01-17 10:32:02.635</Data><Data Name='ProcessGuid'>{F172AD64-7922-63C6-5C02-00000000B002}</Data><Data Name='ProcessId'>6804</Data><Data Name='Image'>C:\Windows\System32\bcdedit.exe</Data><Data Name='ImageLoaded'>C:\Windows\System32\bcdedit.exe</Data><Data Name='FileVersion'>10.0.14393.5427 (rs1_release.220929-2054)</Data><Data Name='Description'>Boot Configuration Data Editor</Data><Data Name='Product'>Microsoft® Windows® Operating System</Data><Data Name='Company'>Microsoft Corporation</Data><Data Name='OriginalFileName'>bcdedit.exe</Data><Data Name='Hashes'>MD5=3890A554538E956C56C97B29B08E20B3,SHA256=EC73F9AF0A5AEABDB739F9C50D605EF9942E95794E59A9C023BD5F7D02880F2A,IMPHASH=640CFCF7F00029D52EF0C4D45E2E87A6</Data><Data Name='Signed'>true</Data><Data Name='Signature'>Microsoft Windows</Data><Data Name='SignatureStatus'>Valid</Data></EventData></Event>
/home/kali/director/projects/_corpora/attack_data/datasets/malware/chaos_ransomware/spread_in_root_drives/sysmon.log:6873:<Event xmlns='http://schemas.microsoft.com/win/2004/08/events/event'><System><Provider Name='Microsoft-Windows-Sysmon' Guid='{5770385F-C22A-43E0-BF4C-06F5698FFBD9}'/><EventID>7</EventID><Version>3</Version><Level>4</Level><Task>7</Task><Opcode>0</Opcode><Keywords>0x8000000000000000</Keywords><TimeCreated SystemTime='2023-01-17T10:32:02.638389900Z'/><EventRecordID>85704</EventRecordID><Correlation/><Execution ProcessID='2608' ThreadID='2144'/><Channel>Microsoft-Windows-Sysmon/Operational</Channel><Computer>win-dc-ctus-attack-range-141.attackrange.local</Computer><Security UserID='S-1-5-18'/></System><EventData><Data Name='RuleName'>-</Data><Data Name='UtcTime'>2023-01-17 10:32:02.626</Data><Data Name='ProcessGuid'>{F172AD64-7922-63C6-5B02-00000000B002}</Data><Data Name='ProcessId'>4516</Data><Data Name='Image'>C:\Windows\System32\bcdedit.exe</Data><Data Name='ImageLoaded'>C:\Windows\System32\bcdedit.exe</Data><Data Name='FileVersion'>10.0.14393.5427 (rs1_release.220929-2054)</Data><Data Name='Description'>Boot Configuration Data Editor</Data><Data Name='Product'>Microsoft® Windows® Operating System</Data><Data Name='Company'>Microsoft Corporation</Data><Data Name='OriginalFileName'>bcdedit.exe</Data><Data Name='Hashes'>MD5=3890A554538E956C56C97B29B08E20B3,SHA256=EC73F9AF0A5AEABDB739F9C50D605EF9942E95794E59A9C023BD5F7D02880F2A,IMPHASH=640CFCF7F00029D52EF0C4D45E2E87A6</Data><Data Name='Signed'>true</Data><Data Name='Signature'>Microsoft Windows</Data><Data Name='SignatureStatus'>Valid</Data></EventData></Event>
/home/kali/director/projects/_corpora/attack_data/datasets/malware/chaos_ransomware/spread_in_root_drives/sysmon.log:6874:<Event xmlns='http://schemas.microsoft.com/win/2004/08/events/event'><System><Provider Name='Microsoft-Windows-Sysmon' Guid='{5770385F-C22A-43E0-BF4C-06F5698FFBD9}'/><EventID>7</EventID><Version>3</Version><Level>4</Level><Task>7</Task><Opcode>0</Opcode><Keywords>0x8000000000000000</Keywords><TimeCreated SystemTime='2023-01-17T10:32:02.638348100Z'/><EventRecordID>85703</EventRecordID><Correlation/><Execution ProcessID='2608' ThreadID='2100'/><Channel>Microsoft-Windows-Sysmon/Operational</Channel><Computer>win-dc-ctus-attack-range-141.attackrange.local</Computer><Security UserID='S-1-5-18'/></System><EventData><Data Name='RuleName'>-</Data><Data Name='UtcTime'>2023-01-17 10:32:02.637</Data><Data Name='ProcessGuid'>{F172AD64-7922-63C6-5C02-00000000B002}</Data><Data Name='ProcessId'>6804</Data><Data Name='Image'>C:\Windows\System32\bcdedit.exe</Data><Data Name='ImageLoaded'>C:\Windows\System32\msvcrt.dll</Data><Data Name='FileVersion'>7.0.14393.2457 (rs1_release_inmarket.180822-1743)</Data><Data Name='Description'>Windows NT CRT DLL</Data><Data Name='Product'>Microsoft® Windows® Operating System</Data><Data Name='Company'>Microsoft Corporation</Data><Data Name='OriginalFileName'>msvcrt.dll</Data><Data Name='Hashes'>MD5=0AF8989DD67A135B536CF948E3EFB7EB,SHA256=C693DA0EF4DCF3BC244661B9FD280FE12C3053FDD7B977712C0CF210831B2EF4,IMPHASH=07D6F84E3C8FD0D2C32F9398A0369BAF</Data><Data Name='Signed'>true</Data><Data Name='Signature'>Microsoft Windows</Data><Data Name='SignatureStatus'>Valid</Data></EventData></Event>
/home/kali/director/projects/_corpora/attack_data/datasets/malware/chaos_ransomware/spread_in_root_drives/sysmon.log:6875:<Event xmlns='http://schemas.microsoft.com/win/2004/08/events/event'><System><Provider Name='Microsoft-Windows-Sysmon' Guid='{5770385F-C22A-43E0-BF4C-06F5698FFBD9}'/><EventID>10</EventID><Version>3</Version><Level>4</Level><Task>10</Task><Opcode>0</Opcode><Keywords>0x8000000000000000</Keywords><TimeCreated SystemTime='2023-01-17T10:32:02.637601400Z'/><EventRecordID>85702</EventRecordID><Correlation/><Execution ProcessID='2608' ThreadID='2100'/><Channel>Microsoft-Windows-Sysmon/Operational</Channel><Computer>win-dc-ctus-attack-range-141.attackrange.local</Computer><Security UserID='S-1-5-18'/></System><EventData><Data Name='RuleName'>-</Data><Data Name='UtcTime'>2023-01-17 10:32:02.637</Data><Data Name='SourceProcessGUID'>{F172AD64-7922-63C6-5A02-00000000B002}</Data><Data Name='SourceProcessId'>2436</Data><Data Name='SourceThreadId'>3816</Data><Data Name='SourceImage'>C:\Windows\system32\conhost.exe</Data><Data Name='TargetProcessGUID'>{F172AD64-7922-63C6-5C02-00000000B002}</Data><Data Name='TargetProcessId'>6804</Data><Data Name='TargetImage'>C:\Windows\system32\bcdedit.exe</Data><Data Name='GrantedAccess'>0x1fffff</Data><Data Name='CallTrace'>C:\Windows\SYSTEM32\ntdll.dll+a6154|C:\Windows\SYSTEM32\ConhostV2.dll+5ca7|C:\Windows\SYSTEM32\ConhostV2.dll+774b|C:\Windows\SYSTEM32\ConhostV2.dll+a8df|C:\Windows\System32\KERNEL32.DLL+84d4|C:\Windows\SYSTEM32\ntdll.dll+51791</Data></EventData></Event>
/home/kali/director/projects/_corpora/attack_data/datasets/malware/chaos_ransomware/spread_in_root_drives/sysmon.log:6876:<Event xmlns='http://schemas.microsoft.com/win/2004/08/events/event'><System><Provider Name='Microsoft-Windows-Sysmon' Guid='{5770385F-C22A-43E0-BF4C-06F5698FFBD9}'/><EventID>7</EventID><Version>3</Version><Level>4</Level><Task>7</Task><Opcode>0</Opcode><Keywords>0x8000000000000000</Keywords><TimeCreated SystemTime='2023-01-17T10:32:02.637166800Z'/><EventRecordID>85701</EventRecordID><Correlation/><Execution ProcessID='2608' ThreadID='2100'/><Channel>Microsoft-Windows-Sysmon/Operational</Channel><Computer>win-dc-ctus-attack-range-141.attackrange.local</Computer><Security UserID='S-1-5-18'/></System><EventData><Data Name='RuleName'>-</Data><Data Name='UtcTime'>2023-01-17 10:32:02.636</Data><Data Name='ProcessGuid'>{F172AD64-7922-63C6-5C02-00000000B002}</Data><Data Name='ProcessId'>6804</Data><Data Name='Image'>C:\Windows\System32\bcdedit.exe</Data><Data Name='ImageLoaded'>C:\Windows\System32\KernelBase.dll</Data><Data Name='FileVersion'>10.0.14393.5582 (rs1_release.221130-1719)</Data><Data Name='Description'>Windows NT BASE API Client DLL</Data><Data Name='Product'>Microsoft® Windows® Operating System</Data><Data Name='Company'>Microsoft Corporation</Data><Data Name='OriginalFileName'>Kernelbase.dll</Data><Data Name='Hashes'>MD5=D539D469F2D9528094498E68F7A75DDE,SHA256=F7764E62BF86CD678521B8DA0853284D79EC4CA8B208212E49307989CA462D1A,IMPHASH=F7C7E1EE1C2BB52E0AD557AF7ACC62EF</Data><Data Name='Signed'>true</Data><Data Name='Signature'>Microsoft Windows</Data><Data Name='SignatureStatus'>Valid</Data></EventData></Event>
/home/kali/director/projects/_corpora/attack_data/datasets/malware/chaos_ransomware/spread_in_root_drives/sysmon.log:6877:<Event xmlns='http://schemas.microsoft.com/win/2004/08/events/event'><System><Provider Name='Microsoft-Windows-Sysmon' Guid='{5770385F-C22A-43E0-BF4C-06F5698FFBD9}'/><EventID>7</EventID><Version>3</Version><Level>4</Level><Task>7</Task><Opcode>0</Opcode><Keywords>0x8000000000000000</Keywords><TimeCreated SystemTime='2023-01-17T10:32:02.637031300Z'/><EventRecordID>85700</EventRecordID><Correlation/><Execution ProcessID='2608' ThreadID='2100'/><Channel>Microsoft-Windows-Sysmon/Operational</Channel><Computer>win-dc-ctus-attack-range-141.attackrange.local</Computer><Security UserID='S-1-5-18'/></System><EventData><Data Name='RuleName'>-</Data><Data Name='UtcTime'>2023-01-17 10:32:02.636</Data><Data Name='ProcessGuid'>{F172AD64-7922-63C6-5C02-00000000B002}</Data><Data Name='ProcessId'>6804</Data><Data Name='Image'>C:\Windows\System32\bcdedit.exe</Data><Data Name='ImageLoaded'>C:\Windows\System32\kernel32.dll</Data><Data Name='FileVersion'>10.0.14393.5582 (rs1_release.221130-1719)</Data><Data Name='Description'>Windows NT BASE API Client DLL</Data><Data Name='Product'>Microsoft® Windows® Operating System</Data><Data Name='Company'>Microsoft Corporation</Data><Data Name='OriginalFileName'>kernel32</Data><Data Name='Hashes'>MD5=6EB968F29ACAC368D1A9F36A5581E89B,SHA256=78BAE4ABDACA6E892420DB1FD76CFFECDF6022389022B53608619249D0FCA3DE,IMPHASH=B6654FD7E37D5651FBE01C62205D1233</Data><Data Name='Signed'>true</Data><Data Name='Signature'>Microsoft Windows</Data><Data Name='SignatureStatus'>Valid</Data></EventData></Event>
/home/kali/director/projects/_corpora/attack_data/datasets/malware/chaos_ransomware/spread_in_root_drives/sysmon.log:6878:<Event xmlns='http://schemas.microsoft.com/win/2004/08/events/event'><System><Provider Name='Microsoft-Windows-Sysmon' Guid='{5770385F-C22A-43E0-BF4C-06F5698FFBD9}'/><EventID>7</EventID><Version>3</Version><Level>4</Level><Task>7</Task><Opcode>0</Opcode><Keywords>0x8000000000000000</Keywords><TimeCreated SystemTime='2023-01-17T10:32:02.636886700Z'/><EventRecordID>85699</EventRecordID><Correlation/><Execution ProcessID='2608' ThreadID='2100'/><Channel>Microsoft-Windows-Sysmon/Operational</Channel><Computer>win-dc-ctus-attack-range-141.attackrange.local</Computer><Security UserID='S-1-5-18'/></System><EventData><Data Name='RuleName'>-</Data><Data Name='UtcTime'>2023-01-17 10:32:02.635</Data><Data Name='ProcessGuid'>{F172AD64-7922-63C6-5C02-00000000B002}</Data><Data Name='ProcessId'>6804</Data><Data Name='Image'>C:\Windows\System32\bcdedit.exe</Data><Data Name='ImageLoaded'>C:\Windows\System32\ntdll.dll</Data><Data Name='FileVersion'>10.0.14393.5427 (rs1_release.220929-2054)</Data><Data Name='Description'>NT Layer DLL</Data><Data Name='Product'>Microsoft® Windows® Operating System</Data><Data Name='Company'>Microsoft Corporation</Data><Data Name='OriginalFileName'>ntdll.dll</Data><Data Name='Hashes'>MD5=6E3E284D0AE13742E3057662A1463299,SHA256=A2C89978022CD2CB5FC62435C955CC84DEF43B7E9A8010E998F8826DD44FB176,IMPHASH=00000000000000000000000000000000</Data><Data Name='Signed'>true</Data><Data Name='Signature'>Microsoft Windows</Data><Data Name='SignatureStatus'>Valid</Data></EventData></Event>
/home/kali/director/projects/_corpora/attack_data/datasets/malware/chaos_ransomware/spread_in_root_drives/sysmon.log:6883:<Event xmlns='http://schemas.microsoft.com/win/2004/08/events/event'><System><Provider Name='Microsoft-Windows-Sysmon' Guid='{5770385F-C22A-43E0-BF4C-06F5698FFBD9}'/><EventID>10</EventID><Version>3</Version><Level>4</Level><Task>10</Task><Opcode>0</Opcode><Keywords>0x8000000000000000</Keywords><TimeCreated SystemTime='2023-01-17T10:32:02.636413200Z'/><EventRecordID>85694</EventRecordID><Correlation/><Execution ProcessID='2608' ThreadID='2100'/><Channel>Microsoft-Windows-Sysmon/Operational</Channel><Computer>win-dc-ctus-attack-range-141.attackrange.local</Computer><Security UserID='S-1-5-18'/></System><EventData><Data Name='RuleName'>-</Data><Data Name='UtcTime'>2023-01-17 10:32:02.634</Data><Data Name='SourceProcessGUID'>{F172AD64-7631-63C6-A501-00000000B002}</Data><Data Name='SourceProcessId'>1960</Data><Data Name='SourceThreadId'>6036</Data><Data Name='SourceImage'>C:\Windows\system32\csrss.exe</Data><Data Name='TargetProcessGUID'>{F172AD64-7922-63C6-5C02-00000000B002}</Data><Data Name='TargetProcessId'>6804</Data><Data Name='TargetImage'>C:\Windows\system32\bcdedit.exe</Data><Data Name='GrantedAccess'>0x1fffff</Data><Data Name='CallTrace'>C:\Windows\SYSTEM32\ntdll.dll+a6154|C:\Windows\system32\basesrv.DLL+2f47|C:\Windows\SYSTEM32\CSRSRV.dll+5645|C:\Windows\SYSTEM32\ntdll.dll+5179f</Data></EventData></Event>
/home/kali/director/projects/_corpora/attack_data/datasets/malware/chaos_ransomware/spread_in_root_drives/sysmon.log:6884:<Event xmlns='http://schemas.microsoft.com/win/2004/08/events/event'><System><Provider Name='Microsoft-Windows-Sysmon' Guid='{5770385F-C22A-43E0-BF4C-06F5698FFBD9}'/><EventID>10</EventID><Version>3</Version><Level>4</Level><Task>10</Task><Opcode>0</Opcode><Keywords>0x8000000000000000</Keywords><TimeCreated SystemTime='2023-01-17T10:32:02.636368900Z'/><EventRecordID>85693</EventRecordID><Correlation/><Execution ProcessID='2608' ThreadID='2100'/><Channel>Microsoft-Windows-Sysmon/Operational</Channel><Computer>win-dc-ctus-attack-range-141.attackrange.local</Computer><Security UserID='S-1-5-18'/></System><EventData><Data Name='RuleName'>-</Data><Data Name='UtcTime'>2023-01-17 10:32:02.634</Data><Data Name='SourceProcessGUID'>{F172AD64-7922-63C6-5902-00000000B002}</Data><Data Name='SourceProcessId'>2324</Data><Data Name='SourceThreadId'>1408</Data><Data Name='SourceImage'>C:\Windows\System32\cmd.exe</Data><Data Name='TargetProcessGUID'>{F172AD64-7922-63C6-5C02-00000000B002}</Data><Data Name='TargetProcessId'>6804</Data><Data Name='TargetImage'>C:\Windows\system32\bcdedit.exe</Data><Data Name='GrantedAccess'>0x1fffff</Data><Data Name='CallTrace'>C:\Windows\SYSTEM32\ntdll.dll+a7424|C:\Windows\System32\KERNELBASE.dll+24890|C:\Windows\System32\KERNELBASE.dll+22e56|C:\Windows\System32\KERNEL32.DLL+1c373|C:\Windows\System32\cmd.exe+f1e1|C:\Windows\System32\cmd.exe+11a37|C:\Windows\System32\cmd.exe+cb0d|C:\Windows\System32\cmd.exe+c295|C:\Windows\System32\cmd.exe+c347|C:\Windows\System32\cmd.exe+f916|C:\Windows\System32\cmd.exe+1510d|C:\Windows\System32\KERNEL32.DLL+84d4|C:\Windows\SYSTEM32\ntdll.dll+51791</Data></EventData></Event>
/home/kali/director/projects/_corpora/attack_data/datasets/malware/chaos_ransomware/spread_in_root_drives/sysmon.log:6885:<Event xmlns='http://schemas.microsoft.com/win/2004/08/events/event'><System><Provider Name='Microsoft-Windows-Sysmon' Guid='{5770385F-C22A-43E0-BF4C-06F5698FFBD9}'/><EventID>1</EventID><Version>5</Version><Level>4</Level><Task>1</Task><Opcode>0</Opcode><Keywords>0x8000000000000000</Keywords><TimeCreated SystemTime='2023-01-17T10:32:02.636254300Z'/><EventRecordID>85692</EventRecordID><Correlation/><Execution ProcessID='2608' ThreadID='2100'/><Channel>Microsoft-Windows-Sysmon/Operational</Channel><Computer>win-dc-ctus-attack-range-141.attackrange.local</Computer><Security UserID='S-1-5-18'/></System><EventData><Data Name='RuleName'>-</Data><Data Name='UtcTime'>2023-01-17 10:32:02.634</Data><Data Name='ProcessGuid'>{F172AD64-7922-63C6-5C02-00000000B002}</Data><Data Name='ProcessId'>6804</Data><Data Name='Image'>C:\Windows\System32\bcdedit.exe</Data><Data Name='FileVersion'>10.0.14393.5427 (rs1_release.220929-2054)</Data><Data Name='Description'>Boot Configuration Data Editor</Data><Data Name='Product'>Microsoft® Windows® Operating System</Data><Data Name='Company'>Microsoft Corporation</Data><Data Name='OriginalFileName'>bcdedit.exe</Data><Data Name='CommandLine'>bcdedit  /set {default} recoveryenabled no</Data><Data Name='CurrentDirectory'>C:\Users\Administrator\AppData\Roaming\</Data><Data Name='User'>ATTACKRANGE\Administrator</Data><Data Name='LogonGuid'>{F172AD64-7633-63C6-0CDF-160000000000}</Data><Data Name='LogonId'>0x16df0c</Data><Data Name='TerminalSessionId'>2</Data><Data Name='IntegrityLevel'>High</Data><Data Name='Hashes'>MD5=3890A554538E956C56C97B29B08E20B3,SHA256=EC73F9AF0A5AEABDB739F9C50D605EF9942E95794E59A9C023BD5F7D02880F2A,IMPHASH=640CFCF7F00029D52EF0C4D45E2E87A6</Data><Data Name='ParentProcessGuid'>{F172AD64-7922-63C6-5902-00000000B002}</Data><Data Name='ParentProcessId'>2324</Data><Data Name='ParentImage'>C:\Windows\System32\cmd.exe</Data><Data Name='ParentCommandLine'>"C:\Windows\System32\cmd.exe" /C bcdedit /set {default} bootstatuspolicy ignoreallfailures &amp; bcdedit /set {default} recoveryenabled no</Data></EventData></Event>
/home/kali/director/projects/_corpora/attack_data/datasets/malware/chaos_ransomware/spread_in_root_drives/sysmon.log:6886:<Event xmlns='http://schemas.microsoft.com/win/2004/08/events/event'><System><Provider Name='Microsoft-Windows-Sysmon' Guid='{5770385F-C22A-43E0-BF4C-06F5698FFBD9}'/><EventID>10</EventID><Version>3</Version><Level>4</Level><Task>10</Task><Opcode>0</Opcode><Keywords>0x8000000000000000</Keywords><TimeCreated SystemTime='2023-01-17T10:32:02.634450800Z'/><EventRecordID>85691</EventRecordID><Correlation/><Execution ProcessID='2608' ThreadID='2100'/><Channel>Microsoft-Windows-Sysmon/Operational</Channel><Computer>win-dc-ctus-attack-range-141.attackrange.local</Computer><Security UserID='S-1-5-18'/></System><EventData><Data Name='RuleName'>-</Data><Data Name='UtcTime'>2023-01-17 10:32:02.633</Data><Data Name='SourceProcessGUID'>{F172AD64-6CE8-63C6-1300-00000000B002}</Data><Data Name='SourceProcessId'>680</Data><Data Name='SourceThreadId'>4856</Data><Data Name='SourceImage'>C:\Windows\System32\svchost.exe</Data><Data Name='TargetProcessGUID'>{F172AD64-7922-63C6-5C02-00000000B002}</Data><Data Name='TargetProcessId'>6804</Data><Data Name='TargetImage'>C:\Windows\system32\bcdedit.exe</Data><Data Name='GrantedAccess'>0x1fffff</Data><Data Name='CallTrace'>C:\Windows\SYSTEM32\ntdll.dll+a6154|C:\Windows\System32\KERNELBASE.dll+2c44d|c:\windows\system32\pcasvc.dll+ac96|c:\windows\system32\pcasvc.dll+aaf6|c:\windows\system32\pcasvc.dll+aab8|C:\Windows\System32\KERNEL32.DLL+84d4|C:\Windows\SYSTEM32\ntdll.dll+51791</Data></EventData></Event>
/home/kali/director/projects/_corpora/attack_data/datasets/malware/chaos_ransomware/spread_in_root_drives/sysmon.log:6887:<Event xmlns='http://schemas.microsoft.com/win/2004/08/events/event'><System><Provider Name='Microsoft-Windows-Sysmon' Guid='{5770385F-C22A-43E0-BF4C-06F5698FFBD9}'/><EventID>7</EventID><Version>3</Version><Level>4</Level><Task>7</Task><Opcode>0</Opcode><Keywords>0x8000000000000000</Keywords><TimeCreated SystemTime='2023-01-17T10:32:02.630626800Z'/><EventRecordID>85690</EventRecordID><Correlation/><Execution ProcessID='2608' ThreadID='2100'/><Channel>Microsoft-Windows-Sysmon/Operational</Channel><Computer>win-dc-ctus-attack-range-141.attackrange.local</Computer><Security UserID='S-1-5-18'/></System><EventData><Data Name='RuleName'>-</Data><Data Name='UtcTime'>2023-01-17 10:32:02.630</Data><Data Name='ProcessGuid'>{F172AD64-7922-63C6-5B02-00000000B002}</Data><Data Name='ProcessId'>4516</Data><Data Name='Image'>C:\Windows\System32\bcdedit.exe</Data><Data Name='ImageLoaded'>C:\Windows\System32\cryptsp.dll</Data><Data Name='FileVersion'>10.0.14393.2969 (rs1_release.190503-1820)</Data><Data Name='Description'>Cryptographic Service Provider API</Data><Data Name='Product'>Microsoft® Windows® Operating System</Data><Data Name='Company'>Microsoft Corporation</Data><Data Name='OriginalFileName'>cryptsp.dll</Data><Data Name='Hashes'>MD5=9500AE4C4B639FEAEED0CC6C39F45149,SHA256=C1055D4B9A854282336A5404CA0FCB1A2EBC3417600035338C9CDFC7B8D0778C,IMPHASH=96CBD1B5C0EA88B677BA3BB5FD009869</Data><Data Name='Signed'>true</Data><Data Name='Signature'>Microsoft Windows</Data><Data Name='SignatureStatus'>Valid</Data></EventData></Event>
/home/kali/director/projects/_corpora/attack_data/datasets/malware/chaos_ransomware/spread_in_root_drives/sysmon.log:6888:<Event xmlns='http://schemas.microsoft.com/win/2004/08/events/event'><System><Provider Name='Microsoft-Windows-Sysmon' Guid='{5770385F-C22A-43E0-BF4C-06F5698FFBD9}'/><EventID>7</EventID><Version>3</Version><Level>4</Level><Task>7</Task><Opcode>0</Opcode><Keywords>0x8000000000000000</Keywords><TimeCreated SystemTime='2023-01-17T10:32:02.629209500Z'/><EventRecordID>85689</EventRecordID><Correlation/><Execution ProcessID='2608' ThreadID='2100'/><Channel>Microsoft-Windows-Sysmon/Operational</Channel><Computer>win-dc-ctus-attack-range-141.attackrange.local</Computer><Security UserID='S-1-5-18'/></System><EventData><Data Name='RuleName'>-</Data><Data Name='UtcTime'>2023-01-17 10:32:02.628</Data><Data Name='ProcessGuid'>{F172AD64-7922-63C6-5B02-00000000B002}</Data><Data Name='ProcessId'>4516</Data><Data Name='Image'>C:\Windows\System32\bcdedit.exe</Data><Data Name='ImageLoaded'>C:\Windows\System32\msvcrt.dll</Data><Data Name='FileVersion'>7.0.14393.2457 (rs1_release_inmarket.180822-1743)</Data><Data Name='Description'>Windows NT CRT DLL</Data><Data Name='Product'>Microsoft® Windows® Operating System</Data><Data Name='Company'>Microsoft Corporation</Data><Data Name='OriginalFileName'>msvcrt.dll</Data><Data Name='Hashes'>MD5=0AF8989DD67A135B536CF948E3EFB7EB,SHA256=C693DA0EF4DCF3BC244661B9FD280FE12C3053FDD7B977712C0CF210831B2EF4,IMPHASH=07D6F84E3C8FD0D2C32F9398A0369BAF</Data><Data Name='Signed'>true</Data><Data Name='Signature'>Microsoft Windows</Data><Data Name='SignatureStatus'>Valid</Data></EventData></Event>
/home/kali/director/projects/_corpora/attack_data/datasets/malware/chaos_ransomware/spread_in_root_drives/sysmon.log:6889:<Event xmlns='http://schemas.microsoft.com/win/2004/08/events/event'><System><Provider Name='Microsoft-Windows-Sysmon' Guid='{5770385F-C22A-43E0-BF4C-06F5698FFBD9}'/><EventID>10</EventID><Version>3</Version><Level>4</Level><Task>10</Task><Opcode>0</Opcode><Keywords>0x8000000000000000</Keywords><TimeCreated SystemTime='2023-01-17T10:32:02.628490600Z'/><EventRecordID>85688</EventRecordID><Correlation/><Execution ProcessID='2608' ThreadID='2100'/><Channel>Microsoft-Windows-Sysmon/Operational</Channel><Computer>win-dc-ctus-attack-range-141.attackrange.local</Computer><Security UserID='S-1-5-18'/></System><EventData><Data Name='RuleName'>-</Data><Data Name='UtcTime'>2023-01-17 10:32:02.628</Data><Data Name='SourceProcessGUID'>{F172AD64-7922-63C6-5A02-00000000B002}</Data><Data Name='SourceProcessId'>2436</Data><Data Name='SourceThreadId'>3816</Data><Data Name='SourceImage'>C:\Windows\system32\conhost.exe</Data><Data Name='TargetProcessGUID'>{F172AD64-7922-63C6-5B02-00000000B002}</Data><Data Name='TargetProcessId'>4516</Data><Data Name='TargetImage'>C:\Windows\system32\bcdedit.exe</Data><Data Name='GrantedAccess'>0x1fffff</Data><Data Name='CallTrace'>C:\Windows\SYSTEM32\ntdll.dll+a6154|C:\Windows\SYSTEM32\ConhostV2.dll+5ca7|C:\Windows\SYSTEM32\ConhostV2.dll+774b|C:\Windows\SYSTEM32\ConhostV2.dll+a8df|C:\Windows\System32\KERNEL32.DLL+84d4|C:\Windows\SYSTEM32\ntdll.dll+51791</Data></EventData></Event>
/home/kali/director/projects/_corpora/attack_data/datasets/malware/chaos_ransomware/spread_in_root_drives/sysmon.log:6890:<Event xmlns='http://schemas.microsoft.com/win/2004/08/events/event'><System><Provider Name='Microsoft-Windows-Sysmon' Guid='{5770385F-C22A-43E0-BF4C-06F5698FFBD9}'/><EventID>7</EventID><Version>3</Version><Level>4</Level><Task>7</Task><Opcode>0</Opcode><Keywords>0x8000000000000000</Keywords><TimeCreated SystemTime='2023-01-17T10:32:02.627984000Z'/><EventRecordID>85687</EventRecordID><Correlation/><Execution ProcessID='2608' ThreadID='2100'/><Channel>Microsoft-Windows-Sysmon/Operational</Channel><Computer>win-dc-ctus-attack-range-141.attackrange.local</Computer><Security UserID='S-1-5-18'/></System><EventData><Data Name='RuleName'>-</Data><Data Name='UtcTime'>2023-01-17 10:32:02.627</Data><Data Name='ProcessGuid'>{F172AD64-7922-63C6-5B02-00000000B002}</Data><Data Name='ProcessId'>4516</Data><Data Name='Image'>C:\Windows\System32\bcdedit.exe</Data><Data Name='ImageLoaded'>C:\Windows\System32\KernelBase.dll</Data><Data Name='FileVersion'>10.0.14393.5582 (rs1_release.221130-1719)</Data><Data Name='Description'>Windows NT BASE API Client DLL</Data><Data Name='Product'>Microsoft® Windows® Operating System</Data><Data Name='Company'>Microsoft Corporation</Data><Data Name='OriginalFileName'>Kernelbase.dll</Data><Data Name='Hashes'>MD5=D539D469F2D9528094498E68F7A75DDE,SHA256=F7764E62BF86CD678521B8DA0853284D79EC4CA8B208212E49307989CA462D1A,IMPHASH=F7C7E1EE1C2BB52E0AD557AF7ACC62EF</Data><Data Name='Signed'>true</Data><Data Name='Signature'>Microsoft Windows</Data><Data Name='SignatureStatus'>Valid</Data></EventData></Event>
/home/kali/director/projects/_corpora/attack_data/datasets/malware/chaos_ransomware/spread_in_root_drives/sysmon.log:6891:<Event xmlns='http://schemas.microsoft.com/win/2004/08/events/event'><System><Provider Name='Microsoft-Windows-Sysmon' Guid='{5770385F-C22A-43E0-BF4C-06F5698FFBD9}'/><EventID>7</EventID><Version>3</Version><Level>4</Level><Task>7</Task><Opcode>0</Opcode><Keywords>0x8000000000000000</Keywords><TimeCreated SystemTime='2023-01-17T10:32:02.627569900Z'/><EventRecordID>85686</EventRecordID><Correlation/><Execution ProcessID='2608' ThreadID='2100'/><Channel>Microsoft-Windows-Sysmon/Operational</Channel><Computer>win-dc-ctus-attack-range-141.attackrange.local</Computer><Security UserID='S-1-5-18'/></System><EventData><Data Name='RuleName'>-</Data><Data Name='UtcTime'>2023-01-17 10:32:02.627</Data><Data Name='ProcessGuid'>{F172AD64-7922-63C6-5B02-00000000B002}</Data><Data Name='ProcessId'>4516</Data><Data Name='Image'>C:\Windows\System32\bcdedit.exe</Data><Data Name='ImageLoaded'>C:\Windows\System32\kernel32.dll</Data><Data Name='FileVersion'>10.0.14393.5582 (rs1_release.221130-1719)</Data><Data Name='Description'>Windows NT BASE API Client DLL</Data><Data Name='Product'>Microsoft® Windows® Operating System</Data><Data Name='Company'>Microsoft Corporation</Data><Data Name='OriginalFileName'>kernel32</Data><Data Name='Hashes'>MD5=6EB968F29ACAC368D1A9F36A5581E89B,SHA256=78BAE4ABDACA6E892420DB1FD76CFFECDF6022389022B53608619249D0FCA3DE,IMPHASH=B6654FD7E37D5651FBE01C62205D1233</Data><Data Name='Signed'>true</Data><Data Name='Signature'>Microsoft Windows</Data><Data Name='SignatureStatus'>Valid</Data></EventData></Event>
/home/kali/director/projects/_corpora/attack_data/datasets/malware/chaos_ransomware/spread_in_root_drives/sysmon.log:6892:<Event xmlns='http://schemas.microsoft.com/win/2004/08/events/event'><System><Provider Name='Microsoft-Windows-Sysmon' Guid='{5770385F-C22A-43E0-BF4C-06F5698FFBD9}'/><EventID>7</EventID><Version>3</Version><Level>4</Level><Task>7</Task><Opcode>0</Opcode><Keywords>0x8000000000000000</Keywords><TimeCreated SystemTime='2023-01-17T10:32:02.627245900Z'/><EventRecordID>85685</EventRecordID><Correlation/><Execution ProcessID='2608' ThreadID='2100'/><Channel>Microsoft-Windows-Sysmon/Operational</Channel><Computer>win-dc-ctus-attack-range-141.attackrange.local</Computer><Security UserID='S-1-5-18'/></System><EventData><Data Name='RuleName'>-</Data><Data Name='UtcTime'>2023-01-17 10:32:02.626</Data><Data Name='ProcessGuid'>{F172AD64-7922-63C6-5B02-00000000B002}</Data><Data Name='ProcessId'>4516</Data><Data Name='Image'>C:\Windows\System32\bcdedit.exe</Data><Data Name='ImageLoaded'>C:\Windows\System32\ntdll.dll</Data><Data Name='FileVersion'>10.0.14393.5427 (rs1_release.220929-2054)</Data><Data Name='Description'>NT Layer DLL</Data><Data Name='Product'>Microsoft® Windows® Operating System</Data><Data Name='Company'>Microsoft Corporation</Data><Data Name='OriginalFileName'>ntdll.dll</Data><Data Name='Hashes'>MD5=6E3E284D0AE13742E3057662A1463299,SHA256=A2C89978022CD2CB5FC62435C955CC84DEF43B7E9A8010E998F8826DD44FB176,IMPHASH=00000000000000000000000000000000</Data><Data Name='Signed'>true</Data><Data Name='Signature'>Microsoft Windows</Data><Data Name='SignatureStatus'>Valid</Data></EventData></Event>
/home/kali/director/projects/_corpora/attack_data/datasets/malware/chaos_ransomware/spread_in_root_drives/sysmon.log:6897:<Event xmlns='http://schemas.microsoft.com/win/2004/08/events/event'><System><Provider Name='Microsoft-Windows-Sysmon' Guid='{5770385F-C22A-43E0-BF4C-06F5698FFBD9}'/><EventID>10</EventID><Version>3</Version><Level>4</Level><Task>10</Task><Opcode>0</Opcode><Keywords>0x8000000000000000</Keywords><TimeCreated SystemTime='2023-01-17T10:32:02.626675800Z'/><EventRecordID>85680</EventRecordID><Correlation/><Execution ProcessID='2608' ThreadID='2100'/><Channel>Microsoft-Windows-Sysmon/Operational</Channel><Computer>win-dc-ctus-attack-range-141.attackrange.local</Computer><Security UserID='S-1-5-18'/></System><EventData><Data Name='RuleName'>-</Data><Data Name='UtcTime'>2023-01-17 10:32:02.624</Data><Data Name='SourceProcessGUID'>{F172AD64-7631-63C6-A501-00000000B002}</Data><Data Name='SourceProcessId'>1960</Data><Data Name='SourceThreadId'>516</Data><Data Name='SourceImage'>C:\Windows\system32\csrss.exe</Data><Data Name='TargetProcessGUID'>{F172AD64-7922-63C6-5B02-00000000B002}</Data><Data Name='TargetProcessId'>4516</Data><Data Name='TargetImage'>C:\Windows\system32\bcdedit.exe</Data><Data Name='GrantedAccess'>0x1fffff</Data><Data Name='CallTrace'>C:\Windows\SYSTEM32\ntdll.dll+a6154|C:\Windows\system32\basesrv.DLL+2f47|C:\Windows\SYSTEM32\CSRSRV.dll+5645|C:\Windows\SYSTEM32\ntdll.dll+5179f</Data></EventData></Event>
/home/kali/director/projects/_corpora/attack_data/datasets/malware/chaos_ransomware/spread_in_root_drives/sysmon.log:6898:<Event xmlns='http://schemas.microsoft.com/win/2004/08/events/event'><System><Provider Name='Microsoft-Windows-Sysmon' Guid='{5770385F-C22A-43E0-BF4C-06F5698FFBD9}'/><EventID>10</EventID><Version>3</Version><Level>4</Level><Task>10</Task><Opcode>0</Opcode><Keywords>0x8000000000000000</Keywords><TimeCreated SystemTime='2023-01-17T10:32:02.626631500Z'/><EventRecordID>85679</EventRecordID><Correlation/><Execution ProcessID='2608' ThreadID='2100'/><Channel>Microsoft-Windows-Sysmon/Operational</Channel><Computer>win-dc-ctus-attack-range-141.attackrange.local</Computer><Security UserID='S-1-5-18'/></System><EventData><Data Name='RuleName'>-</Data><Data Name='UtcTime'>2023-01-17 10:32:02.624</Data><Data Name='SourceProcessGUID'>{F172AD64-7922-63C6-5902-00000000B002}</Data><Data Name='SourceProcessId'>2324</Data><Data Name='SourceThreadId'>1408</Data><Data Name='SourceImage'>C:\Windows\System32\cmd.exe</Data><Data Name='TargetProcessGUID'>{F172AD64-7922-63C6-5B02-00000000B002}</Data><Data Name='TargetProcessId'>4516</Data><Data Name='TargetImage'>C:\Windows\system32\bcdedit.exe</Data><Data Name='GrantedAccess'>0x1fffff</Data><Data Name='CallTrace'>C:\Windows\SYSTEM32\ntdll.dll+a7424|C:\Windows\System32\KERNELBASE.dll+24890|C:\Windows\System32\KERNELBASE.dll+22e56|C:\Windows\System32\KERNEL32.DLL+1c373|C:\Windows\System32\cmd.exe+f1e1|C:\Windows\System32\cmd.exe+11a37|C:\Windows\System32\cmd.exe+cb0d|C:\Windows\System32\cmd.exe+c295|C:\Windows\System32\cmd.exe+8564|C:\Windows\System32\cmd.exe+c347|C:\Windows\System32\cmd.exe+f916|C:\Windows\System32\cmd.exe+1510d|C:\Windows\System32\KERNEL32.DLL+84d4|C:\Windows\SYSTEM32\ntdll.dll+51791</Data></EventData></Event>
/home/kali/director/projects/_corpora/attack_data/datasets/malware/chaos_ransomware/spread_in_root_drives/sysmon.log:6899:<Event xmlns='http://schemas.microsoft.com/win/2004/08/events/event'><System><Provider Name='Microsoft-Windows-Sysmon' Guid='{5770385F-C22A-43E0-BF4C-06F5698FFBD9}'/><EventID>1</EventID><Version>5</Version><Level>4</Level><Task>1</Task><Opcode>0</Opcode><Keywords>0x8000000000000000</Keywords><TimeCreated SystemTime='2023-01-17T10:32:02.626544700Z'/><EventRecordID>85678</EventRecordID><Correlation/><Execution ProcessID='2608' ThreadID='2100'/><Channel>Microsoft-Windows-Sysmon/Operational</Channel><Computer>win-dc-ctus-attack-range-141.attackrange.local</Computer><Security UserID='S-1-5-18'/></System><EventData><Data Name='RuleName'>-</Data><Data Name='UtcTime'>2023-01-17 10:32:02.617</Data><Data Name='ProcessGuid'>{F172AD64-7922-63C6-5B02-00000000B002}</Data><Data Name='ProcessId'>4516</Data><Data Name='Image'>C:\Windows\System32\bcdedit.exe</Data><Data Name='FileVersion'>10.0.14393.5427 (rs1_release.220929-2054)</Data><Data Name='Description'>Boot Configuration Data Editor</Data><Data Name='Product'>Microsoft® Windows® Operating System</Data><Data Name='Company'>Microsoft Corporation</Data><Data Name='OriginalFileName'>bcdedit.exe</Data><Data Name='CommandLine'>bcdedit  /set {default} bootstatuspolicy ignoreallfailures </Data><Data Name='CurrentDirectory'>C:\Users\Administrator\AppData\Roaming\</Data><Data Name='User'>ATTACKRANGE\Administrator</Data><Data Name='LogonGuid'>{F172AD64-7633-63C6-0CDF-160000000000}</Data><Data Name='LogonId'>0x16df0c</Data><Data Name='TerminalSessionId'>2</Data><Data Name='IntegrityLevel'>High</Data><Data Name='Hashes'>MD5=3890A554538E956C56C97B29B08E20B3,SHA256=EC73F9AF0A5AEABDB739F9C50D605EF9942E95794E59A9C023BD5F7D02880F2A,IMPHASH=640CFCF7F00029D52EF0C4D45E2E87A6</Data><Data Name='ParentProcessGuid'>{F172AD64-7922-63C6-5902-00000000B002}</Data><Data Name='ParentProcessId'>2324</Data><Data Name='ParentImage'>C:\Windows\System32\cmd.exe</Data><Data Name='ParentCommandLine'>"C:\Windows\System32\cmd.exe" /C bcdedit /set {default} bootstatuspolicy ignoreallfailures &amp; bcdedit /set {default} recoveryenabled no</Data></EventData></Event>
/home/kali/director/projects/_corpora/attack_data/datasets/malware/chaos_ransomware/spread_in_root_drives/sysmon.log:6900:<Event xmlns='http://schemas.microsoft.com/win/2004/08/events/event'><System><Provider Name='Microsoft-Windows-Sysmon' Guid='{5770385F-C22A-43E0-BF4C-06F5698FFBD9}'/><EventID>10</EventID><Version>3</Version><Level>4</Level><Task>10</Task><Opcode>0</Opcode><Keywords>0x8000000000000000</Keywords><TimeCreated SystemTime='2023-01-17T10:32:02.618196100Z'/><EventRecordID>85677</EventRecordID><Correlation/><Execution ProcessID='2608' ThreadID='2100'/><Channel>Microsoft-Windows-Sysmon/Operational</Channel><Computer>win-dc-ctus-attack-range-141.attackrange.local</Computer><Security UserID='S-1-5-18'/></System><EventData><Data Name='RuleName'>-</Data><Data Name='UtcTime'>2023-01-17 10:32:02.617</Data><Data Name='SourceProcessGUID'>{F172AD64-6CE8-63C6-1300-00000000B002}</Data><Data Name='SourceProcessId'>680</Data><Data Name='SourceThreadId'>4856</Data><Data Name='SourceImage'>C:\Windows\System32\svchost.exe</Data><Data Name='TargetProcessGUID'>{F172AD64-7922-63C6-5B02-00000000B002}</Data><Data Name='TargetProcessId'>4516</Data><Data Name='TargetImage'>C:\Windows\system32\bcdedit.exe</Data><Data Name='GrantedAccess'>0x1fffff</Data><Data Name='CallTrace'>C:\Windows\SYSTEM32\ntdll.dll+a6154|C:\Windows\System32\KERNELBASE.dll+2c44d|c:\windows\system32\pcasvc.dll+ac96|c:\windows\system32\pcasvc.dll+aaf6|c:\windows\system32\pcasvc.dll+aab8|C:\Windows\System32\KERNEL32.DLL+84d4|C:\Windows\SYSTEM32\ntdll.dll+51791</Data></EventData></Event>
