# family=chaos_ransomware technique=T1490 (Inhibit System Recovery)
# patterns (each run as its own 'grep -inE', matches unioned): ['vssadmin', 'wbadmin', 'bcdedit', 'shadowcopy']
# files searched: ['/home/kali/director/projects/_corpora/attack_data/datasets/malware/chaos_ransomware/spread_in_root_drives/sysmon.log', '/home/kali/director/projects/_corpora/attack_data/datasets/malware/chaos_ransomware/sysmon.log']
# matched lines (after noise exclusion): 245
# lines dropped by NOISE_EXCLUDE_PATTERN (Aurora-Agent|sigma-rules|\.yml\.tmp): 0
#
/home/kali/director/projects/_corpora/attack_data/datasets/malware/chaos_ransomware/spread_in_root_drives/sysmon.log:7014:<Event xmlns='http://schemas.microsoft.com/win/2004/08/events/event'><System><Provider Name='Microsoft-Windows-Sysmon' Guid='{5770385F-C22A-43E0-BF4C-06F5698FFBD9}'/><EventID>1</EventID><Version>5</Version><Level>4</Level><Task>1</Task><Opcode>0</Opcode><Keywords>0x8000000000000000</Keywords><TimeCreated SystemTime='2023-01-17T10:32:02.494547000Z'/><EventRecordID>85563</EventRecordID><Correlation/><Execution ProcessID='2608' ThreadID='2100'/><Channel>Microsoft-Windows-Sysmon/Operational</Channel><Computer>win-dc-ctus-attack-range-141.attackrange.local</Computer><Security UserID='S-1-5-18'/></System><EventData><Data Name='RuleName'>-</Data><Data Name='UtcTime'>2023-01-17 10:32:02.487</Data><Data Name='ProcessGuid'>{F172AD64-7922-63C6-5802-00000000B002}</Data><Data Name='ProcessId'>4388</Data><Data Name='Image'>C:\Windows\System32\wbem\WMIC.exe</Data><Data Name='FileVersion'>10.0.14393.0 (rs1_release.160715-1616)</Data><Data Name='Description'>WMI Commandline Utility</Data><Data Name='Product'>Microsoft® Windows® Operating System</Data><Data Name='Company'>Microsoft Corporation</Data><Data Name='OriginalFileName'>wmic.exe</Data><Data Name='CommandLine'>wmic  shadowcopy delete</Data><Data Name='CurrentDirectory'>C:\Users\Administrator\AppData\Roaming\</Data><Data Name='User'>ATTACKRANGE\Administrator</Data><Data Name='LogonGuid'>{F172AD64-7633-63C6-0CDF-160000000000}</Data><Data Name='LogonId'>0x16df0c</Data><Data Name='TerminalSessionId'>2</Data><Data Name='IntegrityLevel'>High</Data><Data Name='Hashes'>MD5=2CEE7F1AD77D8817E0F043E5E5ED1C83,SHA256=6679EA8FBEB539B5852CE8838420471FED0600F5050F3370DBB355DAC76BF072,IMPHASH=1B1A3F43BF37B5BFE60751F2EE2F326E</Data><Data Name='ParentProcessGuid'>{F172AD64-7922-63C6-5302-00000000B002}</Data><Data Name='ParentProcessId'>6552</Data><Data Name='ParentImage'>C:\Windows\System32\cmd.exe</Data><Data Name='ParentCommandLine'>"C:\Windows\System32\cmd.exe" /C vssadmin delete shadows /all /quiet &amp; wmic shadowcopy delete</Data></EventData></Event>
/home/kali/director/projects/_corpora/attack_data/datasets/malware/chaos_ransomware/spread_in_root_drives/sysmon.log:7069:<Event xmlns='http://schemas.microsoft.com/win/2004/08/events/event'><System><Provider Name='Microsoft-Windows-Sysmon' Guid='{5770385F-C22A-43E0-BF4C-06F5698FFBD9}'/><EventID>7</EventID><Version>3</Version><Level>4</Level><Task>7</Task><Opcode>0</Opcode><Keywords>0x8000000000000000</Keywords><TimeCreated SystemTime='2023-01-17T10:32:02.441718200Z'/><EventRecordID>85509</EventRecordID><Correlation/><Execution ProcessID='2608' ThreadID='2144'/><Channel>Microsoft-Windows-Sysmon/Operational</Channel><Computer>win-dc-ctus-attack-range-141.attackrange.local</Computer><Security UserID='S-1-5-18'/></System><EventData><Data Name='RuleName'>-</Data><Data Name='UtcTime'>2023-01-17 10:32:02.423</Data><Data Name='ProcessGuid'>{F172AD64-7922-63C6-5502-00000000B002}</Data><Data Name='ProcessId'>6376</Data><Data Name='Image'>C:\Windows\System32\vssadmin.exe</Data><Data Name='ImageLoaded'>C:\Windows\System32\vss_ps.dll</Data><Data Name='FileVersion'>10.0.14393.5127 (rs1_release_inmarket.220514-1756)</Data><Data Name='Description'>Microsoft® Volume Shadow Copy Service proxy/stub</Data><Data Name='Product'>Microsoft® Windows® Operating System</Data><Data Name='Company'>Microsoft Corporation</Data><Data Name='OriginalFileName'>VSS_PS.DLL</Data><Data Name='Hashes'>MD5=676129154F18AFFAFB555F716237E297,SHA256=81CD5E4666301220C3079338731E39C9FAF033D2A2DEF5FF57ED772E5D17261B,IMPHASH=A17FEFC9A91E09EBF9D3185EAB0381BF</Data><Data Name='Signed'>true</Data><Data Name='Signature'>Microsoft Windows</Data><Data Name='SignatureStatus'>Valid</Data></EventData></Event>
/home/kali/director/projects/_corpora/attack_data/datasets/malware/chaos_ransomware/spread_in_root_drives/sysmon.log:7120:<Event xmlns='http://schemas.microsoft.com/win/2004/08/events/event'><System><Provider Name='Microsoft-Windows-Sysmon' Guid='{5770385F-C22A-43E0-BF4C-06F5698FFBD9}'/><EventID>7</EventID><Version>3</Version><Level>4</Level><Task>7</Task><Opcode>0</Opcode><Keywords>0x8000000000000000</Keywords><TimeCreated SystemTime='2023-01-17T10:32:02.386392100Z'/><EventRecordID>85458</EventRecordID><Correlation/><Execution ProcessID='2608' ThreadID='2144'/><Channel>Microsoft-Windows-Sysmon/Operational</Channel><Computer>win-dc-ctus-attack-range-141.attackrange.local</Computer><Security UserID='S-1-5-18'/></System><EventData><Data Name='RuleName'>-</Data><Data Name='UtcTime'>2023-01-17 10:32:02.360</Data><Data Name='ProcessGuid'>{F172AD64-7922-63C6-5502-00000000B002}</Data><Data Name='ProcessId'>6376</Data><Data Name='Image'>C:\Windows\System32\vssadmin.exe</Data><Data Name='ImageLoaded'>C:\Windows\System32\vssapi.dll</Data><Data Name='FileVersion'>10.0.14393.4169 (rs1_release.210107-1130)</Data><Data Name='Description'>Microsoft® Volume Shadow Copy Requestor/Writer Services API DLL</Data><Data Name='Product'>Microsoft® Windows® Operating System</Data><Data Name='Company'>Microsoft Corporation</Data><Data Name='OriginalFileName'>VSSAPI.DLL</Data><Data Name='Hashes'>MD5=79EE1F659B982D0A1DE6FDF83B0EE546,SHA256=385A5A18E04BC7CB57899EC700A2AFAC35A37BE3C7DCC9516D38EECF66A5C69A,IMPHASH=7A42644AF0B53C51D0E36668B2E15F8F</Data><Data Name='Signed'>true</Data><Data Name='Signature'>Microsoft Windows</Data><Data Name='SignatureStatus'>Valid</Data></EventData></Event>
/home/kali/director/projects/_corpora/attack_data/datasets/malware/chaos_ransomware/spread_in_root_drives/sysmon.log:7126:<Event xmlns='http://schemas.microsoft.com/win/2004/08/events/event'><System><Provider Name='Microsoft-Windows-Sysmon' Guid='{5770385F-C22A-43E0-BF4C-06F5698FFBD9}'/><EventID>7</EventID><Version>3</Version><Level>4</Level><Task>7</Task><Opcode>0</Opcode><Keywords>0x8000000000000000</Keywords><TimeCreated SystemTime='2023-01-17T10:32:02.369383800Z'/><EventRecordID>85452</EventRecordID><Correlation/><Execution ProcessID='2608' ThreadID='2100'/><Channel>Microsoft-Windows-Sysmon/Operational</Channel><Computer>win-dc-ctus-attack-range-141.attackrange.local</Computer><Security UserID='S-1-5-18'/></System><EventData><Data Name='RuleName'>-</Data><Data Name='UtcTime'>2023-01-17 10:32:02.361</Data><Data Name='ProcessGuid'>{F172AD64-7922-63C6-5502-00000000B002}</Data><Data Name='ProcessId'>6376</Data><Data Name='Image'>C:\Windows\System32\vssadmin.exe</Data><Data Name='ImageLoaded'>C:\Windows\System32\clbcatq.dll</Data><Data Name='FileVersion'>2001.12.10941.16384 (rs1_release.210107-1130)</Data><Data Name='Description'>COM+ Configuration Catalog</Data><Data Name='Product'>Microsoft® Windows® Operating System</Data><Data Name='Company'>Microsoft Corporation</Data><Data Name='OriginalFileName'>CLBCATQ.DLL</Data><Data Name='Hashes'>MD5=A82FB68F785E73141F5ABC91850595A8,SHA256=416DE0DA209CDCBE9B5D1A868CE972F8FE3399FF62E84EFD46D6FD49BDF7B7B2,IMPHASH=0BE8D1F061DD646F6D2B834CB7C9C900</Data><Data Name='Signed'>true</Data><Data Name='Signature'>Microsoft Windows</Data><Data Name='SignatureStatus'>Valid</Data></EventData></Event>
/home/kali/director/projects/_corpora/attack_data/datasets/malware/chaos_ransomware/spread_in_root_drives/sysmon.log:7127:<Event xmlns='http://schemas.microsoft.com/win/2004/08/events/event'><System><Provider Name='Microsoft-Windows-Sysmon' Guid='{5770385F-C22A-43E0-BF4C-06F5698FFBD9}'/><EventID>10</EventID><Version>3</Version><Level>4</Level><Task>10</Task><Opcode>0</Opcode><Keywords>0x8000000000000000</Keywords><TimeCreated SystemTime='2023-01-17T10:32:02.368550300Z'/><EventRecordID>85451</EventRecordID><Correlation/><Execution ProcessID='2608' ThreadID='2100'/><Channel>Microsoft-Windows-Sysmon/Operational</Channel><Computer>win-dc-ctus-attack-range-141.attackrange.local</Computer><Security UserID='S-1-5-18'/></System><EventData><Data Name='RuleName'>-</Data><Data Name='UtcTime'>2023-01-17 10:32:02.361</Data><Data Name='SourceProcessGUID'>{F172AD64-6CE6-63C6-0B00-00000000B002}</Data><Data Name='SourceProcessId'>624</Data><Data Name='SourceThreadId'>676</Data><Data Name='SourceImage'>C:\Windows\system32\lsass.exe</Data><Data Name='TargetProcessGUID'>{F172AD64-7922-63C6-5502-00000000B002}</Data><Data Name='TargetProcessId'>6376</Data><Data Name='TargetImage'>C:\Windows\system32\vssadmin.exe</Data><Data Name='GrantedAccess'>0x1000</Data><Data Name='CallTrace'>C:\Windows\SYSTEM32\ntdll.dll+a6154|C:\Windows\System32\KERNELBASE.dll+2c44d|C:\Windows\system32\lsasrv.dll+77ccc|C:\Windows\system32\lsasrv.dll+e79f4|C:\Windows\System32\RPCRT4.dll+7b183|C:\Windows\System32\RPCRT4.dll+d5bc1|C:\Windows\System32\RPCRT4.dll+538bc|C:\Windows\System32\RPCRT4.dll+35824|C:\Windows\System32\RPCRT4.dll+3473d|C:\Windows\System32\RPCRT4.dll+34feb|C:\Windows\System32\RPCRT4.dll+20ddc|C:\Windows\System32\RPCRT4.dll+2125c|C:\Windows\System32\RPCRT4.dll+106bc|C:\Windows\System32\RPCRT4.dll+11f1b|C:\Windows\System32\RPCRT4.dll+1a50a|C:\Windows\SYSTEM32\ntdll.dll+1d35e|C:\Windows\SYSTEM32\ntdll.dll+1ecc9|C:\Windows\System32\KERNEL32.DLL+84d4|C:\Windows\SYSTEM32\ntdll.dll+51791</Data></EventData></Event>
/home/kali/director/projects/_corpora/attack_data/datasets/malware/chaos_ransomware/spread_in_root_drives/sysmon.log:7128:<Event xmlns='http://schemas.microsoft.com/win/2004/08/events/event'><System><Provider Name='Microsoft-Windows-Sysmon' Guid='{5770385F-C22A-43E0-BF4C-06F5698FFBD9}'/><EventID>10</EventID><Version>3</Version><Level>4</Level><Task>10</Task><Opcode>0</Opcode><Keywords>0x8000000000000000</Keywords><TimeCreated SystemTime='2023-01-17T10:32:02.367621300Z'/><EventRecordID>85450</EventRecordID><Correlation/><Execution ProcessID='2608' ThreadID='2100'/><Channel>Microsoft-Windows-Sysmon/Operational</Channel><Computer>win-dc-ctus-attack-range-141.attackrange.local</Computer><Security UserID='S-1-5-18'/></System><EventData><Data Name='RuleName'>-</Data><Data Name='UtcTime'>2023-01-17 10:32:02.361</Data><Data Name='SourceProcessGUID'>{F172AD64-6CE7-63C6-0C00-00000000B002}</Data><Data Name='SourceProcessId'>832</Data><Data Name='SourceThreadId'>508</Data><Data Name='SourceImage'>C:\Windows\system32\svchost.exe</Data><Data Name='TargetProcessGUID'>{F172AD64-7922-63C6-5502-00000000B002}</Data><Data Name='TargetProcessId'>6376</Data><Data Name='TargetImage'>C:\Windows\system32\vssadmin.exe</Data><Data Name='GrantedAccess'>0x1000</Data><Data Name='CallTrace'>C:\Windows\SYSTEM32\ntdll.dll+a6154|C:\Windows\System32\KERNELBASE.dll+2c44d|c:\windows\system32\rpcss.dll+3f936|C:\Windows\System32\RPCRT4.dll+7b183|C:\Windows\System32\RPCRT4.dll+5518b|C:\Windows\System32\RPCRT4.dll+5386a|C:\Windows\System32\RPCRT4.dll+35824|C:\Windows\System32\RPCRT4.dll+3473d|C:\Windows\System32\RPCRT4.dll+34feb|C:\Windows\System32\RPCRT4.dll+20ddc|C:\Windows\System32\RPCRT4.dll+2125c|C:\Windows\System32\RPCRT4.dll+106bc|C:\Windows\System32\RPCRT4.dll+11f1b|C:\Windows\System32\RPCRT4.dll+1a50a|C:\Windows\SYSTEM32\ntdll.dll+1d35e|C:\Windows\SYSTEM32\ntdll.dll+1ecc9|C:\Windows\System32\KERNEL32.DLL+84d4|C:\Windows\SYSTEM32\ntdll.dll+51791</Data></EventData></Event>
/home/kali/director/projects/_corpora/attack_data/datasets/malware/chaos_ransomware/spread_in_root_drives/sysmon.log:7129:<Event xmlns='http://schemas.microsoft.com/win/2004/08/events/event'><System><Provider Name='Microsoft-Windows-Sysmon' Guid='{5770385F-C22A-43E0-BF4C-06F5698FFBD9}'/><EventID>7</EventID><Version>3</Version><Level>4</Level><Task>7</Task><Opcode>0</Opcode><Keywords>0x8000000000000000</Keywords><TimeCreated SystemTime='2023-01-17T10:32:02.366739000Z'/><EventRecordID>85449</EventRecordID><Correlation/><Execution ProcessID='2608' ThreadID='2100'/><Channel>Microsoft-Windows-Sysmon/Operational</Channel><Computer>win-dc-ctus-attack-range-141.attackrange.local</Computer><Security UserID='S-1-5-18'/></System><EventData><Data Name='RuleName'>-</Data><Data Name='UtcTime'>2023-01-17 10:32:02.361</Data><Data Name='ProcessGuid'>{F172AD64-7922-63C6-5502-00000000B002}</Data><Data Name='ProcessId'>6376</Data><Data Name='Image'>C:\Windows\System32\vssadmin.exe</Data><Data Name='ImageLoaded'>C:\Windows\System32\kernel.appcore.dll</Data><Data Name='FileVersion'>10.0.14393.2312 (rs1_release.180607-1919)</Data><Data Name='Description'>AppModel API Host</Data><Data Name='Product'>Microsoft® Windows® Operating System</Data><Data Name='Company'>Microsoft Corporation</Data><Data Name='OriginalFileName'>kernel.appcore.dll</Data><Data Name='Hashes'>MD5=0AF5EF8A7FEFD4B37036B71514FC20CF,SHA256=D4F178583F6F33794D42B4DB11008494E9CD9F069C2AD2CA304DA63F9B5F659C,IMPHASH=94524C03C5380F78283785F1E05E667D</Data><Data Name='Signed'>true</Data><Data Name='Signature'>Microsoft Windows</Data><Data Name='SignatureStatus'>Valid</Data></EventData></Event>
/home/kali/director/projects/_corpora/attack_data/datasets/malware/chaos_ransomware/spread_in_root_drives/sysmon.log:7130:<Event xmlns='http://schemas.microsoft.com/win/2004/08/events/event'><System><Provider Name='Microsoft-Windows-Sysmon' Guid='{5770385F-C22A-43E0-BF4C-06F5698FFBD9}'/><EventID>7</EventID><Version>3</Version><Level>4</Level><Task>7</Task><Opcode>0</Opcode><Keywords>0x8000000000000000</Keywords><TimeCreated SystemTime='2023-01-17T10:32:02.363027200Z'/><EventRecordID>85448</EventRecordID><Correlation/><Execution ProcessID='2608' ThreadID='2100'/><Channel>Microsoft-Windows-Sysmon/Operational</Channel><Computer>win-dc-ctus-attack-range-141.attackrange.local</Computer><Security UserID='S-1-5-18'/></System><EventData><Data Name='RuleName'>-</Data><Data Name='UtcTime'>2023-01-17 10:32:02.361</Data><Data Name='ProcessGuid'>{F172AD64-7922-63C6-5502-00000000B002}</Data><Data Name='ProcessId'>6376</Data><Data Name='Image'>C:\Windows\System32\vssadmin.exe</Data><Data Name='ImageLoaded'>C:\Windows\System32\imm32.dll</Data><Data Name='FileVersion'>10.0.14393.0 (rs1_release.160715-1616)</Data><Data Name='Description'>Multi-User Windows IMM32 API Client DLL</Data><Data Name='Product'>Microsoft® Windows® Operating System</Data><Data Name='Company'>Microsoft Corporation</Data><Data Name='OriginalFileName'>imm32</Data><Data Name='Hashes'>MD5=E1024CF2E35DD3467F52BC83F7FEDA3F,SHA256=59C87761AD509BD096C2F35257C2370FB94B95160CB63FB9E66DFD8210AB002A,IMPHASH=C852E8FD14D356C81F834E318EEAD7FA</Data><Data Name='Signed'>true</Data><Data Name='Signature'>Microsoft Windows</Data><Data Name='SignatureStatus'>Valid</Data></EventData></Event>
/home/kali/director/projects/_corpora/attack_data/datasets/malware/chaos_ransomware/spread_in_root_drives/sysmon.log:7131:<Event xmlns='http://schemas.microsoft.com/win/2004/08/events/event'><System><Provider Name='Microsoft-Windows-Sysmon' Guid='{5770385F-C22A-43E0-BF4C-06F5698FFBD9}'/><EventID>7</EventID><Version>3</Version><Level>4</Level><Task>7</Task><Opcode>0</Opcode><Keywords>0x8000000000000000</Keywords><TimeCreated SystemTime='2023-01-17T10:32:02.361853700Z'/><EventRecordID>85447</EventRecordID><Correlation/><Execution ProcessID='2608' ThreadID='2100'/><Channel>Microsoft-Windows-Sysmon/Operational</Channel><Computer>win-dc-ctus-attack-range-141.attackrange.local</Computer><Security UserID='S-1-5-18'/></System><EventData><Data Name='RuleName'>-</Data><Data Name='UtcTime'>2023-01-17 10:32:02.360</Data><Data Name='ProcessGuid'>{F172AD64-7922-63C6-5502-00000000B002}</Data><Data Name='ProcessId'>6376</Data><Data Name='Image'>C:\Windows\System32\vssadmin.exe</Data><Data Name='ImageLoaded'>C:\Windows\System32\ws2_32.dll</Data><Data Name='FileVersion'>10.0.14393.3241 (rs1_release_inmarket.190910-1801)</Data><Data Name='Description'>Windows Socket 2.0 32-Bit DLL</Data><Data Name='Product'>Microsoft® Windows® Operating System</Data><Data Name='Company'>Microsoft Corporation</Data><Data Name='OriginalFileName'>ws2_32.dll</Data><Data Name='Hashes'>MD5=06E82905620845A7C185BDEE85CC4140,SHA256=B75C9B080293F85568912BABE749F403144959206F9C6BAB36B628E8F77C5DA0,IMPHASH=76A5AA3DF6083D853F576403C8F841A8</Data><Data Name='Signed'>true</Data><Data Name='Signature'>Microsoft Windows</Data><Data Name='SignatureStatus'>Valid</Data></EventData></Event>
/home/kali/director/projects/_corpora/attack_data/datasets/malware/chaos_ransomware/spread_in_root_drives/sysmon.log:7132:<Event xmlns='http://schemas.microsoft.com/win/2004/08/events/event'><System><Provider Name='Microsoft-Windows-Sysmon' Guid='{5770385F-C22A-43E0-BF4C-06F5698FFBD9}'/><EventID>7</EventID><Version>3</Version><Level>4</Level><Task>7</Task><Opcode>0</Opcode><Keywords>0x8000000000000000</Keywords><TimeCreated SystemTime='2023-01-17T10:32:02.356592800Z'/><EventRecordID>85446</EventRecordID><Correlation/><Execution ProcessID='2608' ThreadID='2144'/><Channel>Microsoft-Windows-Sysmon/Operational</Channel><Computer>win-dc-ctus-attack-range-141.attackrange.local</Computer><Security UserID='S-1-5-18'/></System><EventData><Data Name='RuleName'>-</Data><Data Name='UtcTime'>2023-01-17 10:32:02.344</Data><Data Name='ProcessGuid'>{F172AD64-7922-63C6-5502-00000000B002}</Data><Data Name='ProcessId'>6376</Data><Data Name='Image'>C:\Windows\System32\vssadmin.exe</Data><Data Name='ImageLoaded'>C:\Windows\System32\vsstrace.dll</Data><Data Name='FileVersion'>10.0.14393.4169 (rs1_release.210107-1130)</Data><Data Name='Description'>Microsoft® Volume Shadow Copy Service Tracing Library</Data><Data Name='Product'>Microsoft® Windows® Operating System</Data><Data Name='Company'>Microsoft Corporation</Data><Data Name='OriginalFileName'>vsstrace.dll</Data><Data Name='Hashes'>MD5=22660FF9634B3D700133905181361A28,SHA256=2189772DE55B6BE7B4221DBCD781289CD510ED8AA75AE7A45C96EFCCCE3A3B78,IMPHASH=F2BC9D3BB56F1E083F06D69A08E9AE79</Data><Data Name='Signed'>true</Data><Data Name='Signature'>Microsoft Windows</Data><Data Name='SignatureStatus'>Valid</Data></EventData></Event>
/home/kali/director/projects/_corpora/attack_data/datasets/malware/chaos_ransomware/spread_in_root_drives/sysmon.log:7133:<Event xmlns='http://schemas.microsoft.com/win/2004/08/events/event'><System><Provider Name='Microsoft-Windows-Sysmon' Guid='{5770385F-C22A-43E0-BF4C-06F5698FFBD9}'/><EventID>7</EventID><Version>3</Version><Level>4</Level><Task>7</Task><Opcode>0</Opcode><Keywords>0x8000000000000000</Keywords><TimeCreated SystemTime='2023-01-17T10:32:02.350954600Z'/><EventRecordID>85445</EventRecordID><Correlation/><Execution ProcessID='2608' ThreadID='2144'/><Channel>Microsoft-Windows-Sysmon/Operational</Channel><Computer>win-dc-ctus-attack-range-141.attackrange.local</Computer><Security UserID='S-1-5-18'/></System><EventData><Data Name='RuleName'>-</Data><Data Name='UtcTime'>2023-01-17 10:32:02.329</Data><Data Name='ProcessGuid'>{F172AD64-7922-63C6-5502-00000000B002}</Data><Data Name='ProcessId'>6376</Data><Data Name='Image'>C:\Windows\System32\vssadmin.exe</Data><Data Name='ImageLoaded'>C:\Windows\System32\vssadmin.exe</Data><Data Name='FileVersion'>10.0.14393.0 (rs1_release.160715-1616)</Data><Data Name='Description'>Command Line Interface for Microsoft® Volume Shadow Copy Service </Data><Data Name='Product'>Microsoft® Windows® Operating System</Data><Data Name='Company'>Microsoft Corporation</Data><Data Name='OriginalFileName'>VSSADMIN.EXE</Data><Data Name='Hashes'>MD5=2964D232005BD840B38F9DB4F95DC7DB,SHA256=4FE71EB779B57354E5600DC31E3DC1875ADC8A06663654AEC83F11109751E8FC,IMPHASH=974DD2AFBD6D9BAE89608D1B181CCCF8</Data><Data Name='Signed'>true</Data><Data Name='Signature'>Microsoft Windows</Data><Data Name='SignatureStatus'>Valid</Data></EventData></Event>
/home/kali/director/projects/_corpora/attack_data/datasets/malware/chaos_ransomware/spread_in_root_drives/sysmon.log:7136:<Event xmlns='http://schemas.microsoft.com/win/2004/08/events/event'><System><Provider Name='Microsoft-Windows-Sysmon' Guid='{5770385F-C22A-43E0-BF4C-06F5698FFBD9}'/><EventID>7</EventID><Version>3</Version><Level>4</Level><Task>7</Task><Opcode>0</Opcode><Keywords>0x8000000000000000</Keywords><TimeCreated SystemTime='2023-01-17T10:32:02.348375000Z'/><EventRecordID>85442</EventRecordID><Correlation/><Execution ProcessID='2608' ThreadID='2100'/><Channel>Microsoft-Windows-Sysmon/Operational</Channel><Computer>win-dc-ctus-attack-range-141.attackrange.local</Computer><Security UserID='S-1-5-18'/></System><EventData><Data Name='RuleName'>-</Data><Data Name='UtcTime'>2023-01-17 10:32:02.344</Data><Data Name='ProcessGuid'>{F172AD64-7922-63C6-5502-00000000B002}</Data><Data Name='ProcessId'>6376</Data><Data Name='Image'>C:\Windows\System32\vssadmin.exe</Data><Data Name='ImageLoaded'>C:\Windows\System32\win32u.dll</Data><Data Name='FileVersion'>10.0.14393.51 (rs1_release_inmarket.160801-1836)</Data><Data Name='Description'>Win32u</Data><Data Name='Product'>Microsoft® Windows® Operating System</Data><Data Name='Company'>Microsoft Corporation</Data><Data Name='OriginalFileName'>Win32u.DLL</Data><Data Name='Hashes'>MD5=0482CFC6D06935953519340A0D360329,SHA256=7AB410C10BE2A2C3D46BCCD878D398DFFBF2116D1AB8A5106CBBE1F9D06931E3,IMPHASH=00000000000000000000000000000000</Data><Data Name='Signed'>true</Data><Data Name='Signature'>Microsoft Windows</Data><Data Name='SignatureStatus'>Valid</Data></EventData></Event>
/home/kali/director/projects/_corpora/attack_data/datasets/malware/chaos_ransomware/spread_in_root_drives/sysmon.log:7137:<Event xmlns='http://schemas.microsoft.com/win/2004/08/events/event'><System><Provider Name='Microsoft-Windows-Sysmon' Guid='{5770385F-C22A-43E0-BF4C-06F5698FFBD9}'/><EventID>7</EventID><Version>3</Version><Level>4</Level><Task>7</Task><Opcode>0</Opcode><Keywords>0x8000000000000000</Keywords><TimeCreated SystemTime='2023-01-17T10:32:02.348067400Z'/><EventRecordID>85441</EventRecordID><Correlation/><Execution ProcessID='2608' ThreadID='2100'/><Channel>Microsoft-Windows-Sysmon/Operational</Channel><Computer>win-dc-ctus-attack-range-141.attackrange.local</Computer><Security UserID='S-1-5-18'/></System><EventData><Data Name='RuleName'>-</Data><Data Name='UtcTime'>2023-01-17 10:32:02.344</Data><Data Name='ProcessGuid'>{F172AD64-7922-63C6-5502-00000000B002}</Data><Data Name='ProcessId'>6376</Data><Data Name='Image'>C:\Windows\System32\vssadmin.exe</Data><Data Name='ImageLoaded'>C:\Windows\System32\gdi32full.dll</Data><Data Name='FileVersion'>10.0.14393.5582 (rs1_release.221130-1719)</Data><Data Name='Description'>GDI Client DLL</Data><Data Name='Product'>Microsoft® Windows® Operating System</Data><Data Name='Company'>Microsoft Corporation</Data><Data Name='OriginalFileName'>gdi32</Data><Data Name='Hashes'>MD5=5ED94A02EBF8A9EA597DD1896C2058AF,SHA256=00B823F75600CD2FA15FF545ABAA581F244A185E580BC76C7C937159765A82A8,IMPHASH=059EB3BAA45E35C79FAE66F7279059EE</Data><Data Name='Signed'>true</Data><Data Name='Signature'>Microsoft Windows</Data><Data Name='SignatureStatus'>Valid</Data></EventData></Event>
/home/kali/director/projects/_corpora/attack_data/datasets/malware/chaos_ransomware/spread_in_root_drives/sysmon.log:7138:<Event xmlns='http://schemas.microsoft.com/win/2004/08/events/event'><System><Provider Name='Microsoft-Windows-Sysmon' Guid='{5770385F-C22A-43E0-BF4C-06F5698FFBD9}'/><EventID>7</EventID><Version>3</Version><Level>4</Level><Task>7</Task><Opcode>0</Opcode><Keywords>0x8000000000000000</Keywords><TimeCreated SystemTime='2023-01-17T10:32:02.347701600Z'/><EventRecordID>85440</EventRecordID><Correlation/><Execution ProcessID='2608' ThreadID='2100'/><Channel>Microsoft-Windows-Sysmon/Operational</Channel><Computer>win-dc-ctus-attack-range-141.attackrange.local</Computer><Security UserID='S-1-5-18'/></System><EventData><Data Name='RuleName'>-</Data><Data Name='UtcTime'>2023-01-17 10:32:02.344</Data><Data Name='ProcessGuid'>{F172AD64-7922-63C6-5502-00000000B002}</Data><Data Name='ProcessId'>6376</Data><Data Name='Image'>C:\Windows\System32\vssadmin.exe</Data><Data Name='ImageLoaded'>C:\Windows\System32\user32.dll</Data><Data Name='FileVersion'>10.0.14393.4169 (rs1_release.210107-1130)</Data><Data Name='Description'>Multi-User Windows USER API Client DLL</Data><Data Name='Product'>Microsoft® Windows® Operating System</Data><Data Name='Company'>Microsoft Corporation</Data><Data Name='OriginalFileName'>user32</Data><Data Name='Hashes'>MD5=883B59C5557E8A9B3C1E1ED1CA48CD5A,SHA256=271800C20A96587265BF83DE2EFC11329EEB2B6C0D57E5E0BCD137FB96BFE6E3,IMPHASH=070F257E4632BC576557C4085595EAA4</Data><Data Name='Signed'>true</Data><Data Name='Signature'>Microsoft Windows</Data><Data Name='SignatureStatus'>Valid</Data></EventData></Event>
/home/kali/director/projects/_corpora/attack_data/datasets/malware/chaos_ransomware/spread_in_root_drives/sysmon.log:7139:<Event xmlns='http://schemas.microsoft.com/win/2004/08/events/event'><System><Provider Name='Microsoft-Windows-Sysmon' Guid='{5770385F-C22A-43E0-BF4C-06F5698FFBD9}'/><EventID>7</EventID><Version>3</Version><Level>4</Level><Task>7</Task><Opcode>0</Opcode><Keywords>0x8000000000000000</Keywords><TimeCreated SystemTime='2023-01-17T10:32:02.347379600Z'/><EventRecordID>85439</EventRecordID><Correlation/><Execution ProcessID='2608' ThreadID='2100'/><Channel>Microsoft-Windows-Sysmon/Operational</Channel><Computer>win-dc-ctus-attack-range-141.attackrange.local</Computer><Security UserID='S-1-5-18'/></System><EventData><Data Name='RuleName'>-</Data><Data Name='UtcTime'>2023-01-17 10:32:02.344</Data><Data Name='ProcessGuid'>{F172AD64-7922-63C6-5502-00000000B002}</Data><Data Name='ProcessId'>6376</Data><Data Name='Image'>C:\Windows\System32\vssadmin.exe</Data><Data Name='ImageLoaded'>C:\Windows\System32\gdi32.dll</Data><Data Name='FileVersion'>10.0.14393.4169 (rs1_release.210107-1130)</Data><Data Name='Description'>GDI Client DLL</Data><Data Name='Product'>Microsoft® Windows® Operating System</Data><Data Name='Company'>Microsoft Corporation</Data><Data Name='OriginalFileName'>gdi32</Data><Data Name='Hashes'>MD5=551D603CEC947F586DB9FADEF4D2EBA6,SHA256=143125EFF9F3BC5B3F3BE505F3C3814393807B9CACB6AA5F75D39C77EC0D4ED8,IMPHASH=A24D446CB7FCBB6D29B592603C0BE00C</Data><Data Name='Signed'>true</Data><Data Name='Signature'>Microsoft Windows</Data><Data Name='SignatureStatus'>Valid</Data></EventData></Event>
/home/kali/director/projects/_corpora/attack_data/datasets/malware/chaos_ransomware/spread_in_root_drives/sysmon.log:7140:<Event xmlns='http://schemas.microsoft.com/win/2004/08/events/event'><System><Provider Name='Microsoft-Windows-Sysmon' Guid='{5770385F-C22A-43E0-BF4C-06F5698FFBD9}'/><EventID>7</EventID><Version>3</Version><Level>4</Level><Task>7</Task><Opcode>0</Opcode><Keywords>0x8000000000000000</Keywords><TimeCreated SystemTime='2023-01-17T10:32:02.347151900Z'/><EventRecordID>85438</EventRecordID><Correlation/><Execution ProcessID='2608' ThreadID='2100'/><Channel>Microsoft-Windows-Sysmon/Operational</Channel><Computer>win-dc-ctus-attack-range-141.attackrange.local</Computer><Security UserID='S-1-5-18'/></System><EventData><Data Name='RuleName'>-</Data><Data Name='UtcTime'>2023-01-17 10:32:02.344</Data><Data Name='ProcessGuid'>{F172AD64-7922-63C6-5502-00000000B002}</Data><Data Name='ProcessId'>6376</Data><Data Name='Image'>C:\Windows\System32\vssadmin.exe</Data><Data Name='ImageLoaded'>C:\Windows\System32\shlwapi.dll</Data><Data Name='FileVersion'>10.0.14393.5427 (rs1_release.220929-2054)</Data><Data Name='Description'>Shell Light-weight Utility Library</Data><Data Name='Product'>Microsoft® Windows® Operating System</Data><Data Name='Company'>Microsoft Corporation</Data><Data Name='OriginalFileName'>SHLWAPI.DLL</Data><Data Name='Hashes'>MD5=6C4CAC9EFE57970AC9FF9DC2DC5CAA05,SHA256=B08B80DC5227DF37B5AD26B64A010D2BA1C559CD304F909D30D5D66775FAC590,IMPHASH=9F3DE8492A7F075320A36332ACC9CAAF</Data><Data Name='Signed'>true</Data><Data Name='Signature'>Microsoft Windows</Data><Data Name='SignatureStatus'>Valid</Data></EventData></Event>
/home/kali/director/projects/_corpora/attack_data/datasets/malware/chaos_ransomware/spread_in_root_drives/sysmon.log:7141:<Event xmlns='http://schemas.microsoft.com/win/2004/08/events/event'><System><Provider Name='Microsoft-Windows-Sysmon' Guid='{5770385F-C22A-43E0-BF4C-06F5698FFBD9}'/><EventID>7</EventID><Version>3</Version><Level>4</Level><Task>7</Task><Opcode>0</Opcode><Keywords>0x8000000000000000</Keywords><TimeCreated SystemTime='2023-01-17T10:32:02.346881200Z'/><EventRecordID>85437</EventRecordID><Correlation/><Execution ProcessID='2608' ThreadID='2100'/><Channel>Microsoft-Windows-Sysmon/Operational</Channel><Computer>win-dc-ctus-attack-range-141.attackrange.local</Computer><Security UserID='S-1-5-18'/></System><EventData><Data Name='RuleName'>-</Data><Data Name='UtcTime'>2023-01-17 10:32:02.344</Data><Data Name='ProcessGuid'>{F172AD64-7922-63C6-5502-00000000B002}</Data><Data Name='ProcessId'>6376</Data><Data Name='Image'>C:\Windows\System32\vssadmin.exe</Data><Data Name='ImageLoaded'>C:\Windows\System32\atl.dll</Data><Data Name='FileVersion'>3.05.2284</Data><Data Name='Description'>ATL Module for Windows XP (Unicode)</Data><Data Name='Product'>Microsoft (R) Visual C++</Data><Data Name='Company'>Microsoft Corporation</Data><Data Name='OriginalFileName'>ATL.DLL</Data><Data Name='Hashes'>MD5=C1B73181019C1E1F28F4161B5F198B7F,SHA256=C3678504437D23910C18D3680B05B4E819A2229BDD0E1E0567186C70D814560D,IMPHASH=5500EF6AAEED0FAA2DE0F3B65E67DE20</Data><Data Name='Signed'>true</Data><Data Name='Signature'>Microsoft Windows</Data><Data Name='SignatureStatus'>Valid</Data></EventData></Event>
/home/kali/director/projects/_corpora/attack_data/datasets/malware/chaos_ransomware/spread_in_root_drives/sysmon.log:7142:<Event xmlns='http://schemas.microsoft.com/win/2004/08/events/event'><System><Provider Name='Microsoft-Windows-Sysmon' Guid='{5770385F-C22A-43E0-BF4C-06F5698FFBD9}'/><EventID>7</EventID><Version>3</Version><Level>4</Level><Task>7</Task><Opcode>0</Opcode><Keywords>0x8000000000000000</Keywords><TimeCreated SystemTime='2023-01-17T10:32:02.346436700Z'/><EventRecordID>85436</EventRecordID><Correlation/><Execution ProcessID='2608' ThreadID='2100'/><Channel>Microsoft-Windows-Sysmon/Operational</Channel><Computer>win-dc-ctus-attack-range-141.attackrange.local</Computer><Security UserID='S-1-5-18'/></System><EventData><Data Name='RuleName'>-</Data><Data Name='UtcTime'>2023-01-17 10:32:02.344</Data><Data Name='ProcessGuid'>{F172AD64-7922-63C6-5502-00000000B002}</Data><Data Name='ProcessId'>6376</Data><Data Name='Image'>C:\Windows\System32\vssadmin.exe</Data><Data Name='ImageLoaded'>C:\Windows\System32\msvcp_win.dll</Data><Data Name='FileVersion'>10.0.14393.2999 (rs1_release_inmarket.190520-1518)</Data><Data Name='Description'>Microsoft® C Runtime Library</Data><Data Name='Product'>Microsoft® Windows® Operating System</Data><Data Name='Company'>Microsoft Corporation</Data><Data Name='OriginalFileName'>msvcp_win.dll</Data><Data Name='Hashes'>MD5=C50C0CEFA633773AB29572E05834F1FE,SHA256=50178F23AA57B31626614C6C65DA2B6518A64FF684FFA18A0F49C4431DFCBEC5,IMPHASH=5B59892514923CABE9B70CFE22A3F59A</Data><Data Name='Signed'>true</Data><Data Name='Signature'>Microsoft Windows</Data><Data Name='SignatureStatus'>Valid</Data></EventData></Event>
/home/kali/director/projects/_corpora/attack_data/datasets/malware/chaos_ransomware/spread_in_root_drives/sysmon.log:7143:<Event xmlns='http://schemas.microsoft.com/win/2004/08/events/event'><System><Provider Name='Microsoft-Windows-Sysmon' Guid='{5770385F-C22A-43E0-BF4C-06F5698FFBD9}'/><EventID>7</EventID><Version>3</Version><Level>4</Level><Task>7</Task><Opcode>0</Opcode><Keywords>0x8000000000000000</Keywords><TimeCreated SystemTime='2023-01-17T10:32:02.346123000Z'/><EventRecordID>85435</EventRecordID><Correlation/><Execution ProcessID='2608' ThreadID='2100'/><Channel>Microsoft-Windows-Sysmon/Operational</Channel><Computer>win-dc-ctus-attack-range-141.attackrange.local</Computer><Security UserID='S-1-5-18'/></System><EventData><Data Name='RuleName'>-</Data><Data Name='UtcTime'>2023-01-17 10:32:02.344</Data><Data Name='ProcessGuid'>{F172AD64-7922-63C6-5502-00000000B002}</Data><Data Name='ProcessId'>6376</Data><Data Name='Image'>C:\Windows\System32\vssadmin.exe</Data><Data Name='ImageLoaded'>C:\Windows\System32\oleaut32.dll</Data><Data Name='FileVersion'>10.0.14393.4402 (rs1_release.210426-1725)</Data><Data Name='Description'>OLEAUT32.DLL</Data><Data Name='Product'>Microsoft® Windows® Operating System</Data><Data Name='Company'>Microsoft Corporation</Data><Data Name='OriginalFileName'>OLEAUT32.DLL</Data><Data Name='Hashes'>MD5=57B07BF89C63FA60A810FEDE496126CA,SHA256=080632F80FA2A387E5A55C670FFE07C927D553FDDA26F7F8B4156C0C6B20E75E,IMPHASH=8987D71C85BB2C13D3D90194331F962F</Data><Data Name='Signed'>true</Data><Data Name='Signature'>Microsoft Windows</Data><Data Name='SignatureStatus'>Valid</Data></EventData></Event>
/home/kali/director/projects/_corpora/attack_data/datasets/malware/chaos_ransomware/spread_in_root_drives/sysmon.log:7144:<Event xmlns='http://schemas.microsoft.com/win/2004/08/events/event'><System><Provider Name='Microsoft-Windows-Sysmon' Guid='{5770385F-C22A-43E0-BF4C-06F5698FFBD9}'/><EventID>7</EventID><Version>3</Version><Level>4</Level><Task>7</Task><Opcode>0</Opcode><Keywords>0x8000000000000000</Keywords><TimeCreated SystemTime='2023-01-17T10:32:02.345816600Z'/><EventRecordID>85434</EventRecordID><Correlation/><Execution ProcessID='2608' ThreadID='2100'/><Channel>Microsoft-Windows-Sysmon/Operational</Channel><Computer>win-dc-ctus-attack-range-141.attackrange.local</Computer><Security UserID='S-1-5-18'/></System><EventData><Data Name='RuleName'>-</Data><Data Name='UtcTime'>2023-01-17 10:32:02.344</Data><Data Name='ProcessGuid'>{F172AD64-7922-63C6-5502-00000000B002}</Data><Data Name='ProcessId'>6376</Data><Data Name='Image'>C:\Windows\System32\vssadmin.exe</Data><Data Name='ImageLoaded'>C:\Windows\System32\bcryptprimitives.dll</Data><Data Name='FileVersion'>10.0.14393.4770 (rs1_release.211101-1440)</Data><Data Name='Description'>Windows Cryptographic Primitives Library</Data><Data Name='Product'>Microsoft® Windows® Operating System</Data><Data Name='Company'>Microsoft Corporation</Data><Data Name='OriginalFileName'>bcryptprimitives.dll</Data><Data Name='Hashes'>MD5=54417B63FB3760BC6DBC5DB1BDA4C272,SHA256=B7A8B457B252AB949C067D5FCFEFB2AE98E9115B958D2A0FC120D7B13B3E9FAD,IMPHASH=BA5C37A1CF8C2730ED1F4DA1587496A5</Data><Data Name='Signed'>true</Data><Data Name='Signature'>Microsoft Windows</Data><Data Name='SignatureStatus'>Valid</Data></EventData></Event>
/home/kali/director/projects/_corpora/attack_data/datasets/malware/chaos_ransomware/spread_in_root_drives/sysmon.log:7145:<Event xmlns='http://schemas.microsoft.com/win/2004/08/events/event'><System><Provider Name='Microsoft-Windows-Sysmon' Guid='{5770385F-C22A-43E0-BF4C-06F5698FFBD9}'/><EventID>7</EventID><Version>3</Version><Level>4</Level><Task>7</Task><Opcode>0</Opcode><Keywords>0x8000000000000000</Keywords><TimeCreated SystemTime='2023-01-17T10:32:02.345501200Z'/><EventRecordID>85433</EventRecordID><Correlation/><Execution ProcessID='2608' ThreadID='2100'/><Channel>Microsoft-Windows-Sysmon/Operational</Channel><Computer>win-dc-ctus-attack-range-141.attackrange.local</Computer><Security UserID='S-1-5-18'/></System><EventData><Data Name='RuleName'>-</Data><Data Name='UtcTime'>2023-01-17 10:32:02.344</Data><Data Name='ProcessGuid'>{F172AD64-7922-63C6-5502-00000000B002}</Data><Data Name='ProcessId'>6376</Data><Data Name='Image'>C:\Windows\System32\vssadmin.exe</Data><Data Name='ImageLoaded'>C:\Windows\System32\ucrtbase.dll</Data><Data Name='FileVersion'>10.0.14393.3659 (rs1_release_1.200410-1813)</Data><Data Name='Description'>Microsoft® C Runtime Library</Data><Data Name='Product'>Microsoft® Windows® Operating System</Data><Data Name='Company'>Microsoft Corporation</Data><Data Name='OriginalFileName'>ucrtbase.dll</Data><Data Name='Hashes'>MD5=9804D130E8E7178738C2B9808091B427,SHA256=6053B7CC85846F15094475116A8C57BA89FE99FDD1978C54E8A7E2114E318FE3,IMPHASH=57ABD1FDE351971A01E912069E11B44C</Data><Data Name='Signed'>true</Data><Data Name='Signature'>Microsoft Windows</Data><Data Name='SignatureStatus'>Valid</Data></EventData></Event>
/home/kali/director/projects/_corpora/attack_data/datasets/malware/chaos_ransomware/spread_in_root_drives/sysmon.log:7146:<Event xmlns='http://schemas.microsoft.com/win/2004/08/events/event'><System><Provider Name='Microsoft-Windows-Sysmon' Guid='{5770385F-C22A-43E0-BF4C-06F5698FFBD9}'/><EventID>7</EventID><Version>3</Version><Level>4</Level><Task>7</Task><Opcode>0</Opcode><Keywords>0x8000000000000000</Keywords><TimeCreated SystemTime='2023-01-17T10:32:02.345122700Z'/><EventRecordID>85432</EventRecordID><Correlation/><Execution ProcessID='2608' ThreadID='2100'/><Channel>Microsoft-Windows-Sysmon/Operational</Channel><Computer>win-dc-ctus-attack-range-141.attackrange.local</Computer><Security UserID='S-1-5-18'/></System><EventData><Data Name='RuleName'>-</Data><Data Name='UtcTime'>2023-01-17 10:32:02.329</Data><Data Name='ProcessGuid'>{F172AD64-7922-63C6-5502-00000000B002}</Data><Data Name='ProcessId'>6376</Data><Data Name='Image'>C:\Windows\System32\vssadmin.exe</Data><Data Name='ImageLoaded'>C:\Windows\System32\combase.dll</Data><Data Name='FileVersion'>10.0.14393.5648 (rs1_release.230105-1654)</Data><Data Name='Description'>Microsoft COM for Windows</Data><Data Name='Product'>Microsoft® Windows® Operating System</Data><Data Name='Company'>Microsoft Corporation</Data><Data Name='OriginalFileName'>COMBASE.DLL</Data><Data Name='Hashes'>MD5=3C6A41CB05C121405B7A4E20C055F028,SHA256=E878D71FD1F0B4EC43688D75519C454A68BA6AB1F37822B26528C5150A365C28,IMPHASH=0863DD72CA0C3702DB7ACD19A4D5DEB1</Data><Data Name='Signed'>true</Data><Data Name='Signature'>Microsoft Windows</Data><Data Name='SignatureStatus'>Valid</Data></EventData></Event>
/home/kali/director/projects/_corpora/attack_data/datasets/malware/chaos_ransomware/spread_in_root_drives/sysmon.log:7147:<Event xmlns='http://schemas.microsoft.com/win/2004/08/events/event'><System><Provider Name='Microsoft-Windows-Sysmon' Guid='{5770385F-C22A-43E0-BF4C-06F5698FFBD9}'/><EventID>7</EventID><Version>3</Version><Level>4</Level><Task>7</Task><Opcode>0</Opcode><Keywords>0x8000000000000000</Keywords><TimeCreated SystemTime='2023-01-17T10:32:02.344579900Z'/><EventRecordID>85431</EventRecordID><Correlation/><Execution ProcessID='2608' ThreadID='2100'/><Channel>Microsoft-Windows-Sysmon/Operational</Channel><Computer>win-dc-ctus-attack-range-141.attackrange.local</Computer><Security UserID='S-1-5-18'/></System><EventData><Data Name='RuleName'>-</Data><Data Name='UtcTime'>2023-01-17 10:32:02.329</Data><Data Name='ProcessGuid'>{F172AD64-7922-63C6-5502-00000000B002}</Data><Data Name='ProcessId'>6376</Data><Data Name='Image'>C:\Windows\System32\vssadmin.exe</Data><Data Name='ImageLoaded'>C:\Windows\System32\rpcrt4.dll</Data><Data Name='FileVersion'>10.0.14393.5648 (rs1_release.230105-1654)</Data><Data Name='Description'>Remote Procedure Call Runtime</Data><Data Name='Product'>Microsoft® Windows® Operating System</Data><Data Name='Company'>Microsoft Corporation</Data><Data Name='OriginalFileName'>rpcrt4.dll</Data><Data Name='Hashes'>MD5=B6239DE0BF70B7B63793E3BF31FFA8DA,SHA256=77F649A248D1FBDD1AB9ED8B92D976E9ECA3006995C377C458BEFF936F889002,IMPHASH=C4246EC3F13C64466ED4274DBAA3B132</Data><Data Name='Signed'>true</Data><Data Name='Signature'>Microsoft Windows</Data><Data Name='SignatureStatus'>Valid</Data></EventData></Event>
/home/kali/director/projects/_corpora/attack_data/datasets/malware/chaos_ransomware/spread_in_root_drives/sysmon.log:7148:<Event xmlns='http://schemas.microsoft.com/win/2004/08/events/event'><System><Provider Name='Microsoft-Windows-Sysmon' Guid='{5770385F-C22A-43E0-BF4C-06F5698FFBD9}'/><EventID>7</EventID><Version>3</Version><Level>4</Level><Task>7</Task><Opcode>0</Opcode><Keywords>0x8000000000000000</Keywords><TimeCreated SystemTime='2023-01-17T10:32:02.344314100Z'/><EventRecordID>85430</EventRecordID><Correlation/><Execution ProcessID='2608' ThreadID='2100'/><Channel>Microsoft-Windows-Sysmon/Operational</Channel><Computer>win-dc-ctus-attack-range-141.attackrange.local</Computer><Security UserID='S-1-5-18'/></System><EventData><Data Name='RuleName'>-</Data><Data Name='UtcTime'>2023-01-17 10:32:02.329</Data><Data Name='ProcessGuid'>{F172AD64-7922-63C6-5502-00000000B002}</Data><Data Name='ProcessId'>6376</Data><Data Name='Image'>C:\Windows\System32\vssadmin.exe</Data><Data Name='ImageLoaded'>C:\Windows\System32\sechost.dll</Data><Data Name='FileVersion'>10.0.14393.5006 (rs1_release.220301-1704)</Data><Data Name='Description'>Host for SCM/SDDL/LSA Lookup APIs</Data><Data Name='Product'>Microsoft® Windows® Operating System</Data><Data Name='Company'>Microsoft Corporation</Data><Data Name='OriginalFileName'>sechost.dll</Data><Data Name='Hashes'>MD5=9F0F4C38A22FC9FFB8814F77A9563680,SHA256=E9ABDA1063716301F5D06DBC94D6A35B3F53A14B946525E5F764485132DB6166,IMPHASH=D6E06125849E8565A50F366A0149FB40</Data><Data Name='Signed'>true</Data><Data Name='Signature'>Microsoft Windows</Data><Data Name='SignatureStatus'>Valid</Data></EventData></Event>
/home/kali/director/projects/_corpora/attack_data/datasets/malware/chaos_ransomware/spread_in_root_drives/sysmon.log:7149:<Event xmlns='http://schemas.microsoft.com/win/2004/08/events/event'><System><Provider Name='Microsoft-Windows-Sysmon' Guid='{5770385F-C22A-43E0-BF4C-06F5698FFBD9}'/><EventID>7</EventID><Version>3</Version><Level>4</Level><Task>7</Task><Opcode>0</Opcode><Keywords>0x8000000000000000</Keywords><TimeCreated SystemTime='2023-01-17T10:32:02.344004000Z'/><EventRecordID>85429</EventRecordID><Correlation/><Execution ProcessID='2608' ThreadID='2100'/><Channel>Microsoft-Windows-Sysmon/Operational</Channel><Computer>win-dc-ctus-attack-range-141.attackrange.local</Computer><Security UserID='S-1-5-18'/></System><EventData><Data Name='RuleName'>-</Data><Data Name='UtcTime'>2023-01-17 10:32:02.329</Data><Data Name='ProcessGuid'>{F172AD64-7922-63C6-5502-00000000B002}</Data><Data Name='ProcessId'>6376</Data><Data Name='Image'>C:\Windows\System32\vssadmin.exe</Data><Data Name='ImageLoaded'>C:\Windows\System32\msvcrt.dll</Data><Data Name='FileVersion'>7.0.14393.2457 (rs1_release_inmarket.180822-1743)</Data><Data Name='Description'>Windows NT CRT DLL</Data><Data Name='Product'>Microsoft® Windows® Operating System</Data><Data Name='Company'>Microsoft Corporation</Data><Data Name='OriginalFileName'>msvcrt.dll</Data><Data Name='Hashes'>MD5=0AF8989DD67A135B536CF948E3EFB7EB,SHA256=C693DA0EF4DCF3BC244661B9FD280FE12C3053FDD7B977712C0CF210831B2EF4,IMPHASH=07D6F84E3C8FD0D2C32F9398A0369BAF</Data><Data Name='Signed'>true</Data><Data Name='Signature'>Microsoft Windows</Data><Data Name='SignatureStatus'>Valid</Data></EventData></Event>
/home/kali/director/projects/_corpora/attack_data/datasets/malware/chaos_ransomware/spread_in_root_drives/sysmon.log:7150:<Event xmlns='http://schemas.microsoft.com/win/2004/08/events/event'><System><Provider Name='Microsoft-Windows-Sysmon' Guid='{5770385F-C22A-43E0-BF4C-06F5698FFBD9}'/><EventID>7</EventID><Version>3</Version><Level>4</Level><Task>7</Task><Opcode>0</Opcode><Keywords>0x8000000000000000</Keywords><TimeCreated SystemTime='2023-01-17T10:32:02.343756600Z'/><EventRecordID>85428</EventRecordID><Correlation/><Execution ProcessID='2608' ThreadID='2100'/><Channel>Microsoft-Windows-Sysmon/Operational</Channel><Computer>win-dc-ctus-attack-range-141.attackrange.local</Computer><Security UserID='S-1-5-18'/></System><EventData><Data Name='RuleName'>-</Data><Data Name='UtcTime'>2023-01-17 10:32:02.329</Data><Data Name='ProcessGuid'>{F172AD64-7922-63C6-5502-00000000B002}</Data><Data Name='ProcessId'>6376</Data><Data Name='Image'>C:\Windows\System32\vssadmin.exe</Data><Data Name='ImageLoaded'>C:\Windows\System32\advapi32.dll</Data><Data Name='FileVersion'>10.0.14393.5427 (rs1_release.220929-2054)</Data><Data Name='Description'>Advanced Windows 32 Base API</Data><Data Name='Product'>Microsoft® Windows® Operating System</Data><Data Name='Company'>Microsoft Corporation</Data><Data Name='OriginalFileName'>advapi32.dll</Data><Data Name='Hashes'>MD5=A36D18BE95392498D736CB9CB6F1324B,SHA256=CFF43FFE98D18B665C024777928D160B2335D7A90D7DF5E77EDCA51F722DAFF1,IMPHASH=952BB451766D014E1FD706A6F953EAF0</Data><Data Name='Signed'>true</Data><Data Name='Signature'>Microsoft Windows</Data><Data Name='SignatureStatus'>Valid</Data></EventData></Event>
/home/kali/director/projects/_corpora/attack_data/datasets/malware/chaos_ransomware/spread_in_root_drives/sysmon.log:7151:<Event xmlns='http://schemas.microsoft.com/win/2004/08/events/event'><System><Provider Name='Microsoft-Windows-Sysmon' Guid='{5770385F-C22A-43E0-BF4C-06F5698FFBD9}'/><EventID>10</EventID><Version>3</Version><Level>4</Level><Task>10</Task><Opcode>0</Opcode><Keywords>0x8000000000000000</Keywords><TimeCreated SystemTime='2023-01-17T10:32:02.343228700Z'/><EventRecordID>85427</EventRecordID><Correlation/><Execution ProcessID='2608' ThreadID='2100'/><Channel>Microsoft-Windows-Sysmon/Operational</Channel><Computer>win-dc-ctus-attack-range-141.attackrange.local</Computer><Security UserID='S-1-5-18'/></System><EventData><Data Name='RuleName'>-</Data><Data Name='UtcTime'>2023-01-17 10:32:02.329</Data><Data Name='SourceProcessGUID'>{F172AD64-7922-63C6-5402-00000000B002}</Data><Data Name='SourceProcessId'>4892</Data><Data Name='SourceThreadId'>2244</Data><Data Name='SourceImage'>C:\Windows\system32\conhost.exe</Data><Data Name='TargetProcessGUID'>{F172AD64-7922-63C6-5502-00000000B002}</Data><Data Name='TargetProcessId'>6376</Data><Data Name='TargetImage'>C:\Windows\system32\vssadmin.exe</Data><Data Name='GrantedAccess'>0x1fffff</Data><Data Name='CallTrace'>C:\Windows\SYSTEM32\ntdll.dll+a6154|C:\Windows\SYSTEM32\ConhostV2.dll+5ca7|C:\Windows\SYSTEM32\ConhostV2.dll+774b|C:\Windows\SYSTEM32\ConhostV2.dll+a8df|C:\Windows\System32\KERNEL32.DLL+84d4|C:\Windows\SYSTEM32\ntdll.dll+51791</Data></EventData></Event>
/home/kali/director/projects/_corpora/attack_data/datasets/malware/chaos_ransomware/spread_in_root_drives/sysmon.log:7152:<Event xmlns='http://schemas.microsoft.com/win/2004/08/events/event'><System><Provider Name='Microsoft-Windows-Sysmon' Guid='{5770385F-C22A-43E0-BF4C-06F5698FFBD9}'/><EventID>7</EventID><Version>3</Version><Level>4</Level><Task>7</Task><Opcode>0</Opcode><Keywords>0x8000000000000000</Keywords><TimeCreated SystemTime='2023-01-17T10:32:02.343063200Z'/><EventRecordID>85426</EventRecordID><Correlation/><Execution ProcessID='2608' ThreadID='2100'/><Channel>Microsoft-Windows-Sysmon/Operational</Channel><Computer>win-dc-ctus-attack-range-141.attackrange.local</Computer><Security UserID='S-1-5-18'/></System><EventData><Data Name='RuleName'>-</Data><Data Name='UtcTime'>2023-01-17 10:32:02.329</Data><Data Name='ProcessGuid'>{F172AD64-7922-63C6-5502-00000000B002}</Data><Data Name='ProcessId'>6376</Data><Data Name='Image'>C:\Windows\System32\vssadmin.exe</Data><Data Name='ImageLoaded'>C:\Windows\System32\KernelBase.dll</Data><Data Name='FileVersion'>10.0.14393.5582 (rs1_release.221130-1719)</Data><Data Name='Description'>Windows NT BASE API Client DLL</Data><Data Name='Product'>Microsoft® Windows® Operating System</Data><Data Name='Company'>Microsoft Corporation</Data><Data Name='OriginalFileName'>Kernelbase.dll</Data><Data Name='Hashes'>MD5=D539D469F2D9528094498E68F7A75DDE,SHA256=F7764E62BF86CD678521B8DA0853284D79EC4CA8B208212E49307989CA462D1A,IMPHASH=F7C7E1EE1C2BB52E0AD557AF7ACC62EF</Data><Data Name='Signed'>true</Data><Data Name='Signature'>Microsoft Windows</Data><Data Name='SignatureStatus'>Valid</Data></EventData></Event>
/home/kali/director/projects/_corpora/attack_data/datasets/malware/chaos_ransomware/spread_in_root_drives/sysmon.log:7153:<Event xmlns='http://schemas.microsoft.com/win/2004/08/events/event'><System><Provider Name='Microsoft-Windows-Sysmon' Guid='{5770385F-C22A-43E0-BF4C-06F5698FFBD9}'/><EventID>7</EventID><Version>3</Version><Level>4</Level><Task>7</Task><Opcode>0</Opcode><Keywords>0x8000000000000000</Keywords><TimeCreated SystemTime='2023-01-17T10:32:02.342765000Z'/><EventRecordID>85425</EventRecordID><Correlation/><Execution ProcessID='2608' ThreadID='2100'/><Channel>Microsoft-Windows-Sysmon/Operational</Channel><Computer>win-dc-ctus-attack-range-141.attackrange.local</Computer><Security UserID='S-1-5-18'/></System><EventData><Data Name='RuleName'>-</Data><Data Name='UtcTime'>2023-01-17 10:32:02.329</Data><Data Name='ProcessGuid'>{F172AD64-7922-63C6-5502-00000000B002}</Data><Data Name='ProcessId'>6376</Data><Data Name='Image'>C:\Windows\System32\vssadmin.exe</Data><Data Name='ImageLoaded'>C:\Windows\System32\kernel32.dll</Data><Data Name='FileVersion'>10.0.14393.5582 (rs1_release.221130-1719)</Data><Data Name='Description'>Windows NT BASE API Client DLL</Data><Data Name='Product'>Microsoft® Windows® Operating System</Data><Data Name='Company'>Microsoft Corporation</Data><Data Name='OriginalFileName'>kernel32</Data><Data Name='Hashes'>MD5=6EB968F29ACAC368D1A9F36A5581E89B,SHA256=78BAE4ABDACA6E892420DB1FD76CFFECDF6022389022B53608619249D0FCA3DE,IMPHASH=B6654FD7E37D5651FBE01C62205D1233</Data><Data Name='Signed'>true</Data><Data Name='Signature'>Microsoft Windows</Data><Data Name='SignatureStatus'>Valid</Data></EventData></Event>
