/home/kali/director/projects/_corpora/attack_data/datasets/malware/conti/inf1/windows-sysmon.log:3455:<Event xmlns='http://schemas.microsoft.com/win/2004/08/events/event'><System><Provider Name='Microsoft-Windows-Sysmon' Guid='{5770385F-C22A-43E0-BF4C-06F5698FFBD9}'/><EventID>11</EventID><Version>2</Version><Level>4</Level><Task>11</Task><Opcode>0</Opcode><Keywords>0x8000000000000000</Keywords><TimeCreated SystemTime='2021-06-04T14:29:29.256175300Z'/><EventRecordID>77255</EventRecordID><Correlation/><Execution ProcessID='2964' ThreadID='3112'/><Channel>Microsoft-Windows-Sysmon/Operational</Channel><Computer>win-dc-392.attackrange.local</Computer><Security UserID='S-1-5-18'/></System><EventData><Data Name='RuleName'>-</Data><Data Name='UtcTime'>2021-06-04 14:29:29.240</Data><Data Name='ProcessGuid'>{89999F75-EECB-60B9-0100-00000000C401}</Data><Data Name='ProcessId'>4</Data><Data Name='Image'>System</Data><Data Name='TargetFilename'>C:\Program Files\Git\mingw64\share\gettext-0.19.8\its\readme.txt</Data><Data Name='CreationUtcTime'>2021-06-04 14:29:29.240</Data></EventData></Event>
/home/kali/director/projects/_corpora/attack_data/datasets/malware/conti/inf1/windows-sysmon.log:3456:<Event xmlns='http://schemas.microsoft.com/win/2004/08/events/event'><System><Provider Name='Microsoft-Windows-Sysmon' Guid='{5770385F-C22A-43E0-BF4C-06F5698FFBD9}'/><EventID>11</EventID><Version>2</Version><Level>4</Level><Task>11</Task><Opcode>0</Opcode><Keywords>0x8000000000000000</Keywords><TimeCreated SystemTime='2021-06-04T14:29:29.169288200Z'/><EventRecordID>77254</EventRecordID><Correlation/><Execution ProcessID='2964' ThreadID='3112'/><Channel>Microsoft-Windows-Sysmon/Operational</Channel><Computer>win-dc-392.attackrange.local</Computer><Security UserID='S-1-5-18'/></System><EventData><Data Name='RuleName'>-</Data><Data Name='UtcTime'>2021-06-04 14:29:29.162</Data><Data Name='ProcessGuid'>{89999F75-EECB-60B9-0100-00000000C401}</Data><Data Name='ProcessId'>4</Data><Data Name='Image'>System</Data><Data Name='TargetFilename'>C:\Program Files\Git\mingw64\share\doc\xz\readme.txt</Data><Data Name='CreationUtcTime'>2021-06-04 14:29:29.162</Data></EventData></Event>
/home/kali/director/projects/_corpora/attack_data/datasets/malware/conti/inf1/windows-sysmon.log:3457:<Event xmlns='http://schemas.microsoft.com/win/2004/08/events/event'><System><Provider Name='Microsoft-Windows-Sysmon' Guid='{5770385F-C22A-43E0-BF4C-06F5698FFBD9}'/><EventID>11</EventID><Version>2</Version><Level>4</Level><Task>11</Task><Opcode>0</Opcode><Keywords>0x8000000000000000</Keywords><TimeCreated SystemTime='2021-06-04T14:29:29.156529300Z'/><EventRecordID>77253</EventRecordID><Correlation/><Execution ProcessID='2964' ThreadID='3112'/><Channel>Microsoft-Windows-Sysmon/Operational</Channel><Computer>win-dc-392.attackrange.local</Computer><Security UserID='S-1-5-18'/></System><EventData><Data Name='RuleName'>-</Data><Data Name='UtcTime'>2021-06-04 14:29:29.146</Data><Data Name='ProcessGuid'>{89999F75-EECB-60B9-0100-00000000C401}</Data><Data Name='ProcessId'>4</Data><Data Name='Image'>System</Data><Data Name='TargetFilename'>C:\Program Files\Git\mingw64\share\doc\nghttp2\readme.txt</Data><Data Name='CreationUtcTime'>2021-06-04 14:29:29.146</Data></EventData></Event>
/home/kali/director/projects/_corpora/attack_data/datasets/malware/conti/inf1/windows-sysmon.log:3462:<Event xmlns='http://schemas.microsoft.com/win/2004/08/events/event'><System><Provider Name='Microsoft-Windows-Sysmon' Guid='{5770385F-C22A-43E0-BF4C-06F5698FFBD9}'/><EventID>11</EventID><Version>2</Version><Level>4</Level><Task>11</Task><Opcode>0</Opcode><Keywords>0x8000000000000000</Keywords><TimeCreated SystemTime='2021-06-04T14:29:29.071406000Z'/><EventRecordID>77251</EventRecordID><Correlation/><Execution ProcessID='2964' ThreadID='3112'/><Channel>Microsoft-Windows-Sysmon/Operational</Channel><Computer>win-dc-392.attackrange.local</Computer><Security UserID='S-1-5-18'/></System><EventData><Data Name='RuleName'>-</Data><Data Name='UtcTime'>2021-06-04 14:29:29.068</Data><Data Name='ProcessGuid'>{89999F75-EECB-60B9-0100-00000000C401}</Data><Data Name='ProcessId'>4</Data><Data Name='Image'>System</Data><Data Name='TargetFilename'>C:\Program Files\Git\mingw64\share\doc\mpfr\readme.txt</Data><Data Name='CreationUtcTime'>2021-06-04 14:29:29.068</Data></EventData></Event>
/home/kali/director/projects/_corpora/attack_data/datasets/malware/conti/inf1/windows-sysmon.log:3463:<Event xmlns='http://schemas.microsoft.com/win/2004/08/events/event'><System><Provider Name='Microsoft-Windows-Sysmon' Guid='{5770385F-C22A-43E0-BF4C-06F5698FFBD9}'/><EventID>11</EventID><Version>2</Version><Level>4</Level><Task>11</Task><Opcode>0</Opcode><Keywords>0x8000000000000000</Keywords><TimeCreated SystemTime='2021-06-04T14:29:29.058150200Z'/><EventRecordID>77250</EventRecordID><Correlation/><Execution ProcessID='2964' ThreadID='3112'/><Channel>Microsoft-Windows-Sysmon/Operational</Channel><Computer>win-dc-392.attackrange.local</Computer><Security UserID='S-1-5-18'/></System><EventData><Data Name='RuleName'>-</Data><Data Name='UtcTime'>2021-06-04 14:29:29.053</Data><Data Name='ProcessGuid'>{89999F75-EECB-60B9-0100-00000000C401}</Data><Data Name='ProcessId'>4</Data><Data Name='Image'>System</Data><Data Name='TargetFilename'>C:\Program Files\Git\mingw64\share\doc\jemalloc\readme.txt</Data><Data Name='CreationUtcTime'>2021-06-04 14:29:29.053</Data></EventData></Event>
/home/kali/director/projects/_corpora/attack_data/datasets/malware/conti/inf1/windows-sysmon.log:3464:<Event xmlns='http://schemas.microsoft.com/win/2004/08/events/event'><System><Provider Name='Microsoft-Windows-Sysmon' Guid='{5770385F-C22A-43E0-BF4C-06F5698FFBD9}'/><EventID>11</EventID><Version>2</Version><Level>4</Level><Task>11</Task><Opcode>0</Opcode><Keywords>0x8000000000000000</Keywords><TimeCreated SystemTime='2021-06-04T14:29:30.586503200Z'/><EventRecordID>77292</EventRecordID><Correlation/><Execution ProcessID='2964' ThreadID='3112'/><Channel>Microsoft-Windows-Sysmon/Operational</Channel><Computer>win-dc-392.attackrange.local</Computer><Security UserID='S-1-5-18'/></System><EventData><Data Name='RuleName'>-</Data><Data Name='UtcTime'>2021-06-04 14:29:30.584</Data><Data Name='ProcessGuid'>{89999F75-EECB-60B9-0100-00000000C401}</Data><Data Name='ProcessId'>4</Data><Data Name='Image'>System</Data><Data Name='TargetFilename'>C:\Program Files\Git\usr\lib\tcl8.6\encoding\readme.txt</Data><Data Name='CreationUtcTime'>2021-06-04 14:29:30.584</Data></EventData></Event>
/home/kali/director/projects/_corpora/attack_data/datasets/malware/conti/inf1/windows-sysmon.log:3465:<Event xmlns='http://schemas.microsoft.com/win/2004/08/events/event'><System><Provider Name='Microsoft-Windows-Sysmon' Guid='{5770385F-C22A-43E0-BF4C-06F5698FFBD9}'/><EventID>11</EventID><Version>2</Version><Level>4</Level><Task>11</Task><Opcode>0</Opcode><Keywords>0x8000000000000000</Keywords><TimeCreated SystemTime='2021-06-04T14:29:30.567200000Z'/><EventRecordID>77291</EventRecordID><Correlation/><Execution ProcessID='2964' ThreadID='3112'/><Channel>Microsoft-Windows-Sysmon/Operational</Channel><Computer>win-dc-392.attackrange.local</Computer><Security UserID='S-1-5-18'/></System><EventData><Data Name='RuleName'>-</Data><Data Name='UtcTime'>2021-06-04 14:29:30.553</Data><Data Name='ProcessGuid'>{89999F75-EECB-60B9-0100-00000000C401}</Data><Data Name='ProcessId'>4</Data><Data Name='Image'>System</Data><Data Name='TargetFilename'>C:\Program Files\Git\usr\lib\tcl8\8.6\readme.txt</Data><Data Name='CreationUtcTime'>2021-06-04 14:29:30.553</Data></EventData></Event>
/home/kali/director/projects/_corpora/attack_data/datasets/malware/conti/inf1/windows-sysmon.log:3466:<Event xmlns='http://schemas.microsoft.com/win/2004/08/events/event'><System><Provider Name='Microsoft-Windows-Sysmon' Guid='{5770385F-C22A-43E0-BF4C-06F5698FFBD9}'/><EventID>11</EventID><Version>2</Version><Level>4</Level><Task>11</Task><Opcode>0</Opcode><Keywords>0x8000000000000000</Keywords><TimeCreated SystemTime='2021-06-04T14:29:30.547672400Z'/><EventRecordID>77290</EventRecordID><Correlation/><Execution ProcessID='2964' ThreadID='3112'/><Channel>Microsoft-Windows-Sysmon/Operational</Channel><Computer>win-dc-392.attackrange.local</Computer><Security UserID='S-1-5-18'/></System><EventData><Data Name='RuleName'>-</Data><Data Name='UtcTime'>2021-06-04 14:29:30.537</Data><Data Name='ProcessGuid'>{89999F75-EECB-60B9-0100-00000000C401}</Data><Data Name='ProcessId'>4</Data><Data Name='Image'>System</Data><Data Name='TargetFilename'>C:\Program Files\Git\usr\lib\tcl8\8.5\readme.txt</Data><Data Name='CreationUtcTime'>2021-06-04 14:29:30.537</Data></EventData></Event>
/home/kali/director/projects/_corpora/attack_data/datasets/malware/conti/inf1/windows-sysmon.log:3467:<Event xmlns='http://schemas.microsoft.com/win/2004/08/events/event'><System><Provider Name='Microsoft-Windows-Sysmon' Guid='{5770385F-C22A-43E0-BF4C-06F5698FFBD9}'/><EventID>11</EventID><Version>2</Version><Level>4</Level><Task>11</Task><Opcode>0</Opcode><Keywords>0x8000000000000000</Keywords><TimeCreated SystemTime='2021-06-04T14:29:30.539160600Z'/><EventRecordID>77289</EventRecordID><Correlation/><Execution ProcessID='2964' ThreadID='3112'/><Channel>Microsoft-Windows-Sysmon/Operational</Channel><Computer>win-dc-392.attackrange.local</Computer><Security UserID='S-1-5-18'/></System><EventData><Data Name='RuleName'>-</Data><Data Name='UtcTime'>2021-06-04 14:29:30.537</Data><Data Name='ProcessGuid'>{89999F75-EECB-60B9-0100-00000000C401}</Data><Data Name='ProcessId'>4</Data><Data Name='Image'>System</Data><Data Name='TargetFilename'>C:\Program Files\Git\usr\lib\tcl8\8.4\readme.txt</Data><Data Name='CreationUtcTime'>2021-06-04 14:29:30.537</Data></EventData></Event>
/home/kali/director/projects/_corpora/attack_data/datasets/malware/conti/inf1/windows-sysmon.log:3468:<Event xmlns='http://schemas.microsoft.com/win/2004/08/events/event'><System><Provider Name='Microsoft-Windows-Sysmon' Guid='{5770385F-C22A-43E0-BF4C-06F5698FFBD9}'/><EventID>11</EventID><Version>2</Version><Level>4</Level><Task>11</Task><Opcode>0</Opcode><Keywords>0x8000000000000000</Keywords><TimeCreated SystemTime='2021-06-04T14:29:30.530212800Z'/><EventRecordID>77288</EventRecordID><Correlation/><Execution ProcessID='2964' ThreadID='3112'/><Channel>Microsoft-Windows-Sysmon/Operational</Channel><Computer>win-dc-392.attackrange.local</Computer><Security UserID='S-1-5-18'/></System><EventData><Data Name='RuleName'>-</Data><Data Name='UtcTime'>2021-06-04 14:29:30.521</Data><Data Name='ProcessGuid'>{89999F75-EECB-60B9-0100-00000000C401}</Data><Data Name='ProcessId'>4</Data><Data Name='Image'>System</Data><Data Name='TargetFilename'>C:\Program Files\Git\usr\lib\perl5\vendor_perl\readme.txt</Data><Data Name='CreationUtcTime'>2021-06-04 14:29:30.521</Data></EventData></Event>
/home/kali/director/projects/_corpora/attack_data/datasets/malware/conti/inf1/windows-sysmon.log:3472:<Event xmlns='http://schemas.microsoft.com/win/2004/08/events/event'><System><Provider Name='Microsoft-Windows-Sysmon' Guid='{5770385F-C22A-43E0-BF4C-06F5698FFBD9}'/><EventID>11</EventID><Version>2</Version><Level>4</Level><Task>11</Task><Opcode>0</Opcode><Keywords>0x8000000000000000</Keywords><TimeCreated SystemTime='2021-06-04T14:29:30.056056300Z'/><EventRecordID>77286</EventRecordID><Correlation/><Execution ProcessID='2964' ThreadID='3112'/><Channel>Microsoft-Windows-Sysmon/Operational</Channel><Computer>win-dc-392.attackrange.local</Computer><Security UserID='S-1-5-18'/></System><EventData><Data Name='RuleName'>-</Data><Data Name='UtcTime'>2021-06-04 14:29:30.053</Data><Data Name='ProcessGuid'>{89999F75-EECB-60B9-0100-00000000C401}</Data><Data Name='ProcessId'>4</Data><Data Name='Image'>System</Data><Data Name='TargetFilename'>C:\Program Files\Git\usr\lib\perl5\core_perl\readme.txt</Data><Data Name='CreationUtcTime'>2021-06-04 14:29:30.053</Data></EventData></Event>
/home/kali/director/projects/_corpora/attack_data/datasets/malware/conti/inf1/windows-sysmon.log:3473:<Event xmlns='http://schemas.microsoft.com/win/2004/08/events/event'><System><Provider Name='Microsoft-Windows-Sysmon' Guid='{5770385F-C22A-43E0-BF4C-06F5698FFBD9}'/><EventID>11</EventID><Version>2</Version><Level>4</Level><Task>11</Task><Opcode>0</Opcode><Keywords>0x8000000000000000</Keywords><TimeCreated SystemTime='2021-06-04T14:29:30.049737500Z'/><EventRecordID>77285</EventRecordID><Correlation/><Execution ProcessID='2964' ThreadID='3112'/><Channel>Microsoft-Windows-Sysmon/Operational</Channel><Computer>win-dc-392.attackrange.local</Computer><Security UserID='S-1-5-18'/></System><EventData><Data Name='RuleName'>-</Data><Data Name='UtcTime'>2021-06-04 14:29:30.037</Data><Data Name='ProcessGuid'>{89999F75-EECB-60B9-0100-00000000C401}</Data><Data Name='ProcessId'>4</Data><Data Name='Image'>System</Data><Data Name='TargetFilename'>C:\Program Files\Git\usr\lib\openssl\engines-1.1\readme.txt</Data><Data Name='CreationUtcTime'>2021-06-04 14:29:30.037</Data></EventData></Event>
/home/kali/director/projects/_corpora/attack_data/datasets/malware/conti/inf1/windows-sysmon.log:3474:<Event xmlns='http://schemas.microsoft.com/win/2004/08/events/event'><System><Provider Name='Microsoft-Windows-Sysmon' Guid='{5770385F-C22A-43E0-BF4C-06F5698FFBD9}'/><EventID>11</EventID><Version>2</Version><Level>4</Level><Task>11</Task><Opcode>0</Opcode><Keywords>0x8000000000000000</Keywords><TimeCreated SystemTime='2021-06-04T14:29:30.016556700Z'/><EventRecordID>77284</EventRecordID><Correlation/><Execution ProcessID='2964' ThreadID='3112'/><Channel>Microsoft-Windows-Sysmon/Operational</Channel><Computer>win-dc-392.attackrange.local</Computer><Security UserID='S-1-5-18'/></System><EventData><Data Name='RuleName'>-</Data><Data Name='UtcTime'>2021-06-04 14:29:30.006</Data><Data Name='ProcessGuid'>{89999F75-EECB-60B9-0100-00000000C401}</Data><Data Name='ProcessId'>4</Data><Data Name='Image'>System</Data><Data Name='TargetFilename'>C:\Program Files\Git\mingw64\share\pki\ca-trust-source\readme.txt</Data><Data Name='CreationUtcTime'>2021-06-04 14:29:30.006</Data></EventData></Event>
/home/kali/director/projects/_corpora/attack_data/datasets/malware/conti/inf1/windows-sysmon.log:3475:<Event xmlns='http://schemas.microsoft.com/win/2004/08/events/event'><System><Provider Name='Microsoft-Windows-Sysmon' Guid='{5770385F-C22A-43E0-BF4C-06F5698FFBD9}'/><EventID>11</EventID><Version>2</Version><Level>4</Level><Task>11</Task><Opcode>0</Opcode><Keywords>0x8000000000000000</Keywords><TimeCreated SystemTime='2021-06-04T14:29:30.000245600Z'/><EventRecordID>77283</EventRecordID><Correlation/><Execution ProcessID='2964' ThreadID='3112'/><Channel>Microsoft-Windows-Sysmon/Operational</Channel><Computer>win-dc-392.attackrange.local</Computer><Security UserID='S-1-5-18'/></System><EventData><Data Name='RuleName'>-</Data><Data Name='UtcTime'>2021-06-04 14:29:29.990</Data><Data Name='ProcessGuid'>{89999F75-EECB-60B9-0100-00000000C401}</Data><Data Name='ProcessId'>4</Data><Data Name='Image'>System</Data><Data Name='TargetFilename'>C:\Program Files\Git\mingw64\share\pki\ca-trust-legacy\readme.txt</Data><Data Name='CreationUtcTime'>2021-06-04 14:29:29.990</Data></EventData></Event>
/home/kali/director/projects/_corpora/attack_data/datasets/malware/conti/inf1/windows-sysmon.log:3482:<Event xmlns='http://schemas.microsoft.com/win/2004/08/events/event'><System><Provider Name='Microsoft-Windows-Sysmon' Guid='{5770385F-C22A-43E0-BF4C-06F5698FFBD9}'/><EventID>11</EventID><Version>2</Version><Level>4</Level><Task>11</Task><Opcode>0</Opcode><Keywords>0x8000000000000000</Keywords><TimeCreated SystemTime='2021-06-04T14:29:31.174117100Z'/><EventRecordID>77310</EventRecordID><Correlation/><Execution ProcessID='2964' ThreadID='3112'/><Channel>Microsoft-Windows-Sysmon/Operational</Channel><Computer>win-dc-392.attackrange.local</Computer><Security UserID='S-1-5-18'/></System><EventData><Data Name='RuleName'>-</Data><Data Name='UtcTime'>2021-06-04 14:29:31.162</Data><Data Name='ProcessGuid'>{89999F75-EECB-60B9-0100-00000000C401}</Data><Data Name='ProcessId'>4</Data><Data Name='Image'>System</Data><Data Name='TargetFilename'>C:\Program Files\Git\usr\lib\tcl8.6\msgs\readme.txt</Data><Data Name='CreationUtcTime'>2021-06-04 14:29:31.162</Data></EventData></Event>
/home/kali/director/projects/_corpora/attack_data/datasets/malware/conti/inf1/windows-sysmon.log:3483:<Event xmlns='http://schemas.microsoft.com/win/2004/08/events/event'><System><Provider Name='Microsoft-Windows-Sysmon' Guid='{5770385F-C22A-43E0-BF4C-06F5698FFBD9}'/><EventID>11</EventID><Version>2</Version><Level>4</Level><Task>11</Task><Opcode>0</Opcode><Keywords>0x8000000000000000</Keywords><TimeCreated SystemTime='2021-06-04T14:29:31.158647300Z'/><EventRecordID>77309</EventRecordID><Correlation/><Execution ProcessID='2964' ThreadID='3112'/><Channel>Microsoft-Windows-Sysmon/Operational</Channel><Computer>win-dc-392.attackrange.local</Computer><Security UserID='S-1-5-18'/></System><EventData><Data Name='RuleName'>-</Data><Data Name='UtcTime'>2021-06-04 14:29:31.146</Data><Data Name='ProcessGuid'>{89999F75-EECB-60B9-0100-00000000C401}</Data><Data Name='ProcessId'>4</Data><Data Name='Image'>System</Data><Data Name='TargetFilename'>C:\Program Files\Git\usr\lib\tcl8.6\http1.0\readme.txt</Data><Data Name='CreationUtcTime'>2021-06-04 14:29:31.146</Data></EventData></Event>
/home/kali/director/projects/_corpora/attack_data/datasets/malware/conti/inf1/windows-sysmon.log:3508:<Event xmlns='http://schemas.microsoft.com/win/2004/08/events/event'><System><Provider Name='Microsoft-Windows-Sysmon' Guid='{5770385F-C22A-43E0-BF4C-06F5698FFBD9}'/><EventID>11</EventID><Version>2</Version><Level>4</Level><Task>11</Task><Opcode>0</Opcode><Keywords>0x8000000000000000</Keywords><TimeCreated SystemTime='2021-06-04T14:29:32.469232600Z'/><EventRecordID>77322</EventRecordID><Correlation/><Execution ProcessID='2964' ThreadID='3112'/><Channel>Microsoft-Windows-Sysmon/Operational</Channel><Computer>win-dc-392.attackrange.local</Computer><Security UserID='S-1-5-18'/></System><EventData><Data Name='RuleName'>-</Data><Data Name='UtcTime'>2021-06-04 14:29:32.459</Data><Data Name='ProcessGuid'>{89999F75-EECB-60B9-0100-00000000C401}</Data><Data Name='ProcessId'>4</Data><Data Name='Image'>System</Data><Data Name='TargetFilename'>C:\Program Files\Git\usr\lib\terminfo\78\readme.txt</Data><Data Name='CreationUtcTime'>2021-06-04 14:29:32.459</Data></EventData></Event>
/home/kali/director/projects/_corpora/attack_data/datasets/malware/conti/inf1/windows-sysmon.log:3512:<Event xmlns='http://schemas.microsoft.com/win/2004/08/events/event'><System><Provider Name='Microsoft-Windows-Sysmon' Guid='{5770385F-C22A-43E0-BF4C-06F5698FFBD9}'/><EventID>11</EventID><Version>2</Version><Level>4</Level><Task>11</Task><Opcode>0</Opcode><Keywords>0x8000000000000000</Keywords><TimeCreated SystemTime='2021-06-04T14:29:32.108712300Z'/><EventRecordID>77318</EventRecordID><Correlation/><Execution ProcessID='2964' ThreadID='3112'/><Channel>Microsoft-Windows-Sysmon/Operational</Channel><Computer>win-dc-392.attackrange.local</Computer><Security UserID='S-1-5-18'/></System><EventData><Data Name='RuleName'>-</Data><Data Name='UtcTime'>2021-06-04 14:29:32.099</Data><Data Name='ProcessGuid'>{89999F75-EECB-60B9-0100-00000000C401}</Data><Data Name='ProcessId'>4</Data><Data Name='Image'>System</Data><Data Name='TargetFilename'>C:\Program Files\Git\usr\lib\terminfo\73\readme.txt</Data><Data Name='CreationUtcTime'>2021-06-04 14:29:32.099</Data></EventData></Event>
/home/kali/director/projects/_corpora/attack_data/datasets/malware/conti/inf1/windows-sysmon.log:3513:<Event xmlns='http://schemas.microsoft.com/win/2004/08/events/event'><System><Provider Name='Microsoft-Windows-Sysmon' Guid='{5770385F-C22A-43E0-BF4C-06F5698FFBD9}'/><EventID>11</EventID><Version>2</Version><Level>4</Level><Task>11</Task><Opcode>0</Opcode><Keywords>0x8000000000000000</Keywords><TimeCreated SystemTime='2021-06-04T14:29:32.100089400Z'/><EventRecordID>77317</EventRecordID><Correlation/><Execution ProcessID='2964' ThreadID='3112'/><Channel>Microsoft-Windows-Sysmon/Operational</Channel><Computer>win-dc-392.attackrange.local</Computer><Security UserID='S-1-5-18'/></System><EventData><Data Name='RuleName'>-</Data><Data Name='UtcTime'>2021-06-04 14:29:32.099</Data><Data Name='ProcessGuid'>{89999F75-EECB-60B9-0100-00000000C401}</Data><Data Name='ProcessId'>4</Data><Data Name='Image'>System</Data><Data Name='TargetFilename'>C:\Program Files\Git\usr\lib\terminfo\64\readme.txt</Data><Data Name='CreationUtcTime'>2021-06-04 14:29:32.084</Data></EventData></Event>
/home/kali/director/projects/_corpora/attack_data/datasets/malware/conti/inf1/windows-sysmon.log:3514:<Event xmlns='http://schemas.microsoft.com/win/2004/08/events/event'><System><Provider Name='Microsoft-Windows-Sysmon' Guid='{5770385F-C22A-43E0-BF4C-06F5698FFBD9}'/><EventID>11</EventID><Version>2</Version><Level>4</Level><Task>11</Task><Opcode>0</Opcode><Keywords>0x8000000000000000</Keywords><TimeCreated SystemTime='2021-06-04T14:29:32.092649000Z'/><EventRecordID>77316</EventRecordID><Correlation/><Execution ProcessID='2964' ThreadID='3112'/><Channel>Microsoft-Windows-Sysmon/Operational</Channel><Computer>win-dc-392.attackrange.local</Computer><Security UserID='S-1-5-18'/></System><EventData><Data Name='RuleName'>-</Data><Data Name='UtcTime'>2021-06-04 14:29:32.084</Data><Data Name='ProcessGuid'>{89999F75-EECB-60B9-0100-00000000C401}</Data><Data Name='ProcessId'>4</Data><Data Name='Image'>System</Data><Data Name='TargetFilename'>C:\Program Files\Git\usr\lib\terminfo\63\readme.txt</Data><Data Name='CreationUtcTime'>2021-06-04 14:29:32.084</Data></EventData></Event>
/home/kali/director/projects/_corpora/attack_data/datasets/malware/conti/inf1/windows-sysmon.log:3515:<Event xmlns='http://schemas.microsoft.com/win/2004/08/events/event'><System><Provider Name='Microsoft-Windows-Sysmon' Guid='{5770385F-C22A-43E0-BF4C-06F5698FFBD9}'/><EventID>11</EventID><Version>2</Version><Level>4</Level><Task>11</Task><Opcode>0</Opcode><Keywords>0x8000000000000000</Keywords><TimeCreated SystemTime='2021-06-04T14:29:32.069034000Z'/><EventRecordID>77315</EventRecordID><Correlation/><Execution ProcessID='2964' ThreadID='3112'/><Channel>Microsoft-Windows-Sysmon/Operational</Channel><Computer>win-dc-392.attackrange.local</Computer><Security UserID='S-1-5-18'/></System><EventData><Data Name='RuleName'>-</Data><Data Name='UtcTime'>2021-06-04 14:29:32.068</Data><Data Name='ProcessGuid'>{89999F75-EECB-60B9-0100-00000000C401}</Data><Data Name='ProcessId'>4</Data><Data Name='Image'>System</Data><Data Name='TargetFilename'>C:\Program Files\Git\usr\lib\tcl8.6\opt0.4\readme.txt</Data><Data Name='CreationUtcTime'>2021-06-04 14:29:32.068</Data></EventData></Event>
/home/kali/director/projects/_corpora/attack_data/datasets/malware/conti/inf1/windows-sysmon.log:3516:<Event xmlns='http://schemas.microsoft.com/win/2004/08/events/event'><System><Provider Name='Microsoft-Windows-Sysmon' Guid='{5770385F-C22A-43E0-BF4C-06F5698FFBD9}'/><EventID>11</EventID><Version>2</Version><Level>4</Level><Task>11</Task><Opcode>0</Opcode><Keywords>0x8000000000000000</Keywords><TimeCreated SystemTime='2021-06-04T14:29:33.705396700Z'/><EventRecordID>77370</EventRecordID><Correlation/><Execution ProcessID='2964' ThreadID='3112'/><Channel>Microsoft-Windows-Sysmon/Operational</Channel><Computer>win-dc-392.attackrange.local</Computer><Security UserID='S-1-5-18'/></System><EventData><Data Name='RuleName'>-</Data><Data Name='UtcTime'>2021-06-04 14:29:33.693</Data><Data Name='ProcessGuid'>{89999F75-EECB-60B9-0100-00000000C401}</Data><Data Name='ProcessId'>4</Data><Data Name='Image'>System</Data><Data Name='TargetFilename'>C:\Program Files\Git\usr\share\perl5\core_perl\readme.txt</Data><Data Name='CreationUtcTime'>2021-06-04 14:29:33.693</Data></EventData></Event>
/home/kali/director/projects/_corpora/attack_data/datasets/malware/conti/inf1/windows-sysmon.log:3517:<Event xmlns='http://schemas.microsoft.com/win/2004/08/events/event'><System><Provider Name='Microsoft-Windows-Sysmon' Guid='{5770385F-C22A-43E0-BF4C-06F5698FFBD9}'/><EventID>11</EventID><Version>2</Version><Level>4</Level><Task>11</Task><Opcode>0</Opcode><Keywords>0x8000000000000000</Keywords><TimeCreated SystemTime='2021-06-04T14:29:33.694320800Z'/><EventRecordID>77369</EventRecordID><Correlation/><Execution ProcessID='2964' ThreadID='3112'/><Channel>Microsoft-Windows-Sysmon/Operational</Channel><Computer>win-dc-392.attackrange.local</Computer><Security UserID='S-1-5-18'/></System><EventData><Data Name='RuleName'>-</Data><Data Name='UtcTime'>2021-06-04 14:29:33.693</Data><Data Name='ProcessGuid'>{89999F75-EECB-60B9-0100-00000000C401}</Data><Data Name='ProcessId'>4</Data><Data Name='Image'>System</Data><Data Name='TargetFilename'>C:\Program Files\Git\usr\share\p11-kit\modules\readme.txt</Data><Data Name='CreationUtcTime'>2021-06-04 14:29:33.693</Data></EventData></Event>
/home/kali/director/projects/_corpora/attack_data/datasets/malware/conti/inf1/windows-sysmon.log:3518:<Event xmlns='http://schemas.microsoft.com/win/2004/08/events/event'><System><Provider Name='Microsoft-Windows-Sysmon' Guid='{5770385F-C22A-43E0-BF4C-06F5698FFBD9}'/><EventID>11</EventID><Version>2</Version><Level>4</Level><Task>11</Task><Opcode>0</Opcode><Keywords>0x8000000000000000</Keywords><TimeCreated SystemTime='2021-06-04T14:29:33.646597100Z'/><EventRecordID>77368</EventRecordID><Correlation/><Execution ProcessID='2964' ThreadID='3112'/><Channel>Microsoft-Windows-Sysmon/Operational</Channel><Computer>win-dc-392.attackrange.local</Computer><Security UserID='S-1-5-18'/></System><EventData><Data Name='RuleName'>-</Data><Data Name='UtcTime'>2021-06-04 14:29:33.631</Data><Data Name='ProcessGuid'>{89999F75-EECB-60B9-0100-00000000C401}</Data><Data Name='ProcessId'>4</Data><Data Name='Image'>System</Data><Data Name='TargetFilename'>C:\Program Files\Git\usr\share\nano\extra\readme.txt</Data><Data Name='CreationUtcTime'>2021-06-04 14:29:33.631</Data></EventData></Event>
/home/kali/director/projects/_corpora/attack_data/datasets/malware/conti/inf1/windows-sysmon.log:3519:<Event xmlns='http://schemas.microsoft.com/win/2004/08/events/event'><System><Provider Name='Microsoft-Windows-Sysmon' Guid='{5770385F-C22A-43E0-BF4C-06F5698FFBD9}'/><EventID>11</EventID><Version>2</Version><Level>4</Level><Task>11</Task><Opcode>0</Opcode><Keywords>0x8000000000000000</Keywords><TimeCreated SystemTime='2021-06-04T14:29:33.573610700Z'/><EventRecordID>77367</EventRecordID><Correlation/><Execution ProcessID='2964' ThreadID='3112'/><Channel>Microsoft-Windows-Sysmon/Operational</Channel><Computer>win-dc-392.attackrange.local</Computer><Security UserID='S-1-5-18'/></System><EventData><Data Name='RuleName'>-</Data><Data Name='UtcTime'>2021-06-04 14:29:33.568</Data><Data Name='ProcessGuid'>{89999F75-EECB-60B9-0100-00000000C401}</Data><Data Name='ProcessId'>4</Data><Data Name='Image'>System</Data><Data Name='TargetFilename'>C:\Program Files\Git\usr\share\mintty\themes\readme.txt</Data><Data Name='CreationUtcTime'>2021-06-04 14:29:33.568</Data></EventData></Event>
/home/kali/director/projects/_corpora/attack_data/datasets/malware/conti/inf1/windows-sysmon.log:3520:<Event xmlns='http://schemas.microsoft.com/win/2004/08/events/event'><System><Provider Name='Microsoft-Windows-Sysmon' Guid='{5770385F-C22A-43E0-BF4C-06F5698FFBD9}'/><EventID>11</EventID><Version>2</Version><Level>4</Level><Task>11</Task><Opcode>0</Opcode><Keywords>0x8000000000000000</Keywords><TimeCreated SystemTime='2021-06-04T14:29:33.463462100Z'/><EventRecordID>77366</EventRecordID><Correlation/><Execution ProcessID='2964' ThreadID='3112'/><Channel>Microsoft-Windows-Sysmon/Operational</Channel><Computer>win-dc-392.attackrange.local</Computer><Security UserID='S-1-5-18'/></System><EventData><Data Name='RuleName'>-</Data><Data Name='UtcTime'>2021-06-04 14:29:33.459</Data><Data Name='ProcessGuid'>{89999F75-EECB-60B9-0100-00000000C401}</Data><Data Name='ProcessId'>4</Data><Data Name='Image'>System</Data><Data Name='TargetFilename'>C:\Program Files\Git\usr\share\mintty\lang\readme.txt</Data><Data Name='CreationUtcTime'>2021-06-04 14:29:33.459</Data></EventData></Event>
/home/kali/director/projects/_corpora/attack_data/datasets/malware/conti/inf1/windows-sysmon.log:3521:<Event xmlns='http://schemas.microsoft.com/win/2004/08/events/event'><System><Provider Name='Microsoft-Windows-Sysmon' Guid='{5770385F-C22A-43E0-BF4C-06F5698FFBD9}'/><EventID>11</EventID><Version>2</Version><Level>4</Level><Task>11</Task><Opcode>0</Opcode><Keywords>0x8000000000000000</Keywords><TimeCreated SystemTime='2021-06-04T14:29:33.454198300Z'/><EventRecordID>77365</EventRecordID><Correlation/><Execution ProcessID='2964' ThreadID='3112'/><Channel>Microsoft-Windows-Sysmon/Operational</Channel><Computer>win-dc-392.attackrange.local</Computer><Security UserID='S-1-5-18'/></System><EventData><Data Name='RuleName'>-</Data><Data Name='UtcTime'>2021-06-04 14:29:33.443</Data><Data Name='ProcessGuid'>{89999F75-EECB-60B9-0100-00000000C401}</Data><Data Name='ProcessId'>4</Data><Data Name='Image'>System</Data><Data Name='TargetFilename'>C:\Program Files\Git\usr\share\makepkg\lint_package\readme.txt</Data><Data Name='CreationUtcTime'>2021-06-04 14:29:33.443</Data></EventData></Event>
/home/kali/director/projects/_corpora/attack_data/datasets/malware/conti/inf1/windows-sysmon.log:3522:<Event xmlns='http://schemas.microsoft.com/win/2004/08/events/event'><System><Provider Name='Microsoft-Windows-Sysmon' Guid='{5770385F-C22A-43E0-BF4C-06F5698FFBD9}'/><EventID>11</EventID><Version>2</Version><Level>4</Level><Task>11</Task><Opcode>0</Opcode><Keywords>0x8000000000000000</Keywords><TimeCreated SystemTime='2021-06-04T14:29:33.447213400Z'/><EventRecordID>77364</EventRecordID><Correlation/><Execution ProcessID='2964' ThreadID='3112'/><Channel>Microsoft-Windows-Sysmon/Operational</Channel><Computer>win-dc-392.attackrange.local</Computer><Security UserID='S-1-5-18'/></System><EventData><Data Name='RuleName'>-</Data><Data Name='UtcTime'>2021-06-04 14:29:33.443</Data><Data Name='ProcessGuid'>{89999F75-EECB-60B9-0100-00000000C401}</Data><Data Name='ProcessId'>4</Data><Data Name='Image'>System</Data><Data Name='TargetFilename'>C:\Program Files\Git\usr\share\licenses\zlib\readme.txt</Data><Data Name='CreationUtcTime'>2021-06-04 14:29:33.443</Data></EventData></Event>
/home/kali/director/projects/_corpora/attack_data/datasets/malware/conti/inf1/windows-sysmon.log:3523:<Event xmlns='http://schemas.microsoft.com/win/2004/08/events/event'><System><Provider Name='Microsoft-Windows-Sysmon' Guid='{5770385F-C22A-43E0-BF4C-06F5698FFBD9}'/><EventID>11</EventID><Version>2</Version><Level>4</Level><Task>11</Task><Opcode>0</Opcode><Keywords>0x8000000000000000</Keywords><TimeCreated SystemTime='2021-06-04T14:29:33.438810900Z'/><EventRecordID>77363</EventRecordID><Correlation/><Execution ProcessID='2964' ThreadID='3112'/><Channel>Microsoft-Windows-Sysmon/Operational</Channel><Computer>win-dc-392.attackrange.local</Computer><Security UserID='S-1-5-18'/></System><EventData><Data Name='RuleName'>-</Data><Data Name='UtcTime'>2021-06-04 14:29:33.427</Data><Data Name='ProcessGuid'>{89999F75-EECB-60B9-0100-00000000C401}</Data><Data Name='ProcessId'>4</Data><Data Name='Image'>System</Data><Data Name='TargetFilename'>C:\Program Files\Git\usr\share\licenses\vim\readme.txt</Data><Data Name='CreationUtcTime'>2021-06-04 14:29:33.427</Data></EventData></Event>
/home/kali/director/projects/_corpora/attack_data/datasets/malware/conti/inf1/windows-sysmon.log:3524:<Event xmlns='http://schemas.microsoft.com/win/2004/08/events/event'><System><Provider Name='Microsoft-Windows-Sysmon' Guid='{5770385F-C22A-43E0-BF4C-06F5698FFBD9}'/><EventID>11</EventID><Version>2</Version><Level>4</Level><Task>11</Task><Opcode>0</Opcode><Keywords>0x8000000000000000</Keywords><TimeCreated SystemTime='2021-06-04T14:29:33.429861900Z'/><EventRecordID>77362</EventRecordID><Correlation/><Execution ProcessID='2964' ThreadID='3112'/><Channel>Microsoft-Windows-Sysmon/Operational</Channel><Computer>win-dc-392.attackrange.local</Computer><Security UserID='S-1-5-18'/></System><EventData><Data Name='RuleName'>-</Data><Data Name='UtcTime'>2021-06-04 14:29:33.427</Data><Data Name='ProcessGuid'>{89999F75-EECB-60B9-0100-00000000C401}</Data><Data Name='ProcessId'>4</Data><Data Name='Image'>System</Data><Data Name='TargetFilename'>C:\Program Files\Git\usr\share\licenses\unzip\readme.txt</Data><Data Name='CreationUtcTime'>2021-06-04 14:29:33.427</Data></EventData></Event>
/home/kali/director/projects/_corpora/attack_data/datasets/malware/conti/inf1/windows-sysmon.log:3525:<Event xmlns='http://schemas.microsoft.com/win/2004/08/events/event'><System><Provider Name='Microsoft-Windows-Sysmon' Guid='{5770385F-C22A-43E0-BF4C-06F5698FFBD9}'/><EventID>11</EventID><Version>2</Version><Level>4</Level><Task>11</Task><Opcode>0</Opcode><Keywords>0x8000000000000000</Keywords><TimeCreated SystemTime='2021-06-04T14:29:33.418491900Z'/><EventRecordID>77361</EventRecordID><Correlation/><Execution ProcessID='2964' ThreadID='3112'/><Channel>Microsoft-Windows-Sysmon/Operational</Channel><Computer>win-dc-392.attackrange.local</Computer><Security UserID='S-1-5-18'/></System><EventData><Data Name='RuleName'>-</Data><Data Name='UtcTime'>2021-06-04 14:29:33.412</Data><Data Name='ProcessGuid'>{89999F75-EECB-60B9-0100-00000000C401}</Data><Data Name='ProcessId'>4</Data><Data Name='Image'>System</Data><Data Name='TargetFilename'>C:\Program Files\Git\usr\share\licenses\tcl\readme.txt</Data><Data Name='CreationUtcTime'>2021-06-04 14:29:33.412</Data></EventData></Event>
/home/kali/director/projects/_corpora/attack_data/datasets/malware/conti/inf1/windows-sysmon.log:3526:<Event xmlns='http://schemas.microsoft.com/win/2004/08/events/event'><System><Provider Name='Microsoft-Windows-Sysmon' Guid='{5770385F-C22A-43E0-BF4C-06F5698FFBD9}'/><EventID>11</EventID><Version>2</Version><Level>4</Level><Task>11</Task><Opcode>0</Opcode><Keywords>0x8000000000000000</Keywords><TimeCreated SystemTime='2021-06-04T14:29:33.407580200Z'/><EventRecordID>77360</EventRecordID><Correlation/><Execution ProcessID='2964' ThreadID='3112'/><Channel>Microsoft-Windows-Sysmon/Operational</Channel><Computer>win-dc-392.attackrange.local</Computer><Security UserID='S-1-5-18'/></System><EventData><Data Name='RuleName'>-</Data><Data Name='UtcTime'>2021-06-04 14:29:33.396</Data><Data Name='ProcessGuid'>{89999F75-EECB-60B9-0100-00000000C401}</Data><Data Name='ProcessId'>4</Data><Data Name='Image'>System</Data><Data Name='TargetFilename'>C:\Program Files\Git\usr\share\licenses\perl-Try-Tiny\readme.txt</Data><Data Name='CreationUtcTime'>2021-06-04 14:29:33.396</Data></EventData></Event>
/home/kali/director/projects/_corpora/attack_data/datasets/malware/conti/inf1/windows-sysmon.log:3527:<Event xmlns='http://schemas.microsoft.com/win/2004/08/events/event'><System><Provider Name='Microsoft-Windows-Sysmon' Guid='{5770385F-C22A-43E0-BF4C-06F5698FFBD9}'/><EventID>11</EventID><Version>2</Version><Level>4</Level><Task>11</Task><Opcode>0</Opcode><Keywords>0x8000000000000000</Keywords><TimeCreated SystemTime='2021-06-04T14:29:33.395783700Z'/><EventRecordID>77359</EventRecordID><Correlation/><Execution ProcessID='2964' ThreadID='3112'/><Channel>Microsoft-Windows-Sysmon/Operational</Channel><Computer>win-dc-392.attackrange.local</Computer><Security UserID='S-1-5-18'/></System><EventData><Data Name='RuleName'>-</Data><Data Name='UtcTime'>2021-06-04 14:29:33.381</Data><Data Name='ProcessGuid'>{89999F75-EECB-60B9-0100-00000000C401}</Data><Data Name='ProcessId'>4</Data><Data Name='Image'>System</Data><Data Name='TargetFilename'>C:\Program Files\Git\usr\share\licenses\perl-TermReadKey\readme.txt</Data><Data Name='CreationUtcTime'>2021-06-04 14:29:33.381</Data></EventData></Event>
/home/kali/director/projects/_corpora/attack_data/datasets/malware/conti/inf1/windows-sysmon.log:3528:<Event xmlns='http://schemas.microsoft.com/win/2004/08/events/event'><System><Provider Name='Microsoft-Windows-Sysmon' Guid='{5770385F-C22A-43E0-BF4C-06F5698FFBD9}'/><EventID>11</EventID><Version>2</Version><Level>4</Level><Task>11</Task><Opcode>0</Opcode><Keywords>0x8000000000000000</Keywords><TimeCreated SystemTime='2021-06-04T14:29:33.385480300Z'/><EventRecordID>77358</EventRecordID><Correlation/><Execution ProcessID='2964' ThreadID='3112'/><Channel>Microsoft-Windows-Sysmon/Operational</Channel><Computer>win-dc-392.attackrange.local</Computer><Security UserID='S-1-5-18'/></System><EventData><Data Name='RuleName'>-</Data><Data Name='UtcTime'>2021-06-04 14:29:33.381</Data><Data Name='ProcessGuid'>{89999F75-EECB-60B9-0100-00000000C401}</Data><Data Name='ProcessId'>4</Data><Data Name='Image'>System</Data><Data Name='TargetFilename'>C:\Program Files\Git\usr\share\licenses\perl-Net-SSLeay\readme.txt</Data><Data Name='CreationUtcTime'>2021-06-04 14:29:33.381</Data></EventData></Event>
/home/kali/director/projects/_corpora/attack_data/datasets/malware/conti/inf1/windows-sysmon.log:3529:<Event xmlns='http://schemas.microsoft.com/win/2004/08/events/event'><System><Provider Name='Microsoft-Windows-Sysmon' Guid='{5770385F-C22A-43E0-BF4C-06F5698FFBD9}'/><EventID>11</EventID><Version>2</Version><Level>4</Level><Task>11</Task><Opcode>0</Opcode><Keywords>0x8000000000000000</Keywords><TimeCreated SystemTime='2021-06-04T14:29:33.377469800Z'/><EventRecordID>77357</EventRecordID><Correlation/><Execution ProcessID='2964' ThreadID='3112'/><Channel>Microsoft-Windows-Sysmon/Operational</Channel><Computer>win-dc-392.attackrange.local</Computer><Security UserID='S-1-5-18'/></System><EventData><Data Name='RuleName'>-</Data><Data Name='UtcTime'>2021-06-04 14:29:33.365</Data><Data Name='ProcessGuid'>{89999F75-EECB-60B9-0100-00000000C401}</Data><Data Name='ProcessId'>4</Data><Data Name='Image'>System</Data><Data Name='TargetFilename'>C:\Program Files\Git\usr\share\licenses\p11-kit\readme.txt</Data><Data Name='CreationUtcTime'>2021-06-04 14:29:33.365</Data></EventData></Event>
/home/kali/director/projects/_corpora/attack_data/datasets/malware/conti/inf1/windows-sysmon.log:3530:<Event xmlns='http://schemas.microsoft.com/win/2004/08/events/event'><System><Provider Name='Microsoft-Windows-Sysmon' Guid='{5770385F-C22A-43E0-BF4C-06F5698FFBD9}'/><EventID>11</EventID><Version>2</Version><Level>4</Level><Task>11</Task><Opcode>0</Opcode><Keywords>0x8000000000000000</Keywords><TimeCreated SystemTime='2021-06-04T14:29:33.368462700Z'/><EventRecordID>77356</EventRecordID><Correlation/><Execution ProcessID='2964' ThreadID='3112'/><Channel>Microsoft-Windows-Sysmon/Operational</Channel><Computer>win-dc-392.attackrange.local</Computer><Security UserID='S-1-5-18'/></System><EventData><Data Name='RuleName'>-</Data><Data Name='UtcTime'>2021-06-04 14:29:33.365</Data><Data Name='ProcessGuid'>{89999F75-EECB-60B9-0100-00000000C401}</Data><Data Name='ProcessId'>4</Data><Data Name='Image'>System</Data><Data Name='TargetFilename'>C:\Program Files\Git\usr\share\licenses\openssl\readme.txt</Data><Data Name='CreationUtcTime'>2021-06-04 14:29:33.365</Data></EventData></Event>
/home/kali/director/projects/_corpora/attack_data/datasets/malware/conti/inf1/windows-sysmon.log:3531:<Event xmlns='http://schemas.microsoft.com/win/2004/08/events/event'><System><Provider Name='Microsoft-Windows-Sysmon' Guid='{5770385F-C22A-43E0-BF4C-06F5698FFBD9}'/><EventID>11</EventID><Version>2</Version><Level>4</Level><Task>11</Task><Opcode>0</Opcode><Keywords>0x8000000000000000</Keywords><TimeCreated SystemTime='2021-06-04T14:29:33.358955500Z'/><EventRecordID>77355</EventRecordID><Correlation/><Execution ProcessID='2964' ThreadID='3112'/><Channel>Microsoft-Windows-Sysmon/Operational</Channel><Computer>win-dc-392.attackrange.local</Computer><Security UserID='S-1-5-18'/></System><EventData><Data Name='RuleName'>-</Data><Data Name='UtcTime'>2021-06-04 14:29:33.349</Data><Data Name='ProcessGuid'>{89999F75-EECB-60B9-0100-00000000C401}</Data><Data Name='ProcessId'>4</Data><Data Name='Image'>System</Data><Data Name='TargetFilename'>C:\Program Files\Git\usr\share\licenses\openssh\readme.txt</Data><Data Name='CreationUtcTime'>2021-06-04 14:29:33.349</Data></EventData></Event>
/home/kali/director/projects/_corpora/attack_data/datasets/malware/conti/inf1/windows-sysmon.log:3532:<Event xmlns='http://schemas.microsoft.com/win/2004/08/events/event'><System><Provider Name='Microsoft-Windows-Sysmon' Guid='{5770385F-C22A-43E0-BF4C-06F5698FFBD9}'/><EventID>11</EventID><Version>2</Version><Level>4</Level><Task>11</Task><Opcode>0</Opcode><Keywords>0x8000000000000000</Keywords><TimeCreated SystemTime='2021-06-04T14:29:33.351527800Z'/><EventRecordID>77354</EventRecordID><Correlation/><Execution ProcessID='2964' ThreadID='3112'/><Channel>Microsoft-Windows-Sysmon/Operational</Channel><Computer>win-dc-392.attackrange.local</Computer><Security UserID='S-1-5-18'/></System><EventData><Data Name='RuleName'>-</Data><Data Name='UtcTime'>2021-06-04 14:29:33.349</Data><Data Name='ProcessGuid'>{89999F75-EECB-60B9-0100-00000000C401}</Data><Data Name='ProcessId'>4</Data><Data Name='Image'>System</Data><Data Name='TargetFilename'>C:\Program Files\Git\usr\share\licenses\ncurses\readme.txt</Data><Data Name='CreationUtcTime'>2021-06-04 14:29:33.349</Data></EventData></Event>
/home/kali/director/projects/_corpora/attack_data/datasets/malware/conti/inf1/windows-sysmon.log:3533:<Event xmlns='http://schemas.microsoft.com/win/2004/08/events/event'><System><Provider Name='Microsoft-Windows-Sysmon' Guid='{5770385F-C22A-43E0-BF4C-06F5698FFBD9}'/><EventID>11</EventID><Version>2</Version><Level>4</Level><Task>11</Task><Opcode>0</Opcode><Keywords>0x8000000000000000</Keywords><TimeCreated SystemTime='2021-06-04T14:29:33.324579900Z'/><EventRecordID>77353</EventRecordID><Correlation/><Execution ProcessID='2964' ThreadID='3112'/><Channel>Microsoft-Windows-Sysmon/Operational</Channel><Computer>win-dc-392.attackrange.local</Computer><Security UserID='S-1-5-18'/></System><EventData><Data Name='RuleName'>-</Data><Data Name='UtcTime'>2021-06-04 14:29:33.318</Data><Data Name='ProcessGuid'>{89999F75-EECB-60B9-0100-00000000C401}</Data><Data Name='ProcessId'>4</Data><Data Name='Image'>System</Data><Data Name='TargetFilename'>C:\Program Files\Git\usr\share\licenses\mintty\readme.txt</Data><Data Name='CreationUtcTime'>2021-06-04 14:29:33.318</Data></EventData></Event>
/home/kali/director/projects/_corpora/attack_data/datasets/malware/conti/inf1/windows-sysmon.log:3534:<Event xmlns='http://schemas.microsoft.com/win/2004/08/events/event'><System><Provider Name='Microsoft-Windows-Sysmon' Guid='{5770385F-C22A-43E0-BF4C-06F5698FFBD9}'/><EventID>11</EventID><Version>2</Version><Level>4</Level><Task>11</Task><Opcode>0</Opcode><Keywords>0x8000000000000000</Keywords><TimeCreated SystemTime='2021-06-04T14:29:33.314964900Z'/><EventRecordID>77352</EventRecordID><Correlation/><Execution ProcessID='2964' ThreadID='3112'/><Channel>Microsoft-Windows-Sysmon/Operational</Channel><Computer>win-dc-392.attackrange.local</Computer><Security UserID='S-1-5-18'/></System><EventData><Data Name='RuleName'>-</Data><Data Name='UtcTime'>2021-06-04 14:29:33.302</Data><Data Name='ProcessGuid'>{89999F75-EECB-60B9-0100-00000000C401}</Data><Data Name='ProcessId'>4</Data><Data Name='Image'>System</Data><Data Name='TargetFilename'>C:\Program Files\Git\usr\share\licenses\libxslt\readme.txt</Data><Data Name='CreationUtcTime'>2021-06-04 14:29:33.302</Data></EventData></Event>
/home/kali/director/projects/_corpora/attack_data/datasets/malware/conti/inf1/windows-sysmon.log:3535:<Event xmlns='http://schemas.microsoft.com/win/2004/08/events/event'><System><Provider Name='Microsoft-Windows-Sysmon' Guid='{5770385F-C22A-43E0-BF4C-06F5698FFBD9}'/><EventID>11</EventID><Version>2</Version><Level>4</Level><Task>11</Task><Opcode>0</Opcode><Keywords>0x8000000000000000</Keywords><TimeCreated SystemTime='2021-06-04T14:29:33.307654400Z'/><EventRecordID>77351</EventRecordID><Correlation/><Execution ProcessID='2964' ThreadID='3112'/><Channel>Microsoft-Windows-Sysmon/Operational</Channel><Computer>win-dc-392.attackrange.local</Computer><Security UserID='S-1-5-18'/></System><EventData><Data Name='RuleName'>-</Data><Data Name='UtcTime'>2021-06-04 14:29:33.302</Data><Data Name='ProcessGuid'>{89999F75-EECB-60B9-0100-00000000C401}</Data><Data Name='ProcessId'>4</Data><Data Name='Image'>System</Data><Data Name='TargetFilename'>C:\Program Files\Git\usr\share\licenses\libxml2\readme.txt</Data><Data Name='CreationUtcTime'>2021-06-04 14:29:33.302</Data></EventData></Event>
/home/kali/director/projects/_corpora/attack_data/datasets/malware/conti/inf1/windows-sysmon.log:3536:<Event xmlns='http://schemas.microsoft.com/win/2004/08/events/event'><System><Provider Name='Microsoft-Windows-Sysmon' Guid='{5770385F-C22A-43E0-BF4C-06F5698FFBD9}'/><EventID>11</EventID><Version>2</Version><Level>4</Level><Task>11</Task><Opcode>0</Opcode><Keywords>0x8000000000000000</Keywords><TimeCreated SystemTime='2021-06-04T14:29:33.299059000Z'/><EventRecordID>77350</EventRecordID><Correlation/><Execution ProcessID='2964' ThreadID='3112'/><Channel>Microsoft-Windows-Sysmon/Operational</Channel><Computer>win-dc-392.attackrange.local</Computer><Security UserID='S-1-5-18'/></System><EventData><Data Name='RuleName'>-</Data><Data Name='UtcTime'>2021-06-04 14:29:33.287</Data><Data Name='ProcessGuid'>{89999F75-EECB-60B9-0100-00000000C401}</Data><Data Name='ProcessId'>4</Data><Data Name='Image'>System</Data><Data Name='TargetFilename'>C:\Program Files\Git\usr\share\licenses\libssh2\readme.txt</Data><Data Name='CreationUtcTime'>2021-06-04 14:29:33.287</Data></EventData></Event>
/home/kali/director/projects/_corpora/attack_data/datasets/malware/conti/inf1/windows-sysmon.log:3538:<Event xmlns='http://schemas.microsoft.com/win/2004/08/events/event'><System><Provider Name='Microsoft-Windows-Sysmon' Guid='{5770385F-C22A-43E0-BF4C-06F5698FFBD9}'/><EventID>11</EventID><Version>2</Version><Level>4</Level><Task>11</Task><Opcode>0</Opcode><Keywords>0x8000000000000000</Keywords><TimeCreated SystemTime='2021-06-04T14:29:33.291821400Z'/><EventRecordID>77348</EventRecordID><Correlation/><Execution ProcessID='2964' ThreadID='3112'/><Channel>Microsoft-Windows-Sysmon/Operational</Channel><Computer>win-dc-392.attackrange.local</Computer><Security UserID='S-1-5-18'/></System><EventData><Data Name='RuleName'>-</Data><Data Name='UtcTime'>2021-06-04 14:29:33.287</Data><Data Name='ProcessGuid'>{89999F75-EECB-60B9-0100-00000000C401}</Data><Data Name='ProcessId'>4</Data><Data Name='Image'>System</Data><Data Name='TargetFilename'>C:\Program Files\Git\usr\share\licenses\libsqlite\readme.txt</Data><Data Name='CreationUtcTime'>2021-06-04 14:29:33.287</Data></EventData></Event>
/home/kali/director/projects/_corpora/attack_data/datasets/malware/conti/inf1/windows-sysmon.log:3557:<Event xmlns='http://schemas.microsoft.com/win/2004/08/events/event'><System><Provider Name='Microsoft-Windows-Sysmon' Guid='{5770385F-C22A-43E0-BF4C-06F5698FFBD9}'/><EventID>11</EventID><Version>2</Version><Level>4</Level><Task>11</Task><Opcode>0</Opcode><Keywords>0x8000000000000000</Keywords><TimeCreated SystemTime='2021-06-04T14:29:33.284439600Z'/><EventRecordID>77347</EventRecordID><Correlation/><Execution ProcessID='2964' ThreadID='3112'/><Channel>Microsoft-Windows-Sysmon/Operational</Channel><Computer>win-dc-392.attackrange.local</Computer><Security UserID='S-1-5-18'/></System><EventData><Data Name='RuleName'>-</Data><Data Name='UtcTime'>2021-06-04 14:29:33.271</Data><Data Name='ProcessGuid'>{89999F75-EECB-60B9-0100-00000000C401}</Data><Data Name='ProcessId'>4</Data><Data Name='Image'>System</Data><Data Name='TargetFilename'>C:\Program Files\Git\usr\share\licenses\libsasl\readme.txt</Data><Data Name='CreationUtcTime'>2021-06-04 14:29:33.271</Data></EventData></Event>
/home/kali/director/projects/_corpora/attack_data/datasets/malware/conti/inf1/windows-sysmon.log:3558:<Event xmlns='http://schemas.microsoft.com/win/2004/08/events/event'><System><Provider Name='Microsoft-Windows-Sysmon' Guid='{5770385F-C22A-43E0-BF4C-06F5698FFBD9}'/><EventID>11</EventID><Version>2</Version><Level>4</Level><Task>11</Task><Opcode>0</Opcode><Keywords>0x8000000000000000</Keywords><TimeCreated SystemTime='2021-06-04T14:29:33.277376900Z'/><EventRecordID>77346</EventRecordID><Correlation/><Execution ProcessID='2964' ThreadID='3112'/><Channel>Microsoft-Windows-Sysmon/Operational</Channel><Computer>win-dc-392.attackrange.local</Computer><Security UserID='S-1-5-18'/></System><EventData><Data Name='RuleName'>-</Data><Data Name='UtcTime'>2021-06-04 14:29:33.271</Data><Data Name='ProcessGuid'>{89999F75-EECB-60B9-0100-00000000C401}</Data><Data Name='ProcessId'>4</Data><Data Name='Image'>System</Data><Data Name='TargetFilename'>C:\Program Files\Git\usr\share\licenses\libpsl\readme.txt</Data><Data Name='CreationUtcTime'>2021-06-04 14:29:33.271</Data></EventData></Event>
