/home/kali/director/projects/_corpora/attack_data/datasets/malware/conti/inf1/windows-sysmon.log:2619:<Event xmlns='http://schemas.microsoft.com/win/2004/08/events/event'><System><Provider Name='Microsoft-Windows-Sysmon' Guid='{5770385F-C22A-43E0-BF4C-06F5698FFBD9}'/><EventID>11</EventID><Version>2</Version><Level>4</Level><Task>11</Task><Opcode>0</Opcode><Keywords>0x8000000000000000</Keywords><TimeCreated SystemTime='2021-06-04T14:28:35.453859900Z'/><EventRecordID>76672</EventRecordID><Correlation/><Execution ProcessID='2964' ThreadID='3112'/><Channel>Microsoft-Windows-Sysmon/Operational</Channel><Computer>win-dc-392.attackrange.local</Computer><Security UserID='S-1-5-18'/></System><EventData><Data Name='RuleName'>-</Data><Data Name='UtcTime'>2021-06-04 14:28:35.446</Data><Data Name='ProcessGuid'>{89999F75-EECB-60B9-0100-00000000C401}</Data><Data Name='ProcessId'>4</Data><Data Name='Image'>System</Data><Data Name='TargetFilename'>C:\Program Files\Amazon\XenTools\.Symbols\readme.txt</Data><Data Name='CreationUtcTime'>2021-06-04 14:28:35.446</Data></EventData></Event>
/home/kali/director/projects/_corpora/attack_data/datasets/malware/conti/inf1/windows-sysmon.log:2620:<Event xmlns='http://schemas.microsoft.com/win/2004/08/events/event'><System><Provider Name='Microsoft-Windows-Sysmon' Guid='{5770385F-C22A-43E0-BF4C-06F5698FFBD9}'/><EventID>11</EventID><Version>2</Version><Level>4</Level><Task>11</Task><Opcode>0</Opcode><Keywords>0x8000000000000000</Keywords><TimeCreated SystemTime='2021-06-04T14:28:35.450484000Z'/><EventRecordID>76671</EventRecordID><Correlation/><Execution ProcessID='2964' ThreadID='3112'/><Channel>Microsoft-Windows-Sysmon/Operational</Channel><Computer>win-dc-392.attackrange.local</Computer><Security UserID='S-1-5-18'/></System><EventData><Data Name='RuleName'>-</Data><Data Name='UtcTime'>2021-06-04 14:28:35.446</Data><Data Name='ProcessGuid'>{89999F75-EECB-60B9-0100-00000000C401}</Data><Data Name='ProcessId'>4</Data><Data Name='Image'>System</Data><Data Name='TargetFilename'>C:\Program Files\Amazon\XenTools\.Drivers\readme.txt</Data><Data Name='CreationUtcTime'>2021-06-04 14:28:35.446</Data></EventData></Event>
/home/kali/director/projects/_corpora/attack_data/datasets/malware/conti/inf1/windows-sysmon.log:2621:<Event xmlns='http://schemas.microsoft.com/win/2004/08/events/event'><System><Provider Name='Microsoft-Windows-Sysmon' Guid='{5770385F-C22A-43E0-BF4C-06F5698FFBD9}'/><EventID>11</EventID><Version>2</Version><Level>4</Level><Task>11</Task><Opcode>0</Opcode><Keywords>0x8000000000000000</Keywords><TimeCreated SystemTime='2021-06-04T14:28:35.447560300Z'/><EventRecordID>76670</EventRecordID><Correlation/><Execution ProcessID='2964' ThreadID='3112'/><Channel>Microsoft-Windows-Sysmon/Operational</Channel><Computer>win-dc-392.attackrange.local</Computer><Security UserID='S-1-5-18'/></System><EventData><Data Name='RuleName'>-</Data><Data Name='UtcTime'>2021-06-04 14:28:35.446</Data><Data Name='ProcessGuid'>{89999F75-EECB-60B9-0100-00000000C401}</Data><Data Name='ProcessId'>4</Data><Data Name='Image'>System</Data><Data Name='TargetFilename'>C:\Program Files\Amazon\SSM\Plugins\readme.txt</Data><Data Name='CreationUtcTime'>2021-06-04 14:28:35.445</Data></EventData></Event>
/home/kali/director/projects/_corpora/attack_data/datasets/malware/conti/inf1/windows-sysmon.log:2622:<Event xmlns='http://schemas.microsoft.com/win/2004/08/events/event'><System><Provider Name='Microsoft-Windows-Sysmon' Guid='{5770385F-C22A-43E0-BF4C-06F5698FFBD9}'/><EventID>11</EventID><Version>2</Version><Level>4</Level><Task>11</Task><Opcode>0</Opcode><Keywords>0x8000000000000000</Keywords><TimeCreated SystemTime='2021-06-04T14:28:35.315981600Z'/><EventRecordID>76669</EventRecordID><Correlation/><Execution ProcessID='2964' ThreadID='3112'/><Channel>Microsoft-Windows-Sysmon/Operational</Channel><Computer>win-dc-392.attackrange.local</Computer><Security UserID='S-1-5-18'/></System><EventData><Data Name='RuleName'>-</Data><Data Name='UtcTime'>2021-06-04 14:28:35.310</Data><Data Name='ProcessGuid'>{89999F75-EECB-60B9-0100-00000000C401}</Data><Data Name='ProcessId'>4</Data><Data Name='Image'>System</Data><Data Name='TargetFilename'>C:\Program Files\Amazon\SSM\Manifests\readme.txt</Data><Data Name='CreationUtcTime'>2021-06-04 14:28:35.310</Data></EventData></Event>
/home/kali/director/projects/_corpora/attack_data/datasets/malware/conti/inf1/windows-sysmon.log:2623:<Event xmlns='http://schemas.microsoft.com/win/2004/08/events/event'><System><Provider Name='Microsoft-Windows-Sysmon' Guid='{5770385F-C22A-43E0-BF4C-06F5698FFBD9}'/><EventID>11</EventID><Version>2</Version><Level>4</Level><Task>11</Task><Opcode>0</Opcode><Keywords>0x8000000000000000</Keywords><TimeCreated SystemTime='2021-06-04T14:28:35.306825100Z'/><EventRecordID>76668</EventRecordID><Correlation/><Execution ProcessID='2964' ThreadID='3112'/><Channel>Microsoft-Windows-Sysmon/Operational</Channel><Computer>win-dc-392.attackrange.local</Computer><Security UserID='S-1-5-18'/></System><EventData><Data Name='RuleName'>-</Data><Data Name='UtcTime'>2021-06-04 14:28:35.295</Data><Data Name='ProcessGuid'>{89999F75-EECB-60B9-0100-00000000C401}</Data><Data Name='ProcessId'>4</Data><Data Name='Image'>System</Data><Data Name='TargetFilename'>C:\Users\Public\Videos\readme.txt</Data><Data Name='CreationUtcTime'>2021-06-04 14:28:35.295</Data></EventData></Event>
/home/kali/director/projects/_corpora/attack_data/datasets/malware/conti/inf1/windows-sysmon.log:2624:<Event xmlns='http://schemas.microsoft.com/win/2004/08/events/event'><System><Provider Name='Microsoft-Windows-Sysmon' Guid='{5770385F-C22A-43E0-BF4C-06F5698FFBD9}'/><EventID>11</EventID><Version>2</Version><Level>4</Level><Task>11</Task><Opcode>0</Opcode><Keywords>0x8000000000000000</Keywords><TimeCreated SystemTime='2021-06-04T14:28:35.297895000Z'/><EventRecordID>76667</EventRecordID><Correlation/><Execution ProcessID='2964' ThreadID='3112'/><Channel>Microsoft-Windows-Sysmon/Operational</Channel><Computer>win-dc-392.attackrange.local</Computer><Security UserID='S-1-5-18'/></System><EventData><Data Name='RuleName'>-</Data><Data Name='UtcTime'>2021-06-04 14:28:35.295</Data><Data Name='ProcessGuid'>{89999F75-EECB-60B9-0100-00000000C401}</Data><Data Name='ProcessId'>4</Data><Data Name='Image'>System</Data><Data Name='TargetFilename'>C:\Users\Public\Pictures\readme.txt</Data><Data Name='CreationUtcTime'>2021-06-04 14:28:35.295</Data></EventData></Event>
/home/kali/director/projects/_corpora/attack_data/datasets/malware/conti/inf1/windows-sysmon.log:2625:<Event xmlns='http://schemas.microsoft.com/win/2004/08/events/event'><System><Provider Name='Microsoft-Windows-Sysmon' Guid='{5770385F-C22A-43E0-BF4C-06F5698FFBD9}'/><EventID>11</EventID><Version>2</Version><Level>4</Level><Task>11</Task><Opcode>0</Opcode><Keywords>0x8000000000000000</Keywords><TimeCreated SystemTime='2021-06-04T14:28:35.283842800Z'/><EventRecordID>76666</EventRecordID><Correlation/><Execution ProcessID='2964' ThreadID='3112'/><Channel>Microsoft-Windows-Sysmon/Operational</Channel><Computer>win-dc-392.attackrange.local</Computer><Security UserID='S-1-5-18'/></System><EventData><Data Name='RuleName'>-</Data><Data Name='UtcTime'>2021-06-04 14:28:35.279</Data><Data Name='ProcessGuid'>{89999F75-EECB-60B9-0100-00000000C401}</Data><Data Name='ProcessId'>4</Data><Data Name='Image'>System</Data><Data Name='TargetFilename'>C:\Users\Public\Music\readme.txt</Data><Data Name='CreationUtcTime'>2021-06-04 14:28:35.279</Data></EventData></Event>
/home/kali/director/projects/_corpora/attack_data/datasets/malware/conti/inf1/windows-sysmon.log:2626:<Event xmlns='http://schemas.microsoft.com/win/2004/08/events/event'><System><Provider Name='Microsoft-Windows-Sysmon' Guid='{5770385F-C22A-43E0-BF4C-06F5698FFBD9}'/><EventID>11</EventID><Version>2</Version><Level>4</Level><Task>11</Task><Opcode>0</Opcode><Keywords>0x8000000000000000</Keywords><TimeCreated SystemTime='2021-06-04T14:28:35.269205400Z'/><EventRecordID>76665</EventRecordID><Correlation/><Execution ProcessID='2964' ThreadID='3112'/><Channel>Microsoft-Windows-Sysmon/Operational</Channel><Computer>win-dc-392.attackrange.local</Computer><Security UserID='S-1-5-18'/></System><EventData><Data Name='RuleName'>-</Data><Data Name='UtcTime'>2021-06-04 14:28:35.263</Data><Data Name='ProcessGuid'>{89999F75-EECB-60B9-0100-00000000C401}</Data><Data Name='ProcessId'>4</Data><Data Name='Image'>System</Data><Data Name='TargetFilename'>C:\Users\Public\Libraries\readme.txt</Data><Data Name='CreationUtcTime'>2021-06-04 14:28:35.263</Data></EventData></Event>
/home/kali/director/projects/_corpora/attack_data/datasets/malware/conti/inf1/windows-sysmon.log:2627:<Event xmlns='http://schemas.microsoft.com/win/2004/08/events/event'><System><Provider Name='Microsoft-Windows-Sysmon' Guid='{5770385F-C22A-43E0-BF4C-06F5698FFBD9}'/><EventID>11</EventID><Version>2</Version><Level>4</Level><Task>11</Task><Opcode>0</Opcode><Keywords>0x8000000000000000</Keywords><TimeCreated SystemTime='2021-06-04T14:28:35.260744300Z'/><EventRecordID>76664</EventRecordID><Correlation/><Execution ProcessID='2964' ThreadID='3112'/><Channel>Microsoft-Windows-Sysmon/Operational</Channel><Computer>win-dc-392.attackrange.local</Computer><Security UserID='S-1-5-18'/></System><EventData><Data Name='RuleName'>Downloads</Data><Data Name='UtcTime'>2021-06-04 14:28:35.247</Data><Data Name='ProcessGuid'>{89999F75-EECB-60B9-0100-00000000C401}</Data><Data Name='ProcessId'>4</Data><Data Name='Image'>System</Data><Data Name='TargetFilename'>C:\Users\Public\Downloads\readme.txt</Data><Data Name='CreationUtcTime'>2021-06-04 14:28:35.247</Data></EventData></Event>
/home/kali/director/projects/_corpora/attack_data/datasets/malware/conti/inf1/windows-sysmon.log:2629:<Event xmlns='http://schemas.microsoft.com/win/2004/08/events/event'><System><Provider Name='Microsoft-Windows-Sysmon' Guid='{5770385F-C22A-43E0-BF4C-06F5698FFBD9}'/><EventID>11</EventID><Version>2</Version><Level>4</Level><Task>11</Task><Opcode>0</Opcode><Keywords>0x8000000000000000</Keywords><TimeCreated SystemTime='2021-06-04T14:28:35.252518300Z'/><EventRecordID>76662</EventRecordID><Correlation/><Execution ProcessID='2964' ThreadID='3112'/><Channel>Microsoft-Windows-Sysmon/Operational</Channel><Computer>win-dc-392.attackrange.local</Computer><Security UserID='S-1-5-18'/></System><EventData><Data Name='RuleName'>-</Data><Data Name='UtcTime'>2021-06-04 14:28:35.247</Data><Data Name='ProcessGuid'>{89999F75-EECB-60B9-0100-00000000C401}</Data><Data Name='ProcessId'>4</Data><Data Name='Image'>System</Data><Data Name='TargetFilename'>C:\Users\Public\Documents\readme.txt</Data><Data Name='CreationUtcTime'>2021-06-04 14:28:35.247</Data></EventData></Event>
/home/kali/director/projects/_corpora/attack_data/datasets/malware/conti/inf1/windows-sysmon.log:2634:<Event xmlns='http://schemas.microsoft.com/win/2004/08/events/event'><System><Provider Name='Microsoft-Windows-Sysmon' Guid='{5770385F-C22A-43E0-BF4C-06F5698FFBD9}'/><EventID>11</EventID><Version>2</Version><Level>4</Level><Task>11</Task><Opcode>0</Opcode><Keywords>0x8000000000000000</Keywords><TimeCreated SystemTime='2021-06-04T14:28:35.242305800Z'/><EventRecordID>76661</EventRecordID><Correlation/><Execution ProcessID='2964' ThreadID='3112'/><Channel>Microsoft-Windows-Sysmon/Operational</Channel><Computer>win-dc-392.attackrange.local</Computer><Security UserID='S-1-5-18'/></System><EventData><Data Name='RuleName'>-</Data><Data Name='UtcTime'>2021-06-04 14:28:35.232</Data><Data Name='ProcessGuid'>{89999F75-EECB-60B9-0100-00000000C401}</Data><Data Name='ProcessId'>4</Data><Data Name='Image'>System</Data><Data Name='TargetFilename'>C:\Users\Public\Desktop\readme.txt</Data><Data Name='CreationUtcTime'>2021-06-04 14:28:35.232</Data></EventData></Event>
/home/kali/director/projects/_corpora/attack_data/datasets/malware/conti/inf1/windows-sysmon.log:2635:<Event xmlns='http://schemas.microsoft.com/win/2004/08/events/event'><System><Provider Name='Microsoft-Windows-Sysmon' Guid='{5770385F-C22A-43E0-BF4C-06F5698FFBD9}'/><EventID>11</EventID><Version>2</Version><Level>4</Level><Task>11</Task><Opcode>0</Opcode><Keywords>0x8000000000000000</Keywords><TimeCreated SystemTime='2021-06-04T14:28:35.233950800Z'/><EventRecordID>76660</EventRecordID><Correlation/><Execution ProcessID='2964' ThreadID='3112'/><Channel>Microsoft-Windows-Sysmon/Operational</Channel><Computer>win-dc-392.attackrange.local</Computer><Security UserID='S-1-5-18'/></System><EventData><Data Name='RuleName'>-</Data><Data Name='UtcTime'>2021-06-04 14:28:35.232</Data><Data Name='ProcessGuid'>{89999F75-EECB-60B9-0100-00000000C401}</Data><Data Name='ProcessId'>4</Data><Data Name='Image'>System</Data><Data Name='TargetFilename'>C:\Users\Public\AccountPictures\readme.txt</Data><Data Name='CreationUtcTime'>2021-06-04 14:28:35.232</Data></EventData></Event>
/home/kali/director/projects/_corpora/attack_data/datasets/malware/conti/inf1/windows-sysmon.log:2636:<Event xmlns='http://schemas.microsoft.com/win/2004/08/events/event'><System><Provider Name='Microsoft-Windows-Sysmon' Guid='{5770385F-C22A-43E0-BF4C-06F5698FFBD9}'/><EventID>11</EventID><Version>2</Version><Level>4</Level><Task>11</Task><Opcode>0</Opcode><Keywords>0x8000000000000000</Keywords><TimeCreated SystemTime='2021-06-04T14:28:35.226119300Z'/><EventRecordID>76659</EventRecordID><Correlation/><Execution ProcessID='2964' ThreadID='3112'/><Channel>Microsoft-Windows-Sysmon/Operational</Channel><Computer>win-dc-392.attackrange.local</Computer><Security UserID='S-1-5-18'/></System><EventData><Data Name='RuleName'>DefaultUserModified</Data><Data Name='UtcTime'>2021-06-04 14:28:35.216</Data><Data Name='ProcessGuid'>{89999F75-EECB-60B9-0100-00000000C401}</Data><Data Name='ProcessId'>4</Data><Data Name='Image'>System</Data><Data Name='TargetFilename'>C:\Users\Default\Videos\readme.txt</Data><Data Name='CreationUtcTime'>2021-06-04 14:28:35.216</Data></EventData></Event>
/home/kali/director/projects/_corpora/attack_data/datasets/malware/conti/inf1/windows-sysmon.log:2637:<Event xmlns='http://schemas.microsoft.com/win/2004/08/events/event'><System><Provider Name='Microsoft-Windows-Sysmon' Guid='{5770385F-C22A-43E0-BF4C-06F5698FFBD9}'/><EventID>11</EventID><Version>2</Version><Level>4</Level><Task>11</Task><Opcode>0</Opcode><Keywords>0x8000000000000000</Keywords><TimeCreated SystemTime='2021-06-04T14:28:35.202358500Z'/><EventRecordID>76658</EventRecordID><Correlation/><Execution ProcessID='2964' ThreadID='3112'/><Channel>Microsoft-Windows-Sysmon/Operational</Channel><Computer>win-dc-392.attackrange.local</Computer><Security UserID='S-1-5-18'/></System><EventData><Data Name='RuleName'>DefaultUserModified</Data><Data Name='UtcTime'>2021-06-04 14:28:35.201</Data><Data Name='ProcessGuid'>{89999F75-EECB-60B9-0100-00000000C401}</Data><Data Name='ProcessId'>4</Data><Data Name='Image'>System</Data><Data Name='TargetFilename'>C:\Users\Default\Searches\readme.txt</Data><Data Name='CreationUtcTime'>2021-06-04 14:28:35.201</Data></EventData></Event>
/home/kali/director/projects/_corpora/attack_data/datasets/malware/conti/inf1/windows-sysmon.log:2638:<Event xmlns='http://schemas.microsoft.com/win/2004/08/events/event'><System><Provider Name='Microsoft-Windows-Sysmon' Guid='{5770385F-C22A-43E0-BF4C-06F5698FFBD9}'/><EventID>11</EventID><Version>2</Version><Level>4</Level><Task>11</Task><Opcode>0</Opcode><Keywords>0x8000000000000000</Keywords><TimeCreated SystemTime='2021-06-04T14:28:35.192219600Z'/><EventRecordID>76657</EventRecordID><Correlation/><Execution ProcessID='2964' ThreadID='3112'/><Channel>Microsoft-Windows-Sysmon/Operational</Channel><Computer>win-dc-392.attackrange.local</Computer><Security UserID='S-1-5-18'/></System><EventData><Data Name='RuleName'>DefaultUserModified</Data><Data Name='UtcTime'>2021-06-04 14:28:35.185</Data><Data Name='ProcessGuid'>{89999F75-EECB-60B9-0100-00000000C401}</Data><Data Name='ProcessId'>4</Data><Data Name='Image'>System</Data><Data Name='TargetFilename'>C:\Users\Default\Saved Games\readme.txt</Data><Data Name='CreationUtcTime'>2021-06-04 14:28:35.185</Data></EventData></Event>
/home/kali/director/projects/_corpora/attack_data/datasets/malware/conti/inf1/windows-sysmon.log:2639:<Event xmlns='http://schemas.microsoft.com/win/2004/08/events/event'><System><Provider Name='Microsoft-Windows-Sysmon' Guid='{5770385F-C22A-43E0-BF4C-06F5698FFBD9}'/><EventID>11</EventID><Version>2</Version><Level>4</Level><Task>11</Task><Opcode>0</Opcode><Keywords>0x8000000000000000</Keywords><TimeCreated SystemTime='2021-06-04T14:28:35.182849300Z'/><EventRecordID>76656</EventRecordID><Correlation/><Execution ProcessID='2964' ThreadID='3112'/><Channel>Microsoft-Windows-Sysmon/Operational</Channel><Computer>win-dc-392.attackrange.local</Computer><Security UserID='S-1-5-18'/></System><EventData><Data Name='RuleName'>DefaultUserModified</Data><Data Name='UtcTime'>2021-06-04 14:28:35.169</Data><Data Name='ProcessGuid'>{89999F75-EECB-60B9-0100-00000000C401}</Data><Data Name='ProcessId'>4</Data><Data Name='Image'>System</Data><Data Name='TargetFilename'>C:\Users\Default\Pictures\readme.txt</Data><Data Name='CreationUtcTime'>2021-06-04 14:28:35.169</Data></EventData></Event>
/home/kali/director/projects/_corpora/attack_data/datasets/malware/conti/inf1/windows-sysmon.log:2640:<Event xmlns='http://schemas.microsoft.com/win/2004/08/events/event'><System><Provider Name='Microsoft-Windows-Sysmon' Guid='{5770385F-C22A-43E0-BF4C-06F5698FFBD9}'/><EventID>11</EventID><Version>2</Version><Level>4</Level><Task>11</Task><Opcode>0</Opcode><Keywords>0x8000000000000000</Keywords><TimeCreated SystemTime='2021-06-04T14:28:35.173260200Z'/><EventRecordID>76655</EventRecordID><Correlation/><Execution ProcessID='2964' ThreadID='3112'/><Channel>Microsoft-Windows-Sysmon/Operational</Channel><Computer>win-dc-392.attackrange.local</Computer><Security UserID='S-1-5-18'/></System><EventData><Data Name='RuleName'>DefaultUserModified</Data><Data Name='UtcTime'>2021-06-04 14:28:35.169</Data><Data Name='ProcessGuid'>{89999F75-EECB-60B9-0100-00000000C401}</Data><Data Name='ProcessId'>4</Data><Data Name='Image'>System</Data><Data Name='TargetFilename'>C:\Users\Default\Music\readme.txt</Data><Data Name='CreationUtcTime'>2021-06-04 14:28:35.169</Data></EventData></Event>
/home/kali/director/projects/_corpora/attack_data/datasets/malware/conti/inf1/windows-sysmon.log:2641:<Event xmlns='http://schemas.microsoft.com/win/2004/08/events/event'><System><Provider Name='Microsoft-Windows-Sysmon' Guid='{5770385F-C22A-43E0-BF4C-06F5698FFBD9}'/><EventID>11</EventID><Version>2</Version><Level>4</Level><Task>11</Task><Opcode>0</Opcode><Keywords>0x8000000000000000</Keywords><TimeCreated SystemTime='2021-06-04T14:28:35.163133300Z'/><EventRecordID>76654</EventRecordID><Correlation/><Execution ProcessID='2964' ThreadID='3112'/><Channel>Microsoft-Windows-Sysmon/Operational</Channel><Computer>win-dc-392.attackrange.local</Computer><Security UserID='S-1-5-18'/></System><EventData><Data Name='RuleName'>DefaultUserModified</Data><Data Name='UtcTime'>2021-06-04 14:28:35.154</Data><Data Name='ProcessGuid'>{89999F75-EECB-60B9-0100-00000000C401}</Data><Data Name='ProcessId'>4</Data><Data Name='Image'>System</Data><Data Name='TargetFilename'>C:\Users\Default\Links\readme.txt</Data><Data Name='CreationUtcTime'>2021-06-04 14:28:35.154</Data></EventData></Event>
/home/kali/director/projects/_corpora/attack_data/datasets/malware/conti/inf1/windows-sysmon.log:2642:<Event xmlns='http://schemas.microsoft.com/win/2004/08/events/event'><System><Provider Name='Microsoft-Windows-Sysmon' Guid='{5770385F-C22A-43E0-BF4C-06F5698FFBD9}'/><EventID>11</EventID><Version>2</Version><Level>4</Level><Task>11</Task><Opcode>0</Opcode><Keywords>0x8000000000000000</Keywords><TimeCreated SystemTime='2021-06-04T14:28:35.148176300Z'/><EventRecordID>76653</EventRecordID><Correlation/><Execution ProcessID='2964' ThreadID='3112'/><Channel>Microsoft-Windows-Sysmon/Operational</Channel><Computer>win-dc-392.attackrange.local</Computer><Security UserID='S-1-5-18'/></System><EventData><Data Name='RuleName'>DefaultUserModified</Data><Data Name='UtcTime'>2021-06-04 14:28:35.138</Data><Data Name='ProcessGuid'>{89999F75-EECB-60B9-0100-00000000C401}</Data><Data Name='ProcessId'>4</Data><Data Name='Image'>System</Data><Data Name='TargetFilename'>C:\Users\Default\Favorites\readme.txt</Data><Data Name='CreationUtcTime'>2021-06-04 14:28:35.138</Data></EventData></Event>
/home/kali/director/projects/_corpora/attack_data/datasets/malware/conti/inf1/windows-sysmon.log:2643:<Event xmlns='http://schemas.microsoft.com/win/2004/08/events/event'><System><Provider Name='Microsoft-Windows-Sysmon' Guid='{5770385F-C22A-43E0-BF4C-06F5698FFBD9}'/><EventID>11</EventID><Version>2</Version><Level>4</Level><Task>11</Task><Opcode>0</Opcode><Keywords>0x8000000000000000</Keywords><TimeCreated SystemTime='2021-06-04T14:28:35.139048800Z'/><EventRecordID>76652</EventRecordID><Correlation/><Execution ProcessID='2964' ThreadID='3112'/><Channel>Microsoft-Windows-Sysmon/Operational</Channel><Computer>win-dc-392.attackrange.local</Computer><Security UserID='S-1-5-18'/></System><EventData><Data Name='RuleName'>Downloads</Data><Data Name='UtcTime'>2021-06-04 14:28:35.138</Data><Data Name='ProcessGuid'>{89999F75-EECB-60B9-0100-00000000C401}</Data><Data Name='ProcessId'>4</Data><Data Name='Image'>System</Data><Data Name='TargetFilename'>C:\Users\Default\Downloads\readme.txt</Data><Data Name='CreationUtcTime'>2021-06-04 14:28:35.138</Data></EventData></Event>
/home/kali/director/projects/_corpora/attack_data/datasets/malware/conti/inf1/windows-sysmon.log:2644:<Event xmlns='http://schemas.microsoft.com/win/2004/08/events/event'><System><Provider Name='Microsoft-Windows-Sysmon' Guid='{5770385F-C22A-43E0-BF4C-06F5698FFBD9}'/><EventID>11</EventID><Version>2</Version><Level>4</Level><Task>11</Task><Opcode>0</Opcode><Keywords>0x8000000000000000</Keywords><TimeCreated SystemTime='2021-06-04T14:28:35.129159400Z'/><EventRecordID>76651</EventRecordID><Correlation/><Execution ProcessID='2964' ThreadID='3112'/><Channel>Microsoft-Windows-Sysmon/Operational</Channel><Computer>win-dc-392.attackrange.local</Computer><Security UserID='S-1-5-18'/></System><EventData><Data Name='RuleName'>DefaultUserModified</Data><Data Name='UtcTime'>2021-06-04 14:28:35.122</Data><Data Name='ProcessGuid'>{89999F75-EECB-60B9-0100-00000000C401}</Data><Data Name='ProcessId'>4</Data><Data Name='Image'>System</Data><Data Name='TargetFilename'>C:\Users\Default\Documents\readme.txt</Data><Data Name='CreationUtcTime'>2021-06-04 14:28:35.122</Data></EventData></Event>
/home/kali/director/projects/_corpora/attack_data/datasets/malware/conti/inf1/windows-sysmon.log:2645:<Event xmlns='http://schemas.microsoft.com/win/2004/08/events/event'><System><Provider Name='Microsoft-Windows-Sysmon' Guid='{5770385F-C22A-43E0-BF4C-06F5698FFBD9}'/><EventID>11</EventID><Version>2</Version><Level>4</Level><Task>11</Task><Opcode>0</Opcode><Keywords>0x8000000000000000</Keywords><TimeCreated SystemTime='2021-06-04T14:28:35.099315300Z'/><EventRecordID>76650</EventRecordID><Correlation/><Execution ProcessID='2964' ThreadID='3112'/><Channel>Microsoft-Windows-Sysmon/Operational</Channel><Computer>win-dc-392.attackrange.local</Computer><Security UserID='S-1-5-18'/></System><EventData><Data Name='RuleName'>DefaultUserModified</Data><Data Name='UtcTime'>2021-06-04 14:28:35.091</Data><Data Name='ProcessGuid'>{89999F75-EECB-60B9-0100-00000000C401}</Data><Data Name='ProcessId'>4</Data><Data Name='Image'>System</Data><Data Name='TargetFilename'>C:\Users\Default\Desktop\readme.txt</Data><Data Name='CreationUtcTime'>2021-06-04 14:28:35.091</Data></EventData></Event>
/home/kali/director/projects/_corpora/attack_data/datasets/malware/conti/inf1/windows-sysmon.log:2646:<Event xmlns='http://schemas.microsoft.com/win/2004/08/events/event'><System><Provider Name='Microsoft-Windows-Sysmon' Guid='{5770385F-C22A-43E0-BF4C-06F5698FFBD9}'/><EventID>11</EventID><Version>2</Version><Level>4</Level><Task>11</Task><Opcode>0</Opcode><Keywords>0x8000000000000000</Keywords><TimeCreated SystemTime='2021-06-04T14:28:35.090529700Z'/><EventRecordID>76649</EventRecordID><Correlation/><Execution ProcessID='2964' ThreadID='3112'/><Channel>Microsoft-Windows-Sysmon/Operational</Channel><Computer>win-dc-392.attackrange.local</Computer><Security UserID='S-1-5-18'/></System><EventData><Data Name='RuleName'>DefaultUserModified</Data><Data Name='UtcTime'>2021-06-04 14:28:35.076</Data><Data Name='ProcessGuid'>{89999F75-EECB-60B9-0100-00000000C401}</Data><Data Name='ProcessId'>4</Data><Data Name='Image'>System</Data><Data Name='TargetFilename'>C:\Users\Default\Contacts\readme.txt</Data><Data Name='CreationUtcTime'>2021-06-04 14:28:35.076</Data></EventData></Event>
/home/kali/director/projects/_corpora/attack_data/datasets/malware/conti/inf1/windows-sysmon.log:2647:<Event xmlns='http://schemas.microsoft.com/win/2004/08/events/event'><System><Provider Name='Microsoft-Windows-Sysmon' Guid='{5770385F-C22A-43E0-BF4C-06F5698FFBD9}'/><EventID>11</EventID><Version>2</Version><Level>4</Level><Task>11</Task><Opcode>0</Opcode><Keywords>0x8000000000000000</Keywords><TimeCreated SystemTime='2021-06-04T14:28:35.087708400Z'/><EventRecordID>76648</EventRecordID><Correlation/><Execution ProcessID='2964' ThreadID='3112'/><Channel>Microsoft-Windows-Sysmon/Operational</Channel><Computer>win-dc-392.attackrange.local</Computer><Security UserID='S-1-5-18'/></System><EventData><Data Name='RuleName'>DefaultUserModified</Data><Data Name='UtcTime'>2021-06-04 14:28:35.076</Data><Data Name='ProcessGuid'>{89999F75-EECB-60B9-0100-00000000C401}</Data><Data Name='ProcessId'>4</Data><Data Name='Image'>System</Data><Data Name='TargetFilename'>C:\Users\Default\AppData\readme.txt</Data><Data Name='CreationUtcTime'>2021-06-04 14:28:35.076</Data></EventData></Event>
/home/kali/director/projects/_corpora/attack_data/datasets/malware/conti/inf1/windows-sysmon.log:2648:<Event xmlns='http://schemas.microsoft.com/win/2004/08/events/event'><System><Provider Name='Microsoft-Windows-Sysmon' Guid='{5770385F-C22A-43E0-BF4C-06F5698FFBD9}'/><EventID>11</EventID><Version>2</Version><Level>4</Level><Task>11</Task><Opcode>0</Opcode><Keywords>0x8000000000000000</Keywords><TimeCreated SystemTime='2021-06-04T14:28:35.078819700Z'/><EventRecordID>76647</EventRecordID><Correlation/><Execution ProcessID='2964' ThreadID='3112'/><Channel>Microsoft-Windows-Sysmon/Operational</Channel><Computer>win-dc-392.attackrange.local</Computer><Security UserID='S-1-5-18'/></System><EventData><Data Name='RuleName'>-</Data><Data Name='UtcTime'>2021-06-04 14:28:35.076</Data><Data Name='ProcessGuid'>{89999F75-EECB-60B9-0100-00000000C401}</Data><Data Name='ProcessId'>4</Data><Data Name='Image'>System</Data><Data Name='TargetFilename'>C:\Users\Administrator\Videos\readme.txt</Data><Data Name='CreationUtcTime'>2021-06-04 14:28:35.076</Data></EventData></Event>
/home/kali/director/projects/_corpora/attack_data/datasets/malware/conti/inf1/windows-sysmon.log:2649:<Event xmlns='http://schemas.microsoft.com/win/2004/08/events/event'><System><Provider Name='Microsoft-Windows-Sysmon' Guid='{5770385F-C22A-43E0-BF4C-06F5698FFBD9}'/><EventID>11</EventID><Version>2</Version><Level>4</Level><Task>11</Task><Opcode>0</Opcode><Keywords>0x8000000000000000</Keywords><TimeCreated SystemTime='2021-06-04T14:28:35.049924200Z'/><EventRecordID>76646</EventRecordID><Correlation/><Execution ProcessID='2964' ThreadID='3112'/><Channel>Microsoft-Windows-Sysmon/Operational</Channel><Computer>win-dc-392.attackrange.local</Computer><Security UserID='S-1-5-18'/></System><EventData><Data Name='RuleName'>-</Data><Data Name='UtcTime'>2021-06-04 14:28:35.044</Data><Data Name='ProcessGuid'>{89999F75-EECB-60B9-0100-00000000C401}</Data><Data Name='ProcessId'>4</Data><Data Name='Image'>System</Data><Data Name='TargetFilename'>C:\Users\Administrator\Searches\readme.txt</Data><Data Name='CreationUtcTime'>2021-06-04 14:28:35.044</Data></EventData></Event>
/home/kali/director/projects/_corpora/attack_data/datasets/malware/conti/inf1/windows-sysmon.log:2650:<Event xmlns='http://schemas.microsoft.com/win/2004/08/events/event'><System><Provider Name='Microsoft-Windows-Sysmon' Guid='{5770385F-C22A-43E0-BF4C-06F5698FFBD9}'/><EventID>11</EventID><Version>2</Version><Level>4</Level><Task>11</Task><Opcode>0</Opcode><Keywords>0x8000000000000000</Keywords><TimeCreated SystemTime='2021-06-04T14:28:35.041175600Z'/><EventRecordID>76645</EventRecordID><Correlation/><Execution ProcessID='2964' ThreadID='3112'/><Channel>Microsoft-Windows-Sysmon/Operational</Channel><Computer>win-dc-392.attackrange.local</Computer><Security UserID='S-1-5-18'/></System><EventData><Data Name='RuleName'>-</Data><Data Name='UtcTime'>2021-06-04 14:28:35.029</Data><Data Name='ProcessGuid'>{89999F75-EECB-60B9-0100-00000000C401}</Data><Data Name='ProcessId'>4</Data><Data Name='Image'>System</Data><Data Name='TargetFilename'>C:\Users\Administrator\Saved Games\readme.txt</Data><Data Name='CreationUtcTime'>2021-06-04 14:28:35.029</Data></EventData></Event>
/home/kali/director/projects/_corpora/attack_data/datasets/malware/conti/inf1/windows-sysmon.log:2651:<Event xmlns='http://schemas.microsoft.com/win/2004/08/events/event'><System><Provider Name='Microsoft-Windows-Sysmon' Guid='{5770385F-C22A-43E0-BF4C-06F5698FFBD9}'/><EventID>11</EventID><Version>2</Version><Level>4</Level><Task>11</Task><Opcode>0</Opcode><Keywords>0x8000000000000000</Keywords><TimeCreated SystemTime='2021-06-04T14:28:35.033334700Z'/><EventRecordID>76644</EventRecordID><Correlation/><Execution ProcessID='2964' ThreadID='3112'/><Channel>Microsoft-Windows-Sysmon/Operational</Channel><Computer>win-dc-392.attackrange.local</Computer><Security UserID='S-1-5-18'/></System><EventData><Data Name='RuleName'>-</Data><Data Name='UtcTime'>2021-06-04 14:28:35.029</Data><Data Name='ProcessGuid'>{89999F75-EECB-60B9-0100-00000000C401}</Data><Data Name='ProcessId'>4</Data><Data Name='Image'>System</Data><Data Name='TargetFilename'>C:\Users\Administrator\Pictures\readme.txt</Data><Data Name='CreationUtcTime'>2021-06-04 14:28:35.029</Data></EventData></Event>
/home/kali/director/projects/_corpora/attack_data/datasets/malware/conti/inf1/windows-sysmon.log:2652:<Event xmlns='http://schemas.microsoft.com/win/2004/08/events/event'><System><Provider Name='Microsoft-Windows-Sysmon' Guid='{5770385F-C22A-43E0-BF4C-06F5698FFBD9}'/><EventID>11</EventID><Version>2</Version><Level>4</Level><Task>11</Task><Opcode>0</Opcode><Keywords>0x8000000000000000</Keywords><TimeCreated SystemTime='2021-06-04T14:28:35.024329100Z'/><EventRecordID>76643</EventRecordID><Correlation/><Execution ProcessID='2964' ThreadID='3112'/><Channel>Microsoft-Windows-Sysmon/Operational</Channel><Computer>win-dc-392.attackrange.local</Computer><Security UserID='S-1-5-18'/></System><EventData><Data Name='RuleName'>-</Data><Data Name='UtcTime'>2021-06-04 14:28:35.013</Data><Data Name='ProcessGuid'>{89999F75-EECB-60B9-0100-00000000C401}</Data><Data Name='ProcessId'>4</Data><Data Name='Image'>System</Data><Data Name='TargetFilename'>C:\Users\Administrator\Music\readme.txt</Data><Data Name='CreationUtcTime'>2021-06-04 14:28:35.013</Data></EventData></Event>
/home/kali/director/projects/_corpora/attack_data/datasets/malware/conti/inf1/windows-sysmon.log:2653:<Event xmlns='http://schemas.microsoft.com/win/2004/08/events/event'><System><Provider Name='Microsoft-Windows-Sysmon' Guid='{5770385F-C22A-43E0-BF4C-06F5698FFBD9}'/><EventID>11</EventID><Version>2</Version><Level>4</Level><Task>11</Task><Opcode>0</Opcode><Keywords>0x8000000000000000</Keywords><TimeCreated SystemTime='2021-06-04T14:28:35.012432000Z'/><EventRecordID>76642</EventRecordID><Correlation/><Execution ProcessID='2964' ThreadID='3112'/><Channel>Microsoft-Windows-Sysmon/Operational</Channel><Computer>win-dc-392.attackrange.local</Computer><Security UserID='S-1-5-18'/></System><EventData><Data Name='RuleName'>-</Data><Data Name='UtcTime'>2021-06-04 14:28:34.998</Data><Data Name='ProcessGuid'>{89999F75-EECB-60B9-0100-00000000C401}</Data><Data Name='ProcessId'>4</Data><Data Name='Image'>System</Data><Data Name='TargetFilename'>C:\Users\Administrator\Links\readme.txt</Data><Data Name='CreationUtcTime'>2021-06-04 14:28:34.998</Data></EventData></Event>
/home/kali/director/projects/_corpora/attack_data/datasets/malware/conti/inf1/windows-sysmon.log:2655:<Event xmlns='http://schemas.microsoft.com/win/2004/08/events/event'><System><Provider Name='Microsoft-Windows-Sysmon' Guid='{5770385F-C22A-43E0-BF4C-06F5698FFBD9}'/><EventID>11</EventID><Version>2</Version><Level>4</Level><Task>11</Task><Opcode>0</Opcode><Keywords>0x8000000000000000</Keywords><TimeCreated SystemTime='2021-06-04T14:28:36.438194400Z'/><EventRecordID>76699</EventRecordID><Correlation/><Execution ProcessID='2964' ThreadID='3112'/><Channel>Microsoft-Windows-Sysmon/Operational</Channel><Computer>win-dc-392.attackrange.local</Computer><Security UserID='S-1-5-18'/></System><EventData><Data Name='RuleName'>-</Data><Data Name='UtcTime'>2021-06-04 14:28:36.431</Data><Data Name='ProcessGuid'>{89999F75-EECB-60B9-0100-00000000C401}</Data><Data Name='ProcessId'>4</Data><Data Name='Image'>System</Data><Data Name='TargetFilename'>C:\Program Files\Git\usr\bin\readme.txt</Data><Data Name='CreationUtcTime'>2021-06-04 14:28:36.431</Data></EventData></Event>
/home/kali/director/projects/_corpora/attack_data/datasets/malware/conti/inf1/windows-sysmon.log:2656:<Event xmlns='http://schemas.microsoft.com/win/2004/08/events/event'><System><Provider Name='Microsoft-Windows-Sysmon' Guid='{5770385F-C22A-43E0-BF4C-06F5698FFBD9}'/><EventID>11</EventID><Version>2</Version><Level>4</Level><Task>11</Task><Opcode>0</Opcode><Keywords>0x8000000000000000</Keywords><TimeCreated SystemTime='2021-06-04T14:28:36.396955600Z'/><EventRecordID>76698</EventRecordID><Correlation/><Execution ProcessID='2964' ThreadID='3112'/><Channel>Microsoft-Windows-Sysmon/Operational</Channel><Computer>win-dc-392.attackrange.local</Computer><Security UserID='S-1-5-18'/></System><EventData><Data Name='RuleName'>-</Data><Data Name='UtcTime'>2021-06-04 14:28:36.384</Data><Data Name='ProcessGuid'>{89999F75-EECB-60B9-0100-00000000C401}</Data><Data Name='ProcessId'>4</Data><Data Name='Image'>System</Data><Data Name='TargetFilename'>C:\Program Files\Git\mingw64\ssl\readme.txt</Data><Data Name='CreationUtcTime'>2021-06-04 14:28:36.384</Data></EventData></Event>
/home/kali/director/projects/_corpora/attack_data/datasets/malware/conti/inf1/windows-sysmon.log:2657:<Event xmlns='http://schemas.microsoft.com/win/2004/08/events/event'><System><Provider Name='Microsoft-Windows-Sysmon' Guid='{5770385F-C22A-43E0-BF4C-06F5698FFBD9}'/><EventID>11</EventID><Version>2</Version><Level>4</Level><Task>11</Task><Opcode>0</Opcode><Keywords>0x8000000000000000</Keywords><TimeCreated SystemTime='2021-06-04T14:28:36.393955700Z'/><EventRecordID>76697</EventRecordID><Correlation/><Execution ProcessID='2964' ThreadID='3112'/><Channel>Microsoft-Windows-Sysmon/Operational</Channel><Computer>win-dc-392.attackrange.local</Computer><Security UserID='S-1-5-18'/></System><EventData><Data Name='RuleName'>-</Data><Data Name='UtcTime'>2021-06-04 14:28:36.384</Data><Data Name='ProcessGuid'>{89999F75-EECB-60B9-0100-00000000C401}</Data><Data Name='ProcessId'>4</Data><Data Name='Image'>System</Data><Data Name='TargetFilename'>C:\Program Files\Git\mingw64\share\readme.txt</Data><Data Name='CreationUtcTime'>2021-06-04 14:28:36.384</Data></EventData></Event>
/home/kali/director/projects/_corpora/attack_data/datasets/malware/conti/inf1/windows-sysmon.log:2658:<Event xmlns='http://schemas.microsoft.com/win/2004/08/events/event'><System><Provider Name='Microsoft-Windows-Sysmon' Guid='{5770385F-C22A-43E0-BF4C-06F5698FFBD9}'/><EventID>11</EventID><Version>2</Version><Level>4</Level><Task>11</Task><Opcode>0</Opcode><Keywords>0x8000000000000000</Keywords><TimeCreated SystemTime='2021-06-04T14:28:36.390686300Z'/><EventRecordID>76696</EventRecordID><Correlation/><Execution ProcessID='2964' ThreadID='3112'/><Channel>Microsoft-Windows-Sysmon/Operational</Channel><Computer>win-dc-392.attackrange.local</Computer><Security UserID='S-1-5-18'/></System><EventData><Data Name='RuleName'>-</Data><Data Name='UtcTime'>2021-06-04 14:28:36.384</Data><Data Name='ProcessGuid'>{89999F75-EECB-60B9-0100-00000000C401}</Data><Data Name='ProcessId'>4</Data><Data Name='Image'>System</Data><Data Name='TargetFilename'>C:\Program Files\Git\mingw64\libexec\readme.txt</Data><Data Name='CreationUtcTime'>2021-06-04 14:28:36.384</Data></EventData></Event>
/home/kali/director/projects/_corpora/attack_data/datasets/malware/conti/inf1/windows-sysmon.log:2659:<Event xmlns='http://schemas.microsoft.com/win/2004/08/events/event'><System><Provider Name='Microsoft-Windows-Sysmon' Guid='{5770385F-C22A-43E0-BF4C-06F5698FFBD9}'/><EventID>11</EventID><Version>2</Version><Level>4</Level><Task>11</Task><Opcode>0</Opcode><Keywords>0x8000000000000000</Keywords><TimeCreated SystemTime='2021-06-04T14:28:36.372329300Z'/><EventRecordID>76695</EventRecordID><Correlation/><Execution ProcessID='2964' ThreadID='3112'/><Channel>Microsoft-Windows-Sysmon/Operational</Channel><Computer>win-dc-392.attackrange.local</Computer><Security UserID='S-1-5-18'/></System><EventData><Data Name='RuleName'>-</Data><Data Name='UtcTime'>2021-06-04 14:28:36.368</Data><Data Name='ProcessGuid'>{89999F75-EECB-60B9-0100-00000000C401}</Data><Data Name='ProcessId'>4</Data><Data Name='Image'>System</Data><Data Name='TargetFilename'>C:\Program Files\Git\mingw64\lib\readme.txt</Data><Data Name='CreationUtcTime'>2021-06-04 14:28:36.368</Data></EventData></Event>
/home/kali/director/projects/_corpora/attack_data/datasets/malware/conti/inf1/windows-sysmon.log:2660:<Event xmlns='http://schemas.microsoft.com/win/2004/08/events/event'><System><Provider Name='Microsoft-Windows-Sysmon' Guid='{5770385F-C22A-43E0-BF4C-06F5698FFBD9}'/><EventID>11</EventID><Version>2</Version><Level>4</Level><Task>11</Task><Opcode>0</Opcode><Keywords>0x8000000000000000</Keywords><TimeCreated SystemTime='2021-06-04T14:28:36.368146000Z'/><EventRecordID>76694</EventRecordID><Correlation/><Execution ProcessID='2964' ThreadID='3112'/><Channel>Microsoft-Windows-Sysmon/Operational</Channel><Computer>win-dc-392.attackrange.local</Computer><Security UserID='S-1-5-18'/></System><EventData><Data Name='RuleName'>-</Data><Data Name='UtcTime'>2021-06-04 14:28:36.352</Data><Data Name='ProcessGuid'>{89999F75-EECB-60B9-0100-00000000C401}</Data><Data Name='ProcessId'>4</Data><Data Name='Image'>System</Data><Data Name='TargetFilename'>C:\Program Files\Git\mingw64\etc\readme.txt</Data><Data Name='CreationUtcTime'>2021-06-04 14:28:36.352</Data></EventData></Event>
/home/kali/director/projects/_corpora/attack_data/datasets/malware/conti/inf1/windows-sysmon.log:2661:<Event xmlns='http://schemas.microsoft.com/win/2004/08/events/event'><System><Provider Name='Microsoft-Windows-Sysmon' Guid='{5770385F-C22A-43E0-BF4C-06F5698FFBD9}'/><EventID>11</EventID><Version>2</Version><Level>4</Level><Task>11</Task><Opcode>0</Opcode><Keywords>0x8000000000000000</Keywords><TimeCreated SystemTime='2021-06-04T14:28:36.361615800Z'/><EventRecordID>76693</EventRecordID><Correlation/><Execution ProcessID='2964' ThreadID='3112'/><Channel>Microsoft-Windows-Sysmon/Operational</Channel><Computer>win-dc-392.attackrange.local</Computer><Security UserID='S-1-5-18'/></System><EventData><Data Name='RuleName'>-</Data><Data Name='UtcTime'>2021-06-04 14:28:36.352</Data><Data Name='ProcessGuid'>{89999F75-EECB-60B9-0100-00000000C401}</Data><Data Name='ProcessId'>4</Data><Data Name='Image'>System</Data><Data Name='TargetFilename'>C:\Program Files\Git\mingw64\doc\readme.txt</Data><Data Name='CreationUtcTime'>2021-06-04 14:28:36.352</Data></EventData></Event>
/home/kali/director/projects/_corpora/attack_data/datasets/malware/conti/inf1/windows-sysmon.log:2673:<Event xmlns='http://schemas.microsoft.com/win/2004/08/events/event'><System><Provider Name='Microsoft-Windows-Sysmon' Guid='{5770385F-C22A-43E0-BF4C-06F5698FFBD9}'/><EventID>11</EventID><Version>2</Version><Level>4</Level><Task>11</Task><Opcode>0</Opcode><Keywords>0x8000000000000000</Keywords><TimeCreated SystemTime='2021-06-04T14:28:36.131558100Z'/><EventRecordID>76691</EventRecordID><Correlation/><Execution ProcessID='2964' ThreadID='3112'/><Channel>Microsoft-Windows-Sysmon/Operational</Channel><Computer>win-dc-392.attackrange.local</Computer><Security UserID='S-1-5-18'/></System><EventData><Data Name='RuleName'>-</Data><Data Name='UtcTime'>2021-06-04 14:28:36.118</Data><Data Name='ProcessGuid'>{89999F75-EECB-60B9-0100-00000000C401}</Data><Data Name='ProcessId'>4</Data><Data Name='Image'>System</Data><Data Name='TargetFilename'>C:\Program Files\Git\mingw64\bin\readme.txt</Data><Data Name='CreationUtcTime'>2021-06-04 14:28:36.118</Data></EventData></Event>
/home/kali/director/projects/_corpora/attack_data/datasets/malware/conti/inf1/windows-sysmon.log:2674:<Event xmlns='http://schemas.microsoft.com/win/2004/08/events/event'><System><Provider Name='Microsoft-Windows-Sysmon' Guid='{5770385F-C22A-43E0-BF4C-06F5698FFBD9}'/><EventID>11</EventID><Version>2</Version><Level>4</Level><Task>11</Task><Opcode>0</Opcode><Keywords>0x8000000000000000</Keywords><TimeCreated SystemTime='2021-06-04T14:28:36.099162900Z'/><EventRecordID>76690</EventRecordID><Correlation/><Execution ProcessID='2964' ThreadID='3112'/><Channel>Microsoft-Windows-Sysmon/Operational</Channel><Computer>win-dc-392.attackrange.local</Computer><Security UserID='S-1-5-18'/></System><EventData><Data Name='RuleName'>-</Data><Data Name='UtcTime'>2021-06-04 14:28:36.087</Data><Data Name='ProcessGuid'>{89999F75-EECB-60B9-0100-00000000C401}</Data><Data Name='ProcessId'>4</Data><Data Name='Image'>System</Data><Data Name='TargetFilename'>C:\Program Files\Git\etc\ssh\readme.txt</Data><Data Name='CreationUtcTime'>2021-06-04 14:28:36.087</Data></EventData></Event>
/home/kali/director/projects/_corpora/attack_data/datasets/malware/conti/inf1/windows-sysmon.log:2675:<Event xmlns='http://schemas.microsoft.com/win/2004/08/events/event'><System><Provider Name='Microsoft-Windows-Sysmon' Guid='{5770385F-C22A-43E0-BF4C-06F5698FFBD9}'/><EventID>11</EventID><Version>2</Version><Level>4</Level><Task>11</Task><Opcode>0</Opcode><Keywords>0x8000000000000000</Keywords><TimeCreated SystemTime='2021-06-04T14:28:36.050128600Z'/><EventRecordID>76689</EventRecordID><Correlation/><Execution ProcessID='2964' ThreadID='3112'/><Channel>Microsoft-Windows-Sysmon/Operational</Channel><Computer>win-dc-392.attackrange.local</Computer><Security UserID='S-1-5-18'/></System><EventData><Data Name='RuleName'>-</Data><Data Name='UtcTime'>2021-06-04 14:28:36.040</Data><Data Name='ProcessGuid'>{89999F75-EECB-60B9-0100-00000000C401}</Data><Data Name='ProcessId'>4</Data><Data Name='Image'>System</Data><Data Name='TargetFilename'>C:\Program Files\Git\etc\profile.d\readme.txt</Data><Data Name='CreationUtcTime'>2021-06-04 14:28:36.040</Data></EventData></Event>
/home/kali/director/projects/_corpora/attack_data/datasets/malware/conti/inf1/windows-sysmon.log:2676:<Event xmlns='http://schemas.microsoft.com/win/2004/08/events/event'><System><Provider Name='Microsoft-Windows-Sysmon' Guid='{5770385F-C22A-43E0-BF4C-06F5698FFBD9}'/><EventID>11</EventID><Version>2</Version><Level>4</Level><Task>11</Task><Opcode>0</Opcode><Keywords>0x8000000000000000</Keywords><TimeCreated SystemTime='2021-06-04T14:28:36.046886700Z'/><EventRecordID>76688</EventRecordID><Correlation/><Execution ProcessID='2964' ThreadID='3112'/><Channel>Microsoft-Windows-Sysmon/Operational</Channel><Computer>win-dc-392.attackrange.local</Computer><Security UserID='S-1-5-18'/></System><EventData><Data Name='RuleName'>-</Data><Data Name='UtcTime'>2021-06-04 14:28:36.040</Data><Data Name='ProcessGuid'>{89999F75-EECB-60B9-0100-00000000C401}</Data><Data Name='ProcessId'>4</Data><Data Name='Image'>System</Data><Data Name='TargetFilename'>C:\Program Files\Git\etc\pki\readme.txt</Data><Data Name='CreationUtcTime'>2021-06-04 14:28:36.040</Data></EventData></Event>
/home/kali/director/projects/_corpora/attack_data/datasets/malware/conti/inf1/windows-sysmon.log:2677:<Event xmlns='http://schemas.microsoft.com/win/2004/08/events/event'><System><Provider Name='Microsoft-Windows-Sysmon' Guid='{5770385F-C22A-43E0-BF4C-06F5698FFBD9}'/><EventID>11</EventID><Version>2</Version><Level>4</Level><Task>11</Task><Opcode>0</Opcode><Keywords>0x8000000000000000</Keywords><TimeCreated SystemTime='2021-06-04T14:28:36.038442300Z'/><EventRecordID>76687</EventRecordID><Correlation/><Execution ProcessID='2964' ThreadID='3112'/><Channel>Microsoft-Windows-Sysmon/Operational</Channel><Computer>win-dc-392.attackrange.local</Computer><Security UserID='S-1-5-18'/></System><EventData><Data Name='RuleName'>-</Data><Data Name='UtcTime'>2021-06-04 14:28:36.024</Data><Data Name='ProcessGuid'>{89999F75-EECB-60B9-0100-00000000C401}</Data><Data Name='ProcessId'>4</Data><Data Name='Image'>System</Data><Data Name='TargetFilename'>C:\Program Files\Git\etc\pkcs11\readme.txt</Data><Data Name='CreationUtcTime'>2021-06-04 14:28:36.024</Data></EventData></Event>
/home/kali/director/projects/_corpora/attack_data/datasets/malware/conti/inf1/windows-sysmon.log:2678:<Event xmlns='http://schemas.microsoft.com/win/2004/08/events/event'><System><Provider Name='Microsoft-Windows-Sysmon' Guid='{5770385F-C22A-43E0-BF4C-06F5698FFBD9}'/><EventID>11</EventID><Version>2</Version><Level>4</Level><Task>11</Task><Opcode>0</Opcode><Keywords>0x8000000000000000</Keywords><TimeCreated SystemTime='2021-06-04T14:28:36.036334900Z'/><EventRecordID>76686</EventRecordID><Correlation/><Execution ProcessID='2964' ThreadID='3112'/><Channel>Microsoft-Windows-Sysmon/Operational</Channel><Computer>win-dc-392.attackrange.local</Computer><Security UserID='S-1-5-18'/></System><EventData><Data Name='RuleName'>-</Data><Data Name='UtcTime'>2021-06-04 14:28:36.024</Data><Data Name='ProcessGuid'>{89999F75-EECB-60B9-0100-00000000C401}</Data><Data Name='ProcessId'>4</Data><Data Name='Image'>System</Data><Data Name='TargetFilename'>C:\Program Files\Git\dev\shm\readme.txt</Data><Data Name='CreationUtcTime'>2021-06-04 14:28:36.024</Data></EventData></Event>
/home/kali/director/projects/_corpora/attack_data/datasets/malware/conti/inf1/windows-sysmon.log:2679:<Event xmlns='http://schemas.microsoft.com/win/2004/08/events/event'><System><Provider Name='Microsoft-Windows-Sysmon' Guid='{5770385F-C22A-43E0-BF4C-06F5698FFBD9}'/><EventID>11</EventID><Version>2</Version><Level>4</Level><Task>11</Task><Opcode>0</Opcode><Keywords>0x8000000000000000</Keywords><TimeCreated SystemTime='2021-06-04T14:28:36.034359400Z'/><EventRecordID>76685</EventRecordID><Correlation/><Execution ProcessID='2964' ThreadID='3112'/><Channel>Microsoft-Windows-Sysmon/Operational</Channel><Computer>win-dc-392.attackrange.local</Computer><Security UserID='S-1-5-18'/></System><EventData><Data Name='RuleName'>-</Data><Data Name='UtcTime'>2021-06-04 14:28:36.024</Data><Data Name='ProcessGuid'>{89999F75-EECB-60B9-0100-00000000C401}</Data><Data Name='ProcessId'>4</Data><Data Name='Image'>System</Data><Data Name='TargetFilename'>C:\Program Files\Git\dev\mqueue\readme.txt</Data><Data Name='CreationUtcTime'>2021-06-04 14:28:36.024</Data></EventData></Event>
/home/kali/director/projects/_corpora/attack_data/datasets/malware/conti/inf1/windows-sysmon.log:2680:<Event xmlns='http://schemas.microsoft.com/win/2004/08/events/event'><System><Provider Name='Microsoft-Windows-Sysmon' Guid='{5770385F-C22A-43E0-BF4C-06F5698FFBD9}'/><EventID>11</EventID><Version>2</Version><Level>4</Level><Task>11</Task><Opcode>0</Opcode><Keywords>0x8000000000000000</Keywords><TimeCreated SystemTime='2021-06-04T14:28:36.011477200Z'/><EventRecordID>76684</EventRecordID><Correlation/><Execution ProcessID='2964' ThreadID='3112'/><Channel>Microsoft-Windows-Sysmon/Operational</Channel><Computer>win-dc-392.attackrange.local</Computer><Security UserID='S-1-5-18'/></System><EventData><Data Name='RuleName'>-</Data><Data Name='UtcTime'>2021-06-04 14:28:36.009</Data><Data Name='ProcessGuid'>{89999F75-EECB-60B9-0100-00000000C401}</Data><Data Name='ProcessId'>4</Data><Data Name='Image'>System</Data><Data Name='TargetFilename'>C:\Program Files\Common Files\System\Ole DB\readme.txt</Data><Data Name='CreationUtcTime'>2021-06-04 14:28:36.009</Data></EventData></Event>
/home/kali/director/projects/_corpora/attack_data/datasets/malware/conti/inf1/windows-sysmon.log:2681:<Event xmlns='http://schemas.microsoft.com/win/2004/08/events/event'><System><Provider Name='Microsoft-Windows-Sysmon' Guid='{5770385F-C22A-43E0-BF4C-06F5698FFBD9}'/><EventID>11</EventID><Version>2</Version><Level>4</Level><Task>11</Task><Opcode>0</Opcode><Keywords>0x8000000000000000</Keywords><TimeCreated SystemTime='2021-06-04T14:28:37.583442700Z'/><EventRecordID>76735</EventRecordID><Correlation/><Execution ProcessID='2964' ThreadID='3112'/><Channel>Microsoft-Windows-Sysmon/Operational</Channel><Computer>win-dc-392.attackrange.local</Computer><Security UserID='S-1-5-18'/></System><EventData><Data Name='RuleName'>-</Data><Data Name='UtcTime'>2021-06-04 14:28:37.571</Data><Data Name='ProcessGuid'>{89999F75-EECB-60B9-0100-00000000C401}</Data><Data Name='ProcessId'>4</Data><Data Name='Image'>System</Data><Data Name='TargetFilename'>C:\Program Files (x86)\AWS SDK for .NET\bin\Net35\readme.txt</Data><Data Name='CreationUtcTime'>2021-06-04 14:28:37.571</Data></EventData></Event>
