/home/kali/director/projects/_corpora/attack_data/datasets/malware/conti/inf1/windows-sysmon.log:3032:<Event xmlns='http://schemas.microsoft.com/win/2004/08/events/event'><System><Provider Name='Microsoft-Windows-Sysmon' Guid='{5770385F-C22A-43E0-BF4C-06F5698FFBD9}'/><EventID>11</EventID><Version>2</Version><Level>4</Level><Task>11</Task><Opcode>0</Opcode><Keywords>0x8000000000000000</Keywords><TimeCreated SystemTime='2021-06-04T14:29:15.971253800Z'/><EventRecordID>76908</EventRecordID><Correlation/><Execution ProcessID='2964' ThreadID='3112'/><Channel>Microsoft-Windows-Sysmon/Operational</Channel><Computer>win-dc-392.attackrange.local</Computer><Security UserID='S-1-5-18'/></System><EventData><Data Name='RuleName'>-</Data><Data Name='UtcTime'>2021-06-04 14:29:15.969</Data><Data Name='ProcessGuid'>{89999F75-EECB-60B9-0100-00000000C401}</Data><Data Name='ProcessId'>4</Data><Data Name='Image'>System</Data><Data Name='TargetFilename'>C:\Program Files\Common Files\microsoft shared\ink\it-IT\readme.txt</Data><Data Name='CreationUtcTime'>2021-06-04 14:29:15.969</Data></EventData></Event>
/home/kali/director/projects/_corpora/attack_data/datasets/malware/conti/inf1/windows-sysmon.log:3033:<Event xmlns='http://schemas.microsoft.com/win/2004/08/events/event'><System><Provider Name='Microsoft-Windows-Sysmon' Guid='{5770385F-C22A-43E0-BF4C-06F5698FFBD9}'/><EventID>11</EventID><Version>2</Version><Level>4</Level><Task>11</Task><Opcode>0</Opcode><Keywords>0x8000000000000000</Keywords><TimeCreated SystemTime='2021-06-04T14:29:15.969299200Z'/><EventRecordID>76907</EventRecordID><Correlation/><Execution ProcessID='2964' ThreadID='3112'/><Channel>Microsoft-Windows-Sysmon/Operational</Channel><Computer>win-dc-392.attackrange.local</Computer><Security UserID='S-1-5-18'/></System><EventData><Data Name='RuleName'>-</Data><Data Name='UtcTime'>2021-06-04 14:29:15.953</Data><Data Name='ProcessGuid'>{89999F75-EECB-60B9-0100-00000000C401}</Data><Data Name='ProcessId'>4</Data><Data Name='Image'>System</Data><Data Name='TargetFilename'>C:\Program Files\Common Files\microsoft shared\ink\HWRCustomization\readme.txt</Data><Data Name='CreationUtcTime'>2021-06-04 14:29:15.953</Data></EventData></Event>
/home/kali/director/projects/_corpora/attack_data/datasets/malware/conti/inf1/windows-sysmon.log:3034:<Event xmlns='http://schemas.microsoft.com/win/2004/08/events/event'><System><Provider Name='Microsoft-Windows-Sysmon' Guid='{5770385F-C22A-43E0-BF4C-06F5698FFBD9}'/><EventID>11</EventID><Version>2</Version><Level>4</Level><Task>11</Task><Opcode>0</Opcode><Keywords>0x8000000000000000</Keywords><TimeCreated SystemTime='2021-06-04T14:29:15.967406000Z'/><EventRecordID>76906</EventRecordID><Correlation/><Execution ProcessID='2964' ThreadID='3112'/><Channel>Microsoft-Windows-Sysmon/Operational</Channel><Computer>win-dc-392.attackrange.local</Computer><Security UserID='S-1-5-18'/></System><EventData><Data Name='RuleName'>-</Data><Data Name='UtcTime'>2021-06-04 14:29:15.953</Data><Data Name='ProcessGuid'>{89999F75-EECB-60B9-0100-00000000C401}</Data><Data Name='ProcessId'>4</Data><Data Name='Image'>System</Data><Data Name='TargetFilename'>C:\Program Files\Common Files\microsoft shared\ink\hu-HU\readme.txt</Data><Data Name='CreationUtcTime'>2021-06-04 14:29:15.953</Data></EventData></Event>
/home/kali/director/projects/_corpora/attack_data/datasets/malware/conti/inf1/windows-sysmon.log:3035:<Event xmlns='http://schemas.microsoft.com/win/2004/08/events/event'><System><Provider Name='Microsoft-Windows-Sysmon' Guid='{5770385F-C22A-43E0-BF4C-06F5698FFBD9}'/><EventID>11</EventID><Version>2</Version><Level>4</Level><Task>11</Task><Opcode>0</Opcode><Keywords>0x8000000000000000</Keywords><TimeCreated SystemTime='2021-06-04T14:29:15.965347000Z'/><EventRecordID>76905</EventRecordID><Correlation/><Execution ProcessID='2964' ThreadID='3112'/><Channel>Microsoft-Windows-Sysmon/Operational</Channel><Computer>win-dc-392.attackrange.local</Computer><Security UserID='S-1-5-18'/></System><EventData><Data Name='RuleName'>-</Data><Data Name='UtcTime'>2021-06-04 14:29:15.953</Data><Data Name='ProcessGuid'>{89999F75-EECB-60B9-0100-00000000C401}</Data><Data Name='ProcessId'>4</Data><Data Name='Image'>System</Data><Data Name='TargetFilename'>C:\Program Files\Common Files\microsoft shared\ink\hr-HR\readme.txt</Data><Data Name='CreationUtcTime'>2021-06-04 14:29:15.953</Data></EventData></Event>
/home/kali/director/projects/_corpora/attack_data/datasets/malware/conti/inf1/windows-sysmon.log:3036:<Event xmlns='http://schemas.microsoft.com/win/2004/08/events/event'><System><Provider Name='Microsoft-Windows-Sysmon' Guid='{5770385F-C22A-43E0-BF4C-06F5698FFBD9}'/><EventID>11</EventID><Version>2</Version><Level>4</Level><Task>11</Task><Opcode>0</Opcode><Keywords>0x8000000000000000</Keywords><TimeCreated SystemTime='2021-06-04T14:29:15.962882000Z'/><EventRecordID>76904</EventRecordID><Correlation/><Execution ProcessID='2964' ThreadID='3112'/><Channel>Microsoft-Windows-Sysmon/Operational</Channel><Computer>win-dc-392.attackrange.local</Computer><Security UserID='S-1-5-18'/></System><EventData><Data Name='RuleName'>-</Data><Data Name='UtcTime'>2021-06-04 14:29:15.953</Data><Data Name='ProcessGuid'>{89999F75-EECB-60B9-0100-00000000C401}</Data><Data Name='ProcessId'>4</Data><Data Name='Image'>System</Data><Data Name='TargetFilename'>C:\Program Files\Common Files\microsoft shared\ink\he-IL\readme.txt</Data><Data Name='CreationUtcTime'>2021-06-04 14:29:15.953</Data></EventData></Event>
/home/kali/director/projects/_corpora/attack_data/datasets/malware/conti/inf1/windows-sysmon.log:3038:<Event xmlns='http://schemas.microsoft.com/win/2004/08/events/event'><System><Provider Name='Microsoft-Windows-Sysmon' Guid='{5770385F-C22A-43E0-BF4C-06F5698FFBD9}'/><EventID>11</EventID><Version>2</Version><Level>4</Level><Task>11</Task><Opcode>0</Opcode><Keywords>0x8000000000000000</Keywords><TimeCreated SystemTime='2021-06-04T14:29:15.911506900Z'/><EventRecordID>76902</EventRecordID><Correlation/><Execution ProcessID='2964' ThreadID='3112'/><Channel>Microsoft-Windows-Sysmon/Operational</Channel><Computer>win-dc-392.attackrange.local</Computer><Security UserID='S-1-5-18'/></System><EventData><Data Name='RuleName'>-</Data><Data Name='UtcTime'>2021-06-04 14:29:15.906</Data><Data Name='ProcessGuid'>{89999F75-EECB-60B9-0100-00000000C401}</Data><Data Name='ProcessId'>4</Data><Data Name='Image'>System</Data><Data Name='TargetFilename'>C:\Program Files\Common Files\microsoft shared\ink\fsdefinitions\readme.txt</Data><Data Name='CreationUtcTime'>2021-06-04 14:29:15.906</Data></EventData></Event>
/home/kali/director/projects/_corpora/attack_data/datasets/malware/conti/inf1/windows-sysmon.log:3039:<Event xmlns='http://schemas.microsoft.com/win/2004/08/events/event'><System><Provider Name='Microsoft-Windows-Sysmon' Guid='{5770385F-C22A-43E0-BF4C-06F5698FFBD9}'/><EventID>11</EventID><Version>2</Version><Level>4</Level><Task>11</Task><Opcode>0</Opcode><Keywords>0x8000000000000000</Keywords><TimeCreated SystemTime='2021-06-04T14:29:15.908723600Z'/><EventRecordID>76901</EventRecordID><Correlation/><Execution ProcessID='2964' ThreadID='3112'/><Channel>Microsoft-Windows-Sysmon/Operational</Channel><Computer>win-dc-392.attackrange.local</Computer><Security UserID='S-1-5-18'/></System><EventData><Data Name='RuleName'>-</Data><Data Name='UtcTime'>2021-06-04 14:29:15.906</Data><Data Name='ProcessGuid'>{89999F75-EECB-60B9-0100-00000000C401}</Data><Data Name='ProcessId'>4</Data><Data Name='Image'>System</Data><Data Name='TargetFilename'>C:\Program Files\Common Files\microsoft shared\ink\fr-FR\readme.txt</Data><Data Name='CreationUtcTime'>2021-06-04 14:29:15.906</Data></EventData></Event>
/home/kali/director/projects/_corpora/attack_data/datasets/malware/conti/inf1/windows-sysmon.log:3040:<Event xmlns='http://schemas.microsoft.com/win/2004/08/events/event'><System><Provider Name='Microsoft-Windows-Sysmon' Guid='{5770385F-C22A-43E0-BF4C-06F5698FFBD9}'/><EventID>11</EventID><Version>2</Version><Level>4</Level><Task>11</Task><Opcode>0</Opcode><Keywords>0x8000000000000000</Keywords><TimeCreated SystemTime='2021-06-04T14:29:15.906587500Z'/><EventRecordID>76900</EventRecordID><Correlation/><Execution ProcessID='2964' ThreadID='3112'/><Channel>Microsoft-Windows-Sysmon/Operational</Channel><Computer>win-dc-392.attackrange.local</Computer><Security UserID='S-1-5-18'/></System><EventData><Data Name='RuleName'>-</Data><Data Name='UtcTime'>2021-06-04 14:29:15.891</Data><Data Name='ProcessGuid'>{89999F75-EECB-60B9-0100-00000000C401}</Data><Data Name='ProcessId'>4</Data><Data Name='Image'>System</Data><Data Name='TargetFilename'>C:\Program Files\Common Files\microsoft shared\ink\fr-CA\readme.txt</Data><Data Name='CreationUtcTime'>2021-06-04 14:29:15.891</Data></EventData></Event>
/home/kali/director/projects/_corpora/attack_data/datasets/malware/conti/inf1/windows-sysmon.log:3041:<Event xmlns='http://schemas.microsoft.com/win/2004/08/events/event'><System><Provider Name='Microsoft-Windows-Sysmon' Guid='{5770385F-C22A-43E0-BF4C-06F5698FFBD9}'/><EventID>11</EventID><Version>2</Version><Level>4</Level><Task>11</Task><Opcode>0</Opcode><Keywords>0x8000000000000000</Keywords><TimeCreated SystemTime='2021-06-04T14:29:15.904456000Z'/><EventRecordID>76899</EventRecordID><Correlation/><Execution ProcessID='2964' ThreadID='3112'/><Channel>Microsoft-Windows-Sysmon/Operational</Channel><Computer>win-dc-392.attackrange.local</Computer><Security UserID='S-1-5-18'/></System><EventData><Data Name='RuleName'>-</Data><Data Name='UtcTime'>2021-06-04 14:29:15.891</Data><Data Name='ProcessGuid'>{89999F75-EECB-60B9-0100-00000000C401}</Data><Data Name='ProcessId'>4</Data><Data Name='Image'>System</Data><Data Name='TargetFilename'>C:\Program Files\Common Files\microsoft shared\ink\fi-FI\readme.txt</Data><Data Name='CreationUtcTime'>2021-06-04 14:29:15.891</Data></EventData></Event>
/home/kali/director/projects/_corpora/attack_data/datasets/malware/conti/inf1/windows-sysmon.log:3042:<Event xmlns='http://schemas.microsoft.com/win/2004/08/events/event'><System><Provider Name='Microsoft-Windows-Sysmon' Guid='{5770385F-C22A-43E0-BF4C-06F5698FFBD9}'/><EventID>11</EventID><Version>2</Version><Level>4</Level><Task>11</Task><Opcode>0</Opcode><Keywords>0x8000000000000000</Keywords><TimeCreated SystemTime='2021-06-04T14:29:15.902367500Z'/><EventRecordID>76898</EventRecordID><Correlation/><Execution ProcessID='2964' ThreadID='3112'/><Channel>Microsoft-Windows-Sysmon/Operational</Channel><Computer>win-dc-392.attackrange.local</Computer><Security UserID='S-1-5-18'/></System><EventData><Data Name='RuleName'>-</Data><Data Name='UtcTime'>2021-06-04 14:29:15.891</Data><Data Name='ProcessGuid'>{89999F75-EECB-60B9-0100-00000000C401}</Data><Data Name='ProcessId'>4</Data><Data Name='Image'>System</Data><Data Name='TargetFilename'>C:\Program Files\Common Files\microsoft shared\ink\et-EE\readme.txt</Data><Data Name='CreationUtcTime'>2021-06-04 14:29:15.891</Data></EventData></Event>
/home/kali/director/projects/_corpora/attack_data/datasets/malware/conti/inf1/windows-sysmon.log:3043:<Event xmlns='http://schemas.microsoft.com/win/2004/08/events/event'><System><Provider Name='Microsoft-Windows-Sysmon' Guid='{5770385F-C22A-43E0-BF4C-06F5698FFBD9}'/><EventID>11</EventID><Version>2</Version><Level>4</Level><Task>11</Task><Opcode>0</Opcode><Keywords>0x8000000000000000</Keywords><TimeCreated SystemTime='2021-06-04T14:29:15.899812800Z'/><EventRecordID>76897</EventRecordID><Correlation/><Execution ProcessID='2964' ThreadID='3112'/><Channel>Microsoft-Windows-Sysmon/Operational</Channel><Computer>win-dc-392.attackrange.local</Computer><Security UserID='S-1-5-18'/></System><EventData><Data Name='RuleName'>-</Data><Data Name='UtcTime'>2021-06-04 14:29:15.891</Data><Data Name='ProcessGuid'>{89999F75-EECB-60B9-0100-00000000C401}</Data><Data Name='ProcessId'>4</Data><Data Name='Image'>System</Data><Data Name='TargetFilename'>C:\Program Files\Common Files\microsoft shared\ink\es-MX\readme.txt</Data><Data Name='CreationUtcTime'>2021-06-04 14:29:15.891</Data></EventData></Event>
/home/kali/director/projects/_corpora/attack_data/datasets/malware/conti/inf1/windows-sysmon.log:3044:<Event xmlns='http://schemas.microsoft.com/win/2004/08/events/event'><System><Provider Name='Microsoft-Windows-Sysmon' Guid='{5770385F-C22A-43E0-BF4C-06F5698FFBD9}'/><EventID>11</EventID><Version>2</Version><Level>4</Level><Task>11</Task><Opcode>0</Opcode><Keywords>0x8000000000000000</Keywords><TimeCreated SystemTime='2021-06-04T14:29:15.897371600Z'/><EventRecordID>76896</EventRecordID><Correlation/><Execution ProcessID='2964' ThreadID='3112'/><Channel>Microsoft-Windows-Sysmon/Operational</Channel><Computer>win-dc-392.attackrange.local</Computer><Security UserID='S-1-5-18'/></System><EventData><Data Name='RuleName'>-</Data><Data Name='UtcTime'>2021-06-04 14:29:15.891</Data><Data Name='ProcessGuid'>{89999F75-EECB-60B9-0100-00000000C401}</Data><Data Name='ProcessId'>4</Data><Data Name='Image'>System</Data><Data Name='TargetFilename'>C:\Program Files\Common Files\microsoft shared\ink\es-ES\readme.txt</Data><Data Name='CreationUtcTime'>2021-06-04 14:29:15.891</Data></EventData></Event>
/home/kali/director/projects/_corpora/attack_data/datasets/malware/conti/inf1/windows-sysmon.log:3045:<Event xmlns='http://schemas.microsoft.com/win/2004/08/events/event'><System><Provider Name='Microsoft-Windows-Sysmon' Guid='{5770385F-C22A-43E0-BF4C-06F5698FFBD9}'/><EventID>11</EventID><Version>2</Version><Level>4</Level><Task>11</Task><Opcode>0</Opcode><Keywords>0x8000000000000000</Keywords><TimeCreated SystemTime='2021-06-04T14:29:15.853697600Z'/><EventRecordID>76895</EventRecordID><Correlation/><Execution ProcessID='2964' ThreadID='3112'/><Channel>Microsoft-Windows-Sysmon/Operational</Channel><Computer>win-dc-392.attackrange.local</Computer><Security UserID='S-1-5-18'/></System><EventData><Data Name='RuleName'>-</Data><Data Name='UtcTime'>2021-06-04 14:29:15.844</Data><Data Name='ProcessGuid'>{89999F75-EECB-60B9-0100-00000000C401}</Data><Data Name='ProcessId'>4</Data><Data Name='Image'>System</Data><Data Name='TargetFilename'>C:\Program Files\Common Files\microsoft shared\ink\en-US\readme.txt</Data><Data Name='CreationUtcTime'>2021-06-04 14:29:15.844</Data></EventData></Event>
/home/kali/director/projects/_corpora/attack_data/datasets/malware/conti/inf1/windows-sysmon.log:3046:<Event xmlns='http://schemas.microsoft.com/win/2004/08/events/event'><System><Provider Name='Microsoft-Windows-Sysmon' Guid='{5770385F-C22A-43E0-BF4C-06F5698FFBD9}'/><EventID>11</EventID><Version>2</Version><Level>4</Level><Task>11</Task><Opcode>0</Opcode><Keywords>0x8000000000000000</Keywords><TimeCreated SystemTime='2021-06-04T14:29:15.850898800Z'/><EventRecordID>76894</EventRecordID><Correlation/><Execution ProcessID='2964' ThreadID='3112'/><Channel>Microsoft-Windows-Sysmon/Operational</Channel><Computer>win-dc-392.attackrange.local</Computer><Security UserID='S-1-5-18'/></System><EventData><Data Name='RuleName'>-</Data><Data Name='UtcTime'>2021-06-04 14:29:15.844</Data><Data Name='ProcessGuid'>{89999F75-EECB-60B9-0100-00000000C401}</Data><Data Name='ProcessId'>4</Data><Data Name='Image'>System</Data><Data Name='TargetFilename'>C:\Program Files\Common Files\microsoft shared\ink\en-GB\readme.txt</Data><Data Name='CreationUtcTime'>2021-06-04 14:29:15.844</Data></EventData></Event>
/home/kali/director/projects/_corpora/attack_data/datasets/malware/conti/inf1/windows-sysmon.log:3047:<Event xmlns='http://schemas.microsoft.com/win/2004/08/events/event'><System><Provider Name='Microsoft-Windows-Sysmon' Guid='{5770385F-C22A-43E0-BF4C-06F5698FFBD9}'/><EventID>11</EventID><Version>2</Version><Level>4</Level><Task>11</Task><Opcode>0</Opcode><Keywords>0x8000000000000000</Keywords><TimeCreated SystemTime='2021-06-04T14:29:15.847583500Z'/><EventRecordID>76893</EventRecordID><Correlation/><Execution ProcessID='2964' ThreadID='3112'/><Channel>Microsoft-Windows-Sysmon/Operational</Channel><Computer>win-dc-392.attackrange.local</Computer><Security UserID='S-1-5-18'/></System><EventData><Data Name='RuleName'>-</Data><Data Name='UtcTime'>2021-06-04 14:29:15.844</Data><Data Name='ProcessGuid'>{89999F75-EECB-60B9-0100-00000000C401}</Data><Data Name='ProcessId'>4</Data><Data Name='Image'>System</Data><Data Name='TargetFilename'>C:\Program Files\Common Files\microsoft shared\ink\el-GR\readme.txt</Data><Data Name='CreationUtcTime'>2021-06-04 14:29:15.844</Data></EventData></Event>
/home/kali/director/projects/_corpora/attack_data/datasets/malware/conti/inf1/windows-sysmon.log:3048:<Event xmlns='http://schemas.microsoft.com/win/2004/08/events/event'><System><Provider Name='Microsoft-Windows-Sysmon' Guid='{5770385F-C22A-43E0-BF4C-06F5698FFBD9}'/><EventID>11</EventID><Version>2</Version><Level>4</Level><Task>11</Task><Opcode>0</Opcode><Keywords>0x8000000000000000</Keywords><TimeCreated SystemTime='2021-06-04T14:29:15.845381900Z'/><EventRecordID>76892</EventRecordID><Correlation/><Execution ProcessID='2964' ThreadID='3112'/><Channel>Microsoft-Windows-Sysmon/Operational</Channel><Computer>win-dc-392.attackrange.local</Computer><Security UserID='S-1-5-18'/></System><EventData><Data Name='RuleName'>-</Data><Data Name='UtcTime'>2021-06-04 14:29:15.844</Data><Data Name='ProcessGuid'>{89999F75-EECB-60B9-0100-00000000C401}</Data><Data Name='ProcessId'>4</Data><Data Name='Image'>System</Data><Data Name='TargetFilename'>C:\Program Files\Common Files\microsoft shared\ink\de-DE\readme.txt</Data><Data Name='CreationUtcTime'>2021-06-04 14:29:15.844</Data></EventData></Event>
/home/kali/director/projects/_corpora/attack_data/datasets/malware/conti/inf1/windows-sysmon.log:3049:<Event xmlns='http://schemas.microsoft.com/win/2004/08/events/event'><System><Provider Name='Microsoft-Windows-Sysmon' Guid='{5770385F-C22A-43E0-BF4C-06F5698FFBD9}'/><EventID>11</EventID><Version>2</Version><Level>4</Level><Task>11</Task><Opcode>0</Opcode><Keywords>0x8000000000000000</Keywords><TimeCreated SystemTime='2021-06-04T14:29:15.843463500Z'/><EventRecordID>76891</EventRecordID><Correlation/><Execution ProcessID='2964' ThreadID='3112'/><Channel>Microsoft-Windows-Sysmon/Operational</Channel><Computer>win-dc-392.attackrange.local</Computer><Security UserID='S-1-5-18'/></System><EventData><Data Name='RuleName'>-</Data><Data Name='UtcTime'>2021-06-04 14:29:15.828</Data><Data Name='ProcessGuid'>{89999F75-EECB-60B9-0100-00000000C401}</Data><Data Name='ProcessId'>4</Data><Data Name='Image'>System</Data><Data Name='TargetFilename'>C:\Program Files\Common Files\microsoft shared\ink\da-DK\readme.txt</Data><Data Name='CreationUtcTime'>2021-06-04 14:29:15.828</Data></EventData></Event>
/home/kali/director/projects/_corpora/attack_data/datasets/malware/conti/inf1/windows-sysmon.log:3050:<Event xmlns='http://schemas.microsoft.com/win/2004/08/events/event'><System><Provider Name='Microsoft-Windows-Sysmon' Guid='{5770385F-C22A-43E0-BF4C-06F5698FFBD9}'/><EventID>11</EventID><Version>2</Version><Level>4</Level><Task>11</Task><Opcode>0</Opcode><Keywords>0x8000000000000000</Keywords><TimeCreated SystemTime='2021-06-04T14:29:15.841565800Z'/><EventRecordID>76890</EventRecordID><Correlation/><Execution ProcessID='2964' ThreadID='3112'/><Channel>Microsoft-Windows-Sysmon/Operational</Channel><Computer>win-dc-392.attackrange.local</Computer><Security UserID='S-1-5-18'/></System><EventData><Data Name='RuleName'>-</Data><Data Name='UtcTime'>2021-06-04 14:29:15.828</Data><Data Name='ProcessGuid'>{89999F75-EECB-60B9-0100-00000000C401}</Data><Data Name='ProcessId'>4</Data><Data Name='Image'>System</Data><Data Name='TargetFilename'>C:\Program Files\Common Files\microsoft shared\ink\cs-CZ\readme.txt</Data><Data Name='CreationUtcTime'>2021-06-04 14:29:15.828</Data></EventData></Event>
/home/kali/director/projects/_corpora/attack_data/datasets/malware/conti/inf1/windows-sysmon.log:3051:<Event xmlns='http://schemas.microsoft.com/win/2004/08/events/event'><System><Provider Name='Microsoft-Windows-Sysmon' Guid='{5770385F-C22A-43E0-BF4C-06F5698FFBD9}'/><EventID>11</EventID><Version>2</Version><Level>4</Level><Task>11</Task><Opcode>0</Opcode><Keywords>0x8000000000000000</Keywords><TimeCreated SystemTime='2021-06-04T14:29:15.839244600Z'/><EventRecordID>76889</EventRecordID><Correlation/><Execution ProcessID='2964' ThreadID='3112'/><Channel>Microsoft-Windows-Sysmon/Operational</Channel><Computer>win-dc-392.attackrange.local</Computer><Security UserID='S-1-5-18'/></System><EventData><Data Name='RuleName'>-</Data><Data Name='UtcTime'>2021-06-04 14:29:15.828</Data><Data Name='ProcessGuid'>{89999F75-EECB-60B9-0100-00000000C401}</Data><Data Name='ProcessId'>4</Data><Data Name='Image'>System</Data><Data Name='TargetFilename'>C:\Program Files\Common Files\microsoft shared\ink\bg-BG\readme.txt</Data><Data Name='CreationUtcTime'>2021-06-04 14:29:15.828</Data></EventData></Event>
/home/kali/director/projects/_corpora/attack_data/datasets/malware/conti/inf1/windows-sysmon.log:3052:<Event xmlns='http://schemas.microsoft.com/win/2004/08/events/event'><System><Provider Name='Microsoft-Windows-Sysmon' Guid='{5770385F-C22A-43E0-BF4C-06F5698FFBD9}'/><EventID>11</EventID><Version>2</Version><Level>4</Level><Task>11</Task><Opcode>0</Opcode><Keywords>0x8000000000000000</Keywords><TimeCreated SystemTime='2021-06-04T14:29:15.837091300Z'/><EventRecordID>76888</EventRecordID><Correlation/><Execution ProcessID='2964' ThreadID='3112'/><Channel>Microsoft-Windows-Sysmon/Operational</Channel><Computer>win-dc-392.attackrange.local</Computer><Security UserID='S-1-5-18'/></System><EventData><Data Name='RuleName'>-</Data><Data Name='UtcTime'>2021-06-04 14:29:15.828</Data><Data Name='ProcessGuid'>{89999F75-EECB-60B9-0100-00000000C401}</Data><Data Name='ProcessId'>4</Data><Data Name='Image'>System</Data><Data Name='TargetFilename'>C:\Program Files\Common Files\microsoft shared\ink\ar-SA\readme.txt</Data><Data Name='CreationUtcTime'>2021-06-04 14:29:15.828</Data></EventData></Event>
/home/kali/director/projects/_corpora/attack_data/datasets/malware/conti/inf1/windows-sysmon.log:3053:<Event xmlns='http://schemas.microsoft.com/win/2004/08/events/event'><System><Provider Name='Microsoft-Windows-Sysmon' Guid='{5770385F-C22A-43E0-BF4C-06F5698FFBD9}'/><EventID>11</EventID><Version>2</Version><Level>4</Level><Task>11</Task><Opcode>0</Opcode><Keywords>0x8000000000000000</Keywords><TimeCreated SystemTime='2021-06-04T14:29:15.745127300Z'/><EventRecordID>76887</EventRecordID><Correlation/><Execution ProcessID='2964' ThreadID='3112'/><Channel>Microsoft-Windows-Sysmon/Operational</Channel><Computer>win-dc-392.attackrange.local</Computer><Security UserID='S-1-5-18'/></System><EventData><Data Name='RuleName'>-</Data><Data Name='UtcTime'>2021-06-04 14:29:15.735</Data><Data Name='ProcessGuid'>{89999F75-EECB-60B9-0100-00000000C401}</Data><Data Name='ProcessId'>4</Data><Data Name='Image'>System</Data><Data Name='TargetFilename'>C:\Program Files\Amazon\XenTools\Symbols\xenvif\readme.txt</Data><Data Name='CreationUtcTime'>2021-06-04 14:29:15.735</Data></EventData></Event>
/home/kali/director/projects/_corpora/attack_data/datasets/malware/conti/inf1/windows-sysmon.log:3054:<Event xmlns='http://schemas.microsoft.com/win/2004/08/events/event'><System><Provider Name='Microsoft-Windows-Sysmon' Guid='{5770385F-C22A-43E0-BF4C-06F5698FFBD9}'/><EventID>11</EventID><Version>2</Version><Level>4</Level><Task>11</Task><Opcode>0</Opcode><Keywords>0x8000000000000000</Keywords><TimeCreated SystemTime='2021-06-04T14:29:15.679467000Z'/><EventRecordID>76886</EventRecordID><Correlation/><Execution ProcessID='2964' ThreadID='3112'/><Channel>Microsoft-Windows-Sysmon/Operational</Channel><Computer>win-dc-392.attackrange.local</Computer><Security UserID='S-1-5-18'/></System><EventData><Data Name='RuleName'>-</Data><Data Name='UtcTime'>2021-06-04 14:29:15.672</Data><Data Name='ProcessGuid'>{89999F75-EECB-60B9-0100-00000000C401}</Data><Data Name='ProcessId'>4</Data><Data Name='Image'>System</Data><Data Name='TargetFilename'>C:\Program Files\Amazon\XenTools\Symbols\xenvbd\readme.txt</Data><Data Name='CreationUtcTime'>2021-06-04 14:29:15.672</Data></EventData></Event>
/home/kali/director/projects/_corpora/attack_data/datasets/malware/conti/inf1/windows-sysmon.log:3055:<Event xmlns='http://schemas.microsoft.com/win/2004/08/events/event'><System><Provider Name='Microsoft-Windows-Sysmon' Guid='{5770385F-C22A-43E0-BF4C-06F5698FFBD9}'/><EventID>11</EventID><Version>2</Version><Level>4</Level><Task>11</Task><Opcode>0</Opcode><Keywords>0x8000000000000000</Keywords><TimeCreated SystemTime='2021-06-04T14:29:15.655958500Z'/><EventRecordID>76885</EventRecordID><Correlation/><Execution ProcessID='2964' ThreadID='3112'/><Channel>Microsoft-Windows-Sysmon/Operational</Channel><Computer>win-dc-392.attackrange.local</Computer><Security UserID='S-1-5-18'/></System><EventData><Data Name='RuleName'>-</Data><Data Name='UtcTime'>2021-06-04 14:29:15.641</Data><Data Name='ProcessGuid'>{89999F75-EECB-60B9-0100-00000000C401}</Data><Data Name='ProcessId'>4</Data><Data Name='Image'>System</Data><Data Name='TargetFilename'>C:\Program Files\Amazon\XenTools\Symbols\xennet\readme.txt</Data><Data Name='CreationUtcTime'>2021-06-04 14:29:15.641</Data></EventData></Event>
/home/kali/director/projects/_corpora/attack_data/datasets/malware/conti/inf1/windows-sysmon.log:3057:<Event xmlns='http://schemas.microsoft.com/win/2004/08/events/event'><System><Provider Name='Microsoft-Windows-Sysmon' Guid='{5770385F-C22A-43E0-BF4C-06F5698FFBD9}'/><EventID>11</EventID><Version>2</Version><Level>4</Level><Task>11</Task><Opcode>0</Opcode><Keywords>0x8000000000000000</Keywords><TimeCreated SystemTime='2021-06-04T14:29:15.340276900Z'/><EventRecordID>76883</EventRecordID><Correlation/><Execution ProcessID='2964' ThreadID='3112'/><Channel>Microsoft-Windows-Sysmon/Operational</Channel><Computer>win-dc-392.attackrange.local</Computer><Security UserID='S-1-5-18'/></System><EventData><Data Name='RuleName'>-</Data><Data Name='UtcTime'>2021-06-04 14:29:15.328</Data><Data Name='ProcessGuid'>{89999F75-EECB-60B9-0100-00000000C401}</Data><Data Name='ProcessId'>4</Data><Data Name='Image'>System</Data><Data Name='TargetFilename'>C:\Program Files\Amazon\XenTools\Symbols\xeniface\readme.txt</Data><Data Name='CreationUtcTime'>2021-06-04 14:29:15.328</Data></EventData></Event>
/home/kali/director/projects/_corpora/attack_data/datasets/malware/conti/inf1/windows-sysmon.log:3058:<Event xmlns='http://schemas.microsoft.com/win/2004/08/events/event'><System><Provider Name='Microsoft-Windows-Sysmon' Guid='{5770385F-C22A-43E0-BF4C-06F5698FFBD9}'/><EventID>11</EventID><Version>2</Version><Level>4</Level><Task>11</Task><Opcode>0</Opcode><Keywords>0x8000000000000000</Keywords><TimeCreated SystemTime='2021-06-04T14:29:15.165293500Z'/><EventRecordID>76882</EventRecordID><Correlation/><Execution ProcessID='2964' ThreadID='3112'/><Channel>Microsoft-Windows-Sysmon/Operational</Channel><Computer>win-dc-392.attackrange.local</Computer><Security UserID='S-1-5-18'/></System><EventData><Data Name='RuleName'>-</Data><Data Name='UtcTime'>2021-06-04 14:29:15.156</Data><Data Name='ProcessGuid'>{89999F75-EECB-60B9-0100-00000000C401}</Data><Data Name='ProcessId'>4</Data><Data Name='Image'>System</Data><Data Name='TargetFilename'>C:\Program Files\Amazon\XenTools\Symbols\xenbus\readme.txt</Data><Data Name='CreationUtcTime'>2021-06-04 14:29:15.156</Data></EventData></Event>
/home/kali/director/projects/_corpora/attack_data/datasets/malware/conti/inf1/windows-sysmon.log:3059:<Event xmlns='http://schemas.microsoft.com/win/2004/08/events/event'><System><Provider Name='Microsoft-Windows-Sysmon' Guid='{5770385F-C22A-43E0-BF4C-06F5698FFBD9}'/><EventID>11</EventID><Version>2</Version><Level>4</Level><Task>11</Task><Opcode>0</Opcode><Keywords>0x8000000000000000</Keywords><TimeCreated SystemTime='2021-06-04T14:29:15.151844700Z'/><EventRecordID>76881</EventRecordID><Correlation/><Execution ProcessID='2964' ThreadID='3112'/><Channel>Microsoft-Windows-Sysmon/Operational</Channel><Computer>win-dc-392.attackrange.local</Computer><Security UserID='S-1-5-18'/></System><EventData><Data Name='RuleName'>-</Data><Data Name='UtcTime'>2021-06-04 14:29:15.141</Data><Data Name='ProcessGuid'>{89999F75-EECB-60B9-0100-00000000C401}</Data><Data Name='ProcessId'>4</Data><Data Name='Image'>System</Data><Data Name='TargetFilename'>C:\Program Files\Amazon\XenTools\Drivers\xenvif\readme.txt</Data><Data Name='CreationUtcTime'>2021-06-04 14:29:15.141</Data></EventData></Event>
/home/kali/director/projects/_corpora/attack_data/datasets/malware/conti/inf1/windows-sysmon.log:3060:<Event xmlns='http://schemas.microsoft.com/win/2004/08/events/event'><System><Provider Name='Microsoft-Windows-Sysmon' Guid='{5770385F-C22A-43E0-BF4C-06F5698FFBD9}'/><EventID>11</EventID><Version>2</Version><Level>4</Level><Task>11</Task><Opcode>0</Opcode><Keywords>0x8000000000000000</Keywords><TimeCreated SystemTime='2021-06-04T14:29:15.136372500Z'/><EventRecordID>76880</EventRecordID><Correlation/><Execution ProcessID='2964' ThreadID='3112'/><Channel>Microsoft-Windows-Sysmon/Operational</Channel><Computer>win-dc-392.attackrange.local</Computer><Security UserID='S-1-5-18'/></System><EventData><Data Name='RuleName'>-</Data><Data Name='UtcTime'>2021-06-04 14:29:15.125</Data><Data Name='ProcessGuid'>{89999F75-EECB-60B9-0100-00000000C401}</Data><Data Name='ProcessId'>4</Data><Data Name='Image'>System</Data><Data Name='TargetFilename'>C:\Program Files\Amazon\XenTools\Drivers\xenvbd\readme.txt</Data><Data Name='CreationUtcTime'>2021-06-04 14:29:15.125</Data></EventData></Event>
/home/kali/director/projects/_corpora/attack_data/datasets/malware/conti/inf1/windows-sysmon.log:3061:<Event xmlns='http://schemas.microsoft.com/win/2004/08/events/event'><System><Provider Name='Microsoft-Windows-Sysmon' Guid='{5770385F-C22A-43E0-BF4C-06F5698FFBD9}'/><EventID>11</EventID><Version>2</Version><Level>4</Level><Task>11</Task><Opcode>0</Opcode><Keywords>0x8000000000000000</Keywords><TimeCreated SystemTime='2021-06-04T14:29:15.110498900Z'/><EventRecordID>76879</EventRecordID><Correlation/><Execution ProcessID='2964' ThreadID='3112'/><Channel>Microsoft-Windows-Sysmon/Operational</Channel><Computer>win-dc-392.attackrange.local</Computer><Security UserID='S-1-5-18'/></System><EventData><Data Name='RuleName'>-</Data><Data Name='UtcTime'>2021-06-04 14:29:15.110</Data><Data Name='ProcessGuid'>{89999F75-EECB-60B9-0100-00000000C401}</Data><Data Name='ProcessId'>4</Data><Data Name='Image'>System</Data><Data Name='TargetFilename'>C:\Program Files\Amazon\XenTools\Drivers\xennet\readme.txt</Data><Data Name='CreationUtcTime'>2021-06-04 14:29:15.110</Data></EventData></Event>
/home/kali/director/projects/_corpora/attack_data/datasets/malware/conti/inf1/windows-sysmon.log:3062:<Event xmlns='http://schemas.microsoft.com/win/2004/08/events/event'><System><Provider Name='Microsoft-Windows-Sysmon' Guid='{5770385F-C22A-43E0-BF4C-06F5698FFBD9}'/><EventID>11</EventID><Version>2</Version><Level>4</Level><Task>11</Task><Opcode>0</Opcode><Keywords>0x8000000000000000</Keywords><TimeCreated SystemTime='2021-06-04T14:29:15.096958500Z'/><EventRecordID>76878</EventRecordID><Correlation/><Execution ProcessID='2964' ThreadID='3112'/><Channel>Microsoft-Windows-Sysmon/Operational</Channel><Computer>win-dc-392.attackrange.local</Computer><Security UserID='S-1-5-18'/></System><EventData><Data Name='RuleName'>-</Data><Data Name='UtcTime'>2021-06-04 14:29:15.094</Data><Data Name='ProcessGuid'>{89999F75-EECB-60B9-0100-00000000C401}</Data><Data Name='ProcessId'>4</Data><Data Name='Image'>System</Data><Data Name='TargetFilename'>C:\Program Files\Amazon\XenTools\Drivers\xeniface\readme.txt</Data><Data Name='CreationUtcTime'>2021-06-04 14:29:15.094</Data></EventData></Event>
/home/kali/director/projects/_corpora/attack_data/datasets/malware/conti/inf1/windows-sysmon.log:3063:<Event xmlns='http://schemas.microsoft.com/win/2004/08/events/event'><System><Provider Name='Microsoft-Windows-Sysmon' Guid='{5770385F-C22A-43E0-BF4C-06F5698FFBD9}'/><EventID>11</EventID><Version>2</Version><Level>4</Level><Task>11</Task><Opcode>0</Opcode><Keywords>0x8000000000000000</Keywords><TimeCreated SystemTime='2021-06-04T14:29:15.080386500Z'/><EventRecordID>76877</EventRecordID><Correlation/><Execution ProcessID='2964' ThreadID='3112'/><Channel>Microsoft-Windows-Sysmon/Operational</Channel><Computer>win-dc-392.attackrange.local</Computer><Security UserID='S-1-5-18'/></System><EventData><Data Name='RuleName'>-</Data><Data Name='UtcTime'>2021-06-04 14:29:15.078</Data><Data Name='ProcessGuid'>{89999F75-EECB-60B9-0100-00000000C401}</Data><Data Name='ProcessId'>4</Data><Data Name='Image'>System</Data><Data Name='TargetFilename'>C:\Program Files\Amazon\XenTools\Drivers\xenbus\readme.txt</Data><Data Name='CreationUtcTime'>2021-06-04 14:29:15.078</Data></EventData></Event>
/home/kali/director/projects/_corpora/attack_data/datasets/malware/conti/inf1/windows-sysmon.log:3066:<Event xmlns='http://schemas.microsoft.com/win/2004/08/events/event'><System><Provider Name='Microsoft-Windows-Sysmon' Guid='{5770385F-C22A-43E0-BF4C-06F5698FFBD9}'/><EventID>11</EventID><Version>2</Version><Level>4</Level><Task>11</Task><Opcode>0</Opcode><Keywords>0x8000000000000000</Keywords><TimeCreated SystemTime='2021-06-04T14:29:16.828916900Z'/><EventRecordID>76950</EventRecordID><Correlation/><Execution ProcessID='2964' ThreadID='3112'/><Channel>Microsoft-Windows-Sysmon/Operational</Channel><Computer>win-dc-392.attackrange.local</Computer><Security UserID='S-1-5-18'/></System><EventData><Data Name='RuleName'>-</Data><Data Name='UtcTime'>2021-06-04 14:29:16.813</Data><Data Name='ProcessGuid'>{89999F75-EECB-60B9-0100-00000000C401}</Data><Data Name='ProcessId'>4</Data><Data Name='Image'>System</Data><Data Name='TargetFilename'>C:\Program Files\Git\mingw64\share\antiword\readme.txt</Data><Data Name='CreationUtcTime'>2021-06-04 14:29:16.813</Data></EventData></Event>
/home/kali/director/projects/_corpora/attack_data/datasets/malware/conti/inf1/windows-sysmon.log:3067:<Event xmlns='http://schemas.microsoft.com/win/2004/08/events/event'><System><Provider Name='Microsoft-Windows-Sysmon' Guid='{5770385F-C22A-43E0-BF4C-06F5698FFBD9}'/><EventID>11</EventID><Version>2</Version><Level>4</Level><Task>11</Task><Opcode>0</Opcode><Keywords>0x8000000000000000</Keywords><TimeCreated SystemTime='2021-06-04T14:29:16.474667600Z'/><EventRecordID>76949</EventRecordID><Correlation/><Execution ProcessID='2964' ThreadID='3112'/><Channel>Microsoft-Windows-Sysmon/Operational</Channel><Computer>win-dc-392.attackrange.local</Computer><Security UserID='S-1-5-18'/></System><EventData><Data Name='RuleName'>-</Data><Data Name='UtcTime'>2021-06-04 14:29:16.469</Data><Data Name='ProcessGuid'>{89999F75-EECB-60B9-0100-00000000C401}</Data><Data Name='ProcessId'>4</Data><Data Name='Image'>System</Data><Data Name='TargetFilename'>C:\Program Files\Git\mingw64\libexec\git-core\readme.txt</Data><Data Name='CreationUtcTime'>2021-06-04 14:29:16.469</Data></EventData></Event>
/home/kali/director/projects/_corpora/attack_data/datasets/malware/conti/inf1/windows-sysmon.log:3068:<Event xmlns='http://schemas.microsoft.com/win/2004/08/events/event'><System><Provider Name='Microsoft-Windows-Sysmon' Guid='{5770385F-C22A-43E0-BF4C-06F5698FFBD9}'/><EventID>11</EventID><Version>2</Version><Level>4</Level><Task>11</Task><Opcode>0</Opcode><Keywords>0x8000000000000000</Keywords><TimeCreated SystemTime='2021-06-04T14:29:16.223415900Z'/><EventRecordID>76948</EventRecordID><Correlation/><Execution ProcessID='2964' ThreadID='3112'/><Channel>Microsoft-Windows-Sysmon/Operational</Channel><Computer>win-dc-392.attackrange.local</Computer><Security UserID='S-1-5-18'/></System><EventData><Data Name='RuleName'>-</Data><Data Name='UtcTime'>2021-06-04 14:29:16.219</Data><Data Name='ProcessGuid'>{89999F75-EECB-60B9-0100-00000000C401}</Data><Data Name='ProcessId'>4</Data><Data Name='Image'>System</Data><Data Name='TargetFilename'>C:\Program Files\Git\mingw64\lib\tk8.6\readme.txt</Data><Data Name='CreationUtcTime'>2021-06-04 14:29:16.219</Data></EventData></Event>
/home/kali/director/projects/_corpora/attack_data/datasets/malware/conti/inf1/windows-sysmon.log:3069:<Event xmlns='http://schemas.microsoft.com/win/2004/08/events/event'><System><Provider Name='Microsoft-Windows-Sysmon' Guid='{5770385F-C22A-43E0-BF4C-06F5698FFBD9}'/><EventID>11</EventID><Version>2</Version><Level>4</Level><Task>11</Task><Opcode>0</Opcode><Keywords>0x8000000000000000</Keywords><TimeCreated SystemTime='2021-06-04T14:29:16.206536400Z'/><EventRecordID>76947</EventRecordID><Correlation/><Execution ProcessID='2964' ThreadID='3112'/><Channel>Microsoft-Windows-Sysmon/Operational</Channel><Computer>win-dc-392.attackrange.local</Computer><Security UserID='S-1-5-18'/></System><EventData><Data Name='RuleName'>-</Data><Data Name='UtcTime'>2021-06-04 14:29:16.203</Data><Data Name='ProcessGuid'>{89999F75-EECB-60B9-0100-00000000C401}</Data><Data Name='ProcessId'>4</Data><Data Name='Image'>System</Data><Data Name='TargetFilename'>C:\Program Files\Git\mingw64\lib\thread2.8.6\readme.txt</Data><Data Name='CreationUtcTime'>2021-06-04 14:29:16.203</Data></EventData></Event>
/home/kali/director/projects/_corpora/attack_data/datasets/malware/conti/inf1/windows-sysmon.log:3070:<Event xmlns='http://schemas.microsoft.com/win/2004/08/events/event'><System><Provider Name='Microsoft-Windows-Sysmon' Guid='{5770385F-C22A-43E0-BF4C-06F5698FFBD9}'/><EventID>11</EventID><Version>2</Version><Level>4</Level><Task>11</Task><Opcode>0</Opcode><Keywords>0x8000000000000000</Keywords><TimeCreated SystemTime='2021-06-04T14:29:16.128282900Z'/><EventRecordID>76946</EventRecordID><Correlation/><Execution ProcessID='2964' ThreadID='3112'/><Channel>Microsoft-Windows-Sysmon/Operational</Channel><Computer>win-dc-392.attackrange.local</Computer><Security UserID='S-1-5-18'/></System><EventData><Data Name='RuleName'>-</Data><Data Name='UtcTime'>2021-06-04 14:29:16.125</Data><Data Name='ProcessGuid'>{89999F75-EECB-60B9-0100-00000000C401}</Data><Data Name='ProcessId'>4</Data><Data Name='Image'>System</Data><Data Name='TargetFilename'>C:\Program Files\Git\mingw64\lib\tcl8.6\readme.txt</Data><Data Name='CreationUtcTime'>2021-06-04 14:29:16.125</Data></EventData></Event>
/home/kali/director/projects/_corpora/attack_data/datasets/malware/conti/inf1/windows-sysmon.log:3071:<Event xmlns='http://schemas.microsoft.com/win/2004/08/events/event'><System><Provider Name='Microsoft-Windows-Sysmon' Guid='{5770385F-C22A-43E0-BF4C-06F5698FFBD9}'/><EventID>11</EventID><Version>2</Version><Level>4</Level><Task>11</Task><Opcode>0</Opcode><Keywords>0x8000000000000000</Keywords><TimeCreated SystemTime='2021-06-04T14:29:16.119790700Z'/><EventRecordID>76945</EventRecordID><Correlation/><Execution ProcessID='2964' ThreadID='3112'/><Channel>Microsoft-Windows-Sysmon/Operational</Channel><Computer>win-dc-392.attackrange.local</Computer><Security UserID='S-1-5-18'/></System><EventData><Data Name='RuleName'>-</Data><Data Name='UtcTime'>2021-06-04 14:29:16.110</Data><Data Name='ProcessGuid'>{89999F75-EECB-60B9-0100-00000000C401}</Data><Data Name='ProcessId'>4</Data><Data Name='Image'>System</Data><Data Name='TargetFilename'>C:\Program Files\Git\mingw64\lib\tcl8\readme.txt</Data><Data Name='CreationUtcTime'>2021-06-04 14:29:16.110</Data></EventData></Event>
/home/kali/director/projects/_corpora/attack_data/datasets/malware/conti/inf1/windows-sysmon.log:3072:<Event xmlns='http://schemas.microsoft.com/win/2004/08/events/event'><System><Provider Name='Microsoft-Windows-Sysmon' Guid='{5770385F-C22A-43E0-BF4C-06F5698FFBD9}'/><EventID>11</EventID><Version>2</Version><Level>4</Level><Task>11</Task><Opcode>0</Opcode><Keywords>0x8000000000000000</Keywords><TimeCreated SystemTime='2021-06-04T14:29:16.110755300Z'/><EventRecordID>76944</EventRecordID><Correlation/><Execution ProcessID='2964' ThreadID='3112'/><Channel>Microsoft-Windows-Sysmon/Operational</Channel><Computer>win-dc-392.attackrange.local</Computer><Security UserID='S-1-5-18'/></System><EventData><Data Name='RuleName'>-</Data><Data Name='UtcTime'>2021-06-04 14:29:16.110</Data><Data Name='ProcessGuid'>{89999F75-EECB-60B9-0100-00000000C401}</Data><Data Name='ProcessId'>4</Data><Data Name='Image'>System</Data><Data Name='TargetFilename'>C:\Program Files\Git\mingw64\lib\reg1.3\readme.txt</Data><Data Name='CreationUtcTime'>2021-06-04 14:29:16.110</Data></EventData></Event>
/home/kali/director/projects/_corpora/attack_data/datasets/malware/conti/inf1/windows-sysmon.log:3073:<Event xmlns='http://schemas.microsoft.com/win/2004/08/events/event'><System><Provider Name='Microsoft-Windows-Sysmon' Guid='{5770385F-C22A-43E0-BF4C-06F5698FFBD9}'/><EventID>11</EventID><Version>2</Version><Level>4</Level><Task>11</Task><Opcode>0</Opcode><Keywords>0x8000000000000000</Keywords><TimeCreated SystemTime='2021-06-04T14:29:16.103050400Z'/><EventRecordID>76943</EventRecordID><Correlation/><Execution ProcessID='2964' ThreadID='3112'/><Channel>Microsoft-Windows-Sysmon/Operational</Channel><Computer>win-dc-392.attackrange.local</Computer><Security UserID='S-1-5-18'/></System><EventData><Data Name='RuleName'>-</Data><Data Name='UtcTime'>2021-06-04 14:29:16.094</Data><Data Name='ProcessGuid'>{89999F75-EECB-60B9-0100-00000000C401}</Data><Data Name='ProcessId'>4</Data><Data Name='Image'>System</Data><Data Name='TargetFilename'>C:\Program Files\Git\mingw64\lib\p11-kit\readme.txt</Data><Data Name='CreationUtcTime'>2021-06-04 14:29:16.094</Data></EventData></Event>
/home/kali/director/projects/_corpora/attack_data/datasets/malware/conti/inf1/windows-sysmon.log:3074:<Event xmlns='http://schemas.microsoft.com/win/2004/08/events/event'><System><Provider Name='Microsoft-Windows-Sysmon' Guid='{5770385F-C22A-43E0-BF4C-06F5698FFBD9}'/><EventID>11</EventID><Version>2</Version><Level>4</Level><Task>11</Task><Opcode>0</Opcode><Keywords>0x8000000000000000</Keywords><TimeCreated SystemTime='2021-06-04T14:29:16.100560000Z'/><EventRecordID>76942</EventRecordID><Correlation/><Execution ProcessID='2964' ThreadID='3112'/><Channel>Microsoft-Windows-Sysmon/Operational</Channel><Computer>win-dc-392.attackrange.local</Computer><Security UserID='S-1-5-18'/></System><EventData><Data Name='RuleName'>-</Data><Data Name='UtcTime'>2021-06-04 14:29:16.094</Data><Data Name='ProcessGuid'>{89999F75-EECB-60B9-0100-00000000C401}</Data><Data Name='ProcessId'>4</Data><Data Name='Image'>System</Data><Data Name='TargetFilename'>C:\Program Files\Git\mingw64\lib\engines-1_1\readme.txt</Data><Data Name='CreationUtcTime'>2021-06-04 14:29:16.094</Data></EventData></Event>
/home/kali/director/projects/_corpora/attack_data/datasets/malware/conti/inf1/windows-sysmon.log:3075:<Event xmlns='http://schemas.microsoft.com/win/2004/08/events/event'><System><Provider Name='Microsoft-Windows-Sysmon' Guid='{5770385F-C22A-43E0-BF4C-06F5698FFBD9}'/><EventID>11</EventID><Version>2</Version><Level>4</Level><Task>11</Task><Opcode>0</Opcode><Keywords>0x8000000000000000</Keywords><TimeCreated SystemTime='2021-06-04T14:29:16.097758400Z'/><EventRecordID>76941</EventRecordID><Correlation/><Execution ProcessID='2964' ThreadID='3112'/><Channel>Microsoft-Windows-Sysmon/Operational</Channel><Computer>win-dc-392.attackrange.local</Computer><Security UserID='S-1-5-18'/></System><EventData><Data Name='RuleName'>-</Data><Data Name='UtcTime'>2021-06-04 14:29:16.094</Data><Data Name='ProcessGuid'>{89999F75-EECB-60B9-0100-00000000C401}</Data><Data Name='ProcessId'>4</Data><Data Name='Image'>System</Data><Data Name='TargetFilename'>C:\Program Files\Git\mingw64\etc\pki\readme.txt</Data><Data Name='CreationUtcTime'>2021-06-04 14:29:16.094</Data></EventData></Event>
/home/kali/director/projects/_corpora/attack_data/datasets/malware/conti/inf1/windows-sysmon.log:3076:<Event xmlns='http://schemas.microsoft.com/win/2004/08/events/event'><System><Provider Name='Microsoft-Windows-Sysmon' Guid='{5770385F-C22A-43E0-BF4C-06F5698FFBD9}'/><EventID>11</EventID><Version>2</Version><Level>4</Level><Task>11</Task><Opcode>0</Opcode><Keywords>0x8000000000000000</Keywords><TimeCreated SystemTime='2021-06-04T14:29:16.076459600Z'/><EventRecordID>76940</EventRecordID><Correlation/><Execution ProcessID='2964' ThreadID='3112'/><Channel>Microsoft-Windows-Sysmon/Operational</Channel><Computer>win-dc-392.attackrange.local</Computer><Security UserID='S-1-5-18'/></System><EventData><Data Name='RuleName'>-</Data><Data Name='UtcTime'>2021-06-04 14:29:16.063</Data><Data Name='ProcessGuid'>{89999F75-EECB-60B9-0100-00000000C401}</Data><Data Name='ProcessId'>4</Data><Data Name='Image'>System</Data><Data Name='TargetFilename'>C:\Program Files\Git\mingw64\doc\git-credential-manager-core\readme.txt</Data><Data Name='CreationUtcTime'>2021-06-04 14:29:16.063</Data></EventData></Event>
/home/kali/director/projects/_corpora/attack_data/datasets/malware/conti/inf1/windows-sysmon.log:3077:<Event xmlns='http://schemas.microsoft.com/win/2004/08/events/event'><System><Provider Name='Microsoft-Windows-Sysmon' Guid='{5770385F-C22A-43E0-BF4C-06F5698FFBD9}'/><EventID>11</EventID><Version>2</Version><Level>4</Level><Task>11</Task><Opcode>0</Opcode><Keywords>0x8000000000000000</Keywords><TimeCreated SystemTime='2021-06-04T14:29:16.061029300Z'/><EventRecordID>76939</EventRecordID><Correlation/><Execution ProcessID='2964' ThreadID='3112'/><Channel>Microsoft-Windows-Sysmon/Operational</Channel><Computer>win-dc-392.attackrange.local</Computer><Security UserID='S-1-5-18'/></System><EventData><Data Name='RuleName'>-</Data><Data Name='UtcTime'>2021-06-04 14:29:16.047</Data><Data Name='ProcessGuid'>{89999F75-EECB-60B9-0100-00000000C401}</Data><Data Name='ProcessId'>4</Data><Data Name='Image'>System</Data><Data Name='TargetFilename'>C:\Program Files\Git\mingw64\doc\git-credential-manager\readme.txt</Data><Data Name='CreationUtcTime'>2021-06-04 14:29:16.047</Data></EventData></Event>
/home/kali/director/projects/_corpora/attack_data/datasets/malware/conti/inf1/windows-sysmon.log:3078:<Event xmlns='http://schemas.microsoft.com/win/2004/08/events/event'><System><Provider Name='Microsoft-Windows-Sysmon' Guid='{5770385F-C22A-43E0-BF4C-06F5698FFBD9}'/><EventID>11</EventID><Version>2</Version><Level>4</Level><Task>11</Task><Opcode>0</Opcode><Keywords>0x8000000000000000</Keywords><TimeCreated SystemTime='2021-06-04T14:29:16.058955900Z'/><EventRecordID>76938</EventRecordID><Correlation/><Execution ProcessID='2964' ThreadID='3112'/><Channel>Microsoft-Windows-Sysmon/Operational</Channel><Computer>win-dc-392.attackrange.local</Computer><Security UserID='S-1-5-18'/></System><EventData><Data Name='RuleName'>-</Data><Data Name='UtcTime'>2021-06-04 14:29:16.047</Data><Data Name='ProcessGuid'>{89999F75-EECB-60B9-0100-00000000C401}</Data><Data Name='ProcessId'>4</Data><Data Name='Image'>System</Data><Data Name='TargetFilename'>C:\Program Files\Git\etc\pki\ca-trust\readme.txt</Data><Data Name='CreationUtcTime'>2021-06-04 14:29:16.047</Data></EventData></Event>
/home/kali/director/projects/_corpora/attack_data/datasets/malware/conti/inf1/windows-sysmon.log:3079:<Event xmlns='http://schemas.microsoft.com/win/2004/08/events/event'><System><Provider Name='Microsoft-Windows-Sysmon' Guid='{5770385F-C22A-43E0-BF4C-06F5698FFBD9}'/><EventID>11</EventID><Version>2</Version><Level>4</Level><Task>11</Task><Opcode>0</Opcode><Keywords>0x8000000000000000</Keywords><TimeCreated SystemTime='2021-06-04T14:29:16.044549400Z'/><EventRecordID>76937</EventRecordID><Correlation/><Execution ProcessID='2964' ThreadID='3112'/><Channel>Microsoft-Windows-Sysmon/Operational</Channel><Computer>win-dc-392.attackrange.local</Computer><Security UserID='S-1-5-18'/></System><EventData><Data Name='RuleName'>-</Data><Data Name='UtcTime'>2021-06-04 14:29:16.031</Data><Data Name='ProcessGuid'>{89999F75-EECB-60B9-0100-00000000C401}</Data><Data Name='ProcessId'>4</Data><Data Name='Image'>System</Data><Data Name='TargetFilename'>C:\Program Files\Common Files\System\Ole DB\en-US\readme.txt</Data><Data Name='CreationUtcTime'>2021-06-04 14:29:16.031</Data></EventData></Event>
/home/kali/director/projects/_corpora/attack_data/datasets/malware/conti/inf1/windows-sysmon.log:3080:<Event xmlns='http://schemas.microsoft.com/win/2004/08/events/event'><System><Provider Name='Microsoft-Windows-Sysmon' Guid='{5770385F-C22A-43E0-BF4C-06F5698FFBD9}'/><EventID>11</EventID><Version>2</Version><Level>4</Level><Task>11</Task><Opcode>0</Opcode><Keywords>0x8000000000000000</Keywords><TimeCreated SystemTime='2021-06-04T14:29:16.042306500Z'/><EventRecordID>76936</EventRecordID><Correlation/><Execution ProcessID='2964' ThreadID='3112'/><Channel>Microsoft-Windows-Sysmon/Operational</Channel><Computer>win-dc-392.attackrange.local</Computer><Security UserID='S-1-5-18'/></System><EventData><Data Name='RuleName'>-</Data><Data Name='UtcTime'>2021-06-04 14:29:16.031</Data><Data Name='ProcessGuid'>{89999F75-EECB-60B9-0100-00000000C401}</Data><Data Name='ProcessId'>4</Data><Data Name='Image'>System</Data><Data Name='TargetFilename'>C:\Program Files\Common Files\System\msadc\en-US\readme.txt</Data><Data Name='CreationUtcTime'>2021-06-04 14:29:16.031</Data></EventData></Event>
