/home/kali/director/projects/_corpora/attack_data/datasets/malware/conti/inf1/windows-sysmon.log:2682:<Event xmlns='http://schemas.microsoft.com/win/2004/08/events/event'><System><Provider Name='Microsoft-Windows-Sysmon' Guid='{5770385F-C22A-43E0-BF4C-06F5698FFBD9}'/><EventID>11</EventID><Version>2</Version><Level>4</Level><Task>11</Task><Opcode>0</Opcode><Keywords>0x8000000000000000</Keywords><TimeCreated SystemTime='2021-06-04T14:28:37.550156600Z'/><EventRecordID>76734</EventRecordID><Correlation/><Execution ProcessID='2964' ThreadID='3112'/><Channel>Microsoft-Windows-Sysmon/Operational</Channel><Computer>win-dc-392.attackrange.local</Computer><Security UserID='S-1-5-18'/></System><EventData><Data Name='RuleName'>-</Data><Data Name='UtcTime'>2021-06-04 14:28:37.540</Data><Data Name='ProcessGuid'>{89999F75-EECB-60B9-0100-00000000C401}</Data><Data Name='ProcessId'>4</Data><Data Name='Image'>System</Data><Data Name='TargetFilename'>C:\Program Files\SplunkUniversalForwarder\var\spool\readme.txt</Data><Data Name='CreationUtcTime'>2021-06-04 14:28:37.540</Data></EventData></Event>
/home/kali/director/projects/_corpora/attack_data/datasets/malware/conti/inf1/windows-sysmon.log:2683:<Event xmlns='http://schemas.microsoft.com/win/2004/08/events/event'><System><Provider Name='Microsoft-Windows-Sysmon' Guid='{5770385F-C22A-43E0-BF4C-06F5698FFBD9}'/><EventID>11</EventID><Version>2</Version><Level>4</Level><Task>11</Task><Opcode>0</Opcode><Keywords>0x8000000000000000</Keywords><TimeCreated SystemTime='2021-06-04T14:28:37.537929300Z'/><EventRecordID>76733</EventRecordID><Correlation/><Execution ProcessID='2964' ThreadID='3112'/><Channel>Microsoft-Windows-Sysmon/Operational</Channel><Computer>win-dc-392.attackrange.local</Computer><Security UserID='S-1-5-18'/></System><EventData><Data Name='RuleName'>-</Data><Data Name='UtcTime'>2021-06-04 14:28:37.524</Data><Data Name='ProcessGuid'>{89999F75-EECB-60B9-0100-00000000C401}</Data><Data Name='ProcessId'>4</Data><Data Name='Image'>System</Data><Data Name='TargetFilename'>C:\Program Files\SplunkUniversalForwarder\var\run\readme.txt</Data><Data Name='CreationUtcTime'>2021-06-04 14:28:37.524</Data></EventData></Event>
/home/kali/director/projects/_corpora/attack_data/datasets/malware/conti/inf1/windows-sysmon.log:2684:<Event xmlns='http://schemas.microsoft.com/win/2004/08/events/event'><System><Provider Name='Microsoft-Windows-Sysmon' Guid='{5770385F-C22A-43E0-BF4C-06F5698FFBD9}'/><EventID>11</EventID><Version>2</Version><Level>4</Level><Task>11</Task><Opcode>0</Opcode><Keywords>0x8000000000000000</Keywords><TimeCreated SystemTime='2021-06-04T14:28:37.536081200Z'/><EventRecordID>76732</EventRecordID><Correlation/><Execution ProcessID='2964' ThreadID='3112'/><Channel>Microsoft-Windows-Sysmon/Operational</Channel><Computer>win-dc-392.attackrange.local</Computer><Security UserID='S-1-5-18'/></System><EventData><Data Name='RuleName'>-</Data><Data Name='UtcTime'>2021-06-04 14:28:37.524</Data><Data Name='ProcessGuid'>{89999F75-EECB-60B9-0100-00000000C401}</Data><Data Name='ProcessId'>4</Data><Data Name='Image'>System</Data><Data Name='TargetFilename'>C:\Program Files\SplunkUniversalForwarder\var\log\readme.txt</Data><Data Name='CreationUtcTime'>2021-06-04 14:28:37.524</Data></EventData></Event>
/home/kali/director/projects/_corpora/attack_data/datasets/malware/conti/inf1/windows-sysmon.log:2685:<Event xmlns='http://schemas.microsoft.com/win/2004/08/events/event'><System><Provider Name='Microsoft-Windows-Sysmon' Guid='{5770385F-C22A-43E0-BF4C-06F5698FFBD9}'/><EventID>11</EventID><Version>2</Version><Level>4</Level><Task>11</Task><Opcode>0</Opcode><Keywords>0x8000000000000000</Keywords><TimeCreated SystemTime='2021-06-04T14:28:37.535679800Z'/><EventRecordID>76731</EventRecordID><Correlation/><Execution ProcessID='2964' ThreadID='3112'/><Channel>Microsoft-Windows-Sysmon/Operational</Channel><Computer>win-dc-392.attackrange.local</Computer><Security UserID='S-1-5-18'/></System><EventData><Data Name='RuleName'>-</Data><Data Name='UtcTime'>2021-06-04 14:28:37.524</Data><Data Name='ProcessGuid'>{89999F75-EECB-60B9-0100-00000000C401}</Data><Data Name='ProcessId'>4</Data><Data Name='Image'>System</Data><Data Name='TargetFilename'>C:\Program Files\SplunkUniversalForwarder\var\lib\readme.txt</Data><Data Name='CreationUtcTime'>2021-06-04 14:28:37.524</Data></EventData></Event>
/home/kali/director/projects/_corpora/attack_data/datasets/malware/conti/inf1/windows-sysmon.log:2686:<Event xmlns='http://schemas.microsoft.com/win/2004/08/events/event'><System><Provider Name='Microsoft-Windows-Sysmon' Guid='{5770385F-C22A-43E0-BF4C-06F5698FFBD9}'/><EventID>11</EventID><Version>2</Version><Level>4</Level><Task>11</Task><Opcode>0</Opcode><Keywords>0x8000000000000000</Keywords><TimeCreated SystemTime='2021-06-04T14:28:37.517302700Z'/><EventRecordID>76730</EventRecordID><Correlation/><Execution ProcessID='2964' ThreadID='3112'/><Channel>Microsoft-Windows-Sysmon/Operational</Channel><Computer>win-dc-392.attackrange.local</Computer><Security UserID='S-1-5-18'/></System><EventData><Data Name='RuleName'>-</Data><Data Name='UtcTime'>2021-06-04 14:28:37.509</Data><Data Name='ProcessGuid'>{89999F75-EECB-60B9-0100-00000000C401}</Data><Data Name='ProcessId'>4</Data><Data Name='Image'>System</Data><Data Name='TargetFilename'>C:\Program Files\SplunkUniversalForwarder\share\splunk\readme.txt</Data><Data Name='CreationUtcTime'>2021-06-04 14:28:37.509</Data></EventData></Event>
/home/kali/director/projects/_corpora/attack_data/datasets/malware/conti/inf1/windows-sysmon.log:2687:<Event xmlns='http://schemas.microsoft.com/win/2004/08/events/event'><System><Provider Name='Microsoft-Windows-Sysmon' Guid='{5770385F-C22A-43E0-BF4C-06F5698FFBD9}'/><EventID>11</EventID><Version>2</Version><Level>4</Level><Task>11</Task><Opcode>0</Opcode><Keywords>0x8000000000000000</Keywords><TimeCreated SystemTime='2021-06-04T14:28:37.514518200Z'/><EventRecordID>76729</EventRecordID><Correlation/><Execution ProcessID='2964' ThreadID='3112'/><Channel>Microsoft-Windows-Sysmon/Operational</Channel><Computer>win-dc-392.attackrange.local</Computer><Security UserID='S-1-5-18'/></System><EventData><Data Name='RuleName'>-</Data><Data Name='UtcTime'>2021-06-04 14:28:37.509</Data><Data Name='ProcessGuid'>{89999F75-EECB-60B9-0100-00000000C401}</Data><Data Name='ProcessId'>4</Data><Data Name='Image'>System</Data><Data Name='TargetFilename'>C:\Program Files\SplunkUniversalForwarder\lib\engines\readme.txt</Data><Data Name='CreationUtcTime'>2021-06-04 14:28:37.509</Data></EventData></Event>
/home/kali/director/projects/_corpora/attack_data/datasets/malware/conti/inf1/windows-sysmon.log:2688:<Event xmlns='http://schemas.microsoft.com/win/2004/08/events/event'><System><Provider Name='Microsoft-Windows-Sysmon' Guid='{5770385F-C22A-43E0-BF4C-06F5698FFBD9}'/><EventID>11</EventID><Version>2</Version><Level>4</Level><Task>11</Task><Opcode>0</Opcode><Keywords>0x8000000000000000</Keywords><TimeCreated SystemTime='2021-06-04T14:28:37.511037900Z'/><EventRecordID>76728</EventRecordID><Correlation/><Execution ProcessID='2964' ThreadID='3112'/><Channel>Microsoft-Windows-Sysmon/Operational</Channel><Computer>win-dc-392.attackrange.local</Computer><Security UserID='S-1-5-18'/></System><EventData><Data Name='RuleName'>-</Data><Data Name='UtcTime'>2021-06-04 14:28:37.509</Data><Data Name='ProcessGuid'>{89999F75-EECB-60B9-0100-00000000C401}</Data><Data Name='ProcessId'>4</Data><Data Name='Image'>System</Data><Data Name='TargetFilename'>C:\Program Files\SplunkUniversalForwarder\lib\cmake\readme.txt</Data><Data Name='CreationUtcTime'>2021-06-04 14:28:37.509</Data></EventData></Event>
/home/kali/director/projects/_corpora/attack_data/datasets/malware/conti/inf1/windows-sysmon.log:2689:<Event xmlns='http://schemas.microsoft.com/win/2004/08/events/event'><System><Provider Name='Microsoft-Windows-Sysmon' Guid='{5770385F-C22A-43E0-BF4C-06F5698FFBD9}'/><EventID>11</EventID><Version>2</Version><Level>4</Level><Task>11</Task><Opcode>0</Opcode><Keywords>0x8000000000000000</Keywords><TimeCreated SystemTime='2021-06-04T14:28:37.498373900Z'/><EventRecordID>76727</EventRecordID><Correlation/><Execution ProcessID='2964' ThreadID='3112'/><Channel>Microsoft-Windows-Sysmon/Operational</Channel><Computer>win-dc-392.attackrange.local</Computer><Security UserID='S-1-5-18'/></System><EventData><Data Name='RuleName'>-</Data><Data Name='UtcTime'>2021-06-04 14:28:37.493</Data><Data Name='ProcessGuid'>{89999F75-EECB-60B9-0100-00000000C401}</Data><Data Name='ProcessId'>4</Data><Data Name='Image'>System</Data><Data Name='TargetFilename'>C:\Program Files\SplunkUniversalForwarder\etc\users\readme.txt</Data><Data Name='CreationUtcTime'>2021-06-04 14:28:37.493</Data></EventData></Event>
/home/kali/director/projects/_corpora/attack_data/datasets/malware/conti/inf1/windows-sysmon.log:2690:<Event xmlns='http://schemas.microsoft.com/win/2004/08/events/event'><System><Provider Name='Microsoft-Windows-Sysmon' Guid='{5770385F-C22A-43E0-BF4C-06F5698FFBD9}'/><EventID>11</EventID><Version>2</Version><Level>4</Level><Task>11</Task><Opcode>0</Opcode><Keywords>0x8000000000000000</Keywords><TimeCreated SystemTime='2021-06-04T14:28:37.496273500Z'/><EventRecordID>76726</EventRecordID><Correlation/><Execution ProcessID='2964' ThreadID='3112'/><Channel>Microsoft-Windows-Sysmon/Operational</Channel><Computer>win-dc-392.attackrange.local</Computer><Security UserID='S-1-5-18'/></System><EventData><Data Name='RuleName'>-</Data><Data Name='UtcTime'>2021-06-04 14:28:37.493</Data><Data Name='ProcessGuid'>{89999F75-EECB-60B9-0100-00000000C401}</Data><Data Name='ProcessId'>4</Data><Data Name='Image'>System</Data><Data Name='TargetFilename'>C:\Program Files\SplunkUniversalForwarder\etc\system\readme.txt</Data><Data Name='CreationUtcTime'>2021-06-04 14:28:37.493</Data></EventData></Event>
/home/kali/director/projects/_corpora/attack_data/datasets/malware/conti/inf1/windows-sysmon.log:2691:<Event xmlns='http://schemas.microsoft.com/win/2004/08/events/event'><System><Provider Name='Microsoft-Windows-Sysmon' Guid='{5770385F-C22A-43E0-BF4C-06F5698FFBD9}'/><EventID>11</EventID><Version>2</Version><Level>4</Level><Task>11</Task><Opcode>0</Opcode><Keywords>0x8000000000000000</Keywords><TimeCreated SystemTime='2021-06-04T14:28:37.494429100Z'/><EventRecordID>76725</EventRecordID><Correlation/><Execution ProcessID='2964' ThreadID='3112'/><Channel>Microsoft-Windows-Sysmon/Operational</Channel><Computer>win-dc-392.attackrange.local</Computer><Security UserID='S-1-5-18'/></System><EventData><Data Name='RuleName'>-</Data><Data Name='UtcTime'>2021-06-04 14:28:37.493</Data><Data Name='ProcessGuid'>{89999F75-EECB-60B9-0100-00000000C401}</Data><Data Name='ProcessId'>4</Data><Data Name='Image'>System</Data><Data Name='TargetFilename'>C:\Program Files\SplunkUniversalForwarder\etc\shcluster\readme.txt</Data><Data Name='CreationUtcTime'>2021-06-04 14:28:37.493</Data></EventData></Event>
/home/kali/director/projects/_corpora/attack_data/datasets/malware/conti/inf1/windows-sysmon.log:2707:<Event xmlns='http://schemas.microsoft.com/win/2004/08/events/event'><System><Provider Name='Microsoft-Windows-Sysmon' Guid='{5770385F-C22A-43E0-BF4C-06F5698FFBD9}'/><EventID>11</EventID><Version>2</Version><Level>4</Level><Task>11</Task><Opcode>0</Opcode><Keywords>0x8000000000000000</Keywords><TimeCreated SystemTime='2021-06-04T14:28:37.476278900Z'/><EventRecordID>76723</EventRecordID><Correlation/><Execution ProcessID='2964' ThreadID='3112'/><Channel>Microsoft-Windows-Sysmon/Operational</Channel><Computer>win-dc-392.attackrange.local</Computer><Security UserID='S-1-5-18'/></System><EventData><Data Name='RuleName'>-</Data><Data Name='UtcTime'>2021-06-04 14:28:37.462</Data><Data Name='ProcessGuid'>{89999F75-EECB-60B9-0100-00000000C401}</Data><Data Name='ProcessId'>4</Data><Data Name='Image'>System</Data><Data Name='TargetFilename'>C:\Program Files\SplunkUniversalForwarder\etc\myinstall\readme.txt</Data><Data Name='CreationUtcTime'>2021-06-04 14:28:37.462</Data></EventData></Event>
/home/kali/director/projects/_corpora/attack_data/datasets/malware/conti/inf1/windows-sysmon.log:2708:<Event xmlns='http://schemas.microsoft.com/win/2004/08/events/event'><System><Provider Name='Microsoft-Windows-Sysmon' Guid='{5770385F-C22A-43E0-BF4C-06F5698FFBD9}'/><EventID>11</EventID><Version>2</Version><Level>4</Level><Task>11</Task><Opcode>0</Opcode><Keywords>0x8000000000000000</Keywords><TimeCreated SystemTime='2021-06-04T14:28:37.474435700Z'/><EventRecordID>76722</EventRecordID><Correlation/><Execution ProcessID='2964' ThreadID='3112'/><Channel>Microsoft-Windows-Sysmon/Operational</Channel><Computer>win-dc-392.attackrange.local</Computer><Security UserID='S-1-5-18'/></System><EventData><Data Name='RuleName'>-</Data><Data Name='UtcTime'>2021-06-04 14:28:37.462</Data><Data Name='ProcessGuid'>{89999F75-EECB-60B9-0100-00000000C401}</Data><Data Name='ProcessId'>4</Data><Data Name='Image'>System</Data><Data Name='TargetFilename'>C:\Program Files\SplunkUniversalForwarder\etc\modules\readme.txt</Data><Data Name='CreationUtcTime'>2021-06-04 14:28:37.462</Data></EventData></Event>
/home/kali/director/projects/_corpora/attack_data/datasets/malware/conti/inf1/windows-sysmon.log:2709:<Event xmlns='http://schemas.microsoft.com/win/2004/08/events/event'><System><Provider Name='Microsoft-Windows-Sysmon' Guid='{5770385F-C22A-43E0-BF4C-06F5698FFBD9}'/><EventID>11</EventID><Version>2</Version><Level>4</Level><Task>11</Task><Opcode>0</Opcode><Keywords>0x8000000000000000</Keywords><TimeCreated SystemTime='2021-06-04T14:28:37.471890900Z'/><EventRecordID>76721</EventRecordID><Correlation/><Execution ProcessID='2964' ThreadID='3112'/><Channel>Microsoft-Windows-Sysmon/Operational</Channel><Computer>win-dc-392.attackrange.local</Computer><Security UserID='S-1-5-18'/></System><EventData><Data Name='RuleName'>-</Data><Data Name='UtcTime'>2021-06-04 14:28:37.462</Data><Data Name='ProcessGuid'>{89999F75-EECB-60B9-0100-00000000C401}</Data><Data Name='ProcessId'>4</Data><Data Name='Image'>System</Data><Data Name='TargetFilename'>C:\Program Files\SplunkUniversalForwarder\etc\licenses\readme.txt</Data><Data Name='CreationUtcTime'>2021-06-04 14:28:37.462</Data></EventData></Event>
/home/kali/director/projects/_corpora/attack_data/datasets/malware/conti/inf1/windows-sysmon.log:2710:<Event xmlns='http://schemas.microsoft.com/win/2004/08/events/event'><System><Provider Name='Microsoft-Windows-Sysmon' Guid='{5770385F-C22A-43E0-BF4C-06F5698FFBD9}'/><EventID>11</EventID><Version>2</Version><Level>4</Level><Task>11</Task><Opcode>0</Opcode><Keywords>0x8000000000000000</Keywords><TimeCreated SystemTime='2021-06-04T14:28:37.464122000Z'/><EventRecordID>76720</EventRecordID><Correlation/><Execution ProcessID='2964' ThreadID='3112'/><Channel>Microsoft-Windows-Sysmon/Operational</Channel><Computer>win-dc-392.attackrange.local</Computer><Security UserID='S-1-5-18'/></System><EventData><Data Name='RuleName'>-</Data><Data Name='UtcTime'>2021-06-04 14:28:37.462</Data><Data Name='ProcessGuid'>{89999F75-EECB-60B9-0100-00000000C401}</Data><Data Name='ProcessId'>4</Data><Data Name='Image'>System</Data><Data Name='TargetFilename'>C:\Program Files\SplunkUniversalForwarder\etc\disabled-apps\readme.txt</Data><Data Name='CreationUtcTime'>2021-06-04 14:28:37.462</Data></EventData></Event>
/home/kali/director/projects/_corpora/attack_data/datasets/malware/conti/inf1/windows-sysmon.log:2711:<Event xmlns='http://schemas.microsoft.com/win/2004/08/events/event'><System><Provider Name='Microsoft-Windows-Sysmon' Guid='{5770385F-C22A-43E0-BF4C-06F5698FFBD9}'/><EventID>11</EventID><Version>2</Version><Level>4</Level><Task>11</Task><Opcode>0</Opcode><Keywords>0x8000000000000000</Keywords><TimeCreated SystemTime='2021-06-04T14:28:37.453115700Z'/><EventRecordID>76719</EventRecordID><Correlation/><Execution ProcessID='2964' ThreadID='3112'/><Channel>Microsoft-Windows-Sysmon/Operational</Channel><Computer>win-dc-392.attackrange.local</Computer><Security UserID='S-1-5-18'/></System><EventData><Data Name='RuleName'>-</Data><Data Name='UtcTime'>2021-06-04 14:28:37.446</Data><Data Name='ProcessGuid'>{89999F75-EECB-60B9-0100-00000000C401}</Data><Data Name='ProcessId'>4</Data><Data Name='Image'>System</Data><Data Name='TargetFilename'>C:\Program Files\SplunkUniversalForwarder\etc\deployment-apps\readme.txt</Data><Data Name='CreationUtcTime'>2021-06-04 14:28:37.446</Data></EventData></Event>
/home/kali/director/projects/_corpora/attack_data/datasets/malware/conti/inf1/windows-sysmon.log:2712:<Event xmlns='http://schemas.microsoft.com/win/2004/08/events/event'><System><Provider Name='Microsoft-Windows-Sysmon' Guid='{5770385F-C22A-43E0-BF4C-06F5698FFBD9}'/><EventID>11</EventID><Version>2</Version><Level>4</Level><Task>11</Task><Opcode>0</Opcode><Keywords>0x8000000000000000</Keywords><TimeCreated SystemTime='2021-06-04T14:28:37.387744900Z'/><EventRecordID>76718</EventRecordID><Correlation/><Execution ProcessID='2964' ThreadID='3112'/><Channel>Microsoft-Windows-Sysmon/Operational</Channel><Computer>win-dc-392.attackrange.local</Computer><Security UserID='S-1-5-18'/></System><EventData><Data Name='RuleName'>-</Data><Data Name='UtcTime'>2021-06-04 14:28:37.384</Data><Data Name='ProcessGuid'>{89999F75-EECB-60B9-0100-00000000C401}</Data><Data Name='ProcessId'>4</Data><Data Name='Image'>System</Data><Data Name='TargetFilename'>C:\Program Files\SplunkUniversalForwarder\etc\auth\readme.txt</Data><Data Name='CreationUtcTime'>2021-06-04 14:28:37.384</Data></EventData></Event>
/home/kali/director/projects/_corpora/attack_data/datasets/malware/conti/inf1/windows-sysmon.log:2713:<Event xmlns='http://schemas.microsoft.com/win/2004/08/events/event'><System><Provider Name='Microsoft-Windows-Sysmon' Guid='{5770385F-C22A-43E0-BF4C-06F5698FFBD9}'/><EventID>11</EventID><Version>2</Version><Level>4</Level><Task>11</Task><Opcode>0</Opcode><Keywords>0x8000000000000000</Keywords><TimeCreated SystemTime='2021-06-04T14:28:37.385536000Z'/><EventRecordID>76717</EventRecordID><Correlation/><Execution ProcessID='2964' ThreadID='3112'/><Channel>Microsoft-Windows-Sysmon/Operational</Channel><Computer>win-dc-392.attackrange.local</Computer><Security UserID='S-1-5-18'/></System><EventData><Data Name='RuleName'>-</Data><Data Name='UtcTime'>2021-06-04 14:28:37.384</Data><Data Name='ProcessGuid'>{89999F75-EECB-60B9-0100-00000000C401}</Data><Data Name='ProcessId'>4</Data><Data Name='Image'>System</Data><Data Name='TargetFilename'>C:\Program Files\SplunkUniversalForwarder\etc\apps\readme.txt</Data><Data Name='CreationUtcTime'>2021-06-04 14:28:37.384</Data></EventData></Event>
/home/kali/director/projects/_corpora/attack_data/datasets/malware/conti/inf1/windows-sysmon.log:2714:<Event xmlns='http://schemas.microsoft.com/win/2004/08/events/event'><System><Provider Name='Microsoft-Windows-Sysmon' Guid='{5770385F-C22A-43E0-BF4C-06F5698FFBD9}'/><EventID>11</EventID><Version>2</Version><Level>4</Level><Task>11</Task><Opcode>0</Opcode><Keywords>0x8000000000000000</Keywords><TimeCreated SystemTime='2021-06-04T14:28:37.310762100Z'/><EventRecordID>76716</EventRecordID><Correlation/><Execution ProcessID='2964' ThreadID='3112'/><Channel>Microsoft-Windows-Sysmon/Operational</Channel><Computer>win-dc-392.attackrange.local</Computer><Security UserID='S-1-5-18'/></System><EventData><Data Name='RuleName'>-</Data><Data Name='UtcTime'>2021-06-04 14:28:37.306</Data><Data Name='ProcessGuid'>{89999F75-EECB-60B9-0100-00000000C401}</Data><Data Name='ProcessId'>4</Data><Data Name='Image'>System</Data><Data Name='TargetFilename'>C:\Program Files\SplunkUniversalForwarder\bin\scripts\readme.txt</Data><Data Name='CreationUtcTime'>2020-02-07 07:06:30.000</Data></EventData></Event>
/home/kali/director/projects/_corpora/attack_data/datasets/malware/conti/inf1/windows-sysmon.log:2715:<Event xmlns='http://schemas.microsoft.com/win/2004/08/events/event'><System><Provider Name='Microsoft-Windows-Sysmon' Guid='{5770385F-C22A-43E0-BF4C-06F5698FFBD9}'/><EventID>23</EventID><Version>5</Version><Level>4</Level><Task>23</Task><Opcode>0</Opcode><Keywords>0x8000000000000000</Keywords><TimeCreated SystemTime='2021-06-04T14:28:37.310543400Z'/><EventRecordID>76715</EventRecordID><Correlation/><Execution ProcessID='2964' ThreadID='3112'/><Channel>Microsoft-Windows-Sysmon/Operational</Channel><Computer>win-dc-392.attackrange.local</Computer><Security UserID='S-1-5-18'/></System><EventData><Data Name='RuleName'>-</Data><Data Name='UtcTime'>2021-06-04 14:28:37.306</Data><Data Name='ProcessGuid'>{89999F75-EECB-60B9-0100-00000000C401}</Data><Data Name='ProcessId'>4</Data><Data Name='User'>NT AUTHORITY\SYSTEM</Data><Data Name='Image'>System</Data><Data Name='TargetFilename'>C:\Program Files\SplunkUniversalForwarder\bin\scripts\readme.txt</Data><Data Name='Hashes'>MD5=1C3C112A820249AA965335C18DA30C9A,SHA256=3B6BBA73EE8945EE0EF1822A6B4CA0D17BEFD687609FD3D91C29C46CF346B7B2,IMPHASH=00000000000000000000000000000000</Data><Data Name='IsExecutable'>false</Data><Data Name='Archived'>true</Data></EventData></Event>
/home/kali/director/projects/_corpora/attack_data/datasets/malware/conti/inf1/windows-sysmon.log:2716:<Event xmlns='http://schemas.microsoft.com/win/2004/08/events/event'><System><Provider Name='Microsoft-Windows-Sysmon' Guid='{5770385F-C22A-43E0-BF4C-06F5698FFBD9}'/><EventID>11</EventID><Version>2</Version><Level>4</Level><Task>11</Task><Opcode>0</Opcode><Keywords>0x8000000000000000</Keywords><TimeCreated SystemTime='2021-06-04T14:28:37.308027700Z'/><EventRecordID>76714</EventRecordID><Correlation/><Execution ProcessID='2964' ThreadID='3112'/><Channel>Microsoft-Windows-Sysmon/Operational</Channel><Computer>win-dc-392.attackrange.local</Computer><Security UserID='S-1-5-18'/></System><EventData><Data Name='RuleName'>-</Data><Data Name='UtcTime'>2021-06-04 14:28:37.306</Data><Data Name='ProcessGuid'>{89999F75-EECB-60B9-0100-00000000C401}</Data><Data Name='ProcessId'>4</Data><Data Name='Image'>System</Data><Data Name='TargetFilename'>C:\Program Files\Notepad++\plugins\NppExport\readme.txt</Data><Data Name='CreationUtcTime'>2021-06-04 14:28:37.306</Data></EventData></Event>
/home/kali/director/projects/_corpora/attack_data/datasets/malware/conti/inf1/windows-sysmon.log:2717:<Event xmlns='http://schemas.microsoft.com/win/2004/08/events/event'><System><Provider Name='Microsoft-Windows-Sysmon' Guid='{5770385F-C22A-43E0-BF4C-06F5698FFBD9}'/><EventID>11</EventID><Version>2</Version><Level>4</Level><Task>11</Task><Opcode>0</Opcode><Keywords>0x8000000000000000</Keywords><TimeCreated SystemTime='2021-06-04T14:28:37.306134100Z'/><EventRecordID>76713</EventRecordID><Correlation/><Execution ProcessID='2964' ThreadID='3112'/><Channel>Microsoft-Windows-Sysmon/Operational</Channel><Computer>win-dc-392.attackrange.local</Computer><Security UserID='S-1-5-18'/></System><EventData><Data Name='RuleName'>-</Data><Data Name='UtcTime'>2021-06-04 14:28:37.306</Data><Data Name='ProcessGuid'>{89999F75-EECB-60B9-0100-00000000C401}</Data><Data Name='ProcessId'>4</Data><Data Name='Image'>System</Data><Data Name='TargetFilename'>C:\Program Files\Notepad++\plugins\NppConverter\readme.txt</Data><Data Name='CreationUtcTime'>2021-06-04 14:28:37.290</Data></EventData></Event>
/home/kali/director/projects/_corpora/attack_data/datasets/malware/conti/inf1/windows-sysmon.log:2718:<Event xmlns='http://schemas.microsoft.com/win/2004/08/events/event'><System><Provider Name='Microsoft-Windows-Sysmon' Guid='{5770385F-C22A-43E0-BF4C-06F5698FFBD9}'/><EventID>11</EventID><Version>2</Version><Level>4</Level><Task>11</Task><Opcode>0</Opcode><Keywords>0x8000000000000000</Keywords><TimeCreated SystemTime='2021-06-04T14:28:37.304140100Z'/><EventRecordID>76712</EventRecordID><Correlation/><Execution ProcessID='2964' ThreadID='3112'/><Channel>Microsoft-Windows-Sysmon/Operational</Channel><Computer>win-dc-392.attackrange.local</Computer><Security UserID='S-1-5-18'/></System><EventData><Data Name='RuleName'>-</Data><Data Name='UtcTime'>2021-06-04 14:28:37.290</Data><Data Name='ProcessGuid'>{89999F75-EECB-60B9-0100-00000000C401}</Data><Data Name='ProcessId'>4</Data><Data Name='Image'>System</Data><Data Name='TargetFilename'>C:\Program Files\Notepad++\plugins\mimeTools\readme.txt</Data><Data Name='CreationUtcTime'>2021-06-04 14:28:37.290</Data></EventData></Event>
/home/kali/director/projects/_corpora/attack_data/datasets/malware/conti/inf1/windows-sysmon.log:2719:<Event xmlns='http://schemas.microsoft.com/win/2004/08/events/event'><System><Provider Name='Microsoft-Windows-Sysmon' Guid='{5770385F-C22A-43E0-BF4C-06F5698FFBD9}'/><EventID>11</EventID><Version>2</Version><Level>4</Level><Task>11</Task><Opcode>0</Opcode><Keywords>0x8000000000000000</Keywords><TimeCreated SystemTime='2021-06-04T14:28:37.301976200Z'/><EventRecordID>76711</EventRecordID><Correlation/><Execution ProcessID='2964' ThreadID='3112'/><Channel>Microsoft-Windows-Sysmon/Operational</Channel><Computer>win-dc-392.attackrange.local</Computer><Security UserID='S-1-5-18'/></System><EventData><Data Name='RuleName'>-</Data><Data Name='UtcTime'>2021-06-04 14:28:37.290</Data><Data Name='ProcessGuid'>{89999F75-EECB-60B9-0100-00000000C401}</Data><Data Name='ProcessId'>4</Data><Data Name='Image'>System</Data><Data Name='TargetFilename'>C:\Program Files\Notepad++\plugins\disabled\readme.txt</Data><Data Name='CreationUtcTime'>2021-06-04 14:28:37.290</Data></EventData></Event>
/home/kali/director/projects/_corpora/attack_data/datasets/malware/conti/inf1/windows-sysmon.log:2720:<Event xmlns='http://schemas.microsoft.com/win/2004/08/events/event'><System><Provider Name='Microsoft-Windows-Sysmon' Guid='{5770385F-C22A-43E0-BF4C-06F5698FFBD9}'/><EventID>11</EventID><Version>2</Version><Level>4</Level><Task>11</Task><Opcode>0</Opcode><Keywords>0x8000000000000000</Keywords><TimeCreated SystemTime='2021-06-04T14:28:37.299990500Z'/><EventRecordID>76710</EventRecordID><Correlation/><Execution ProcessID='2964' ThreadID='3112'/><Channel>Microsoft-Windows-Sysmon/Operational</Channel><Computer>win-dc-392.attackrange.local</Computer><Security UserID='S-1-5-18'/></System><EventData><Data Name='RuleName'>-</Data><Data Name='UtcTime'>2021-06-04 14:28:37.290</Data><Data Name='ProcessGuid'>{89999F75-EECB-60B9-0100-00000000C401}</Data><Data Name='ProcessId'>4</Data><Data Name='Image'>System</Data><Data Name='TargetFilename'>C:\Program Files\Notepad++\plugins\Config\readme.txt</Data><Data Name='CreationUtcTime'>2021-06-04 14:28:37.290</Data></EventData></Event>
/home/kali/director/projects/_corpora/attack_data/datasets/malware/conti/inf1/windows-sysmon.log:2721:<Event xmlns='http://schemas.microsoft.com/win/2004/08/events/event'><System><Provider Name='Microsoft-Windows-Sysmon' Guid='{5770385F-C22A-43E0-BF4C-06F5698FFBD9}'/><EventID>11</EventID><Version>2</Version><Level>4</Level><Task>11</Task><Opcode>0</Opcode><Keywords>0x8000000000000000</Keywords><TimeCreated SystemTime='2021-06-04T14:28:37.291483900Z'/><EventRecordID>76709</EventRecordID><Correlation/><Execution ProcessID='2964' ThreadID='3112'/><Channel>Microsoft-Windows-Sysmon/Operational</Channel><Computer>win-dc-392.attackrange.local</Computer><Security UserID='S-1-5-18'/></System><EventData><Data Name='RuleName'>-</Data><Data Name='UtcTime'>2021-06-04 14:28:37.290</Data><Data Name='ProcessGuid'>{89999F75-EECB-60B9-0100-00000000C401}</Data><Data Name='ProcessId'>4</Data><Data Name='Image'>System</Data><Data Name='TargetFilename'>C:\Program Files\Mozilla Firefox\gmp-clearkey\0.1\readme.txt</Data><Data Name='CreationUtcTime'>2021-06-04 14:28:37.290</Data></EventData></Event>
/home/kali/director/projects/_corpora/attack_data/datasets/malware/conti/inf1/windows-sysmon.log:2722:<Event xmlns='http://schemas.microsoft.com/win/2004/08/events/event'><System><Provider Name='Microsoft-Windows-Sysmon' Guid='{5770385F-C22A-43E0-BF4C-06F5698FFBD9}'/><EventID>11</EventID><Version>2</Version><Level>4</Level><Task>11</Task><Opcode>0</Opcode><Keywords>0x8000000000000000</Keywords><TimeCreated SystemTime='2021-06-04T14:28:37.281673200Z'/><EventRecordID>76708</EventRecordID><Correlation/><Execution ProcessID='2964' ThreadID='3112'/><Channel>Microsoft-Windows-Sysmon/Operational</Channel><Computer>win-dc-392.attackrange.local</Computer><Security UserID='S-1-5-18'/></System><EventData><Data Name='RuleName'>-</Data><Data Name='UtcTime'>2021-06-04 14:28:37.274</Data><Data Name='ProcessGuid'>{89999F75-EECB-60B9-0100-00000000C401}</Data><Data Name='ProcessId'>4</Data><Data Name='Image'>System</Data><Data Name='TargetFilename'>C:\Program Files\Mozilla Firefox\defaults\pref\readme.txt</Data><Data Name='CreationUtcTime'>2021-06-04 14:28:37.274</Data></EventData></Event>
/home/kali/director/projects/_corpora/attack_data/datasets/malware/conti/inf1/windows-sysmon.log:2723:<Event xmlns='http://schemas.microsoft.com/win/2004/08/events/event'><System><Provider Name='Microsoft-Windows-Sysmon' Guid='{5770385F-C22A-43E0-BF4C-06F5698FFBD9}'/><EventID>11</EventID><Version>2</Version><Level>4</Level><Task>11</Task><Opcode>0</Opcode><Keywords>0x8000000000000000</Keywords><TimeCreated SystemTime='2021-06-04T14:28:37.263664800Z'/><EventRecordID>76707</EventRecordID><Correlation/><Execution ProcessID='2964' ThreadID='3112'/><Channel>Microsoft-Windows-Sysmon/Operational</Channel><Computer>win-dc-392.attackrange.local</Computer><Security UserID='S-1-5-18'/></System><EventData><Data Name='RuleName'>-</Data><Data Name='UtcTime'>2021-06-04 14:28:37.259</Data><Data Name='ProcessGuid'>{89999F75-EECB-60B9-0100-00000000C401}</Data><Data Name='ProcessId'>4</Data><Data Name='Image'>System</Data><Data Name='TargetFilename'>C:\Program Files\Mozilla Firefox\browser\VisualElements\readme.txt</Data><Data Name='CreationUtcTime'>2021-06-04 14:28:37.259</Data></EventData></Event>
/home/kali/director/projects/_corpora/attack_data/datasets/malware/conti/inf1/windows-sysmon.log:2724:<Event xmlns='http://schemas.microsoft.com/win/2004/08/events/event'><System><Provider Name='Microsoft-Windows-Sysmon' Guid='{5770385F-C22A-43E0-BF4C-06F5698FFBD9}'/><EventID>11</EventID><Version>2</Version><Level>4</Level><Task>11</Task><Opcode>0</Opcode><Keywords>0x8000000000000000</Keywords><TimeCreated SystemTime='2021-06-04T14:28:37.205351400Z'/><EventRecordID>76706</EventRecordID><Correlation/><Execution ProcessID='2964' ThreadID='3112'/><Channel>Microsoft-Windows-Sysmon/Operational</Channel><Computer>win-dc-392.attackrange.local</Computer><Security UserID='S-1-5-18'/></System><EventData><Data Name='RuleName'>-</Data><Data Name='UtcTime'>2021-06-04 14:28:37.196</Data><Data Name='ProcessGuid'>{89999F75-EECB-60B9-0100-00000000C401}</Data><Data Name='ProcessId'>4</Data><Data Name='Image'>System</Data><Data Name='TargetFilename'>C:\Program Files\Mozilla Firefox\browser\features\readme.txt</Data><Data Name='CreationUtcTime'>2021-06-04 14:28:37.196</Data></EventData></Event>
/home/kali/director/projects/_corpora/attack_data/datasets/malware/conti/inf1/windows-sysmon.log:2725:<Event xmlns='http://schemas.microsoft.com/win/2004/08/events/event'><System><Provider Name='Microsoft-Windows-Sysmon' Guid='{5770385F-C22A-43E0-BF4C-06F5698FFBD9}'/><EventID>11</EventID><Version>2</Version><Level>4</Level><Task>11</Task><Opcode>0</Opcode><Keywords>0x8000000000000000</Keywords><TimeCreated SystemTime='2021-06-04T14:28:37.161969200Z'/><EventRecordID>76705</EventRecordID><Correlation/><Execution ProcessID='2964' ThreadID='3112'/><Channel>Microsoft-Windows-Sysmon/Operational</Channel><Computer>win-dc-392.attackrange.local</Computer><Security UserID='S-1-5-18'/></System><EventData><Data Name='RuleName'>-</Data><Data Name='UtcTime'>2021-06-04 14:28:37.149</Data><Data Name='ProcessGuid'>{89999F75-EECB-60B9-0100-00000000C401}</Data><Data Name='ProcessId'>4</Data><Data Name='Image'>System</Data><Data Name='TargetFilename'>C:\Program Files\Git\usr\ssl\readme.txt</Data><Data Name='CreationUtcTime'>2021-06-04 14:28:37.149</Data></EventData></Event>
/home/kali/director/projects/_corpora/attack_data/datasets/malware/conti/inf1/windows-sysmon.log:2726:<Event xmlns='http://schemas.microsoft.com/win/2004/08/events/event'><System><Provider Name='Microsoft-Windows-Sysmon' Guid='{5770385F-C22A-43E0-BF4C-06F5698FFBD9}'/><EventID>11</EventID><Version>2</Version><Level>4</Level><Task>11</Task><Opcode>0</Opcode><Keywords>0x8000000000000000</Keywords><TimeCreated SystemTime='2021-06-04T14:28:37.158571500Z'/><EventRecordID>76704</EventRecordID><Correlation/><Execution ProcessID='2964' ThreadID='3112'/><Channel>Microsoft-Windows-Sysmon/Operational</Channel><Computer>win-dc-392.attackrange.local</Computer><Security UserID='S-1-5-18'/></System><EventData><Data Name='RuleName'>-</Data><Data Name='UtcTime'>2021-06-04 14:28:37.149</Data><Data Name='ProcessGuid'>{89999F75-EECB-60B9-0100-00000000C401}</Data><Data Name='ProcessId'>4</Data><Data Name='Image'>System</Data><Data Name='TargetFilename'>C:\Program Files\Git\usr\share\readme.txt</Data><Data Name='CreationUtcTime'>2021-06-04 14:28:37.149</Data></EventData></Event>
/home/kali/director/projects/_corpora/attack_data/datasets/malware/conti/inf1/windows-sysmon.log:2727:<Event xmlns='http://schemas.microsoft.com/win/2004/08/events/event'><System><Provider Name='Microsoft-Windows-Sysmon' Guid='{5770385F-C22A-43E0-BF4C-06F5698FFBD9}'/><EventID>11</EventID><Version>2</Version><Level>4</Level><Task>11</Task><Opcode>0</Opcode><Keywords>0x8000000000000000</Keywords><TimeCreated SystemTime='2021-06-04T14:28:37.155968500Z'/><EventRecordID>76703</EventRecordID><Correlation/><Execution ProcessID='2964' ThreadID='3112'/><Channel>Microsoft-Windows-Sysmon/Operational</Channel><Computer>win-dc-392.attackrange.local</Computer><Security UserID='S-1-5-18'/></System><EventData><Data Name='RuleName'>-</Data><Data Name='UtcTime'>2021-06-04 14:28:37.149</Data><Data Name='ProcessGuid'>{89999F75-EECB-60B9-0100-00000000C401}</Data><Data Name='ProcessId'>4</Data><Data Name='Image'>System</Data><Data Name='TargetFilename'>C:\Program Files\Git\usr\libexec\readme.txt</Data><Data Name='CreationUtcTime'>2021-06-04 14:28:37.149</Data></EventData></Event>
/home/kali/director/projects/_corpora/attack_data/datasets/malware/conti/inf1/windows-sysmon.log:2728:<Event xmlns='http://schemas.microsoft.com/win/2004/08/events/event'><System><Provider Name='Microsoft-Windows-Sysmon' Guid='{5770385F-C22A-43E0-BF4C-06F5698FFBD9}'/><EventID>11</EventID><Version>2</Version><Level>4</Level><Task>11</Task><Opcode>0</Opcode><Keywords>0x8000000000000000</Keywords><TimeCreated SystemTime='2021-06-04T14:28:37.133682300Z'/><EventRecordID>76702</EventRecordID><Correlation/><Execution ProcessID='2964' ThreadID='3112'/><Channel>Microsoft-Windows-Sysmon/Operational</Channel><Computer>win-dc-392.attackrange.local</Computer><Security UserID='S-1-5-18'/></System><EventData><Data Name='RuleName'>-</Data><Data Name='UtcTime'>2021-06-04 14:28:37.118</Data><Data Name='ProcessGuid'>{89999F75-EECB-60B9-0100-00000000C401}</Data><Data Name='ProcessId'>4</Data><Data Name='Image'>System</Data><Data Name='TargetFilename'>C:\Program Files\Git\usr\lib\readme.txt</Data><Data Name='CreationUtcTime'>2021-06-04 14:28:37.118</Data></EventData></Event>
/home/kali/director/projects/_corpora/attack_data/datasets/malware/conti/inf1/windows-sysmon.log:2729:<Event xmlns='http://schemas.microsoft.com/win/2004/08/events/event'><System><Provider Name='Microsoft-Windows-Sysmon' Guid='{5770385F-C22A-43E0-BF4C-06F5698FFBD9}'/><EventID>11</EventID><Version>2</Version><Level>4</Level><Task>11</Task><Opcode>0</Opcode><Keywords>0x8000000000000000</Keywords><TimeCreated SystemTime='2021-06-04T14:28:37.130830600Z'/><EventRecordID>76701</EventRecordID><Correlation/><Execution ProcessID='2964' ThreadID='3112'/><Channel>Microsoft-Windows-Sysmon/Operational</Channel><Computer>win-dc-392.attackrange.local</Computer><Security UserID='S-1-5-18'/></System><EventData><Data Name='RuleName'>-</Data><Data Name='UtcTime'>2021-06-04 14:28:37.118</Data><Data Name='ProcessGuid'>{89999F75-EECB-60B9-0100-00000000C401}</Data><Data Name='ProcessId'>4</Data><Data Name='Image'>System</Data><Data Name='TargetFilename'>C:\Program Files\Git\usr\etc\readme.txt</Data><Data Name='CreationUtcTime'>2021-06-04 14:28:37.118</Data></EventData></Event>
/home/kali/director/projects/_corpora/attack_data/datasets/malware/conti/inf1/windows-sysmon.log:2808:<Event xmlns='http://schemas.microsoft.com/win/2004/08/events/event'><System><Provider Name='Microsoft-Windows-Sysmon' Guid='{5770385F-C22A-43E0-BF4C-06F5698FFBD9}'/><EventID>11</EventID><Version>2</Version><Level>4</Level><Task>11</Task><Opcode>0</Opcode><Keywords>0x8000000000000000</Keywords><TimeCreated SystemTime='2021-06-04T14:28:52.951312100Z'/><EventRecordID>76752</EventRecordID><Correlation/><Execution ProcessID='2964' ThreadID='3112'/><Channel>Microsoft-Windows-Sysmon/Operational</Channel><Computer>win-dc-392.attackrange.local</Computer><Security UserID='S-1-5-18'/></System><EventData><Data Name='RuleName'>-</Data><Data Name='UtcTime'>2021-06-04 14:28:52.937</Data><Data Name='ProcessGuid'>{89999F75-EECB-60B9-0100-00000000C401}</Data><Data Name='ProcessId'>4</Data><Data Name='Image'>System</Data><Data Name='TargetFilename'>C:\Program Files (x86)\AWS SDK for .NET\bin\Net45\readme.txt</Data><Data Name='CreationUtcTime'>2021-06-04 14:28:52.937</Data></EventData></Event>
/home/kali/director/projects/_corpora/attack_data/datasets/malware/conti/inf1/windows-sysmon.log:2872:<Event xmlns='http://schemas.microsoft.com/win/2004/08/events/event'><System><Provider Name='Microsoft-Windows-Sysmon' Guid='{5770385F-C22A-43E0-BF4C-06F5698FFBD9}'/><EventID>11</EventID><Version>2</Version><Level>4</Level><Task>11</Task><Opcode>0</Opcode><Keywords>0x8000000000000000</Keywords><TimeCreated SystemTime='2021-06-04T14:29:09.603972200Z'/><EventRecordID>76775</EventRecordID><Correlation/><Execution ProcessID='2964' ThreadID='3112'/><Channel>Microsoft-Windows-Sysmon/Operational</Channel><Computer>win-dc-392.attackrange.local</Computer><Security UserID='S-1-5-18'/></System><EventData><Data Name='RuleName'>-</Data><Data Name='UtcTime'>2021-06-04 14:29:09.590</Data><Data Name='ProcessGuid'>{89999F75-EECB-60B9-0100-00000000C401}</Data><Data Name='ProcessId'>4</Data><Data Name='Image'>System</Data><Data Name='TargetFilename'>C:\Program Files (x86)\AWS SDK for .NET\past-releases\Version-1\readme.txt</Data><Data Name='CreationUtcTime'>2021-06-04 14:29:09.590</Data></EventData></Event>
/home/kali/director/projects/_corpora/attack_data/datasets/malware/conti/inf1/windows-sysmon.log:2876:<Event xmlns='http://schemas.microsoft.com/win/2004/08/events/event'><System><Provider Name='Microsoft-Windows-Sysmon' Guid='{5770385F-C22A-43E0-BF4C-06F5698FFBD9}'/><EventID>11</EventID><Version>2</Version><Level>4</Level><Task>11</Task><Opcode>0</Opcode><Keywords>0x8000000000000000</Keywords><TimeCreated SystemTime='2021-06-04T14:29:10.124166900Z'/><EventRecordID>76779</EventRecordID><Correlation/><Execution ProcessID='2964' ThreadID='3112'/><Channel>Microsoft-Windows-Sysmon/Operational</Channel><Computer>win-dc-392.attackrange.local</Computer><Security UserID='S-1-5-18'/></System><EventData><Data Name='RuleName'>-</Data><Data Name='UtcTime'>2021-06-04 14:29:10.122</Data><Data Name='ProcessGuid'>{89999F75-EECB-60B9-0100-00000000C401}</Data><Data Name='ProcessId'>4</Data><Data Name='Image'>System</Data><Data Name='TargetFilename'>C:\Program Files (x86)\AWS Tools\PowerShell\AWSPowerShell\readme.txt</Data><Data Name='CreationUtcTime'>2021-06-04 14:29:10.122</Data></EventData></Event>
/home/kali/director/projects/_corpora/attack_data/datasets/malware/conti/inf1/windows-sysmon.log:2877:<Event xmlns='http://schemas.microsoft.com/win/2004/08/events/event'><System><Provider Name='Microsoft-Windows-Sysmon' Guid='{5770385F-C22A-43E0-BF4C-06F5698FFBD9}'/><EventID>11</EventID><Version>2</Version><Level>4</Level><Task>11</Task><Opcode>0</Opcode><Keywords>0x8000000000000000</Keywords><TimeCreated SystemTime='2021-06-04T14:29:10.066598100Z'/><EventRecordID>76778</EventRecordID><Correlation/><Execution ProcessID='2964' ThreadID='3112'/><Channel>Microsoft-Windows-Sysmon/Operational</Channel><Computer>win-dc-392.attackrange.local</Computer><Security UserID='S-1-5-18'/></System><EventData><Data Name='RuleName'>-</Data><Data Name='UtcTime'>2021-06-04 14:29:10.059</Data><Data Name='ProcessGuid'>{89999F75-EECB-60B9-0100-00000000C401}</Data><Data Name='ProcessId'>4</Data><Data Name='Image'>System</Data><Data Name='TargetFilename'>C:\Program Files (x86)\AWS Tools\Deployment Tool\Samples\readme.txt</Data><Data Name='CreationUtcTime'>2021-06-04 14:29:10.059</Data></EventData></Event>
/home/kali/director/projects/_corpora/attack_data/datasets/malware/conti/inf1/windows-sysmon.log:2878:<Event xmlns='http://schemas.microsoft.com/win/2004/08/events/event'><System><Provider Name='Microsoft-Windows-Sysmon' Guid='{5770385F-C22A-43E0-BF4C-06F5698FFBD9}'/><EventID>11</EventID><Version>2</Version><Level>4</Level><Task>11</Task><Opcode>0</Opcode><Keywords>0x8000000000000000</Keywords><TimeCreated SystemTime='2021-06-04T14:29:10.027564200Z'/><EventRecordID>76777</EventRecordID><Correlation/><Execution ProcessID='2964' ThreadID='3112'/><Channel>Microsoft-Windows-Sysmon/Operational</Channel><Computer>win-dc-392.attackrange.local</Computer><Security UserID='S-1-5-18'/></System><EventData><Data Name='RuleName'>-</Data><Data Name='UtcTime'>2021-06-04 14:29:10.012</Data><Data Name='ProcessGuid'>{89999F75-EECB-60B9-0100-00000000C401}</Data><Data Name='ProcessId'>4</Data><Data Name='Image'>System</Data><Data Name='TargetFilename'>C:\Program Files (x86)\AWS SDK for .NET\past-releases\Version-2\readme.txt</Data><Data Name='CreationUtcTime'>2021-06-04 14:29:10.012</Data></EventData></Event>
/home/kali/director/projects/_corpora/attack_data/datasets/malware/conti/inf1/windows-sysmon.log:2882:<Event xmlns='http://schemas.microsoft.com/win/2004/08/events/event'><System><Provider Name='Microsoft-Windows-Sysmon' Guid='{5770385F-C22A-43E0-BF4C-06F5698FFBD9}'/><EventID>11</EventID><Version>2</Version><Level>4</Level><Task>11</Task><Opcode>0</Opcode><Keywords>0x8000000000000000</Keywords><TimeCreated SystemTime='2021-06-04T14:29:11.651660100Z'/><EventRecordID>76808</EventRecordID><Correlation/><Execution ProcessID='2964' ThreadID='3112'/><Channel>Microsoft-Windows-Sysmon/Operational</Channel><Computer>win-dc-392.attackrange.local</Computer><Security UserID='S-1-5-18'/></System><EventData><Data Name='RuleName'>-</Data><Data Name='UtcTime'>2021-06-04 14:29:11.639</Data><Data Name='ProcessGuid'>{89999F75-EECB-60B9-0100-00000000C401}</Data><Data Name='ProcessId'>4</Data><Data Name='Image'>System</Data><Data Name='TargetFilename'>C:\ProgramData\chocolatey\helpers\functions\readme.txt</Data><Data Name='CreationUtcTime'>2021-06-04 14:29:11.639</Data></EventData></Event>
/home/kali/director/projects/_corpora/attack_data/datasets/malware/conti/inf1/windows-sysmon.log:2883:<Event xmlns='http://schemas.microsoft.com/win/2004/08/events/event'><System><Provider Name='Microsoft-Windows-Sysmon' Guid='{5770385F-C22A-43E0-BF4C-06F5698FFBD9}'/><EventID>11</EventID><Version>2</Version><Level>4</Level><Task>11</Task><Opcode>0</Opcode><Keywords>0x8000000000000000</Keywords><TimeCreated SystemTime='2021-06-04T14:29:11.577934800Z'/><EventRecordID>76807</EventRecordID><Correlation/><Execution ProcessID='2964' ThreadID='3112'/><Channel>Microsoft-Windows-Sysmon/Operational</Channel><Computer>win-dc-392.attackrange.local</Computer><Security UserID='S-1-5-18'/></System><EventData><Data Name='RuleName'>-</Data><Data Name='UtcTime'>2021-06-04 14:29:11.575</Data><Data Name='ProcessGuid'>{89999F75-EECB-60B9-0100-00000000C401}</Data><Data Name='ProcessId'>4</Data><Data Name='Image'>System</Data><Data Name='TargetFilename'>C:\ProgramData\chocolatey\extensions\chocolatey-core\readme.txt</Data><Data Name='CreationUtcTime'>2021-06-04 14:29:11.575</Data></EventData></Event>
/home/kali/director/projects/_corpora/attack_data/datasets/malware/conti/inf1/windows-sysmon.log:2884:<Event xmlns='http://schemas.microsoft.com/win/2004/08/events/event'><System><Provider Name='Microsoft-Windows-Sysmon' Guid='{5770385F-C22A-43E0-BF4C-06F5698FFBD9}'/><EventID>11</EventID><Version>2</Version><Level>4</Level><Task>11</Task><Opcode>0</Opcode><Keywords>0x8000000000000000</Keywords><TimeCreated SystemTime='2021-06-04T14:29:11.550693300Z'/><EventRecordID>76806</EventRecordID><Correlation/><Execution ProcessID='2964' ThreadID='3112'/><Channel>Microsoft-Windows-Sysmon/Operational</Channel><Computer>win-dc-392.attackrange.local</Computer><Security UserID='S-1-5-18'/></System><EventData><Data Name='RuleName'>-</Data><Data Name='UtcTime'>2021-06-04 14:29:11.543</Data><Data Name='ProcessGuid'>{89999F75-EECB-60B9-0100-00000000C401}</Data><Data Name='ProcessId'>4</Data><Data Name='Image'>System</Data><Data Name='TargetFilename'>C:\ProgramData\chocolatey\.chocolatey\notepadplusplus.install.7.9.5\readme.txt</Data><Data Name='CreationUtcTime'>2021-06-04 14:29:11.543</Data></EventData></Event>
/home/kali/director/projects/_corpora/attack_data/datasets/malware/conti/inf1/windows-sysmon.log:2885:<Event xmlns='http://schemas.microsoft.com/win/2004/08/events/event'><System><Provider Name='Microsoft-Windows-Sysmon' Guid='{5770385F-C22A-43E0-BF4C-06F5698FFBD9}'/><EventID>11</EventID><Version>2</Version><Level>4</Level><Task>11</Task><Opcode>0</Opcode><Keywords>0x8000000000000000</Keywords><TimeCreated SystemTime='2021-06-04T14:29:11.532720000Z'/><EventRecordID>76805</EventRecordID><Correlation/><Execution ProcessID='2964' ThreadID='3112'/><Channel>Microsoft-Windows-Sysmon/Operational</Channel><Computer>win-dc-392.attackrange.local</Computer><Security UserID='S-1-5-18'/></System><EventData><Data Name='RuleName'>-</Data><Data Name='UtcTime'>2021-06-04 14:29:11.528</Data><Data Name='ProcessGuid'>{89999F75-EECB-60B9-0100-00000000C401}</Data><Data Name='ProcessId'>4</Data><Data Name='Image'>System</Data><Data Name='TargetFilename'>C:\ProgramData\chocolatey\.chocolatey\notepadplusplus.7.9.5\readme.txt</Data><Data Name='CreationUtcTime'>2021-06-04 14:29:11.528</Data></EventData></Event>
/home/kali/director/projects/_corpora/attack_data/datasets/malware/conti/inf1/windows-sysmon.log:2887:<Event xmlns='http://schemas.microsoft.com/win/2004/08/events/event'><System><Provider Name='Microsoft-Windows-Sysmon' Guid='{5770385F-C22A-43E0-BF4C-06F5698FFBD9}'/><EventID>11</EventID><Version>2</Version><Level>4</Level><Task>11</Task><Opcode>0</Opcode><Keywords>0x8000000000000000</Keywords><TimeCreated SystemTime='2021-06-04T14:29:11.499390200Z'/><EventRecordID>76803</EventRecordID><Correlation/><Execution ProcessID='2964' ThreadID='3112'/><Channel>Microsoft-Windows-Sysmon/Operational</Channel><Computer>win-dc-392.attackrange.local</Computer><Security UserID='S-1-5-18'/></System><EventData><Data Name='RuleName'>-</Data><Data Name='UtcTime'>2021-06-04 14:29:11.497</Data><Data Name='ProcessGuid'>{89999F75-EECB-60B9-0100-00000000C401}</Data><Data Name='ProcessId'>4</Data><Data Name='Image'>System</Data><Data Name='TargetFilename'>C:\ProgramData\chocolatey\.chocolatey\git.install.2.31.1\readme.txt</Data><Data Name='CreationUtcTime'>2021-06-04 14:29:11.497</Data></EventData></Event>
/home/kali/director/projects/_corpora/attack_data/datasets/malware/conti/inf1/windows-sysmon.log:2888:<Event xmlns='http://schemas.microsoft.com/win/2004/08/events/event'><System><Provider Name='Microsoft-Windows-Sysmon' Guid='{5770385F-C22A-43E0-BF4C-06F5698FFBD9}'/><EventID>11</EventID><Version>2</Version><Level>4</Level><Task>11</Task><Opcode>0</Opcode><Keywords>0x8000000000000000</Keywords><TimeCreated SystemTime='2021-06-04T14:29:11.483230700Z'/><EventRecordID>76802</EventRecordID><Correlation/><Execution ProcessID='2964' ThreadID='3112'/><Channel>Microsoft-Windows-Sysmon/Operational</Channel><Computer>win-dc-392.attackrange.local</Computer><Security UserID='S-1-5-18'/></System><EventData><Data Name='RuleName'>-</Data><Data Name='UtcTime'>2021-06-04 14:29:11.481</Data><Data Name='ProcessGuid'>{89999F75-EECB-60B9-0100-00000000C401}</Data><Data Name='ProcessId'>4</Data><Data Name='Image'>System</Data><Data Name='TargetFilename'>C:\ProgramData\chocolatey\.chocolatey\git.2.31.1\readme.txt</Data><Data Name='CreationUtcTime'>2021-06-04 14:29:11.481</Data></EventData></Event>
/home/kali/director/projects/_corpora/attack_data/datasets/malware/conti/inf1/windows-sysmon.log:2889:<Event xmlns='http://schemas.microsoft.com/win/2004/08/events/event'><System><Provider Name='Microsoft-Windows-Sysmon' Guid='{5770385F-C22A-43E0-BF4C-06F5698FFBD9}'/><EventID>11</EventID><Version>2</Version><Level>4</Level><Task>11</Task><Opcode>0</Opcode><Keywords>0x8000000000000000</Keywords><TimeCreated SystemTime='2021-06-04T14:29:11.460041600Z'/><EventRecordID>76801</EventRecordID><Correlation/><Execution ProcessID='2964' ThreadID='3112'/><Channel>Microsoft-Windows-Sysmon/Operational</Channel><Computer>win-dc-392.attackrange.local</Computer><Security UserID='S-1-5-18'/></System><EventData><Data Name='RuleName'>-</Data><Data Name='UtcTime'>2021-06-04 14:29:11.453</Data><Data Name='ProcessGuid'>{89999F75-EECB-60B9-0100-00000000C401}</Data><Data Name='ProcessId'>4</Data><Data Name='Image'>System</Data><Data Name='TargetFilename'>C:\ProgramData\chocolatey\.chocolatey\Firefox.89.0\readme.txt</Data><Data Name='CreationUtcTime'>2021-06-04 14:29:11.453</Data></EventData></Event>
