/home/kali/director/projects/_corpora/attack_data/datasets/malware/conti/inf1/windows-sysmon.log:2947:<Event xmlns='http://schemas.microsoft.com/win/2004/08/events/event'><System><Provider Name='Microsoft-Windows-Sysmon' Guid='{5770385F-C22A-43E0-BF4C-06F5698FFBD9}'/><EventID>11</EventID><Version>2</Version><Level>4</Level><Task>11</Task><Opcode>0</Opcode><Keywords>0x8000000000000000</Keywords><TimeCreated SystemTime='2021-06-04T14:29:13.200800700Z'/><EventRecordID>76850</EventRecordID><Correlation/><Execution ProcessID='2964' ThreadID='3112'/><Channel>Microsoft-Windows-Sysmon/Operational</Channel><Computer>win-dc-392.attackrange.local</Computer><Security UserID='S-1-5-18'/></System><EventData><Data Name='RuleName'>-</Data><Data Name='UtcTime'>2021-06-04 14:29:13.185</Data><Data Name='ProcessGuid'>{89999F75-EECB-60B9-0100-00000000C401}</Data><Data Name='ProcessId'>4</Data><Data Name='Image'>System</Data><Data Name='TargetFilename'>C:\ProgramData\Package Cache\{EECDD137-13DA-46ED-ADA0-BDF7F8BE65B8}v14.28.29913\packages\readme.txt</Data><Data Name='CreationUtcTime'>2021-06-04 14:29:13.185</Data></EventData></Event>
/home/kali/director/projects/_corpora/attack_data/datasets/malware/conti/inf1/windows-sysmon.log:2948:<Event xmlns='http://schemas.microsoft.com/win/2004/08/events/event'><System><Provider Name='Microsoft-Windows-Sysmon' Guid='{5770385F-C22A-43E0-BF4C-06F5698FFBD9}'/><EventID>11</EventID><Version>2</Version><Level>4</Level><Task>11</Task><Opcode>0</Opcode><Keywords>0x8000000000000000</Keywords><TimeCreated SystemTime='2021-06-04T14:29:13.198808000Z'/><EventRecordID>76849</EventRecordID><Correlation/><Execution ProcessID='2964' ThreadID='3112'/><Channel>Microsoft-Windows-Sysmon/Operational</Channel><Computer>win-dc-392.attackrange.local</Computer><Security UserID='S-1-5-18'/></System><EventData><Data Name='RuleName'>-</Data><Data Name='UtcTime'>2021-06-04 14:29:13.185</Data><Data Name='ProcessGuid'>{89999F75-EECB-60B9-0100-00000000C401}</Data><Data Name='ProcessId'>4</Data><Data Name='Image'>System</Data><Data Name='TargetFilename'>C:\ProgramData\Package Cache\{620A7633-7A09-42A8-8580-076A4483C4B0}v14.28.29913\packages\readme.txt</Data><Data Name='CreationUtcTime'>2021-06-04 14:29:13.185</Data></EventData></Event>
/home/kali/director/projects/_corpora/attack_data/datasets/malware/conti/inf1/windows-sysmon.log:2949:<Event xmlns='http://schemas.microsoft.com/win/2004/08/events/event'><System><Provider Name='Microsoft-Windows-Sysmon' Guid='{5770385F-C22A-43E0-BF4C-06F5698FFBD9}'/><EventID>11</EventID><Version>2</Version><Level>4</Level><Task>11</Task><Opcode>0</Opcode><Keywords>0x8000000000000000</Keywords><TimeCreated SystemTime='2021-06-04T14:29:13.196789100Z'/><EventRecordID>76848</EventRecordID><Correlation/><Execution ProcessID='2964' ThreadID='3112'/><Channel>Microsoft-Windows-Sysmon/Operational</Channel><Computer>win-dc-392.attackrange.local</Computer><Security UserID='S-1-5-18'/></System><EventData><Data Name='RuleName'>-</Data><Data Name='UtcTime'>2021-06-04 14:29:13.185</Data><Data Name='ProcessGuid'>{89999F75-EECB-60B9-0100-00000000C401}</Data><Data Name='ProcessId'>4</Data><Data Name='Image'>System</Data><Data Name='TargetFilename'>C:\ProgramData\Microsoft\WinMSIPC\Server\readme.txt</Data><Data Name='CreationUtcTime'>2021-06-04 14:29:13.185</Data></EventData></Event>
/home/kali/director/projects/_corpora/attack_data/datasets/malware/conti/inf1/windows-sysmon.log:2950:<Event xmlns='http://schemas.microsoft.com/win/2004/08/events/event'><System><Provider Name='Microsoft-Windows-Sysmon' Guid='{5770385F-C22A-43E0-BF4C-06F5698FFBD9}'/><EventID>11</EventID><Version>2</Version><Level>4</Level><Task>11</Task><Opcode>0</Opcode><Keywords>0x8000000000000000</Keywords><TimeCreated SystemTime='2021-06-04T14:29:13.159784800Z'/><EventRecordID>76847</EventRecordID><Correlation/><Execution ProcessID='2964' ThreadID='3112'/><Channel>Microsoft-Windows-Sysmon/Operational</Channel><Computer>win-dc-392.attackrange.local</Computer><Security UserID='S-1-5-18'/></System><EventData><Data Name='RuleName'>-</Data><Data Name='UtcTime'>2021-06-04 14:29:13.156</Data><Data Name='ProcessGuid'>{89999F75-EECB-60B9-0100-00000000C401}</Data><Data Name='ProcessId'>4</Data><Data Name='Image'>System</Data><Data Name='TargetFilename'>C:\ProgramData\Microsoft\Vault\AC658CB4-9126-49BD-B877-31EEDAB3F204\readme.txt</Data><Data Name='CreationUtcTime'>2021-06-04 14:29:13.156</Data></EventData></Event>
/home/kali/director/projects/_corpora/attack_data/datasets/malware/conti/inf1/windows-sysmon.log:2951:<Event xmlns='http://schemas.microsoft.com/win/2004/08/events/event'><System><Provider Name='Microsoft-Windows-Sysmon' Guid='{5770385F-C22A-43E0-BF4C-06F5698FFBD9}'/><EventID>11</EventID><Version>2</Version><Level>4</Level><Task>11</Task><Opcode>0</Opcode><Keywords>0x8000000000000000</Keywords><TimeCreated SystemTime='2021-06-04T14:29:13.156712000Z'/><EventRecordID>76846</EventRecordID><Correlation/><Execution ProcessID='2964' ThreadID='3112'/><Channel>Microsoft-Windows-Sysmon/Operational</Channel><Computer>win-dc-392.attackrange.local</Computer><Security UserID='S-1-5-18'/></System><EventData><Data Name='RuleName'>-</Data><Data Name='UtcTime'>2021-06-04 14:29:13.156</Data><Data Name='ProcessGuid'>{89999F75-EECB-60B9-0100-00000000C401}</Data><Data Name='ProcessId'>4</Data><Data Name='Image'>System</Data><Data Name='TargetFilename'>C:\ProgramData\Microsoft\Settings\Accounts\readme.txt</Data><Data Name='CreationUtcTime'>2021-06-04 14:29:13.156</Data></EventData></Event>
/home/kali/director/projects/_corpora/attack_data/datasets/malware/conti/inf1/windows-sysmon.log:2952:<Event xmlns='http://schemas.microsoft.com/win/2004/08/events/event'><System><Provider Name='Microsoft-Windows-Sysmon' Guid='{5770385F-C22A-43E0-BF4C-06F5698FFBD9}'/><EventID>11</EventID><Version>2</Version><Level>4</Level><Task>11</Task><Opcode>0</Opcode><Keywords>0x8000000000000000</Keywords><TimeCreated SystemTime='2021-06-04T14:29:13.150307800Z'/><EventRecordID>76845</EventRecordID><Correlation/><Execution ProcessID='2964' ThreadID='3112'/><Channel>Microsoft-Windows-Sysmon/Operational</Channel><Computer>win-dc-392.attackrange.local</Computer><Security UserID='S-1-5-18'/></System><EventData><Data Name='RuleName'>-</Data><Data Name='UtcTime'>2021-06-04 14:29:13.138</Data><Data Name='ProcessGuid'>{89999F75-EECB-60B9-0100-00000000C401}</Data><Data Name='ProcessId'>4</Data><Data Name='Image'>System</Data><Data Name='TargetFilename'>C:\ProgramData\Microsoft\ServerManager\Events\readme.txt</Data><Data Name='CreationUtcTime'>2021-06-04 14:29:13.138</Data></EventData></Event>
/home/kali/director/projects/_corpora/attack_data/datasets/malware/conti/inf1/windows-sysmon.log:2953:<Event xmlns='http://schemas.microsoft.com/win/2004/08/events/event'><System><Provider Name='Microsoft-Windows-Sysmon' Guid='{5770385F-C22A-43E0-BF4C-06F5698FFBD9}'/><EventID>11</EventID><Version>2</Version><Level>4</Level><Task>11</Task><Opcode>0</Opcode><Keywords>0x8000000000000000</Keywords><TimeCreated SystemTime='2021-06-04T14:29:13.135575000Z'/><EventRecordID>76844</EventRecordID><Correlation/><Execution ProcessID='2964' ThreadID='3112'/><Channel>Microsoft-Windows-Sysmon/Operational</Channel><Computer>win-dc-392.attackrange.local</Computer><Security UserID='S-1-5-18'/></System><EventData><Data Name='RuleName'>-</Data><Data Name='UtcTime'>2021-06-04 14:29:13.123</Data><Data Name='ProcessGuid'>{89999F75-EECB-60B9-0100-00000000C401}</Data><Data Name='ProcessId'>4</Data><Data Name='Image'>System</Data><Data Name='TargetFilename'>C:\ProgramData\Microsoft\Network\Downloader\readme.txt</Data><Data Name='CreationUtcTime'>2021-06-04 14:29:13.123</Data></EventData></Event>
/home/kali/director/projects/_corpora/attack_data/datasets/malware/conti/inf1/windows-sysmon.log:2954:<Event xmlns='http://schemas.microsoft.com/win/2004/08/events/event'><System><Provider Name='Microsoft-Windows-Sysmon' Guid='{5770385F-C22A-43E0-BF4C-06F5698FFBD9}'/><EventID>11</EventID><Version>2</Version><Level>4</Level><Task>11</Task><Opcode>0</Opcode><Keywords>0x8000000000000000</Keywords><TimeCreated SystemTime='2021-06-04T14:29:13.133451600Z'/><EventRecordID>76843</EventRecordID><Correlation/><Execution ProcessID='2964' ThreadID='3112'/><Channel>Microsoft-Windows-Sysmon/Operational</Channel><Computer>win-dc-392.attackrange.local</Computer><Security UserID='S-1-5-18'/></System><EventData><Data Name='RuleName'>-</Data><Data Name='UtcTime'>2021-06-04 14:29:13.123</Data><Data Name='ProcessGuid'>{89999F75-EECB-60B9-0100-00000000C401}</Data><Data Name='ProcessId'>4</Data><Data Name='Image'>System</Data><Data Name='TargetFilename'>C:\ProgramData\Microsoft\Network\Connections\readme.txt</Data><Data Name='CreationUtcTime'>2021-06-04 14:29:13.123</Data></EventData></Event>
/home/kali/director/projects/_corpora/attack_data/datasets/malware/conti/inf1/windows-sysmon.log:2955:<Event xmlns='http://schemas.microsoft.com/win/2004/08/events/event'><System><Provider Name='Microsoft-Windows-Sysmon' Guid='{5770385F-C22A-43E0-BF4C-06F5698FFBD9}'/><EventID>11</EventID><Version>2</Version><Level>4</Level><Task>11</Task><Opcode>0</Opcode><Keywords>0x8000000000000000</Keywords><TimeCreated SystemTime='2021-06-04T14:29:13.131304500Z'/><EventRecordID>76842</EventRecordID><Correlation/><Execution ProcessID='2964' ThreadID='3112'/><Channel>Microsoft-Windows-Sysmon/Operational</Channel><Computer>win-dc-392.attackrange.local</Computer><Security UserID='S-1-5-18'/></System><EventData><Data Name='RuleName'>-</Data><Data Name='UtcTime'>2021-06-04 14:29:13.123</Data><Data Name='ProcessGuid'>{89999F75-EECB-60B9-0100-00000000C401}</Data><Data Name='ProcessId'>4</Data><Data Name='Image'>System</Data><Data Name='TargetFilename'>C:\ProgramData\Microsoft\NetFramework\BreadcrumbStore\readme.txt</Data><Data Name='CreationUtcTime'>2021-06-04 14:29:13.123</Data></EventData></Event>
/home/kali/director/projects/_corpora/attack_data/datasets/malware/conti/inf1/windows-sysmon.log:2956:<Event xmlns='http://schemas.microsoft.com/win/2004/08/events/event'><System><Provider Name='Microsoft-Windows-Sysmon' Guid='{5770385F-C22A-43E0-BF4C-06F5698FFBD9}'/><EventID>11</EventID><Version>2</Version><Level>4</Level><Task>11</Task><Opcode>0</Opcode><Keywords>0x8000000000000000</Keywords><TimeCreated SystemTime='2021-06-04T14:29:13.126724000Z'/><EventRecordID>76841</EventRecordID><Correlation/><Execution ProcessID='2964' ThreadID='3112'/><Channel>Microsoft-Windows-Sysmon/Operational</Channel><Computer>win-dc-392.attackrange.local</Computer><Security UserID='S-1-5-18'/></System><EventData><Data Name='RuleName'>-</Data><Data Name='UtcTime'>2021-06-04 14:29:13.123</Data><Data Name='ProcessGuid'>{89999F75-EECB-60B9-0100-00000000C401}</Data><Data Name='ProcessId'>4</Data><Data Name='Image'>System</Data><Data Name='TargetFilename'>C:\ProgramData\Microsoft\IdentityCRL\production\readme.txt</Data><Data Name='CreationUtcTime'>2021-06-04 14:29:13.123</Data></EventData></Event>
/home/kali/director/projects/_corpora/attack_data/datasets/malware/conti/inf1/windows-sysmon.log:2957:<Event xmlns='http://schemas.microsoft.com/win/2004/08/events/event'><System><Provider Name='Microsoft-Windows-Sysmon' Guid='{5770385F-C22A-43E0-BF4C-06F5698FFBD9}'/><EventID>11</EventID><Version>2</Version><Level>4</Level><Task>11</Task><Opcode>0</Opcode><Keywords>0x8000000000000000</Keywords><TimeCreated SystemTime='2021-06-04T14:29:13.124639100Z'/><EventRecordID>76840</EventRecordID><Correlation/><Execution ProcessID='2964' ThreadID='3112'/><Channel>Microsoft-Windows-Sysmon/Operational</Channel><Computer>win-dc-392.attackrange.local</Computer><Security UserID='S-1-5-18'/></System><EventData><Data Name='RuleName'>-</Data><Data Name='UtcTime'>2021-06-04 14:29:13.123</Data><Data Name='ProcessGuid'>{89999F75-EECB-60B9-0100-00000000C401}</Data><Data Name='ProcessId'>4</Data><Data Name='Image'>System</Data><Data Name='TargetFilename'>C:\ProgramData\Microsoft\IdentityCRL\INT\readme.txt</Data><Data Name='CreationUtcTime'>2021-06-04 14:29:13.123</Data></EventData></Event>
/home/kali/director/projects/_corpora/attack_data/datasets/malware/conti/inf1/windows-sysmon.log:2958:<Event xmlns='http://schemas.microsoft.com/win/2004/08/events/event'><System><Provider Name='Microsoft-Windows-Sysmon' Guid='{5770385F-C22A-43E0-BF4C-06F5698FFBD9}'/><EventID>11</EventID><Version>2</Version><Level>4</Level><Task>11</Task><Opcode>0</Opcode><Keywords>0x8000000000000000</Keywords><TimeCreated SystemTime='2021-06-04T14:29:13.122367500Z'/><EventRecordID>76839</EventRecordID><Correlation/><Execution ProcessID='2964' ThreadID='3112'/><Channel>Microsoft-Windows-Sysmon/Operational</Channel><Computer>win-dc-392.attackrange.local</Computer><Security UserID='S-1-5-18'/></System><EventData><Data Name='RuleName'>-</Data><Data Name='UtcTime'>2021-06-04 14:29:13.107</Data><Data Name='ProcessGuid'>{89999F75-EECB-60B9-0100-00000000C401}</Data><Data Name='ProcessId'>4</Data><Data Name='Image'>System</Data><Data Name='TargetFilename'>C:\ProgramData\Microsoft\Event Viewer\Views\readme.txt</Data><Data Name='CreationUtcTime'>2021-06-04 14:29:13.107</Data></EventData></Event>
/home/kali/director/projects/_corpora/attack_data/datasets/malware/conti/inf1/windows-sysmon.log:2959:<Event xmlns='http://schemas.microsoft.com/win/2004/08/events/event'><System><Provider Name='Microsoft-Windows-Sysmon' Guid='{5770385F-C22A-43E0-BF4C-06F5698FFBD9}'/><EventID>11</EventID><Version>2</Version><Level>4</Level><Task>11</Task><Opcode>0</Opcode><Keywords>0x8000000000000000</Keywords><TimeCreated SystemTime='2021-06-04T14:29:13.120301000Z'/><EventRecordID>76838</EventRecordID><Correlation/><Execution ProcessID='2964' ThreadID='3112'/><Channel>Microsoft-Windows-Sysmon/Operational</Channel><Computer>win-dc-392.attackrange.local</Computer><Security UserID='S-1-5-18'/></System><EventData><Data Name='RuleName'>-</Data><Data Name='UtcTime'>2021-06-04 14:29:13.107</Data><Data Name='ProcessGuid'>{89999F75-EECB-60B9-0100-00000000C401}</Data><Data Name='ProcessId'>4</Data><Data Name='Image'>System</Data><Data Name='TargetFilename'>C:\ProgramData\Microsoft\DRM\Server\readme.txt</Data><Data Name='CreationUtcTime'>2021-06-04 14:29:13.107</Data></EventData></Event>
/home/kali/director/projects/_corpora/attack_data/datasets/malware/conti/inf1/windows-sysmon.log:2960:<Event xmlns='http://schemas.microsoft.com/win/2004/08/events/event'><System><Provider Name='Microsoft-Windows-Sysmon' Guid='{5770385F-C22A-43E0-BF4C-06F5698FFBD9}'/><EventID>11</EventID><Version>2</Version><Level>4</Level><Task>11</Task><Opcode>0</Opcode><Keywords>0x8000000000000000</Keywords><TimeCreated SystemTime='2021-06-04T14:29:13.118201000Z'/><EventRecordID>76837</EventRecordID><Correlation/><Execution ProcessID='2964' ThreadID='3112'/><Channel>Microsoft-Windows-Sysmon/Operational</Channel><Computer>win-dc-392.attackrange.local</Computer><Security UserID='S-1-5-18'/></System><EventData><Data Name='RuleName'>-</Data><Data Name='UtcTime'>2021-06-04 14:29:13.107</Data><Data Name='ProcessGuid'>{89999F75-EECB-60B9-0100-00000000C401}</Data><Data Name='ProcessId'>4</Data><Data Name='Image'>System</Data><Data Name='TargetFilename'>C:\ProgramData\Microsoft\Diagnosis\SoftLandingStage\readme.txt</Data><Data Name='CreationUtcTime'>2021-06-04 14:29:13.107</Data></EventData></Event>
/home/kali/director/projects/_corpora/attack_data/datasets/malware/conti/inf1/windows-sysmon.log:2961:<Event xmlns='http://schemas.microsoft.com/win/2004/08/events/event'><System><Provider Name='Microsoft-Windows-Sysmon' Guid='{5770385F-C22A-43E0-BF4C-06F5698FFBD9}'/><EventID>11</EventID><Version>2</Version><Level>4</Level><Task>11</Task><Opcode>0</Opcode><Keywords>0x8000000000000000</Keywords><TimeCreated SystemTime='2021-06-04T14:29:13.116078900Z'/><EventRecordID>76836</EventRecordID><Correlation/><Execution ProcessID='2964' ThreadID='3112'/><Channel>Microsoft-Windows-Sysmon/Operational</Channel><Computer>win-dc-392.attackrange.local</Computer><Security UserID='S-1-5-18'/></System><EventData><Data Name='RuleName'>-</Data><Data Name='UtcTime'>2021-06-04 14:29:13.107</Data><Data Name='ProcessGuid'>{89999F75-EECB-60B9-0100-00000000C401}</Data><Data Name='ProcessId'>4</Data><Data Name='Image'>System</Data><Data Name='TargetFilename'>C:\ProgramData\Microsoft\Diagnosis\SoftLanding\readme.txt</Data><Data Name='CreationUtcTime'>2021-06-04 14:29:13.107</Data></EventData></Event>
/home/kali/director/projects/_corpora/attack_data/datasets/malware/conti/inf1/windows-sysmon.log:2962:<Event xmlns='http://schemas.microsoft.com/win/2004/08/events/event'><System><Provider Name='Microsoft-Windows-Sysmon' Guid='{5770385F-C22A-43E0-BF4C-06F5698FFBD9}'/><EventID>11</EventID><Version>2</Version><Level>4</Level><Task>11</Task><Opcode>0</Opcode><Keywords>0x8000000000000000</Keywords><TimeCreated SystemTime='2021-06-04T14:29:13.113831800Z'/><EventRecordID>76835</EventRecordID><Correlation/><Execution ProcessID='2964' ThreadID='3112'/><Channel>Microsoft-Windows-Sysmon/Operational</Channel><Computer>win-dc-392.attackrange.local</Computer><Security UserID='S-1-5-18'/></System><EventData><Data Name='RuleName'>-</Data><Data Name='UtcTime'>2021-06-04 14:29:13.107</Data><Data Name='ProcessGuid'>{89999F75-EECB-60B9-0100-00000000C401}</Data><Data Name='ProcessId'>4</Data><Data Name='Image'>System</Data><Data Name='TargetFilename'>C:\ProgramData\Microsoft\Diagnosis\Sideload\readme.txt</Data><Data Name='CreationUtcTime'>2021-06-04 14:29:13.107</Data></EventData></Event>
/home/kali/director/projects/_corpora/attack_data/datasets/malware/conti/inf1/windows-sysmon.log:2963:<Event xmlns='http://schemas.microsoft.com/win/2004/08/events/event'><System><Provider Name='Microsoft-Windows-Sysmon' Guid='{5770385F-C22A-43E0-BF4C-06F5698FFBD9}'/><EventID>11</EventID><Version>2</Version><Level>4</Level><Task>11</Task><Opcode>0</Opcode><Keywords>0x8000000000000000</Keywords><TimeCreated SystemTime='2021-06-04T14:29:13.111346400Z'/><EventRecordID>76834</EventRecordID><Correlation/><Execution ProcessID='2964' ThreadID='3112'/><Channel>Microsoft-Windows-Sysmon/Operational</Channel><Computer>win-dc-392.attackrange.local</Computer><Security UserID='S-1-5-18'/></System><EventData><Data Name='RuleName'>-</Data><Data Name='UtcTime'>2021-06-04 14:29:13.107</Data><Data Name='ProcessGuid'>{89999F75-EECB-60B9-0100-00000000C401}</Data><Data Name='ProcessId'>4</Data><Data Name='Image'>System</Data><Data Name='TargetFilename'>C:\ProgramData\Microsoft\Diagnosis\LocalTraceStore\readme.txt</Data><Data Name='CreationUtcTime'>2021-06-04 14:29:13.107</Data></EventData></Event>
/home/kali/director/projects/_corpora/attack_data/datasets/malware/conti/inf1/windows-sysmon.log:2964:<Event xmlns='http://schemas.microsoft.com/win/2004/08/events/event'><System><Provider Name='Microsoft-Windows-Sysmon' Guid='{5770385F-C22A-43E0-BF4C-06F5698FFBD9}'/><EventID>11</EventID><Version>2</Version><Level>4</Level><Task>11</Task><Opcode>0</Opcode><Keywords>0x8000000000000000</Keywords><TimeCreated SystemTime='2021-06-04T14:29:13.108929700Z'/><EventRecordID>76833</EventRecordID><Correlation/><Execution ProcessID='2964' ThreadID='3112'/><Channel>Microsoft-Windows-Sysmon/Operational</Channel><Computer>win-dc-392.attackrange.local</Computer><Security UserID='S-1-5-18'/></System><EventData><Data Name='RuleName'>-</Data><Data Name='UtcTime'>2021-06-04 14:29:13.107</Data><Data Name='ProcessGuid'>{89999F75-EECB-60B9-0100-00000000C401}</Data><Data Name='ProcessId'>4</Data><Data Name='Image'>System</Data><Data Name='TargetFilename'>C:\ProgramData\Microsoft\Diagnosis\ETLLogs\readme.txt</Data><Data Name='CreationUtcTime'>2021-06-04 14:29:13.107</Data></EventData></Event>
/home/kali/director/projects/_corpora/attack_data/datasets/malware/conti/inf1/windows-sysmon.log:2965:<Event xmlns='http://schemas.microsoft.com/win/2004/08/events/event'><System><Provider Name='Microsoft-Windows-Sysmon' Guid='{5770385F-C22A-43E0-BF4C-06F5698FFBD9}'/><EventID>11</EventID><Version>2</Version><Level>4</Level><Task>11</Task><Opcode>0</Opcode><Keywords>0x8000000000000000</Keywords><TimeCreated SystemTime='2021-06-04T14:29:13.093066000Z'/><EventRecordID>76832</EventRecordID><Correlation/><Execution ProcessID='2964' ThreadID='3112'/><Channel>Microsoft-Windows-Sysmon/Operational</Channel><Computer>win-dc-392.attackrange.local</Computer><Security UserID='S-1-5-18'/></System><EventData><Data Name='RuleName'>-</Data><Data Name='UtcTime'>2021-06-04 14:29:13.092</Data><Data Name='ProcessGuid'>{89999F75-EECB-60B9-0100-00000000C401}</Data><Data Name='ProcessId'>4</Data><Data Name='Image'>System</Data><Data Name='TargetFilename'>C:\ProgramData\Microsoft\Diagnosis\DownloadedSettings\readme.txt</Data><Data Name='CreationUtcTime'>2021-06-04 14:29:13.092</Data></EventData></Event>
/home/kali/director/projects/_corpora/attack_data/datasets/malware/conti/inf1/windows-sysmon.log:2966:<Event xmlns='http://schemas.microsoft.com/win/2004/08/events/event'><System><Provider Name='Microsoft-Windows-Sysmon' Guid='{5770385F-C22A-43E0-BF4C-06F5698FFBD9}'/><EventID>11</EventID><Version>2</Version><Level>4</Level><Task>11</Task><Opcode>0</Opcode><Keywords>0x8000000000000000</Keywords><TimeCreated SystemTime='2021-06-04T14:29:13.090034100Z'/><EventRecordID>76831</EventRecordID><Correlation/><Execution ProcessID='2964' ThreadID='3112'/><Channel>Microsoft-Windows-Sysmon/Operational</Channel><Computer>win-dc-392.attackrange.local</Computer><Security UserID='S-1-5-18'/></System><EventData><Data Name='RuleName'>-</Data><Data Name='UtcTime'>2021-06-04 14:29:13.076</Data><Data Name='ProcessGuid'>{89999F75-EECB-60B9-0100-00000000C401}</Data><Data Name='ProcessId'>4</Data><Data Name='Image'>System</Data><Data Name='TargetFilename'>C:\ProgramData\Microsoft\Diagnosis\DownloadedScenarios\readme.txt</Data><Data Name='CreationUtcTime'>2021-06-04 14:29:13.076</Data></EventData></Event>
/home/kali/director/projects/_corpora/attack_data/datasets/malware/conti/inf1/windows-sysmon.log:2967:<Event xmlns='http://schemas.microsoft.com/win/2004/08/events/event'><System><Provider Name='Microsoft-Windows-Sysmon' Guid='{5770385F-C22A-43E0-BF4C-06F5698FFBD9}'/><EventID>11</EventID><Version>2</Version><Level>4</Level><Task>11</Task><Opcode>0</Opcode><Keywords>0x8000000000000000</Keywords><TimeCreated SystemTime='2021-06-04T14:29:13.087187000Z'/><EventRecordID>76830</EventRecordID><Correlation/><Execution ProcessID='2964' ThreadID='3112'/><Channel>Microsoft-Windows-Sysmon/Operational</Channel><Computer>win-dc-392.attackrange.local</Computer><Security UserID='S-1-5-18'/></System><EventData><Data Name='RuleName'>-</Data><Data Name='UtcTime'>2021-06-04 14:29:13.076</Data><Data Name='ProcessGuid'>{89999F75-EECB-60B9-0100-00000000C401}</Data><Data Name='ProcessId'>4</Data><Data Name='Image'>System</Data><Data Name='TargetFilename'>C:\ProgramData\Microsoft\Diagnosis\AsimovUploader\readme.txt</Data><Data Name='CreationUtcTime'>2021-06-04 14:29:13.076</Data></EventData></Event>
/home/kali/director/projects/_corpora/attack_data/datasets/malware/conti/inf1/windows-sysmon.log:2968:<Event xmlns='http://schemas.microsoft.com/win/2004/08/events/event'><System><Provider Name='Microsoft-Windows-Sysmon' Guid='{5770385F-C22A-43E0-BF4C-06F5698FFBD9}'/><EventID>11</EventID><Version>2</Version><Level>4</Level><Task>11</Task><Opcode>0</Opcode><Keywords>0x8000000000000000</Keywords><TimeCreated SystemTime='2021-06-04T14:29:13.084983800Z'/><EventRecordID>76829</EventRecordID><Correlation/><Execution ProcessID='2964' ThreadID='3112'/><Channel>Microsoft-Windows-Sysmon/Operational</Channel><Computer>win-dc-392.attackrange.local</Computer><Security UserID='S-1-5-18'/></System><EventData><Data Name='RuleName'>-</Data><Data Name='UtcTime'>2021-06-04 14:29:13.076</Data><Data Name='ProcessGuid'>{89999F75-EECB-60B9-0100-00000000C401}</Data><Data Name='ProcessId'>4</Data><Data Name='Image'>System</Data><Data Name='TargetFilename'>C:\ProgramData\Microsoft\Device Stage\Task\readme.txt</Data><Data Name='CreationUtcTime'>2021-06-04 14:29:13.076</Data></EventData></Event>
/home/kali/director/projects/_corpora/attack_data/datasets/malware/conti/inf1/windows-sysmon.log:2969:<Event xmlns='http://schemas.microsoft.com/win/2004/08/events/event'><System><Provider Name='Microsoft-Windows-Sysmon' Guid='{5770385F-C22A-43E0-BF4C-06F5698FFBD9}'/><EventID>11</EventID><Version>2</Version><Level>4</Level><Task>11</Task><Opcode>0</Opcode><Keywords>0x8000000000000000</Keywords><TimeCreated SystemTime='2021-06-04T14:29:13.082429900Z'/><EventRecordID>76828</EventRecordID><Correlation/><Execution ProcessID='2964' ThreadID='3112'/><Channel>Microsoft-Windows-Sysmon/Operational</Channel><Computer>win-dc-392.attackrange.local</Computer><Security UserID='S-1-5-18'/></System><EventData><Data Name='RuleName'>-</Data><Data Name='UtcTime'>2021-06-04 14:29:13.076</Data><Data Name='ProcessGuid'>{89999F75-EECB-60B9-0100-00000000C401}</Data><Data Name='ProcessId'>4</Data><Data Name='Image'>System</Data><Data Name='TargetFilename'>C:\ProgramData\Microsoft\Device Stage\Device\readme.txt</Data><Data Name='CreationUtcTime'>2021-06-04 14:29:13.076</Data></EventData></Event>
/home/kali/director/projects/_corpora/attack_data/datasets/malware/conti/inf1/windows-sysmon.log:2970:<Event xmlns='http://schemas.microsoft.com/win/2004/08/events/event'><System><Provider Name='Microsoft-Windows-Sysmon' Guid='{5770385F-C22A-43E0-BF4C-06F5698FFBD9}'/><EventID>11</EventID><Version>2</Version><Level>4</Level><Task>11</Task><Opcode>0</Opcode><Keywords>0x8000000000000000</Keywords><TimeCreated SystemTime='2021-06-04T14:29:13.073416800Z'/><EventRecordID>76827</EventRecordID><Correlation/><Execution ProcessID='2964' ThreadID='3112'/><Channel>Microsoft-Windows-Sysmon/Operational</Channel><Computer>win-dc-392.attackrange.local</Computer><Security UserID='S-1-5-18'/></System><EventData><Data Name='RuleName'>-</Data><Data Name='UtcTime'>2021-06-04 14:29:13.060</Data><Data Name='ProcessGuid'>{89999F75-EECB-60B9-0100-00000000C401}</Data><Data Name='ProcessId'>4</Data><Data Name='Image'>System</Data><Data Name='TargetFilename'>C:\ProgramData\Microsoft\Crypto\SystemKeys\readme.txt</Data><Data Name='CreationUtcTime'>2021-06-04 14:29:13.060</Data></EventData></Event>
/home/kali/director/projects/_corpora/attack_data/datasets/malware/conti/inf1/windows-sysmon.log:2971:<Event xmlns='http://schemas.microsoft.com/win/2004/08/events/event'><System><Provider Name='Microsoft-Windows-Sysmon' Guid='{5770385F-C22A-43E0-BF4C-06F5698FFBD9}'/><EventID>11</EventID><Version>2</Version><Level>4</Level><Task>11</Task><Opcode>0</Opcode><Keywords>0x8000000000000000</Keywords><TimeCreated SystemTime='2021-06-04T14:29:13.071236100Z'/><EventRecordID>76826</EventRecordID><Correlation/><Execution ProcessID='2964' ThreadID='3112'/><Channel>Microsoft-Windows-Sysmon/Operational</Channel><Computer>win-dc-392.attackrange.local</Computer><Security UserID='S-1-5-18'/></System><EventData><Data Name='RuleName'>-</Data><Data Name='UtcTime'>2021-06-04 14:29:13.060</Data><Data Name='ProcessGuid'>{89999F75-EECB-60B9-0100-00000000C401}</Data><Data Name='ProcessId'>4</Data><Data Name='Image'>System</Data><Data Name='TargetFilename'>C:\ProgramData\Microsoft\Crypto\RSA\readme.txt</Data><Data Name='CreationUtcTime'>2021-06-04 14:29:13.060</Data></EventData></Event>
/home/kali/director/projects/_corpora/attack_data/datasets/malware/conti/inf1/windows-sysmon.log:2972:<Event xmlns='http://schemas.microsoft.com/win/2004/08/events/event'><System><Provider Name='Microsoft-Windows-Sysmon' Guid='{5770385F-C22A-43E0-BF4C-06F5698FFBD9}'/><EventID>11</EventID><Version>2</Version><Level>4</Level><Task>11</Task><Opcode>0</Opcode><Keywords>0x8000000000000000</Keywords><TimeCreated SystemTime='2021-06-04T14:29:13.069067700Z'/><EventRecordID>76825</EventRecordID><Correlation/><Execution ProcessID='2964' ThreadID='3112'/><Channel>Microsoft-Windows-Sysmon/Operational</Channel><Computer>win-dc-392.attackrange.local</Computer><Security UserID='S-1-5-18'/></System><EventData><Data Name='RuleName'>-</Data><Data Name='UtcTime'>2021-06-04 14:29:13.060</Data><Data Name='ProcessGuid'>{89999F75-EECB-60B9-0100-00000000C401}</Data><Data Name='ProcessId'>4</Data><Data Name='Image'>System</Data><Data Name='TargetFilename'>C:\ProgramData\Microsoft\Crypto\PCPKSP\readme.txt</Data><Data Name='CreationUtcTime'>2021-06-04 14:29:13.060</Data></EventData></Event>
/home/kali/director/projects/_corpora/attack_data/datasets/malware/conti/inf1/windows-sysmon.log:2973:<Event xmlns='http://schemas.microsoft.com/win/2004/08/events/event'><System><Provider Name='Microsoft-Windows-Sysmon' Guid='{5770385F-C22A-43E0-BF4C-06F5698FFBD9}'/><EventID>11</EventID><Version>2</Version><Level>4</Level><Task>11</Task><Opcode>0</Opcode><Keywords>0x8000000000000000</Keywords><TimeCreated SystemTime='2021-06-04T14:29:13.061229200Z'/><EventRecordID>76824</EventRecordID><Correlation/><Execution ProcessID='2964' ThreadID='3112'/><Channel>Microsoft-Windows-Sysmon/Operational</Channel><Computer>win-dc-392.attackrange.local</Computer><Security UserID='S-1-5-18'/></System><EventData><Data Name='RuleName'>-</Data><Data Name='UtcTime'>2021-06-04 14:29:13.060</Data><Data Name='ProcessGuid'>{89999F75-EECB-60B9-0100-00000000C401}</Data><Data Name='ProcessId'>4</Data><Data Name='Image'>System</Data><Data Name='TargetFilename'>C:\ProgramData\Microsoft\Crypto\OIDInfo\readme.txt</Data><Data Name='CreationUtcTime'>2021-06-04 14:29:13.060</Data></EventData></Event>
/home/kali/director/projects/_corpora/attack_data/datasets/malware/conti/inf1/windows-sysmon.log:2974:<Event xmlns='http://schemas.microsoft.com/win/2004/08/events/event'><System><Provider Name='Microsoft-Windows-Sysmon' Guid='{5770385F-C22A-43E0-BF4C-06F5698FFBD9}'/><EventID>11</EventID><Version>2</Version><Level>4</Level><Task>11</Task><Opcode>0</Opcode><Keywords>0x8000000000000000</Keywords><TimeCreated SystemTime='2021-06-04T14:29:13.059173700Z'/><EventRecordID>76823</EventRecordID><Correlation/><Execution ProcessID='2964' ThreadID='3112'/><Channel>Microsoft-Windows-Sysmon/Operational</Channel><Computer>win-dc-392.attackrange.local</Computer><Security UserID='S-1-5-18'/></System><EventData><Data Name='RuleName'>-</Data><Data Name='UtcTime'>2021-06-04 14:29:13.045</Data><Data Name='ProcessGuid'>{89999F75-EECB-60B9-0100-00000000C401}</Data><Data Name='ProcessId'>4</Data><Data Name='Image'>System</Data><Data Name='TargetFilename'>C:\ProgramData\Microsoft\Crypto\Keys\readme.txt</Data><Data Name='CreationUtcTime'>2021-06-04 14:29:13.045</Data></EventData></Event>
/home/kali/director/projects/_corpora/attack_data/datasets/malware/conti/inf1/windows-sysmon.log:2975:<Event xmlns='http://schemas.microsoft.com/win/2004/08/events/event'><System><Provider Name='Microsoft-Windows-Sysmon' Guid='{5770385F-C22A-43E0-BF4C-06F5698FFBD9}'/><EventID>11</EventID><Version>2</Version><Level>4</Level><Task>11</Task><Opcode>0</Opcode><Keywords>0x8000000000000000</Keywords><TimeCreated SystemTime='2021-06-04T14:29:13.057029100Z'/><EventRecordID>76822</EventRecordID><Correlation/><Execution ProcessID='2964' ThreadID='3112'/><Channel>Microsoft-Windows-Sysmon/Operational</Channel><Computer>win-dc-392.attackrange.local</Computer><Security UserID='S-1-5-18'/></System><EventData><Data Name='RuleName'>-</Data><Data Name='UtcTime'>2021-06-04 14:29:13.045</Data><Data Name='ProcessGuid'>{89999F75-EECB-60B9-0100-00000000C401}</Data><Data Name='ProcessId'>4</Data><Data Name='Image'>System</Data><Data Name='TargetFilename'>C:\ProgramData\Microsoft\Crypto\DSS\readme.txt</Data><Data Name='CreationUtcTime'>2021-06-04 14:29:13.045</Data></EventData></Event>
/home/kali/director/projects/_corpora/attack_data/datasets/malware/conti/inf1/windows-sysmon.log:2976:<Event xmlns='http://schemas.microsoft.com/win/2004/08/events/event'><System><Provider Name='Microsoft-Windows-Sysmon' Guid='{5770385F-C22A-43E0-BF4C-06F5698FFBD9}'/><EventID>11</EventID><Version>2</Version><Level>4</Level><Task>11</Task><Opcode>0</Opcode><Keywords>0x8000000000000000</Keywords><TimeCreated SystemTime='2021-06-04T14:29:13.049551000Z'/><EventRecordID>76821</EventRecordID><Correlation/><Execution ProcessID='2964' ThreadID='3112'/><Channel>Microsoft-Windows-Sysmon/Operational</Channel><Computer>win-dc-392.attackrange.local</Computer><Security UserID='S-1-5-18'/></System><EventData><Data Name='RuleName'>-</Data><Data Name='UtcTime'>2021-06-04 14:29:13.045</Data><Data Name='ProcessGuid'>{89999F75-EECB-60B9-0100-00000000C401}</Data><Data Name='ProcessId'>4</Data><Data Name='Image'>System</Data><Data Name='TargetFilename'>C:\ProgramData\Microsoft\AppV\Setup\readme.txt</Data><Data Name='CreationUtcTime'>2021-06-04 14:29:13.045</Data></EventData></Event>
/home/kali/director/projects/_corpora/attack_data/datasets/malware/conti/inf1/windows-sysmon.log:2977:<Event xmlns='http://schemas.microsoft.com/win/2004/08/events/event'><System><Provider Name='Microsoft-Windows-Sysmon' Guid='{5770385F-C22A-43E0-BF4C-06F5698FFBD9}'/><EventID>11</EventID><Version>2</Version><Level>4</Level><Task>11</Task><Opcode>0</Opcode><Keywords>0x8000000000000000</Keywords><TimeCreated SystemTime='2021-06-04T14:29:14.950574400Z'/><EventRecordID>76876</EventRecordID><Correlation/><Execution ProcessID='2964' ThreadID='3112'/><Channel>Microsoft-Windows-Sysmon/Operational</Channel><Computer>win-dc-392.attackrange.local</Computer><Security UserID='S-1-5-18'/></System><EventData><Data Name='RuleName'>-</Data><Data Name='UtcTime'>2021-06-04 14:29:14.938</Data><Data Name='ProcessGuid'>{89999F75-EECB-60B9-0100-00000000C401}</Data><Data Name='ProcessId'>4</Data><Data Name='Image'>System</Data><Data Name='TargetFilename'>C:\Program Files\Amazon\XenTools\.Symbols\xenvif\readme.txt</Data><Data Name='CreationUtcTime'>2021-06-04 14:29:14.938</Data></EventData></Event>
/home/kali/director/projects/_corpora/attack_data/datasets/malware/conti/inf1/windows-sysmon.log:3016:<Event xmlns='http://schemas.microsoft.com/win/2004/08/events/event'><System><Provider Name='Microsoft-Windows-Sysmon' Guid='{5770385F-C22A-43E0-BF4C-06F5698FFBD9}'/><EventID>11</EventID><Version>2</Version><Level>4</Level><Task>11</Task><Opcode>0</Opcode><Keywords>0x8000000000000000</Keywords><TimeCreated SystemTime='2021-06-04T14:29:14.677154500Z'/><EventRecordID>76872</EventRecordID><Correlation/><Execution ProcessID='2964' ThreadID='3112'/><Channel>Microsoft-Windows-Sysmon/Operational</Channel><Computer>win-dc-392.attackrange.local</Computer><Security UserID='S-1-5-18'/></System><EventData><Data Name='RuleName'>-</Data><Data Name='UtcTime'>2021-06-04 14:29:14.672</Data><Data Name='ProcessGuid'>{89999F75-EECB-60B9-0100-00000000C401}</Data><Data Name='ProcessId'>4</Data><Data Name='Image'>System</Data><Data Name='TargetFilename'>C:\Program Files\Amazon\XenTools\.Symbols\xenvbd\readme.txt</Data><Data Name='CreationUtcTime'>2021-06-04 14:29:14.672</Data></EventData></Event>
/home/kali/director/projects/_corpora/attack_data/datasets/malware/conti/inf1/windows-sysmon.log:3017:<Event xmlns='http://schemas.microsoft.com/win/2004/08/events/event'><System><Provider Name='Microsoft-Windows-Sysmon' Guid='{5770385F-C22A-43E0-BF4C-06F5698FFBD9}'/><EventID>11</EventID><Version>2</Version><Level>4</Level><Task>11</Task><Opcode>0</Opcode><Keywords>0x8000000000000000</Keywords><TimeCreated SystemTime='2021-06-04T14:29:14.618119300Z'/><EventRecordID>76871</EventRecordID><Correlation/><Execution ProcessID='2964' ThreadID='3112'/><Channel>Microsoft-Windows-Sysmon/Operational</Channel><Computer>win-dc-392.attackrange.local</Computer><Security UserID='S-1-5-18'/></System><EventData><Data Name='RuleName'>-</Data><Data Name='UtcTime'>2021-06-04 14:29:14.610</Data><Data Name='ProcessGuid'>{89999F75-EECB-60B9-0100-00000000C401}</Data><Data Name='ProcessId'>4</Data><Data Name='Image'>System</Data><Data Name='TargetFilename'>C:\Program Files\Amazon\XenTools\.Symbols\xennet\readme.txt</Data><Data Name='CreationUtcTime'>2021-06-04 14:29:14.610</Data></EventData></Event>
/home/kali/director/projects/_corpora/attack_data/datasets/malware/conti/inf1/windows-sysmon.log:3018:<Event xmlns='http://schemas.microsoft.com/win/2004/08/events/event'><System><Provider Name='Microsoft-Windows-Sysmon' Guid='{5770385F-C22A-43E0-BF4C-06F5698FFBD9}'/><EventID>11</EventID><Version>2</Version><Level>4</Level><Task>11</Task><Opcode>0</Opcode><Keywords>0x8000000000000000</Keywords><TimeCreated SystemTime='2021-06-04T14:29:14.252298000Z'/><EventRecordID>76870</EventRecordID><Correlation/><Execution ProcessID='2964' ThreadID='3112'/><Channel>Microsoft-Windows-Sysmon/Operational</Channel><Computer>win-dc-392.attackrange.local</Computer><Security UserID='S-1-5-18'/></System><EventData><Data Name='RuleName'>-</Data><Data Name='UtcTime'>2021-06-04 14:29:14.250</Data><Data Name='ProcessGuid'>{89999F75-EECB-60B9-0100-00000000C401}</Data><Data Name='ProcessId'>4</Data><Data Name='Image'>System</Data><Data Name='TargetFilename'>C:\Program Files\Amazon\XenTools\.Symbols\xeniface\readme.txt</Data><Data Name='CreationUtcTime'>2021-06-04 14:29:14.250</Data></EventData></Event>
/home/kali/director/projects/_corpora/attack_data/datasets/malware/conti/inf1/windows-sysmon.log:3020:<Event xmlns='http://schemas.microsoft.com/win/2004/08/events/event'><System><Provider Name='Microsoft-Windows-Sysmon' Guid='{5770385F-C22A-43E0-BF4C-06F5698FFBD9}'/><EventID>11</EventID><Version>2</Version><Level>4</Level><Task>11</Task><Opcode>0</Opcode><Keywords>0x8000000000000000</Keywords><TimeCreated SystemTime='2021-06-04T14:29:14.033960100Z'/><EventRecordID>76868</EventRecordID><Correlation/><Execution ProcessID='2964' ThreadID='3112'/><Channel>Microsoft-Windows-Sysmon/Operational</Channel><Computer>win-dc-392.attackrange.local</Computer><Security UserID='S-1-5-18'/></System><EventData><Data Name='RuleName'>-</Data><Data Name='UtcTime'>2021-06-04 14:29:14.031</Data><Data Name='ProcessGuid'>{89999F75-EECB-60B9-0100-00000000C401}</Data><Data Name='ProcessId'>4</Data><Data Name='Image'>System</Data><Data Name='TargetFilename'>C:\Program Files\Amazon\XenTools\.Symbols\xenbus\readme.txt</Data><Data Name='CreationUtcTime'>2021-06-04 14:29:14.031</Data></EventData></Event>
/home/kali/director/projects/_corpora/attack_data/datasets/malware/conti/inf1/windows-sysmon.log:3021:<Event xmlns='http://schemas.microsoft.com/win/2004/08/events/event'><System><Provider Name='Microsoft-Windows-Sysmon' Guid='{5770385F-C22A-43E0-BF4C-06F5698FFBD9}'/><EventID>11</EventID><Version>2</Version><Level>4</Level><Task>11</Task><Opcode>0</Opcode><Keywords>0x8000000000000000</Keywords><TimeCreated SystemTime='2021-06-04T14:29:14.016701700Z'/><EventRecordID>76867</EventRecordID><Correlation/><Execution ProcessID='2964' ThreadID='3112'/><Channel>Microsoft-Windows-Sysmon/Operational</Channel><Computer>win-dc-392.attackrange.local</Computer><Security UserID='S-1-5-18'/></System><EventData><Data Name='RuleName'>-</Data><Data Name='UtcTime'>2021-06-04 14:29:14.016</Data><Data Name='ProcessGuid'>{89999F75-EECB-60B9-0100-00000000C401}</Data><Data Name='ProcessId'>4</Data><Data Name='Image'>System</Data><Data Name='TargetFilename'>C:\Program Files\Amazon\XenTools\.Drivers\xenvif\readme.txt</Data><Data Name='CreationUtcTime'>2021-06-04 14:29:14.016</Data></EventData></Event>
/home/kali/director/projects/_corpora/attack_data/datasets/malware/conti/inf1/windows-sysmon.log:3023:<Event xmlns='http://schemas.microsoft.com/win/2004/08/events/event'><System><Provider Name='Microsoft-Windows-Sysmon' Guid='{5770385F-C22A-43E0-BF4C-06F5698FFBD9}'/><EventID>11</EventID><Version>2</Version><Level>4</Level><Task>11</Task><Opcode>0</Opcode><Keywords>0x8000000000000000</Keywords><TimeCreated SystemTime='2021-06-04T14:29:15.998277000Z'/><EventRecordID>76917</EventRecordID><Correlation/><Execution ProcessID='2964' ThreadID='3112'/><Channel>Microsoft-Windows-Sysmon/Operational</Channel><Computer>win-dc-392.attackrange.local</Computer><Security UserID='S-1-5-18'/></System><EventData><Data Name='RuleName'>-</Data><Data Name='UtcTime'>2021-06-04 14:29:15.985</Data><Data Name='ProcessGuid'>{89999F75-EECB-60B9-0100-00000000C401}</Data><Data Name='ProcessId'>4</Data><Data Name='Image'>System</Data><Data Name='TargetFilename'>C:\Program Files\Common Files\microsoft shared\ink\pt-BR\readme.txt</Data><Data Name='CreationUtcTime'>2021-06-04 14:29:15.985</Data></EventData></Event>
/home/kali/director/projects/_corpora/attack_data/datasets/malware/conti/inf1/windows-sysmon.log:3024:<Event xmlns='http://schemas.microsoft.com/win/2004/08/events/event'><System><Provider Name='Microsoft-Windows-Sysmon' Guid='{5770385F-C22A-43E0-BF4C-06F5698FFBD9}'/><EventID>11</EventID><Version>2</Version><Level>4</Level><Task>11</Task><Opcode>0</Opcode><Keywords>0x8000000000000000</Keywords><TimeCreated SystemTime='2021-06-04T14:29:15.994596800Z'/><EventRecordID>76916</EventRecordID><Correlation/><Execution ProcessID='2964' ThreadID='3112'/><Channel>Microsoft-Windows-Sysmon/Operational</Channel><Computer>win-dc-392.attackrange.local</Computer><Security UserID='S-1-5-18'/></System><EventData><Data Name='RuleName'>-</Data><Data Name='UtcTime'>2021-06-04 14:29:15.985</Data><Data Name='ProcessGuid'>{89999F75-EECB-60B9-0100-00000000C401}</Data><Data Name='ProcessId'>4</Data><Data Name='Image'>System</Data><Data Name='TargetFilename'>C:\Program Files\Common Files\microsoft shared\ink\pl-PL\readme.txt</Data><Data Name='CreationUtcTime'>2021-06-04 14:29:15.985</Data></EventData></Event>
/home/kali/director/projects/_corpora/attack_data/datasets/malware/conti/inf1/windows-sysmon.log:3025:<Event xmlns='http://schemas.microsoft.com/win/2004/08/events/event'><System><Provider Name='Microsoft-Windows-Sysmon' Guid='{5770385F-C22A-43E0-BF4C-06F5698FFBD9}'/><EventID>11</EventID><Version>2</Version><Level>4</Level><Task>11</Task><Opcode>0</Opcode><Keywords>0x8000000000000000</Keywords><TimeCreated SystemTime='2021-06-04T14:29:15.992462800Z'/><EventRecordID>76915</EventRecordID><Correlation/><Execution ProcessID='2964' ThreadID='3112'/><Channel>Microsoft-Windows-Sysmon/Operational</Channel><Computer>win-dc-392.attackrange.local</Computer><Security UserID='S-1-5-18'/></System><EventData><Data Name='RuleName'>-</Data><Data Name='UtcTime'>2021-06-04 14:29:15.985</Data><Data Name='ProcessGuid'>{89999F75-EECB-60B9-0100-00000000C401}</Data><Data Name='ProcessId'>4</Data><Data Name='Image'>System</Data><Data Name='TargetFilename'>C:\Program Files\Common Files\microsoft shared\ink\nl-NL\readme.txt</Data><Data Name='CreationUtcTime'>2021-06-04 14:29:15.985</Data></EventData></Event>
/home/kali/director/projects/_corpora/attack_data/datasets/malware/conti/inf1/windows-sysmon.log:3026:<Event xmlns='http://schemas.microsoft.com/win/2004/08/events/event'><System><Provider Name='Microsoft-Windows-Sysmon' Guid='{5770385F-C22A-43E0-BF4C-06F5698FFBD9}'/><EventID>11</EventID><Version>2</Version><Level>4</Level><Task>11</Task><Opcode>0</Opcode><Keywords>0x8000000000000000</Keywords><TimeCreated SystemTime='2021-06-04T14:29:15.990563900Z'/><EventRecordID>76914</EventRecordID><Correlation/><Execution ProcessID='2964' ThreadID='3112'/><Channel>Microsoft-Windows-Sysmon/Operational</Channel><Computer>win-dc-392.attackrange.local</Computer><Security UserID='S-1-5-18'/></System><EventData><Data Name='RuleName'>-</Data><Data Name='UtcTime'>2021-06-04 14:29:15.985</Data><Data Name='ProcessGuid'>{89999F75-EECB-60B9-0100-00000000C401}</Data><Data Name='ProcessId'>4</Data><Data Name='Image'>System</Data><Data Name='TargetFilename'>C:\Program Files\Common Files\microsoft shared\ink\nb-NO\readme.txt</Data><Data Name='CreationUtcTime'>2021-06-04 14:29:15.985</Data></EventData></Event>
/home/kali/director/projects/_corpora/attack_data/datasets/malware/conti/inf1/windows-sysmon.log:3027:<Event xmlns='http://schemas.microsoft.com/win/2004/08/events/event'><System><Provider Name='Microsoft-Windows-Sysmon' Guid='{5770385F-C22A-43E0-BF4C-06F5698FFBD9}'/><EventID>11</EventID><Version>2</Version><Level>4</Level><Task>11</Task><Opcode>0</Opcode><Keywords>0x8000000000000000</Keywords><TimeCreated SystemTime='2021-06-04T14:29:15.988562600Z'/><EventRecordID>76913</EventRecordID><Correlation/><Execution ProcessID='2964' ThreadID='3112'/><Channel>Microsoft-Windows-Sysmon/Operational</Channel><Computer>win-dc-392.attackrange.local</Computer><Security UserID='S-1-5-18'/></System><EventData><Data Name='RuleName'>-</Data><Data Name='UtcTime'>2021-06-04 14:29:15.985</Data><Data Name='ProcessGuid'>{89999F75-EECB-60B9-0100-00000000C401}</Data><Data Name='ProcessId'>4</Data><Data Name='Image'>System</Data><Data Name='TargetFilename'>C:\Program Files\Common Files\microsoft shared\ink\lv-LV\readme.txt</Data><Data Name='CreationUtcTime'>2021-06-04 14:29:15.985</Data></EventData></Event>
/home/kali/director/projects/_corpora/attack_data/datasets/malware/conti/inf1/windows-sysmon.log:3028:<Event xmlns='http://schemas.microsoft.com/win/2004/08/events/event'><System><Provider Name='Microsoft-Windows-Sysmon' Guid='{5770385F-C22A-43E0-BF4C-06F5698FFBD9}'/><EventID>11</EventID><Version>2</Version><Level>4</Level><Task>11</Task><Opcode>0</Opcode><Keywords>0x8000000000000000</Keywords><TimeCreated SystemTime='2021-06-04T14:29:15.985778100Z'/><EventRecordID>76912</EventRecordID><Correlation/><Execution ProcessID='2964' ThreadID='3112'/><Channel>Microsoft-Windows-Sysmon/Operational</Channel><Computer>win-dc-392.attackrange.local</Computer><Security UserID='S-1-5-18'/></System><EventData><Data Name='RuleName'>-</Data><Data Name='UtcTime'>2021-06-04 14:29:15.985</Data><Data Name='ProcessGuid'>{89999F75-EECB-60B9-0100-00000000C401}</Data><Data Name='ProcessId'>4</Data><Data Name='Image'>System</Data><Data Name='TargetFilename'>C:\Program Files\Common Files\microsoft shared\ink\lt-LT\readme.txt</Data><Data Name='CreationUtcTime'>2021-06-04 14:29:15.985</Data></EventData></Event>
/home/kali/director/projects/_corpora/attack_data/datasets/malware/conti/inf1/windows-sysmon.log:3029:<Event xmlns='http://schemas.microsoft.com/win/2004/08/events/event'><System><Provider Name='Microsoft-Windows-Sysmon' Guid='{5770385F-C22A-43E0-BF4C-06F5698FFBD9}'/><EventID>11</EventID><Version>2</Version><Level>4</Level><Task>11</Task><Opcode>0</Opcode><Keywords>0x8000000000000000</Keywords><TimeCreated SystemTime='2021-06-04T14:29:15.978569600Z'/><EventRecordID>76911</EventRecordID><Correlation/><Execution ProcessID='2964' ThreadID='3112'/><Channel>Microsoft-Windows-Sysmon/Operational</Channel><Computer>win-dc-392.attackrange.local</Computer><Security UserID='S-1-5-18'/></System><EventData><Data Name='RuleName'>-</Data><Data Name='UtcTime'>2021-06-04 14:29:15.969</Data><Data Name='ProcessGuid'>{89999F75-EECB-60B9-0100-00000000C401}</Data><Data Name='ProcessId'>4</Data><Data Name='Image'>System</Data><Data Name='TargetFilename'>C:\Program Files\Common Files\microsoft shared\ink\LanguageModel\readme.txt</Data><Data Name='CreationUtcTime'>2021-06-04 14:29:15.969</Data></EventData></Event>
/home/kali/director/projects/_corpora/attack_data/datasets/malware/conti/inf1/windows-sysmon.log:3030:<Event xmlns='http://schemas.microsoft.com/win/2004/08/events/event'><System><Provider Name='Microsoft-Windows-Sysmon' Guid='{5770385F-C22A-43E0-BF4C-06F5698FFBD9}'/><EventID>11</EventID><Version>2</Version><Level>4</Level><Task>11</Task><Opcode>0</Opcode><Keywords>0x8000000000000000</Keywords><TimeCreated SystemTime='2021-06-04T14:29:15.976667800Z'/><EventRecordID>76910</EventRecordID><Correlation/><Execution ProcessID='2964' ThreadID='3112'/><Channel>Microsoft-Windows-Sysmon/Operational</Channel><Computer>win-dc-392.attackrange.local</Computer><Security UserID='S-1-5-18'/></System><EventData><Data Name='RuleName'>-</Data><Data Name='UtcTime'>2021-06-04 14:29:15.969</Data><Data Name='ProcessGuid'>{89999F75-EECB-60B9-0100-00000000C401}</Data><Data Name='ProcessId'>4</Data><Data Name='Image'>System</Data><Data Name='TargetFilename'>C:\Program Files\Common Files\microsoft shared\ink\ko-KR\readme.txt</Data><Data Name='CreationUtcTime'>2021-06-04 14:29:15.969</Data></EventData></Event>
/home/kali/director/projects/_corpora/attack_data/datasets/malware/conti/inf1/windows-sysmon.log:3031:<Event xmlns='http://schemas.microsoft.com/win/2004/08/events/event'><System><Provider Name='Microsoft-Windows-Sysmon' Guid='{5770385F-C22A-43E0-BF4C-06F5698FFBD9}'/><EventID>11</EventID><Version>2</Version><Level>4</Level><Task>11</Task><Opcode>0</Opcode><Keywords>0x8000000000000000</Keywords><TimeCreated SystemTime='2021-06-04T14:29:15.974430200Z'/><EventRecordID>76909</EventRecordID><Correlation/><Execution ProcessID='2964' ThreadID='3112'/><Channel>Microsoft-Windows-Sysmon/Operational</Channel><Computer>win-dc-392.attackrange.local</Computer><Security UserID='S-1-5-18'/></System><EventData><Data Name='RuleName'>-</Data><Data Name='UtcTime'>2021-06-04 14:29:15.969</Data><Data Name='ProcessGuid'>{89999F75-EECB-60B9-0100-00000000C401}</Data><Data Name='ProcessId'>4</Data><Data Name='Image'>System</Data><Data Name='TargetFilename'>C:\Program Files\Common Files\microsoft shared\ink\ja-JP\readme.txt</Data><Data Name='CreationUtcTime'>2021-06-04 14:29:15.969</Data></EventData></Event>
