# family=conti technique=T1486 (Data Encrypted for Impact)
# patterns (each run as its own 'grep -inE', matches unioned): ['TargetFilename.*readme', 'TargetFilename.*ransom', 'TargetFilename.*decrypt', 'TargetFilename.*\\.locked', 'TargetFilename.*\\.lockbit']
# files searched: ['/home/kali/director/projects/_corpora/attack_data/datasets/malware/conti/conti-cobalt/windows-security.log', '/home/kali/director/projects/_corpora/attack_data/datasets/malware/conti/conti-cobalt/windows-sysmon.log', '/home/kali/director/projects/_corpora/attack_data/datasets/malware/conti/conti_leak/windows-powershell.log', '/home/kali/director/projects/_corpora/attack_data/datasets/malware/conti/conti_leak/windows-security.log', '/home/kali/director/projects/_corpora/attack_data/datasets/malware/conti/conti_leak/windows-sysmon.log', '/home/kali/director/projects/_corpora/attack_data/datasets/malware/conti/conti_leak/windows-sysmon_7z.log', '/home/kali/director/projects/_corpora/attack_data/datasets/malware/conti/inf1/windows-sysmon.log']
# matched lines (after noise exclusion): 975
# lines dropped by NOISE_EXCLUDE_PATTERN (Aurora-Agent|sigma-rules|\.yml\.tmp): 0
#
/home/kali/director/projects/_corpora/attack_data/datasets/malware/conti/conti-cobalt/windows-sysmon.log:16813:<Event xmlns='http://schemas.microsoft.com/win/2004/08/events/event'><System><Provider Name='Microsoft-Windows-Sysmon' Guid='{5770385F-C22A-43E0-BF4C-06F5698FFBD9}'/><EventID>15</EventID><Version>2</Version><Level>4</Level><Task>15</Task><Opcode>0</Opcode><Keywords>0x8000000000000000</Keywords><TimeCreated SystemTime='2021-08-09T18:27:37.996323500Z'/><EventRecordID>25204162</EventRecordID><Correlation/><Execution ProcessID='1224' ThreadID='3140'/><Channel>Microsoft-Windows-Sysmon/Operational</Channel><Computer>win-dc-58.attackrange.local</Computer><Security UserID='S-1-5-18'/></System><EventData><Data Name='RuleName'>-</Data><Data Name='UtcTime'>2021-08-09 18:27:37.995</Data><Data Name='ProcessGuid'>{C2350C16-2A01-6111-17D3-04000000CF01}</Data><Data Name='ProcessId'>3780</Data><Data Name='Image'>C:\Windows\explorer.exe</Data><Data Name='TargetFilename'>C:\Users\Administrator\Downloads\Veil-PowerView-master\Veil-PowerView-master\PowerView\README.md:Zone.Identifier</Data><Data Name='CreationUtcTime'>2015-03-18 13:48:42.000</Data><Data Name='Hash'>MD5=FBCCF14D504B7B2DBCB5A5BDA75BD93B,SHA256=EACD09517CE90D34BA562171D15AC40D302F0E691B439F91BE1B6406E25F5913</Data><Data Name='Contents'>[ZoneTransfer]  ZoneId=3  </Data></EventData></Event>
/home/kali/director/projects/_corpora/attack_data/datasets/malware/conti/conti-cobalt/windows-sysmon.log:16814:<Event xmlns='http://schemas.microsoft.com/win/2004/08/events/event'><System><Provider Name='Microsoft-Windows-Sysmon' Guid='{5770385F-C22A-43E0-BF4C-06F5698FFBD9}'/><EventID>11</EventID><Version>2</Version><Level>4</Level><Task>11</Task><Opcode>0</Opcode><Keywords>0x8000000000000000</Keywords><TimeCreated SystemTime='2021-08-09T18:27:37.996206000Z'/><EventRecordID>25204161</EventRecordID><Correlation/><Execution ProcessID='1224' ThreadID='3140'/><Channel>Microsoft-Windows-Sysmon/Operational</Channel><Computer>win-dc-58.attackrange.local</Computer><Security UserID='S-1-5-18'/></System><EventData><Data Name='RuleName'>-</Data><Data Name='UtcTime'>2021-08-09 18:27:37.995</Data><Data Name='ProcessGuid'>{C2350C16-2A01-6111-17D3-04000000CF01}</Data><Data Name='ProcessId'>3780</Data><Data Name='Image'>C:\Windows\explorer.exe</Data><Data Name='TargetFilename'>C:\Users\Administrator\Downloads\Veil-PowerView-master\Veil-PowerView-master\PowerView\README.md:Zone.Identifier</Data><Data Name='CreationUtcTime'>2015-03-18 13:48:42.000</Data></EventData></Event>
/home/kali/director/projects/_corpora/attack_data/datasets/malware/conti/conti-cobalt/windows-sysmon.log:16815:<Event xmlns='http://schemas.microsoft.com/win/2004/08/events/event'><System><Provider Name='Microsoft-Windows-Sysmon' Guid='{5770385F-C22A-43E0-BF4C-06F5698FFBD9}'/><EventID>15</EventID><Version>2</Version><Level>4</Level><Task>15</Task><Opcode>0</Opcode><Keywords>0x8000000000000000</Keywords><TimeCreated SystemTime='2021-08-09T18:27:37.995970000Z'/><EventRecordID>25204160</EventRecordID><Correlation/><Execution ProcessID='1224' ThreadID='3140'/><Channel>Microsoft-Windows-Sysmon/Operational</Channel><Computer>win-dc-58.attackrange.local</Computer><Security UserID='S-1-5-18'/></System><EventData><Data Name='RuleName'>-</Data><Data Name='UtcTime'>2021-08-09 18:27:37.995</Data><Data Name='ProcessGuid'>{C2350C16-2A01-6111-17D3-04000000CF01}</Data><Data Name='ProcessId'>3780</Data><Data Name='Image'>C:\Windows\explorer.exe</Data><Data Name='TargetFilename'>C:\Users\Administrator\Downloads\Veil-PowerView-master\Veil-PowerView-master\PowerView\README.md</Data><Data Name='CreationUtcTime'>2015-03-18 13:48:42.000</Data><Data Name='Hash'>MD5=DD28A06FBA17176FD3B5B6A24C10C5BE,SHA256=674E84EC4116E6E89B4D18E01C21F30C226033483942A9C196BBCA22FC05CE2E</Data><Data Name='Contents'>-</Data></EventData></Event>
/home/kali/director/projects/_corpora/attack_data/datasets/malware/conti/conti-cobalt/windows-sysmon.log:16816:<Event xmlns='http://schemas.microsoft.com/win/2004/08/events/event'><System><Provider Name='Microsoft-Windows-Sysmon' Guid='{5770385F-C22A-43E0-BF4C-06F5698FFBD9}'/><EventID>2</EventID><Version>5</Version><Level>4</Level><Task>2</Task><Opcode>0</Opcode><Keywords>0x8000000000000000</Keywords><TimeCreated SystemTime='2021-08-09T18:27:37.993590700Z'/><EventRecordID>25204159</EventRecordID><Correlation/><Execution ProcessID='1224' ThreadID='3140'/><Channel>Microsoft-Windows-Sysmon/Operational</Channel><Computer>win-dc-58.attackrange.local</Computer><Security UserID='S-1-5-18'/></System><EventData><Data Name='RuleName'>-</Data><Data Name='UtcTime'>2021-08-09 18:27:37.993</Data><Data Name='ProcessGuid'>{C2350C16-2A01-6111-17D3-04000000CF01}</Data><Data Name='ProcessId'>3780</Data><Data Name='Image'>C:\Windows\explorer.exe</Data><Data Name='TargetFilename'>C:\Users\Administrator\Downloads\Veil-PowerView-master\Veil-PowerView-master\PowerView\README.md</Data><Data Name='CreationUtcTime'>2015-03-18 13:48:42.000</Data><Data Name='PreviousCreationUtcTime'>2021-08-09 18:27:37.992</Data></EventData></Event>
/home/kali/director/projects/_corpora/attack_data/datasets/malware/conti/conti-cobalt/windows-sysmon.log:16817:<Event xmlns='http://schemas.microsoft.com/win/2004/08/events/event'><System><Provider Name='Microsoft-Windows-Sysmon' Guid='{5770385F-C22A-43E0-BF4C-06F5698FFBD9}'/><EventID>11</EventID><Version>2</Version><Level>4</Level><Task>11</Task><Opcode>0</Opcode><Keywords>0x8000000000000000</Keywords><TimeCreated SystemTime='2021-08-09T18:27:37.993080700Z'/><EventRecordID>25204158</EventRecordID><Correlation/><Execution ProcessID='1224' ThreadID='3140'/><Channel>Microsoft-Windows-Sysmon/Operational</Channel><Computer>win-dc-58.attackrange.local</Computer><Security UserID='S-1-5-18'/></System><EventData><Data Name='RuleName'>-</Data><Data Name='UtcTime'>2021-08-09 18:27:37.992</Data><Data Name='ProcessGuid'>{C2350C16-2A01-6111-17D3-04000000CF01}</Data><Data Name='ProcessId'>3780</Data><Data Name='Image'>C:\Windows\explorer.exe</Data><Data Name='TargetFilename'>C:\Users\Administrator\Downloads\Veil-PowerView-master\Veil-PowerView-master\PowerView\README.md</Data><Data Name='CreationUtcTime'>2021-08-09 18:27:37.992</Data></EventData></Event>
/home/kali/director/projects/_corpora/attack_data/datasets/malware/conti/conti-cobalt/windows-sysmon.log:16824:<Event xmlns='http://schemas.microsoft.com/win/2004/08/events/event'><System><Provider Name='Microsoft-Windows-Sysmon' Guid='{5770385F-C22A-43E0-BF4C-06F5698FFBD9}'/><EventID>15</EventID><Version>2</Version><Level>4</Level><Task>15</Task><Opcode>0</Opcode><Keywords>0x8000000000000000</Keywords><TimeCreated SystemTime='2021-08-09T18:27:37.985605900Z'/><EventRecordID>25204151</EventRecordID><Correlation/><Execution ProcessID='1224' ThreadID='3140'/><Channel>Microsoft-Windows-Sysmon/Operational</Channel><Computer>win-dc-58.attackrange.local</Computer><Security UserID='S-1-5-18'/></System><EventData><Data Name='RuleName'>-</Data><Data Name='UtcTime'>2021-08-09 18:27:37.984</Data><Data Name='ProcessGuid'>{C2350C16-2A01-6111-17D3-04000000CF01}</Data><Data Name='ProcessId'>3780</Data><Data Name='Image'>C:\Windows\explorer.exe</Data><Data Name='TargetFilename'>C:\Users\Administrator\Downloads\Veil-PowerView-master\Veil-PowerView-master\PowerUp\README.md:Zone.Identifier</Data><Data Name='CreationUtcTime'>2015-03-18 13:48:42.000</Data><Data Name='Hash'>MD5=FBCCF14D504B7B2DBCB5A5BDA75BD93B,SHA256=EACD09517CE90D34BA562171D15AC40D302F0E691B439F91BE1B6406E25F5913</Data><Data Name='Contents'>[ZoneTransfer]  ZoneId=3  </Data></EventData></Event>
/home/kali/director/projects/_corpora/attack_data/datasets/malware/conti/conti-cobalt/windows-sysmon.log:16825:<Event xmlns='http://schemas.microsoft.com/win/2004/08/events/event'><System><Provider Name='Microsoft-Windows-Sysmon' Guid='{5770385F-C22A-43E0-BF4C-06F5698FFBD9}'/><EventID>11</EventID><Version>2</Version><Level>4</Level><Task>11</Task><Opcode>0</Opcode><Keywords>0x8000000000000000</Keywords><TimeCreated SystemTime='2021-08-09T18:27:37.985313500Z'/><EventRecordID>25204150</EventRecordID><Correlation/><Execution ProcessID='1224' ThreadID='3140'/><Channel>Microsoft-Windows-Sysmon/Operational</Channel><Computer>win-dc-58.attackrange.local</Computer><Security UserID='S-1-5-18'/></System><EventData><Data Name='RuleName'>-</Data><Data Name='UtcTime'>2021-08-09 18:27:37.984</Data><Data Name='ProcessGuid'>{C2350C16-2A01-6111-17D3-04000000CF01}</Data><Data Name='ProcessId'>3780</Data><Data Name='Image'>C:\Windows\explorer.exe</Data><Data Name='TargetFilename'>C:\Users\Administrator\Downloads\Veil-PowerView-master\Veil-PowerView-master\PowerUp\README.md:Zone.Identifier</Data><Data Name='CreationUtcTime'>2015-03-18 13:48:42.000</Data></EventData></Event>
/home/kali/director/projects/_corpora/attack_data/datasets/malware/conti/conti-cobalt/windows-sysmon.log:16826:<Event xmlns='http://schemas.microsoft.com/win/2004/08/events/event'><System><Provider Name='Microsoft-Windows-Sysmon' Guid='{5770385F-C22A-43E0-BF4C-06F5698FFBD9}'/><EventID>15</EventID><Version>2</Version><Level>4</Level><Task>15</Task><Opcode>0</Opcode><Keywords>0x8000000000000000</Keywords><TimeCreated SystemTime='2021-08-09T18:27:37.985149600Z'/><EventRecordID>25204149</EventRecordID><Correlation/><Execution ProcessID='1224' ThreadID='3140'/><Channel>Microsoft-Windows-Sysmon/Operational</Channel><Computer>win-dc-58.attackrange.local</Computer><Security UserID='S-1-5-18'/></System><EventData><Data Name='RuleName'>-</Data><Data Name='UtcTime'>2021-08-09 18:27:37.984</Data><Data Name='ProcessGuid'>{C2350C16-2A01-6111-17D3-04000000CF01}</Data><Data Name='ProcessId'>3780</Data><Data Name='Image'>C:\Windows\explorer.exe</Data><Data Name='TargetFilename'>C:\Users\Administrator\Downloads\Veil-PowerView-master\Veil-PowerView-master\PowerUp\README.md</Data><Data Name='CreationUtcTime'>2015-03-18 13:48:42.000</Data><Data Name='Hash'>MD5=85824E5A325A1D638089345E02EDA002,SHA256=A78FFDEBB94A762797162136166DD6D357C6D870C89D31DC6E0484928FD2848B</Data><Data Name='Contents'>-</Data></EventData></Event>
/home/kali/director/projects/_corpora/attack_data/datasets/malware/conti/conti-cobalt/windows-sysmon.log:16827:<Event xmlns='http://schemas.microsoft.com/win/2004/08/events/event'><System><Provider Name='Microsoft-Windows-Sysmon' Guid='{5770385F-C22A-43E0-BF4C-06F5698FFBD9}'/><EventID>2</EventID><Version>5</Version><Level>4</Level><Task>2</Task><Opcode>0</Opcode><Keywords>0x8000000000000000</Keywords><TimeCreated SystemTime='2021-08-09T18:27:37.982844800Z'/><EventRecordID>25204148</EventRecordID><Correlation/><Execution ProcessID='1224' ThreadID='3140'/><Channel>Microsoft-Windows-Sysmon/Operational</Channel><Computer>win-dc-58.attackrange.local</Computer><Security UserID='S-1-5-18'/></System><EventData><Data Name='RuleName'>-</Data><Data Name='UtcTime'>2021-08-09 18:27:37.982</Data><Data Name='ProcessGuid'>{C2350C16-2A01-6111-17D3-04000000CF01}</Data><Data Name='ProcessId'>3780</Data><Data Name='Image'>C:\Windows\explorer.exe</Data><Data Name='TargetFilename'>C:\Users\Administrator\Downloads\Veil-PowerView-master\Veil-PowerView-master\PowerUp\README.md</Data><Data Name='CreationUtcTime'>2015-03-18 13:48:42.000</Data><Data Name='PreviousCreationUtcTime'>2021-08-09 18:27:37.981</Data></EventData></Event>
/home/kali/director/projects/_corpora/attack_data/datasets/malware/conti/conti-cobalt/windows-sysmon.log:16828:<Event xmlns='http://schemas.microsoft.com/win/2004/08/events/event'><System><Provider Name='Microsoft-Windows-Sysmon' Guid='{5770385F-C22A-43E0-BF4C-06F5698FFBD9}'/><EventID>11</EventID><Version>2</Version><Level>4</Level><Task>11</Task><Opcode>0</Opcode><Keywords>0x8000000000000000</Keywords><TimeCreated SystemTime='2021-08-09T18:27:37.982366000Z'/><EventRecordID>25204147</EventRecordID><Correlation/><Execution ProcessID='1224' ThreadID='3140'/><Channel>Microsoft-Windows-Sysmon/Operational</Channel><Computer>win-dc-58.attackrange.local</Computer><Security UserID='S-1-5-18'/></System><EventData><Data Name='RuleName'>-</Data><Data Name='UtcTime'>2021-08-09 18:27:37.981</Data><Data Name='ProcessGuid'>{C2350C16-2A01-6111-17D3-04000000CF01}</Data><Data Name='ProcessId'>3780</Data><Data Name='Image'>C:\Windows\explorer.exe</Data><Data Name='TargetFilename'>C:\Users\Administrator\Downloads\Veil-PowerView-master\Veil-PowerView-master\PowerUp\README.md</Data><Data Name='CreationUtcTime'>2021-08-09 18:27:37.981</Data></EventData></Event>
/home/kali/director/projects/_corpora/attack_data/datasets/malware/conti/conti-cobalt/windows-sysmon.log:16950:<Event xmlns='http://schemas.microsoft.com/win/2004/08/events/event'><System><Provider Name='Microsoft-Windows-Sysmon' Guid='{5770385F-C22A-43E0-BF4C-06F5698FFBD9}'/><EventID>15</EventID><Version>2</Version><Level>4</Level><Task>15</Task><Opcode>0</Opcode><Keywords>0x8000000000000000</Keywords><TimeCreated SystemTime='2021-08-09T18:27:37.793806000Z'/><EventRecordID>25204025</EventRecordID><Correlation/><Execution ProcessID='1224' ThreadID='3140'/><Channel>Microsoft-Windows-Sysmon/Operational</Channel><Computer>win-dc-58.attackrange.local</Computer><Security UserID='S-1-5-18'/></System><EventData><Data Name='RuleName'>-</Data><Data Name='UtcTime'>2021-08-09 18:27:37.793</Data><Data Name='ProcessGuid'>{C2350C16-2A01-6111-17D3-04000000CF01}</Data><Data Name='ProcessId'>3780</Data><Data Name='Image'>C:\Windows\explorer.exe</Data><Data Name='TargetFilename'>C:\Users\Administrator\Downloads\Veil-PowerView-master\Veil-PowerView-master\PowerPick\README.md:Zone.Identifier</Data><Data Name='CreationUtcTime'>2015-03-18 13:48:42.000</Data><Data Name='Hash'>MD5=FBCCF14D504B7B2DBCB5A5BDA75BD93B,SHA256=EACD09517CE90D34BA562171D15AC40D302F0E691B439F91BE1B6406E25F5913</Data><Data Name='Contents'>[ZoneTransfer]  ZoneId=3  </Data></EventData></Event>
/home/kali/director/projects/_corpora/attack_data/datasets/malware/conti/conti-cobalt/windows-sysmon.log:16951:<Event xmlns='http://schemas.microsoft.com/win/2004/08/events/event'><System><Provider Name='Microsoft-Windows-Sysmon' Guid='{5770385F-C22A-43E0-BF4C-06F5698FFBD9}'/><EventID>11</EventID><Version>2</Version><Level>4</Level><Task>11</Task><Opcode>0</Opcode><Keywords>0x8000000000000000</Keywords><TimeCreated SystemTime='2021-08-09T18:27:37.793557800Z'/><EventRecordID>25204024</EventRecordID><Correlation/><Execution ProcessID='1224' ThreadID='3140'/><Channel>Microsoft-Windows-Sysmon/Operational</Channel><Computer>win-dc-58.attackrange.local</Computer><Security UserID='S-1-5-18'/></System><EventData><Data Name='RuleName'>-</Data><Data Name='UtcTime'>2021-08-09 18:27:37.793</Data><Data Name='ProcessGuid'>{C2350C16-2A01-6111-17D3-04000000CF01}</Data><Data Name='ProcessId'>3780</Data><Data Name='Image'>C:\Windows\explorer.exe</Data><Data Name='TargetFilename'>C:\Users\Administrator\Downloads\Veil-PowerView-master\Veil-PowerView-master\PowerPick\README.md:Zone.Identifier</Data><Data Name='CreationUtcTime'>2015-03-18 13:48:42.000</Data></EventData></Event>
/home/kali/director/projects/_corpora/attack_data/datasets/malware/conti/conti-cobalt/windows-sysmon.log:16952:<Event xmlns='http://schemas.microsoft.com/win/2004/08/events/event'><System><Provider Name='Microsoft-Windows-Sysmon' Guid='{5770385F-C22A-43E0-BF4C-06F5698FFBD9}'/><EventID>15</EventID><Version>2</Version><Level>4</Level><Task>15</Task><Opcode>0</Opcode><Keywords>0x8000000000000000</Keywords><TimeCreated SystemTime='2021-08-09T18:27:37.793421000Z'/><EventRecordID>25204023</EventRecordID><Correlation/><Execution ProcessID='1224' ThreadID='3140'/><Channel>Microsoft-Windows-Sysmon/Operational</Channel><Computer>win-dc-58.attackrange.local</Computer><Security UserID='S-1-5-18'/></System><EventData><Data Name='RuleName'>-</Data><Data Name='UtcTime'>2021-08-09 18:27:37.793</Data><Data Name='ProcessGuid'>{C2350C16-2A01-6111-17D3-04000000CF01}</Data><Data Name='ProcessId'>3780</Data><Data Name='Image'>C:\Windows\explorer.exe</Data><Data Name='TargetFilename'>C:\Users\Administrator\Downloads\Veil-PowerView-master\Veil-PowerView-master\PowerPick\README.md</Data><Data Name='CreationUtcTime'>2015-03-18 13:48:42.000</Data><Data Name='Hash'>MD5=C61D5CF93E688D11843C1B627D9EAD8E,SHA256=8C545D5F1E503F3549C2854B5F3E99800E09BEB239F4E95458A282EF69B60239</Data><Data Name='Contents'>Previously named InexorablePoSH. This repo contains a .NET application that provides the capability to work around a AppLocker blacklist on the PowerShell process. It uses the backend assemblies to load and execute PowerShell.    Many thanks to those in the offensive powershell community. This work is not ground breaking but hopefully will motivate offense and defense to understand the implications and lack of protections available.  If you have a really awesome use case, let me know!   ## Man Page 	powerpick.exe [&lt;flag&gt; &lt;argument&gt;] 	flags: 	-f &lt;file&gt; : Read script from specified file 	-r &lt;resource name&gt; : Read script from specified resource 	-d &lt;url&gt; : Read script from URL 	-a &lt;delimeter&gt; : Read script appended to current binary after specified delimeter. Delimeter should be very very unique string  More details [here](https://github.com/Veil-Framework/PowerTools)  Developed by [@sixdub](https://twitter.com/sixdub)  Part of Veil's [PowerTools](https://github.com/Veil-Framework/PowerTools) </Data></EventData></Event>
/home/kali/director/projects/_corpora/attack_data/datasets/malware/conti/conti-cobalt/windows-sysmon.log:16953:<Event xmlns='http://schemas.microsoft.com/win/2004/08/events/event'><System><Provider Name='Microsoft-Windows-Sysmon' Guid='{5770385F-C22A-43E0-BF4C-06F5698FFBD9}'/><EventID>2</EventID><Version>5</Version><Level>4</Level><Task>2</Task><Opcode>0</Opcode><Keywords>0x8000000000000000</Keywords><TimeCreated SystemTime='2021-08-09T18:27:37.791023200Z'/><EventRecordID>25204022</EventRecordID><Correlation/><Execution ProcessID='1224' ThreadID='3140'/><Channel>Microsoft-Windows-Sysmon/Operational</Channel><Computer>win-dc-58.attackrange.local</Computer><Security UserID='S-1-5-18'/></System><EventData><Data Name='RuleName'>-</Data><Data Name='UtcTime'>2021-08-09 18:27:37.790</Data><Data Name='ProcessGuid'>{C2350C16-2A01-6111-17D3-04000000CF01}</Data><Data Name='ProcessId'>3780</Data><Data Name='Image'>C:\Windows\explorer.exe</Data><Data Name='TargetFilename'>C:\Users\Administrator\Downloads\Veil-PowerView-master\Veil-PowerView-master\PowerPick\README.md</Data><Data Name='CreationUtcTime'>2015-03-18 13:48:42.000</Data><Data Name='PreviousCreationUtcTime'>2021-08-09 18:27:37.790</Data></EventData></Event>
/home/kali/director/projects/_corpora/attack_data/datasets/malware/conti/conti-cobalt/windows-sysmon.log:16954:<Event xmlns='http://schemas.microsoft.com/win/2004/08/events/event'><System><Provider Name='Microsoft-Windows-Sysmon' Guid='{5770385F-C22A-43E0-BF4C-06F5698FFBD9}'/><EventID>11</EventID><Version>2</Version><Level>4</Level><Task>11</Task><Opcode>0</Opcode><Keywords>0x8000000000000000</Keywords><TimeCreated SystemTime='2021-08-09T18:27:37.790671400Z'/><EventRecordID>25204021</EventRecordID><Correlation/><Execution ProcessID='1224' ThreadID='3140'/><Channel>Microsoft-Windows-Sysmon/Operational</Channel><Computer>win-dc-58.attackrange.local</Computer><Security UserID='S-1-5-18'/></System><EventData><Data Name='RuleName'>-</Data><Data Name='UtcTime'>2021-08-09 18:27:37.790</Data><Data Name='ProcessGuid'>{C2350C16-2A01-6111-17D3-04000000CF01}</Data><Data Name='ProcessId'>3780</Data><Data Name='Image'>C:\Windows\explorer.exe</Data><Data Name='TargetFilename'>C:\Users\Administrator\Downloads\Veil-PowerView-master\Veil-PowerView-master\PowerPick\README.md</Data><Data Name='CreationUtcTime'>2021-08-09 18:27:37.790</Data></EventData></Event>
/home/kali/director/projects/_corpora/attack_data/datasets/malware/conti/conti-cobalt/windows-sysmon.log:16961:<Event xmlns='http://schemas.microsoft.com/win/2004/08/events/event'><System><Provider Name='Microsoft-Windows-Sysmon' Guid='{5770385F-C22A-43E0-BF4C-06F5698FFBD9}'/><EventID>15</EventID><Version>2</Version><Level>4</Level><Task>15</Task><Opcode>0</Opcode><Keywords>0x8000000000000000</Keywords><TimeCreated SystemTime='2021-08-09T18:27:37.774789400Z'/><EventRecordID>25204014</EventRecordID><Correlation/><Execution ProcessID='1224' ThreadID='3140'/><Channel>Microsoft-Windows-Sysmon/Operational</Channel><Computer>win-dc-58.attackrange.local</Computer><Security UserID='S-1-5-18'/></System><EventData><Data Name='RuleName'>-</Data><Data Name='UtcTime'>2021-08-09 18:27:37.774</Data><Data Name='ProcessGuid'>{C2350C16-2A01-6111-17D3-04000000CF01}</Data><Data Name='ProcessId'>3780</Data><Data Name='Image'>C:\Windows\explorer.exe</Data><Data Name='TargetFilename'>C:\Users\Administrator\Downloads\Veil-PowerView-master\Veil-PowerView-master\PewPewPew\README.md:Zone.Identifier</Data><Data Name='CreationUtcTime'>2015-03-18 13:48:42.000</Data><Data Name='Hash'>MD5=FBCCF14D504B7B2DBCB5A5BDA75BD93B,SHA256=EACD09517CE90D34BA562171D15AC40D302F0E691B439F91BE1B6406E25F5913</Data><Data Name='Contents'>[ZoneTransfer]  ZoneId=3  </Data></EventData></Event>
/home/kali/director/projects/_corpora/attack_data/datasets/malware/conti/conti-cobalt/windows-sysmon.log:16962:<Event xmlns='http://schemas.microsoft.com/win/2004/08/events/event'><System><Provider Name='Microsoft-Windows-Sysmon' Guid='{5770385F-C22A-43E0-BF4C-06F5698FFBD9}'/><EventID>11</EventID><Version>2</Version><Level>4</Level><Task>11</Task><Opcode>0</Opcode><Keywords>0x8000000000000000</Keywords><TimeCreated SystemTime='2021-08-09T18:27:37.774458500Z'/><EventRecordID>25204013</EventRecordID><Correlation/><Execution ProcessID='1224' ThreadID='3140'/><Channel>Microsoft-Windows-Sysmon/Operational</Channel><Computer>win-dc-58.attackrange.local</Computer><Security UserID='S-1-5-18'/></System><EventData><Data Name='RuleName'>-</Data><Data Name='UtcTime'>2021-08-09 18:27:37.774</Data><Data Name='ProcessGuid'>{C2350C16-2A01-6111-17D3-04000000CF01}</Data><Data Name='ProcessId'>3780</Data><Data Name='Image'>C:\Windows\explorer.exe</Data><Data Name='TargetFilename'>C:\Users\Administrator\Downloads\Veil-PowerView-master\Veil-PowerView-master\PewPewPew\README.md:Zone.Identifier</Data><Data Name='CreationUtcTime'>2015-03-18 13:48:42.000</Data></EventData></Event>
/home/kali/director/projects/_corpora/attack_data/datasets/malware/conti/conti-cobalt/windows-sysmon.log:16963:<Event xmlns='http://schemas.microsoft.com/win/2004/08/events/event'><System><Provider Name='Microsoft-Windows-Sysmon' Guid='{5770385F-C22A-43E0-BF4C-06F5698FFBD9}'/><EventID>15</EventID><Version>2</Version><Level>4</Level><Task>15</Task><Opcode>0</Opcode><Keywords>0x8000000000000000</Keywords><TimeCreated SystemTime='2021-08-09T18:27:37.774304100Z'/><EventRecordID>25204012</EventRecordID><Correlation/><Execution ProcessID='1224' ThreadID='3140'/><Channel>Microsoft-Windows-Sysmon/Operational</Channel><Computer>win-dc-58.attackrange.local</Computer><Security UserID='S-1-5-18'/></System><EventData><Data Name='RuleName'>-</Data><Data Name='UtcTime'>2021-08-09 18:27:37.774</Data><Data Name='ProcessGuid'>{C2350C16-2A01-6111-17D3-04000000CF01}</Data><Data Name='ProcessId'>3780</Data><Data Name='Image'>C:\Windows\explorer.exe</Data><Data Name='TargetFilename'>C:\Users\Administrator\Downloads\Veil-PowerView-master\Veil-PowerView-master\PewPewPew\README.md</Data><Data Name='CreationUtcTime'>2015-03-18 13:48:42.000</Data><Data Name='Hash'>MD5=EE2147B9BAB8FDB871537AEF7CEC39EE,SHA256=A5E57AF11DB91EEBBD7ADDA336AA2C6500D979BBEC9BB2A7309FC63F94F579E3</Data><Data Name='Contents'>#PewPewPew  This repo contains scripts that utilize a common pattern to host a script on a PowerShell webserver, invoke the IEX download cradle to  download/execute the target code and post the results back to the server,  and then post-process any results.  More details [here](http://www.harmj0y.net/blog/powershell/dumping-a-domains-worth-of-passwords-with-mimikatz-pt-2/)  Developed by [@harmj0y](https://twitter.com/harmj0y)  Part of Veil's [PowerTools](https://github.com/Veil-Framework/PowerTools) </Data></EventData></Event>
/home/kali/director/projects/_corpora/attack_data/datasets/malware/conti/conti-cobalt/windows-sysmon.log:16964:<Event xmlns='http://schemas.microsoft.com/win/2004/08/events/event'><System><Provider Name='Microsoft-Windows-Sysmon' Guid='{5770385F-C22A-43E0-BF4C-06F5698FFBD9}'/><EventID>2</EventID><Version>5</Version><Level>4</Level><Task>2</Task><Opcode>0</Opcode><Keywords>0x8000000000000000</Keywords><TimeCreated SystemTime='2021-08-09T18:27:37.771859700Z'/><EventRecordID>25204011</EventRecordID><Correlation/><Execution ProcessID='1224' ThreadID='3140'/><Channel>Microsoft-Windows-Sysmon/Operational</Channel><Computer>win-dc-58.attackrange.local</Computer><Security UserID='S-1-5-18'/></System><EventData><Data Name='RuleName'>-</Data><Data Name='UtcTime'>2021-08-09 18:27:37.771</Data><Data Name='ProcessGuid'>{C2350C16-2A01-6111-17D3-04000000CF01}</Data><Data Name='ProcessId'>3780</Data><Data Name='Image'>C:\Windows\explorer.exe</Data><Data Name='TargetFilename'>C:\Users\Administrator\Downloads\Veil-PowerView-master\Veil-PowerView-master\PewPewPew\README.md</Data><Data Name='CreationUtcTime'>2015-03-18 13:48:42.000</Data><Data Name='PreviousCreationUtcTime'>2021-08-09 18:27:37.771</Data></EventData></Event>
/home/kali/director/projects/_corpora/attack_data/datasets/malware/conti/conti-cobalt/windows-sysmon.log:16965:<Event xmlns='http://schemas.microsoft.com/win/2004/08/events/event'><System><Provider Name='Microsoft-Windows-Sysmon' Guid='{5770385F-C22A-43E0-BF4C-06F5698FFBD9}'/><EventID>11</EventID><Version>2</Version><Level>4</Level><Task>11</Task><Opcode>0</Opcode><Keywords>0x8000000000000000</Keywords><TimeCreated SystemTime='2021-08-09T18:27:37.771511100Z'/><EventRecordID>25204010</EventRecordID><Correlation/><Execution ProcessID='1224' ThreadID='3140'/><Channel>Microsoft-Windows-Sysmon/Operational</Channel><Computer>win-dc-58.attackrange.local</Computer><Security UserID='S-1-5-18'/></System><EventData><Data Name='RuleName'>-</Data><Data Name='UtcTime'>2021-08-09 18:27:37.771</Data><Data Name='ProcessGuid'>{C2350C16-2A01-6111-17D3-04000000CF01}</Data><Data Name='ProcessId'>3780</Data><Data Name='Image'>C:\Windows\explorer.exe</Data><Data Name='TargetFilename'>C:\Users\Administrator\Downloads\Veil-PowerView-master\Veil-PowerView-master\PewPewPew\README.md</Data><Data Name='CreationUtcTime'>2021-08-09 18:27:37.771</Data></EventData></Event>
/home/kali/director/projects/_corpora/attack_data/datasets/malware/conti/conti-cobalt/windows-sysmon.log:16997:<Event xmlns='http://schemas.microsoft.com/win/2004/08/events/event'><System><Provider Name='Microsoft-Windows-Sysmon' Guid='{5770385F-C22A-43E0-BF4C-06F5698FFBD9}'/><EventID>15</EventID><Version>2</Version><Level>4</Level><Task>15</Task><Opcode>0</Opcode><Keywords>0x8000000000000000</Keywords><TimeCreated SystemTime='2021-08-09T18:27:37.713869900Z'/><EventRecordID>25203978</EventRecordID><Correlation/><Execution ProcessID='1224' ThreadID='3140'/><Channel>Microsoft-Windows-Sysmon/Operational</Channel><Computer>win-dc-58.attackrange.local</Computer><Security UserID='S-1-5-18'/></System><EventData><Data Name='RuleName'>-</Data><Data Name='UtcTime'>2021-08-09 18:27:37.712</Data><Data Name='ProcessGuid'>{C2350C16-2A01-6111-17D3-04000000CF01}</Data><Data Name='ProcessId'>3780</Data><Data Name='Image'>C:\Windows\explorer.exe</Data><Data Name='TargetFilename'>C:\Users\Administrator\Downloads\Veil-PowerView-master\Veil-PowerView-master\README.md:Zone.Identifier</Data><Data Name='CreationUtcTime'>2015-03-18 13:48:42.000</Data><Data Name='Hash'>MD5=FBCCF14D504B7B2DBCB5A5BDA75BD93B,SHA256=EACD09517CE90D34BA562171D15AC40D302F0E691B439F91BE1B6406E25F5913</Data><Data Name='Contents'>[ZoneTransfer]  ZoneId=3  </Data></EventData></Event>
/home/kali/director/projects/_corpora/attack_data/datasets/malware/conti/conti-cobalt/windows-sysmon.log:16998:<Event xmlns='http://schemas.microsoft.com/win/2004/08/events/event'><System><Provider Name='Microsoft-Windows-Sysmon' Guid='{5770385F-C22A-43E0-BF4C-06F5698FFBD9}'/><EventID>11</EventID><Version>2</Version><Level>4</Level><Task>11</Task><Opcode>0</Opcode><Keywords>0x8000000000000000</Keywords><TimeCreated SystemTime='2021-08-09T18:27:37.713309600Z'/><EventRecordID>25203977</EventRecordID><Correlation/><Execution ProcessID='1224' ThreadID='3140'/><Channel>Microsoft-Windows-Sysmon/Operational</Channel><Computer>win-dc-58.attackrange.local</Computer><Security UserID='S-1-5-18'/></System><EventData><Data Name='RuleName'>-</Data><Data Name='UtcTime'>2021-08-09 18:27:37.712</Data><Data Name='ProcessGuid'>{C2350C16-2A01-6111-17D3-04000000CF01}</Data><Data Name='ProcessId'>3780</Data><Data Name='Image'>C:\Windows\explorer.exe</Data><Data Name='TargetFilename'>C:\Users\Administrator\Downloads\Veil-PowerView-master\Veil-PowerView-master\README.md:Zone.Identifier</Data><Data Name='CreationUtcTime'>2015-03-18 13:48:42.000</Data></EventData></Event>
/home/kali/director/projects/_corpora/attack_data/datasets/malware/conti/conti-cobalt/windows-sysmon.log:16999:<Event xmlns='http://schemas.microsoft.com/win/2004/08/events/event'><System><Provider Name='Microsoft-Windows-Sysmon' Guid='{5770385F-C22A-43E0-BF4C-06F5698FFBD9}'/><EventID>15</EventID><Version>2</Version><Level>4</Level><Task>15</Task><Opcode>0</Opcode><Keywords>0x8000000000000000</Keywords><TimeCreated SystemTime='2021-08-09T18:27:37.712580500Z'/><EventRecordID>25203976</EventRecordID><Correlation/><Execution ProcessID='1224' ThreadID='3140'/><Channel>Microsoft-Windows-Sysmon/Operational</Channel><Computer>win-dc-58.attackrange.local</Computer><Security UserID='S-1-5-18'/></System><EventData><Data Name='RuleName'>-</Data><Data Name='UtcTime'>2021-08-09 18:27:37.712</Data><Data Name='ProcessGuid'>{C2350C16-2A01-6111-17D3-04000000CF01}</Data><Data Name='ProcessId'>3780</Data><Data Name='Image'>C:\Windows\explorer.exe</Data><Data Name='TargetFilename'>C:\Users\Administrator\Downloads\Veil-PowerView-master\Veil-PowerView-master\README.md</Data><Data Name='CreationUtcTime'>2015-03-18 13:48:42.000</Data><Data Name='Hash'>MD5=18F20B9840AE80A07B1C3BA6097E57E8,SHA256=A874DF081D6A2BC9B6A6BD33A932650480F1F6A61959ECCFC141F8EEF3421252</Data><Data Name='Contents'>#PowerTools  Veil's PowerTools are a collection of PowerShell projects with a focus on offensive operations.  Developed by [@harmj0y](https://twitter.com/harmj0y) and [@sixdub](https://twitter.com/sixdub) </Data></EventData></Event>
/home/kali/director/projects/_corpora/attack_data/datasets/malware/conti/conti-cobalt/windows-sysmon.log:17000:<Event xmlns='http://schemas.microsoft.com/win/2004/08/events/event'><System><Provider Name='Microsoft-Windows-Sysmon' Guid='{5770385F-C22A-43E0-BF4C-06F5698FFBD9}'/><EventID>2</EventID><Version>5</Version><Level>4</Level><Task>2</Task><Opcode>0</Opcode><Keywords>0x8000000000000000</Keywords><TimeCreated SystemTime='2021-08-09T18:27:37.708199400Z'/><EventRecordID>25203975</EventRecordID><Correlation/><Execution ProcessID='1224' ThreadID='3140'/><Channel>Microsoft-Windows-Sysmon/Operational</Channel><Computer>win-dc-58.attackrange.local</Computer><Security UserID='S-1-5-18'/></System><EventData><Data Name='RuleName'>-</Data><Data Name='UtcTime'>2021-08-09 18:27:37.708</Data><Data Name='ProcessGuid'>{C2350C16-2A01-6111-17D3-04000000CF01}</Data><Data Name='ProcessId'>3780</Data><Data Name='Image'>C:\Windows\explorer.exe</Data><Data Name='TargetFilename'>C:\Users\Administrator\Downloads\Veil-PowerView-master\Veil-PowerView-master\README.md</Data><Data Name='CreationUtcTime'>2015-03-18 13:48:42.000</Data><Data Name='PreviousCreationUtcTime'>2021-08-09 18:27:37.707</Data></EventData></Event>
/home/kali/director/projects/_corpora/attack_data/datasets/malware/conti/conti-cobalt/windows-sysmon.log:17001:<Event xmlns='http://schemas.microsoft.com/win/2004/08/events/event'><System><Provider Name='Microsoft-Windows-Sysmon' Guid='{5770385F-C22A-43E0-BF4C-06F5698FFBD9}'/><EventID>11</EventID><Version>2</Version><Level>4</Level><Task>11</Task><Opcode>0</Opcode><Keywords>0x8000000000000000</Keywords><TimeCreated SystemTime='2021-08-09T18:27:37.707587800Z'/><EventRecordID>25203974</EventRecordID><Correlation/><Execution ProcessID='1224' ThreadID='3140'/><Channel>Microsoft-Windows-Sysmon/Operational</Channel><Computer>win-dc-58.attackrange.local</Computer><Security UserID='S-1-5-18'/></System><EventData><Data Name='RuleName'>-</Data><Data Name='UtcTime'>2021-08-09 18:27:37.707</Data><Data Name='ProcessGuid'>{C2350C16-2A01-6111-17D3-04000000CF01}</Data><Data Name='ProcessId'>3780</Data><Data Name='Image'>C:\Windows\explorer.exe</Data><Data Name='TargetFilename'>C:\Users\Administrator\Downloads\Veil-PowerView-master\Veil-PowerView-master\README.md</Data><Data Name='CreationUtcTime'>2021-08-09 18:27:37.707</Data></EventData></Event>
/home/kali/director/projects/_corpora/attack_data/datasets/malware/conti/inf1/windows-sysmon.log:1097:<Event xmlns='http://schemas.microsoft.com/win/2004/08/events/event'><System><Provider Name='Microsoft-Windows-Sysmon' Guid='{5770385F-C22A-43E0-BF4C-06F5698FFBD9}'/><EventID>11</EventID><Version>2</Version><Level>4</Level><Task>11</Task><Opcode>0</Opcode><Keywords>0x8000000000000000</Keywords><TimeCreated SystemTime='2021-06-04T14:25:50.518977400Z'/><EventRecordID>78288</EventRecordID><Correlation/><Execution ProcessID='4100' ThreadID='3396'/><Channel>Microsoft-Windows-Sysmon/Operational</Channel><Computer>win-host-243</Computer><Security UserID='S-1-5-18'/></System><EventData><Data Name='RuleName'>-</Data><Data Name='UtcTime'>2021-06-04 14:25:50.510</Data><Data Name='ProcessGuid'>{3F3E08E7-37E4-60BA-1B0D-00000000C501}</Data><Data Name='ProcessId'>5452</Data><Data Name='Image'>C:\Temp\test\conti.exe</Data><Data Name='TargetFilename'>C:\Temp\test\readme.txt</Data><Data Name='CreationUtcTime'>2021-06-04 14:25:50.510</Data></EventData></Event>
/home/kali/director/projects/_corpora/attack_data/datasets/malware/conti/inf1/windows-sysmon.log:2408:<Event xmlns='http://schemas.microsoft.com/win/2004/08/events/event'><System><Provider Name='Microsoft-Windows-Sysmon' Guid='{5770385F-C22A-43E0-BF4C-06F5698FFBD9}'/><EventID>11</EventID><Version>2</Version><Level>4</Level><Task>11</Task><Opcode>0</Opcode><Keywords>0x8000000000000000</Keywords><TimeCreated SystemTime='2021-06-04T14:28:29.959210800Z'/><EventRecordID>76502</EventRecordID><Correlation/><Execution ProcessID='2964' ThreadID='3112'/><Channel>Microsoft-Windows-Sysmon/Operational</Channel><Computer>win-dc-392.attackrange.local</Computer><Security UserID='S-1-5-18'/></System><EventData><Data Name='RuleName'>-</Data><Data Name='UtcTime'>2021-06-04 14:28:29.955</Data><Data Name='ProcessGuid'>{89999F75-EECB-60B9-0100-00000000C401}</Data><Data Name='ProcessId'>4</Data><Data Name='Image'>System</Data><Data Name='TargetFilename'>C:\Program Files\Git\readme.txt</Data><Data Name='CreationUtcTime'>2021-06-04 14:28:29.955</Data></EventData></Event>
/home/kali/director/projects/_corpora/attack_data/datasets/malware/conti/inf1/windows-sysmon.log:2409:<Event xmlns='http://schemas.microsoft.com/win/2004/08/events/event'><System><Provider Name='Microsoft-Windows-Sysmon' Guid='{5770385F-C22A-43E0-BF4C-06F5698FFBD9}'/><EventID>11</EventID><Version>2</Version><Level>4</Level><Task>11</Task><Opcode>0</Opcode><Keywords>0x8000000000000000</Keywords><TimeCreated SystemTime='2021-06-04T14:28:29.956660200Z'/><EventRecordID>76501</EventRecordID><Correlation/><Execution ProcessID='2964' ThreadID='3112'/><Channel>Microsoft-Windows-Sysmon/Operational</Channel><Computer>win-dc-392.attackrange.local</Computer><Security UserID='S-1-5-18'/></System><EventData><Data Name='RuleName'>-</Data><Data Name='UtcTime'>2021-06-04 14:28:29.955</Data><Data Name='ProcessGuid'>{89999F75-EECB-60B9-0100-00000000C401}</Data><Data Name='ProcessId'>4</Data><Data Name='Image'>System</Data><Data Name='TargetFilename'>C:\Program Files\DIFX\readme.txt</Data><Data Name='CreationUtcTime'>2021-06-04 14:28:29.955</Data></EventData></Event>
/home/kali/director/projects/_corpora/attack_data/datasets/malware/conti/inf1/windows-sysmon.log:2410:<Event xmlns='http://schemas.microsoft.com/win/2004/08/events/event'><System><Provider Name='Microsoft-Windows-Sysmon' Guid='{5770385F-C22A-43E0-BF4C-06F5698FFBD9}'/><EventID>11</EventID><Version>2</Version><Level>4</Level><Task>11</Task><Opcode>0</Opcode><Keywords>0x8000000000000000</Keywords><TimeCreated SystemTime='2021-06-04T14:28:29.953778300Z'/><EventRecordID>76500</EventRecordID><Correlation/><Execution ProcessID='2964' ThreadID='3112'/><Channel>Microsoft-Windows-Sysmon/Operational</Channel><Computer>win-dc-392.attackrange.local</Computer><Security UserID='S-1-5-18'/></System><EventData><Data Name='RuleName'>-</Data><Data Name='UtcTime'>2021-06-04 14:28:29.939</Data><Data Name='ProcessGuid'>{89999F75-EECB-60B9-0100-00000000C401}</Data><Data Name='ProcessId'>4</Data><Data Name='Image'>System</Data><Data Name='TargetFilename'>C:\Program Files\Common Files\readme.txt</Data><Data Name='CreationUtcTime'>2021-06-04 14:28:29.939</Data></EventData></Event>
/home/kali/director/projects/_corpora/attack_data/datasets/malware/conti/inf1/windows-sysmon.log:2411:<Event xmlns='http://schemas.microsoft.com/win/2004/08/events/event'><System><Provider Name='Microsoft-Windows-Sysmon' Guid='{5770385F-C22A-43E0-BF4C-06F5698FFBD9}'/><EventID>11</EventID><Version>2</Version><Level>4</Level><Task>11</Task><Opcode>0</Opcode><Keywords>0x8000000000000000</Keywords><TimeCreated SystemTime='2021-06-04T14:28:29.913745700Z'/><EventRecordID>76499</EventRecordID><Correlation/><Execution ProcessID='2964' ThreadID='3112'/><Channel>Microsoft-Windows-Sysmon/Operational</Channel><Computer>win-dc-392.attackrange.local</Computer><Security UserID='S-1-5-18'/></System><EventData><Data Name='RuleName'>-</Data><Data Name='UtcTime'>2021-06-04 14:28:29.908</Data><Data Name='ProcessGuid'>{89999F75-EECB-60B9-0100-00000000C401}</Data><Data Name='ProcessId'>4</Data><Data Name='Image'>System</Data><Data Name='TargetFilename'>C:\Program Files\ansible\readme.txt</Data><Data Name='CreationUtcTime'>2021-06-04 14:28:29.908</Data></EventData></Event>
/home/kali/director/projects/_corpora/attack_data/datasets/malware/conti/inf1/windows-sysmon.log:2412:<Event xmlns='http://schemas.microsoft.com/win/2004/08/events/event'><System><Provider Name='Microsoft-Windows-Sysmon' Guid='{5770385F-C22A-43E0-BF4C-06F5698FFBD9}'/><EventID>11</EventID><Version>2</Version><Level>4</Level><Task>11</Task><Opcode>0</Opcode><Keywords>0x8000000000000000</Keywords><TimeCreated SystemTime='2021-06-04T14:28:29.911458100Z'/><EventRecordID>76498</EventRecordID><Correlation/><Execution ProcessID='2964' ThreadID='3112'/><Channel>Microsoft-Windows-Sysmon/Operational</Channel><Computer>win-dc-392.attackrange.local</Computer><Security UserID='S-1-5-18'/></System><EventData><Data Name='RuleName'>-</Data><Data Name='UtcTime'>2021-06-04 14:28:29.908</Data><Data Name='ProcessGuid'>{89999F75-EECB-60B9-0100-00000000C401}</Data><Data Name='ProcessId'>4</Data><Data Name='Image'>System</Data><Data Name='TargetFilename'>C:\Program Files\Amazon\readme.txt</Data><Data Name='CreationUtcTime'>2021-06-04 14:28:29.908</Data></EventData></Event>
/home/kali/director/projects/_corpora/attack_data/datasets/malware/conti/inf1/windows-sysmon.log:2413:<Event xmlns='http://schemas.microsoft.com/win/2004/08/events/event'><System><Provider Name='Microsoft-Windows-Sysmon' Guid='{5770385F-C22A-43E0-BF4C-06F5698FFBD9}'/><EventID>11</EventID><Version>2</Version><Level>4</Level><Task>11</Task><Opcode>0</Opcode><Keywords>0x8000000000000000</Keywords><TimeCreated SystemTime='2021-06-04T14:28:29.838623200Z'/><EventRecordID>76497</EventRecordID><Correlation/><Execution ProcessID='2964' ThreadID='3112'/><Channel>Microsoft-Windows-Sysmon/Operational</Channel><Computer>win-dc-392.attackrange.local</Computer><Security UserID='S-1-5-18'/></System><EventData><Data Name='RuleName'>-</Data><Data Name='UtcTime'>2021-06-04 14:28:29.830</Data><Data Name='ProcessGuid'>{89999F75-EECB-60B9-0100-00000000C401}</Data><Data Name='ProcessId'>4</Data><Data Name='Image'>System</Data><Data Name='TargetFilename'>C:\Program Files\7-Zip\readme.txt</Data><Data Name='CreationUtcTime'>2021-06-04 09:05:18.766</Data></EventData></Event>
/home/kali/director/projects/_corpora/attack_data/datasets/malware/conti/inf1/windows-sysmon.log:2414:<Event xmlns='http://schemas.microsoft.com/win/2004/08/events/event'><System><Provider Name='Microsoft-Windows-Sysmon' Guid='{5770385F-C22A-43E0-BF4C-06F5698FFBD9}'/><EventID>23</EventID><Version>5</Version><Level>4</Level><Task>23</Task><Opcode>0</Opcode><Keywords>0x8000000000000000</Keywords><TimeCreated SystemTime='2021-06-04T14:28:29.838423700Z'/><EventRecordID>76496</EventRecordID><Correlation/><Execution ProcessID='2964' ThreadID='3112'/><Channel>Microsoft-Windows-Sysmon/Operational</Channel><Computer>win-dc-392.attackrange.local</Computer><Security UserID='S-1-5-18'/></System><EventData><Data Name='RuleName'>-</Data><Data Name='UtcTime'>2021-06-04 14:28:29.830</Data><Data Name='ProcessGuid'>{89999F75-EECB-60B9-0100-00000000C401}</Data><Data Name='ProcessId'>4</Data><Data Name='User'>NT AUTHORITY\SYSTEM</Data><Data Name='Image'>System</Data><Data Name='TargetFilename'>C:\Program Files\7-Zip\readme.txt</Data><Data Name='Hashes'>MD5=D69960C6D80F05BDFC78BBE225C10696,SHA256=F91F9D8B06BB111226139874193D28295E77BF4F1C82F7762FD85BA39192E593,IMPHASH=00000000000000000000000000000000</Data><Data Name='IsExecutable'>false</Data><Data Name='Archived'>true</Data></EventData></Event>
/home/kali/director/projects/_corpora/attack_data/datasets/malware/conti/inf1/windows-sysmon.log:2415:<Event xmlns='http://schemas.microsoft.com/win/2004/08/events/event'><System><Provider Name='Microsoft-Windows-Sysmon' Guid='{5770385F-C22A-43E0-BF4C-06F5698FFBD9}'/><EventID>11</EventID><Version>2</Version><Level>4</Level><Task>11</Task><Opcode>0</Opcode><Keywords>0x8000000000000000</Keywords><TimeCreated SystemTime='2021-06-04T14:28:29.827965100Z'/><EventRecordID>76495</EventRecordID><Correlation/><Execution ProcessID='2964' ThreadID='3112'/><Channel>Microsoft-Windows-Sysmon/Operational</Channel><Computer>win-dc-392.attackrange.local</Computer><Security UserID='S-1-5-18'/></System><EventData><Data Name='RuleName'>-</Data><Data Name='UtcTime'>2021-06-04 14:28:29.814</Data><Data Name='ProcessGuid'>{89999F75-EECB-60B9-0100-00000000C401}</Data><Data Name='ProcessId'>4</Data><Data Name='Image'>System</Data><Data Name='TargetFilename'>C:\Users\readme.txt</Data><Data Name='CreationUtcTime'>2021-06-04 14:28:29.814</Data></EventData></Event>
/home/kali/director/projects/_corpora/attack_data/datasets/malware/conti/inf1/windows-sysmon.log:2416:<Event xmlns='http://schemas.microsoft.com/win/2004/08/events/event'><System><Provider Name='Microsoft-Windows-Sysmon' Guid='{5770385F-C22A-43E0-BF4C-06F5698FFBD9}'/><EventID>11</EventID><Version>2</Version><Level>4</Level><Task>11</Task><Opcode>0</Opcode><Keywords>0x8000000000000000</Keywords><TimeCreated SystemTime='2021-06-04T14:28:29.815920800Z'/><EventRecordID>76494</EventRecordID><Correlation/><Execution ProcessID='2964' ThreadID='3112'/><Channel>Microsoft-Windows-Sysmon/Operational</Channel><Computer>win-dc-392.attackrange.local</Computer><Security UserID='S-1-5-18'/></System><EventData><Data Name='RuleName'>-</Data><Data Name='UtcTime'>2021-06-04 14:28:29.814</Data><Data Name='ProcessGuid'>{89999F75-EECB-60B9-0100-00000000C401}</Data><Data Name='ProcessId'>4</Data><Data Name='Image'>System</Data><Data Name='TargetFilename'>C:\Recovery\readme.txt</Data><Data Name='CreationUtcTime'>2021-06-04 14:28:29.814</Data></EventData></Event>
/home/kali/director/projects/_corpora/attack_data/datasets/malware/conti/inf1/windows-sysmon.log:2417:<Event xmlns='http://schemas.microsoft.com/win/2004/08/events/event'><System><Provider Name='Microsoft-Windows-Sysmon' Guid='{5770385F-C22A-43E0-BF4C-06F5698FFBD9}'/><EventID>11</EventID><Version>2</Version><Level>4</Level><Task>11</Task><Opcode>0</Opcode><Keywords>0x8000000000000000</Keywords><TimeCreated SystemTime='2021-06-04T14:28:29.813419800Z'/><EventRecordID>76493</EventRecordID><Correlation/><Execution ProcessID='2964' ThreadID='3112'/><Channel>Microsoft-Windows-Sysmon/Operational</Channel><Computer>win-dc-392.attackrange.local</Computer><Security UserID='S-1-5-18'/></System><EventData><Data Name='RuleName'>-</Data><Data Name='UtcTime'>2021-06-04 14:28:29.798</Data><Data Name='ProcessGuid'>{89999F75-EECB-60B9-0100-00000000C401}</Data><Data Name='ProcessId'>4</Data><Data Name='Image'>System</Data><Data Name='TargetFilename'>C:\ProgramData\readme.txt</Data><Data Name='CreationUtcTime'>2021-06-04 14:28:29.798</Data></EventData></Event>
/home/kali/director/projects/_corpora/attack_data/datasets/malware/conti/inf1/windows-sysmon.log:2418:<Event xmlns='http://schemas.microsoft.com/win/2004/08/events/event'><System><Provider Name='Microsoft-Windows-Sysmon' Guid='{5770385F-C22A-43E0-BF4C-06F5698FFBD9}'/><EventID>11</EventID><Version>2</Version><Level>4</Level><Task>11</Task><Opcode>0</Opcode><Keywords>0x8000000000000000</Keywords><TimeCreated SystemTime='2021-06-04T14:28:29.795774700Z'/><EventRecordID>76492</EventRecordID><Correlation/><Execution ProcessID='2964' ThreadID='3112'/><Channel>Microsoft-Windows-Sysmon/Operational</Channel><Computer>win-dc-392.attackrange.local</Computer><Security UserID='S-1-5-18'/></System><EventData><Data Name='RuleName'>-</Data><Data Name='UtcTime'>2021-06-04 14:28:29.783</Data><Data Name='ProcessGuid'>{89999F75-EECB-60B9-0100-00000000C401}</Data><Data Name='ProcessId'>4</Data><Data Name='Image'>System</Data><Data Name='TargetFilename'>C:\Program Files (x86)\readme.txt</Data><Data Name='CreationUtcTime'>2021-06-04 14:28:29.783</Data></EventData></Event>
/home/kali/director/projects/_corpora/attack_data/datasets/malware/conti/inf1/windows-sysmon.log:2419:<Event xmlns='http://schemas.microsoft.com/win/2004/08/events/event'><System><Provider Name='Microsoft-Windows-Sysmon' Guid='{5770385F-C22A-43E0-BF4C-06F5698FFBD9}'/><EventID>11</EventID><Version>2</Version><Level>4</Level><Task>11</Task><Opcode>0</Opcode><Keywords>0x8000000000000000</Keywords><TimeCreated SystemTime='2021-06-04T14:28:29.774919900Z'/><EventRecordID>76491</EventRecordID><Correlation/><Execution ProcessID='2964' ThreadID='3112'/><Channel>Microsoft-Windows-Sysmon/Operational</Channel><Computer>win-dc-392.attackrange.local</Computer><Security UserID='S-1-5-18'/></System><EventData><Data Name='RuleName'>-</Data><Data Name='UtcTime'>2021-06-04 14:28:29.767</Data><Data Name='ProcessGuid'>{89999F75-EECB-60B9-0100-00000000C401}</Data><Data Name='ProcessId'>4</Data><Data Name='Image'>System</Data><Data Name='TargetFilename'>C:\Program Files\readme.txt</Data><Data Name='CreationUtcTime'>2021-06-04 14:28:29.767</Data></EventData></Event>
/home/kali/director/projects/_corpora/attack_data/datasets/malware/conti/inf1/windows-sysmon.log:2421:<Event xmlns='http://schemas.microsoft.com/win/2004/08/events/event'><System><Provider Name='Microsoft-Windows-Sysmon' Guid='{5770385F-C22A-43E0-BF4C-06F5698FFBD9}'/><EventID>11</EventID><Version>2</Version><Level>4</Level><Task>11</Task><Opcode>0</Opcode><Keywords>0x8000000000000000</Keywords><TimeCreated SystemTime='2021-06-04T14:28:29.727339300Z'/><EventRecordID>76489</EventRecordID><Correlation/><Execution ProcessID='2964' ThreadID='3112'/><Channel>Microsoft-Windows-Sysmon/Operational</Channel><Computer>win-dc-392.attackrange.local</Computer><Security UserID='S-1-5-18'/></System><EventData><Data Name='RuleName'>-</Data><Data Name='UtcTime'>2021-06-04 14:28:29.720</Data><Data Name='ProcessGuid'>{89999F75-EECB-60B9-0100-00000000C401}</Data><Data Name='ProcessId'>4</Data><Data Name='Image'>System</Data><Data Name='TargetFilename'>C:\readme.txt</Data><Data Name='CreationUtcTime'>2021-06-04 14:28:29.720</Data></EventData></Event>
