8503:<Event xmlns='http://schemas.microsoft.com/win/2004/08/events/event'><System><Provider Name='Microsoft-Windows-Sysmon' Guid='{5770385F-C22A-43E0-BF4C-06F5698FFBD9}'/><EventID>11</EventID><Version>2</Version><Level>4</Level><Task>11</Task><Opcode>0</Opcode><Keywords>0x8000000000000000</Keywords><TimeCreated SystemTime='2023-01-16T11:47:26.778201900Z'/><EventRecordID>32589</EventRecordID><Correlation/><Execution ProcessID='2532' ThreadID='3012'/><Channel>Microsoft-Windows-Sysmon/Operational</Channel><Computer>win-dc-ctus-attack-range-221.attackrange.local</Computer><Security UserID='S-1-5-18'/></System><EventData><Data Name='RuleName'>-</Data><Data Name='UtcTime'>2023-01-16 11:47:26.767</Data><Data Name='ProcessGuid'>{FCCA13C7-394B-63C5-A305-00000000AF02}</Data><Data Name='ProcessId'>3676</Data><Data Name='Image'>C:\Temp\ConfirmEmail.exe</Data><Data Name='TargetFilename'>C:\Users\Administrator\AppData\Local\Packages\Microsoft.Windows.SecondaryTileExperience_cw5n1h2txyewy\SystemAppData\cHpfiXA9s.README.txt</Data><Data Name='CreationUtcTime'>2023-01-16 11:47:26.767</Data></EventData></Event>
8504:<Event xmlns='http://schemas.microsoft.com/win/2004/08/events/event'><System><Provider Name='Microsoft-Windows-Sysmon' Guid='{5770385F-C22A-43E0-BF4C-06F5698FFBD9}'/><EventID>11</EventID><Version>2</Version><Level>4</Level><Task>11</Task><Opcode>0</Opcode><Keywords>0x8000000000000000</Keywords><TimeCreated SystemTime='2023-01-16T11:47:26.777568700Z'/><EventRecordID>32588</EventRecordID><Correlation/><Execution ProcessID='2532' ThreadID='3012'/><Channel>Microsoft-Windows-Sysmon/Operational</Channel><Computer>win-dc-ctus-attack-range-221.attackrange.local</Computer><Security UserID='S-1-5-18'/></System><EventData><Data Name='RuleName'>-</Data><Data Name='UtcTime'>2023-01-16 11:47:26.767</Data><Data Name='ProcessGuid'>{FCCA13C7-394B-63C5-A305-00000000AF02}</Data><Data Name='ProcessId'>3676</Data><Data Name='Image'>C:\Temp\ConfirmEmail.exe</Data><Data Name='TargetFilename'>C:\Users\Administrator\AppData\Local\Packages\Microsoft.Windows.SecondaryTileExperience_cw5n1h2txyewy\TempState\cHpfiXA9s.README.txt</Data><Data Name='CreationUtcTime'>2023-01-16 11:47:26.767</Data></EventData></Event>
8505:<Event xmlns='http://schemas.microsoft.com/win/2004/08/events/event'><System><Provider Name='Microsoft-Windows-Sysmon' Guid='{5770385F-C22A-43E0-BF4C-06F5698FFBD9}'/><EventID>11</EventID><Version>2</Version><Level>4</Level><Task>11</Task><Opcode>0</Opcode><Keywords>0x8000000000000000</Keywords><TimeCreated SystemTime='2023-01-16T11:47:26.776766600Z'/><EventRecordID>32587</EventRecordID><Correlation/><Execution ProcessID='2532' ThreadID='3012'/><Channel>Microsoft-Windows-Sysmon/Operational</Channel><Computer>win-dc-ctus-attack-range-221.attackrange.local</Computer><Security UserID='S-1-5-18'/></System><EventData><Data Name='RuleName'>-</Data><Data Name='UtcTime'>2023-01-16 11:47:26.767</Data><Data Name='ProcessGuid'>{FCCA13C7-394B-63C5-A305-00000000AF02}</Data><Data Name='ProcessId'>3676</Data><Data Name='Image'>C:\Temp\ConfirmEmail.exe</Data><Data Name='TargetFilename'>C:\Users\Administrator\AppData\Local\Packages\Microsoft.Windows.SecondaryTileExperience_cw5n1h2txyewy\cHpfiXA9s.README.txt</Data><Data Name='CreationUtcTime'>2023-01-16 11:47:26.767</Data></EventData></Event>
8506:<Event xmlns='http://schemas.microsoft.com/win/2004/08/events/event'><System><Provider Name='Microsoft-Windows-Sysmon' Guid='{5770385F-C22A-43E0-BF4C-06F5698FFBD9}'/><EventID>11</EventID><Version>2</Version><Level>4</Level><Task>11</Task><Opcode>0</Opcode><Keywords>0x8000000000000000</Keywords><TimeCreated SystemTime='2023-01-16T11:47:26.776139100Z'/><EventRecordID>32586</EventRecordID><Correlation/><Execution ProcessID='2532' ThreadID='3012'/><Channel>Microsoft-Windows-Sysmon/Operational</Channel><Computer>win-dc-ctus-attack-range-221.attackrange.local</Computer><Security UserID='S-1-5-18'/></System><EventData><Data Name='RuleName'>-</Data><Data Name='UtcTime'>2023-01-16 11:47:26.767</Data><Data Name='ProcessGuid'>{FCCA13C7-394B-63C5-A305-00000000AF02}</Data><Data Name='ProcessId'>3676</Data><Data Name='Image'>C:\Temp\ConfirmEmail.exe</Data><Data Name='TargetFilename'>C:\Users\Administrator\AppData\Local\Packages\Microsoft.Windows.ShellExperienceHost_cw5n1h2txyewy\AC\Microsoft\cHpfiXA9s.README.txt</Data><Data Name='CreationUtcTime'>2023-01-16 11:47:26.767</Data></EventData></Event>
8507:<Event xmlns='http://schemas.microsoft.com/win/2004/08/events/event'><System><Provider Name='Microsoft-Windows-Sysmon' Guid='{5770385F-C22A-43E0-BF4C-06F5698FFBD9}'/><EventID>11</EventID><Version>2</Version><Level>4</Level><Task>11</Task><Opcode>0</Opcode><Keywords>0x8000000000000000</Keywords><TimeCreated SystemTime='2023-01-16T11:47:26.775400200Z'/><EventRecordID>32585</EventRecordID><Correlation/><Execution ProcessID='2532' ThreadID='3012'/><Channel>Microsoft-Windows-Sysmon/Operational</Channel><Computer>win-dc-ctus-attack-range-221.attackrange.local</Computer><Security UserID='S-1-5-18'/></System><EventData><Data Name='RuleName'>-</Data><Data Name='UtcTime'>2023-01-16 11:47:26.767</Data><Data Name='ProcessGuid'>{FCCA13C7-394B-63C5-A305-00000000AF02}</Data><Data Name='ProcessId'>3676</Data><Data Name='Image'>C:\Temp\ConfirmEmail.exe</Data><Data Name='TargetFilename'>C:\Users\Administrator\AppData\Local\Packages\Microsoft.Windows.ShellExperienceHost_cw5n1h2txyewy\AC\Temp\cHpfiXA9s.README.txt</Data><Data Name='CreationUtcTime'>2023-01-16 11:47:26.767</Data></EventData></Event>
8508:<Event xmlns='http://schemas.microsoft.com/win/2004/08/events/event'><System><Provider Name='Microsoft-Windows-Sysmon' Guid='{5770385F-C22A-43E0-BF4C-06F5698FFBD9}'/><EventID>11</EventID><Version>2</Version><Level>4</Level><Task>11</Task><Opcode>0</Opcode><Keywords>0x8000000000000000</Keywords><TimeCreated SystemTime='2023-01-16T11:47:26.774745600Z'/><EventRecordID>32584</EventRecordID><Correlation/><Execution ProcessID='2532' ThreadID='3012'/><Channel>Microsoft-Windows-Sysmon/Operational</Channel><Computer>win-dc-ctus-attack-range-221.attackrange.local</Computer><Security UserID='S-1-5-18'/></System><EventData><Data Name='RuleName'>-</Data><Data Name='UtcTime'>2023-01-16 11:47:26.767</Data><Data Name='ProcessGuid'>{FCCA13C7-394B-63C5-A305-00000000AF02}</Data><Data Name='ProcessId'>3676</Data><Data Name='Image'>C:\Temp\ConfirmEmail.exe</Data><Data Name='TargetFilename'>C:\Users\Administrator\AppData\Local\Packages\Microsoft.Windows.ShellExperienceHost_cw5n1h2txyewy\AC\cHpfiXA9s.README.txt</Data><Data Name='CreationUtcTime'>2023-01-16 11:47:26.767</Data></EventData></Event>
8509:<Event xmlns='http://schemas.microsoft.com/win/2004/08/events/event'><System><Provider Name='Microsoft-Windows-Sysmon' Guid='{5770385F-C22A-43E0-BF4C-06F5698FFBD9}'/><EventID>11</EventID><Version>2</Version><Level>4</Level><Task>11</Task><Opcode>0</Opcode><Keywords>0x8000000000000000</Keywords><TimeCreated SystemTime='2023-01-16T11:47:26.774182400Z'/><EventRecordID>32583</EventRecordID><Correlation/><Execution ProcessID='2532' ThreadID='3012'/><Channel>Microsoft-Windows-Sysmon/Operational</Channel><Computer>win-dc-ctus-attack-range-221.attackrange.local</Computer><Security UserID='S-1-5-18'/></System><EventData><Data Name='RuleName'>-</Data><Data Name='UtcTime'>2023-01-16 11:47:26.767</Data><Data Name='ProcessGuid'>{FCCA13C7-394B-63C5-A305-00000000AF02}</Data><Data Name='ProcessId'>3676</Data><Data Name='Image'>C:\Temp\ConfirmEmail.exe</Data><Data Name='TargetFilename'>C:\Users\Administrator\AppData\Local\Packages\Microsoft.Windows.ShellExperienceHost_cw5n1h2txyewy\AppData\cHpfiXA9s.README.txt</Data><Data Name='CreationUtcTime'>2023-01-16 11:47:26.767</Data></EventData></Event>
8510:<Event xmlns='http://schemas.microsoft.com/win/2004/08/events/event'><System><Provider Name='Microsoft-Windows-Sysmon' Guid='{5770385F-C22A-43E0-BF4C-06F5698FFBD9}'/><EventID>11</EventID><Version>2</Version><Level>4</Level><Task>11</Task><Opcode>0</Opcode><Keywords>0x8000000000000000</Keywords><TimeCreated SystemTime='2023-01-16T11:47:26.773316800Z'/><EventRecordID>32582</EventRecordID><Correlation/><Execution ProcessID='2532' ThreadID='3012'/><Channel>Microsoft-Windows-Sysmon/Operational</Channel><Computer>win-dc-ctus-attack-range-221.attackrange.local</Computer><Security UserID='S-1-5-18'/></System><EventData><Data Name='RuleName'>-</Data><Data Name='UtcTime'>2023-01-16 11:47:26.767</Data><Data Name='ProcessGuid'>{FCCA13C7-394B-63C5-A305-00000000AF02}</Data><Data Name='ProcessId'>3676</Data><Data Name='Image'>C:\Temp\ConfirmEmail.exe</Data><Data Name='TargetFilename'>C:\Users\Administrator\AppData\Local\Packages\Microsoft.Windows.ShellExperienceHost_cw5n1h2txyewy\LocalCache\cHpfiXA9s.README.txt</Data><Data Name='CreationUtcTime'>2023-01-16 11:47:26.767</Data></EventData></Event>
8511:<Event xmlns='http://schemas.microsoft.com/win/2004/08/events/event'><System><Provider Name='Microsoft-Windows-Sysmon' Guid='{5770385F-C22A-43E0-BF4C-06F5698FFBD9}'/><EventID>11</EventID><Version>2</Version><Level>4</Level><Task>11</Task><Opcode>0</Opcode><Keywords>0x8000000000000000</Keywords><TimeCreated SystemTime='2023-01-16T11:47:26.772704100Z'/><EventRecordID>32581</EventRecordID><Correlation/><Execution ProcessID='2532' ThreadID='3012'/><Channel>Microsoft-Windows-Sysmon/Operational</Channel><Computer>win-dc-ctus-attack-range-221.attackrange.local</Computer><Security UserID='S-1-5-18'/></System><EventData><Data Name='RuleName'>-</Data><Data Name='UtcTime'>2023-01-16 11:47:26.767</Data><Data Name='ProcessGuid'>{FCCA13C7-394B-63C5-A305-00000000AF02}</Data><Data Name='ProcessId'>3676</Data><Data Name='Image'>C:\Temp\ConfirmEmail.exe</Data><Data Name='TargetFilename'>C:\Users\Administrator\AppData\Local\Packages\Microsoft.Windows.ShellExperienceHost_cw5n1h2txyewy\LocalState\cHpfiXA9s.README.txt</Data><Data Name='CreationUtcTime'>2023-01-16 11:47:26.767</Data></EventData></Event>
8512:<Event xmlns='http://schemas.microsoft.com/win/2004/08/events/event'><System><Provider Name='Microsoft-Windows-Sysmon' Guid='{5770385F-C22A-43E0-BF4C-06F5698FFBD9}'/><EventID>11</EventID><Version>2</Version><Level>4</Level><Task>11</Task><Opcode>0</Opcode><Keywords>0x8000000000000000</Keywords><TimeCreated SystemTime='2023-01-16T11:47:26.772049500Z'/><EventRecordID>32580</EventRecordID><Correlation/><Execution ProcessID='2532' ThreadID='3012'/><Channel>Microsoft-Windows-Sysmon/Operational</Channel><Computer>win-dc-ctus-attack-range-221.attackrange.local</Computer><Security UserID='S-1-5-18'/></System><EventData><Data Name='RuleName'>-</Data><Data Name='UtcTime'>2023-01-16 11:47:26.767</Data><Data Name='ProcessGuid'>{FCCA13C7-394B-63C5-A305-00000000AF02}</Data><Data Name='ProcessId'>3676</Data><Data Name='Image'>C:\Temp\ConfirmEmail.exe</Data><Data Name='TargetFilename'>C:\Users\Administrator\AppData\Local\Packages\Microsoft.Windows.ShellExperienceHost_cw5n1h2txyewy\RoamingState\cHpfiXA9s.README.txt</Data><Data Name='CreationUtcTime'>2023-01-16 11:47:26.767</Data></EventData></Event>
8513:<Event xmlns='http://schemas.microsoft.com/win/2004/08/events/event'><System><Provider Name='Microsoft-Windows-Sysmon' Guid='{5770385F-C22A-43E0-BF4C-06F5698FFBD9}'/><EventID>11</EventID><Version>2</Version><Level>4</Level><Task>11</Task><Opcode>0</Opcode><Keywords>0x8000000000000000</Keywords><TimeCreated SystemTime='2023-01-16T11:47:26.768801600Z'/><EventRecordID>32579</EventRecordID><Correlation/><Execution ProcessID='2532' ThreadID='3012'/><Channel>Microsoft-Windows-Sysmon/Operational</Channel><Computer>win-dc-ctus-attack-range-221.attackrange.local</Computer><Security UserID='S-1-5-18'/></System><EventData><Data Name='RuleName'>-</Data><Data Name='UtcTime'>2023-01-16 11:47:26.767</Data><Data Name='ProcessGuid'>{FCCA13C7-394B-63C5-A305-00000000AF02}</Data><Data Name='ProcessId'>3676</Data><Data Name='Image'>C:\Temp\ConfirmEmail.exe</Data><Data Name='TargetFilename'>C:\Users\Administrator\AppData\Local\Packages\Microsoft.Windows.ShellExperienceHost_cw5n1h2txyewy\Settings\cHpfiXA9s.README.txt</Data><Data Name='CreationUtcTime'>2023-01-16 11:47:26.767</Data></EventData></Event>
8514:<Event xmlns='http://schemas.microsoft.com/win/2004/08/events/event'><System><Provider Name='Microsoft-Windows-Sysmon' Guid='{5770385F-C22A-43E0-BF4C-06F5698FFBD9}'/><EventID>11</EventID><Version>2</Version><Level>4</Level><Task>11</Task><Opcode>0</Opcode><Keywords>0x8000000000000000</Keywords><TimeCreated SystemTime='2023-01-16T11:47:26.767909900Z'/><EventRecordID>32578</EventRecordID><Correlation/><Execution ProcessID='2532' ThreadID='3012'/><Channel>Microsoft-Windows-Sysmon/Operational</Channel><Computer>win-dc-ctus-attack-range-221.attackrange.local</Computer><Security UserID='S-1-5-18'/></System><EventData><Data Name='RuleName'>-</Data><Data Name='UtcTime'>2023-01-16 11:47:26.767</Data><Data Name='ProcessGuid'>{FCCA13C7-394B-63C5-A305-00000000AF02}</Data><Data Name='ProcessId'>3676</Data><Data Name='Image'>C:\Temp\ConfirmEmail.exe</Data><Data Name='TargetFilename'>C:\Users\Administrator\AppData\Local\Packages\Microsoft.Windows.ShellExperienceHost_cw5n1h2txyewy\SystemAppData\cHpfiXA9s.README.txt</Data><Data Name='CreationUtcTime'>2023-01-16 11:47:26.767</Data></EventData></Event>
8515:<Event xmlns='http://schemas.microsoft.com/win/2004/08/events/event'><System><Provider Name='Microsoft-Windows-Sysmon' Guid='{5770385F-C22A-43E0-BF4C-06F5698FFBD9}'/><EventID>11</EventID><Version>2</Version><Level>4</Level><Task>11</Task><Opcode>0</Opcode><Keywords>0x8000000000000000</Keywords><TimeCreated SystemTime='2023-01-16T11:47:26.760758700Z'/><EventRecordID>32577</EventRecordID><Correlation/><Execution ProcessID='2532' ThreadID='3012'/><Channel>Microsoft-Windows-Sysmon/Operational</Channel><Computer>win-dc-ctus-attack-range-221.attackrange.local</Computer><Security UserID='S-1-5-18'/></System><EventData><Data Name='RuleName'>-</Data><Data Name='UtcTime'>2023-01-16 11:47:26.751</Data><Data Name='ProcessGuid'>{FCCA13C7-394B-63C5-A305-00000000AF02}</Data><Data Name='ProcessId'>3676</Data><Data Name='Image'>C:\Temp\ConfirmEmail.exe</Data><Data Name='TargetFilename'>C:\Users\Administrator\AppData\Local\Packages\Microsoft.Windows.ShellExperienceHost_cw5n1h2txyewy\TempState\cHpfiXA9s.README.txt</Data><Data Name='CreationUtcTime'>2023-01-16 11:47:26.751</Data></EventData></Event>
8516:<Event xmlns='http://schemas.microsoft.com/win/2004/08/events/event'><System><Provider Name='Microsoft-Windows-Sysmon' Guid='{5770385F-C22A-43E0-BF4C-06F5698FFBD9}'/><EventID>11</EventID><Version>2</Version><Level>4</Level><Task>11</Task><Opcode>0</Opcode><Keywords>0x8000000000000000</Keywords><TimeCreated SystemTime='2023-01-16T11:47:26.759590100Z'/><EventRecordID>32576</EventRecordID><Correlation/><Execution ProcessID='2532' ThreadID='3012'/><Channel>Microsoft-Windows-Sysmon/Operational</Channel><Computer>win-dc-ctus-attack-range-221.attackrange.local</Computer><Security UserID='S-1-5-18'/></System><EventData><Data Name='RuleName'>-</Data><Data Name='UtcTime'>2023-01-16 11:47:26.751</Data><Data Name='ProcessGuid'>{FCCA13C7-394B-63C5-A305-00000000AF02}</Data><Data Name='ProcessId'>3676</Data><Data Name='Image'>C:\Temp\ConfirmEmail.exe</Data><Data Name='TargetFilename'>C:\Users\Administrator\AppData\Local\Packages\Microsoft.Windows.ShellExperienceHost_cw5n1h2txyewy\cHpfiXA9s.README.txt</Data><Data Name='CreationUtcTime'>2023-01-16 11:47:26.751</Data></EventData></Event>
8517:<Event xmlns='http://schemas.microsoft.com/win/2004/08/events/event'><System><Provider Name='Microsoft-Windows-Sysmon' Guid='{5770385F-C22A-43E0-BF4C-06F5698FFBD9}'/><EventID>11</EventID><Version>2</Version><Level>4</Level><Task>11</Task><Opcode>0</Opcode><Keywords>0x8000000000000000</Keywords><TimeCreated SystemTime='2023-01-16T11:47:26.758876500Z'/><EventRecordID>32575</EventRecordID><Correlation/><Execution ProcessID='2532' ThreadID='3012'/><Channel>Microsoft-Windows-Sysmon/Operational</Channel><Computer>win-dc-ctus-attack-range-221.attackrange.local</Computer><Security UserID='S-1-5-18'/></System><EventData><Data Name='RuleName'>-</Data><Data Name='UtcTime'>2023-01-16 11:47:26.751</Data><Data Name='ProcessGuid'>{FCCA13C7-394B-63C5-A305-00000000AF02}</Data><Data Name='ProcessId'>3676</Data><Data Name='Image'>C:\Temp\ConfirmEmail.exe</Data><Data Name='TargetFilename'>C:\Users\Administrator\AppData\Local\Packages\Microsoft.XboxGameCallableUI_cw5n1h2txyewy\AC\Temp\cHpfiXA9s.README.txt</Data><Data Name='CreationUtcTime'>2023-01-16 11:47:26.751</Data></EventData></Event>
8518:<Event xmlns='http://schemas.microsoft.com/win/2004/08/events/event'><System><Provider Name='Microsoft-Windows-Sysmon' Guid='{5770385F-C22A-43E0-BF4C-06F5698FFBD9}'/><EventID>11</EventID><Version>2</Version><Level>4</Level><Task>11</Task><Opcode>0</Opcode><Keywords>0x8000000000000000</Keywords><TimeCreated SystemTime='2023-01-16T11:47:26.758142500Z'/><EventRecordID>32574</EventRecordID><Correlation/><Execution ProcessID='2532' ThreadID='3012'/><Channel>Microsoft-Windows-Sysmon/Operational</Channel><Computer>win-dc-ctus-attack-range-221.attackrange.local</Computer><Security UserID='S-1-5-18'/></System><EventData><Data Name='RuleName'>-</Data><Data Name='UtcTime'>2023-01-16 11:47:26.751</Data><Data Name='ProcessGuid'>{FCCA13C7-394B-63C5-A305-00000000AF02}</Data><Data Name='ProcessId'>3676</Data><Data Name='Image'>C:\Temp\ConfirmEmail.exe</Data><Data Name='TargetFilename'>C:\Users\Administrator\AppData\Local\Packages\Microsoft.XboxGameCallableUI_cw5n1h2txyewy\AC\cHpfiXA9s.README.txt</Data><Data Name='CreationUtcTime'>2023-01-16 11:47:26.751</Data></EventData></Event>
8519:<Event xmlns='http://schemas.microsoft.com/win/2004/08/events/event'><System><Provider Name='Microsoft-Windows-Sysmon' Guid='{5770385F-C22A-43E0-BF4C-06F5698FFBD9}'/><EventID>11</EventID><Version>2</Version><Level>4</Level><Task>11</Task><Opcode>0</Opcode><Keywords>0x8000000000000000</Keywords><TimeCreated SystemTime='2023-01-16T11:47:26.757388000Z'/><EventRecordID>32573</EventRecordID><Correlation/><Execution ProcessID='2532' ThreadID='3012'/><Channel>Microsoft-Windows-Sysmon/Operational</Channel><Computer>win-dc-ctus-attack-range-221.attackrange.local</Computer><Security UserID='S-1-5-18'/></System><EventData><Data Name='RuleName'>-</Data><Data Name='UtcTime'>2023-01-16 11:47:26.751</Data><Data Name='ProcessGuid'>{FCCA13C7-394B-63C5-A305-00000000AF02}</Data><Data Name='ProcessId'>3676</Data><Data Name='Image'>C:\Temp\ConfirmEmail.exe</Data><Data Name='TargetFilename'>C:\Users\Administrator\AppData\Local\Packages\Microsoft.XboxGameCallableUI_cw5n1h2txyewy\AppData\cHpfiXA9s.README.txt</Data><Data Name='CreationUtcTime'>2023-01-16 11:47:26.751</Data></EventData></Event>
8520:<Event xmlns='http://schemas.microsoft.com/win/2004/08/events/event'><System><Provider Name='Microsoft-Windows-Sysmon' Guid='{5770385F-C22A-43E0-BF4C-06F5698FFBD9}'/><EventID>11</EventID><Version>2</Version><Level>4</Level><Task>11</Task><Opcode>0</Opcode><Keywords>0x8000000000000000</Keywords><TimeCreated SystemTime='2023-01-16T11:47:26.756656800Z'/><EventRecordID>32572</EventRecordID><Correlation/><Execution ProcessID='2532' ThreadID='3012'/><Channel>Microsoft-Windows-Sysmon/Operational</Channel><Computer>win-dc-ctus-attack-range-221.attackrange.local</Computer><Security UserID='S-1-5-18'/></System><EventData><Data Name='RuleName'>-</Data><Data Name='UtcTime'>2023-01-16 11:47:26.751</Data><Data Name='ProcessGuid'>{FCCA13C7-394B-63C5-A305-00000000AF02}</Data><Data Name='ProcessId'>3676</Data><Data Name='Image'>C:\Temp\ConfirmEmail.exe</Data><Data Name='TargetFilename'>C:\Users\Administrator\AppData\Local\Packages\Microsoft.XboxGameCallableUI_cw5n1h2txyewy\LocalCache\cHpfiXA9s.README.txt</Data><Data Name='CreationUtcTime'>2023-01-16 11:47:26.751</Data></EventData></Event>
8521:<Event xmlns='http://schemas.microsoft.com/win/2004/08/events/event'><System><Provider Name='Microsoft-Windows-Sysmon' Guid='{5770385F-C22A-43E0-BF4C-06F5698FFBD9}'/><EventID>11</EventID><Version>2</Version><Level>4</Level><Task>11</Task><Opcode>0</Opcode><Keywords>0x8000000000000000</Keywords><TimeCreated SystemTime='2023-01-16T11:47:26.755931800Z'/><EventRecordID>32571</EventRecordID><Correlation/><Execution ProcessID='2532' ThreadID='3012'/><Channel>Microsoft-Windows-Sysmon/Operational</Channel><Computer>win-dc-ctus-attack-range-221.attackrange.local</Computer><Security UserID='S-1-5-18'/></System><EventData><Data Name='RuleName'>-</Data><Data Name='UtcTime'>2023-01-16 11:47:26.751</Data><Data Name='ProcessGuid'>{FCCA13C7-394B-63C5-A305-00000000AF02}</Data><Data Name='ProcessId'>3676</Data><Data Name='Image'>C:\Temp\ConfirmEmail.exe</Data><Data Name='TargetFilename'>C:\Users\Administrator\AppData\Local\Packages\Microsoft.XboxGameCallableUI_cw5n1h2txyewy\LocalState\cHpfiXA9s.README.txt</Data><Data Name='CreationUtcTime'>2023-01-16 11:47:26.751</Data></EventData></Event>
8522:<Event xmlns='http://schemas.microsoft.com/win/2004/08/events/event'><System><Provider Name='Microsoft-Windows-Sysmon' Guid='{5770385F-C22A-43E0-BF4C-06F5698FFBD9}'/><EventID>11</EventID><Version>2</Version><Level>4</Level><Task>11</Task><Opcode>0</Opcode><Keywords>0x8000000000000000</Keywords><TimeCreated SystemTime='2023-01-16T11:47:26.755069500Z'/><EventRecordID>32570</EventRecordID><Correlation/><Execution ProcessID='2532' ThreadID='3012'/><Channel>Microsoft-Windows-Sysmon/Operational</Channel><Computer>win-dc-ctus-attack-range-221.attackrange.local</Computer><Security UserID='S-1-5-18'/></System><EventData><Data Name='RuleName'>-</Data><Data Name='UtcTime'>2023-01-16 11:47:26.751</Data><Data Name='ProcessGuid'>{FCCA13C7-394B-63C5-A305-00000000AF02}</Data><Data Name='ProcessId'>3676</Data><Data Name='Image'>C:\Temp\ConfirmEmail.exe</Data><Data Name='TargetFilename'>C:\Users\Administrator\AppData\Local\Packages\Microsoft.XboxGameCallableUI_cw5n1h2txyewy\RoamingState\cHpfiXA9s.README.txt</Data><Data Name='CreationUtcTime'>2023-01-16 11:47:26.751</Data></EventData></Event>
8523:<Event xmlns='http://schemas.microsoft.com/win/2004/08/events/event'><System><Provider Name='Microsoft-Windows-Sysmon' Guid='{5770385F-C22A-43E0-BF4C-06F5698FFBD9}'/><EventID>11</EventID><Version>2</Version><Level>4</Level><Task>11</Task><Opcode>0</Opcode><Keywords>0x8000000000000000</Keywords><TimeCreated SystemTime='2023-01-16T11:47:26.750259400Z'/><EventRecordID>32569</EventRecordID><Correlation/><Execution ProcessID='2532' ThreadID='3012'/><Channel>Microsoft-Windows-Sysmon/Operational</Channel><Computer>win-dc-ctus-attack-range-221.attackrange.local</Computer><Security UserID='S-1-5-18'/></System><EventData><Data Name='RuleName'>-</Data><Data Name='UtcTime'>2023-01-16 11:47:26.736</Data><Data Name='ProcessGuid'>{FCCA13C7-394B-63C5-A305-00000000AF02}</Data><Data Name='ProcessId'>3676</Data><Data Name='Image'>C:\Temp\ConfirmEmail.exe</Data><Data Name='TargetFilename'>C:\Users\Administrator\AppData\Local\Packages\Microsoft.XboxGameCallableUI_cw5n1h2txyewy\Settings\cHpfiXA9s.README.txt</Data><Data Name='CreationUtcTime'>2023-01-16 11:47:26.736</Data></EventData></Event>
8524:<Event xmlns='http://schemas.microsoft.com/win/2004/08/events/event'><System><Provider Name='Microsoft-Windows-Sysmon' Guid='{5770385F-C22A-43E0-BF4C-06F5698FFBD9}'/><EventID>11</EventID><Version>2</Version><Level>4</Level><Task>11</Task><Opcode>0</Opcode><Keywords>0x8000000000000000</Keywords><TimeCreated SystemTime='2023-01-16T11:47:26.749651900Z'/><EventRecordID>32568</EventRecordID><Correlation/><Execution ProcessID='2532' ThreadID='3012'/><Channel>Microsoft-Windows-Sysmon/Operational</Channel><Computer>win-dc-ctus-attack-range-221.attackrange.local</Computer><Security UserID='S-1-5-18'/></System><EventData><Data Name='RuleName'>-</Data><Data Name='UtcTime'>2023-01-16 11:47:26.736</Data><Data Name='ProcessGuid'>{FCCA13C7-394B-63C5-A305-00000000AF02}</Data><Data Name='ProcessId'>3676</Data><Data Name='Image'>C:\Temp\ConfirmEmail.exe</Data><Data Name='TargetFilename'>C:\Users\Administrator\AppData\Local\Packages\Microsoft.XboxGameCallableUI_cw5n1h2txyewy\SystemAppData\cHpfiXA9s.README.txt</Data><Data Name='CreationUtcTime'>2023-01-16 11:47:26.736</Data></EventData></Event>
8525:<Event xmlns='http://schemas.microsoft.com/win/2004/08/events/event'><System><Provider Name='Microsoft-Windows-Sysmon' Guid='{5770385F-C22A-43E0-BF4C-06F5698FFBD9}'/><EventID>11</EventID><Version>2</Version><Level>4</Level><Task>11</Task><Opcode>0</Opcode><Keywords>0x8000000000000000</Keywords><TimeCreated SystemTime='2023-01-16T11:47:26.748929800Z'/><EventRecordID>32567</EventRecordID><Correlation/><Execution ProcessID='2532' ThreadID='3012'/><Channel>Microsoft-Windows-Sysmon/Operational</Channel><Computer>win-dc-ctus-attack-range-221.attackrange.local</Computer><Security UserID='S-1-5-18'/></System><EventData><Data Name='RuleName'>-</Data><Data Name='UtcTime'>2023-01-16 11:47:26.736</Data><Data Name='ProcessGuid'>{FCCA13C7-394B-63C5-A305-00000000AF02}</Data><Data Name='ProcessId'>3676</Data><Data Name='Image'>C:\Temp\ConfirmEmail.exe</Data><Data Name='TargetFilename'>C:\Users\Administrator\AppData\Local\Packages\Microsoft.XboxGameCallableUI_cw5n1h2txyewy\TempState\cHpfiXA9s.README.txt</Data><Data Name='CreationUtcTime'>2023-01-16 11:47:26.736</Data></EventData></Event>
8526:<Event xmlns='http://schemas.microsoft.com/win/2004/08/events/event'><System><Provider Name='Microsoft-Windows-Sysmon' Guid='{5770385F-C22A-43E0-BF4C-06F5698FFBD9}'/><EventID>11</EventID><Version>2</Version><Level>4</Level><Task>11</Task><Opcode>0</Opcode><Keywords>0x8000000000000000</Keywords><TimeCreated SystemTime='2023-01-16T11:47:26.748197800Z'/><EventRecordID>32566</EventRecordID><Correlation/><Execution ProcessID='2532' ThreadID='3012'/><Channel>Microsoft-Windows-Sysmon/Operational</Channel><Computer>win-dc-ctus-attack-range-221.attackrange.local</Computer><Security UserID='S-1-5-18'/></System><EventData><Data Name='RuleName'>-</Data><Data Name='UtcTime'>2023-01-16 11:47:26.736</Data><Data Name='ProcessGuid'>{FCCA13C7-394B-63C5-A305-00000000AF02}</Data><Data Name='ProcessId'>3676</Data><Data Name='Image'>C:\Temp\ConfirmEmail.exe</Data><Data Name='TargetFilename'>C:\Users\Administrator\AppData\Local\Packages\Microsoft.XboxGameCallableUI_cw5n1h2txyewy\cHpfiXA9s.README.txt</Data><Data Name='CreationUtcTime'>2023-01-16 11:47:26.736</Data></EventData></Event>
8527:<Event xmlns='http://schemas.microsoft.com/win/2004/08/events/event'><System><Provider Name='Microsoft-Windows-Sysmon' Guid='{5770385F-C22A-43E0-BF4C-06F5698FFBD9}'/><EventID>11</EventID><Version>2</Version><Level>4</Level><Task>11</Task><Opcode>0</Opcode><Keywords>0x8000000000000000</Keywords><TimeCreated SystemTime='2023-01-16T11:47:26.747410100Z'/><EventRecordID>32565</EventRecordID><Correlation/><Execution ProcessID='2532' ThreadID='3012'/><Channel>Microsoft-Windows-Sysmon/Operational</Channel><Computer>win-dc-ctus-attack-range-221.attackrange.local</Computer><Security UserID='S-1-5-18'/></System><EventData><Data Name='RuleName'>-</Data><Data Name='UtcTime'>2023-01-16 11:47:26.736</Data><Data Name='ProcessGuid'>{FCCA13C7-394B-63C5-A305-00000000AF02}</Data><Data Name='ProcessId'>3676</Data><Data Name='Image'>C:\Temp\ConfirmEmail.exe</Data><Data Name='TargetFilename'>C:\Users\Administrator\AppData\Local\Packages\windows.immersivecontrolpanel_cw5n1h2txyewy\AC\cHpfiXA9s.README.txt</Data><Data Name='CreationUtcTime'>2023-01-16 11:47:26.736</Data></EventData></Event>
8528:<Event xmlns='http://schemas.microsoft.com/win/2004/08/events/event'><System><Provider Name='Microsoft-Windows-Sysmon' Guid='{5770385F-C22A-43E0-BF4C-06F5698FFBD9}'/><EventID>11</EventID><Version>2</Version><Level>4</Level><Task>11</Task><Opcode>0</Opcode><Keywords>0x8000000000000000</Keywords><TimeCreated SystemTime='2023-01-16T11:47:26.746762900Z'/><EventRecordID>32564</EventRecordID><Correlation/><Execution ProcessID='2532' ThreadID='3012'/><Channel>Microsoft-Windows-Sysmon/Operational</Channel><Computer>win-dc-ctus-attack-range-221.attackrange.local</Computer><Security UserID='S-1-5-18'/></System><EventData><Data Name='RuleName'>-</Data><Data Name='UtcTime'>2023-01-16 11:47:26.736</Data><Data Name='ProcessGuid'>{FCCA13C7-394B-63C5-A305-00000000AF02}</Data><Data Name='ProcessId'>3676</Data><Data Name='Image'>C:\Temp\ConfirmEmail.exe</Data><Data Name='TargetFilename'>C:\Users\Administrator\AppData\Local\Packages\windows.immersivecontrolpanel_cw5n1h2txyewy\AppData\cHpfiXA9s.README.txt</Data><Data Name='CreationUtcTime'>2023-01-16 11:47:26.736</Data></EventData></Event>
8529:<Event xmlns='http://schemas.microsoft.com/win/2004/08/events/event'><System><Provider Name='Microsoft-Windows-Sysmon' Guid='{5770385F-C22A-43E0-BF4C-06F5698FFBD9}'/><EventID>11</EventID><Version>2</Version><Level>4</Level><Task>11</Task><Opcode>0</Opcode><Keywords>0x8000000000000000</Keywords><TimeCreated SystemTime='2023-01-16T11:47:26.746064500Z'/><EventRecordID>32563</EventRecordID><Correlation/><Execution ProcessID='2532' ThreadID='3012'/><Channel>Microsoft-Windows-Sysmon/Operational</Channel><Computer>win-dc-ctus-attack-range-221.attackrange.local</Computer><Security UserID='S-1-5-18'/></System><EventData><Data Name='RuleName'>-</Data><Data Name='UtcTime'>2023-01-16 11:47:26.736</Data><Data Name='ProcessGuid'>{FCCA13C7-394B-63C5-A305-00000000AF02}</Data><Data Name='ProcessId'>3676</Data><Data Name='Image'>C:\Temp\ConfirmEmail.exe</Data><Data Name='TargetFilename'>C:\Users\Administrator\AppData\Local\Packages\windows.immersivecontrolpanel_cw5n1h2txyewy\LocalCache\cHpfiXA9s.README.txt</Data><Data Name='CreationUtcTime'>2023-01-16 11:47:26.736</Data></EventData></Event>
8554:<Event xmlns='http://schemas.microsoft.com/win/2004/08/events/event'><System><Provider Name='Microsoft-Windows-Sysmon' Guid='{5770385F-C22A-43E0-BF4C-06F5698FFBD9}'/><EventID>11</EventID><Version>2</Version><Level>4</Level><Task>11</Task><Opcode>0</Opcode><Keywords>0x8000000000000000</Keywords><TimeCreated SystemTime='2023-01-16T11:47:27.897211800Z'/><EventRecordID>32988</EventRecordID><Correlation/><Execution ProcessID='2532' ThreadID='3012'/><Channel>Microsoft-Windows-Sysmon/Operational</Channel><Computer>win-dc-ctus-attack-range-221.attackrange.local</Computer><Security UserID='S-1-5-18'/></System><EventData><Data Name='RuleName'>-</Data><Data Name='UtcTime'>2023-01-16 11:47:27.885</Data><Data Name='ProcessGuid'>{FCCA13C7-394B-63C5-A305-00000000AF02}</Data><Data Name='ProcessId'>3676</Data><Data Name='Image'>C:\Temp\ConfirmEmail.exe</Data><Data Name='TargetFilename'>C:\ProgramData\USOShared\Logs\cHpfiXA9s.README.txt</Data><Data Name='CreationUtcTime'>2023-01-16 11:47:27.885</Data></EventData></Event>
8555:<Event xmlns='http://schemas.microsoft.com/win/2004/08/events/event'><System><Provider Name='Microsoft-Windows-Sysmon' Guid='{5770385F-C22A-43E0-BF4C-06F5698FFBD9}'/><EventID>11</EventID><Version>2</Version><Level>4</Level><Task>11</Task><Opcode>0</Opcode><Keywords>0x8000000000000000</Keywords><TimeCreated SystemTime='2023-01-16T11:47:27.864571400Z'/><EventRecordID>32987</EventRecordID><Correlation/><Execution ProcessID='2532' ThreadID='3012'/><Channel>Microsoft-Windows-Sysmon/Operational</Channel><Computer>win-dc-ctus-attack-range-221.attackrange.local</Computer><Security UserID='S-1-5-18'/></System><EventData><Data Name='RuleName'>-</Data><Data Name='UtcTime'>2023-01-16 11:47:27.854</Data><Data Name='ProcessGuid'>{FCCA13C7-394B-63C5-A305-00000000AF02}</Data><Data Name='ProcessId'>3676</Data><Data Name='Image'>C:\Temp\ConfirmEmail.exe</Data><Data Name='TargetFilename'>C:\ProgramData\USOShared\cHpfiXA9s.README.txt</Data><Data Name='CreationUtcTime'>2023-01-16 11:47:27.854</Data></EventData></Event>
8556:<Event xmlns='http://schemas.microsoft.com/win/2004/08/events/event'><System><Provider Name='Microsoft-Windows-Sysmon' Guid='{5770385F-C22A-43E0-BF4C-06F5698FFBD9}'/><EventID>11</EventID><Version>2</Version><Level>4</Level><Task>11</Task><Opcode>0</Opcode><Keywords>0x8000000000000000</Keywords><TimeCreated SystemTime='2023-01-16T11:47:27.860899600Z'/><EventRecordID>32986</EventRecordID><Correlation/><Execution ProcessID='2532' ThreadID='3012'/><Channel>Microsoft-Windows-Sysmon/Operational</Channel><Computer>win-dc-ctus-attack-range-221.attackrange.local</Computer><Security UserID='S-1-5-18'/></System><EventData><Data Name='RuleName'>-</Data><Data Name='UtcTime'>2023-01-16 11:47:27.854</Data><Data Name='ProcessGuid'>{FCCA13C7-394B-63C5-A305-00000000AF02}</Data><Data Name='ProcessId'>3676</Data><Data Name='Image'>C:\Temp\ConfirmEmail.exe</Data><Data Name='TargetFilename'>C:\ProgramData\cHpfiXA9s.README.txt</Data><Data Name='CreationUtcTime'>2023-01-16 11:47:27.854</Data></EventData></Event>
8557:<Event xmlns='http://schemas.microsoft.com/win/2004/08/events/event'><System><Provider Name='Microsoft-Windows-Sysmon' Guid='{5770385F-C22A-43E0-BF4C-06F5698FFBD9}'/><EventID>11</EventID><Version>2</Version><Level>4</Level><Task>11</Task><Opcode>0</Opcode><Keywords>0x8000000000000000</Keywords><TimeCreated SystemTime='2023-01-16T11:47:27.858061000Z'/><EventRecordID>32985</EventRecordID><Correlation/><Execution ProcessID='2532' ThreadID='3012'/><Channel>Microsoft-Windows-Sysmon/Operational</Channel><Computer>win-dc-ctus-attack-range-221.attackrange.local</Computer><Security UserID='S-1-5-18'/></System><EventData><Data Name='RuleName'>-</Data><Data Name='UtcTime'>2023-01-16 11:47:27.854</Data><Data Name='ProcessGuid'>{FCCA13C7-394B-63C5-A305-00000000AF02}</Data><Data Name='ProcessId'>3676</Data><Data Name='Image'>C:\Temp\ConfirmEmail.exe</Data><Data Name='TargetFilename'>C:\Temp\cHpfiXA9s.README.txt</Data><Data Name='CreationUtcTime'>2023-01-16 11:47:27.854</Data></EventData></Event>
8558:<Event xmlns='http://schemas.microsoft.com/win/2004/08/events/event'><System><Provider Name='Microsoft-Windows-Sysmon' Guid='{5770385F-C22A-43E0-BF4C-06F5698FFBD9}'/><EventID>11</EventID><Version>2</Version><Level>4</Level><Task>11</Task><Opcode>0</Opcode><Keywords>0x8000000000000000</Keywords><TimeCreated SystemTime='2023-01-16T11:47:27.857471100Z'/><EventRecordID>32984</EventRecordID><Correlation/><Execution ProcessID='2532' ThreadID='3012'/><Channel>Microsoft-Windows-Sysmon/Operational</Channel><Computer>win-dc-ctus-attack-range-221.attackrange.local</Computer><Security UserID='S-1-5-18'/></System><EventData><Data Name='RuleName'>-</Data><Data Name='UtcTime'>2023-01-16 11:47:27.854</Data><Data Name='ProcessGuid'>{FCCA13C7-394B-63C5-A305-00000000AF02}</Data><Data Name='ProcessId'>3676</Data><Data Name='Image'>C:\Temp\ConfirmEmail.exe</Data><Data Name='TargetFilename'>C:\Users\Administrator\AppData\Local\AWSToolkit\cHpfiXA9s.README.txt</Data><Data Name='CreationUtcTime'>2023-01-16 11:47:27.854</Data></EventData></Event>
8559:<Event xmlns='http://schemas.microsoft.com/win/2004/08/events/event'><System><Provider Name='Microsoft-Windows-Sysmon' Guid='{5770385F-C22A-43E0-BF4C-06F5698FFBD9}'/><EventID>11</EventID><Version>2</Version><Level>4</Level><Task>11</Task><Opcode>0</Opcode><Keywords>0x8000000000000000</Keywords><TimeCreated SystemTime='2023-01-16T11:47:27.853770200Z'/><EventRecordID>32983</EventRecordID><Correlation/><Execution ProcessID='2532' ThreadID='3012'/><Channel>Microsoft-Windows-Sysmon/Operational</Channel><Computer>win-dc-ctus-attack-range-221.attackrange.local</Computer><Security UserID='S-1-5-18'/></System><EventData><Data Name='RuleName'>-</Data><Data Name='UtcTime'>2023-01-16 11:47:27.838</Data><Data Name='ProcessGuid'>{FCCA13C7-394B-63C5-A305-00000000AF02}</Data><Data Name='ProcessId'>3676</Data><Data Name='Image'>C:\Temp\ConfirmEmail.exe</Data><Data Name='TargetFilename'>C:\Users\Administrator\AppData\Local\Comms\Unistore\data\cHpfiXA9s.README.txt</Data><Data Name='CreationUtcTime'>2023-01-16 11:47:27.838</Data></EventData></Event>
8560:<Event xmlns='http://schemas.microsoft.com/win/2004/08/events/event'><System><Provider Name='Microsoft-Windows-Sysmon' Guid='{5770385F-C22A-43E0-BF4C-06F5698FFBD9}'/><EventID>11</EventID><Version>2</Version><Level>4</Level><Task>11</Task><Opcode>0</Opcode><Keywords>0x8000000000000000</Keywords><TimeCreated SystemTime='2023-01-16T11:47:27.852784300Z'/><EventRecordID>32982</EventRecordID><Correlation/><Execution ProcessID='2532' ThreadID='3012'/><Channel>Microsoft-Windows-Sysmon/Operational</Channel><Computer>win-dc-ctus-attack-range-221.attackrange.local</Computer><Security UserID='S-1-5-18'/></System><EventData><Data Name='RuleName'>-</Data><Data Name='UtcTime'>2023-01-16 11:47:27.838</Data><Data Name='ProcessGuid'>{FCCA13C7-394B-63C5-A305-00000000AF02}</Data><Data Name='ProcessId'>3676</Data><Data Name='Image'>C:\Temp\ConfirmEmail.exe</Data><Data Name='TargetFilename'>C:\Users\Administrator\AppData\Local\Comms\Unistore\cHpfiXA9s.README.txt</Data><Data Name='CreationUtcTime'>2023-01-16 11:47:27.838</Data></EventData></Event>
8561:<Event xmlns='http://schemas.microsoft.com/win/2004/08/events/event'><System><Provider Name='Microsoft-Windows-Sysmon' Guid='{5770385F-C22A-43E0-BF4C-06F5698FFBD9}'/><EventID>11</EventID><Version>2</Version><Level>4</Level><Task>11</Task><Opcode>0</Opcode><Keywords>0x8000000000000000</Keywords><TimeCreated SystemTime='2023-01-16T11:47:27.834319600Z'/><EventRecordID>32981</EventRecordID><Correlation/><Execution ProcessID='2532' ThreadID='3012'/><Channel>Microsoft-Windows-Sysmon/Operational</Channel><Computer>win-dc-ctus-attack-range-221.attackrange.local</Computer><Security UserID='S-1-5-18'/></System><EventData><Data Name='RuleName'>-</Data><Data Name='UtcTime'>2023-01-16 11:47:27.822</Data><Data Name='ProcessGuid'>{FCCA13C7-394B-63C5-A305-00000000AF02}</Data><Data Name='ProcessId'>3676</Data><Data Name='Image'>C:\Temp\ConfirmEmail.exe</Data><Data Name='TargetFilename'>C:\Users\Administrator\AppData\Local\Comms\UnistoreDB\cHpfiXA9s.README.txt</Data><Data Name='CreationUtcTime'>2023-01-16 11:47:27.822</Data></EventData></Event>
8562:<Event xmlns='http://schemas.microsoft.com/win/2004/08/events/event'><System><Provider Name='Microsoft-Windows-Sysmon' Guid='{5770385F-C22A-43E0-BF4C-06F5698FFBD9}'/><EventID>11</EventID><Version>2</Version><Level>4</Level><Task>11</Task><Opcode>0</Opcode><Keywords>0x8000000000000000</Keywords><TimeCreated SystemTime='2023-01-16T11:47:27.832818700Z'/><EventRecordID>32980</EventRecordID><Correlation/><Execution ProcessID='2532' ThreadID='3012'/><Channel>Microsoft-Windows-Sysmon/Operational</Channel><Computer>win-dc-ctus-attack-range-221.attackrange.local</Computer><Security UserID='S-1-5-18'/></System><EventData><Data Name='RuleName'>-</Data><Data Name='UtcTime'>2023-01-16 11:47:27.822</Data><Data Name='ProcessGuid'>{FCCA13C7-394B-63C5-A305-00000000AF02}</Data><Data Name='ProcessId'>3676</Data><Data Name='Image'>C:\Temp\ConfirmEmail.exe</Data><Data Name='TargetFilename'>C:\Users\Administrator\AppData\Local\Comms\cHpfiXA9s.README.txt</Data><Data Name='CreationUtcTime'>2023-01-16 11:47:27.822</Data></EventData></Event>
8579:<Event xmlns='http://schemas.microsoft.com/win/2004/08/events/event'><System><Provider Name='Microsoft-Windows-Sysmon' Guid='{5770385F-C22A-43E0-BF4C-06F5698FFBD9}'/><EventID>11</EventID><Version>2</Version><Level>4</Level><Task>11</Task><Opcode>0</Opcode><Keywords>0x8000000000000000</Keywords><TimeCreated SystemTime='2023-01-16T11:47:27.574308100Z'/><EventRecordID>32963</EventRecordID><Correlation/><Execution ProcessID='2532' ThreadID='3012'/><Channel>Microsoft-Windows-Sysmon/Operational</Channel><Computer>win-dc-ctus-attack-range-221.attackrange.local</Computer><Security UserID='S-1-5-18'/></System><EventData><Data Name='RuleName'>-</Data><Data Name='UtcTime'>2023-01-16 11:47:27.573</Data><Data Name='ProcessGuid'>{FCCA13C7-394B-63C5-A305-00000000AF02}</Data><Data Name='ProcessId'>3676</Data><Data Name='Image'>C:\Temp\ConfirmEmail.exe</Data><Data Name='TargetFilename'>C:\Users\Administrator\AppData\Local\ConnectedDevicesPlatform\cHpfiXA9s.README.txt</Data><Data Name='CreationUtcTime'>2023-01-16 11:47:27.573</Data></EventData></Event>
8580:<Event xmlns='http://schemas.microsoft.com/win/2004/08/events/event'><System><Provider Name='Microsoft-Windows-Sysmon' Guid='{5770385F-C22A-43E0-BF4C-06F5698FFBD9}'/><EventID>11</EventID><Version>2</Version><Level>4</Level><Task>11</Task><Opcode>0</Opcode><Keywords>0x8000000000000000</Keywords><TimeCreated SystemTime='2023-01-16T11:47:27.573571200Z'/><EventRecordID>32962</EventRecordID><Correlation/><Execution ProcessID='2532' ThreadID='3012'/><Channel>Microsoft-Windows-Sysmon/Operational</Channel><Computer>win-dc-ctus-attack-range-221.attackrange.local</Computer><Security UserID='S-1-5-18'/></System><EventData><Data Name='RuleName'>-</Data><Data Name='UtcTime'>2023-01-16 11:47:27.573</Data><Data Name='ProcessGuid'>{FCCA13C7-394B-63C5-A305-00000000AF02}</Data><Data Name='ProcessId'>3676</Data><Data Name='Image'>C:\Temp\ConfirmEmail.exe</Data><Data Name='TargetFilename'>C:\Users\Administrator\AppData\Local\Microsoft\Event Viewer\cHpfiXA9s.README.txt</Data><Data Name='CreationUtcTime'>2023-01-16 11:47:27.573</Data></EventData></Event>
8581:<Event xmlns='http://schemas.microsoft.com/win/2004/08/events/event'><System><Provider Name='Microsoft-Windows-Sysmon' Guid='{5770385F-C22A-43E0-BF4C-06F5698FFBD9}'/><EventID>11</EventID><Version>2</Version><Level>4</Level><Task>11</Task><Opcode>0</Opcode><Keywords>0x8000000000000000</Keywords><TimeCreated SystemTime='2023-01-16T11:47:27.572778100Z'/><EventRecordID>32961</EventRecordID><Correlation/><Execution ProcessID='2532' ThreadID='3012'/><Channel>Microsoft-Windows-Sysmon/Operational</Channel><Computer>win-dc-ctus-attack-range-221.attackrange.local</Computer><Security UserID='S-1-5-18'/></System><EventData><Data Name='RuleName'>-</Data><Data Name='UtcTime'>2023-01-16 11:47:27.572</Data><Data Name='ProcessGuid'>{FCCA13C7-394B-63C5-A305-00000000AF02}</Data><Data Name='ProcessId'>3676</Data><Data Name='Image'>C:\Temp\ConfirmEmail.exe</Data><Data Name='TargetFilename'>C:\Users\Administrator\AppData\Local\Microsoft\Feeds\{5588ACFD-6436-411B-A5CE-666AE6A92D3D}~\WebSlices~\cHpfiXA9s.README.txt</Data><Data Name='CreationUtcTime'>2023-01-16 11:47:27.572</Data></EventData></Event>
8582:<Event xmlns='http://schemas.microsoft.com/win/2004/08/events/event'><System><Provider Name='Microsoft-Windows-Sysmon' Guid='{5770385F-C22A-43E0-BF4C-06F5698FFBD9}'/><EventID>11</EventID><Version>2</Version><Level>4</Level><Task>11</Task><Opcode>0</Opcode><Keywords>0x8000000000000000</Keywords><TimeCreated SystemTime='2023-01-16T11:47:27.572071200Z'/><EventRecordID>32960</EventRecordID><Correlation/><Execution ProcessID='2532' ThreadID='3012'/><Channel>Microsoft-Windows-Sysmon/Operational</Channel><Computer>win-dc-ctus-attack-range-221.attackrange.local</Computer><Security UserID='S-1-5-18'/></System><EventData><Data Name='RuleName'>-</Data><Data Name='UtcTime'>2023-01-16 11:47:27.571</Data><Data Name='ProcessGuid'>{FCCA13C7-394B-63C5-A305-00000000AF02}</Data><Data Name='ProcessId'>3676</Data><Data Name='Image'>C:\Temp\ConfirmEmail.exe</Data><Data Name='TargetFilename'>C:\Users\Administrator\AppData\Local\Microsoft\Feeds\{5588ACFD-6436-411B-A5CE-666AE6A92D3D}~\cHpfiXA9s.README.txt</Data><Data Name='CreationUtcTime'>2023-01-16 11:47:27.571</Data></EventData></Event>
8583:<Event xmlns='http://schemas.microsoft.com/win/2004/08/events/event'><System><Provider Name='Microsoft-Windows-Sysmon' Guid='{5770385F-C22A-43E0-BF4C-06F5698FFBD9}'/><EventID>11</EventID><Version>2</Version><Level>4</Level><Task>11</Task><Opcode>0</Opcode><Keywords>0x8000000000000000</Keywords><TimeCreated SystemTime='2023-01-16T11:47:27.571378500Z'/><EventRecordID>32959</EventRecordID><Correlation/><Execution ProcessID='2532' ThreadID='3012'/><Channel>Microsoft-Windows-Sysmon/Operational</Channel><Computer>win-dc-ctus-attack-range-221.attackrange.local</Computer><Security UserID='S-1-5-18'/></System><EventData><Data Name='RuleName'>-</Data><Data Name='UtcTime'>2023-01-16 11:47:27.571</Data><Data Name='ProcessGuid'>{FCCA13C7-394B-63C5-A305-00000000AF02}</Data><Data Name='ProcessId'>3676</Data><Data Name='Image'>C:\Temp\ConfirmEmail.exe</Data><Data Name='TargetFilename'>C:\Users\Administrator\AppData\Local\Microsoft\Feeds\cHpfiXA9s.README.txt</Data><Data Name='CreationUtcTime'>2023-01-16 11:47:27.570</Data></EventData></Event>
8584:<Event xmlns='http://schemas.microsoft.com/win/2004/08/events/event'><System><Provider Name='Microsoft-Windows-Sysmon' Guid='{5770385F-C22A-43E0-BF4C-06F5698FFBD9}'/><EventID>11</EventID><Version>2</Version><Level>4</Level><Task>11</Task><Opcode>0</Opcode><Keywords>0x8000000000000000</Keywords><TimeCreated SystemTime='2023-01-16T11:47:27.570553100Z'/><EventRecordID>32958</EventRecordID><Correlation/><Execution ProcessID='2532' ThreadID='3012'/><Channel>Microsoft-Windows-Sysmon/Operational</Channel><Computer>win-dc-ctus-attack-range-221.attackrange.local</Computer><Security UserID='S-1-5-18'/></System><EventData><Data Name='RuleName'>-</Data><Data Name='UtcTime'>2023-01-16 11:47:27.570</Data><Data Name='ProcessGuid'>{FCCA13C7-394B-63C5-A305-00000000AF02}</Data><Data Name='ProcessId'>3676</Data><Data Name='Image'>C:\Temp\ConfirmEmail.exe</Data><Data Name='TargetFilename'>C:\Users\Administrator\AppData\Local\Microsoft\InstallAgent\Checkpoints\cHpfiXA9s.README.txt</Data><Data Name='CreationUtcTime'>2023-01-16 11:47:27.570</Data></EventData></Event>
8585:<Event xmlns='http://schemas.microsoft.com/win/2004/08/events/event'><System><Provider Name='Microsoft-Windows-Sysmon' Guid='{5770385F-C22A-43E0-BF4C-06F5698FFBD9}'/><EventID>11</EventID><Version>2</Version><Level>4</Level><Task>11</Task><Opcode>0</Opcode><Keywords>0x8000000000000000</Keywords><TimeCreated SystemTime='2023-01-16T11:47:27.569620800Z'/><EventRecordID>32957</EventRecordID><Correlation/><Execution ProcessID='2532' ThreadID='3012'/><Channel>Microsoft-Windows-Sysmon/Operational</Channel><Computer>win-dc-ctus-attack-range-221.attackrange.local</Computer><Security UserID='S-1-5-18'/></System><EventData><Data Name='RuleName'>-</Data><Data Name='UtcTime'>2023-01-16 11:47:27.569</Data><Data Name='ProcessGuid'>{FCCA13C7-394B-63C5-A305-00000000AF02}</Data><Data Name='ProcessId'>3676</Data><Data Name='Image'>C:\Temp\ConfirmEmail.exe</Data><Data Name='TargetFilename'>C:\Users\Administrator\AppData\Local\Microsoft\InstallAgent\cHpfiXA9s.README.txt</Data><Data Name='CreationUtcTime'>2023-01-16 11:47:27.568</Data></EventData></Event>
8586:<Event xmlns='http://schemas.microsoft.com/win/2004/08/events/event'><System><Provider Name='Microsoft-Windows-Sysmon' Guid='{5770385F-C22A-43E0-BF4C-06F5698FFBD9}'/><EventID>11</EventID><Version>2</Version><Level>4</Level><Task>11</Task><Opcode>0</Opcode><Keywords>0x8000000000000000</Keywords><TimeCreated SystemTime='2023-01-16T11:47:27.567674700Z'/><EventRecordID>32956</EventRecordID><Correlation/><Execution ProcessID='2532' ThreadID='3012'/><Channel>Microsoft-Windows-Sysmon/Operational</Channel><Computer>win-dc-ctus-attack-range-221.attackrange.local</Computer><Security UserID='S-1-5-18'/></System><EventData><Data Name='RuleName'>-</Data><Data Name='UtcTime'>2023-01-16 11:47:27.564</Data><Data Name='ProcessGuid'>{FCCA13C7-394B-63C5-A305-00000000AF02}</Data><Data Name='ProcessId'>3676</Data><Data Name='Image'>C:\Temp\ConfirmEmail.exe</Data><Data Name='TargetFilename'>C:\Users\Administrator\AppData\Local\Microsoft\Internet Explorer\IECompatData\cHpfiXA9s.README.txt</Data><Data Name='CreationUtcTime'>2023-01-16 11:47:27.564</Data></EventData></Event>
8587:<Event xmlns='http://schemas.microsoft.com/win/2004/08/events/event'><System><Provider Name='Microsoft-Windows-Sysmon' Guid='{5770385F-C22A-43E0-BF4C-06F5698FFBD9}'/><EventID>11</EventID><Version>2</Version><Level>4</Level><Task>11</Task><Opcode>0</Opcode><Keywords>0x8000000000000000</Keywords><TimeCreated SystemTime='2023-01-16T11:47:27.567632500Z'/><EventRecordID>32955</EventRecordID><Correlation/><Execution ProcessID='2532' ThreadID='3012'/><Channel>Microsoft-Windows-Sysmon/Operational</Channel><Computer>win-dc-ctus-attack-range-221.attackrange.local</Computer><Security UserID='S-1-5-18'/></System><EventData><Data Name='RuleName'>-</Data><Data Name='UtcTime'>2023-01-16 11:47:27.560</Data><Data Name='ProcessGuid'>{FCCA13C7-394B-63C5-A305-00000000AF02}</Data><Data Name='ProcessId'>3676</Data><Data Name='Image'>C:\Temp\ConfirmEmail.exe</Data><Data Name='TargetFilename'>C:\Users\Administrator\AppData\Local\Microsoft\Internet Explorer\imagestore\2p6opy5\cHpfiXA9s.README.txt</Data><Data Name='CreationUtcTime'>2023-01-16 11:47:27.560</Data></EventData></Event>
8588:<Event xmlns='http://schemas.microsoft.com/win/2004/08/events/event'><System><Provider Name='Microsoft-Windows-Sysmon' Guid='{5770385F-C22A-43E0-BF4C-06F5698FFBD9}'/><EventID>11</EventID><Version>2</Version><Level>4</Level><Task>11</Task><Opcode>0</Opcode><Keywords>0x8000000000000000</Keywords><TimeCreated SystemTime='2023-01-16T11:47:27.567589100Z'/><EventRecordID>32954</EventRecordID><Correlation/><Execution ProcessID='2532' ThreadID='3012'/><Channel>Microsoft-Windows-Sysmon/Operational</Channel><Computer>win-dc-ctus-attack-range-221.attackrange.local</Computer><Security UserID='S-1-5-18'/></System><EventData><Data Name='RuleName'>-</Data><Data Name='UtcTime'>2023-01-16 11:47:27.559</Data><Data Name='ProcessGuid'>{FCCA13C7-394B-63C5-A305-00000000AF02}</Data><Data Name='ProcessId'>3676</Data><Data Name='Image'>C:\Temp\ConfirmEmail.exe</Data><Data Name='TargetFilename'>C:\Users\Administrator\AppData\Local\Microsoft\Internet Explorer\imagestore\cHpfiXA9s.README.txt</Data><Data Name='CreationUtcTime'>2023-01-16 11:47:27.559</Data></EventData></Event>
