8171:<Event xmlns='http://schemas.microsoft.com/win/2004/08/events/event'><System><Provider Name='Microsoft-Windows-Sysmon' Guid='{5770385F-C22A-43E0-BF4C-06F5698FFBD9}'/><EventID>11</EventID><Version>2</Version><Level>4</Level><Task>11</Task><Opcode>0</Opcode><Keywords>0x8000000000000000</Keywords><TimeCreated SystemTime='2023-01-16T11:47:24.560449100Z'/><EventRecordID>32345</EventRecordID><Correlation/><Execution ProcessID='2532' ThreadID='3012'/><Channel>Microsoft-Windows-Sysmon/Operational</Channel><Computer>win-dc-ctus-attack-range-221.attackrange.local</Computer><Security UserID='S-1-5-18'/></System><EventData><Data Name='RuleName'>-</Data><Data Name='UtcTime'>2023-01-16 11:47:24.551</Data><Data Name='ProcessGuid'>{FCCA13C7-394B-63C5-A305-00000000AF02}</Data><Data Name='ProcessId'>3676</Data><Data Name='Image'>C:\Temp\ConfirmEmail.exe</Data><Data Name='TargetFilename'>C:\Users\Default\AppData\Local\Comms\UnistoreDB\cHpfiXA9s.README.txt</Data><Data Name='CreationUtcTime'>2023-01-16 11:47:24.551</Data></EventData></Event>
8172:<Event xmlns='http://schemas.microsoft.com/win/2004/08/events/event'><System><Provider Name='Microsoft-Windows-Sysmon' Guid='{5770385F-C22A-43E0-BF4C-06F5698FFBD9}'/><EventID>11</EventID><Version>2</Version><Level>4</Level><Task>11</Task><Opcode>0</Opcode><Keywords>0x8000000000000000</Keywords><TimeCreated SystemTime='2023-01-16T11:47:24.559472900Z'/><EventRecordID>32344</EventRecordID><Correlation/><Execution ProcessID='2532' ThreadID='3012'/><Channel>Microsoft-Windows-Sysmon/Operational</Channel><Computer>win-dc-ctus-attack-range-221.attackrange.local</Computer><Security UserID='S-1-5-18'/></System><EventData><Data Name='RuleName'>-</Data><Data Name='UtcTime'>2023-01-16 11:47:24.551</Data><Data Name='ProcessGuid'>{FCCA13C7-394B-63C5-A305-00000000AF02}</Data><Data Name='ProcessId'>3676</Data><Data Name='Image'>C:\Temp\ConfirmEmail.exe</Data><Data Name='TargetFilename'>C:\Users\Default\AppData\Local\Comms\cHpfiXA9s.README.txt</Data><Data Name='CreationUtcTime'>2023-01-16 11:47:24.551</Data></EventData></Event>
8175:<Event xmlns='http://schemas.microsoft.com/win/2004/08/events/event'><System><Provider Name='Microsoft-Windows-Sysmon' Guid='{5770385F-C22A-43E0-BF4C-06F5698FFBD9}'/><EventID>11</EventID><Version>2</Version><Level>4</Level><Task>11</Task><Opcode>0</Opcode><Keywords>0x8000000000000000</Keywords><TimeCreated SystemTime='2023-01-16T11:47:24.502297200Z'/><EventRecordID>32341</EventRecordID><Correlation/><Execution ProcessID='2532' ThreadID='3012'/><Channel>Microsoft-Windows-Sysmon/Operational</Channel><Computer>win-dc-ctus-attack-range-221.attackrange.local</Computer><Security UserID='S-1-5-18'/></System><EventData><Data Name='RuleName'>-</Data><Data Name='UtcTime'>2023-01-16 11:47:24.495</Data><Data Name='ProcessGuid'>{FCCA13C7-394B-63C5-A305-00000000AF02}</Data><Data Name='ProcessId'>3676</Data><Data Name='Image'>C:\Temp\ConfirmEmail.exe</Data><Data Name='TargetFilename'>C:\Users\Default\AppData\Local\ConnectedDevicesPlatform\cHpfiXA9s.README.txt</Data><Data Name='CreationUtcTime'>2023-01-16 11:47:24.495</Data></EventData></Event>
8176:<Event xmlns='http://schemas.microsoft.com/win/2004/08/events/event'><System><Provider Name='Microsoft-Windows-Sysmon' Guid='{5770385F-C22A-43E0-BF4C-06F5698FFBD9}'/><EventID>11</EventID><Version>2</Version><Level>4</Level><Task>11</Task><Opcode>0</Opcode><Keywords>0x8000000000000000</Keywords><TimeCreated SystemTime='2023-01-16T11:47:24.501340800Z'/><EventRecordID>32340</EventRecordID><Correlation/><Execution ProcessID='2532' ThreadID='3012'/><Channel>Microsoft-Windows-Sysmon/Operational</Channel><Computer>win-dc-ctus-attack-range-221.attackrange.local</Computer><Security UserID='S-1-5-18'/></System><EventData><Data Name='RuleName'>-</Data><Data Name='UtcTime'>2023-01-16 11:47:24.495</Data><Data Name='ProcessGuid'>{FCCA13C7-394B-63C5-A305-00000000AF02}</Data><Data Name='ProcessId'>3676</Data><Data Name='Image'>C:\Temp\ConfirmEmail.exe</Data><Data Name='TargetFilename'>C:\Users\Default\AppData\Local\Microsoft\Feeds\{5588ACFD-6436-411B-A5CE-666AE6A92D3D}~\WebSlices~\cHpfiXA9s.README.txt</Data><Data Name='CreationUtcTime'>2023-01-16 11:47:24.495</Data></EventData></Event>
8177:<Event xmlns='http://schemas.microsoft.com/win/2004/08/events/event'><System><Provider Name='Microsoft-Windows-Sysmon' Guid='{5770385F-C22A-43E0-BF4C-06F5698FFBD9}'/><EventID>11</EventID><Version>2</Version><Level>4</Level><Task>11</Task><Opcode>0</Opcode><Keywords>0x8000000000000000</Keywords><TimeCreated SystemTime='2023-01-16T11:47:24.500644800Z'/><EventRecordID>32339</EventRecordID><Correlation/><Execution ProcessID='2532' ThreadID='3012'/><Channel>Microsoft-Windows-Sysmon/Operational</Channel><Computer>win-dc-ctus-attack-range-221.attackrange.local</Computer><Security UserID='S-1-5-18'/></System><EventData><Data Name='RuleName'>-</Data><Data Name='UtcTime'>2023-01-16 11:47:24.495</Data><Data Name='ProcessGuid'>{FCCA13C7-394B-63C5-A305-00000000AF02}</Data><Data Name='ProcessId'>3676</Data><Data Name='Image'>C:\Temp\ConfirmEmail.exe</Data><Data Name='TargetFilename'>C:\Users\Default\AppData\Local\Microsoft\Feeds\{5588ACFD-6436-411B-A5CE-666AE6A92D3D}~\cHpfiXA9s.README.txt</Data><Data Name='CreationUtcTime'>2023-01-16 11:47:24.495</Data></EventData></Event>
8178:<Event xmlns='http://schemas.microsoft.com/win/2004/08/events/event'><System><Provider Name='Microsoft-Windows-Sysmon' Guid='{5770385F-C22A-43E0-BF4C-06F5698FFBD9}'/><EventID>11</EventID><Version>2</Version><Level>4</Level><Task>11</Task><Opcode>0</Opcode><Keywords>0x8000000000000000</Keywords><TimeCreated SystemTime='2023-01-16T11:47:24.499977600Z'/><EventRecordID>32338</EventRecordID><Correlation/><Execution ProcessID='2532' ThreadID='3012'/><Channel>Microsoft-Windows-Sysmon/Operational</Channel><Computer>win-dc-ctus-attack-range-221.attackrange.local</Computer><Security UserID='S-1-5-18'/></System><EventData><Data Name='RuleName'>-</Data><Data Name='UtcTime'>2023-01-16 11:47:24.495</Data><Data Name='ProcessGuid'>{FCCA13C7-394B-63C5-A305-00000000AF02}</Data><Data Name='ProcessId'>3676</Data><Data Name='Image'>C:\Temp\ConfirmEmail.exe</Data><Data Name='TargetFilename'>C:\Users\Default\AppData\Local\Microsoft\Feeds\cHpfiXA9s.README.txt</Data><Data Name='CreationUtcTime'>2023-01-16 11:47:24.495</Data></EventData></Event>
8179:<Event xmlns='http://schemas.microsoft.com/win/2004/08/events/event'><System><Provider Name='Microsoft-Windows-Sysmon' Guid='{5770385F-C22A-43E0-BF4C-06F5698FFBD9}'/><EventID>11</EventID><Version>2</Version><Level>4</Level><Task>11</Task><Opcode>0</Opcode><Keywords>0x8000000000000000</Keywords><TimeCreated SystemTime='2023-01-16T11:47:24.499032600Z'/><EventRecordID>32337</EventRecordID><Correlation/><Execution ProcessID='2532' ThreadID='3012'/><Channel>Microsoft-Windows-Sysmon/Operational</Channel><Computer>win-dc-ctus-attack-range-221.attackrange.local</Computer><Security UserID='S-1-5-18'/></System><EventData><Data Name='RuleName'>-</Data><Data Name='UtcTime'>2023-01-16 11:47:24.495</Data><Data Name='ProcessGuid'>{FCCA13C7-394B-63C5-A305-00000000AF02}</Data><Data Name='ProcessId'>3676</Data><Data Name='Image'>C:\Temp\ConfirmEmail.exe</Data><Data Name='TargetFilename'>C:\Users\Default\AppData\Local\Microsoft\InstallAgent\Checkpoints\cHpfiXA9s.README.txt</Data><Data Name='CreationUtcTime'>2023-01-16 11:47:24.495</Data></EventData></Event>
8180:<Event xmlns='http://schemas.microsoft.com/win/2004/08/events/event'><System><Provider Name='Microsoft-Windows-Sysmon' Guid='{5770385F-C22A-43E0-BF4C-06F5698FFBD9}'/><EventID>11</EventID><Version>2</Version><Level>4</Level><Task>11</Task><Opcode>0</Opcode><Keywords>0x8000000000000000</Keywords><TimeCreated SystemTime='2023-01-16T11:47:24.498413600Z'/><EventRecordID>32336</EventRecordID><Correlation/><Execution ProcessID='2532' ThreadID='3012'/><Channel>Microsoft-Windows-Sysmon/Operational</Channel><Computer>win-dc-ctus-attack-range-221.attackrange.local</Computer><Security UserID='S-1-5-18'/></System><EventData><Data Name='RuleName'>-</Data><Data Name='UtcTime'>2023-01-16 11:47:24.495</Data><Data Name='ProcessGuid'>{FCCA13C7-394B-63C5-A305-00000000AF02}</Data><Data Name='ProcessId'>3676</Data><Data Name='Image'>C:\Temp\ConfirmEmail.exe</Data><Data Name='TargetFilename'>C:\Users\Default\AppData\Local\Microsoft\InstallAgent\cHpfiXA9s.README.txt</Data><Data Name='CreationUtcTime'>2023-01-16 11:47:24.495</Data></EventData></Event>
8181:<Event xmlns='http://schemas.microsoft.com/win/2004/08/events/event'><System><Provider Name='Microsoft-Windows-Sysmon' Guid='{5770385F-C22A-43E0-BF4C-06F5698FFBD9}'/><EventID>11</EventID><Version>2</Version><Level>4</Level><Task>11</Task><Opcode>0</Opcode><Keywords>0x8000000000000000</Keywords><TimeCreated SystemTime='2023-01-16T11:47:24.495579900Z'/><EventRecordID>32335</EventRecordID><Correlation/><Execution ProcessID='2532' ThreadID='3012'/><Channel>Microsoft-Windows-Sysmon/Operational</Channel><Computer>win-dc-ctus-attack-range-221.attackrange.local</Computer><Security UserID='S-1-5-18'/></System><EventData><Data Name='RuleName'>-</Data><Data Name='UtcTime'>2023-01-16 11:47:24.495</Data><Data Name='ProcessGuid'>{FCCA13C7-394B-63C5-A305-00000000AF02}</Data><Data Name='ProcessId'>3676</Data><Data Name='Image'>C:\Temp\ConfirmEmail.exe</Data><Data Name='TargetFilename'>C:\Users\Default\AppData\Local\Microsoft\Internet Explorer\IECompatData\cHpfiXA9s.README.txt</Data><Data Name='CreationUtcTime'>2023-01-16 11:47:24.495</Data></EventData></Event>
8182:<Event xmlns='http://schemas.microsoft.com/win/2004/08/events/event'><System><Provider Name='Microsoft-Windows-Sysmon' Guid='{5770385F-C22A-43E0-BF4C-06F5698FFBD9}'/><EventID>11</EventID><Version>2</Version><Level>4</Level><Task>11</Task><Opcode>0</Opcode><Keywords>0x8000000000000000</Keywords><TimeCreated SystemTime='2023-01-16T11:47:24.491707400Z'/><EventRecordID>32334</EventRecordID><Correlation/><Execution ProcessID='2532' ThreadID='3012'/><Channel>Microsoft-Windows-Sysmon/Operational</Channel><Computer>win-dc-ctus-attack-range-221.attackrange.local</Computer><Security UserID='S-1-5-18'/></System><EventData><Data Name='RuleName'>-</Data><Data Name='UtcTime'>2023-01-16 11:47:24.479</Data><Data Name='ProcessGuid'>{FCCA13C7-394B-63C5-A305-00000000AF02}</Data><Data Name='ProcessId'>3676</Data><Data Name='Image'>C:\Temp\ConfirmEmail.exe</Data><Data Name='TargetFilename'>C:\Users\Default\AppData\Local\Microsoft\Internet Explorer\imagestore\2p6opy5\cHpfiXA9s.README.txt</Data><Data Name='CreationUtcTime'>2023-01-16 11:47:24.479</Data></EventData></Event>
8183:<Event xmlns='http://schemas.microsoft.com/win/2004/08/events/event'><System><Provider Name='Microsoft-Windows-Sysmon' Guid='{5770385F-C22A-43E0-BF4C-06F5698FFBD9}'/><EventID>11</EventID><Version>2</Version><Level>4</Level><Task>11</Task><Opcode>0</Opcode><Keywords>0x8000000000000000</Keywords><TimeCreated SystemTime='2023-01-16T11:47:24.491117600Z'/><EventRecordID>32333</EventRecordID><Correlation/><Execution ProcessID='2532' ThreadID='3012'/><Channel>Microsoft-Windows-Sysmon/Operational</Channel><Computer>win-dc-ctus-attack-range-221.attackrange.local</Computer><Security UserID='S-1-5-18'/></System><EventData><Data Name='RuleName'>-</Data><Data Name='UtcTime'>2023-01-16 11:47:24.479</Data><Data Name='ProcessGuid'>{FCCA13C7-394B-63C5-A305-00000000AF02}</Data><Data Name='ProcessId'>3676</Data><Data Name='Image'>C:\Temp\ConfirmEmail.exe</Data><Data Name='TargetFilename'>C:\Users\Default\AppData\Local\Microsoft\Internet Explorer\imagestore\cHpfiXA9s.README.txt</Data><Data Name='CreationUtcTime'>2023-01-16 11:47:24.479</Data></EventData></Event>
8184:<Event xmlns='http://schemas.microsoft.com/win/2004/08/events/event'><System><Provider Name='Microsoft-Windows-Sysmon' Guid='{5770385F-C22A-43E0-BF4C-06F5698FFBD9}'/><EventID>11</EventID><Version>2</Version><Level>4</Level><Task>11</Task><Opcode>0</Opcode><Keywords>0x8000000000000000</Keywords><TimeCreated SystemTime='2023-01-16T11:47:24.489899400Z'/><EventRecordID>32332</EventRecordID><Correlation/><Execution ProcessID='2532' ThreadID='3012'/><Channel>Microsoft-Windows-Sysmon/Operational</Channel><Computer>win-dc-ctus-attack-range-221.attackrange.local</Computer><Security UserID='S-1-5-18'/></System><EventData><Data Name='RuleName'>-</Data><Data Name='UtcTime'>2023-01-16 11:47:24.479</Data><Data Name='ProcessGuid'>{FCCA13C7-394B-63C5-A305-00000000AF02}</Data><Data Name='ProcessId'>3676</Data><Data Name='Image'>C:\Temp\ConfirmEmail.exe</Data><Data Name='TargetFilename'>C:\Users\Default\AppData\Local\Microsoft\Internet Explorer\TabRoaming\cHpfiXA9s.README.txt</Data><Data Name='CreationUtcTime'>2023-01-16 11:47:24.479</Data></EventData></Event>
8185:<Event xmlns='http://schemas.microsoft.com/win/2004/08/events/event'><System><Provider Name='Microsoft-Windows-Sysmon' Guid='{5770385F-C22A-43E0-BF4C-06F5698FFBD9}'/><EventID>11</EventID><Version>2</Version><Level>4</Level><Task>11</Task><Opcode>0</Opcode><Keywords>0x8000000000000000</Keywords><TimeCreated SystemTime='2023-01-16T11:47:24.489191500Z'/><EventRecordID>32331</EventRecordID><Correlation/><Execution ProcessID='2532' ThreadID='3012'/><Channel>Microsoft-Windows-Sysmon/Operational</Channel><Computer>win-dc-ctus-attack-range-221.attackrange.local</Computer><Security UserID='S-1-5-18'/></System><EventData><Data Name='RuleName'>-</Data><Data Name='UtcTime'>2023-01-16 11:47:24.479</Data><Data Name='ProcessGuid'>{FCCA13C7-394B-63C5-A305-00000000AF02}</Data><Data Name='ProcessId'>3676</Data><Data Name='Image'>C:\Temp\ConfirmEmail.exe</Data><Data Name='TargetFilename'>C:\Users\Default\AppData\Local\Microsoft\Internet Explorer\Tracking Protection\cHpfiXA9s.README.txt</Data><Data Name='CreationUtcTime'>2023-01-16 11:47:24.479</Data></EventData></Event>
8186:<Event xmlns='http://schemas.microsoft.com/win/2004/08/events/event'><System><Provider Name='Microsoft-Windows-Sysmon' Guid='{5770385F-C22A-43E0-BF4C-06F5698FFBD9}'/><EventID>11</EventID><Version>2</Version><Level>4</Level><Task>11</Task><Opcode>0</Opcode><Keywords>0x8000000000000000</Keywords><TimeCreated SystemTime='2023-01-16T11:47:24.476125200Z'/><EventRecordID>32330</EventRecordID><Correlation/><Execution ProcessID='2532' ThreadID='3012'/><Channel>Microsoft-Windows-Sysmon/Operational</Channel><Computer>win-dc-ctus-attack-range-221.attackrange.local</Computer><Security UserID='S-1-5-18'/></System><EventData><Data Name='RuleName'>-</Data><Data Name='UtcTime'>2023-01-16 11:47:24.462</Data><Data Name='ProcessGuid'>{FCCA13C7-394B-63C5-A305-00000000AF02}</Data><Data Name='ProcessId'>3676</Data><Data Name='Image'>C:\Temp\ConfirmEmail.exe</Data><Data Name='TargetFilename'>C:\Users\Default\AppData\Local\Microsoft\Internet Explorer\cHpfiXA9s.README.txt</Data><Data Name='CreationUtcTime'>2023-01-16 11:47:24.462</Data></EventData></Event>
8188:<Event xmlns='http://schemas.microsoft.com/win/2004/08/events/event'><System><Provider Name='Microsoft-Windows-Sysmon' Guid='{5770385F-C22A-43E0-BF4C-06F5698FFBD9}'/><EventID>11</EventID><Version>2</Version><Level>4</Level><Task>11</Task><Opcode>0</Opcode><Keywords>0x8000000000000000</Keywords><TimeCreated SystemTime='2023-01-16T11:47:24.443595800Z'/><EventRecordID>32328</EventRecordID><Correlation/><Execution ProcessID='2532' ThreadID='3012'/><Channel>Microsoft-Windows-Sysmon/Operational</Channel><Computer>win-dc-ctus-attack-range-221.attackrange.local</Computer><Security UserID='S-1-5-18'/></System><EventData><Data Name='RuleName'>-</Data><Data Name='UtcTime'>2023-01-16 11:47:24.431</Data><Data Name='ProcessGuid'>{FCCA13C7-394B-63C5-A305-00000000AF02}</Data><Data Name='ProcessId'>3676</Data><Data Name='Image'>C:\Temp\ConfirmEmail.exe</Data><Data Name='TargetFilename'>C:\Users\Default\AppData\Local\Microsoft\Media Player\Sync Playlists\en-US\00040D1C\cHpfiXA9s.README.txt</Data><Data Name='CreationUtcTime'>2023-01-16 11:47:24.431</Data></EventData></Event>
8189:<Event xmlns='http://schemas.microsoft.com/win/2004/08/events/event'><System><Provider Name='Microsoft-Windows-Sysmon' Guid='{5770385F-C22A-43E0-BF4C-06F5698FFBD9}'/><EventID>11</EventID><Version>2</Version><Level>4</Level><Task>11</Task><Opcode>0</Opcode><Keywords>0x8000000000000000</Keywords><TimeCreated SystemTime='2023-01-16T11:47:24.406635500Z'/><EventRecordID>32327</EventRecordID><Correlation/><Execution ProcessID='2532' ThreadID='3012'/><Channel>Microsoft-Windows-Sysmon/Operational</Channel><Computer>win-dc-ctus-attack-range-221.attackrange.local</Computer><Security UserID='S-1-5-18'/></System><EventData><Data Name='RuleName'>-</Data><Data Name='UtcTime'>2023-01-16 11:47:24.400</Data><Data Name='ProcessGuid'>{FCCA13C7-394B-63C5-A305-00000000AF02}</Data><Data Name='ProcessId'>3676</Data><Data Name='Image'>C:\Temp\ConfirmEmail.exe</Data><Data Name='TargetFilename'>C:\Users\Default\AppData\Local\Microsoft\Media Player\Sync Playlists\en-US\00044FE1\cHpfiXA9s.README.txt</Data><Data Name='CreationUtcTime'>2023-01-16 11:47:24.400</Data></EventData></Event>
8190:<Event xmlns='http://schemas.microsoft.com/win/2004/08/events/event'><System><Provider Name='Microsoft-Windows-Sysmon' Guid='{5770385F-C22A-43E0-BF4C-06F5698FFBD9}'/><EventID>11</EventID><Version>2</Version><Level>4</Level><Task>11</Task><Opcode>0</Opcode><Keywords>0x8000000000000000</Keywords><TimeCreated SystemTime='2023-01-16T11:47:24.373064500Z'/><EventRecordID>32326</EventRecordID><Correlation/><Execution ProcessID='2532' ThreadID='3012'/><Channel>Microsoft-Windows-Sysmon/Operational</Channel><Computer>win-dc-ctus-attack-range-221.attackrange.local</Computer><Security UserID='S-1-5-18'/></System><EventData><Data Name='RuleName'>-</Data><Data Name='UtcTime'>2023-01-16 11:47:24.368</Data><Data Name='ProcessGuid'>{FCCA13C7-394B-63C5-A305-00000000AF02}</Data><Data Name='ProcessId'>3676</Data><Data Name='Image'>C:\Temp\ConfirmEmail.exe</Data><Data Name='TargetFilename'>C:\Users\Default\AppData\Local\Microsoft\Media Player\Sync Playlists\en-US\0004CFDF\cHpfiXA9s.README.txt</Data><Data Name='CreationUtcTime'>2023-01-16 11:47:24.368</Data></EventData></Event>
8191:<Event xmlns='http://schemas.microsoft.com/win/2004/08/events/event'><System><Provider Name='Microsoft-Windows-Sysmon' Guid='{5770385F-C22A-43E0-BF4C-06F5698FFBD9}'/><EventID>11</EventID><Version>2</Version><Level>4</Level><Task>11</Task><Opcode>0</Opcode><Keywords>0x8000000000000000</Keywords><TimeCreated SystemTime='2023-01-16T11:47:24.336117400Z'/><EventRecordID>32325</EventRecordID><Correlation/><Execution ProcessID='2532' ThreadID='3012'/><Channel>Microsoft-Windows-Sysmon/Operational</Channel><Computer>win-dc-ctus-attack-range-221.attackrange.local</Computer><Security UserID='S-1-5-18'/></System><EventData><Data Name='RuleName'>-</Data><Data Name='UtcTime'>2023-01-16 11:47:24.327</Data><Data Name='ProcessGuid'>{FCCA13C7-394B-63C5-A305-00000000AF02}</Data><Data Name='ProcessId'>3676</Data><Data Name='Image'>C:\Temp\ConfirmEmail.exe</Data><Data Name='TargetFilename'>C:\Users\Default\AppData\Local\Microsoft\Media Player\Sync Playlists\en-US\0015846C\cHpfiXA9s.README.txt</Data><Data Name='CreationUtcTime'>2023-01-16 11:47:24.327</Data></EventData></Event>
8192:<Event xmlns='http://schemas.microsoft.com/win/2004/08/events/event'><System><Provider Name='Microsoft-Windows-Sysmon' Guid='{5770385F-C22A-43E0-BF4C-06F5698FFBD9}'/><EventID>11</EventID><Version>2</Version><Level>4</Level><Task>11</Task><Opcode>0</Opcode><Keywords>0x8000000000000000</Keywords><TimeCreated SystemTime='2023-01-16T11:47:24.287619000Z'/><EventRecordID>32324</EventRecordID><Correlation/><Execution ProcessID='2532' ThreadID='3012'/><Channel>Microsoft-Windows-Sysmon/Operational</Channel><Computer>win-dc-ctus-attack-range-221.attackrange.local</Computer><Security UserID='S-1-5-18'/></System><EventData><Data Name='RuleName'>-</Data><Data Name='UtcTime'>2023-01-16 11:47:24.286</Data><Data Name='ProcessGuid'>{FCCA13C7-394B-63C5-A305-00000000AF02}</Data><Data Name='ProcessId'>3676</Data><Data Name='Image'>C:\Temp\ConfirmEmail.exe</Data><Data Name='TargetFilename'>C:\Users\Default\AppData\Local\Microsoft\Media Player\Sync Playlists\en-US\0026B51E\cHpfiXA9s.README.txt</Data><Data Name='CreationUtcTime'>2023-01-16 11:47:24.286</Data></EventData></Event>
8195:<Event xmlns='http://schemas.microsoft.com/win/2004/08/events/event'><System><Provider Name='Microsoft-Windows-Sysmon' Guid='{5770385F-C22A-43E0-BF4C-06F5698FFBD9}'/><EventID>11</EventID><Version>2</Version><Level>4</Level><Task>11</Task><Opcode>0</Opcode><Keywords>0x8000000000000000</Keywords><TimeCreated SystemTime='2023-01-16T11:47:24.246164900Z'/><EventRecordID>32321</EventRecordID><Correlation/><Execution ProcessID='2532' ThreadID='3012'/><Channel>Microsoft-Windows-Sysmon/Operational</Channel><Computer>win-dc-ctus-attack-range-221.attackrange.local</Computer><Security UserID='S-1-5-18'/></System><EventData><Data Name='RuleName'>-</Data><Data Name='UtcTime'>2023-01-16 11:47:24.245</Data><Data Name='ProcessGuid'>{FCCA13C7-394B-63C5-A305-00000000AF02}</Data><Data Name='ProcessId'>3676</Data><Data Name='Image'>C:\Temp\ConfirmEmail.exe</Data><Data Name='TargetFilename'>C:\Users\Default\AppData\Local\Microsoft\Media Player\Sync Playlists\en-US\002AC538\cHpfiXA9s.README.txt</Data><Data Name='CreationUtcTime'>2023-01-16 11:47:24.245</Data></EventData></Event>
8196:<Event xmlns='http://schemas.microsoft.com/win/2004/08/events/event'><System><Provider Name='Microsoft-Windows-Sysmon' Guid='{5770385F-C22A-43E0-BF4C-06F5698FFBD9}'/><EventID>11</EventID><Version>2</Version><Level>4</Level><Task>11</Task><Opcode>0</Opcode><Keywords>0x8000000000000000</Keywords><TimeCreated SystemTime='2023-01-16T11:47:24.245132600Z'/><EventRecordID>32320</EventRecordID><Correlation/><Execution ProcessID='2532' ThreadID='3012'/><Channel>Microsoft-Windows-Sysmon/Operational</Channel><Computer>win-dc-ctus-attack-range-221.attackrange.local</Computer><Security UserID='S-1-5-18'/></System><EventData><Data Name='RuleName'>-</Data><Data Name='UtcTime'>2023-01-16 11:47:24.244</Data><Data Name='ProcessGuid'>{FCCA13C7-394B-63C5-A305-00000000AF02}</Data><Data Name='ProcessId'>3676</Data><Data Name='Image'>C:\Temp\ConfirmEmail.exe</Data><Data Name='TargetFilename'>C:\Users\Default\AppData\Local\Microsoft\Media Player\Sync Playlists\en-US\cHpfiXA9s.README.txt</Data><Data Name='CreationUtcTime'>2023-01-16 11:47:24.243</Data></EventData></Event>
8197:<Event xmlns='http://schemas.microsoft.com/win/2004/08/events/event'><System><Provider Name='Microsoft-Windows-Sysmon' Guid='{5770385F-C22A-43E0-BF4C-06F5698FFBD9}'/><EventID>11</EventID><Version>2</Version><Level>4</Level><Task>11</Task><Opcode>0</Opcode><Keywords>0x8000000000000000</Keywords><TimeCreated SystemTime='2023-01-16T11:47:24.243594900Z'/><EventRecordID>32319</EventRecordID><Correlation/><Execution ProcessID='2532' ThreadID='3012'/><Channel>Microsoft-Windows-Sysmon/Operational</Channel><Computer>win-dc-ctus-attack-range-221.attackrange.local</Computer><Security UserID='S-1-5-18'/></System><EventData><Data Name='RuleName'>-</Data><Data Name='UtcTime'>2023-01-16 11:47:24.242</Data><Data Name='ProcessGuid'>{FCCA13C7-394B-63C5-A305-00000000AF02}</Data><Data Name='ProcessId'>3676</Data><Data Name='Image'>C:\Temp\ConfirmEmail.exe</Data><Data Name='TargetFilename'>C:\Users\Default\AppData\Local\Microsoft\Media Player\Sync Playlists\cHpfiXA9s.README.txt</Data><Data Name='CreationUtcTime'>2023-01-16 11:47:24.242</Data></EventData></Event>
8198:<Event xmlns='http://schemas.microsoft.com/win/2004/08/events/event'><System><Provider Name='Microsoft-Windows-Sysmon' Guid='{5770385F-C22A-43E0-BF4C-06F5698FFBD9}'/><EventID>11</EventID><Version>2</Version><Level>4</Level><Task>11</Task><Opcode>0</Opcode><Keywords>0x8000000000000000</Keywords><TimeCreated SystemTime='2023-01-16T11:47:24.242938700Z'/><EventRecordID>32318</EventRecordID><Correlation/><Execution ProcessID='2532' ThreadID='3012'/><Channel>Microsoft-Windows-Sysmon/Operational</Channel><Computer>win-dc-ctus-attack-range-221.attackrange.local</Computer><Security UserID='S-1-5-18'/></System><EventData><Data Name='RuleName'>-</Data><Data Name='UtcTime'>2023-01-16 11:47:24.242</Data><Data Name='ProcessGuid'>{FCCA13C7-394B-63C5-A305-00000000AF02}</Data><Data Name='ProcessId'>3676</Data><Data Name='Image'>C:\Temp\ConfirmEmail.exe</Data><Data Name='TargetFilename'>C:\Users\Default\AppData\Local\Microsoft\Media Player\cHpfiXA9s.README.txt</Data><Data Name='CreationUtcTime'>2023-01-16 11:47:24.242</Data></EventData></Event>
8199:<Event xmlns='http://schemas.microsoft.com/win/2004/08/events/event'><System><Provider Name='Microsoft-Windows-Sysmon' Guid='{5770385F-C22A-43E0-BF4C-06F5698FFBD9}'/><EventID>11</EventID><Version>2</Version><Level>4</Level><Task>11</Task><Opcode>0</Opcode><Keywords>0x8000000000000000</Keywords><TimeCreated SystemTime='2023-01-16T11:47:24.237413400Z'/><EventRecordID>32317</EventRecordID><Correlation/><Execution ProcessID='2532' ThreadID='3012'/><Channel>Microsoft-Windows-Sysmon/Operational</Channel><Computer>win-dc-ctus-attack-range-221.attackrange.local</Computer><Security UserID='S-1-5-18'/></System><EventData><Data Name='RuleName'>-</Data><Data Name='UtcTime'>2023-01-16 11:47:24.236</Data><Data Name='ProcessGuid'>{FCCA13C7-394B-63C5-A305-00000000AF02}</Data><Data Name='ProcessId'>3676</Data><Data Name='Image'>C:\Temp\ConfirmEmail.exe</Data><Data Name='TargetFilename'>C:\Users\Default\AppData\Local\Microsoft\PenWorkspace\cHpfiXA9s.README.txt</Data><Data Name='CreationUtcTime'>2023-01-16 11:47:24.236</Data></EventData></Event>
8200:<Event xmlns='http://schemas.microsoft.com/win/2004/08/events/event'><System><Provider Name='Microsoft-Windows-Sysmon' Guid='{5770385F-C22A-43E0-BF4C-06F5698FFBD9}'/><EventID>11</EventID><Version>2</Version><Level>4</Level><Task>11</Task><Opcode>0</Opcode><Keywords>0x8000000000000000</Keywords><TimeCreated SystemTime='2023-01-16T11:47:24.236314300Z'/><EventRecordID>32316</EventRecordID><Correlation/><Execution ProcessID='2532' ThreadID='3012'/><Channel>Microsoft-Windows-Sysmon/Operational</Channel><Computer>win-dc-ctus-attack-range-221.attackrange.local</Computer><Security UserID='S-1-5-18'/></System><EventData><Data Name='RuleName'>-</Data><Data Name='UtcTime'>2023-01-16 11:47:24.235</Data><Data Name='ProcessGuid'>{FCCA13C7-394B-63C5-A305-00000000AF02}</Data><Data Name='ProcessId'>3676</Data><Data Name='Image'>C:\Temp\ConfirmEmail.exe</Data><Data Name='TargetFilename'>C:\Users\Default\AppData\Local\Microsoft\PlayReady\Internet Explorer\Desktop\cHpfiXA9s.README.txt</Data><Data Name='CreationUtcTime'>2023-01-16 11:47:24.235</Data></EventData></Event>
8203:<Event xmlns='http://schemas.microsoft.com/win/2004/08/events/event'><System><Provider Name='Microsoft-Windows-Sysmon' Guid='{5770385F-C22A-43E0-BF4C-06F5698FFBD9}'/><EventID>11</EventID><Version>2</Version><Level>4</Level><Task>11</Task><Opcode>0</Opcode><Keywords>0x8000000000000000</Keywords><TimeCreated SystemTime='2023-01-16T11:47:24.235006100Z'/><EventRecordID>32313</EventRecordID><Correlation/><Execution ProcessID='2532' ThreadID='3012'/><Channel>Microsoft-Windows-Sysmon/Operational</Channel><Computer>win-dc-ctus-attack-range-221.attackrange.local</Computer><Security UserID='S-1-5-18'/></System><EventData><Data Name='RuleName'>-</Data><Data Name='UtcTime'>2023-01-16 11:47:24.234</Data><Data Name='ProcessGuid'>{FCCA13C7-394B-63C5-A305-00000000AF02}</Data><Data Name='ProcessId'>3676</Data><Data Name='Image'>C:\Temp\ConfirmEmail.exe</Data><Data Name='TargetFilename'>C:\Users\Default\AppData\Local\Microsoft\PlayReady\Internet Explorer\InPrivate\Desktop\cHpfiXA9s.README.txt</Data><Data Name='CreationUtcTime'>2023-01-16 11:47:24.233</Data></EventData></Event>
8204:<Event xmlns='http://schemas.microsoft.com/win/2004/08/events/event'><System><Provider Name='Microsoft-Windows-Sysmon' Guid='{5770385F-C22A-43E0-BF4C-06F5698FFBD9}'/><EventID>11</EventID><Version>2</Version><Level>4</Level><Task>11</Task><Opcode>0</Opcode><Keywords>0x8000000000000000</Keywords><TimeCreated SystemTime='2023-01-16T11:47:24.231471800Z'/><EventRecordID>32312</EventRecordID><Correlation/><Execution ProcessID='2532' ThreadID='3012'/><Channel>Microsoft-Windows-Sysmon/Operational</Channel><Computer>win-dc-ctus-attack-range-221.attackrange.local</Computer><Security UserID='S-1-5-18'/></System><EventData><Data Name='RuleName'>-</Data><Data Name='UtcTime'>2023-01-16 11:47:24.230</Data><Data Name='ProcessGuid'>{FCCA13C7-394B-63C5-A305-00000000AF02}</Data><Data Name='ProcessId'>3676</Data><Data Name='Image'>C:\Temp\ConfirmEmail.exe</Data><Data Name='TargetFilename'>C:\Users\Default\AppData\Local\Microsoft\PlayReady\Internet Explorer\InPrivate\cHpfiXA9s.README.txt</Data><Data Name='CreationUtcTime'>2023-01-16 11:47:24.230</Data></EventData></Event>
8205:<Event xmlns='http://schemas.microsoft.com/win/2004/08/events/event'><System><Provider Name='Microsoft-Windows-Sysmon' Guid='{5770385F-C22A-43E0-BF4C-06F5698FFBD9}'/><EventID>11</EventID><Version>2</Version><Level>4</Level><Task>11</Task><Opcode>0</Opcode><Keywords>0x8000000000000000</Keywords><TimeCreated SystemTime='2023-01-16T11:47:24.230782900Z'/><EventRecordID>32311</EventRecordID><Correlation/><Execution ProcessID='2532' ThreadID='3012'/><Channel>Microsoft-Windows-Sysmon/Operational</Channel><Computer>win-dc-ctus-attack-range-221.attackrange.local</Computer><Security UserID='S-1-5-18'/></System><EventData><Data Name='RuleName'>-</Data><Data Name='UtcTime'>2023-01-16 11:47:24.229</Data><Data Name='ProcessGuid'>{FCCA13C7-394B-63C5-A305-00000000AF02}</Data><Data Name='ProcessId'>3676</Data><Data Name='Image'>C:\Temp\ConfirmEmail.exe</Data><Data Name='TargetFilename'>C:\Users\Default\AppData\Local\Microsoft\PlayReady\Internet Explorer\cHpfiXA9s.README.txt</Data><Data Name='CreationUtcTime'>2023-01-16 11:47:24.229</Data></EventData></Event>
8206:<Event xmlns='http://schemas.microsoft.com/win/2004/08/events/event'><System><Provider Name='Microsoft-Windows-Sysmon' Guid='{5770385F-C22A-43E0-BF4C-06F5698FFBD9}'/><EventID>11</EventID><Version>2</Version><Level>4</Level><Task>11</Task><Opcode>0</Opcode><Keywords>0x8000000000000000</Keywords><TimeCreated SystemTime='2023-01-16T11:47:24.230105000Z'/><EventRecordID>32310</EventRecordID><Correlation/><Execution ProcessID='2532' ThreadID='3012'/><Channel>Microsoft-Windows-Sysmon/Operational</Channel><Computer>win-dc-ctus-attack-range-221.attackrange.local</Computer><Security UserID='S-1-5-18'/></System><EventData><Data Name='RuleName'>-</Data><Data Name='UtcTime'>2023-01-16 11:47:24.229</Data><Data Name='ProcessGuid'>{FCCA13C7-394B-63C5-A305-00000000AF02}</Data><Data Name='ProcessId'>3676</Data><Data Name='Image'>C:\Temp\ConfirmEmail.exe</Data><Data Name='TargetFilename'>C:\Users\Default\AppData\Local\Microsoft\PlayReady\cHpfiXA9s.README.txt</Data><Data Name='CreationUtcTime'>2023-01-16 11:47:24.229</Data></EventData></Event>
8207:<Event xmlns='http://schemas.microsoft.com/win/2004/08/events/event'><System><Provider Name='Microsoft-Windows-Sysmon' Guid='{5770385F-C22A-43E0-BF4C-06F5698FFBD9}'/><EventID>11</EventID><Version>2</Version><Level>4</Level><Task>11</Task><Opcode>0</Opcode><Keywords>0x8000000000000000</Keywords><TimeCreated SystemTime='2023-01-16T11:47:24.229206200Z'/><EventRecordID>32309</EventRecordID><Correlation/><Execution ProcessID='2532' ThreadID='3012'/><Channel>Microsoft-Windows-Sysmon/Operational</Channel><Computer>win-dc-ctus-attack-range-221.attackrange.local</Computer><Security UserID='S-1-5-18'/></System><EventData><Data Name='RuleName'>-</Data><Data Name='UtcTime'>2023-01-16 11:47:24.228</Data><Data Name='ProcessGuid'>{FCCA13C7-394B-63C5-A305-00000000AF02}</Data><Data Name='ProcessId'>3676</Data><Data Name='Image'>C:\Temp\ConfirmEmail.exe</Data><Data Name='TargetFilename'>C:\Users\Default\AppData\Local\Microsoft\Vault\cHpfiXA9s.README.txt</Data><Data Name='CreationUtcTime'>2023-01-16 11:47:24.228</Data></EventData></Event>
8208:<Event xmlns='http://schemas.microsoft.com/win/2004/08/events/event'><System><Provider Name='Microsoft-Windows-Sysmon' Guid='{5770385F-C22A-43E0-BF4C-06F5698FFBD9}'/><EventID>11</EventID><Version>2</Version><Level>4</Level><Task>11</Task><Opcode>0</Opcode><Keywords>0x8000000000000000</Keywords><TimeCreated SystemTime='2023-01-16T11:47:24.228458300Z'/><EventRecordID>32308</EventRecordID><Correlation/><Execution ProcessID='2532' ThreadID='3012'/><Channel>Microsoft-Windows-Sysmon/Operational</Channel><Computer>win-dc-ctus-attack-range-221.attackrange.local</Computer><Security UserID='S-1-5-18'/></System><EventData><Data Name='RuleName'>-</Data><Data Name='UtcTime'>2023-01-16 11:47:24.227</Data><Data Name='ProcessGuid'>{FCCA13C7-394B-63C5-A305-00000000AF02}</Data><Data Name='ProcessId'>3676</Data><Data Name='Image'>C:\Temp\ConfirmEmail.exe</Data><Data Name='TargetFilename'>C:\Users\Default\AppData\Local\Microsoft\Windows Sidebar\Gadgets\cHpfiXA9s.README.txt</Data><Data Name='CreationUtcTime'>2023-01-16 11:47:24.227</Data></EventData></Event>
8209:<Event xmlns='http://schemas.microsoft.com/win/2004/08/events/event'><System><Provider Name='Microsoft-Windows-Sysmon' Guid='{5770385F-C22A-43E0-BF4C-06F5698FFBD9}'/><EventID>11</EventID><Version>2</Version><Level>4</Level><Task>11</Task><Opcode>0</Opcode><Keywords>0x8000000000000000</Keywords><TimeCreated SystemTime='2023-01-16T11:47:24.214473100Z'/><EventRecordID>32307</EventRecordID><Correlation/><Execution ProcessID='2532' ThreadID='3012'/><Channel>Microsoft-Windows-Sysmon/Operational</Channel><Computer>win-dc-ctus-attack-range-221.attackrange.local</Computer><Security UserID='S-1-5-18'/></System><EventData><Data Name='RuleName'>-</Data><Data Name='UtcTime'>2023-01-16 11:47:24.213</Data><Data Name='ProcessGuid'>{FCCA13C7-394B-63C5-A305-00000000AF02}</Data><Data Name='ProcessId'>3676</Data><Data Name='Image'>C:\Temp\ConfirmEmail.exe</Data><Data Name='TargetFilename'>C:\Users\Default\AppData\Local\Microsoft\Windows Sidebar\cHpfiXA9s.README.txt</Data><Data Name='CreationUtcTime'>2023-01-16 11:47:24.213</Data></EventData></Event>
8210:<Event xmlns='http://schemas.microsoft.com/win/2004/08/events/event'><System><Provider Name='Microsoft-Windows-Sysmon' Guid='{5770385F-C22A-43E0-BF4C-06F5698FFBD9}'/><EventID>11</EventID><Version>2</Version><Level>4</Level><Task>11</Task><Opcode>0</Opcode><Keywords>0x8000000000000000</Keywords><TimeCreated SystemTime='2023-01-16T11:47:24.213837800Z'/><EventRecordID>32306</EventRecordID><Correlation/><Execution ProcessID='2532' ThreadID='3012'/><Channel>Microsoft-Windows-Sysmon/Operational</Channel><Computer>win-dc-ctus-attack-range-221.attackrange.local</Computer><Security UserID='S-1-5-18'/></System><EventData><Data Name='RuleName'>-</Data><Data Name='UtcTime'>2023-01-16 11:47:24.212</Data><Data Name='ProcessGuid'>{FCCA13C7-394B-63C5-A305-00000000AF02}</Data><Data Name='ProcessId'>3676</Data><Data Name='Image'>C:\Temp\ConfirmEmail.exe</Data><Data Name='TargetFilename'>C:\Users\Default\AppData\Local\Microsoft\cHpfiXA9s.README.txt</Data><Data Name='CreationUtcTime'>2023-01-16 11:47:24.212</Data></EventData></Event>
8211:<Event xmlns='http://schemas.microsoft.com/win/2004/08/events/event'><System><Provider Name='Microsoft-Windows-Sysmon' Guid='{5770385F-C22A-43E0-BF4C-06F5698FFBD9}'/><EventID>11</EventID><Version>2</Version><Level>4</Level><Task>11</Task><Opcode>0</Opcode><Keywords>0x8000000000000000</Keywords><TimeCreated SystemTime='2023-01-16T11:47:24.213112400Z'/><EventRecordID>32305</EventRecordID><Correlation/><Execution ProcessID='2532' ThreadID='3012'/><Channel>Microsoft-Windows-Sysmon/Operational</Channel><Computer>win-dc-ctus-attack-range-221.attackrange.local</Computer><Security UserID='S-1-5-18'/></System><EventData><Data Name='RuleName'>-</Data><Data Name='UtcTime'>2023-01-16 11:47:24.212</Data><Data Name='ProcessGuid'>{FCCA13C7-394B-63C5-A305-00000000AF02}</Data><Data Name='ProcessId'>3676</Data><Data Name='Image'>C:\Temp\ConfirmEmail.exe</Data><Data Name='TargetFilename'>C:\Users\Default\AppData\Local\Packages\ActiveSync\LocalState\DiagOutputDir\cHpfiXA9s.README.txt</Data><Data Name='CreationUtcTime'>2023-01-16 11:47:24.212</Data></EventData></Event>
8212:<Event xmlns='http://schemas.microsoft.com/win/2004/08/events/event'><System><Provider Name='Microsoft-Windows-Sysmon' Guid='{5770385F-C22A-43E0-BF4C-06F5698FFBD9}'/><EventID>11</EventID><Version>2</Version><Level>4</Level><Task>11</Task><Opcode>0</Opcode><Keywords>0x8000000000000000</Keywords><TimeCreated SystemTime='2023-01-16T11:47:24.212364000Z'/><EventRecordID>32304</EventRecordID><Correlation/><Execution ProcessID='2532' ThreadID='3012'/><Channel>Microsoft-Windows-Sysmon/Operational</Channel><Computer>win-dc-ctus-attack-range-221.attackrange.local</Computer><Security UserID='S-1-5-18'/></System><EventData><Data Name='RuleName'>-</Data><Data Name='UtcTime'>2023-01-16 11:47:24.211</Data><Data Name='ProcessGuid'>{FCCA13C7-394B-63C5-A305-00000000AF02}</Data><Data Name='ProcessId'>3676</Data><Data Name='Image'>C:\Temp\ConfirmEmail.exe</Data><Data Name='TargetFilename'>C:\Users\Default\AppData\Local\Packages\ActiveSync\LocalState\cHpfiXA9s.README.txt</Data><Data Name='CreationUtcTime'>2023-01-16 11:47:24.211</Data></EventData></Event>
8213:<Event xmlns='http://schemas.microsoft.com/win/2004/08/events/event'><System><Provider Name='Microsoft-Windows-Sysmon' Guid='{5770385F-C22A-43E0-BF4C-06F5698FFBD9}'/><EventID>11</EventID><Version>2</Version><Level>4</Level><Task>11</Task><Opcode>0</Opcode><Keywords>0x8000000000000000</Keywords><TimeCreated SystemTime='2023-01-16T11:47:24.211595600Z'/><EventRecordID>32303</EventRecordID><Correlation/><Execution ProcessID='2532' ThreadID='3012'/><Channel>Microsoft-Windows-Sysmon/Operational</Channel><Computer>win-dc-ctus-attack-range-221.attackrange.local</Computer><Security UserID='S-1-5-18'/></System><EventData><Data Name='RuleName'>-</Data><Data Name='UtcTime'>2023-01-16 11:47:24.210</Data><Data Name='ProcessGuid'>{FCCA13C7-394B-63C5-A305-00000000AF02}</Data><Data Name='ProcessId'>3676</Data><Data Name='Image'>C:\Temp\ConfirmEmail.exe</Data><Data Name='TargetFilename'>C:\Users\Default\AppData\Local\Packages\ActiveSync\cHpfiXA9s.README.txt</Data><Data Name='CreationUtcTime'>2023-01-16 11:47:24.210</Data></EventData></Event>
8214:<Event xmlns='http://schemas.microsoft.com/win/2004/08/events/event'><System><Provider Name='Microsoft-Windows-Sysmon' Guid='{5770385F-C22A-43E0-BF4C-06F5698FFBD9}'/><EventID>11</EventID><Version>2</Version><Level>4</Level><Task>11</Task><Opcode>0</Opcode><Keywords>0x8000000000000000</Keywords><TimeCreated SystemTime='2023-01-16T11:47:24.210990200Z'/><EventRecordID>32302</EventRecordID><Correlation/><Execution ProcessID='2532' ThreadID='3012'/><Channel>Microsoft-Windows-Sysmon/Operational</Channel><Computer>win-dc-ctus-attack-range-221.attackrange.local</Computer><Security UserID='S-1-5-18'/></System><EventData><Data Name='RuleName'>-</Data><Data Name='UtcTime'>2023-01-16 11:47:24.210</Data><Data Name='ProcessGuid'>{FCCA13C7-394B-63C5-A305-00000000AF02}</Data><Data Name='ProcessId'>3676</Data><Data Name='Image'>C:\Temp\ConfirmEmail.exe</Data><Data Name='TargetFilename'>C:\Users\Default\AppData\Local\Packages\Microsoft.AAD.BrokerPlugin_cw5n1h2txyewy\AC\Temp\cHpfiXA9s.README.txt</Data><Data Name='CreationUtcTime'>2023-01-16 11:47:24.209</Data></EventData></Event>
8215:<Event xmlns='http://schemas.microsoft.com/win/2004/08/events/event'><System><Provider Name='Microsoft-Windows-Sysmon' Guid='{5770385F-C22A-43E0-BF4C-06F5698FFBD9}'/><EventID>11</EventID><Version>2</Version><Level>4</Level><Task>11</Task><Opcode>0</Opcode><Keywords>0x8000000000000000</Keywords><TimeCreated SystemTime='2023-01-16T11:47:24.210270100Z'/><EventRecordID>32301</EventRecordID><Correlation/><Execution ProcessID='2532' ThreadID='3012'/><Channel>Microsoft-Windows-Sysmon/Operational</Channel><Computer>win-dc-ctus-attack-range-221.attackrange.local</Computer><Security UserID='S-1-5-18'/></System><EventData><Data Name='RuleName'>-</Data><Data Name='UtcTime'>2023-01-16 11:47:24.209</Data><Data Name='ProcessGuid'>{FCCA13C7-394B-63C5-A305-00000000AF02}</Data><Data Name='ProcessId'>3676</Data><Data Name='Image'>C:\Temp\ConfirmEmail.exe</Data><Data Name='TargetFilename'>C:\Users\Default\AppData\Local\Packages\Microsoft.AAD.BrokerPlugin_cw5n1h2txyewy\AC\cHpfiXA9s.README.txt</Data><Data Name='CreationUtcTime'>2023-01-16 11:47:24.209</Data></EventData></Event>
8216:<Event xmlns='http://schemas.microsoft.com/win/2004/08/events/event'><System><Provider Name='Microsoft-Windows-Sysmon' Guid='{5770385F-C22A-43E0-BF4C-06F5698FFBD9}'/><EventID>11</EventID><Version>2</Version><Level>4</Level><Task>11</Task><Opcode>0</Opcode><Keywords>0x8000000000000000</Keywords><TimeCreated SystemTime='2023-01-16T11:47:24.208871600Z'/><EventRecordID>32300</EventRecordID><Correlation/><Execution ProcessID='2532' ThreadID='3012'/><Channel>Microsoft-Windows-Sysmon/Operational</Channel><Computer>win-dc-ctus-attack-range-221.attackrange.local</Computer><Security UserID='S-1-5-18'/></System><EventData><Data Name='RuleName'>-</Data><Data Name='UtcTime'>2023-01-16 11:47:24.208</Data><Data Name='ProcessGuid'>{FCCA13C7-394B-63C5-A305-00000000AF02}</Data><Data Name='ProcessId'>3676</Data><Data Name='Image'>C:\Temp\ConfirmEmail.exe</Data><Data Name='TargetFilename'>C:\Users\Default\AppData\Local\Packages\Microsoft.AAD.BrokerPlugin_cw5n1h2txyewy\AppData\cHpfiXA9s.README.txt</Data><Data Name='CreationUtcTime'>2023-01-16 11:47:24.207</Data></EventData></Event>
8217:<Event xmlns='http://schemas.microsoft.com/win/2004/08/events/event'><System><Provider Name='Microsoft-Windows-Sysmon' Guid='{5770385F-C22A-43E0-BF4C-06F5698FFBD9}'/><EventID>11</EventID><Version>2</Version><Level>4</Level><Task>11</Task><Opcode>0</Opcode><Keywords>0x8000000000000000</Keywords><TimeCreated SystemTime='2023-01-16T11:47:24.208106100Z'/><EventRecordID>32299</EventRecordID><Correlation/><Execution ProcessID='2532' ThreadID='3012'/><Channel>Microsoft-Windows-Sysmon/Operational</Channel><Computer>win-dc-ctus-attack-range-221.attackrange.local</Computer><Security UserID='S-1-5-18'/></System><EventData><Data Name='RuleName'>-</Data><Data Name='UtcTime'>2023-01-16 11:47:24.207</Data><Data Name='ProcessGuid'>{FCCA13C7-394B-63C5-A305-00000000AF02}</Data><Data Name='ProcessId'>3676</Data><Data Name='Image'>C:\Temp\ConfirmEmail.exe</Data><Data Name='TargetFilename'>C:\Users\Default\AppData\Local\Packages\Microsoft.AAD.BrokerPlugin_cw5n1h2txyewy\LocalCache\cHpfiXA9s.README.txt</Data><Data Name='CreationUtcTime'>2023-01-16 11:47:24.207</Data></EventData></Event>
8218:<Event xmlns='http://schemas.microsoft.com/win/2004/08/events/event'><System><Provider Name='Microsoft-Windows-Sysmon' Guid='{5770385F-C22A-43E0-BF4C-06F5698FFBD9}'/><EventID>11</EventID><Version>2</Version><Level>4</Level><Task>11</Task><Opcode>0</Opcode><Keywords>0x8000000000000000</Keywords><TimeCreated SystemTime='2023-01-16T11:47:24.207287200Z'/><EventRecordID>32298</EventRecordID><Correlation/><Execution ProcessID='2532' ThreadID='3012'/><Channel>Microsoft-Windows-Sysmon/Operational</Channel><Computer>win-dc-ctus-attack-range-221.attackrange.local</Computer><Security UserID='S-1-5-18'/></System><EventData><Data Name='RuleName'>-</Data><Data Name='UtcTime'>2023-01-16 11:47:24.206</Data><Data Name='ProcessGuid'>{FCCA13C7-394B-63C5-A305-00000000AF02}</Data><Data Name='ProcessId'>3676</Data><Data Name='Image'>C:\Temp\ConfirmEmail.exe</Data><Data Name='TargetFilename'>C:\Users\Default\AppData\Local\Packages\Microsoft.AAD.BrokerPlugin_cw5n1h2txyewy\LocalState\cHpfiXA9s.README.txt</Data><Data Name='CreationUtcTime'>2023-01-16 11:47:24.206</Data></EventData></Event>
8219:<Event xmlns='http://schemas.microsoft.com/win/2004/08/events/event'><System><Provider Name='Microsoft-Windows-Sysmon' Guid='{5770385F-C22A-43E0-BF4C-06F5698FFBD9}'/><EventID>11</EventID><Version>2</Version><Level>4</Level><Task>11</Task><Opcode>0</Opcode><Keywords>0x8000000000000000</Keywords><TimeCreated SystemTime='2023-01-16T11:47:24.205831000Z'/><EventRecordID>32297</EventRecordID><Correlation/><Execution ProcessID='2532' ThreadID='3012'/><Channel>Microsoft-Windows-Sysmon/Operational</Channel><Computer>win-dc-ctus-attack-range-221.attackrange.local</Computer><Security UserID='S-1-5-18'/></System><EventData><Data Name='RuleName'>-</Data><Data Name='UtcTime'>2023-01-16 11:47:24.204</Data><Data Name='ProcessGuid'>{FCCA13C7-394B-63C5-A305-00000000AF02}</Data><Data Name='ProcessId'>3676</Data><Data Name='Image'>C:\Temp\ConfirmEmail.exe</Data><Data Name='TargetFilename'>C:\Users\Default\AppData\Local\Packages\Microsoft.AAD.BrokerPlugin_cw5n1h2txyewy\RoamingState\cHpfiXA9s.README.txt</Data><Data Name='CreationUtcTime'>2023-01-16 11:47:24.204</Data></EventData></Event>
8221:<Event xmlns='http://schemas.microsoft.com/win/2004/08/events/event'><System><Provider Name='Microsoft-Windows-Sysmon' Guid='{5770385F-C22A-43E0-BF4C-06F5698FFBD9}'/><EventID>11</EventID><Version>2</Version><Level>4</Level><Task>11</Task><Opcode>0</Opcode><Keywords>0x8000000000000000</Keywords><TimeCreated SystemTime='2023-01-16T11:47:24.201666000Z'/><EventRecordID>32295</EventRecordID><Correlation/><Execution ProcessID='2532' ThreadID='3012'/><Channel>Microsoft-Windows-Sysmon/Operational</Channel><Computer>win-dc-ctus-attack-range-221.attackrange.local</Computer><Security UserID='S-1-5-18'/></System><EventData><Data Name='RuleName'>-</Data><Data Name='UtcTime'>2023-01-16 11:47:24.200</Data><Data Name='ProcessGuid'>{FCCA13C7-394B-63C5-A305-00000000AF02}</Data><Data Name='ProcessId'>3676</Data><Data Name='Image'>C:\Temp\ConfirmEmail.exe</Data><Data Name='TargetFilename'>C:\Users\Default\AppData\Local\Packages\Microsoft.AAD.BrokerPlugin_cw5n1h2txyewy\Settings\cHpfiXA9s.README.txt</Data><Data Name='CreationUtcTime'>2023-01-16 11:47:24.200</Data></EventData></Event>
8222:<Event xmlns='http://schemas.microsoft.com/win/2004/08/events/event'><System><Provider Name='Microsoft-Windows-Sysmon' Guid='{5770385F-C22A-43E0-BF4C-06F5698FFBD9}'/><EventID>11</EventID><Version>2</Version><Level>4</Level><Task>11</Task><Opcode>0</Opcode><Keywords>0x8000000000000000</Keywords><TimeCreated SystemTime='2023-01-16T11:47:24.200574800Z'/><EventRecordID>32294</EventRecordID><Correlation/><Execution ProcessID='2532' ThreadID='3012'/><Channel>Microsoft-Windows-Sysmon/Operational</Channel><Computer>win-dc-ctus-attack-range-221.attackrange.local</Computer><Security UserID='S-1-5-18'/></System><EventData><Data Name='RuleName'>-</Data><Data Name='UtcTime'>2023-01-16 11:47:24.199</Data><Data Name='ProcessGuid'>{FCCA13C7-394B-63C5-A305-00000000AF02}</Data><Data Name='ProcessId'>3676</Data><Data Name='Image'>C:\Temp\ConfirmEmail.exe</Data><Data Name='TargetFilename'>C:\Users\Default\AppData\Local\Packages\Microsoft.AAD.BrokerPlugin_cw5n1h2txyewy\SystemAppData\cHpfiXA9s.README.txt</Data><Data Name='CreationUtcTime'>2023-01-16 11:47:24.199</Data></EventData></Event>
8223:<Event xmlns='http://schemas.microsoft.com/win/2004/08/events/event'><System><Provider Name='Microsoft-Windows-Sysmon' Guid='{5770385F-C22A-43E0-BF4C-06F5698FFBD9}'/><EventID>11</EventID><Version>2</Version><Level>4</Level><Task>11</Task><Opcode>0</Opcode><Keywords>0x8000000000000000</Keywords><TimeCreated SystemTime='2023-01-16T11:47:24.199659300Z'/><EventRecordID>32293</EventRecordID><Correlation/><Execution ProcessID='2532' ThreadID='3012'/><Channel>Microsoft-Windows-Sysmon/Operational</Channel><Computer>win-dc-ctus-attack-range-221.attackrange.local</Computer><Security UserID='S-1-5-18'/></System><EventData><Data Name='RuleName'>-</Data><Data Name='UtcTime'>2023-01-16 11:47:24.198</Data><Data Name='ProcessGuid'>{FCCA13C7-394B-63C5-A305-00000000AF02}</Data><Data Name='ProcessId'>3676</Data><Data Name='Image'>C:\Temp\ConfirmEmail.exe</Data><Data Name='TargetFilename'>C:\Users\Default\AppData\Local\Packages\Microsoft.AAD.BrokerPlugin_cw5n1h2txyewy\TempState\cHpfiXA9s.README.txt</Data><Data Name='CreationUtcTime'>2023-01-16 11:47:24.198</Data></EventData></Event>
8224:<Event xmlns='http://schemas.microsoft.com/win/2004/08/events/event'><System><Provider Name='Microsoft-Windows-Sysmon' Guid='{5770385F-C22A-43E0-BF4C-06F5698FFBD9}'/><EventID>11</EventID><Version>2</Version><Level>4</Level><Task>11</Task><Opcode>0</Opcode><Keywords>0x8000000000000000</Keywords><TimeCreated SystemTime='2023-01-16T11:47:24.198453000Z'/><EventRecordID>32292</EventRecordID><Correlation/><Execution ProcessID='2532' ThreadID='3012'/><Channel>Microsoft-Windows-Sysmon/Operational</Channel><Computer>win-dc-ctus-attack-range-221.attackrange.local</Computer><Security UserID='S-1-5-18'/></System><EventData><Data Name='RuleName'>-</Data><Data Name='UtcTime'>2023-01-16 11:47:24.197</Data><Data Name='ProcessGuid'>{FCCA13C7-394B-63C5-A305-00000000AF02}</Data><Data Name='ProcessId'>3676</Data><Data Name='Image'>C:\Temp\ConfirmEmail.exe</Data><Data Name='TargetFilename'>C:\Users\Default\AppData\Local\Packages\Microsoft.AAD.BrokerPlugin_cw5n1h2txyewy\cHpfiXA9s.README.txt</Data><Data Name='CreationUtcTime'>2023-01-16 11:47:24.197</Data></EventData></Event>
