8589:<Event xmlns='http://schemas.microsoft.com/win/2004/08/events/event'><System><Provider Name='Microsoft-Windows-Sysmon' Guid='{5770385F-C22A-43E0-BF4C-06F5698FFBD9}'/><EventID>11</EventID><Version>2</Version><Level>4</Level><Task>11</Task><Opcode>0</Opcode><Keywords>0x8000000000000000</Keywords><TimeCreated SystemTime='2023-01-16T11:47:27.567546100Z'/><EventRecordID>32953</EventRecordID><Correlation/><Execution ProcessID='2532' ThreadID='3012'/><Channel>Microsoft-Windows-Sysmon/Operational</Channel><Computer>win-dc-ctus-attack-range-221.attackrange.local</Computer><Security UserID='S-1-5-18'/></System><EventData><Data Name='RuleName'>-</Data><Data Name='UtcTime'>2023-01-16 11:47:27.558</Data><Data Name='ProcessGuid'>{FCCA13C7-394B-63C5-A305-00000000AF02}</Data><Data Name='ProcessId'>3676</Data><Data Name='Image'>C:\Temp\ConfirmEmail.exe</Data><Data Name='TargetFilename'>C:\Users\Administrator\AppData\Local\Microsoft\Internet Explorer\TabRoaming\cHpfiXA9s.README.txt</Data><Data Name='CreationUtcTime'>2023-01-16 11:47:27.558</Data></EventData></Event>
8590:<Event xmlns='http://schemas.microsoft.com/win/2004/08/events/event'><System><Provider Name='Microsoft-Windows-Sysmon' Guid='{5770385F-C22A-43E0-BF4C-06F5698FFBD9}'/><EventID>11</EventID><Version>2</Version><Level>4</Level><Task>11</Task><Opcode>0</Opcode><Keywords>0x8000000000000000</Keywords><TimeCreated SystemTime='2023-01-16T11:47:27.567500600Z'/><EventRecordID>32952</EventRecordID><Correlation/><Execution ProcessID='2532' ThreadID='3012'/><Channel>Microsoft-Windows-Sysmon/Operational</Channel><Computer>win-dc-ctus-attack-range-221.attackrange.local</Computer><Security UserID='S-1-5-18'/></System><EventData><Data Name='RuleName'>-</Data><Data Name='UtcTime'>2023-01-16 11:47:27.557</Data><Data Name='ProcessGuid'>{FCCA13C7-394B-63C5-A305-00000000AF02}</Data><Data Name='ProcessId'>3676</Data><Data Name='Image'>C:\Temp\ConfirmEmail.exe</Data><Data Name='TargetFilename'>C:\Users\Administrator\AppData\Local\Microsoft\Internet Explorer\Tracking Protection\cHpfiXA9s.README.txt</Data><Data Name='CreationUtcTime'>2023-01-16 11:47:27.557</Data></EventData></Event>
8591:<Event xmlns='http://schemas.microsoft.com/win/2004/08/events/event'><System><Provider Name='Microsoft-Windows-Sysmon' Guid='{5770385F-C22A-43E0-BF4C-06F5698FFBD9}'/><EventID>11</EventID><Version>2</Version><Level>4</Level><Task>11</Task><Opcode>0</Opcode><Keywords>0x8000000000000000</Keywords><TimeCreated SystemTime='2023-01-16T11:47:27.567429400Z'/><EventRecordID>32951</EventRecordID><Correlation/><Execution ProcessID='2532' ThreadID='3012'/><Channel>Microsoft-Windows-Sysmon/Operational</Channel><Computer>win-dc-ctus-attack-range-221.attackrange.local</Computer><Security UserID='S-1-5-18'/></System><EventData><Data Name='RuleName'>-</Data><Data Name='UtcTime'>2023-01-16 11:47:27.544</Data><Data Name='ProcessGuid'>{FCCA13C7-394B-63C5-A305-00000000AF02}</Data><Data Name='ProcessId'>3676</Data><Data Name='Image'>C:\Temp\ConfirmEmail.exe</Data><Data Name='TargetFilename'>C:\Users\Administrator\AppData\Local\Microsoft\Internet Explorer\cHpfiXA9s.README.txt</Data><Data Name='CreationUtcTime'>2023-01-16 11:47:27.544</Data></EventData></Event>
8592:<Event xmlns='http://schemas.microsoft.com/win/2004/08/events/event'><System><Provider Name='Microsoft-Windows-Sysmon' Guid='{5770385F-C22A-43E0-BF4C-06F5698FFBD9}'/><EventID>11</EventID><Version>2</Version><Level>4</Level><Task>11</Task><Opcode>0</Opcode><Keywords>0x8000000000000000</Keywords><TimeCreated SystemTime='2023-01-16T11:47:27.510985700Z'/><EventRecordID>32950</EventRecordID><Correlation/><Execution ProcessID='2532' ThreadID='3012'/><Channel>Microsoft-Windows-Sysmon/Operational</Channel><Computer>win-dc-ctus-attack-range-221.attackrange.local</Computer><Security UserID='S-1-5-18'/></System><EventData><Data Name='RuleName'>-</Data><Data Name='UtcTime'>2023-01-16 11:47:27.510</Data><Data Name='ProcessGuid'>{FCCA13C7-394B-63C5-A305-00000000AF02}</Data><Data Name='ProcessId'>3676</Data><Data Name='Image'>C:\Temp\ConfirmEmail.exe</Data><Data Name='TargetFilename'>C:\Users\Administrator\AppData\Local\Microsoft\Media Player\Sync Playlists\en-US\00040D1C\cHpfiXA9s.README.txt</Data><Data Name='CreationUtcTime'>2023-01-16 11:47:27.510</Data></EventData></Event>
8593:<Event xmlns='http://schemas.microsoft.com/win/2004/08/events/event'><System><Provider Name='Microsoft-Windows-Sysmon' Guid='{5770385F-C22A-43E0-BF4C-06F5698FFBD9}'/><EventID>11</EventID><Version>2</Version><Level>4</Level><Task>11</Task><Opcode>0</Opcode><Keywords>0x8000000000000000</Keywords><TimeCreated SystemTime='2023-01-16T11:47:27.479037900Z'/><EventRecordID>32949</EventRecordID><Correlation/><Execution ProcessID='2532' ThreadID='3012'/><Channel>Microsoft-Windows-Sysmon/Operational</Channel><Computer>win-dc-ctus-attack-range-221.attackrange.local</Computer><Security UserID='S-1-5-18'/></System><EventData><Data Name='RuleName'>-</Data><Data Name='UtcTime'>2023-01-16 11:47:27.478</Data><Data Name='ProcessGuid'>{FCCA13C7-394B-63C5-A305-00000000AF02}</Data><Data Name='ProcessId'>3676</Data><Data Name='Image'>C:\Temp\ConfirmEmail.exe</Data><Data Name='TargetFilename'>C:\Users\Administrator\AppData\Local\Microsoft\Media Player\Sync Playlists\en-US\00044FE1\cHpfiXA9s.README.txt</Data><Data Name='CreationUtcTime'>2023-01-16 11:47:27.478</Data></EventData></Event>
8594:<Event xmlns='http://schemas.microsoft.com/win/2004/08/events/event'><System><Provider Name='Microsoft-Windows-Sysmon' Guid='{5770385F-C22A-43E0-BF4C-06F5698FFBD9}'/><EventID>11</EventID><Version>2</Version><Level>4</Level><Task>11</Task><Opcode>0</Opcode><Keywords>0x8000000000000000</Keywords><TimeCreated SystemTime='2023-01-16T11:47:27.445971200Z'/><EventRecordID>32948</EventRecordID><Correlation/><Execution ProcessID='2532' ThreadID='3012'/><Channel>Microsoft-Windows-Sysmon/Operational</Channel><Computer>win-dc-ctus-attack-range-221.attackrange.local</Computer><Security UserID='S-1-5-18'/></System><EventData><Data Name='RuleName'>-</Data><Data Name='UtcTime'>2023-01-16 11:47:27.445</Data><Data Name='ProcessGuid'>{FCCA13C7-394B-63C5-A305-00000000AF02}</Data><Data Name='ProcessId'>3676</Data><Data Name='Image'>C:\Temp\ConfirmEmail.exe</Data><Data Name='TargetFilename'>C:\Users\Administrator\AppData\Local\Microsoft\Media Player\Sync Playlists\en-US\0004CFDF\cHpfiXA9s.README.txt</Data><Data Name='CreationUtcTime'>2023-01-16 11:47:27.445</Data></EventData></Event>
8600:<Event xmlns='http://schemas.microsoft.com/win/2004/08/events/event'><System><Provider Name='Microsoft-Windows-Sysmon' Guid='{5770385F-C22A-43E0-BF4C-06F5698FFBD9}'/><EventID>11</EventID><Version>2</Version><Level>4</Level><Task>11</Task><Opcode>0</Opcode><Keywords>0x8000000000000000</Keywords><TimeCreated SystemTime='2023-01-16T11:47:27.410448600Z'/><EventRecordID>32942</EventRecordID><Correlation/><Execution ProcessID='2532' ThreadID='3012'/><Channel>Microsoft-Windows-Sysmon/Operational</Channel><Computer>win-dc-ctus-attack-range-221.attackrange.local</Computer><Security UserID='S-1-5-18'/></System><EventData><Data Name='RuleName'>-</Data><Data Name='UtcTime'>2023-01-16 11:47:27.410</Data><Data Name='ProcessGuid'>{FCCA13C7-394B-63C5-A305-00000000AF02}</Data><Data Name='ProcessId'>3676</Data><Data Name='Image'>C:\Temp\ConfirmEmail.exe</Data><Data Name='TargetFilename'>C:\Users\Administrator\AppData\Local\Microsoft\Media Player\Sync Playlists\en-US\000A493D\cHpfiXA9s.README.txt</Data><Data Name='CreationUtcTime'>2023-01-16 11:47:27.409</Data></EventData></Event>
8601:<Event xmlns='http://schemas.microsoft.com/win/2004/08/events/event'><System><Provider Name='Microsoft-Windows-Sysmon' Guid='{5770385F-C22A-43E0-BF4C-06F5698FFBD9}'/><EventID>11</EventID><Version>2</Version><Level>4</Level><Task>11</Task><Opcode>0</Opcode><Keywords>0x8000000000000000</Keywords><TimeCreated SystemTime='2023-01-16T11:47:27.347295900Z'/><EventRecordID>32941</EventRecordID><Correlation/><Execution ProcessID='2532' ThreadID='3012'/><Channel>Microsoft-Windows-Sysmon/Operational</Channel><Computer>win-dc-ctus-attack-range-221.attackrange.local</Computer><Security UserID='S-1-5-18'/></System><EventData><Data Name='RuleName'>-</Data><Data Name='UtcTime'>2023-01-16 11:47:27.346</Data><Data Name='ProcessGuid'>{FCCA13C7-394B-63C5-A305-00000000AF02}</Data><Data Name='ProcessId'>3676</Data><Data Name='Image'>C:\Temp\ConfirmEmail.exe</Data><Data Name='TargetFilename'>C:\Users\Administrator\AppData\Local\Microsoft\Media Player\Sync Playlists\en-US\0015846C\cHpfiXA9s.README.txt</Data><Data Name='CreationUtcTime'>2023-01-16 11:47:27.346</Data></EventData></Event>
8620:<Event xmlns='http://schemas.microsoft.com/win/2004/08/events/event'><System><Provider Name='Microsoft-Windows-Sysmon' Guid='{5770385F-C22A-43E0-BF4C-06F5698FFBD9}'/><EventID>11</EventID><Version>2</Version><Level>4</Level><Task>11</Task><Opcode>0</Opcode><Keywords>0x8000000000000000</Keywords><TimeCreated SystemTime='2023-01-16T11:47:27.304327300Z'/><EventRecordID>32922</EventRecordID><Correlation/><Execution ProcessID='2532' ThreadID='3012'/><Channel>Microsoft-Windows-Sysmon/Operational</Channel><Computer>win-dc-ctus-attack-range-221.attackrange.local</Computer><Security UserID='S-1-5-18'/></System><EventData><Data Name='RuleName'>-</Data><Data Name='UtcTime'>2023-01-16 11:47:27.304</Data><Data Name='ProcessGuid'>{FCCA13C7-394B-63C5-A305-00000000AF02}</Data><Data Name='ProcessId'>3676</Data><Data Name='Image'>C:\Temp\ConfirmEmail.exe</Data><Data Name='TargetFilename'>C:\Users\Administrator\AppData\Local\Microsoft\Media Player\Sync Playlists\en-US\0026B51E\cHpfiXA9s.README.txt</Data><Data Name='CreationUtcTime'>2023-01-16 11:47:27.303</Data></EventData></Event>
8648:<Event xmlns='http://schemas.microsoft.com/win/2004/08/events/event'><System><Provider Name='Microsoft-Windows-Sysmon' Guid='{5770385F-C22A-43E0-BF4C-06F5698FFBD9}'/><EventID>11</EventID><Version>2</Version><Level>4</Level><Task>11</Task><Opcode>0</Opcode><Keywords>0x8000000000000000</Keywords><TimeCreated SystemTime='2023-01-16T11:47:27.266827600Z'/><EventRecordID>32894</EventRecordID><Correlation/><Execution ProcessID='2532' ThreadID='3012'/><Channel>Microsoft-Windows-Sysmon/Operational</Channel><Computer>win-dc-ctus-attack-range-221.attackrange.local</Computer><Security UserID='S-1-5-18'/></System><EventData><Data Name='RuleName'>-</Data><Data Name='UtcTime'>2023-01-16 11:47:27.266</Data><Data Name='ProcessGuid'>{FCCA13C7-394B-63C5-A305-00000000AF02}</Data><Data Name='ProcessId'>3676</Data><Data Name='Image'>C:\Temp\ConfirmEmail.exe</Data><Data Name='TargetFilename'>C:\Users\Administrator\AppData\Local\Microsoft\Media Player\Sync Playlists\en-US\002AC538\cHpfiXA9s.README.txt</Data><Data Name='CreationUtcTime'>2023-01-16 11:47:27.266</Data></EventData></Event>
8650:<Event xmlns='http://schemas.microsoft.com/win/2004/08/events/event'><System><Provider Name='Microsoft-Windows-Sysmon' Guid='{5770385F-C22A-43E0-BF4C-06F5698FFBD9}'/><EventID>11</EventID><Version>2</Version><Level>4</Level><Task>11</Task><Opcode>0</Opcode><Keywords>0x8000000000000000</Keywords><TimeCreated SystemTime='2023-01-16T11:47:27.265310400Z'/><EventRecordID>32892</EventRecordID><Correlation/><Execution ProcessID='2532' ThreadID='3012'/><Channel>Microsoft-Windows-Sysmon/Operational</Channel><Computer>win-dc-ctus-attack-range-221.attackrange.local</Computer><Security UserID='S-1-5-18'/></System><EventData><Data Name='RuleName'>-</Data><Data Name='UtcTime'>2023-01-16 11:47:27.264</Data><Data Name='ProcessGuid'>{FCCA13C7-394B-63C5-A305-00000000AF02}</Data><Data Name='ProcessId'>3676</Data><Data Name='Image'>C:\Temp\ConfirmEmail.exe</Data><Data Name='TargetFilename'>C:\Users\Administrator\AppData\Local\Microsoft\Media Player\Sync Playlists\en-US\cHpfiXA9s.README.txt</Data><Data Name='CreationUtcTime'>2023-01-16 11:47:27.264</Data></EventData></Event>
8651:<Event xmlns='http://schemas.microsoft.com/win/2004/08/events/event'><System><Provider Name='Microsoft-Windows-Sysmon' Guid='{5770385F-C22A-43E0-BF4C-06F5698FFBD9}'/><EventID>11</EventID><Version>2</Version><Level>4</Level><Task>11</Task><Opcode>0</Opcode><Keywords>0x8000000000000000</Keywords><TimeCreated SystemTime='2023-01-16T11:47:27.264472800Z'/><EventRecordID>32891</EventRecordID><Correlation/><Execution ProcessID='2532' ThreadID='3012'/><Channel>Microsoft-Windows-Sysmon/Operational</Channel><Computer>win-dc-ctus-attack-range-221.attackrange.local</Computer><Security UserID='S-1-5-18'/></System><EventData><Data Name='RuleName'>-</Data><Data Name='UtcTime'>2023-01-16 11:47:27.264</Data><Data Name='ProcessGuid'>{FCCA13C7-394B-63C5-A305-00000000AF02}</Data><Data Name='ProcessId'>3676</Data><Data Name='Image'>C:\Temp\ConfirmEmail.exe</Data><Data Name='TargetFilename'>C:\Users\Administrator\AppData\Local\Microsoft\Media Player\Sync Playlists\cHpfiXA9s.README.txt</Data><Data Name='CreationUtcTime'>2023-01-16 11:47:27.264</Data></EventData></Event>
8652:<Event xmlns='http://schemas.microsoft.com/win/2004/08/events/event'><System><Provider Name='Microsoft-Windows-Sysmon' Guid='{5770385F-C22A-43E0-BF4C-06F5698FFBD9}'/><EventID>11</EventID><Version>2</Version><Level>4</Level><Task>11</Task><Opcode>0</Opcode><Keywords>0x8000000000000000</Keywords><TimeCreated SystemTime='2023-01-16T11:47:27.263731700Z'/><EventRecordID>32890</EventRecordID><Correlation/><Execution ProcessID='2532' ThreadID='3012'/><Channel>Microsoft-Windows-Sysmon/Operational</Channel><Computer>win-dc-ctus-attack-range-221.attackrange.local</Computer><Security UserID='S-1-5-18'/></System><EventData><Data Name='RuleName'>-</Data><Data Name='UtcTime'>2023-01-16 11:47:27.263</Data><Data Name='ProcessGuid'>{FCCA13C7-394B-63C5-A305-00000000AF02}</Data><Data Name='ProcessId'>3676</Data><Data Name='Image'>C:\Temp\ConfirmEmail.exe</Data><Data Name='TargetFilename'>C:\Users\Administrator\AppData\Local\Microsoft\Media Player\cHpfiXA9s.README.txt</Data><Data Name='CreationUtcTime'>2023-01-16 11:47:27.263</Data></EventData></Event>
8659:<Event xmlns='http://schemas.microsoft.com/win/2004/08/events/event'><System><Provider Name='Microsoft-Windows-Sysmon' Guid='{5770385F-C22A-43E0-BF4C-06F5698FFBD9}'/><EventID>11</EventID><Version>2</Version><Level>4</Level><Task>11</Task><Opcode>0</Opcode><Keywords>0x8000000000000000</Keywords><TimeCreated SystemTime='2023-01-16T11:47:27.259936300Z'/><EventRecordID>32883</EventRecordID><Correlation/><Execution ProcessID='2532' ThreadID='3012'/><Channel>Microsoft-Windows-Sysmon/Operational</Channel><Computer>win-dc-ctus-attack-range-221.attackrange.local</Computer><Security UserID='S-1-5-18'/></System><EventData><Data Name='RuleName'>-</Data><Data Name='UtcTime'>2023-01-16 11:47:27.259</Data><Data Name='ProcessGuid'>{FCCA13C7-394B-63C5-A305-00000000AF02}</Data><Data Name='ProcessId'>3676</Data><Data Name='Image'>C:\Temp\ConfirmEmail.exe</Data><Data Name='TargetFilename'>C:\Users\Administrator\AppData\Local\Microsoft\PenWorkspace\cHpfiXA9s.README.txt</Data><Data Name='CreationUtcTime'>2023-01-16 11:47:27.259</Data></EventData></Event>
8661:<Event xmlns='http://schemas.microsoft.com/win/2004/08/events/event'><System><Provider Name='Microsoft-Windows-Sysmon' Guid='{5770385F-C22A-43E0-BF4C-06F5698FFBD9}'/><EventID>11</EventID><Version>2</Version><Level>4</Level><Task>11</Task><Opcode>0</Opcode><Keywords>0x8000000000000000</Keywords><TimeCreated SystemTime='2023-01-16T11:47:27.259175600Z'/><EventRecordID>32881</EventRecordID><Correlation/><Execution ProcessID='2532' ThreadID='3012'/><Channel>Microsoft-Windows-Sysmon/Operational</Channel><Computer>win-dc-ctus-attack-range-221.attackrange.local</Computer><Security UserID='S-1-5-18'/></System><EventData><Data Name='RuleName'>-</Data><Data Name='UtcTime'>2023-01-16 11:47:27.258</Data><Data Name='ProcessGuid'>{FCCA13C7-394B-63C5-A305-00000000AF02}</Data><Data Name='ProcessId'>3676</Data><Data Name='Image'>C:\Temp\ConfirmEmail.exe</Data><Data Name='TargetFilename'>C:\Users\Administrator\AppData\Local\Microsoft\PlayReady\Internet Explorer\Desktop\cHpfiXA9s.README.txt</Data><Data Name='CreationUtcTime'>2023-01-16 11:47:27.258</Data></EventData></Event>
8662:<Event xmlns='http://schemas.microsoft.com/win/2004/08/events/event'><System><Provider Name='Microsoft-Windows-Sysmon' Guid='{5770385F-C22A-43E0-BF4C-06F5698FFBD9}'/><EventID>11</EventID><Version>2</Version><Level>4</Level><Task>11</Task><Opcode>0</Opcode><Keywords>0x8000000000000000</Keywords><TimeCreated SystemTime='2023-01-16T11:47:27.258372700Z'/><EventRecordID>32880</EventRecordID><Correlation/><Execution ProcessID='2532' ThreadID='3012'/><Channel>Microsoft-Windows-Sysmon/Operational</Channel><Computer>win-dc-ctus-attack-range-221.attackrange.local</Computer><Security UserID='S-1-5-18'/></System><EventData><Data Name='RuleName'>-</Data><Data Name='UtcTime'>2023-01-16 11:47:27.257</Data><Data Name='ProcessGuid'>{FCCA13C7-394B-63C5-A305-00000000AF02}</Data><Data Name='ProcessId'>3676</Data><Data Name='Image'>C:\Temp\ConfirmEmail.exe</Data><Data Name='TargetFilename'>C:\Users\Administrator\AppData\Local\Microsoft\PlayReady\Internet Explorer\InPrivate\Desktop\cHpfiXA9s.README.txt</Data><Data Name='CreationUtcTime'>2023-01-16 11:47:27.257</Data></EventData></Event>
8664:<Event xmlns='http://schemas.microsoft.com/win/2004/08/events/event'><System><Provider Name='Microsoft-Windows-Sysmon' Guid='{5770385F-C22A-43E0-BF4C-06F5698FFBD9}'/><EventID>11</EventID><Version>2</Version><Level>4</Level><Task>11</Task><Opcode>0</Opcode><Keywords>0x8000000000000000</Keywords><TimeCreated SystemTime='2023-01-16T11:47:27.257472300Z'/><EventRecordID>32878</EventRecordID><Correlation/><Execution ProcessID='2532' ThreadID='3012'/><Channel>Microsoft-Windows-Sysmon/Operational</Channel><Computer>win-dc-ctus-attack-range-221.attackrange.local</Computer><Security UserID='S-1-5-18'/></System><EventData><Data Name='RuleName'>-</Data><Data Name='UtcTime'>2023-01-16 11:47:27.257</Data><Data Name='ProcessGuid'>{FCCA13C7-394B-63C5-A305-00000000AF02}</Data><Data Name='ProcessId'>3676</Data><Data Name='Image'>C:\Temp\ConfirmEmail.exe</Data><Data Name='TargetFilename'>C:\Users\Administrator\AppData\Local\Microsoft\PlayReady\Internet Explorer\InPrivate\cHpfiXA9s.README.txt</Data><Data Name='CreationUtcTime'>2023-01-16 11:47:27.256</Data></EventData></Event>
8665:<Event xmlns='http://schemas.microsoft.com/win/2004/08/events/event'><System><Provider Name='Microsoft-Windows-Sysmon' Guid='{5770385F-C22A-43E0-BF4C-06F5698FFBD9}'/><EventID>11</EventID><Version>2</Version><Level>4</Level><Task>11</Task><Opcode>0</Opcode><Keywords>0x8000000000000000</Keywords><TimeCreated SystemTime='2023-01-16T11:47:27.256701400Z'/><EventRecordID>32877</EventRecordID><Correlation/><Execution ProcessID='2532' ThreadID='3012'/><Channel>Microsoft-Windows-Sysmon/Operational</Channel><Computer>win-dc-ctus-attack-range-221.attackrange.local</Computer><Security UserID='S-1-5-18'/></System><EventData><Data Name='RuleName'>-</Data><Data Name='UtcTime'>2023-01-16 11:47:27.256</Data><Data Name='ProcessGuid'>{FCCA13C7-394B-63C5-A305-00000000AF02}</Data><Data Name='ProcessId'>3676</Data><Data Name='Image'>C:\Temp\ConfirmEmail.exe</Data><Data Name='TargetFilename'>C:\Users\Administrator\AppData\Local\Microsoft\PlayReady\Internet Explorer\cHpfiXA9s.README.txt</Data><Data Name='CreationUtcTime'>2023-01-16 11:47:27.256</Data></EventData></Event>
8668:<Event xmlns='http://schemas.microsoft.com/win/2004/08/events/event'><System><Provider Name='Microsoft-Windows-Sysmon' Guid='{5770385F-C22A-43E0-BF4C-06F5698FFBD9}'/><EventID>11</EventID><Version>2</Version><Level>4</Level><Task>11</Task><Opcode>0</Opcode><Keywords>0x8000000000000000</Keywords><TimeCreated SystemTime='2023-01-16T11:47:27.255945300Z'/><EventRecordID>32874</EventRecordID><Correlation/><Execution ProcessID='2532' ThreadID='3012'/><Channel>Microsoft-Windows-Sysmon/Operational</Channel><Computer>win-dc-ctus-attack-range-221.attackrange.local</Computer><Security UserID='S-1-5-18'/></System><EventData><Data Name='RuleName'>-</Data><Data Name='UtcTime'>2023-01-16 11:47:27.255</Data><Data Name='ProcessGuid'>{FCCA13C7-394B-63C5-A305-00000000AF02}</Data><Data Name='ProcessId'>3676</Data><Data Name='Image'>C:\Temp\ConfirmEmail.exe</Data><Data Name='TargetFilename'>C:\Users\Administrator\AppData\Local\Microsoft\PlayReady\cHpfiXA9s.README.txt</Data><Data Name='CreationUtcTime'>2023-01-16 11:47:27.255</Data></EventData></Event>
8670:<Event xmlns='http://schemas.microsoft.com/win/2004/08/events/event'><System><Provider Name='Microsoft-Windows-Sysmon' Guid='{5770385F-C22A-43E0-BF4C-06F5698FFBD9}'/><EventID>11</EventID><Version>2</Version><Level>4</Level><Task>11</Task><Opcode>0</Opcode><Keywords>0x8000000000000000</Keywords><TimeCreated SystemTime='2023-01-16T11:47:27.251990500Z'/><EventRecordID>32872</EventRecordID><Correlation/><Execution ProcessID='2532' ThreadID='3012'/><Channel>Microsoft-Windows-Sysmon/Operational</Channel><Computer>win-dc-ctus-attack-range-221.attackrange.local</Computer><Security UserID='S-1-5-18'/></System><EventData><Data Name='RuleName'>-</Data><Data Name='UtcTime'>2023-01-16 11:47:27.251</Data><Data Name='ProcessGuid'>{FCCA13C7-394B-63C5-A305-00000000AF02}</Data><Data Name='ProcessId'>3676</Data><Data Name='Image'>C:\Temp\ConfirmEmail.exe</Data><Data Name='TargetFilename'>C:\Users\Administrator\AppData\Local\Microsoft\Vault\4BF4C442-9B8A-41A0-B380-DD4A704DDB28\cHpfiXA9s.README.txt</Data><Data Name='CreationUtcTime'>2023-01-16 11:47:27.250</Data></EventData></Event>
8676:<Event xmlns='http://schemas.microsoft.com/win/2004/08/events/event'><System><Provider Name='Microsoft-Windows-Sysmon' Guid='{5770385F-C22A-43E0-BF4C-06F5698FFBD9}'/><EventID>11</EventID><Version>2</Version><Level>4</Level><Task>11</Task><Opcode>0</Opcode><Keywords>0x8000000000000000</Keywords><TimeCreated SystemTime='2023-01-16T11:47:27.246888200Z'/><EventRecordID>32866</EventRecordID><Correlation/><Execution ProcessID='2532' ThreadID='3012'/><Channel>Microsoft-Windows-Sysmon/Operational</Channel><Computer>win-dc-ctus-attack-range-221.attackrange.local</Computer><Security UserID='S-1-5-18'/></System><EventData><Data Name='RuleName'>-</Data><Data Name='UtcTime'>2023-01-16 11:47:27.246</Data><Data Name='ProcessGuid'>{FCCA13C7-394B-63C5-A305-00000000AF02}</Data><Data Name='ProcessId'>3676</Data><Data Name='Image'>C:\Temp\ConfirmEmail.exe</Data><Data Name='TargetFilename'>C:\Users\Administrator\AppData\Local\Microsoft\Vault\UserProfileRoaming\cHpfiXA9s.README.txt</Data><Data Name='CreationUtcTime'>2023-01-16 11:47:27.246</Data></EventData></Event>
8677:<Event xmlns='http://schemas.microsoft.com/win/2004/08/events/event'><System><Provider Name='Microsoft-Windows-Sysmon' Guid='{5770385F-C22A-43E0-BF4C-06F5698FFBD9}'/><EventID>11</EventID><Version>2</Version><Level>4</Level><Task>11</Task><Opcode>0</Opcode><Keywords>0x8000000000000000</Keywords><TimeCreated SystemTime='2023-01-16T11:47:27.245942100Z'/><EventRecordID>32865</EventRecordID><Correlation/><Execution ProcessID='2532' ThreadID='3012'/><Channel>Microsoft-Windows-Sysmon/Operational</Channel><Computer>win-dc-ctus-attack-range-221.attackrange.local</Computer><Security UserID='S-1-5-18'/></System><EventData><Data Name='RuleName'>-</Data><Data Name='UtcTime'>2023-01-16 11:47:27.245</Data><Data Name='ProcessGuid'>{FCCA13C7-394B-63C5-A305-00000000AF02}</Data><Data Name='ProcessId'>3676</Data><Data Name='Image'>C:\Temp\ConfirmEmail.exe</Data><Data Name='TargetFilename'>C:\Users\Administrator\AppData\Local\Microsoft\Vault\cHpfiXA9s.README.txt</Data><Data Name='CreationUtcTime'>2023-01-16 11:47:27.244</Data></EventData></Event>
8678:<Event xmlns='http://schemas.microsoft.com/win/2004/08/events/event'><System><Provider Name='Microsoft-Windows-Sysmon' Guid='{5770385F-C22A-43E0-BF4C-06F5698FFBD9}'/><EventID>11</EventID><Version>2</Version><Level>4</Level><Task>11</Task><Opcode>0</Opcode><Keywords>0x8000000000000000</Keywords><TimeCreated SystemTime='2023-01-16T11:47:27.244597200Z'/><EventRecordID>32864</EventRecordID><Correlation/><Execution ProcessID='2532' ThreadID='3012'/><Channel>Microsoft-Windows-Sysmon/Operational</Channel><Computer>win-dc-ctus-attack-range-221.attackrange.local</Computer><Security UserID='S-1-5-18'/></System><EventData><Data Name='RuleName'>-</Data><Data Name='UtcTime'>2023-01-16 11:47:27.244</Data><Data Name='ProcessGuid'>{FCCA13C7-394B-63C5-A305-00000000AF02}</Data><Data Name='ProcessId'>3676</Data><Data Name='Image'>C:\Temp\ConfirmEmail.exe</Data><Data Name='TargetFilename'>C:\Users\Administrator\AppData\Local\Microsoft\Windows Sidebar\Gadgets\cHpfiXA9s.README.txt</Data><Data Name='CreationUtcTime'>2023-01-16 11:47:27.244</Data></EventData></Event>
8682:<Event xmlns='http://schemas.microsoft.com/win/2004/08/events/event'><System><Provider Name='Microsoft-Windows-Sysmon' Guid='{5770385F-C22A-43E0-BF4C-06F5698FFBD9}'/><EventID>11</EventID><Version>2</Version><Level>4</Level><Task>11</Task><Opcode>0</Opcode><Keywords>0x8000000000000000</Keywords><TimeCreated SystemTime='2023-01-16T11:47:27.240024700Z'/><EventRecordID>32860</EventRecordID><Correlation/><Execution ProcessID='2532' ThreadID='3012'/><Channel>Microsoft-Windows-Sysmon/Operational</Channel><Computer>win-dc-ctus-attack-range-221.attackrange.local</Computer><Security UserID='S-1-5-18'/></System><EventData><Data Name='RuleName'>-</Data><Data Name='UtcTime'>2023-01-16 11:47:27.239</Data><Data Name='ProcessGuid'>{FCCA13C7-394B-63C5-A305-00000000AF02}</Data><Data Name='ProcessId'>3676</Data><Data Name='Image'>C:\Temp\ConfirmEmail.exe</Data><Data Name='TargetFilename'>C:\Users\Administrator\AppData\Local\Microsoft\Windows Sidebar\cHpfiXA9s.README.txt</Data><Data Name='CreationUtcTime'>2023-01-16 11:47:27.239</Data></EventData></Event>
8683:<Event xmlns='http://schemas.microsoft.com/win/2004/08/events/event'><System><Provider Name='Microsoft-Windows-Sysmon' Guid='{5770385F-C22A-43E0-BF4C-06F5698FFBD9}'/><EventID>11</EventID><Version>2</Version><Level>4</Level><Task>11</Task><Opcode>0</Opcode><Keywords>0x8000000000000000</Keywords><TimeCreated SystemTime='2023-01-16T11:47:27.239208700Z'/><EventRecordID>32859</EventRecordID><Correlation/><Execution ProcessID='2532' ThreadID='3012'/><Channel>Microsoft-Windows-Sysmon/Operational</Channel><Computer>win-dc-ctus-attack-range-221.attackrange.local</Computer><Security UserID='S-1-5-18'/></System><EventData><Data Name='RuleName'>-</Data><Data Name='UtcTime'>2023-01-16 11:47:27.238</Data><Data Name='ProcessGuid'>{FCCA13C7-394B-63C5-A305-00000000AF02}</Data><Data Name='ProcessId'>3676</Data><Data Name='Image'>C:\Temp\ConfirmEmail.exe</Data><Data Name='TargetFilename'>C:\Users\Administrator\AppData\Local\Microsoft\cHpfiXA9s.README.txt</Data><Data Name='CreationUtcTime'>2023-01-16 11:47:27.238</Data></EventData></Event>
8684:<Event xmlns='http://schemas.microsoft.com/win/2004/08/events/event'><System><Provider Name='Microsoft-Windows-Sysmon' Guid='{5770385F-C22A-43E0-BF4C-06F5698FFBD9}'/><EventID>11</EventID><Version>2</Version><Level>4</Level><Task>11</Task><Opcode>0</Opcode><Keywords>0x8000000000000000</Keywords><TimeCreated SystemTime='2023-01-16T11:47:27.234717700Z'/><EventRecordID>32858</EventRecordID><Correlation/><Execution ProcessID='2532' ThreadID='3012'/><Channel>Microsoft-Windows-Sysmon/Operational</Channel><Computer>win-dc-ctus-attack-range-221.attackrange.local</Computer><Security UserID='S-1-5-18'/></System><EventData><Data Name='RuleName'>-</Data><Data Name='UtcTime'>2023-01-16 11:47:27.234</Data><Data Name='ProcessGuid'>{FCCA13C7-394B-63C5-A305-00000000AF02}</Data><Data Name='ProcessId'>3676</Data><Data Name='Image'>C:\Temp\ConfirmEmail.exe</Data><Data Name='TargetFilename'>C:\Users\Administrator\AppData\Local\Microsoft_Corporation\ServerManager.exe_StrongName_m3xk0k0ucj0oj3ai2hibnhnv4xobnimj\10.0.0.0\cHpfiXA9s.README.txt</Data><Data Name='CreationUtcTime'>2023-01-16 11:47:27.234</Data></EventData></Event>
8685:<Event xmlns='http://schemas.microsoft.com/win/2004/08/events/event'><System><Provider Name='Microsoft-Windows-Sysmon' Guid='{5770385F-C22A-43E0-BF4C-06F5698FFBD9}'/><EventID>11</EventID><Version>2</Version><Level>4</Level><Task>11</Task><Opcode>0</Opcode><Keywords>0x8000000000000000</Keywords><TimeCreated SystemTime='2023-01-16T11:47:27.233760800Z'/><EventRecordID>32857</EventRecordID><Correlation/><Execution ProcessID='2532' ThreadID='3012'/><Channel>Microsoft-Windows-Sysmon/Operational</Channel><Computer>win-dc-ctus-attack-range-221.attackrange.local</Computer><Security UserID='S-1-5-18'/></System><EventData><Data Name='RuleName'>-</Data><Data Name='UtcTime'>2023-01-16 11:47:27.233</Data><Data Name='ProcessGuid'>{FCCA13C7-394B-63C5-A305-00000000AF02}</Data><Data Name='ProcessId'>3676</Data><Data Name='Image'>C:\Temp\ConfirmEmail.exe</Data><Data Name='TargetFilename'>C:\Users\Administrator\AppData\Local\Microsoft_Corporation\ServerManager.exe_StrongName_m3xk0k0ucj0oj3ai2hibnhnv4xobnimj\cHpfiXA9s.README.txt</Data><Data Name='CreationUtcTime'>2023-01-16 11:47:27.233</Data></EventData></Event>
8686:<Event xmlns='http://schemas.microsoft.com/win/2004/08/events/event'><System><Provider Name='Microsoft-Windows-Sysmon' Guid='{5770385F-C22A-43E0-BF4C-06F5698FFBD9}'/><EventID>11</EventID><Version>2</Version><Level>4</Level><Task>11</Task><Opcode>0</Opcode><Keywords>0x8000000000000000</Keywords><TimeCreated SystemTime='2023-01-16T11:47:27.232936200Z'/><EventRecordID>32856</EventRecordID><Correlation/><Execution ProcessID='2532' ThreadID='3012'/><Channel>Microsoft-Windows-Sysmon/Operational</Channel><Computer>win-dc-ctus-attack-range-221.attackrange.local</Computer><Security UserID='S-1-5-18'/></System><EventData><Data Name='RuleName'>-</Data><Data Name='UtcTime'>2023-01-16 11:47:27.232</Data><Data Name='ProcessGuid'>{FCCA13C7-394B-63C5-A305-00000000AF02}</Data><Data Name='ProcessId'>3676</Data><Data Name='Image'>C:\Temp\ConfirmEmail.exe</Data><Data Name='TargetFilename'>C:\Users\Administrator\AppData\Local\Microsoft_Corporation\cHpfiXA9s.README.txt</Data><Data Name='CreationUtcTime'>2023-01-16 11:47:27.231</Data></EventData></Event>
8694:<Event xmlns='http://schemas.microsoft.com/win/2004/08/events/event'><System><Provider Name='Microsoft-Windows-Sysmon' Guid='{5770385F-C22A-43E0-BF4C-06F5698FFBD9}'/><EventID>11</EventID><Version>2</Version><Level>4</Level><Task>11</Task><Opcode>0</Opcode><Keywords>0x8000000000000000</Keywords><TimeCreated SystemTime='2023-01-16T11:47:27.215542700Z'/><EventRecordID>32848</EventRecordID><Correlation/><Execution ProcessID='2532' ThreadID='3012'/><Channel>Microsoft-Windows-Sysmon/Operational</Channel><Computer>win-dc-ctus-attack-range-221.attackrange.local</Computer><Security UserID='S-1-5-18'/></System><EventData><Data Name='RuleName'>-</Data><Data Name='UtcTime'>2023-01-16 11:47:27.215</Data><Data Name='ProcessGuid'>{FCCA13C7-394B-63C5-A305-00000000AF02}</Data><Data Name='ProcessId'>3676</Data><Data Name='Image'>C:\Temp\ConfirmEmail.exe</Data><Data Name='TargetFilename'>C:\Users\Administrator\AppData\Local\NuGet\Cache\cHpfiXA9s.README.txt</Data><Data Name='CreationUtcTime'>2023-01-16 11:47:27.214</Data></EventData></Event>
8698:<Event xmlns='http://schemas.microsoft.com/win/2004/08/events/event'><System><Provider Name='Microsoft-Windows-Sysmon' Guid='{5770385F-C22A-43E0-BF4C-06F5698FFBD9}'/><EventID>11</EventID><Version>2</Version><Level>4</Level><Task>11</Task><Opcode>0</Opcode><Keywords>0x8000000000000000</Keywords><TimeCreated SystemTime='2023-01-16T11:47:27.212862100Z'/><EventRecordID>32844</EventRecordID><Correlation/><Execution ProcessID='2532' ThreadID='3012'/><Channel>Microsoft-Windows-Sysmon/Operational</Channel><Computer>win-dc-ctus-attack-range-221.attackrange.local</Computer><Security UserID='S-1-5-18'/></System><EventData><Data Name='RuleName'>-</Data><Data Name='UtcTime'>2023-01-16 11:47:27.212</Data><Data Name='ProcessGuid'>{FCCA13C7-394B-63C5-A305-00000000AF02}</Data><Data Name='ProcessId'>3676</Data><Data Name='Image'>C:\Temp\ConfirmEmail.exe</Data><Data Name='TargetFilename'>C:\Users\Administrator\AppData\Local\NuGet\cHpfiXA9s.README.txt</Data><Data Name='CreationUtcTime'>2023-01-16 11:47:27.212</Data></EventData></Event>
8699:<Event xmlns='http://schemas.microsoft.com/win/2004/08/events/event'><System><Provider Name='Microsoft-Windows-Sysmon' Guid='{5770385F-C22A-43E0-BF4C-06F5698FFBD9}'/><EventID>11</EventID><Version>2</Version><Level>4</Level><Task>11</Task><Opcode>0</Opcode><Keywords>0x8000000000000000</Keywords><TimeCreated SystemTime='2023-01-16T11:47:27.212132200Z'/><EventRecordID>32843</EventRecordID><Correlation/><Execution ProcessID='2532' ThreadID='3012'/><Channel>Microsoft-Windows-Sysmon/Operational</Channel><Computer>win-dc-ctus-attack-range-221.attackrange.local</Computer><Security UserID='S-1-5-18'/></System><EventData><Data Name='RuleName'>-</Data><Data Name='UtcTime'>2023-01-16 11:47:27.211</Data><Data Name='ProcessGuid'>{FCCA13C7-394B-63C5-A305-00000000AF02}</Data><Data Name='ProcessId'>3676</Data><Data Name='Image'>C:\Temp\ConfirmEmail.exe</Data><Data Name='TargetFilename'>C:\Users\Administrator\AppData\Local\Packages\ActiveSync\LocalState\DiagOutputDir\cHpfiXA9s.README.txt</Data><Data Name='CreationUtcTime'>2023-01-16 11:47:27.211</Data></EventData></Event>
8700:<Event xmlns='http://schemas.microsoft.com/win/2004/08/events/event'><System><Provider Name='Microsoft-Windows-Sysmon' Guid='{5770385F-C22A-43E0-BF4C-06F5698FFBD9}'/><EventID>11</EventID><Version>2</Version><Level>4</Level><Task>11</Task><Opcode>0</Opcode><Keywords>0x8000000000000000</Keywords><TimeCreated SystemTime='2023-01-16T11:47:27.211196600Z'/><EventRecordID>32842</EventRecordID><Correlation/><Execution ProcessID='2532' ThreadID='3012'/><Channel>Microsoft-Windows-Sysmon/Operational</Channel><Computer>win-dc-ctus-attack-range-221.attackrange.local</Computer><Security UserID='S-1-5-18'/></System><EventData><Data Name='RuleName'>-</Data><Data Name='UtcTime'>2023-01-16 11:47:27.210</Data><Data Name='ProcessGuid'>{FCCA13C7-394B-63C5-A305-00000000AF02}</Data><Data Name='ProcessId'>3676</Data><Data Name='Image'>C:\Temp\ConfirmEmail.exe</Data><Data Name='TargetFilename'>C:\Users\Administrator\AppData\Local\Packages\ActiveSync\LocalState\cHpfiXA9s.README.txt</Data><Data Name='CreationUtcTime'>2023-01-16 11:47:27.210</Data></EventData></Event>
8701:<Event xmlns='http://schemas.microsoft.com/win/2004/08/events/event'><System><Provider Name='Microsoft-Windows-Sysmon' Guid='{5770385F-C22A-43E0-BF4C-06F5698FFBD9}'/><EventID>11</EventID><Version>2</Version><Level>4</Level><Task>11</Task><Opcode>0</Opcode><Keywords>0x8000000000000000</Keywords><TimeCreated SystemTime='2023-01-16T11:47:27.210412600Z'/><EventRecordID>32841</EventRecordID><Correlation/><Execution ProcessID='2532' ThreadID='3012'/><Channel>Microsoft-Windows-Sysmon/Operational</Channel><Computer>win-dc-ctus-attack-range-221.attackrange.local</Computer><Security UserID='S-1-5-18'/></System><EventData><Data Name='RuleName'>-</Data><Data Name='UtcTime'>2023-01-16 11:47:27.210</Data><Data Name='ProcessGuid'>{FCCA13C7-394B-63C5-A305-00000000AF02}</Data><Data Name='ProcessId'>3676</Data><Data Name='Image'>C:\Temp\ConfirmEmail.exe</Data><Data Name='TargetFilename'>C:\Users\Administrator\AppData\Local\Packages\ActiveSync\cHpfiXA9s.README.txt</Data><Data Name='CreationUtcTime'>2023-01-16 11:47:27.209</Data></EventData></Event>
8702:<Event xmlns='http://schemas.microsoft.com/win/2004/08/events/event'><System><Provider Name='Microsoft-Windows-Sysmon' Guid='{5770385F-C22A-43E0-BF4C-06F5698FFBD9}'/><EventID>11</EventID><Version>2</Version><Level>4</Level><Task>11</Task><Opcode>0</Opcode><Keywords>0x8000000000000000</Keywords><TimeCreated SystemTime='2023-01-16T11:47:27.209721200Z'/><EventRecordID>32840</EventRecordID><Correlation/><Execution ProcessID='2532' ThreadID='3012'/><Channel>Microsoft-Windows-Sysmon/Operational</Channel><Computer>win-dc-ctus-attack-range-221.attackrange.local</Computer><Security UserID='S-1-5-18'/></System><EventData><Data Name='RuleName'>-</Data><Data Name='UtcTime'>2023-01-16 11:47:27.209</Data><Data Name='ProcessGuid'>{FCCA13C7-394B-63C5-A305-00000000AF02}</Data><Data Name='ProcessId'>3676</Data><Data Name='Image'>C:\Temp\ConfirmEmail.exe</Data><Data Name='TargetFilename'>C:\Users\Administrator\AppData\Local\Packages\Microsoft.AAD.BrokerPlugin_cw5n1h2txyewy\AC\Temp\cHpfiXA9s.README.txt</Data><Data Name='CreationUtcTime'>2023-01-16 11:47:27.209</Data></EventData></Event>
8703:<Event xmlns='http://schemas.microsoft.com/win/2004/08/events/event'><System><Provider Name='Microsoft-Windows-Sysmon' Guid='{5770385F-C22A-43E0-BF4C-06F5698FFBD9}'/><EventID>11</EventID><Version>2</Version><Level>4</Level><Task>11</Task><Opcode>0</Opcode><Keywords>0x8000000000000000</Keywords><TimeCreated SystemTime='2023-01-16T11:47:27.208923600Z'/><EventRecordID>32839</EventRecordID><Correlation/><Execution ProcessID='2532' ThreadID='3012'/><Channel>Microsoft-Windows-Sysmon/Operational</Channel><Computer>win-dc-ctus-attack-range-221.attackrange.local</Computer><Security UserID='S-1-5-18'/></System><EventData><Data Name='RuleName'>-</Data><Data Name='UtcTime'>2023-01-16 11:47:27.208</Data><Data Name='ProcessGuid'>{FCCA13C7-394B-63C5-A305-00000000AF02}</Data><Data Name='ProcessId'>3676</Data><Data Name='Image'>C:\Temp\ConfirmEmail.exe</Data><Data Name='TargetFilename'>C:\Users\Administrator\AppData\Local\Packages\Microsoft.AAD.BrokerPlugin_cw5n1h2txyewy\AC\cHpfiXA9s.README.txt</Data><Data Name='CreationUtcTime'>2023-01-16 11:47:27.208</Data></EventData></Event>
8704:<Event xmlns='http://schemas.microsoft.com/win/2004/08/events/event'><System><Provider Name='Microsoft-Windows-Sysmon' Guid='{5770385F-C22A-43E0-BF4C-06F5698FFBD9}'/><EventID>11</EventID><Version>2</Version><Level>4</Level><Task>11</Task><Opcode>0</Opcode><Keywords>0x8000000000000000</Keywords><TimeCreated SystemTime='2023-01-16T11:47:27.208092900Z'/><EventRecordID>32838</EventRecordID><Correlation/><Execution ProcessID='2532' ThreadID='3012'/><Channel>Microsoft-Windows-Sysmon/Operational</Channel><Computer>win-dc-ctus-attack-range-221.attackrange.local</Computer><Security UserID='S-1-5-18'/></System><EventData><Data Name='RuleName'>-</Data><Data Name='UtcTime'>2023-01-16 11:47:27.207</Data><Data Name='ProcessGuid'>{FCCA13C7-394B-63C5-A305-00000000AF02}</Data><Data Name='ProcessId'>3676</Data><Data Name='Image'>C:\Temp\ConfirmEmail.exe</Data><Data Name='TargetFilename'>C:\Users\Administrator\AppData\Local\Packages\Microsoft.AAD.BrokerPlugin_cw5n1h2txyewy\AppData\cHpfiXA9s.README.txt</Data><Data Name='CreationUtcTime'>2023-01-16 11:47:27.207</Data></EventData></Event>
8705:<Event xmlns='http://schemas.microsoft.com/win/2004/08/events/event'><System><Provider Name='Microsoft-Windows-Sysmon' Guid='{5770385F-C22A-43E0-BF4C-06F5698FFBD9}'/><EventID>11</EventID><Version>2</Version><Level>4</Level><Task>11</Task><Opcode>0</Opcode><Keywords>0x8000000000000000</Keywords><TimeCreated SystemTime='2023-01-16T11:47:27.207219200Z'/><EventRecordID>32837</EventRecordID><Correlation/><Execution ProcessID='2532' ThreadID='3012'/><Channel>Microsoft-Windows-Sysmon/Operational</Channel><Computer>win-dc-ctus-attack-range-221.attackrange.local</Computer><Security UserID='S-1-5-18'/></System><EventData><Data Name='RuleName'>-</Data><Data Name='UtcTime'>2023-01-16 11:47:27.206</Data><Data Name='ProcessGuid'>{FCCA13C7-394B-63C5-A305-00000000AF02}</Data><Data Name='ProcessId'>3676</Data><Data Name='Image'>C:\Temp\ConfirmEmail.exe</Data><Data Name='TargetFilename'>C:\Users\Administrator\AppData\Local\Packages\Microsoft.AAD.BrokerPlugin_cw5n1h2txyewy\LocalCache\cHpfiXA9s.README.txt</Data><Data Name='CreationUtcTime'>2023-01-16 11:47:27.206</Data></EventData></Event>
8706:<Event xmlns='http://schemas.microsoft.com/win/2004/08/events/event'><System><Provider Name='Microsoft-Windows-Sysmon' Guid='{5770385F-C22A-43E0-BF4C-06F5698FFBD9}'/><EventID>11</EventID><Version>2</Version><Level>4</Level><Task>11</Task><Opcode>0</Opcode><Keywords>0x8000000000000000</Keywords><TimeCreated SystemTime='2023-01-16T11:47:27.206422100Z'/><EventRecordID>32836</EventRecordID><Correlation/><Execution ProcessID='2532' ThreadID='3012'/><Channel>Microsoft-Windows-Sysmon/Operational</Channel><Computer>win-dc-ctus-attack-range-221.attackrange.local</Computer><Security UserID='S-1-5-18'/></System><EventData><Data Name='RuleName'>-</Data><Data Name='UtcTime'>2023-01-16 11:47:27.205</Data><Data Name='ProcessGuid'>{FCCA13C7-394B-63C5-A305-00000000AF02}</Data><Data Name='ProcessId'>3676</Data><Data Name='Image'>C:\Temp\ConfirmEmail.exe</Data><Data Name='TargetFilename'>C:\Users\Administrator\AppData\Local\Packages\Microsoft.AAD.BrokerPlugin_cw5n1h2txyewy\LocalState\cHpfiXA9s.README.txt</Data><Data Name='CreationUtcTime'>2023-01-16 11:47:27.205</Data></EventData></Event>
8707:<Event xmlns='http://schemas.microsoft.com/win/2004/08/events/event'><System><Provider Name='Microsoft-Windows-Sysmon' Guid='{5770385F-C22A-43E0-BF4C-06F5698FFBD9}'/><EventID>11</EventID><Version>2</Version><Level>4</Level><Task>11</Task><Opcode>0</Opcode><Keywords>0x8000000000000000</Keywords><TimeCreated SystemTime='2023-01-16T11:47:27.205687200Z'/><EventRecordID>32835</EventRecordID><Correlation/><Execution ProcessID='2532' ThreadID='3012'/><Channel>Microsoft-Windows-Sysmon/Operational</Channel><Computer>win-dc-ctus-attack-range-221.attackrange.local</Computer><Security UserID='S-1-5-18'/></System><EventData><Data Name='RuleName'>-</Data><Data Name='UtcTime'>2023-01-16 11:47:27.205</Data><Data Name='ProcessGuid'>{FCCA13C7-394B-63C5-A305-00000000AF02}</Data><Data Name='ProcessId'>3676</Data><Data Name='Image'>C:\Temp\ConfirmEmail.exe</Data><Data Name='TargetFilename'>C:\Users\Administrator\AppData\Local\Packages\Microsoft.AAD.BrokerPlugin_cw5n1h2txyewy\RoamingState\cHpfiXA9s.README.txt</Data><Data Name='CreationUtcTime'>2023-01-16 11:47:27.205</Data></EventData></Event>
8708:<Event xmlns='http://schemas.microsoft.com/win/2004/08/events/event'><System><Provider Name='Microsoft-Windows-Sysmon' Guid='{5770385F-C22A-43E0-BF4C-06F5698FFBD9}'/><EventID>11</EventID><Version>2</Version><Level>4</Level><Task>11</Task><Opcode>0</Opcode><Keywords>0x8000000000000000</Keywords><TimeCreated SystemTime='2023-01-16T11:47:27.201674200Z'/><EventRecordID>32834</EventRecordID><Correlation/><Execution ProcessID='2532' ThreadID='3012'/><Channel>Microsoft-Windows-Sysmon/Operational</Channel><Computer>win-dc-ctus-attack-range-221.attackrange.local</Computer><Security UserID='S-1-5-18'/></System><EventData><Data Name='RuleName'>-</Data><Data Name='UtcTime'>2023-01-16 11:47:27.201</Data><Data Name='ProcessGuid'>{FCCA13C7-394B-63C5-A305-00000000AF02}</Data><Data Name='ProcessId'>3676</Data><Data Name='Image'>C:\Temp\ConfirmEmail.exe</Data><Data Name='TargetFilename'>C:\Users\Administrator\AppData\Local\Packages\Microsoft.AAD.BrokerPlugin_cw5n1h2txyewy\Settings\cHpfiXA9s.README.txt</Data><Data Name='CreationUtcTime'>2023-01-16 11:47:27.201</Data></EventData></Event>
8709:<Event xmlns='http://schemas.microsoft.com/win/2004/08/events/event'><System><Provider Name='Microsoft-Windows-Sysmon' Guid='{5770385F-C22A-43E0-BF4C-06F5698FFBD9}'/><EventID>11</EventID><Version>2</Version><Level>4</Level><Task>11</Task><Opcode>0</Opcode><Keywords>0x8000000000000000</Keywords><TimeCreated SystemTime='2023-01-16T11:47:27.200928800Z'/><EventRecordID>32833</EventRecordID><Correlation/><Execution ProcessID='2532' ThreadID='3012'/><Channel>Microsoft-Windows-Sysmon/Operational</Channel><Computer>win-dc-ctus-attack-range-221.attackrange.local</Computer><Security UserID='S-1-5-18'/></System><EventData><Data Name='RuleName'>-</Data><Data Name='UtcTime'>2023-01-16 11:47:27.200</Data><Data Name='ProcessGuid'>{FCCA13C7-394B-63C5-A305-00000000AF02}</Data><Data Name='ProcessId'>3676</Data><Data Name='Image'>C:\Temp\ConfirmEmail.exe</Data><Data Name='TargetFilename'>C:\Users\Administrator\AppData\Local\Packages\Microsoft.AAD.BrokerPlugin_cw5n1h2txyewy\SystemAppData\cHpfiXA9s.README.txt</Data><Data Name='CreationUtcTime'>2023-01-16 11:47:27.200</Data></EventData></Event>
8710:<Event xmlns='http://schemas.microsoft.com/win/2004/08/events/event'><System><Provider Name='Microsoft-Windows-Sysmon' Guid='{5770385F-C22A-43E0-BF4C-06F5698FFBD9}'/><EventID>11</EventID><Version>2</Version><Level>4</Level><Task>11</Task><Opcode>0</Opcode><Keywords>0x8000000000000000</Keywords><TimeCreated SystemTime='2023-01-16T11:47:27.200149200Z'/><EventRecordID>32832</EventRecordID><Correlation/><Execution ProcessID='2532' ThreadID='3012'/><Channel>Microsoft-Windows-Sysmon/Operational</Channel><Computer>win-dc-ctus-attack-range-221.attackrange.local</Computer><Security UserID='S-1-5-18'/></System><EventData><Data Name='RuleName'>-</Data><Data Name='UtcTime'>2023-01-16 11:47:27.199</Data><Data Name='ProcessGuid'>{FCCA13C7-394B-63C5-A305-00000000AF02}</Data><Data Name='ProcessId'>3676</Data><Data Name='Image'>C:\Temp\ConfirmEmail.exe</Data><Data Name='TargetFilename'>C:\Users\Administrator\AppData\Local\Packages\Microsoft.AAD.BrokerPlugin_cw5n1h2txyewy\TempState\cHpfiXA9s.README.txt</Data><Data Name='CreationUtcTime'>2023-01-16 11:47:27.199</Data></EventData></Event>
8711:<Event xmlns='http://schemas.microsoft.com/win/2004/08/events/event'><System><Provider Name='Microsoft-Windows-Sysmon' Guid='{5770385F-C22A-43E0-BF4C-06F5698FFBD9}'/><EventID>11</EventID><Version>2</Version><Level>4</Level><Task>11</Task><Opcode>0</Opcode><Keywords>0x8000000000000000</Keywords><TimeCreated SystemTime='2023-01-16T11:47:27.199353400Z'/><EventRecordID>32831</EventRecordID><Correlation/><Execution ProcessID='2532' ThreadID='3012'/><Channel>Microsoft-Windows-Sysmon/Operational</Channel><Computer>win-dc-ctus-attack-range-221.attackrange.local</Computer><Security UserID='S-1-5-18'/></System><EventData><Data Name='RuleName'>-</Data><Data Name='UtcTime'>2023-01-16 11:47:27.199</Data><Data Name='ProcessGuid'>{FCCA13C7-394B-63C5-A305-00000000AF02}</Data><Data Name='ProcessId'>3676</Data><Data Name='Image'>C:\Temp\ConfirmEmail.exe</Data><Data Name='TargetFilename'>C:\Users\Administrator\AppData\Local\Packages\Microsoft.AAD.BrokerPlugin_cw5n1h2txyewy\cHpfiXA9s.README.txt</Data><Data Name='CreationUtcTime'>2023-01-16 11:47:27.198</Data></EventData></Event>
8712:<Event xmlns='http://schemas.microsoft.com/win/2004/08/events/event'><System><Provider Name='Microsoft-Windows-Sysmon' Guid='{5770385F-C22A-43E0-BF4C-06F5698FFBD9}'/><EventID>11</EventID><Version>2</Version><Level>4</Level><Task>11</Task><Opcode>0</Opcode><Keywords>0x8000000000000000</Keywords><TimeCreated SystemTime='2023-01-16T11:47:27.198652900Z'/><EventRecordID>32830</EventRecordID><Correlation/><Execution ProcessID='2532' ThreadID='3012'/><Channel>Microsoft-Windows-Sysmon/Operational</Channel><Computer>win-dc-ctus-attack-range-221.attackrange.local</Computer><Security UserID='S-1-5-18'/></System><EventData><Data Name='RuleName'>-</Data><Data Name='UtcTime'>2023-01-16 11:47:27.198</Data><Data Name='ProcessGuid'>{FCCA13C7-394B-63C5-A305-00000000AF02}</Data><Data Name='ProcessId'>3676</Data><Data Name='Image'>C:\Temp\ConfirmEmail.exe</Data><Data Name='TargetFilename'>C:\Users\Administrator\AppData\Local\Packages\Microsoft.AccountsControl_cw5n1h2txyewy\AC\Temp\cHpfiXA9s.README.txt</Data><Data Name='CreationUtcTime'>2023-01-16 11:47:27.198</Data></EventData></Event>
8713:<Event xmlns='http://schemas.microsoft.com/win/2004/08/events/event'><System><Provider Name='Microsoft-Windows-Sysmon' Guid='{5770385F-C22A-43E0-BF4C-06F5698FFBD9}'/><EventID>11</EventID><Version>2</Version><Level>4</Level><Task>11</Task><Opcode>0</Opcode><Keywords>0x8000000000000000</Keywords><TimeCreated SystemTime='2023-01-16T11:47:27.197891400Z'/><EventRecordID>32829</EventRecordID><Correlation/><Execution ProcessID='2532' ThreadID='3012'/><Channel>Microsoft-Windows-Sysmon/Operational</Channel><Computer>win-dc-ctus-attack-range-221.attackrange.local</Computer><Security UserID='S-1-5-18'/></System><EventData><Data Name='RuleName'>-</Data><Data Name='UtcTime'>2023-01-16 11:47:27.197</Data><Data Name='ProcessGuid'>{FCCA13C7-394B-63C5-A305-00000000AF02}</Data><Data Name='ProcessId'>3676</Data><Data Name='Image'>C:\Temp\ConfirmEmail.exe</Data><Data Name='TargetFilename'>C:\Users\Administrator\AppData\Local\Packages\Microsoft.AccountsControl_cw5n1h2txyewy\AC\cHpfiXA9s.README.txt</Data><Data Name='CreationUtcTime'>2023-01-16 11:47:27.197</Data></EventData></Event>
8714:<Event xmlns='http://schemas.microsoft.com/win/2004/08/events/event'><System><Provider Name='Microsoft-Windows-Sysmon' Guid='{5770385F-C22A-43E0-BF4C-06F5698FFBD9}'/><EventID>11</EventID><Version>2</Version><Level>4</Level><Task>11</Task><Opcode>0</Opcode><Keywords>0x8000000000000000</Keywords><TimeCreated SystemTime='2023-01-16T11:47:27.197126300Z'/><EventRecordID>32828</EventRecordID><Correlation/><Execution ProcessID='2532' ThreadID='3012'/><Channel>Microsoft-Windows-Sysmon/Operational</Channel><Computer>win-dc-ctus-attack-range-221.attackrange.local</Computer><Security UserID='S-1-5-18'/></System><EventData><Data Name='RuleName'>-</Data><Data Name='UtcTime'>2023-01-16 11:47:27.196</Data><Data Name='ProcessGuid'>{FCCA13C7-394B-63C5-A305-00000000AF02}</Data><Data Name='ProcessId'>3676</Data><Data Name='Image'>C:\Temp\ConfirmEmail.exe</Data><Data Name='TargetFilename'>C:\Users\Administrator\AppData\Local\Packages\Microsoft.AccountsControl_cw5n1h2txyewy\AppData\cHpfiXA9s.README.txt</Data><Data Name='CreationUtcTime'>2023-01-16 11:47:27.196</Data></EventData></Event>
