8271:<Event xmlns='http://schemas.microsoft.com/win/2004/08/events/event'><System><Provider Name='Microsoft-Windows-Sysmon' Guid='{5770385F-C22A-43E0-BF4C-06F5698FFBD9}'/><EventID>11</EventID><Version>2</Version><Level>4</Level><Task>11</Task><Opcode>0</Opcode><Keywords>0x8000000000000000</Keywords><TimeCreated SystemTime='2023-01-16T11:47:24.133148900Z'/><EventRecordID>32245</EventRecordID><Correlation/><Execution ProcessID='2532' ThreadID='3012'/><Channel>Microsoft-Windows-Sysmon/Operational</Channel><Computer>win-dc-ctus-attack-range-221.attackrange.local</Computer><Security UserID='S-1-5-18'/></System><EventData><Data Name='RuleName'>-</Data><Data Name='UtcTime'>2023-01-16 11:47:24.132</Data><Data Name='ProcessGuid'>{FCCA13C7-394B-63C5-A305-00000000AF02}</Data><Data Name='ProcessId'>3676</Data><Data Name='Image'>C:\Temp\ConfirmEmail.exe</Data><Data Name='TargetFilename'>C:\Users\Default\AppData\Local\Packages\Microsoft.Windows.AssignedAccessLockApp_cw5n1h2txyewy\Settings\cHpfiXA9s.README.txt</Data><Data Name='CreationUtcTime'>2023-01-16 11:47:24.132</Data></EventData></Event>
8272:<Event xmlns='http://schemas.microsoft.com/win/2004/08/events/event'><System><Provider Name='Microsoft-Windows-Sysmon' Guid='{5770385F-C22A-43E0-BF4C-06F5698FFBD9}'/><EventID>11</EventID><Version>2</Version><Level>4</Level><Task>11</Task><Opcode>0</Opcode><Keywords>0x8000000000000000</Keywords><TimeCreated SystemTime='2023-01-16T11:47:24.131968000Z'/><EventRecordID>32244</EventRecordID><Correlation/><Execution ProcessID='2532' ThreadID='3012'/><Channel>Microsoft-Windows-Sysmon/Operational</Channel><Computer>win-dc-ctus-attack-range-221.attackrange.local</Computer><Security UserID='S-1-5-18'/></System><EventData><Data Name='RuleName'>-</Data><Data Name='UtcTime'>2023-01-16 11:47:24.131</Data><Data Name='ProcessGuid'>{FCCA13C7-394B-63C5-A305-00000000AF02}</Data><Data Name='ProcessId'>3676</Data><Data Name='Image'>C:\Temp\ConfirmEmail.exe</Data><Data Name='TargetFilename'>C:\Users\Default\AppData\Local\Packages\Microsoft.Windows.AssignedAccessLockApp_cw5n1h2txyewy\SystemAppData\cHpfiXA9s.README.txt</Data><Data Name='CreationUtcTime'>2023-01-16 11:47:24.130</Data></EventData></Event>
8273:<Event xmlns='http://schemas.microsoft.com/win/2004/08/events/event'><System><Provider Name='Microsoft-Windows-Sysmon' Guid='{5770385F-C22A-43E0-BF4C-06F5698FFBD9}'/><EventID>11</EventID><Version>2</Version><Level>4</Level><Task>11</Task><Opcode>0</Opcode><Keywords>0x8000000000000000</Keywords><TimeCreated SystemTime='2023-01-16T11:47:24.130825100Z'/><EventRecordID>32243</EventRecordID><Correlation/><Execution ProcessID='2532' ThreadID='3012'/><Channel>Microsoft-Windows-Sysmon/Operational</Channel><Computer>win-dc-ctus-attack-range-221.attackrange.local</Computer><Security UserID='S-1-5-18'/></System><EventData><Data Name='RuleName'>-</Data><Data Name='UtcTime'>2023-01-16 11:47:24.129</Data><Data Name='ProcessGuid'>{FCCA13C7-394B-63C5-A305-00000000AF02}</Data><Data Name='ProcessId'>3676</Data><Data Name='Image'>C:\Temp\ConfirmEmail.exe</Data><Data Name='TargetFilename'>C:\Users\Default\AppData\Local\Packages\Microsoft.Windows.AssignedAccessLockApp_cw5n1h2txyewy\TempState\cHpfiXA9s.README.txt</Data><Data Name='CreationUtcTime'>2023-01-16 11:47:24.129</Data></EventData></Event>
8274:<Event xmlns='http://schemas.microsoft.com/win/2004/08/events/event'><System><Provider Name='Microsoft-Windows-Sysmon' Guid='{5770385F-C22A-43E0-BF4C-06F5698FFBD9}'/><EventID>11</EventID><Version>2</Version><Level>4</Level><Task>11</Task><Opcode>0</Opcode><Keywords>0x8000000000000000</Keywords><TimeCreated SystemTime='2023-01-16T11:47:24.130005100Z'/><EventRecordID>32242</EventRecordID><Correlation/><Execution ProcessID='2532' ThreadID='3012'/><Channel>Microsoft-Windows-Sysmon/Operational</Channel><Computer>win-dc-ctus-attack-range-221.attackrange.local</Computer><Security UserID='S-1-5-18'/></System><EventData><Data Name='RuleName'>-</Data><Data Name='UtcTime'>2023-01-16 11:47:24.129</Data><Data Name='ProcessGuid'>{FCCA13C7-394B-63C5-A305-00000000AF02}</Data><Data Name='ProcessId'>3676</Data><Data Name='Image'>C:\Temp\ConfirmEmail.exe</Data><Data Name='TargetFilename'>C:\Users\Default\AppData\Local\Packages\Microsoft.Windows.AssignedAccessLockApp_cw5n1h2txyewy\cHpfiXA9s.README.txt</Data><Data Name='CreationUtcTime'>2023-01-16 11:47:24.129</Data></EventData></Event>
8275:<Event xmlns='http://schemas.microsoft.com/win/2004/08/events/event'><System><Provider Name='Microsoft-Windows-Sysmon' Guid='{5770385F-C22A-43E0-BF4C-06F5698FFBD9}'/><EventID>11</EventID><Version>2</Version><Level>4</Level><Task>11</Task><Opcode>0</Opcode><Keywords>0x8000000000000000</Keywords><TimeCreated SystemTime='2023-01-16T11:47:24.126667900Z'/><EventRecordID>32241</EventRecordID><Correlation/><Execution ProcessID='2532' ThreadID='3012'/><Channel>Microsoft-Windows-Sysmon/Operational</Channel><Computer>win-dc-ctus-attack-range-221.attackrange.local</Computer><Security UserID='S-1-5-18'/></System><EventData><Data Name='RuleName'>-</Data><Data Name='UtcTime'>2023-01-16 11:47:24.125</Data><Data Name='ProcessGuid'>{FCCA13C7-394B-63C5-A305-00000000AF02}</Data><Data Name='ProcessId'>3676</Data><Data Name='Image'>C:\Temp\ConfirmEmail.exe</Data><Data Name='TargetFilename'>C:\Users\Default\AppData\Local\Packages\Microsoft.Windows.CloudExperienceHost_cw5n1h2txyewy\AC\Temp\cHpfiXA9s.README.txt</Data><Data Name='CreationUtcTime'>2023-01-16 11:47:24.125</Data></EventData></Event>
8276:<Event xmlns='http://schemas.microsoft.com/win/2004/08/events/event'><System><Provider Name='Microsoft-Windows-Sysmon' Guid='{5770385F-C22A-43E0-BF4C-06F5698FFBD9}'/><EventID>11</EventID><Version>2</Version><Level>4</Level><Task>11</Task><Opcode>0</Opcode><Keywords>0x8000000000000000</Keywords><TimeCreated SystemTime='2023-01-16T11:47:24.125984700Z'/><EventRecordID>32240</EventRecordID><Correlation/><Execution ProcessID='2532' ThreadID='3012'/><Channel>Microsoft-Windows-Sysmon/Operational</Channel><Computer>win-dc-ctus-attack-range-221.attackrange.local</Computer><Security UserID='S-1-5-18'/></System><EventData><Data Name='RuleName'>-</Data><Data Name='UtcTime'>2023-01-16 11:47:24.125</Data><Data Name='ProcessGuid'>{FCCA13C7-394B-63C5-A305-00000000AF02}</Data><Data Name='ProcessId'>3676</Data><Data Name='Image'>C:\Temp\ConfirmEmail.exe</Data><Data Name='TargetFilename'>C:\Users\Default\AppData\Local\Packages\Microsoft.Windows.CloudExperienceHost_cw5n1h2txyewy\AC\cHpfiXA9s.README.txt</Data><Data Name='CreationUtcTime'>2023-01-16 11:47:24.124</Data></EventData></Event>
8277:<Event xmlns='http://schemas.microsoft.com/win/2004/08/events/event'><System><Provider Name='Microsoft-Windows-Sysmon' Guid='{5770385F-C22A-43E0-BF4C-06F5698FFBD9}'/><EventID>11</EventID><Version>2</Version><Level>4</Level><Task>11</Task><Opcode>0</Opcode><Keywords>0x8000000000000000</Keywords><TimeCreated SystemTime='2023-01-16T11:47:24.124893000Z'/><EventRecordID>32239</EventRecordID><Correlation/><Execution ProcessID='2532' ThreadID='3012'/><Channel>Microsoft-Windows-Sysmon/Operational</Channel><Computer>win-dc-ctus-attack-range-221.attackrange.local</Computer><Security UserID='S-1-5-18'/></System><EventData><Data Name='RuleName'>-</Data><Data Name='UtcTime'>2023-01-16 11:47:24.124</Data><Data Name='ProcessGuid'>{FCCA13C7-394B-63C5-A305-00000000AF02}</Data><Data Name='ProcessId'>3676</Data><Data Name='Image'>C:\Temp\ConfirmEmail.exe</Data><Data Name='TargetFilename'>C:\Users\Default\AppData\Local\Packages\Microsoft.Windows.CloudExperienceHost_cw5n1h2txyewy\AppData\cHpfiXA9s.README.txt</Data><Data Name='CreationUtcTime'>2023-01-16 11:47:24.123</Data></EventData></Event>
8278:<Event xmlns='http://schemas.microsoft.com/win/2004/08/events/event'><System><Provider Name='Microsoft-Windows-Sysmon' Guid='{5770385F-C22A-43E0-BF4C-06F5698FFBD9}'/><EventID>11</EventID><Version>2</Version><Level>4</Level><Task>11</Task><Opcode>0</Opcode><Keywords>0x8000000000000000</Keywords><TimeCreated SystemTime='2023-01-16T11:47:24.123751400Z'/><EventRecordID>32238</EventRecordID><Correlation/><Execution ProcessID='2532' ThreadID='3012'/><Channel>Microsoft-Windows-Sysmon/Operational</Channel><Computer>win-dc-ctus-attack-range-221.attackrange.local</Computer><Security UserID='S-1-5-18'/></System><EventData><Data Name='RuleName'>-</Data><Data Name='UtcTime'>2023-01-16 11:47:24.122</Data><Data Name='ProcessGuid'>{FCCA13C7-394B-63C5-A305-00000000AF02}</Data><Data Name='ProcessId'>3676</Data><Data Name='Image'>C:\Temp\ConfirmEmail.exe</Data><Data Name='TargetFilename'>C:\Users\Default\AppData\Local\Packages\Microsoft.Windows.CloudExperienceHost_cw5n1h2txyewy\LocalCache\cHpfiXA9s.README.txt</Data><Data Name='CreationUtcTime'>2023-01-16 11:47:24.122</Data></EventData></Event>
8279:<Event xmlns='http://schemas.microsoft.com/win/2004/08/events/event'><System><Provider Name='Microsoft-Windows-Sysmon' Guid='{5770385F-C22A-43E0-BF4C-06F5698FFBD9}'/><EventID>11</EventID><Version>2</Version><Level>4</Level><Task>11</Task><Opcode>0</Opcode><Keywords>0x8000000000000000</Keywords><TimeCreated SystemTime='2023-01-16T11:47:24.122946900Z'/><EventRecordID>32237</EventRecordID><Correlation/><Execution ProcessID='2532' ThreadID='3012'/><Channel>Microsoft-Windows-Sysmon/Operational</Channel><Computer>win-dc-ctus-attack-range-221.attackrange.local</Computer><Security UserID='S-1-5-18'/></System><EventData><Data Name='RuleName'>-</Data><Data Name='UtcTime'>2023-01-16 11:47:24.122</Data><Data Name='ProcessGuid'>{FCCA13C7-394B-63C5-A305-00000000AF02}</Data><Data Name='ProcessId'>3676</Data><Data Name='Image'>C:\Temp\ConfirmEmail.exe</Data><Data Name='TargetFilename'>C:\Users\Default\AppData\Local\Packages\Microsoft.Windows.CloudExperienceHost_cw5n1h2txyewy\LocalState\cHpfiXA9s.README.txt</Data><Data Name='CreationUtcTime'>2023-01-16 11:47:24.121</Data></EventData></Event>
8280:<Event xmlns='http://schemas.microsoft.com/win/2004/08/events/event'><System><Provider Name='Microsoft-Windows-Sysmon' Guid='{5770385F-C22A-43E0-BF4C-06F5698FFBD9}'/><EventID>11</EventID><Version>2</Version><Level>4</Level><Task>11</Task><Opcode>0</Opcode><Keywords>0x8000000000000000</Keywords><TimeCreated SystemTime='2023-01-16T11:47:24.121977000Z'/><EventRecordID>32236</EventRecordID><Correlation/><Execution ProcessID='2532' ThreadID='3012'/><Channel>Microsoft-Windows-Sysmon/Operational</Channel><Computer>win-dc-ctus-attack-range-221.attackrange.local</Computer><Security UserID='S-1-5-18'/></System><EventData><Data Name='RuleName'>-</Data><Data Name='UtcTime'>2023-01-16 11:47:24.121</Data><Data Name='ProcessGuid'>{FCCA13C7-394B-63C5-A305-00000000AF02}</Data><Data Name='ProcessId'>3676</Data><Data Name='Image'>C:\Temp\ConfirmEmail.exe</Data><Data Name='TargetFilename'>C:\Users\Default\AppData\Local\Packages\Microsoft.Windows.CloudExperienceHost_cw5n1h2txyewy\RoamingState\cHpfiXA9s.README.txt</Data><Data Name='CreationUtcTime'>2023-01-16 11:47:24.120</Data></EventData></Event>
8281:<Event xmlns='http://schemas.microsoft.com/win/2004/08/events/event'><System><Provider Name='Microsoft-Windows-Sysmon' Guid='{5770385F-C22A-43E0-BF4C-06F5698FFBD9}'/><EventID>11</EventID><Version>2</Version><Level>4</Level><Task>11</Task><Opcode>0</Opcode><Keywords>0x8000000000000000</Keywords><TimeCreated SystemTime='2023-01-16T11:47:24.117390800Z'/><EventRecordID>32235</EventRecordID><Correlation/><Execution ProcessID='2532' ThreadID='3012'/><Channel>Microsoft-Windows-Sysmon/Operational</Channel><Computer>win-dc-ctus-attack-range-221.attackrange.local</Computer><Security UserID='S-1-5-18'/></System><EventData><Data Name='RuleName'>-</Data><Data Name='UtcTime'>2023-01-16 11:47:24.116</Data><Data Name='ProcessGuid'>{FCCA13C7-394B-63C5-A305-00000000AF02}</Data><Data Name='ProcessId'>3676</Data><Data Name='Image'>C:\Temp\ConfirmEmail.exe</Data><Data Name='TargetFilename'>C:\Users\Default\AppData\Local\Packages\Microsoft.Windows.CloudExperienceHost_cw5n1h2txyewy\Settings\cHpfiXA9s.README.txt</Data><Data Name='CreationUtcTime'>2023-01-16 11:47:24.116</Data></EventData></Event>
8282:<Event xmlns='http://schemas.microsoft.com/win/2004/08/events/event'><System><Provider Name='Microsoft-Windows-Sysmon' Guid='{5770385F-C22A-43E0-BF4C-06F5698FFBD9}'/><EventID>11</EventID><Version>2</Version><Level>4</Level><Task>11</Task><Opcode>0</Opcode><Keywords>0x8000000000000000</Keywords><TimeCreated SystemTime='2023-01-16T11:47:24.116158700Z'/><EventRecordID>32234</EventRecordID><Correlation/><Execution ProcessID='2532' ThreadID='3012'/><Channel>Microsoft-Windows-Sysmon/Operational</Channel><Computer>win-dc-ctus-attack-range-221.attackrange.local</Computer><Security UserID='S-1-5-18'/></System><EventData><Data Name='RuleName'>-</Data><Data Name='UtcTime'>2023-01-16 11:47:24.115</Data><Data Name='ProcessGuid'>{FCCA13C7-394B-63C5-A305-00000000AF02}</Data><Data Name='ProcessId'>3676</Data><Data Name='Image'>C:\Temp\ConfirmEmail.exe</Data><Data Name='TargetFilename'>C:\Users\Default\AppData\Local\Packages\Microsoft.Windows.CloudExperienceHost_cw5n1h2txyewy\SystemAppData\cHpfiXA9s.README.txt</Data><Data Name='CreationUtcTime'>2023-01-16 11:47:24.115</Data></EventData></Event>
8283:<Event xmlns='http://schemas.microsoft.com/win/2004/08/events/event'><System><Provider Name='Microsoft-Windows-Sysmon' Guid='{5770385F-C22A-43E0-BF4C-06F5698FFBD9}'/><EventID>11</EventID><Version>2</Version><Level>4</Level><Task>11</Task><Opcode>0</Opcode><Keywords>0x8000000000000000</Keywords><TimeCreated SystemTime='2023-01-16T11:47:24.115451300Z'/><EventRecordID>32233</EventRecordID><Correlation/><Execution ProcessID='2532' ThreadID='3012'/><Channel>Microsoft-Windows-Sysmon/Operational</Channel><Computer>win-dc-ctus-attack-range-221.attackrange.local</Computer><Security UserID='S-1-5-18'/></System><EventData><Data Name='RuleName'>-</Data><Data Name='UtcTime'>2023-01-16 11:47:24.114</Data><Data Name='ProcessGuid'>{FCCA13C7-394B-63C5-A305-00000000AF02}</Data><Data Name='ProcessId'>3676</Data><Data Name='Image'>C:\Temp\ConfirmEmail.exe</Data><Data Name='TargetFilename'>C:\Users\Default\AppData\Local\Packages\Microsoft.Windows.CloudExperienceHost_cw5n1h2txyewy\TempState\cHpfiXA9s.README.txt</Data><Data Name='CreationUtcTime'>2023-01-16 11:47:24.114</Data></EventData></Event>
8284:<Event xmlns='http://schemas.microsoft.com/win/2004/08/events/event'><System><Provider Name='Microsoft-Windows-Sysmon' Guid='{5770385F-C22A-43E0-BF4C-06F5698FFBD9}'/><EventID>11</EventID><Version>2</Version><Level>4</Level><Task>11</Task><Opcode>0</Opcode><Keywords>0x8000000000000000</Keywords><TimeCreated SystemTime='2023-01-16T11:47:24.114716900Z'/><EventRecordID>32232</EventRecordID><Correlation/><Execution ProcessID='2532' ThreadID='3012'/><Channel>Microsoft-Windows-Sysmon/Operational</Channel><Computer>win-dc-ctus-attack-range-221.attackrange.local</Computer><Security UserID='S-1-5-18'/></System><EventData><Data Name='RuleName'>-</Data><Data Name='UtcTime'>2023-01-16 11:47:24.113</Data><Data Name='ProcessGuid'>{FCCA13C7-394B-63C5-A305-00000000AF02}</Data><Data Name='ProcessId'>3676</Data><Data Name='Image'>C:\Temp\ConfirmEmail.exe</Data><Data Name='TargetFilename'>C:\Users\Default\AppData\Local\Packages\Microsoft.Windows.CloudExperienceHost_cw5n1h2txyewy\cHpfiXA9s.README.txt</Data><Data Name='CreationUtcTime'>2023-01-16 11:47:24.113</Data></EventData></Event>
8285:<Event xmlns='http://schemas.microsoft.com/win/2004/08/events/event'><System><Provider Name='Microsoft-Windows-Sysmon' Guid='{5770385F-C22A-43E0-BF4C-06F5698FFBD9}'/><EventID>11</EventID><Version>2</Version><Level>4</Level><Task>11</Task><Opcode>0</Opcode><Keywords>0x8000000000000000</Keywords><TimeCreated SystemTime='2023-01-16T11:47:24.113203300Z'/><EventRecordID>32231</EventRecordID><Correlation/><Execution ProcessID='2532' ThreadID='3012'/><Channel>Microsoft-Windows-Sysmon/Operational</Channel><Computer>win-dc-ctus-attack-range-221.attackrange.local</Computer><Security UserID='S-1-5-18'/></System><EventData><Data Name='RuleName'>-</Data><Data Name='UtcTime'>2023-01-16 11:47:24.112</Data><Data Name='ProcessGuid'>{FCCA13C7-394B-63C5-A305-00000000AF02}</Data><Data Name='ProcessId'>3676</Data><Data Name='Image'>C:\Temp\ConfirmEmail.exe</Data><Data Name='TargetFilename'>C:\Users\Default\AppData\Local\Packages\Microsoft.Windows.Cortana_cw5n1h2txyewy\AC\Microsoft\cHpfiXA9s.README.txt</Data><Data Name='CreationUtcTime'>2023-01-16 11:47:24.112</Data></EventData></Event>
8286:<Event xmlns='http://schemas.microsoft.com/win/2004/08/events/event'><System><Provider Name='Microsoft-Windows-Sysmon' Guid='{5770385F-C22A-43E0-BF4C-06F5698FFBD9}'/><EventID>11</EventID><Version>2</Version><Level>4</Level><Task>11</Task><Opcode>0</Opcode><Keywords>0x8000000000000000</Keywords><TimeCreated SystemTime='2023-01-16T11:47:24.112027700Z'/><EventRecordID>32230</EventRecordID><Correlation/><Execution ProcessID='2532' ThreadID='3012'/><Channel>Microsoft-Windows-Sysmon/Operational</Channel><Computer>win-dc-ctus-attack-range-221.attackrange.local</Computer><Security UserID='S-1-5-18'/></System><EventData><Data Name='RuleName'>-</Data><Data Name='UtcTime'>2023-01-16 11:47:24.111</Data><Data Name='ProcessGuid'>{FCCA13C7-394B-63C5-A305-00000000AF02}</Data><Data Name='ProcessId'>3676</Data><Data Name='Image'>C:\Temp\ConfirmEmail.exe</Data><Data Name='TargetFilename'>C:\Users\Default\AppData\Local\Packages\Microsoft.Windows.Cortana_cw5n1h2txyewy\AC\Temp\cHpfiXA9s.README.txt</Data><Data Name='CreationUtcTime'>2023-01-16 11:47:24.111</Data></EventData></Event>
8287:<Event xmlns='http://schemas.microsoft.com/win/2004/08/events/event'><System><Provider Name='Microsoft-Windows-Sysmon' Guid='{5770385F-C22A-43E0-BF4C-06F5698FFBD9}'/><EventID>11</EventID><Version>2</Version><Level>4</Level><Task>11</Task><Opcode>0</Opcode><Keywords>0x8000000000000000</Keywords><TimeCreated SystemTime='2023-01-16T11:47:24.111371500Z'/><EventRecordID>32229</EventRecordID><Correlation/><Execution ProcessID='2532' ThreadID='3012'/><Channel>Microsoft-Windows-Sysmon/Operational</Channel><Computer>win-dc-ctus-attack-range-221.attackrange.local</Computer><Security UserID='S-1-5-18'/></System><EventData><Data Name='RuleName'>-</Data><Data Name='UtcTime'>2023-01-16 11:47:24.110</Data><Data Name='ProcessGuid'>{FCCA13C7-394B-63C5-A305-00000000AF02}</Data><Data Name='ProcessId'>3676</Data><Data Name='Image'>C:\Temp\ConfirmEmail.exe</Data><Data Name='TargetFilename'>C:\Users\Default\AppData\Local\Packages\Microsoft.Windows.Cortana_cw5n1h2txyewy\AC\cHpfiXA9s.README.txt</Data><Data Name='CreationUtcTime'>2023-01-16 11:47:24.110</Data></EventData></Event>
8288:<Event xmlns='http://schemas.microsoft.com/win/2004/08/events/event'><System><Provider Name='Microsoft-Windows-Sysmon' Guid='{5770385F-C22A-43E0-BF4C-06F5698FFBD9}'/><EventID>11</EventID><Version>2</Version><Level>4</Level><Task>11</Task><Opcode>0</Opcode><Keywords>0x8000000000000000</Keywords><TimeCreated SystemTime='2023-01-16T11:47:24.110239700Z'/><EventRecordID>32228</EventRecordID><Correlation/><Execution ProcessID='2532' ThreadID='3012'/><Channel>Microsoft-Windows-Sysmon/Operational</Channel><Computer>win-dc-ctus-attack-range-221.attackrange.local</Computer><Security UserID='S-1-5-18'/></System><EventData><Data Name='RuleName'>-</Data><Data Name='UtcTime'>2023-01-16 11:47:24.109</Data><Data Name='ProcessGuid'>{FCCA13C7-394B-63C5-A305-00000000AF02}</Data><Data Name='ProcessId'>3676</Data><Data Name='Image'>C:\Temp\ConfirmEmail.exe</Data><Data Name='TargetFilename'>C:\Users\Default\AppData\Local\Packages\Microsoft.Windows.Cortana_cw5n1h2txyewy\AppData\cHpfiXA9s.README.txt</Data><Data Name='CreationUtcTime'>2023-01-16 11:47:24.109</Data></EventData></Event>
8289:<Event xmlns='http://schemas.microsoft.com/win/2004/08/events/event'><System><Provider Name='Microsoft-Windows-Sysmon' Guid='{5770385F-C22A-43E0-BF4C-06F5698FFBD9}'/><EventID>11</EventID><Version>2</Version><Level>4</Level><Task>11</Task><Opcode>0</Opcode><Keywords>0x8000000000000000</Keywords><TimeCreated SystemTime='2023-01-16T11:47:24.109558900Z'/><EventRecordID>32227</EventRecordID><Correlation/><Execution ProcessID='2532' ThreadID='3012'/><Channel>Microsoft-Windows-Sysmon/Operational</Channel><Computer>win-dc-ctus-attack-range-221.attackrange.local</Computer><Security UserID='S-1-5-18'/></System><EventData><Data Name='RuleName'>-</Data><Data Name='UtcTime'>2023-01-16 11:47:24.108</Data><Data Name='ProcessGuid'>{FCCA13C7-394B-63C5-A305-00000000AF02}</Data><Data Name='ProcessId'>3676</Data><Data Name='Image'>C:\Temp\ConfirmEmail.exe</Data><Data Name='TargetFilename'>C:\Users\Default\AppData\Local\Packages\Microsoft.Windows.Cortana_cw5n1h2txyewy\LocalCache\cHpfiXA9s.README.txt</Data><Data Name='CreationUtcTime'>2023-01-16 11:47:24.108</Data></EventData></Event>
8321:<Event xmlns='http://schemas.microsoft.com/win/2004/08/events/event'><System><Provider Name='Microsoft-Windows-Sysmon' Guid='{5770385F-C22A-43E0-BF4C-06F5698FFBD9}'/><EventID>11</EventID><Version>2</Version><Level>4</Level><Task>11</Task><Opcode>0</Opcode><Keywords>0x8000000000000000</Keywords><TimeCreated SystemTime='2023-01-16T11:47:25.348475600Z'/><EventRecordID>32531</EventRecordID><Correlation/><Execution ProcessID='2532' ThreadID='3012'/><Channel>Microsoft-Windows-Sysmon/Operational</Channel><Computer>win-dc-ctus-attack-range-221.attackrange.local</Computer><Security UserID='S-1-5-18'/></System><EventData><Data Name='RuleName'>-</Data><Data Name='UtcTime'>2023-01-16 11:47:25.347</Data><Data Name='ProcessGuid'>{FCCA13C7-394B-63C5-A305-00000000AF02}</Data><Data Name='ProcessId'>3676</Data><Data Name='Image'>C:\Temp\ConfirmEmail.exe</Data><Data Name='TargetFilename'>C:\Users\Administrator\AppData\Local\Packages\windows.immersivecontrolpanel_cw5n1h2txyewy\LocalState\Indexed\Settings\en-US\cHpfiXA9s.README.txt</Data><Data Name='CreationUtcTime'>2023-01-16 11:47:25.347</Data></EventData></Event>
8322:<Event xmlns='http://schemas.microsoft.com/win/2004/08/events/event'><System><Provider Name='Microsoft-Windows-Sysmon' Guid='{5770385F-C22A-43E0-BF4C-06F5698FFBD9}'/><EventID>11</EventID><Version>2</Version><Level>4</Level><Task>11</Task><Opcode>0</Opcode><Keywords>0x8000000000000000</Keywords><TimeCreated SystemTime='2023-01-16T11:47:25.347587900Z'/><EventRecordID>32530</EventRecordID><Correlation/><Execution ProcessID='2532' ThreadID='3012'/><Channel>Microsoft-Windows-Sysmon/Operational</Channel><Computer>win-dc-ctus-attack-range-221.attackrange.local</Computer><Security UserID='S-1-5-18'/></System><EventData><Data Name='RuleName'>-</Data><Data Name='UtcTime'>2023-01-16 11:47:25.346</Data><Data Name='ProcessGuid'>{FCCA13C7-394B-63C5-A305-00000000AF02}</Data><Data Name='ProcessId'>3676</Data><Data Name='Image'>C:\Temp\ConfirmEmail.exe</Data><Data Name='TargetFilename'>C:\Users\Administrator\AppData\Local\Packages\windows.immersivecontrolpanel_cw5n1h2txyewy\LocalState\Indexed\Settings\cHpfiXA9s.README.txt</Data><Data Name='CreationUtcTime'>2023-01-16 11:47:25.346</Data></EventData></Event>
8323:<Event xmlns='http://schemas.microsoft.com/win/2004/08/events/event'><System><Provider Name='Microsoft-Windows-Sysmon' Guid='{5770385F-C22A-43E0-BF4C-06F5698FFBD9}'/><EventID>11</EventID><Version>2</Version><Level>4</Level><Task>11</Task><Opcode>0</Opcode><Keywords>0x8000000000000000</Keywords><TimeCreated SystemTime='2023-01-16T11:47:25.346851400Z'/><EventRecordID>32529</EventRecordID><Correlation/><Execution ProcessID='2532' ThreadID='3012'/><Channel>Microsoft-Windows-Sysmon/Operational</Channel><Computer>win-dc-ctus-attack-range-221.attackrange.local</Computer><Security UserID='S-1-5-18'/></System><EventData><Data Name='RuleName'>-</Data><Data Name='UtcTime'>2023-01-16 11:47:25.346</Data><Data Name='ProcessGuid'>{FCCA13C7-394B-63C5-A305-00000000AF02}</Data><Data Name='ProcessId'>3676</Data><Data Name='Image'>C:\Temp\ConfirmEmail.exe</Data><Data Name='TargetFilename'>C:\Users\Administrator\AppData\Local\Packages\windows.immersivecontrolpanel_cw5n1h2txyewy\LocalState\Indexed\cHpfiXA9s.README.txt</Data><Data Name='CreationUtcTime'>2023-01-16 11:47:25.345</Data></EventData></Event>
8324:<Event xmlns='http://schemas.microsoft.com/win/2004/08/events/event'><System><Provider Name='Microsoft-Windows-Sysmon' Guid='{5770385F-C22A-43E0-BF4C-06F5698FFBD9}'/><EventID>11</EventID><Version>2</Version><Level>4</Level><Task>11</Task><Opcode>0</Opcode><Keywords>0x8000000000000000</Keywords><TimeCreated SystemTime='2023-01-16T11:47:25.346160400Z'/><EventRecordID>32528</EventRecordID><Correlation/><Execution ProcessID='2532' ThreadID='3012'/><Channel>Microsoft-Windows-Sysmon/Operational</Channel><Computer>win-dc-ctus-attack-range-221.attackrange.local</Computer><Security UserID='S-1-5-18'/></System><EventData><Data Name='RuleName'>-</Data><Data Name='UtcTime'>2023-01-16 11:47:25.345</Data><Data Name='ProcessGuid'>{FCCA13C7-394B-63C5-A305-00000000AF02}</Data><Data Name='ProcessId'>3676</Data><Data Name='Image'>C:\Temp\ConfirmEmail.exe</Data><Data Name='TargetFilename'>C:\Users\Administrator\AppData\Local\Packages\windows.immersivecontrolpanel_cw5n1h2txyewy\LocalState\cHpfiXA9s.README.txt</Data><Data Name='CreationUtcTime'>2023-01-16 11:47:25.345</Data></EventData></Event>
8325:<Event xmlns='http://schemas.microsoft.com/win/2004/08/events/event'><System><Provider Name='Microsoft-Windows-Sysmon' Guid='{5770385F-C22A-43E0-BF4C-06F5698FFBD9}'/><EventID>11</EventID><Version>2</Version><Level>4</Level><Task>11</Task><Opcode>0</Opcode><Keywords>0x8000000000000000</Keywords><TimeCreated SystemTime='2023-01-16T11:47:25.345418600Z'/><EventRecordID>32527</EventRecordID><Correlation/><Execution ProcessID='2532' ThreadID='3012'/><Channel>Microsoft-Windows-Sysmon/Operational</Channel><Computer>win-dc-ctus-attack-range-221.attackrange.local</Computer><Security UserID='S-1-5-18'/></System><EventData><Data Name='RuleName'>-</Data><Data Name='UtcTime'>2023-01-16 11:47:25.344</Data><Data Name='ProcessGuid'>{FCCA13C7-394B-63C5-A305-00000000AF02}</Data><Data Name='ProcessId'>3676</Data><Data Name='Image'>C:\Temp\ConfirmEmail.exe</Data><Data Name='TargetFilename'>C:\Users\Administrator\AppData\Local\Packages\windows.immersivecontrolpanel_cw5n1h2txyewy\RoamingState\cHpfiXA9s.README.txt</Data><Data Name='CreationUtcTime'>2023-01-16 11:47:25.344</Data></EventData></Event>
8326:<Event xmlns='http://schemas.microsoft.com/win/2004/08/events/event'><System><Provider Name='Microsoft-Windows-Sysmon' Guid='{5770385F-C22A-43E0-BF4C-06F5698FFBD9}'/><EventID>11</EventID><Version>2</Version><Level>4</Level><Task>11</Task><Opcode>0</Opcode><Keywords>0x8000000000000000</Keywords><TimeCreated SystemTime='2023-01-16T11:47:25.341242100Z'/><EventRecordID>32526</EventRecordID><Correlation/><Execution ProcessID='2532' ThreadID='3012'/><Channel>Microsoft-Windows-Sysmon/Operational</Channel><Computer>win-dc-ctus-attack-range-221.attackrange.local</Computer><Security UserID='S-1-5-18'/></System><EventData><Data Name='RuleName'>-</Data><Data Name='UtcTime'>2023-01-16 11:47:25.340</Data><Data Name='ProcessGuid'>{FCCA13C7-394B-63C5-A305-00000000AF02}</Data><Data Name='ProcessId'>3676</Data><Data Name='Image'>C:\Temp\ConfirmEmail.exe</Data><Data Name='TargetFilename'>C:\Users\Administrator\AppData\Local\Packages\windows.immersivecontrolpanel_cw5n1h2txyewy\Settings\cHpfiXA9s.README.txt</Data><Data Name='CreationUtcTime'>2023-01-16 11:47:25.340</Data></EventData></Event>
8327:<Event xmlns='http://schemas.microsoft.com/win/2004/08/events/event'><System><Provider Name='Microsoft-Windows-Sysmon' Guid='{5770385F-C22A-43E0-BF4C-06F5698FFBD9}'/><EventID>11</EventID><Version>2</Version><Level>4</Level><Task>11</Task><Opcode>0</Opcode><Keywords>0x8000000000000000</Keywords><TimeCreated SystemTime='2023-01-16T11:47:25.340635000Z'/><EventRecordID>32525</EventRecordID><Correlation/><Execution ProcessID='2532' ThreadID='3012'/><Channel>Microsoft-Windows-Sysmon/Operational</Channel><Computer>win-dc-ctus-attack-range-221.attackrange.local</Computer><Security UserID='S-1-5-18'/></System><EventData><Data Name='RuleName'>-</Data><Data Name='UtcTime'>2023-01-16 11:47:25.339</Data><Data Name='ProcessGuid'>{FCCA13C7-394B-63C5-A305-00000000AF02}</Data><Data Name='ProcessId'>3676</Data><Data Name='Image'>C:\Temp\ConfirmEmail.exe</Data><Data Name='TargetFilename'>C:\Users\Administrator\AppData\Local\Packages\windows.immersivecontrolpanel_cw5n1h2txyewy\SystemAppData\cHpfiXA9s.README.txt</Data><Data Name='CreationUtcTime'>2023-01-16 11:47:25.339</Data></EventData></Event>
8328:<Event xmlns='http://schemas.microsoft.com/win/2004/08/events/event'><System><Provider Name='Microsoft-Windows-Sysmon' Guid='{5770385F-C22A-43E0-BF4C-06F5698FFBD9}'/><EventID>11</EventID><Version>2</Version><Level>4</Level><Task>11</Task><Opcode>0</Opcode><Keywords>0x8000000000000000</Keywords><TimeCreated SystemTime='2023-01-16T11:47:25.340013200Z'/><EventRecordID>32524</EventRecordID><Correlation/><Execution ProcessID='2532' ThreadID='3012'/><Channel>Microsoft-Windows-Sysmon/Operational</Channel><Computer>win-dc-ctus-attack-range-221.attackrange.local</Computer><Security UserID='S-1-5-18'/></System><EventData><Data Name='RuleName'>-</Data><Data Name='UtcTime'>2023-01-16 11:47:25.339</Data><Data Name='ProcessGuid'>{FCCA13C7-394B-63C5-A305-00000000AF02}</Data><Data Name='ProcessId'>3676</Data><Data Name='Image'>C:\Temp\ConfirmEmail.exe</Data><Data Name='TargetFilename'>C:\Users\Administrator\AppData\Local\Packages\windows.immersivecontrolpanel_cw5n1h2txyewy\TempState\cHpfiXA9s.README.txt</Data><Data Name='CreationUtcTime'>2023-01-16 11:47:25.339</Data></EventData></Event>
8329:<Event xmlns='http://schemas.microsoft.com/win/2004/08/events/event'><System><Provider Name='Microsoft-Windows-Sysmon' Guid='{5770385F-C22A-43E0-BF4C-06F5698FFBD9}'/><EventID>11</EventID><Version>2</Version><Level>4</Level><Task>11</Task><Opcode>0</Opcode><Keywords>0x8000000000000000</Keywords><TimeCreated SystemTime='2023-01-16T11:47:25.339293500Z'/><EventRecordID>32523</EventRecordID><Correlation/><Execution ProcessID='2532' ThreadID='3012'/><Channel>Microsoft-Windows-Sysmon/Operational</Channel><Computer>win-dc-ctus-attack-range-221.attackrange.local</Computer><Security UserID='S-1-5-18'/></System><EventData><Data Name='RuleName'>-</Data><Data Name='UtcTime'>2023-01-16 11:47:25.338</Data><Data Name='ProcessGuid'>{FCCA13C7-394B-63C5-A305-00000000AF02}</Data><Data Name='ProcessId'>3676</Data><Data Name='Image'>C:\Temp\ConfirmEmail.exe</Data><Data Name='TargetFilename'>C:\Users\Administrator\AppData\Local\Packages\windows.immersivecontrolpanel_cw5n1h2txyewy\cHpfiXA9s.README.txt</Data><Data Name='CreationUtcTime'>2023-01-16 11:47:25.338</Data></EventData></Event>
8330:<Event xmlns='http://schemas.microsoft.com/win/2004/08/events/event'><System><Provider Name='Microsoft-Windows-Sysmon' Guid='{5770385F-C22A-43E0-BF4C-06F5698FFBD9}'/><EventID>11</EventID><Version>2</Version><Level>4</Level><Task>11</Task><Opcode>0</Opcode><Keywords>0x8000000000000000</Keywords><TimeCreated SystemTime='2023-01-16T11:47:25.338539900Z'/><EventRecordID>32522</EventRecordID><Correlation/><Execution ProcessID='2532' ThreadID='3012'/><Channel>Microsoft-Windows-Sysmon/Operational</Channel><Computer>win-dc-ctus-attack-range-221.attackrange.local</Computer><Security UserID='S-1-5-18'/></System><EventData><Data Name='RuleName'>-</Data><Data Name='UtcTime'>2023-01-16 11:47:25.337</Data><Data Name='ProcessGuid'>{FCCA13C7-394B-63C5-A305-00000000AF02}</Data><Data Name='ProcessId'>3676</Data><Data Name='Image'>C:\Temp\ConfirmEmail.exe</Data><Data Name='TargetFilename'>C:\Users\Administrator\AppData\Local\Packages\Windows.MiracastView_cw5n1h2txyewy\AC\cHpfiXA9s.README.txt</Data><Data Name='CreationUtcTime'>2023-01-16 11:47:25.337</Data></EventData></Event>
8331:<Event xmlns='http://schemas.microsoft.com/win/2004/08/events/event'><System><Provider Name='Microsoft-Windows-Sysmon' Guid='{5770385F-C22A-43E0-BF4C-06F5698FFBD9}'/><EventID>11</EventID><Version>2</Version><Level>4</Level><Task>11</Task><Opcode>0</Opcode><Keywords>0x8000000000000000</Keywords><TimeCreated SystemTime='2023-01-16T11:47:25.337829200Z'/><EventRecordID>32521</EventRecordID><Correlation/><Execution ProcessID='2532' ThreadID='3012'/><Channel>Microsoft-Windows-Sysmon/Operational</Channel><Computer>win-dc-ctus-attack-range-221.attackrange.local</Computer><Security UserID='S-1-5-18'/></System><EventData><Data Name='RuleName'>-</Data><Data Name='UtcTime'>2023-01-16 11:47:25.337</Data><Data Name='ProcessGuid'>{FCCA13C7-394B-63C5-A305-00000000AF02}</Data><Data Name='ProcessId'>3676</Data><Data Name='Image'>C:\Temp\ConfirmEmail.exe</Data><Data Name='TargetFilename'>C:\Users\Administrator\AppData\Local\Packages\Windows.MiracastView_cw5n1h2txyewy\AppData\cHpfiXA9s.README.txt</Data><Data Name='CreationUtcTime'>2023-01-16 11:47:25.336</Data></EventData></Event>
8332:<Event xmlns='http://schemas.microsoft.com/win/2004/08/events/event'><System><Provider Name='Microsoft-Windows-Sysmon' Guid='{5770385F-C22A-43E0-BF4C-06F5698FFBD9}'/><EventID>11</EventID><Version>2</Version><Level>4</Level><Task>11</Task><Opcode>0</Opcode><Keywords>0x8000000000000000</Keywords><TimeCreated SystemTime='2023-01-16T11:47:25.337077100Z'/><EventRecordID>32520</EventRecordID><Correlation/><Execution ProcessID='2532' ThreadID='3012'/><Channel>Microsoft-Windows-Sysmon/Operational</Channel><Computer>win-dc-ctus-attack-range-221.attackrange.local</Computer><Security UserID='S-1-5-18'/></System><EventData><Data Name='RuleName'>-</Data><Data Name='UtcTime'>2023-01-16 11:47:25.336</Data><Data Name='ProcessGuid'>{FCCA13C7-394B-63C5-A305-00000000AF02}</Data><Data Name='ProcessId'>3676</Data><Data Name='Image'>C:\Temp\ConfirmEmail.exe</Data><Data Name='TargetFilename'>C:\Users\Administrator\AppData\Local\Packages\Windows.MiracastView_cw5n1h2txyewy\LocalCache\cHpfiXA9s.README.txt</Data><Data Name='CreationUtcTime'>2023-01-16 11:47:25.336</Data></EventData></Event>
8333:<Event xmlns='http://schemas.microsoft.com/win/2004/08/events/event'><System><Provider Name='Microsoft-Windows-Sysmon' Guid='{5770385F-C22A-43E0-BF4C-06F5698FFBD9}'/><EventID>11</EventID><Version>2</Version><Level>4</Level><Task>11</Task><Opcode>0</Opcode><Keywords>0x8000000000000000</Keywords><TimeCreated SystemTime='2023-01-16T11:47:25.336453200Z'/><EventRecordID>32519</EventRecordID><Correlation/><Execution ProcessID='2532' ThreadID='3012'/><Channel>Microsoft-Windows-Sysmon/Operational</Channel><Computer>win-dc-ctus-attack-range-221.attackrange.local</Computer><Security UserID='S-1-5-18'/></System><EventData><Data Name='RuleName'>-</Data><Data Name='UtcTime'>2023-01-16 11:47:25.335</Data><Data Name='ProcessGuid'>{FCCA13C7-394B-63C5-A305-00000000AF02}</Data><Data Name='ProcessId'>3676</Data><Data Name='Image'>C:\Temp\ConfirmEmail.exe</Data><Data Name='TargetFilename'>C:\Users\Administrator\AppData\Local\Packages\Windows.MiracastView_cw5n1h2txyewy\LocalState\cHpfiXA9s.README.txt</Data><Data Name='CreationUtcTime'>2023-01-16 11:47:25.335</Data></EventData></Event>
8334:<Event xmlns='http://schemas.microsoft.com/win/2004/08/events/event'><System><Provider Name='Microsoft-Windows-Sysmon' Guid='{5770385F-C22A-43E0-BF4C-06F5698FFBD9}'/><EventID>11</EventID><Version>2</Version><Level>4</Level><Task>11</Task><Opcode>0</Opcode><Keywords>0x8000000000000000</Keywords><TimeCreated SystemTime='2023-01-16T11:47:25.335829000Z'/><EventRecordID>32518</EventRecordID><Correlation/><Execution ProcessID='2532' ThreadID='3012'/><Channel>Microsoft-Windows-Sysmon/Operational</Channel><Computer>win-dc-ctus-attack-range-221.attackrange.local</Computer><Security UserID='S-1-5-18'/></System><EventData><Data Name='RuleName'>-</Data><Data Name='UtcTime'>2023-01-16 11:47:25.335</Data><Data Name='ProcessGuid'>{FCCA13C7-394B-63C5-A305-00000000AF02}</Data><Data Name='ProcessId'>3676</Data><Data Name='Image'>C:\Temp\ConfirmEmail.exe</Data><Data Name='TargetFilename'>C:\Users\Administrator\AppData\Local\Packages\Windows.MiracastView_cw5n1h2txyewy\RoamingState\cHpfiXA9s.README.txt</Data><Data Name='CreationUtcTime'>2023-01-16 11:47:25.334</Data></EventData></Event>
8335:<Event xmlns='http://schemas.microsoft.com/win/2004/08/events/event'><System><Provider Name='Microsoft-Windows-Sysmon' Guid='{5770385F-C22A-43E0-BF4C-06F5698FFBD9}'/><EventID>11</EventID><Version>2</Version><Level>4</Level><Task>11</Task><Opcode>0</Opcode><Keywords>0x8000000000000000</Keywords><TimeCreated SystemTime='2023-01-16T11:47:25.331791300Z'/><EventRecordID>32517</EventRecordID><Correlation/><Execution ProcessID='2532' ThreadID='3012'/><Channel>Microsoft-Windows-Sysmon/Operational</Channel><Computer>win-dc-ctus-attack-range-221.attackrange.local</Computer><Security UserID='S-1-5-18'/></System><EventData><Data Name='RuleName'>-</Data><Data Name='UtcTime'>2023-01-16 11:47:25.330</Data><Data Name='ProcessGuid'>{FCCA13C7-394B-63C5-A305-00000000AF02}</Data><Data Name='ProcessId'>3676</Data><Data Name='Image'>C:\Temp\ConfirmEmail.exe</Data><Data Name='TargetFilename'>C:\Users\Administrator\AppData\Local\Packages\Windows.MiracastView_cw5n1h2txyewy\Settings\cHpfiXA9s.README.txt</Data><Data Name='CreationUtcTime'>2023-01-16 11:47:25.330</Data></EventData></Event>
8336:<Event xmlns='http://schemas.microsoft.com/win/2004/08/events/event'><System><Provider Name='Microsoft-Windows-Sysmon' Guid='{5770385F-C22A-43E0-BF4C-06F5698FFBD9}'/><EventID>11</EventID><Version>2</Version><Level>4</Level><Task>11</Task><Opcode>0</Opcode><Keywords>0x8000000000000000</Keywords><TimeCreated SystemTime='2023-01-16T11:47:25.331021300Z'/><EventRecordID>32516</EventRecordID><Correlation/><Execution ProcessID='2532' ThreadID='3012'/><Channel>Microsoft-Windows-Sysmon/Operational</Channel><Computer>win-dc-ctus-attack-range-221.attackrange.local</Computer><Security UserID='S-1-5-18'/></System><EventData><Data Name='RuleName'>-</Data><Data Name='UtcTime'>2023-01-16 11:47:25.330</Data><Data Name='ProcessGuid'>{FCCA13C7-394B-63C5-A305-00000000AF02}</Data><Data Name='ProcessId'>3676</Data><Data Name='Image'>C:\Temp\ConfirmEmail.exe</Data><Data Name='TargetFilename'>C:\Users\Administrator\AppData\Local\Packages\Windows.MiracastView_cw5n1h2txyewy\SystemAppData\cHpfiXA9s.README.txt</Data><Data Name='CreationUtcTime'>2023-01-16 11:47:25.330</Data></EventData></Event>
8337:<Event xmlns='http://schemas.microsoft.com/win/2004/08/events/event'><System><Provider Name='Microsoft-Windows-Sysmon' Guid='{5770385F-C22A-43E0-BF4C-06F5698FFBD9}'/><EventID>11</EventID><Version>2</Version><Level>4</Level><Task>11</Task><Opcode>0</Opcode><Keywords>0x8000000000000000</Keywords><TimeCreated SystemTime='2023-01-16T11:47:25.330320800Z'/><EventRecordID>32515</EventRecordID><Correlation/><Execution ProcessID='2532' ThreadID='3012'/><Channel>Microsoft-Windows-Sysmon/Operational</Channel><Computer>win-dc-ctus-attack-range-221.attackrange.local</Computer><Security UserID='S-1-5-18'/></System><EventData><Data Name='RuleName'>-</Data><Data Name='UtcTime'>2023-01-16 11:47:25.329</Data><Data Name='ProcessGuid'>{FCCA13C7-394B-63C5-A305-00000000AF02}</Data><Data Name='ProcessId'>3676</Data><Data Name='Image'>C:\Temp\ConfirmEmail.exe</Data><Data Name='TargetFilename'>C:\Users\Administrator\AppData\Local\Packages\Windows.MiracastView_cw5n1h2txyewy\TempState\cHpfiXA9s.README.txt</Data><Data Name='CreationUtcTime'>2023-01-16 11:47:25.329</Data></EventData></Event>
8338:<Event xmlns='http://schemas.microsoft.com/win/2004/08/events/event'><System><Provider Name='Microsoft-Windows-Sysmon' Guid='{5770385F-C22A-43E0-BF4C-06F5698FFBD9}'/><EventID>11</EventID><Version>2</Version><Level>4</Level><Task>11</Task><Opcode>0</Opcode><Keywords>0x8000000000000000</Keywords><TimeCreated SystemTime='2023-01-16T11:47:25.329536900Z'/><EventRecordID>32514</EventRecordID><Correlation/><Execution ProcessID='2532' ThreadID='3012'/><Channel>Microsoft-Windows-Sysmon/Operational</Channel><Computer>win-dc-ctus-attack-range-221.attackrange.local</Computer><Security UserID='S-1-5-18'/></System><EventData><Data Name='RuleName'>-</Data><Data Name='UtcTime'>2023-01-16 11:47:25.328</Data><Data Name='ProcessGuid'>{FCCA13C7-394B-63C5-A305-00000000AF02}</Data><Data Name='ProcessId'>3676</Data><Data Name='Image'>C:\Temp\ConfirmEmail.exe</Data><Data Name='TargetFilename'>C:\Users\Administrator\AppData\Local\Packages\Windows.MiracastView_cw5n1h2txyewy\cHpfiXA9s.README.txt</Data><Data Name='CreationUtcTime'>2023-01-16 11:47:25.328</Data></EventData></Event>
8339:<Event xmlns='http://schemas.microsoft.com/win/2004/08/events/event'><System><Provider Name='Microsoft-Windows-Sysmon' Guid='{5770385F-C22A-43E0-BF4C-06F5698FFBD9}'/><EventID>11</EventID><Version>2</Version><Level>4</Level><Task>11</Task><Opcode>0</Opcode><Keywords>0x8000000000000000</Keywords><TimeCreated SystemTime='2023-01-16T11:47:25.328930600Z'/><EventRecordID>32513</EventRecordID><Correlation/><Execution ProcessID='2532' ThreadID='3012'/><Channel>Microsoft-Windows-Sysmon/Operational</Channel><Computer>win-dc-ctus-attack-range-221.attackrange.local</Computer><Security UserID='S-1-5-18'/></System><EventData><Data Name='RuleName'>-</Data><Data Name='UtcTime'>2023-01-16 11:47:25.328</Data><Data Name='ProcessGuid'>{FCCA13C7-394B-63C5-A305-00000000AF02}</Data><Data Name='ProcessId'>3676</Data><Data Name='Image'>C:\Temp\ConfirmEmail.exe</Data><Data Name='TargetFilename'>C:\Users\Administrator\AppData\Local\Packages\Windows.PrintDialog_cw5n1h2txyewy\AC\cHpfiXA9s.README.txt</Data><Data Name='CreationUtcTime'>2023-01-16 11:47:25.327</Data></EventData></Event>
8340:<Event xmlns='http://schemas.microsoft.com/win/2004/08/events/event'><System><Provider Name='Microsoft-Windows-Sysmon' Guid='{5770385F-C22A-43E0-BF4C-06F5698FFBD9}'/><EventID>11</EventID><Version>2</Version><Level>4</Level><Task>11</Task><Opcode>0</Opcode><Keywords>0x8000000000000000</Keywords><TimeCreated SystemTime='2023-01-16T11:47:25.328291200Z'/><EventRecordID>32512</EventRecordID><Correlation/><Execution ProcessID='2532' ThreadID='3012'/><Channel>Microsoft-Windows-Sysmon/Operational</Channel><Computer>win-dc-ctus-attack-range-221.attackrange.local</Computer><Security UserID='S-1-5-18'/></System><EventData><Data Name='RuleName'>-</Data><Data Name='UtcTime'>2023-01-16 11:47:25.327</Data><Data Name='ProcessGuid'>{FCCA13C7-394B-63C5-A305-00000000AF02}</Data><Data Name='ProcessId'>3676</Data><Data Name='Image'>C:\Temp\ConfirmEmail.exe</Data><Data Name='TargetFilename'>C:\Users\Administrator\AppData\Local\Packages\Windows.PrintDialog_cw5n1h2txyewy\AppData\cHpfiXA9s.README.txt</Data><Data Name='CreationUtcTime'>2023-01-16 11:47:25.327</Data></EventData></Event>
8341:<Event xmlns='http://schemas.microsoft.com/win/2004/08/events/event'><System><Provider Name='Microsoft-Windows-Sysmon' Guid='{5770385F-C22A-43E0-BF4C-06F5698FFBD9}'/><EventID>11</EventID><Version>2</Version><Level>4</Level><Task>11</Task><Opcode>0</Opcode><Keywords>0x8000000000000000</Keywords><TimeCreated SystemTime='2023-01-16T11:47:25.327572700Z'/><EventRecordID>32511</EventRecordID><Correlation/><Execution ProcessID='2532' ThreadID='3012'/><Channel>Microsoft-Windows-Sysmon/Operational</Channel><Computer>win-dc-ctus-attack-range-221.attackrange.local</Computer><Security UserID='S-1-5-18'/></System><EventData><Data Name='RuleName'>-</Data><Data Name='UtcTime'>2023-01-16 11:47:25.326</Data><Data Name='ProcessGuid'>{FCCA13C7-394B-63C5-A305-00000000AF02}</Data><Data Name='ProcessId'>3676</Data><Data Name='Image'>C:\Temp\ConfirmEmail.exe</Data><Data Name='TargetFilename'>C:\Users\Administrator\AppData\Local\Packages\Windows.PrintDialog_cw5n1h2txyewy\LocalCache\cHpfiXA9s.README.txt</Data><Data Name='CreationUtcTime'>2023-01-16 11:47:25.326</Data></EventData></Event>
8342:<Event xmlns='http://schemas.microsoft.com/win/2004/08/events/event'><System><Provider Name='Microsoft-Windows-Sysmon' Guid='{5770385F-C22A-43E0-BF4C-06F5698FFBD9}'/><EventID>11</EventID><Version>2</Version><Level>4</Level><Task>11</Task><Opcode>0</Opcode><Keywords>0x8000000000000000</Keywords><TimeCreated SystemTime='2023-01-16T11:47:25.326958300Z'/><EventRecordID>32510</EventRecordID><Correlation/><Execution ProcessID='2532' ThreadID='3012'/><Channel>Microsoft-Windows-Sysmon/Operational</Channel><Computer>win-dc-ctus-attack-range-221.attackrange.local</Computer><Security UserID='S-1-5-18'/></System><EventData><Data Name='RuleName'>-</Data><Data Name='UtcTime'>2023-01-16 11:47:25.326</Data><Data Name='ProcessGuid'>{FCCA13C7-394B-63C5-A305-00000000AF02}</Data><Data Name='ProcessId'>3676</Data><Data Name='Image'>C:\Temp\ConfirmEmail.exe</Data><Data Name='TargetFilename'>C:\Users\Administrator\AppData\Local\Packages\Windows.PrintDialog_cw5n1h2txyewy\LocalState\cHpfiXA9s.README.txt</Data><Data Name='CreationUtcTime'>2023-01-16 11:47:25.325</Data></EventData></Event>
8343:<Event xmlns='http://schemas.microsoft.com/win/2004/08/events/event'><System><Provider Name='Microsoft-Windows-Sysmon' Guid='{5770385F-C22A-43E0-BF4C-06F5698FFBD9}'/><EventID>11</EventID><Version>2</Version><Level>4</Level><Task>11</Task><Opcode>0</Opcode><Keywords>0x8000000000000000</Keywords><TimeCreated SystemTime='2023-01-16T11:47:25.326262800Z'/><EventRecordID>32509</EventRecordID><Correlation/><Execution ProcessID='2532' ThreadID='3012'/><Channel>Microsoft-Windows-Sysmon/Operational</Channel><Computer>win-dc-ctus-attack-range-221.attackrange.local</Computer><Security UserID='S-1-5-18'/></System><EventData><Data Name='RuleName'>-</Data><Data Name='UtcTime'>2023-01-16 11:47:25.325</Data><Data Name='ProcessGuid'>{FCCA13C7-394B-63C5-A305-00000000AF02}</Data><Data Name='ProcessId'>3676</Data><Data Name='Image'>C:\Temp\ConfirmEmail.exe</Data><Data Name='TargetFilename'>C:\Users\Administrator\AppData\Local\Packages\Windows.PrintDialog_cw5n1h2txyewy\RoamingState\cHpfiXA9s.README.txt</Data><Data Name='CreationUtcTime'>2023-01-16 11:47:25.325</Data></EventData></Event>
8344:<Event xmlns='http://schemas.microsoft.com/win/2004/08/events/event'><System><Provider Name='Microsoft-Windows-Sysmon' Guid='{5770385F-C22A-43E0-BF4C-06F5698FFBD9}'/><EventID>11</EventID><Version>2</Version><Level>4</Level><Task>11</Task><Opcode>0</Opcode><Keywords>0x8000000000000000</Keywords><TimeCreated SystemTime='2023-01-16T11:47:25.321579200Z'/><EventRecordID>32508</EventRecordID><Correlation/><Execution ProcessID='2532' ThreadID='3012'/><Channel>Microsoft-Windows-Sysmon/Operational</Channel><Computer>win-dc-ctus-attack-range-221.attackrange.local</Computer><Security UserID='S-1-5-18'/></System><EventData><Data Name='RuleName'>-</Data><Data Name='UtcTime'>2023-01-16 11:47:25.320</Data><Data Name='ProcessGuid'>{FCCA13C7-394B-63C5-A305-00000000AF02}</Data><Data Name='ProcessId'>3676</Data><Data Name='Image'>C:\Temp\ConfirmEmail.exe</Data><Data Name='TargetFilename'>C:\Users\Administrator\AppData\Local\Packages\Windows.PrintDialog_cw5n1h2txyewy\Settings\cHpfiXA9s.README.txt</Data><Data Name='CreationUtcTime'>2023-01-16 11:47:25.320</Data></EventData></Event>
8345:<Event xmlns='http://schemas.microsoft.com/win/2004/08/events/event'><System><Provider Name='Microsoft-Windows-Sysmon' Guid='{5770385F-C22A-43E0-BF4C-06F5698FFBD9}'/><EventID>11</EventID><Version>2</Version><Level>4</Level><Task>11</Task><Opcode>0</Opcode><Keywords>0x8000000000000000</Keywords><TimeCreated SystemTime='2023-01-16T11:47:25.320834900Z'/><EventRecordID>32507</EventRecordID><Correlation/><Execution ProcessID='2532' ThreadID='3012'/><Channel>Microsoft-Windows-Sysmon/Operational</Channel><Computer>win-dc-ctus-attack-range-221.attackrange.local</Computer><Security UserID='S-1-5-18'/></System><EventData><Data Name='RuleName'>-</Data><Data Name='UtcTime'>2023-01-16 11:47:25.320</Data><Data Name='ProcessGuid'>{FCCA13C7-394B-63C5-A305-00000000AF02}</Data><Data Name='ProcessId'>3676</Data><Data Name='Image'>C:\Temp\ConfirmEmail.exe</Data><Data Name='TargetFilename'>C:\Users\Administrator\AppData\Local\Packages\Windows.PrintDialog_cw5n1h2txyewy\SystemAppData\cHpfiXA9s.README.txt</Data><Data Name='CreationUtcTime'>2023-01-16 11:47:25.319</Data></EventData></Event>
8346:<Event xmlns='http://schemas.microsoft.com/win/2004/08/events/event'><System><Provider Name='Microsoft-Windows-Sysmon' Guid='{5770385F-C22A-43E0-BF4C-06F5698FFBD9}'/><EventID>11</EventID><Version>2</Version><Level>4</Level><Task>11</Task><Opcode>0</Opcode><Keywords>0x8000000000000000</Keywords><TimeCreated SystemTime='2023-01-16T11:47:25.320066500Z'/><EventRecordID>32506</EventRecordID><Correlation/><Execution ProcessID='2532' ThreadID='3012'/><Channel>Microsoft-Windows-Sysmon/Operational</Channel><Computer>win-dc-ctus-attack-range-221.attackrange.local</Computer><Security UserID='S-1-5-18'/></System><EventData><Data Name='RuleName'>-</Data><Data Name='UtcTime'>2023-01-16 11:47:25.319</Data><Data Name='ProcessGuid'>{FCCA13C7-394B-63C5-A305-00000000AF02}</Data><Data Name='ProcessId'>3676</Data><Data Name='Image'>C:\Temp\ConfirmEmail.exe</Data><Data Name='TargetFilename'>C:\Users\Administrator\AppData\Local\Packages\Windows.PrintDialog_cw5n1h2txyewy\TempState\cHpfiXA9s.README.txt</Data><Data Name='CreationUtcTime'>2023-01-16 11:47:25.319</Data></EventData></Event>
