9945:<Event xmlns='http://schemas.microsoft.com/win/2004/08/events/event'><System><Provider Name='Microsoft-Windows-Sysmon' Guid='{5770385F-C22A-43E0-BF4C-06F5698FFBD9}'/><EventID>11</EventID><Version>2</Version><Level>4</Level><Task>11</Task><Opcode>0</Opcode><Keywords>0x8000000000000000</Keywords><TimeCreated SystemTime='2023-01-16T11:47:51.221900700Z'/><EventRecordID>33820</EventRecordID><Correlation/><Execution ProcessID='2532' ThreadID='3012'/><Channel>Microsoft-Windows-Sysmon/Operational</Channel><Computer>win-dc-ctus-attack-range-221.attackrange.local</Computer><Security UserID='S-1-5-18'/></System><EventData><Data Name='RuleName'>-</Data><Data Name='UtcTime'>2023-01-16 11:47:51.216</Data><Data Name='ProcessGuid'>{FCCA13C7-394B-63C5-A305-00000000AF02}</Data><Data Name='ProcessId'>3676</Data><Data Name='Image'>C:\Temp\ConfirmEmail.exe</Data><Data Name='TargetFilename'>C:\Program Files\WindowsPowerShell\Modules\Microsoft.PowerShell.Operation.Validation\1.0.1\Test\cHpfiXA9s.README.txt</Data><Data Name='CreationUtcTime'>2023-01-16 11:47:51.216</Data></EventData></Event>
9946:<Event xmlns='http://schemas.microsoft.com/win/2004/08/events/event'><System><Provider Name='Microsoft-Windows-Sysmon' Guid='{5770385F-C22A-43E0-BF4C-06F5698FFBD9}'/><EventID>11</EventID><Version>2</Version><Level>4</Level><Task>11</Task><Opcode>0</Opcode><Keywords>0x8000000000000000</Keywords><TimeCreated SystemTime='2023-01-16T11:47:51.210642800Z'/><EventRecordID>33819</EventRecordID><Correlation/><Execution ProcessID='2532' ThreadID='3012'/><Channel>Microsoft-Windows-Sysmon/Operational</Channel><Computer>win-dc-ctus-attack-range-221.attackrange.local</Computer><Security UserID='S-1-5-18'/></System><EventData><Data Name='RuleName'>-</Data><Data Name='UtcTime'>2023-01-16 11:47:51.200</Data><Data Name='ProcessGuid'>{FCCA13C7-394B-63C5-A305-00000000AF02}</Data><Data Name='ProcessId'>3676</Data><Data Name='Image'>C:\Temp\ConfirmEmail.exe</Data><Data Name='TargetFilename'>C:\Program Files\WindowsPowerShell\Modules\Microsoft.PowerShell.Operation.Validation\1.0.1\cHpfiXA9s.README.txt</Data><Data Name='CreationUtcTime'>2023-01-16 11:47:51.200</Data></EventData></Event>
9947:<Event xmlns='http://schemas.microsoft.com/win/2004/08/events/event'><System><Provider Name='Microsoft-Windows-Sysmon' Guid='{5770385F-C22A-43E0-BF4C-06F5698FFBD9}'/><EventID>11</EventID><Version>2</Version><Level>4</Level><Task>11</Task><Opcode>0</Opcode><Keywords>0x8000000000000000</Keywords><TimeCreated SystemTime='2023-01-16T11:47:51.209821100Z'/><EventRecordID>33818</EventRecordID><Correlation/><Execution ProcessID='2532' ThreadID='3012'/><Channel>Microsoft-Windows-Sysmon/Operational</Channel><Computer>win-dc-ctus-attack-range-221.attackrange.local</Computer><Security UserID='S-1-5-18'/></System><EventData><Data Name='RuleName'>-</Data><Data Name='UtcTime'>2023-01-16 11:47:51.200</Data><Data Name='ProcessGuid'>{FCCA13C7-394B-63C5-A305-00000000AF02}</Data><Data Name='ProcessId'>3676</Data><Data Name='Image'>C:\Temp\ConfirmEmail.exe</Data><Data Name='TargetFilename'>C:\Program Files\WindowsPowerShell\Modules\Microsoft.PowerShell.Operation.Validation\cHpfiXA9s.README.txt</Data><Data Name='CreationUtcTime'>2023-01-16 11:47:51.200</Data></EventData></Event>
9948:<Event xmlns='http://schemas.microsoft.com/win/2004/08/events/event'><System><Provider Name='Microsoft-Windows-Sysmon' Guid='{5770385F-C22A-43E0-BF4C-06F5698FFBD9}'/><EventID>11</EventID><Version>2</Version><Level>4</Level><Task>11</Task><Opcode>0</Opcode><Keywords>0x8000000000000000</Keywords><TimeCreated SystemTime='2023-01-16T11:47:51.188603700Z'/><EventRecordID>33817</EventRecordID><Correlation/><Execution ProcessID='2532' ThreadID='3012'/><Channel>Microsoft-Windows-Sysmon/Operational</Channel><Computer>win-dc-ctus-attack-range-221.attackrange.local</Computer><Security UserID='S-1-5-18'/></System><EventData><Data Name='RuleName'>-</Data><Data Name='UtcTime'>2023-01-16 11:47:51.184</Data><Data Name='ProcessGuid'>{FCCA13C7-394B-63C5-A305-00000000AF02}</Data><Data Name='ProcessId'>3676</Data><Data Name='Image'>C:\Temp\ConfirmEmail.exe</Data><Data Name='TargetFilename'>C:\Program Files\WindowsPowerShell\Modules\PackageManagement\1.0.0.1\en\cHpfiXA9s.README.txt</Data><Data Name='CreationUtcTime'>2023-01-16 11:47:51.184</Data></EventData></Event>
9949:<Event xmlns='http://schemas.microsoft.com/win/2004/08/events/event'><System><Provider Name='Microsoft-Windows-Sysmon' Guid='{5770385F-C22A-43E0-BF4C-06F5698FFBD9}'/><EventID>11</EventID><Version>2</Version><Level>4</Level><Task>11</Task><Opcode>0</Opcode><Keywords>0x8000000000000000</Keywords><TimeCreated SystemTime='2023-01-16T11:47:51.159260300Z'/><EventRecordID>33816</EventRecordID><Correlation/><Execution ProcessID='2532' ThreadID='3012'/><Channel>Microsoft-Windows-Sysmon/Operational</Channel><Computer>win-dc-ctus-attack-range-221.attackrange.local</Computer><Security UserID='S-1-5-18'/></System><EventData><Data Name='RuleName'>-</Data><Data Name='UtcTime'>2023-01-16 11:47:51.153</Data><Data Name='ProcessGuid'>{FCCA13C7-394B-63C5-A305-00000000AF02}</Data><Data Name='ProcessId'>3676</Data><Data Name='Image'>C:\Temp\ConfirmEmail.exe</Data><Data Name='TargetFilename'>C:\Program Files\WindowsPowerShell\Modules\PackageManagement\1.0.0.1\cHpfiXA9s.README.txt</Data><Data Name='CreationUtcTime'>2023-01-16 11:47:51.153</Data></EventData></Event>
9950:<Event xmlns='http://schemas.microsoft.com/win/2004/08/events/event'><System><Provider Name='Microsoft-Windows-Sysmon' Guid='{5770385F-C22A-43E0-BF4C-06F5698FFBD9}'/><EventID>11</EventID><Version>2</Version><Level>4</Level><Task>11</Task><Opcode>0</Opcode><Keywords>0x8000000000000000</Keywords><TimeCreated SystemTime='2023-01-16T11:47:51.158679500Z'/><EventRecordID>33815</EventRecordID><Correlation/><Execution ProcessID='2532' ThreadID='3012'/><Channel>Microsoft-Windows-Sysmon/Operational</Channel><Computer>win-dc-ctus-attack-range-221.attackrange.local</Computer><Security UserID='S-1-5-18'/></System><EventData><Data Name='RuleName'>-</Data><Data Name='UtcTime'>2023-01-16 11:47:51.153</Data><Data Name='ProcessGuid'>{FCCA13C7-394B-63C5-A305-00000000AF02}</Data><Data Name='ProcessId'>3676</Data><Data Name='Image'>C:\Temp\ConfirmEmail.exe</Data><Data Name='TargetFilename'>C:\Program Files\WindowsPowerShell\Modules\PackageManagement\cHpfiXA9s.README.txt</Data><Data Name='CreationUtcTime'>2023-01-16 11:47:51.153</Data></EventData></Event>
9951:<Event xmlns='http://schemas.microsoft.com/win/2004/08/events/event'><System><Provider Name='Microsoft-Windows-Sysmon' Guid='{5770385F-C22A-43E0-BF4C-06F5698FFBD9}'/><EventID>11</EventID><Version>2</Version><Level>4</Level><Task>11</Task><Opcode>0</Opcode><Keywords>0x8000000000000000</Keywords><TimeCreated SystemTime='2023-01-16T11:47:51.155624100Z'/><EventRecordID>33814</EventRecordID><Correlation/><Execution ProcessID='2532' ThreadID='3012'/><Channel>Microsoft-Windows-Sysmon/Operational</Channel><Computer>win-dc-ctus-attack-range-221.attackrange.local</Computer><Security UserID='S-1-5-18'/></System><EventData><Data Name='RuleName'>-</Data><Data Name='UtcTime'>2023-01-16 11:47:51.153</Data><Data Name='ProcessGuid'>{FCCA13C7-394B-63C5-A305-00000000AF02}</Data><Data Name='ProcessId'>3676</Data><Data Name='Image'>C:\Temp\ConfirmEmail.exe</Data><Data Name='TargetFilename'>C:\Program Files\WindowsPowerShell\Modules\Pester\3.4.0\bin\cHpfiXA9s.README.txt</Data><Data Name='CreationUtcTime'>2023-01-16 11:47:51.153</Data></EventData></Event>
9952:<Event xmlns='http://schemas.microsoft.com/win/2004/08/events/event'><System><Provider Name='Microsoft-Windows-Sysmon' Guid='{5770385F-C22A-43E0-BF4C-06F5698FFBD9}'/><EventID>11</EventID><Version>2</Version><Level>4</Level><Task>11</Task><Opcode>0</Opcode><Keywords>0x8000000000000000</Keywords><TimeCreated SystemTime='2023-01-16T11:47:51.141308900Z'/><EventRecordID>33813</EventRecordID><Correlation/><Execution ProcessID='2532' ThreadID='3012'/><Channel>Microsoft-Windows-Sysmon/Operational</Channel><Computer>win-dc-ctus-attack-range-221.attackrange.local</Computer><Security UserID='S-1-5-18'/></System><EventData><Data Name='RuleName'>-</Data><Data Name='UtcTime'>2023-01-16 11:47:51.137</Data><Data Name='ProcessGuid'>{FCCA13C7-394B-63C5-A305-00000000AF02}</Data><Data Name='ProcessId'>3676</Data><Data Name='Image'>C:\Temp\ConfirmEmail.exe</Data><Data Name='TargetFilename'>C:\Program Files\WindowsPowerShell\Modules\Pester\3.4.0\en-US\cHpfiXA9s.README.txt</Data><Data Name='CreationUtcTime'>2023-01-16 11:47:51.137</Data></EventData></Event>
9953:<Event xmlns='http://schemas.microsoft.com/win/2004/08/events/event'><System><Provider Name='Microsoft-Windows-Sysmon' Guid='{5770385F-C22A-43E0-BF4C-06F5698FFBD9}'/><EventID>11</EventID><Version>2</Version><Level>4</Level><Task>11</Task><Opcode>0</Opcode><Keywords>0x8000000000000000</Keywords><TimeCreated SystemTime='2023-01-16T11:47:51.135109300Z'/><EventRecordID>33812</EventRecordID><Correlation/><Execution ProcessID='2532' ThreadID='3012'/><Channel>Microsoft-Windows-Sysmon/Operational</Channel><Computer>win-dc-ctus-attack-range-221.attackrange.local</Computer><Security UserID='S-1-5-18'/></System><EventData><Data Name='RuleName'>-</Data><Data Name='UtcTime'>2023-01-16 11:47:51.122</Data><Data Name='ProcessGuid'>{FCCA13C7-394B-63C5-A305-00000000AF02}</Data><Data Name='ProcessId'>3676</Data><Data Name='Image'>C:\Temp\ConfirmEmail.exe</Data><Data Name='TargetFilename'>C:\Program Files\WindowsPowerShell\Modules\Pester\3.4.0\Examples\Calculator\cHpfiXA9s.README.txt</Data><Data Name='CreationUtcTime'>2023-01-16 11:47:51.122</Data></EventData></Event>
9954:<Event xmlns='http://schemas.microsoft.com/win/2004/08/events/event'><System><Provider Name='Microsoft-Windows-Sysmon' Guid='{5770385F-C22A-43E0-BF4C-06F5698FFBD9}'/><EventID>11</EventID><Version>2</Version><Level>4</Level><Task>11</Task><Opcode>0</Opcode><Keywords>0x8000000000000000</Keywords><TimeCreated SystemTime='2023-01-16T11:47:51.130970100Z'/><EventRecordID>33811</EventRecordID><Correlation/><Execution ProcessID='2532' ThreadID='3012'/><Channel>Microsoft-Windows-Sysmon/Operational</Channel><Computer>win-dc-ctus-attack-range-221.attackrange.local</Computer><Security UserID='S-1-5-18'/></System><EventData><Data Name='RuleName'>-</Data><Data Name='UtcTime'>2023-01-16 11:47:51.122</Data><Data Name='ProcessGuid'>{FCCA13C7-394B-63C5-A305-00000000AF02}</Data><Data Name='ProcessId'>3676</Data><Data Name='Image'>C:\Temp\ConfirmEmail.exe</Data><Data Name='TargetFilename'>C:\Program Files\WindowsPowerShell\Modules\Pester\3.4.0\Examples\Validator\cHpfiXA9s.README.txt</Data><Data Name='CreationUtcTime'>2023-01-16 11:47:51.122</Data></EventData></Event>
9955:<Event xmlns='http://schemas.microsoft.com/win/2004/08/events/event'><System><Provider Name='Microsoft-Windows-Sysmon' Guid='{5770385F-C22A-43E0-BF4C-06F5698FFBD9}'/><EventID>11</EventID><Version>2</Version><Level>4</Level><Task>11</Task><Opcode>0</Opcode><Keywords>0x8000000000000000</Keywords><TimeCreated SystemTime='2023-01-16T11:47:51.130273700Z'/><EventRecordID>33810</EventRecordID><Correlation/><Execution ProcessID='2532' ThreadID='3012'/><Channel>Microsoft-Windows-Sysmon/Operational</Channel><Computer>win-dc-ctus-attack-range-221.attackrange.local</Computer><Security UserID='S-1-5-18'/></System><EventData><Data Name='RuleName'>-</Data><Data Name='UtcTime'>2023-01-16 11:47:51.122</Data><Data Name='ProcessGuid'>{FCCA13C7-394B-63C5-A305-00000000AF02}</Data><Data Name='ProcessId'>3676</Data><Data Name='Image'>C:\Temp\ConfirmEmail.exe</Data><Data Name='TargetFilename'>C:\Program Files\WindowsPowerShell\Modules\Pester\3.4.0\Examples\cHpfiXA9s.README.txt</Data><Data Name='CreationUtcTime'>2023-01-16 11:47:51.122</Data></EventData></Event>
9957:<Event xmlns='http://schemas.microsoft.com/win/2004/08/events/event'><System><Provider Name='Microsoft-Windows-Sysmon' Guid='{5770385F-C22A-43E0-BF4C-06F5698FFBD9}'/><EventID>11</EventID><Version>2</Version><Level>4</Level><Task>11</Task><Opcode>0</Opcode><Keywords>0x8000000000000000</Keywords><TimeCreated SystemTime='2023-01-16T11:47:51.042738000Z'/><EventRecordID>33808</EventRecordID><Correlation/><Execution ProcessID='2532' ThreadID='3012'/><Channel>Microsoft-Windows-Sysmon/Operational</Channel><Computer>win-dc-ctus-attack-range-221.attackrange.local</Computer><Security UserID='S-1-5-18'/></System><EventData><Data Name='RuleName'>-</Data><Data Name='UtcTime'>2023-01-16 11:47:51.033</Data><Data Name='ProcessGuid'>{FCCA13C7-394B-63C5-A305-00000000AF02}</Data><Data Name='ProcessId'>3676</Data><Data Name='Image'>C:\Temp\ConfirmEmail.exe</Data><Data Name='TargetFilename'>C:\Program Files\WindowsPowerShell\Modules\Pester\3.4.0\Functions\Assertions\cHpfiXA9s.README.txt</Data><Data Name='CreationUtcTime'>2023-01-16 11:47:51.033</Data></EventData></Event>
6318:<Event xmlns='http://schemas.microsoft.com/win/2004/08/events/event'><System><Provider Name='Microsoft-Windows-Sysmon' Guid='{5770385F-C22A-43E0-BF4C-06F5698FFBD9}'/><EventID>11</EventID><Version>2</Version><Level>4</Level><Task>11</Task><Opcode>0</Opcode><Keywords>0x8000000000000000</Keywords><TimeCreated SystemTime='2023-01-16T11:45:13.323089700Z'/><EventRecordID>31008</EventRecordID><Correlation/><Execution ProcessID='2532' ThreadID='3012'/><Channel>Microsoft-Windows-Sysmon/Operational</Channel><Computer>win-dc-ctus-attack-range-221.attackrange.local</Computer><Security UserID='S-1-5-18'/></System><EventData><Data Name='RuleName'>-</Data><Data Name='UtcTime'>2023-01-16 11:45:13.313</Data><Data Name='ProcessGuid'>{FCCA13C7-38C6-63C5-9405-00000000AF02}</Data><Data Name='ProcessId'>6296</Data><Data Name='Image'>C:\Program Files\7-Zip\7zG.exe</Data><Data Name='TargetFilename'>C:\Temp\Downloads\ransom.html</Data><Data Name='CreationUtcTime'>2023-01-16 11:45:13.313</Data></EventData></Event>
6632:<Event xmlns='http://schemas.microsoft.com/win/2004/08/events/event'><System><Provider Name='Microsoft-Windows-Sysmon' Guid='{5770385F-C22A-43E0-BF4C-06F5698FFBD9}'/><EventID>23</EventID><Version>5</Version><Level>4</Level><Task>23</Task><Opcode>0</Opcode><Keywords>0x8000000000000000</Keywords><TimeCreated SystemTime='2023-01-16T11:45:29.365256300Z'/><EventRecordID>31323</EventRecordID><Correlation/><Execution ProcessID='2532' ThreadID='3012'/><Channel>Microsoft-Windows-Sysmon/Operational</Channel><Computer>win-dc-ctus-attack-range-221.attackrange.local</Computer><Security UserID='S-1-5-18'/></System><EventData><Data Name='RuleName'>-</Data><Data Name='UtcTime'>2023-01-16 11:45:29.362</Data><Data Name='ProcessGuid'>{FCCA13C7-3387-63C5-9D01-00000000AF02}</Data><Data Name='ProcessId'>1284</Data><Data Name='User'>ATTACKRANGE\Administrator</Data><Data Name='Image'>C:\Windows\Explorer.EXE</Data><Data Name='TargetFilename'>C:\Temp\Downloads\ransom.html</Data><Data Name='Hashes'>MD5=67912031E5751A92113F2A00AB83ECA2,SHA256=116D5D8D6580D093E103FAD8EEE4614FE1A3BE6E371F0E6EA22496CFFB4E428D,IMPHASH=00000000000000000000000000000000</Data><Data Name='IsExecutable'>false</Data><Data Name='Archived'>true</Data></EventData></Event>
