# family=prestige_ransomware technique=T1489 (Service Stop)
# patterns (each run as its own 'grep -inE', matches unioned): ['CommandLine.{0,300}net(1)?(\\.exe)?["\' ]+stop ', 'CommandLine.{0,300}sc(\\.exe)?["\' ]+(stop|config) ', 'CommandLine.{0,300}taskkill(\\.exe)?["\' ].*(/f|/im)']
# files searched: ['/home/kali/director/projects/_corpora/attack_data/datasets/malware/prestige_ransomware/sysmon.log']
# matched lines (after noise exclusion): 3
# lines dropped by NOISE_EXCLUDE_PATTERN (Aurora-Agent|sigma-rules|\.yml\.tmp): 0
#
12027:<Event xmlns='http://schemas.microsoft.com/win/2004/08/events/event'><System><Provider Name='Microsoft-Windows-Sysmon' Guid='{5770385F-C22A-43E0-BF4C-06F5698FFBD9}'/><EventID>1</EventID><Version>5</Version><Level>4</Level><Task>1</Task><Opcode>0</Opcode><Keywords>0x8000000000000000</Keywords><TimeCreated SystemTime='2022-11-30T09:43:11.902113900Z'/><EventRecordID>846868</EventRecordID><Correlation/><Execution ProcessID='2596' ThreadID='2328'/><Channel>Microsoft-Windows-Sysmon/Operational</Channel><Computer>win-dc-ctus-attack-range-478.attackrange.local</Computer><Security UserID='S-1-5-18'/></System><EventData><Data Name='RuleName'>-</Data><Data Name='UtcTime'>2022-11-30 09:43:11.897</Data><Data Name='ProcessGuid'>{8A63456F-25AF-6387-EA02-000000009802}</Data><Data Name='ProcessId'>5772</Data><Data Name='Image'>C:\Windows\SysWOW64\net1.exe</Data><Data Name='FileVersion'>10.0.14393.0 (rs1_release.160715-1616)</Data><Data Name='Description'>Net Command</Data><Data Name='Product'>Microsoft® Windows® Operating System</Data><Data Name='Company'>Microsoft Corporation</Data><Data Name='OriginalFileName'>net1.exe</Data><Data Name='CommandLine'>C:\Windows\system32\net1 stop MSSQLSERVER</Data><Data Name='CurrentDirectory'>C:\Temp\</Data><Data Name='User'>ATTACKRANGE\Administrator</Data><Data Name='LogonGuid'>{8A63456F-2416-6387-8846-1F0000000000}</Data><Data Name='LogonId'>0x1f4688</Data><Data Name='TerminalSessionId'>2</Data><Data Name='IntegrityLevel'>High</Data><Data Name='Hashes'>SHA256=756F45004C4E80B3D3B9A1695ADA3F0C46EFEDE53A16EA29E5C8AE7DD2B568DE</Data><Data Name='ParentProcessGuid'>{8A63456F-25AF-6387-E702-000000009802}</Data><Data Name='ParentProcessId'>5188</Data><Data Name='ParentImage'>C:\Windows\SysWOW64\net.exe</Data><Data Name='ParentCommandLine'>C:\Windows\System32\net.exe stop MSSQLSERVER</Data></EventData></Event>
12047:<Event xmlns='http://schemas.microsoft.com/win/2004/08/events/event'><System><Provider Name='Microsoft-Windows-Sysmon' Guid='{5770385F-C22A-43E0-BF4C-06F5698FFBD9}'/><EventID>1</EventID><Version>5</Version><Level>4</Level><Task>1</Task><Opcode>0</Opcode><Keywords>0x8000000000000000</Keywords><TimeCreated SystemTime='2022-11-30T09:43:11.850725900Z'/><EventRecordID>846848</EventRecordID><Correlation/><Execution ProcessID='2596' ThreadID='2328'/><Channel>Microsoft-Windows-Sysmon/Operational</Channel><Computer>win-dc-ctus-attack-range-478.attackrange.local</Computer><Security UserID='S-1-5-18'/></System><EventData><Data Name='RuleName'>-</Data><Data Name='UtcTime'>2022-11-30 09:43:11.849</Data><Data Name='ProcessGuid'>{8A63456F-25AF-6387-E902-000000009802}</Data><Data Name='ProcessId'>5600</Data><Data Name='Image'>C:\Windows\System32\conhost.exe</Data><Data Name='FileVersion'>10.0.14393.0 (rs1_release.160715-1616)</Data><Data Name='Description'>Console Window Host</Data><Data Name='Product'>Microsoft® Windows® Operating System</Data><Data Name='Company'>Microsoft Corporation</Data><Data Name='OriginalFileName'>CONHOST.EXE</Data><Data Name='CommandLine'>\??\C:\Windows\system32\conhost.exe 0xffffffff -ForceV1</Data><Data Name='CurrentDirectory'>C:\Windows</Data><Data Name='User'>ATTACKRANGE\Administrator</Data><Data Name='LogonGuid'>{8A63456F-2416-6387-8846-1F0000000000}</Data><Data Name='LogonId'>0x1f4688</Data><Data Name='TerminalSessionId'>2</Data><Data Name='IntegrityLevel'>High</Data><Data Name='Hashes'>SHA256=046F7A1B4DE67562547ED9A180A72F481FC41E803DE49A96D7D7C731964D53A0</Data><Data Name='ParentProcessGuid'>{8A63456F-25AF-6387-E702-000000009802}</Data><Data Name='ParentProcessId'>5188</Data><Data Name='ParentImage'>C:\Windows\SysWOW64\net.exe</Data><Data Name='ParentCommandLine'>C:\Windows\System32\net.exe stop MSSQLSERVER</Data></EventData></Event>
12052:<Event xmlns='http://schemas.microsoft.com/win/2004/08/events/event'><System><Provider Name='Microsoft-Windows-Sysmon' Guid='{5770385F-C22A-43E0-BF4C-06F5698FFBD9}'/><EventID>1</EventID><Version>5</Version><Level>4</Level><Task>1</Task><Opcode>0</Opcode><Keywords>0x8000000000000000</Keywords><TimeCreated SystemTime='2022-11-30T09:43:11.842447300Z'/><EventRecordID>846843</EventRecordID><Correlation/><Execution ProcessID='2596' ThreadID='2328'/><Channel>Microsoft-Windows-Sysmon/Operational</Channel><Computer>win-dc-ctus-attack-range-478.attackrange.local</Computer><Security UserID='S-1-5-18'/></System><EventData><Data Name='RuleName'>-</Data><Data Name='UtcTime'>2022-11-30 09:43:11.840</Data><Data Name='ProcessGuid'>{8A63456F-25AF-6387-E702-000000009802}</Data><Data Name='ProcessId'>5188</Data><Data Name='Image'>C:\Windows\SysWOW64\net.exe</Data><Data Name='FileVersion'>10.0.14393.2430 (rs1_release_inmarket_aim.180806-1810)</Data><Data Name='Description'>Net Command</Data><Data Name='Product'>Microsoft® Windows® Operating System</Data><Data Name='Company'>Microsoft Corporation</Data><Data Name='OriginalFileName'>net.exe</Data><Data Name='CommandLine'>C:\Windows\System32\net.exe stop MSSQLSERVER</Data><Data Name='CurrentDirectory'>C:\Temp\</Data><Data Name='User'>ATTACKRANGE\Administrator</Data><Data Name='LogonGuid'>{8A63456F-2416-6387-8846-1F0000000000}</Data><Data Name='LogonId'>0x1f4688</Data><Data Name='TerminalSessionId'>2</Data><Data Name='IntegrityLevel'>High</Data><Data Name='Hashes'>SHA256=42C289E1F976730A0325C0D1A293437502BEF55935F08F258F81B89CF59ABD25</Data><Data Name='ParentProcessGuid'>{8A63456F-25AF-6387-E302-000000009802}</Data><Data Name='ParentProcessId'>4820</Data><Data Name='ParentImage'>C:\Temp\prestige_ransomware.exe</Data><Data Name='ParentCommandLine'>"C:\Temp\prestige_ransomware.exe" </Data></EventData></Event>
