# family=prestige_ransomware technique=T1490 (Inhibit System Recovery)
# patterns (each run as its own 'grep -inE', matches unioned): ['vssadmin', 'wbadmin', 'bcdedit', 'shadowcopy']
# files searched: ['/home/kali/director/projects/_corpora/attack_data/datasets/malware/prestige_ransomware/sysmon.log']
# matched lines (after noise exclusion): 9
# lines dropped by NOISE_EXCLUDE_PATTERN (Aurora-Agent|sigma-rules|\.yml\.tmp): 7
#
12173:<Event xmlns='http://schemas.microsoft.com/win/2004/08/events/event'><System><Provider Name='Microsoft-Windows-Sysmon' Guid='{5770385F-C22A-43E0-BF4C-06F5698FFBD9}'/><EventID>5</EventID><Version>3</Version><Level>4</Level><Task>5</Task><Opcode>0</Opcode><Keywords>0x8000000000000000</Keywords><TimeCreated SystemTime='2022-11-30T09:43:13.884505800Z'/><EventRecordID>847034</EventRecordID><Correlation/><Execution ProcessID='2596' ThreadID='2328'/><Channel>Microsoft-Windows-Sysmon/Operational</Channel><Computer>win-dc-ctus-attack-range-478.attackrange.local</Computer><Security UserID='S-1-5-18'/></System><EventData><Data Name='RuleName'>-</Data><Data Name='UtcTime'>2022-11-30 09:43:13.877</Data><Data Name='ProcessGuid'>{8A63456F-25B1-6387-EB02-000000009802}</Data><Data Name='ProcessId'>6036</Data><Data Name='Image'>C:\Windows\System32\vssadmin.exe</Data></EventData></Event>
12209:<Event xmlns='http://schemas.microsoft.com/win/2004/08/events/event'><System><Provider Name='Microsoft-Windows-Sysmon' Guid='{5770385F-C22A-43E0-BF4C-06F5698FFBD9}'/><EventID>10</EventID><Version>3</Version><Level>4</Level><Task>10</Task><Opcode>0</Opcode><Keywords>0x8000000000000000</Keywords><TimeCreated SystemTime='2022-11-30T09:43:13.791618400Z'/><EventRecordID>846998</EventRecordID><Correlation/><Execution ProcessID='2596' ThreadID='2328'/><Channel>Microsoft-Windows-Sysmon/Operational</Channel><Computer>win-dc-ctus-attack-range-478.attackrange.local</Computer><Security UserID='S-1-5-18'/></System><EventData><Data Name='RuleName'>-</Data><Data Name='UtcTime'>2022-11-30 09:43:13.781</Data><Data Name='SourceProcessGUID'>{8A63456F-146E-6387-0B00-000000009802}</Data><Data Name='SourceProcessId'>644</Data><Data Name='SourceThreadId'>696</Data><Data Name='SourceImage'>C:\Windows\system32\lsass.exe</Data><Data Name='TargetProcessGUID'>{8A63456F-25B1-6387-EB02-000000009802}</Data><Data Name='TargetProcessId'>6036</Data><Data Name='TargetImage'>C:\Windows\System32\vssadmin.exe</Data><Data Name='GrantedAccess'>0x1000</Data><Data Name='CallTrace'>C:\Windows\SYSTEM32\ntdll.dll+a6154|C:\Windows\System32\KERNELBASE.dll+2c44d|C:\Windows\system32\lsasrv.dll+77e3c|C:\Windows\system32\lsasrv.dll+e7b34|C:\Windows\System32\RPCRT4.dll+7ac63|C:\Windows\System32\RPCRT4.dll+d5bc1|C:\Windows\System32\RPCRT4.dll+5342c|C:\Windows\System32\RPCRT4.dll+35824|C:\Windows\System32\RPCRT4.dll+3473d|C:\Windows\System32\RPCRT4.dll+34feb|C:\Windows\System32\RPCRT4.dll+20ddc|C:\Windows\System32\RPCRT4.dll+2125c|C:\Windows\System32\RPCRT4.dll+106bc|C:\Windows\System32\RPCRT4.dll+11f1b|C:\Windows\System32\RPCRT4.dll+1a50a|C:\Windows\SYSTEM32\ntdll.dll+1d35e|C:\Windows\SYSTEM32\ntdll.dll+1ecc9|C:\Windows\System32\KERNEL32.DLL+84d4|C:\Windows\SYSTEM32\ntdll.dll+51791</Data></EventData></Event>
12210:<Event xmlns='http://schemas.microsoft.com/win/2004/08/events/event'><System><Provider Name='Microsoft-Windows-Sysmon' Guid='{5770385F-C22A-43E0-BF4C-06F5698FFBD9}'/><EventID>10</EventID><Version>3</Version><Level>4</Level><Task>10</Task><Opcode>0</Opcode><Keywords>0x8000000000000000</Keywords><TimeCreated SystemTime='2022-11-30T09:43:13.790809900Z'/><EventRecordID>846997</EventRecordID><Correlation/><Execution ProcessID='2596' ThreadID='2328'/><Channel>Microsoft-Windows-Sysmon/Operational</Channel><Computer>win-dc-ctus-attack-range-478.attackrange.local</Computer><Security UserID='S-1-5-18'/></System><EventData><Data Name='RuleName'>-</Data><Data Name='UtcTime'>2022-11-30 09:43:13.781</Data><Data Name='SourceProcessGUID'>{8A63456F-1470-6387-0C00-000000009802}</Data><Data Name='SourceProcessId'>852</Data><Data Name='SourceThreadId'>2332</Data><Data Name='SourceImage'>C:\Windows\system32\svchost.exe</Data><Data Name='TargetProcessGUID'>{8A63456F-25B1-6387-EB02-000000009802}</Data><Data Name='TargetProcessId'>6036</Data><Data Name='TargetImage'>C:\Windows\System32\vssadmin.exe</Data><Data Name='GrantedAccess'>0x1000</Data><Data Name='CallTrace'>C:\Windows\SYSTEM32\ntdll.dll+a6154|C:\Windows\System32\KERNELBASE.dll+2c44d|c:\windows\system32\rpcss.dll+3f906|C:\Windows\System32\RPCRT4.dll+7ac63|C:\Windows\System32\RPCRT4.dll+54cfb|C:\Windows\System32\RPCRT4.dll+533da|C:\Windows\System32\RPCRT4.dll+35824|C:\Windows\System32\RPCRT4.dll+3473d|C:\Windows\System32\RPCRT4.dll+34feb|C:\Windows\System32\RPCRT4.dll+20ddc|C:\Windows\System32\RPCRT4.dll+2125c|C:\Windows\System32\RPCRT4.dll+106bc|C:\Windows\System32\RPCRT4.dll+11f1b|C:\Windows\System32\RPCRT4.dll+1a50a|C:\Windows\SYSTEM32\ntdll.dll+1d35e|C:\Windows\SYSTEM32\ntdll.dll+1ecc9|C:\Windows\System32\KERNEL32.DLL+84d4|C:\Windows\SYSTEM32\ntdll.dll+51791</Data></EventData></Event>
12213:<Event xmlns='http://schemas.microsoft.com/win/2004/08/events/event'><System><Provider Name='Microsoft-Windows-Sysmon' Guid='{5770385F-C22A-43E0-BF4C-06F5698FFBD9}'/><EventID>10</EventID><Version>3</Version><Level>4</Level><Task>10</Task><Opcode>0</Opcode><Keywords>0x8000000000000000</Keywords><TimeCreated SystemTime='2022-11-30T09:43:13.770897400Z'/><EventRecordID>846994</EventRecordID><Correlation/><Execution ProcessID='2596' ThreadID='2328'/><Channel>Microsoft-Windows-Sysmon/Operational</Channel><Computer>win-dc-ctus-attack-range-478.attackrange.local</Computer><Security UserID='S-1-5-18'/></System><EventData><Data Name='RuleName'>-</Data><Data Name='UtcTime'>2022-11-30 09:43:13.770</Data><Data Name='SourceProcessGUID'>{8A63456F-25B1-6387-EC02-000000009802}</Data><Data Name='SourceProcessId'>5824</Data><Data Name='SourceThreadId'>5712</Data><Data Name='SourceImage'>C:\Windows\system32\conhost.exe</Data><Data Name='TargetProcessGUID'>{8A63456F-25B1-6387-EB02-000000009802}</Data><Data Name='TargetProcessId'>6036</Data><Data Name='TargetImage'>C:\Windows\System32\vssadmin.exe</Data><Data Name='GrantedAccess'>0x1fffff</Data><Data Name='CallTrace'>C:\Windows\SYSTEM32\ntdll.dll+a6154|C:\Windows\SYSTEM32\ConhostV2.dll+5ca7|C:\Windows\SYSTEM32\ConhostV2.dll+774b|C:\Windows\SYSTEM32\ConhostV2.dll+a8df|C:\Windows\System32\KERNEL32.DLL+84d4|C:\Windows\SYSTEM32\ntdll.dll+51791</Data></EventData></Event>
12215:<Event xmlns='http://schemas.microsoft.com/win/2004/08/events/event'><System><Provider Name='Microsoft-Windows-Sysmon' Guid='{5770385F-C22A-43E0-BF4C-06F5698FFBD9}'/><EventID>1</EventID><Version>5</Version><Level>4</Level><Task>1</Task><Opcode>0</Opcode><Keywords>0x8000000000000000</Keywords><TimeCreated SystemTime='2022-11-30T09:43:13.764816900Z'/><EventRecordID>846992</EventRecordID><Correlation/><Execution ProcessID='2596' ThreadID='2328'/><Channel>Microsoft-Windows-Sysmon/Operational</Channel><Computer>win-dc-ctus-attack-range-478.attackrange.local</Computer><Security UserID='S-1-5-18'/></System><EventData><Data Name='RuleName'>-</Data><Data Name='UtcTime'>2022-11-30 09:43:13.764</Data><Data Name='ProcessGuid'>{8A63456F-25B1-6387-EC02-000000009802}</Data><Data Name='ProcessId'>5824</Data><Data Name='Image'>C:\Windows\System32\conhost.exe</Data><Data Name='FileVersion'>10.0.14393.0 (rs1_release.160715-1616)</Data><Data Name='Description'>Console Window Host</Data><Data Name='Product'>Microsoft® Windows® Operating System</Data><Data Name='Company'>Microsoft Corporation</Data><Data Name='OriginalFileName'>CONHOST.EXE</Data><Data Name='CommandLine'>\??\C:\Windows\system32\conhost.exe 0xffffffff -ForceV1</Data><Data Name='CurrentDirectory'>C:\Windows</Data><Data Name='User'>ATTACKRANGE\Administrator</Data><Data Name='LogonGuid'>{8A63456F-2416-6387-8846-1F0000000000}</Data><Data Name='LogonId'>0x1f4688</Data><Data Name='TerminalSessionId'>2</Data><Data Name='IntegrityLevel'>High</Data><Data Name='Hashes'>SHA256=046F7A1B4DE67562547ED9A180A72F481FC41E803DE49A96D7D7C731964D53A0</Data><Data Name='ParentProcessGuid'>{8A63456F-25B1-6387-EB02-000000009802}</Data><Data Name='ParentProcessId'>6036</Data><Data Name='ParentImage'>C:\Windows\System32\vssadmin.exe</Data><Data Name='ParentCommandLine'>C:\Windows\System32\vssadmin.exe delete shadows /all /quiet</Data></EventData></Event>
12217:<Event xmlns='http://schemas.microsoft.com/win/2004/08/events/event'><System><Provider Name='Microsoft-Windows-Sysmon' Guid='{5770385F-C22A-43E0-BF4C-06F5698FFBD9}'/><EventID>10</EventID><Version>3</Version><Level>4</Level><Task>10</Task><Opcode>0</Opcode><Keywords>0x8000000000000000</Keywords><TimeCreated SystemTime='2022-11-30T09:43:13.762078600Z'/><EventRecordID>846990</EventRecordID><Correlation/><Execution ProcessID='2596' ThreadID='2328'/><Channel>Microsoft-Windows-Sysmon/Operational</Channel><Computer>win-dc-ctus-attack-range-478.attackrange.local</Computer><Security UserID='S-1-5-18'/></System><EventData><Data Name='RuleName'>-</Data><Data Name='UtcTime'>2022-11-30 09:43:13.761</Data><Data Name='SourceProcessGUID'>{8A63456F-2414-6387-7E02-000000009802}</Data><Data Name='SourceProcessId'>4328</Data><Data Name='SourceThreadId'>4280</Data><Data Name='SourceImage'>C:\Windows\system32\csrss.exe</Data><Data Name='TargetProcessGUID'>{8A63456F-25B1-6387-EB02-000000009802}</Data><Data Name='TargetProcessId'>6036</Data><Data Name='TargetImage'>C:\Windows\System32\vssadmin.exe</Data><Data Name='GrantedAccess'>0x1fffff</Data><Data Name='CallTrace'>C:\Windows\SYSTEM32\ntdll.dll+a6154|C:\Windows\system32\basesrv.DLL+2f47|C:\Windows\SYSTEM32\CSRSRV.dll+5645|C:\Windows\SYSTEM32\ntdll.dll+5179f</Data></EventData></Event>
12218:<Event xmlns='http://schemas.microsoft.com/win/2004/08/events/event'><System><Provider Name='Microsoft-Windows-Sysmon' Guid='{5770385F-C22A-43E0-BF4C-06F5698FFBD9}'/><EventID>10</EventID><Version>3</Version><Level>4</Level><Task>10</Task><Opcode>0</Opcode><Keywords>0x8000000000000000</Keywords><TimeCreated SystemTime='2022-11-30T09:43:13.761979100Z'/><EventRecordID>846989</EventRecordID><Correlation/><Execution ProcessID='2596' ThreadID='2328'/><Channel>Microsoft-Windows-Sysmon/Operational</Channel><Computer>win-dc-ctus-attack-range-478.attackrange.local</Computer><Security UserID='S-1-5-18'/></System><EventData><Data Name='RuleName'>-</Data><Data Name='UtcTime'>2022-11-30 09:43:13.760</Data><Data Name='SourceProcessGUID'>{8A63456F-25AF-6387-E302-000000009802}</Data><Data Name='SourceProcessId'>4820</Data><Data Name='SourceThreadId'>3528</Data><Data Name='SourceImage'>C:\Temp\prestige_ransomware.exe</Data><Data Name='TargetProcessGUID'>{8A63456F-25B1-6387-EB02-000000009802}</Data><Data Name='TargetProcessId'>6036</Data><Data Name='TargetImage'>C:\Windows\System32\vssadmin.exe</Data><Data Name='GrantedAccess'>0x1fffff</Data><Data Name='CallTrace'>C:\Windows\SYSTEM32\ntdll.dll+a7424|C:\Windows\System32\wow64.dll+10c0b|C:\Windows\System32\wow64.dll+10499|C:\Windows\System32\wow64.dll+6e75|C:\Windows\System32\wow64cpu.dll+1d07|C:\Windows\System32\wow64.dll+1bf87|C:\Windows\System32\wow64.dll+cba0|C:\Windows\SYSTEM32\ntdll.dll+92e57|C:\Windows\SYSTEM32\ntdll.dll+78145|C:\Windows\SYSTEM32\ntdll.dll+77fae|C:\Windows\SYSTEM32\ntdll.dll+6f66c(wow64)|C:\Windows\System32\KERNELBASE.dll+d9428(wow64)|C:\Windows\System32\KERNELBASE.dll+d810c(wow64)|C:\Temp\prestige_ransomware.exe+5a3f|C:\Temp\prestige_ransomware.exe+11d87|C:\Temp\prestige_ransomware.exe+408ca|C:\Windows\System32\KERNEL32.DLL+162c4(wow64)|C:\Windows\SYSTEM32\ntdll.dll+61b69(wow64)|C:\Windows\SYSTEM32\ntdll.dll+61b34(wow64)</Data></EventData></Event>
12219:<Event xmlns='http://schemas.microsoft.com/win/2004/08/events/event'><System><Provider Name='Microsoft-Windows-Sysmon' Guid='{5770385F-C22A-43E0-BF4C-06F5698FFBD9}'/><EventID>1</EventID><Version>5</Version><Level>4</Level><Task>1</Task><Opcode>0</Opcode><Keywords>0x8000000000000000</Keywords><TimeCreated SystemTime='2022-11-30T09:43:13.761874200Z'/><EventRecordID>846988</EventRecordID><Correlation/><Execution ProcessID='2596' ThreadID='2328'/><Channel>Microsoft-Windows-Sysmon/Operational</Channel><Computer>win-dc-ctus-attack-range-478.attackrange.local</Computer><Security UserID='S-1-5-18'/></System><EventData><Data Name='RuleName'>-</Data><Data Name='UtcTime'>2022-11-30 09:43:13.754</Data><Data Name='ProcessGuid'>{8A63456F-25B1-6387-EB02-000000009802}</Data><Data Name='ProcessId'>6036</Data><Data Name='Image'>C:\Windows\System32\vssadmin.exe</Data><Data Name='FileVersion'>10.0.14393.0 (rs1_release.160715-1616)</Data><Data Name='Description'>Command Line Interface for Microsoft® Volume Shadow Copy Service </Data><Data Name='Product'>Microsoft® Windows® Operating System</Data><Data Name='Company'>Microsoft Corporation</Data><Data Name='OriginalFileName'>VSSADMIN.EXE</Data><Data Name='CommandLine'>C:\Windows\System32\vssadmin.exe delete shadows /all /quiet</Data><Data Name='CurrentDirectory'>C:\Temp\</Data><Data Name='User'>ATTACKRANGE\Administrator</Data><Data Name='LogonGuid'>{8A63456F-2416-6387-8846-1F0000000000}</Data><Data Name='LogonId'>0x1f4688</Data><Data Name='TerminalSessionId'>2</Data><Data Name='IntegrityLevel'>High</Data><Data Name='Hashes'>SHA256=4FE71EB779B57354E5600DC31E3DC1875ADC8A06663654AEC83F11109751E8FC</Data><Data Name='ParentProcessGuid'>{8A63456F-25AF-6387-E302-000000009802}</Data><Data Name='ParentProcessId'>4820</Data><Data Name='ParentImage'>C:\Temp\prestige_ransomware.exe</Data><Data Name='ParentCommandLine'>"C:\Temp\prestige_ransomware.exe" </Data></EventData></Event>
12220:<Event xmlns='http://schemas.microsoft.com/win/2004/08/events/event'><System><Provider Name='Microsoft-Windows-Sysmon' Guid='{5770385F-C22A-43E0-BF4C-06F5698FFBD9}'/><EventID>10</EventID><Version>3</Version><Level>4</Level><Task>10</Task><Opcode>0</Opcode><Keywords>0x8000000000000000</Keywords><TimeCreated SystemTime='2022-11-30T09:43:13.754931900Z'/><EventRecordID>846987</EventRecordID><Correlation/><Execution ProcessID='2596' ThreadID='2328'/><Channel>Microsoft-Windows-Sysmon/Operational</Channel><Computer>win-dc-ctus-attack-range-478.attackrange.local</Computer><Security UserID='S-1-5-18'/></System><EventData><Data Name='RuleName'>-</Data><Data Name='UtcTime'>2022-11-30 09:43:13.754</Data><Data Name='SourceProcessGUID'>{8A63456F-1471-6387-1200-000000009802}</Data><Data Name='SourceProcessId'>776</Data><Data Name='SourceThreadId'>5452</Data><Data Name='SourceImage'>C:\Windows\System32\svchost.exe</Data><Data Name='TargetProcessGUID'>{8A63456F-25B1-6387-EB02-000000009802}</Data><Data Name='TargetProcessId'>6036</Data><Data Name='TargetImage'>C:\Windows\System32\vssadmin.exe</Data><Data Name='GrantedAccess'>0x1fffff</Data><Data Name='CallTrace'>C:\Windows\SYSTEM32\ntdll.dll+a6154|C:\Windows\System32\KERNELBASE.dll+2c44d|c:\windows\system32\pcasvc.dll+ac96|c:\windows\system32\pcasvc.dll+aaf6|c:\windows\system32\pcasvc.dll+aab8|C:\Windows\System32\KERNEL32.DLL+84d4|C:\Windows\SYSTEM32\ntdll.dll+51791</Data></EventData></Event>
