# family=prestige_ransomware technique=T1112 (Modify Registry)
# patterns (each run as its own 'grep -inE', matches unioned): ['CommandLine.{0,300}reg(\\.exe)?["\' ]+(add|delete|import) ', 'safeboot', 'disablesystemrestore', 'autoadminlogon']
# files searched: ['/home/kali/director/projects/_corpora/attack_data/datasets/malware/prestige_ransomware/sysmon.log']
# matched lines (after noise exclusion): 4
# lines dropped by NOISE_EXCLUDE_PATTERN (Aurora-Agent|sigma-rules|\.yml\.tmp): 2
#
12055:<Event xmlns='http://schemas.microsoft.com/win/2004/08/events/event'><System><Provider Name='Microsoft-Windows-Sysmon' Guid='{5770385F-C22A-43E0-BF4C-06F5698FFBD9}'/><EventID>1</EventID><Version>5</Version><Level>4</Level><Task>1</Task><Opcode>0</Opcode><Keywords>0x8000000000000000</Keywords><TimeCreated SystemTime='2022-11-30T09:43:11.841806700Z'/><EventRecordID>846840</EventRecordID><Correlation/><Execution ProcessID='2596' ThreadID='2328'/><Channel>Microsoft-Windows-Sysmon/Operational</Channel><Computer>win-dc-ctus-attack-range-478.attackrange.local</Computer><Security UserID='S-1-5-18'/></System><EventData><Data Name='RuleName'>-</Data><Data Name='UtcTime'>2022-11-30 09:43:11.840</Data><Data Name='ProcessGuid'>{8A63456F-25AF-6387-E802-000000009802}</Data><Data Name='ProcessId'>5228</Data><Data Name='Image'>C:\Windows\System32\conhost.exe</Data><Data Name='FileVersion'>10.0.14393.0 (rs1_release.160715-1616)</Data><Data Name='Description'>Console Window Host</Data><Data Name='Product'>Microsoft® Windows® Operating System</Data><Data Name='Company'>Microsoft Corporation</Data><Data Name='OriginalFileName'>CONHOST.EXE</Data><Data Name='CommandLine'>\??\C:\Windows\system32\conhost.exe 0xffffffff -ForceV1</Data><Data Name='CurrentDirectory'>C:\Windows</Data><Data Name='User'>ATTACKRANGE\Administrator</Data><Data Name='LogonGuid'>{8A63456F-2416-6387-8846-1F0000000000}</Data><Data Name='LogonId'>0x1f4688</Data><Data Name='TerminalSessionId'>2</Data><Data Name='IntegrityLevel'>High</Data><Data Name='Hashes'>SHA256=046F7A1B4DE67562547ED9A180A72F481FC41E803DE49A96D7D7C731964D53A0</Data><Data Name='ParentProcessGuid'>{8A63456F-25AF-6387-E402-000000009802}</Data><Data Name='ParentProcessId'>5656</Data><Data Name='ParentImage'>C:\Windows\SysWOW64\reg.exe</Data><Data Name='ParentCommandLine'>C:\Windows\System32\reg.exe add HKCR\.enc /ve /t REG_SZ /d enc /f</Data></EventData></Event>
12058:<Event xmlns='http://schemas.microsoft.com/win/2004/08/events/event'><System><Provider Name='Microsoft-Windows-Sysmon' Guid='{5770385F-C22A-43E0-BF4C-06F5698FFBD9}'/><EventID>1</EventID><Version>5</Version><Level>4</Level><Task>1</Task><Opcode>0</Opcode><Keywords>0x8000000000000000</Keywords><TimeCreated SystemTime='2022-11-30T09:43:11.840623800Z'/><EventRecordID>846837</EventRecordID><Correlation/><Execution ProcessID='2596' ThreadID='2328'/><Channel>Microsoft-Windows-Sysmon/Operational</Channel><Computer>win-dc-ctus-attack-range-478.attackrange.local</Computer><Security UserID='S-1-5-18'/></System><EventData><Data Name='RuleName'>-</Data><Data Name='UtcTime'>2022-11-30 09:43:11.838</Data><Data Name='ProcessGuid'>{8A63456F-25AF-6387-E602-000000009802}</Data><Data Name='ProcessId'>5644</Data><Data Name='Image'>C:\Windows\System32\conhost.exe</Data><Data Name='FileVersion'>10.0.14393.0 (rs1_release.160715-1616)</Data><Data Name='Description'>Console Window Host</Data><Data Name='Product'>Microsoft® Windows® Operating System</Data><Data Name='Company'>Microsoft Corporation</Data><Data Name='OriginalFileName'>CONHOST.EXE</Data><Data Name='CommandLine'>\??\C:\Windows\system32\conhost.exe 0xffffffff -ForceV1</Data><Data Name='CurrentDirectory'>C:\Windows</Data><Data Name='User'>ATTACKRANGE\Administrator</Data><Data Name='LogonGuid'>{8A63456F-2416-6387-8846-1F0000000000}</Data><Data Name='LogonId'>0x1f4688</Data><Data Name='TerminalSessionId'>2</Data><Data Name='IntegrityLevel'>High</Data><Data Name='Hashes'>SHA256=046F7A1B4DE67562547ED9A180A72F481FC41E803DE49A96D7D7C731964D53A0</Data><Data Name='ParentProcessGuid'>{8A63456F-25AF-6387-E502-000000009802}</Data><Data Name='ParentProcessId'>5208</Data><Data Name='ParentImage'>C:\Windows\SysWOW64\reg.exe</Data><Data Name='ParentCommandLine'>C:\Windows\System32\reg.exe add HKCR\enc\shell\open\command /ve /t REG_SZ /d "C:\Windows\Notepad.exe C:\Users\Public\README" /f</Data></EventData></Event>
12063:<Event xmlns='http://schemas.microsoft.com/win/2004/08/events/event'><System><Provider Name='Microsoft-Windows-Sysmon' Guid='{5770385F-C22A-43E0-BF4C-06F5698FFBD9}'/><EventID>1</EventID><Version>5</Version><Level>4</Level><Task>1</Task><Opcode>0</Opcode><Keywords>0x8000000000000000</Keywords><TimeCreated SystemTime='2022-11-30T09:43:11.834415400Z'/><EventRecordID>846832</EventRecordID><Correlation/><Execution ProcessID='2596' ThreadID='2328'/><Channel>Microsoft-Windows-Sysmon/Operational</Channel><Computer>win-dc-ctus-attack-range-478.attackrange.local</Computer><Security UserID='S-1-5-18'/></System><EventData><Data Name='RuleName'>-</Data><Data Name='UtcTime'>2022-11-30 09:43:11.833</Data><Data Name='ProcessGuid'>{8A63456F-25AF-6387-E502-000000009802}</Data><Data Name='ProcessId'>5208</Data><Data Name='Image'>C:\Windows\SysWOW64\reg.exe</Data><Data Name='FileVersion'>10.0.14393.0 (rs1_release.160715-1616)</Data><Data Name='Description'>Registry Console Tool</Data><Data Name='Product'>Microsoft® Windows® Operating System</Data><Data Name='Company'>Microsoft Corporation</Data><Data Name='OriginalFileName'>reg.exe</Data><Data Name='CommandLine'>C:\Windows\System32\reg.exe add HKCR\enc\shell\open\command /ve /t REG_SZ /d "C:\Windows\Notepad.exe C:\Users\Public\README" /f</Data><Data Name='CurrentDirectory'>C:\Temp\</Data><Data Name='User'>ATTACKRANGE\Administrator</Data><Data Name='LogonGuid'>{8A63456F-2416-6387-8846-1F0000000000}</Data><Data Name='LogonId'>0x1f4688</Data><Data Name='TerminalSessionId'>2</Data><Data Name='IntegrityLevel'>High</Data><Data Name='Hashes'>SHA256=CBB9F8D012CB0AF2CA87AC74ABB5C77A7743C64697C8D92104D3EBA27A699AB0</Data><Data Name='ParentProcessGuid'>{8A63456F-25AF-6387-E302-000000009802}</Data><Data Name='ParentProcessId'>4820</Data><Data Name='ParentImage'>C:\Temp\prestige_ransomware.exe</Data><Data Name='ParentCommandLine'>"C:\Temp\prestige_ransomware.exe" </Data></EventData></Event>
12066:<Event xmlns='http://schemas.microsoft.com/win/2004/08/events/event'><System><Provider Name='Microsoft-Windows-Sysmon' Guid='{5770385F-C22A-43E0-BF4C-06F5698FFBD9}'/><EventID>1</EventID><Version>5</Version><Level>4</Level><Task>1</Task><Opcode>0</Opcode><Keywords>0x8000000000000000</Keywords><TimeCreated SystemTime='2022-11-30T09:43:11.829580100Z'/><EventRecordID>846829</EventRecordID><Correlation/><Execution ProcessID='2596' ThreadID='2328'/><Channel>Microsoft-Windows-Sysmon/Operational</Channel><Computer>win-dc-ctus-attack-range-478.attackrange.local</Computer><Security UserID='S-1-5-18'/></System><EventData><Data Name='RuleName'>-</Data><Data Name='UtcTime'>2022-11-30 09:43:11.828</Data><Data Name='ProcessGuid'>{8A63456F-25AF-6387-E402-000000009802}</Data><Data Name='ProcessId'>5656</Data><Data Name='Image'>C:\Windows\SysWOW64\reg.exe</Data><Data Name='FileVersion'>10.0.14393.0 (rs1_release.160715-1616)</Data><Data Name='Description'>Registry Console Tool</Data><Data Name='Product'>Microsoft® Windows® Operating System</Data><Data Name='Company'>Microsoft Corporation</Data><Data Name='OriginalFileName'>reg.exe</Data><Data Name='CommandLine'>C:\Windows\System32\reg.exe add HKCR\.enc /ve /t REG_SZ /d enc /f</Data><Data Name='CurrentDirectory'>C:\Temp\</Data><Data Name='User'>ATTACKRANGE\Administrator</Data><Data Name='LogonGuid'>{8A63456F-2416-6387-8846-1F0000000000}</Data><Data Name='LogonId'>0x1f4688</Data><Data Name='TerminalSessionId'>2</Data><Data Name='IntegrityLevel'>High</Data><Data Name='Hashes'>SHA256=CBB9F8D012CB0AF2CA87AC74ABB5C77A7743C64697C8D92104D3EBA27A699AB0</Data><Data Name='ParentProcessGuid'>{8A63456F-25AF-6387-E302-000000009802}</Data><Data Name='ParentProcessId'>4820</Data><Data Name='ParentImage'>C:\Temp\prestige_ransomware.exe</Data><Data Name='ParentCommandLine'>"C:\Temp\prestige_ransomware.exe" </Data></EventData></Event>
