# family=ransomware_ttp technique=T1489 (Service Stop)
# patterns (each run as its own 'grep -inE', matches unioned): ['CommandLine.{0,300}net(1)?(\\.exe)?["\' ]+stop ', 'CommandLine.{0,300}sc(\\.exe)?["\' ]+(stop|config) ', 'CommandLine.{0,300}taskkill(\\.exe)?["\' ].*(/f|/im)']
# files searched: ['/home/kali/director/projects/_corpora/attack_data/datasets/malware/ransomware_ttp/data1/windows-sysmon.log', '/home/kali/director/projects/_corpora/attack_data/datasets/malware/ransomware_ttp/data2/windows-powershell.log', '/home/kali/director/projects/_corpora/attack_data/datasets/malware/ransomware_ttp/data2/windows-security.log', '/home/kali/director/projects/_corpora/attack_data/datasets/malware/ransomware_ttp/data2/windows-sysmon.log', '/home/kali/director/projects/_corpora/attack_data/datasets/malware/ransomware_ttp/ssa_data1/net_user_del.log', '/home/kali/director/projects/_corpora/attack_data/datasets/malware/ransomware_ttp/ssa_data1/net_user_dis.log', '/home/kali/director/projects/_corpora/attack_data/datasets/malware/ransomware_ttp/ssa_data1/sc_del.log', '/home/kali/director/projects/_corpora/attack_data/datasets/malware/ransomware_ttp/ssa_data1/sc_disable.log', '/home/kali/director/projects/_corpora/attack_data/datasets/malware/ransomware_ttp/ssa_data1/windows-security.log']
# matched lines (after noise exclusion): 12
# lines dropped by NOISE_EXCLUDE_PATTERN (Aurora-Agent|sigma-rules|\.yml\.tmp): 0
#
/home/kali/director/projects/_corpora/attack_data/datasets/malware/ransomware_ttp/data2/windows-sysmon.log:1585:<Event xmlns='http://schemas.microsoft.com/win/2004/08/events/event'><System><Provider Name='Microsoft-Windows-Sysmon' Guid='{5770385F-C22A-43E0-BF4C-06F5698FFBD9}'/><EventID>1</EventID><Version>5</Version><Level>4</Level><Task>1</Task><Opcode>0</Opcode><Keywords>0x8000000000000000</Keywords><TimeCreated SystemTime='2021-06-21T14:30:41.691894300Z'/><EventRecordID>170098</EventRecordID><Correlation/><Execution ProcessID='4244' ThreadID='2148'/><Channel>Microsoft-Windows-Sysmon/Operational</Channel><Computer>win-dc-385.attackrange.local</Computer><Security UserID='S-1-5-18'/></System><EventData><Data Name='RuleName'>-</Data><Data Name='UtcTime'>2021-06-21 14:30:41.589</Data><Data Name='ProcessGuid'>{D8DCB3A2-A291-60D0-7110-00000000D001}</Data><Data Name='ProcessId'>6032</Data><Data Name='Image'>C:\Windows\System32\sc.exe</Data><Data Name='FileVersion'>10.0.14393.0 (rs1_release.160715-1616)</Data><Data Name='Description'>Service Control Manager Configuration Tool</Data><Data Name='Product'>Microsoft® Windows® Operating System</Data><Data Name='Company'>Microsoft Corporation</Data><Data Name='OriginalFileName'>sc.exe</Data><Data Name='CommandLine'>"C:\Windows\System32\sc.exe" config MBAMService start= disabled</Data><Data Name='CurrentDirectory'>C:\Temp\</Data><Data Name='User'>ATTACKRANGE\Administrator</Data><Data Name='LogonGuid'>{D8DCB3A2-45E9-60D0-9F38-090000000000}</Data><Data Name='LogonId'>0x9389f</Data><Data Name='TerminalSessionId'>2</Data><Data Name='IntegrityLevel'>High</Data><Data Name='Hashes'>MD5=BD31EB150F6547D18329E5F00801D1CD,SHA256=8A775B86CE1A057E290CCD26C59C96070684468A3119790743A346CD54F4DFDF,IMPHASH=A68324ADB4F5664AF8A79E04062F4A92</Data><Data Name='ParentProcessGuid'>{D8DCB3A2-A28F-60D0-4C10-00000000D001}</Data><Data Name='ParentProcessId'>5388</Data><Data Name='ParentImage'>C:\Windows\System32\cscript.exe</Data><Data Name='ParentCommandLine'>"C:\Windows\System32\cscript.exe" -e:{F414C262-6AC0-11CF-B6D1-00AA00BBBB58} C:\Temp\dasdasd.js</Data></EventData></Event>
/home/kali/director/projects/_corpora/attack_data/datasets/malware/ransomware_ttp/data2/windows-sysmon.log:1635:<Event xmlns='http://schemas.microsoft.com/win/2004/08/events/event'><System><Provider Name='Microsoft-Windows-Sysmon' Guid='{5770385F-C22A-43E0-BF4C-06F5698FFBD9}'/><EventID>1</EventID><Version>5</Version><Level>4</Level><Task>1</Task><Opcode>0</Opcode><Keywords>0x8000000000000000</Keywords><TimeCreated SystemTime='2021-06-21T14:30:41.660286500Z'/><EventRecordID>170048</EventRecordID><Correlation/><Execution ProcessID='4244' ThreadID='2148'/><Channel>Microsoft-Windows-Sysmon/Operational</Channel><Computer>win-dc-385.attackrange.local</Computer><Security UserID='S-1-5-18'/></System><EventData><Data Name='RuleName'>-</Data><Data Name='UtcTime'>2021-06-21 14:30:41.569</Data><Data Name='ProcessGuid'>{D8DCB3A2-A291-60D0-6F10-00000000D001}</Data><Data Name='ProcessId'>5736</Data><Data Name='Image'>C:\Windows\System32\sc.exe</Data><Data Name='FileVersion'>10.0.14393.0 (rs1_release.160715-1616)</Data><Data Name='Description'>Service Control Manager Configuration Tool</Data><Data Name='Product'>Microsoft® Windows® Operating System</Data><Data Name='Company'>Microsoft Corporation</Data><Data Name='OriginalFileName'>sc.exe</Data><Data Name='CommandLine'>"C:\Windows\System32\sc.exe" config SstpSvc start= disabled</Data><Data Name='CurrentDirectory'>C:\Temp\</Data><Data Name='User'>ATTACKRANGE\Administrator</Data><Data Name='LogonGuid'>{D8DCB3A2-45E9-60D0-9F38-090000000000}</Data><Data Name='LogonId'>0x9389f</Data><Data Name='TerminalSessionId'>2</Data><Data Name='IntegrityLevel'>High</Data><Data Name='Hashes'>MD5=BD31EB150F6547D18329E5F00801D1CD,SHA256=8A775B86CE1A057E290CCD26C59C96070684468A3119790743A346CD54F4DFDF,IMPHASH=A68324ADB4F5664AF8A79E04062F4A92</Data><Data Name='ParentProcessGuid'>{D8DCB3A2-A28F-60D0-4C10-00000000D001}</Data><Data Name='ParentProcessId'>5388</Data><Data Name='ParentImage'>C:\Windows\System32\cscript.exe</Data><Data Name='ParentCommandLine'>"C:\Windows\System32\cscript.exe" -e:{F414C262-6AC0-11CF-B6D1-00AA00BBBB58} C:\Temp\dasdasd.js</Data></EventData></Event>
/home/kali/director/projects/_corpora/attack_data/datasets/malware/ransomware_ttp/data2/windows-sysmon.log:1666:<Event xmlns='http://schemas.microsoft.com/win/2004/08/events/event'><System><Provider Name='Microsoft-Windows-Sysmon' Guid='{5770385F-C22A-43E0-BF4C-06F5698FFBD9}'/><EventID>1</EventID><Version>5</Version><Level>4</Level><Task>1</Task><Opcode>0</Opcode><Keywords>0x8000000000000000</Keywords><TimeCreated SystemTime='2021-06-21T14:30:41.637763400Z'/><EventRecordID>170017</EventRecordID><Correlation/><Execution ProcessID='4244' ThreadID='2148'/><Channel>Microsoft-Windows-Sysmon/Operational</Channel><Computer>win-dc-385.attackrange.local</Computer><Security UserID='S-1-5-18'/></System><EventData><Data Name='RuleName'>-</Data><Data Name='UtcTime'>2021-06-21 14:30:41.555</Data><Data Name='ProcessGuid'>{D8DCB3A2-A291-60D0-6A10-00000000D001}</Data><Data Name='ProcessId'>4020</Data><Data Name='Image'>C:\Windows\System32\sc.exe</Data><Data Name='FileVersion'>10.0.14393.0 (rs1_release.160715-1616)</Data><Data Name='Description'>Service Control Manager Configuration Tool</Data><Data Name='Product'>Microsoft® Windows® Operating System</Data><Data Name='Company'>Microsoft Corporation</Data><Data Name='OriginalFileName'>sc.exe</Data><Data Name='CommandLine'>"C:\Windows\System32\sc.exe" config fdPHost start= auto</Data><Data Name='CurrentDirectory'>C:\Temp\</Data><Data Name='User'>ATTACKRANGE\Administrator</Data><Data Name='LogonGuid'>{D8DCB3A2-45E9-60D0-9F38-090000000000}</Data><Data Name='LogonId'>0x9389f</Data><Data Name='TerminalSessionId'>2</Data><Data Name='IntegrityLevel'>High</Data><Data Name='Hashes'>MD5=BD31EB150F6547D18329E5F00801D1CD,SHA256=8A775B86CE1A057E290CCD26C59C96070684468A3119790743A346CD54F4DFDF,IMPHASH=A68324ADB4F5664AF8A79E04062F4A92</Data><Data Name='ParentProcessGuid'>{D8DCB3A2-A28F-60D0-4C10-00000000D001}</Data><Data Name='ParentProcessId'>5388</Data><Data Name='ParentImage'>C:\Windows\System32\cscript.exe</Data><Data Name='ParentCommandLine'>"C:\Windows\System32\cscript.exe" -e:{F414C262-6AC0-11CF-B6D1-00AA00BBBB58} C:\Temp\dasdasd.js</Data></EventData></Event>
/home/kali/director/projects/_corpora/attack_data/datasets/malware/ransomware_ttp/data2/windows-sysmon.log:1670:<Event xmlns='http://schemas.microsoft.com/win/2004/08/events/event'><System><Provider Name='Microsoft-Windows-Sysmon' Guid='{5770385F-C22A-43E0-BF4C-06F5698FFBD9}'/><EventID>1</EventID><Version>5</Version><Level>4</Level><Task>1</Task><Opcode>0</Opcode><Keywords>0x8000000000000000</Keywords><TimeCreated SystemTime='2021-06-21T14:30:41.635170200Z'/><EventRecordID>170013</EventRecordID><Correlation/><Execution ProcessID='4244' ThreadID='2148'/><Channel>Microsoft-Windows-Sysmon/Operational</Channel><Computer>win-dc-385.attackrange.local</Computer><Security UserID='S-1-5-18'/></System><EventData><Data Name='RuleName'>-</Data><Data Name='UtcTime'>2021-06-21 14:30:41.554</Data><Data Name='ProcessGuid'>{D8DCB3A2-A291-60D0-6910-00000000D001}</Data><Data Name='ProcessId'>2256</Data><Data Name='Image'>C:\Windows\System32\sc.exe</Data><Data Name='FileVersion'>10.0.14393.0 (rs1_release.160715-1616)</Data><Data Name='Description'>Service Control Manager Configuration Tool</Data><Data Name='Product'>Microsoft® Windows® Operating System</Data><Data Name='Company'>Microsoft Corporation</Data><Data Name='OriginalFileName'>sc.exe</Data><Data Name='CommandLine'>"C:\Windows\System32\sc.exe" config upnphost start= auto</Data><Data Name='CurrentDirectory'>C:\Temp\</Data><Data Name='User'>ATTACKRANGE\Administrator</Data><Data Name='LogonGuid'>{D8DCB3A2-45E9-60D0-9F38-090000000000}</Data><Data Name='LogonId'>0x9389f</Data><Data Name='TerminalSessionId'>2</Data><Data Name='IntegrityLevel'>High</Data><Data Name='Hashes'>MD5=BD31EB150F6547D18329E5F00801D1CD,SHA256=8A775B86CE1A057E290CCD26C59C96070684468A3119790743A346CD54F4DFDF,IMPHASH=A68324ADB4F5664AF8A79E04062F4A92</Data><Data Name='ParentProcessGuid'>{D8DCB3A2-A28F-60D0-4C10-00000000D001}</Data><Data Name='ParentProcessId'>5388</Data><Data Name='ParentImage'>C:\Windows\System32\cscript.exe</Data><Data Name='ParentCommandLine'>"C:\Windows\System32\cscript.exe" -e:{F414C262-6AC0-11CF-B6D1-00AA00BBBB58} C:\Temp\dasdasd.js</Data></EventData></Event>
/home/kali/director/projects/_corpora/attack_data/datasets/malware/ransomware_ttp/data2/windows-sysmon.log:1684:<Event xmlns='http://schemas.microsoft.com/win/2004/08/events/event'><System><Provider Name='Microsoft-Windows-Sysmon' Guid='{5770385F-C22A-43E0-BF4C-06F5698FFBD9}'/><EventID>1</EventID><Version>5</Version><Level>4</Level><Task>1</Task><Opcode>0</Opcode><Keywords>0x8000000000000000</Keywords><TimeCreated SystemTime='2021-06-21T14:30:41.627545400Z'/><EventRecordID>169999</EventRecordID><Correlation/><Execution ProcessID='4244' ThreadID='2148'/><Channel>Microsoft-Windows-Sysmon/Operational</Channel><Computer>win-dc-385.attackrange.local</Computer><Security UserID='S-1-5-18'/></System><EventData><Data Name='RuleName'>-</Data><Data Name='UtcTime'>2021-06-21 14:30:41.545</Data><Data Name='ProcessGuid'>{D8DCB3A2-A291-60D0-6810-00000000D001}</Data><Data Name='ProcessId'>3120</Data><Data Name='Image'>C:\Windows\System32\sc.exe</Data><Data Name='FileVersion'>10.0.14393.0 (rs1_release.160715-1616)</Data><Data Name='Description'>Service Control Manager Configuration Tool</Data><Data Name='Product'>Microsoft® Windows® Operating System</Data><Data Name='Company'>Microsoft Corporation</Data><Data Name='OriginalFileName'>sc.exe</Data><Data Name='CommandLine'>"C:\Windows\System32\sc.exe" config FDResPub start= auto</Data><Data Name='CurrentDirectory'>C:\Temp\</Data><Data Name='User'>ATTACKRANGE\Administrator</Data><Data Name='LogonGuid'>{D8DCB3A2-45E9-60D0-9F38-090000000000}</Data><Data Name='LogonId'>0x9389f</Data><Data Name='TerminalSessionId'>2</Data><Data Name='IntegrityLevel'>High</Data><Data Name='Hashes'>MD5=BD31EB150F6547D18329E5F00801D1CD,SHA256=8A775B86CE1A057E290CCD26C59C96070684468A3119790743A346CD54F4DFDF,IMPHASH=A68324ADB4F5664AF8A79E04062F4A92</Data><Data Name='ParentProcessGuid'>{D8DCB3A2-A28F-60D0-4C10-00000000D001}</Data><Data Name='ParentProcessId'>5388</Data><Data Name='ParentImage'>C:\Windows\System32\cscript.exe</Data><Data Name='ParentCommandLine'>"C:\Windows\System32\cscript.exe" -e:{F414C262-6AC0-11CF-B6D1-00AA00BBBB58} C:\Temp\dasdasd.js</Data></EventData></Event>
/home/kali/director/projects/_corpora/attack_data/datasets/malware/ransomware_ttp/data2/windows-sysmon.log:1690:<Event xmlns='http://schemas.microsoft.com/win/2004/08/events/event'><System><Provider Name='Microsoft-Windows-Sysmon' Guid='{5770385F-C22A-43E0-BF4C-06F5698FFBD9}'/><EventID>1</EventID><Version>5</Version><Level>4</Level><Task>1</Task><Opcode>0</Opcode><Keywords>0x8000000000000000</Keywords><TimeCreated SystemTime='2021-06-21T14:30:41.622838700Z'/><EventRecordID>169993</EventRecordID><Correlation/><Execution ProcessID='4244' ThreadID='2148'/><Channel>Microsoft-Windows-Sysmon/Operational</Channel><Computer>win-dc-385.attackrange.local</Computer><Security UserID='S-1-5-18'/></System><EventData><Data Name='RuleName'>-</Data><Data Name='UtcTime'>2021-06-21 14:30:41.544</Data><Data Name='ProcessGuid'>{D8DCB3A2-A291-60D0-6710-00000000D001}</Data><Data Name='ProcessId'>6012</Data><Data Name='Image'>C:\Windows\System32\sc.exe</Data><Data Name='FileVersion'>10.0.14393.0 (rs1_release.160715-1616)</Data><Data Name='Description'>Service Control Manager Configuration Tool</Data><Data Name='Product'>Microsoft® Windows® Operating System</Data><Data Name='Company'>Microsoft Corporation</Data><Data Name='OriginalFileName'>sc.exe</Data><Data Name='CommandLine'>"C:\Windows\System32\sc.exe" config SQLWriter start= disabled</Data><Data Name='CurrentDirectory'>C:\Temp\</Data><Data Name='User'>ATTACKRANGE\Administrator</Data><Data Name='LogonGuid'>{D8DCB3A2-45E9-60D0-9F38-090000000000}</Data><Data Name='LogonId'>0x9389f</Data><Data Name='TerminalSessionId'>2</Data><Data Name='IntegrityLevel'>High</Data><Data Name='Hashes'>MD5=BD31EB150F6547D18329E5F00801D1CD,SHA256=8A775B86CE1A057E290CCD26C59C96070684468A3119790743A346CD54F4DFDF,IMPHASH=A68324ADB4F5664AF8A79E04062F4A92</Data><Data Name='ParentProcessGuid'>{D8DCB3A2-A28F-60D0-4C10-00000000D001}</Data><Data Name='ParentProcessId'>5388</Data><Data Name='ParentImage'>C:\Windows\System32\cscript.exe</Data><Data Name='ParentCommandLine'>"C:\Windows\System32\cscript.exe" -e:{F414C262-6AC0-11CF-B6D1-00AA00BBBB58} C:\Temp\dasdasd.js</Data></EventData></Event>
/home/kali/director/projects/_corpora/attack_data/datasets/malware/ransomware_ttp/data2/windows-sysmon.log:1707:<Event xmlns='http://schemas.microsoft.com/win/2004/08/events/event'><System><Provider Name='Microsoft-Windows-Sysmon' Guid='{5770385F-C22A-43E0-BF4C-06F5698FFBD9}'/><EventID>1</EventID><Version>5</Version><Level>4</Level><Task>1</Task><Opcode>0</Opcode><Keywords>0x8000000000000000</Keywords><TimeCreated SystemTime='2021-06-21T14:30:41.606738900Z'/><EventRecordID>169976</EventRecordID><Correlation/><Execution ProcessID='4244' ThreadID='2148'/><Channel>Microsoft-Windows-Sysmon/Operational</Channel><Computer>win-dc-385.attackrange.local</Computer><Security UserID='S-1-5-18'/></System><EventData><Data Name='RuleName'>-</Data><Data Name='UtcTime'>2021-06-21 14:30:41.536</Data><Data Name='ProcessGuid'>{D8DCB3A2-A291-60D0-6410-00000000D001}</Data><Data Name='ProcessId'>1980</Data><Data Name='Image'>C:\Windows\System32\sc.exe</Data><Data Name='FileVersion'>10.0.14393.0 (rs1_release.160715-1616)</Data><Data Name='Description'>Service Control Manager Configuration Tool</Data><Data Name='Product'>Microsoft® Windows® Operating System</Data><Data Name='Company'>Microsoft Corporation</Data><Data Name='OriginalFileName'>sc.exe</Data><Data Name='CommandLine'>"C:\Windows\System32\sc.exe" config SSDPSRV start= auto</Data><Data Name='CurrentDirectory'>C:\Temp\</Data><Data Name='User'>ATTACKRANGE\Administrator</Data><Data Name='LogonGuid'>{D8DCB3A2-45E9-60D0-9F38-090000000000}</Data><Data Name='LogonId'>0x9389f</Data><Data Name='TerminalSessionId'>2</Data><Data Name='IntegrityLevel'>High</Data><Data Name='Hashes'>MD5=BD31EB150F6547D18329E5F00801D1CD,SHA256=8A775B86CE1A057E290CCD26C59C96070684468A3119790743A346CD54F4DFDF,IMPHASH=A68324ADB4F5664AF8A79E04062F4A92</Data><Data Name='ParentProcessGuid'>{D8DCB3A2-A28F-60D0-4C10-00000000D001}</Data><Data Name='ParentProcessId'>5388</Data><Data Name='ParentImage'>C:\Windows\System32\cscript.exe</Data><Data Name='ParentCommandLine'>"C:\Windows\System32\cscript.exe" -e:{F414C262-6AC0-11CF-B6D1-00AA00BBBB58} C:\Temp\dasdasd.js</Data></EventData></Event>
/home/kali/director/projects/_corpora/attack_data/datasets/malware/ransomware_ttp/data2/windows-sysmon.log:1724:<Event xmlns='http://schemas.microsoft.com/win/2004/08/events/event'><System><Provider Name='Microsoft-Windows-Sysmon' Guid='{5770385F-C22A-43E0-BF4C-06F5698FFBD9}'/><EventID>1</EventID><Version>5</Version><Level>4</Level><Task>1</Task><Opcode>0</Opcode><Keywords>0x8000000000000000</Keywords><TimeCreated SystemTime='2021-06-21T14:30:41.591060100Z'/><EventRecordID>169959</EventRecordID><Correlation/><Execution ProcessID='4244' ThreadID='2148'/><Channel>Microsoft-Windows-Sysmon/Operational</Channel><Computer>win-dc-385.attackrange.local</Computer><Security UserID='S-1-5-18'/></System><EventData><Data Name='RuleName'>-</Data><Data Name='UtcTime'>2021-06-21 14:30:41.530</Data><Data Name='ProcessGuid'>{D8DCB3A2-A291-60D0-6310-00000000D001}</Data><Data Name='ProcessId'>3640</Data><Data Name='Image'>C:\Windows\System32\sc.exe</Data><Data Name='FileVersion'>10.0.14393.0 (rs1_release.160715-1616)</Data><Data Name='Description'>Service Control Manager Configuration Tool</Data><Data Name='Product'>Microsoft® Windows® Operating System</Data><Data Name='Company'>Microsoft Corporation</Data><Data Name='OriginalFileName'>sc.exe</Data><Data Name='CommandLine'>"C:\Windows\System32\sc.exe" config Dnscache start= auto</Data><Data Name='CurrentDirectory'>C:\Temp\</Data><Data Name='User'>ATTACKRANGE\Administrator</Data><Data Name='LogonGuid'>{D8DCB3A2-45E9-60D0-9F38-090000000000}</Data><Data Name='LogonId'>0x9389f</Data><Data Name='TerminalSessionId'>2</Data><Data Name='IntegrityLevel'>High</Data><Data Name='Hashes'>MD5=BD31EB150F6547D18329E5F00801D1CD,SHA256=8A775B86CE1A057E290CCD26C59C96070684468A3119790743A346CD54F4DFDF,IMPHASH=A68324ADB4F5664AF8A79E04062F4A92</Data><Data Name='ParentProcessGuid'>{D8DCB3A2-A28F-60D0-4C10-00000000D001}</Data><Data Name='ParentProcessId'>5388</Data><Data Name='ParentImage'>C:\Windows\System32\cscript.exe</Data><Data Name='ParentCommandLine'>"C:\Windows\System32\cscript.exe" -e:{F414C262-6AC0-11CF-B6D1-00AA00BBBB58} C:\Temp\dasdasd.js</Data></EventData></Event>
/home/kali/director/projects/_corpora/attack_data/datasets/malware/ransomware_ttp/data2/windows-sysmon.log:1749:<Event xmlns='http://schemas.microsoft.com/win/2004/08/events/event'><System><Provider Name='Microsoft-Windows-Sysmon' Guid='{5770385F-C22A-43E0-BF4C-06F5698FFBD9}'/><EventID>1</EventID><Version>5</Version><Level>4</Level><Task>1</Task><Opcode>0</Opcode><Keywords>0x8000000000000000</Keywords><TimeCreated SystemTime='2021-06-21T14:30:41.529138900Z'/><EventRecordID>169934</EventRecordID><Correlation/><Execution ProcessID='4244' ThreadID='2148'/><Channel>Microsoft-Windows-Sysmon/Operational</Channel><Computer>win-dc-385.attackrange.local</Computer><Security UserID='S-1-5-18'/></System><EventData><Data Name='RuleName'>-</Data><Data Name='UtcTime'>2021-06-21 14:30:41.508</Data><Data Name='ProcessGuid'>{D8DCB3A2-A291-60D0-5E10-00000000D001}</Data><Data Name='ProcessId'>5600</Data><Data Name='Image'>C:\Windows\System32\sc.exe</Data><Data Name='FileVersion'>10.0.14393.0 (rs1_release.160715-1616)</Data><Data Name='Description'>Service Control Manager Configuration Tool</Data><Data Name='Product'>Microsoft® Windows® Operating System</Data><Data Name='Company'>Microsoft Corporation</Data><Data Name='OriginalFileName'>sc.exe</Data><Data Name='CommandLine'>"C:\Windows\System32\sc.exe" config SQLTELEMETRY$ECWDB2 start= disabled</Data><Data Name='CurrentDirectory'>C:\Temp\</Data><Data Name='User'>ATTACKRANGE\Administrator</Data><Data Name='LogonGuid'>{D8DCB3A2-45E9-60D0-9F38-090000000000}</Data><Data Name='LogonId'>0x9389f</Data><Data Name='TerminalSessionId'>2</Data><Data Name='IntegrityLevel'>High</Data><Data Name='Hashes'>MD5=BD31EB150F6547D18329E5F00801D1CD,SHA256=8A775B86CE1A057E290CCD26C59C96070684468A3119790743A346CD54F4DFDF,IMPHASH=A68324ADB4F5664AF8A79E04062F4A92</Data><Data Name='ParentProcessGuid'>{D8DCB3A2-A28F-60D0-4C10-00000000D001}</Data><Data Name='ParentProcessId'>5388</Data><Data Name='ParentImage'>C:\Windows\System32\cscript.exe</Data><Data Name='ParentCommandLine'>"C:\Windows\System32\cscript.exe" -e:{F414C262-6AC0-11CF-B6D1-00AA00BBBB58} C:\Temp\dasdasd.js</Data></EventData></Event>
/home/kali/director/projects/_corpora/attack_data/datasets/malware/ransomware_ttp/data2/windows-sysmon.log:1763:<Event xmlns='http://schemas.microsoft.com/win/2004/08/events/event'><System><Provider Name='Microsoft-Windows-Sysmon' Guid='{5770385F-C22A-43E0-BF4C-06F5698FFBD9}'/><EventID>1</EventID><Version>5</Version><Level>4</Level><Task>1</Task><Opcode>0</Opcode><Keywords>0x8000000000000000</Keywords><TimeCreated SystemTime='2021-06-21T14:30:41.511582200Z'/><EventRecordID>169920</EventRecordID><Correlation/><Execution ProcessID='4244' ThreadID='2148'/><Channel>Microsoft-Windows-Sysmon/Operational</Channel><Computer>win-dc-385.attackrange.local</Computer><Security UserID='S-1-5-18'/></System><EventData><Data Name='RuleName'>-</Data><Data Name='UtcTime'>2021-06-21 14:30:41.500</Data><Data Name='ProcessGuid'>{D8DCB3A2-A291-60D0-5A10-00000000D001}</Data><Data Name='ProcessId'>5656</Data><Data Name='Image'>C:\Windows\System32\sc.exe</Data><Data Name='FileVersion'>10.0.14393.0 (rs1_release.160715-1616)</Data><Data Name='Description'>Service Control Manager Configuration Tool</Data><Data Name='Product'>Microsoft® Windows® Operating System</Data><Data Name='Company'>Microsoft Corporation</Data><Data Name='OriginalFileName'>sc.exe</Data><Data Name='CommandLine'>"C:\Windows\System32\sc.exe" config SQLTELEMETRY start= disabled</Data><Data Name='CurrentDirectory'>C:\Temp\</Data><Data Name='User'>ATTACKRANGE\Administrator</Data><Data Name='LogonGuid'>{D8DCB3A2-45E9-60D0-9F38-090000000000}</Data><Data Name='LogonId'>0x9389f</Data><Data Name='TerminalSessionId'>2</Data><Data Name='IntegrityLevel'>High</Data><Data Name='Hashes'>MD5=BD31EB150F6547D18329E5F00801D1CD,SHA256=8A775B86CE1A057E290CCD26C59C96070684468A3119790743A346CD54F4DFDF,IMPHASH=A68324ADB4F5664AF8A79E04062F4A92</Data><Data Name='ParentProcessGuid'>{D8DCB3A2-A28F-60D0-4C10-00000000D001}</Data><Data Name='ParentProcessId'>5388</Data><Data Name='ParentImage'>C:\Windows\System32\cscript.exe</Data><Data Name='ParentCommandLine'>"C:\Windows\System32\cscript.exe" -e:{F414C262-6AC0-11CF-B6D1-00AA00BBBB58} C:\Temp\dasdasd.js</Data></EventData></Event>
/home/kali/director/projects/_corpora/attack_data/datasets/malware/ransomware_ttp/data2/windows-sysmon.log:1796:<Event xmlns='http://schemas.microsoft.com/win/2004/08/events/event'><System><Provider Name='Microsoft-Windows-Sysmon' Guid='{5770385F-C22A-43E0-BF4C-06F5698FFBD9}'/><EventID>1</EventID><Version>5</Version><Level>4</Level><Task>1</Task><Opcode>0</Opcode><Keywords>0x8000000000000000</Keywords><TimeCreated SystemTime='2021-06-21T14:30:41.468171400Z'/><EventRecordID>169887</EventRecordID><Correlation/><Execution ProcessID='4244' ThreadID='2148'/><Channel>Microsoft-Windows-Sysmon/Operational</Channel><Computer>win-dc-385.attackrange.local</Computer><Security UserID='S-1-5-18'/></System><EventData><Data Name='RuleName'>-</Data><Data Name='UtcTime'>2021-06-21 14:30:41.466</Data><Data Name='ProcessGuid'>{D8DCB3A2-A291-60D0-5510-00000000D001}</Data><Data Name='ProcessId'>5352</Data><Data Name='Image'>C:\Windows\System32\taskkill.exe</Data><Data Name='FileVersion'>10.0.14393.0 (rs1_release.160715-1616)</Data><Data Name='Description'>Terminates Processes</Data><Data Name='Product'>Microsoft® Windows® Operating System</Data><Data Name='Company'>Microsoft Corporation</Data><Data Name='OriginalFileName'>taskkill.exe</Data><Data Name='CommandLine'>"C:\Windows\System32\taskkill.exe" /F /IM RaccineSettings.exe</Data><Data Name='CurrentDirectory'>C:\Temp\</Data><Data Name='User'>ATTACKRANGE\Administrator</Data><Data Name='LogonGuid'>{D8DCB3A2-45E9-60D0-9F38-090000000000}</Data><Data Name='LogonId'>0x9389f</Data><Data Name='TerminalSessionId'>2</Data><Data Name='IntegrityLevel'>High</Data><Data Name='Hashes'>MD5=8C066C766F5CD84CBC47E14712C54FD0,SHA256=0EA8C0267A76B543302C4258B78BC477AA8876767B7A526549CCE34EEF6D859F,IMPHASH=5F3868B59CD541824A308E7BB7B9CAC3</Data><Data Name='ParentProcessGuid'>{D8DCB3A2-A28F-60D0-4C10-00000000D001}</Data><Data Name='ParentProcessId'>5388</Data><Data Name='ParentImage'>C:\Windows\System32\cscript.exe</Data><Data Name='ParentCommandLine'>"C:\Windows\System32\cscript.exe" -e:{F414C262-6AC0-11CF-B6D1-00AA00BBBB58} C:\Temp\dasdasd.js</Data></EventData></Event>
/home/kali/director/projects/_corpora/attack_data/datasets/malware/ransomware_ttp/data2/windows-sysmon.log:1803:<Event xmlns='http://schemas.microsoft.com/win/2004/08/events/event'><System><Provider Name='Microsoft-Windows-Sysmon' Guid='{5770385F-C22A-43E0-BF4C-06F5698FFBD9}'/><EventID>1</EventID><Version>5</Version><Level>4</Level><Task>1</Task><Opcode>0</Opcode><Keywords>0x8000000000000000</Keywords><TimeCreated SystemTime='2021-06-21T14:30:41.463444100Z'/><EventRecordID>169880</EventRecordID><Correlation/><Execution ProcessID='4244' ThreadID='2148'/><Channel>Microsoft-Windows-Sysmon/Operational</Channel><Computer>win-dc-385.attackrange.local</Computer><Security UserID='S-1-5-18'/></System><EventData><Data Name='RuleName'>-</Data><Data Name='UtcTime'>2021-06-21 14:30:41.459</Data><Data Name='ProcessGuid'>{D8DCB3A2-A291-60D0-5310-00000000D001}</Data><Data Name='ProcessId'>5088</Data><Data Name='Image'>C:\Windows\System32\taskkill.exe</Data><Data Name='FileVersion'>10.0.14393.0 (rs1_release.160715-1616)</Data><Data Name='Description'>Terminates Processes</Data><Data Name='Product'>Microsoft® Windows® Operating System</Data><Data Name='Company'>Microsoft Corporation</Data><Data Name='OriginalFileName'>taskkill.exe</Data><Data Name='CommandLine'>"C:\Windows\System32\taskkill.exe" /F /IM Raccine.exe</Data><Data Name='CurrentDirectory'>C:\Temp\</Data><Data Name='User'>ATTACKRANGE\Administrator</Data><Data Name='LogonGuid'>{D8DCB3A2-45E9-60D0-9F38-090000000000}</Data><Data Name='LogonId'>0x9389f</Data><Data Name='TerminalSessionId'>2</Data><Data Name='IntegrityLevel'>High</Data><Data Name='Hashes'>MD5=8C066C766F5CD84CBC47E14712C54FD0,SHA256=0EA8C0267A76B543302C4258B78BC477AA8876767B7A526549CCE34EEF6D859F,IMPHASH=5F3868B59CD541824A308E7BB7B9CAC3</Data><Data Name='ParentProcessGuid'>{D8DCB3A2-A28F-60D0-4C10-00000000D001}</Data><Data Name='ParentProcessId'>5388</Data><Data Name='ParentImage'>C:\Windows\System32\cscript.exe</Data><Data Name='ParentCommandLine'>"C:\Windows\System32\cscript.exe" -e:{F414C262-6AC0-11CF-B6D1-00AA00BBBB58} C:\Temp\dasdasd.js</Data></EventData></Event>
