# family=ransomware_ttp technique=T1112 (Modify Registry)
# patterns (each run as its own 'grep -inE', matches unioned): ['CommandLine.{0,300}reg(\\.exe)?["\' ]+(add|delete|import) ', 'safeboot', 'disablesystemrestore', 'autoadminlogon']
# files searched: ['/home/kali/director/projects/_corpora/attack_data/datasets/malware/ransomware_ttp/data1/windows-sysmon.log', '/home/kali/director/projects/_corpora/attack_data/datasets/malware/ransomware_ttp/data2/windows-powershell.log', '/home/kali/director/projects/_corpora/attack_data/datasets/malware/ransomware_ttp/data2/windows-security.log', '/home/kali/director/projects/_corpora/attack_data/datasets/malware/ransomware_ttp/data2/windows-sysmon.log', '/home/kali/director/projects/_corpora/attack_data/datasets/malware/ransomware_ttp/ssa_data1/net_user_del.log', '/home/kali/director/projects/_corpora/attack_data/datasets/malware/ransomware_ttp/ssa_data1/net_user_dis.log', '/home/kali/director/projects/_corpora/attack_data/datasets/malware/ransomware_ttp/ssa_data1/sc_del.log', '/home/kali/director/projects/_corpora/attack_data/datasets/malware/ransomware_ttp/ssa_data1/sc_disable.log', '/home/kali/director/projects/_corpora/attack_data/datasets/malware/ransomware_ttp/ssa_data1/windows-security.log']
# matched lines (after noise exclusion): 3
# lines dropped by NOISE_EXCLUDE_PATTERN (Aurora-Agent|sigma-rules|\.yml\.tmp): 0
#
/home/kali/director/projects/_corpora/attack_data/datasets/malware/ransomware_ttp/data1/windows-sysmon.log:27163:<Event xmlns='http://schemas.microsoft.com/win/2004/08/events/event'><System><Provider Name='Microsoft-Windows-Sysmon' Guid='{5770385F-C22A-43E0-BF4C-06F5698FFBD9}'/><EventID>1</EventID><Version>5</Version><Level>4</Level><Task>1</Task><Opcode>0</Opcode><Keywords>0x8000000000000000</Keywords><TimeCreated SystemTime='2021-06-10T10:24:50.117319800Z'/><EventRecordID>21782</EventRecordID><Correlation/><Execution ProcessID='2840' ThreadID='2332'/><Channel>Microsoft-Windows-Sysmon/Operational</Channel><Computer>win-dc-365.attackrange.local</Computer><Security UserID='S-1-5-18'/></System><EventData><Data Name='RuleName'>-</Data><Data Name='UtcTime'>2021-06-10 10:24:50.115</Data><Data Name='ProcessGuid'>{928AB1BB-E872-60C1-5604-00000000C401}</Data><Data Name='ProcessId'>6180</Data><Data Name='Image'>C:\Windows\System32\reg.exe</Data><Data Name='FileVersion'>10.0.14393.0 (rs1_release.160715-1616)</Data><Data Name='Description'>Registry Console Tool</Data><Data Name='Product'>Microsoft® Windows® Operating System</Data><Data Name='Company'>Microsoft Corporation</Data><Data Name='OriginalFileName'>reg.exe</Data><Data Name='CommandLine'>reg  add HKLM\System\CurrentControlSet\Control\SafeBoot\Minimal\SuperBackupMan</Data><Data Name='CurrentDirectory'>C:\Temp\</Data><Data Name='User'>ATTACKRANGE\Administrator</Data><Data Name='LogonGuid'>{928AB1BB-E72F-60C1-E4EB-100000000000}</Data><Data Name='LogonId'>0x10ebe4</Data><Data Name='TerminalSessionId'>2</Data><Data Name='IntegrityLevel'>High</Data><Data Name='Hashes'>MD5=59A22FA6CF85026BB6BC69A1ADD75C50,SHA256=9E28034CE3AEEA6951F790F8997DF44CFBF80BEFF9FB17413DBA317016A716AD,IMPHASH=EE7EB7FA7D163340753B7223ADA14352</Data><Data Name='ParentProcessGuid'>{928AB1BB-E86F-60C1-4804-00000000C401}</Data><Data Name='ParentProcessId'>4160</Data><Data Name='ParentImage'>C:\Windows\System32\cmd.exe</Data><Data Name='ParentCommandLine'>"cmd.exe" /s /k pushd "C:\Temp"</Data></EventData></Event>
/home/kali/director/projects/_corpora/attack_data/datasets/malware/ransomware_ttp/data1/windows-sysmon.log:27172:<Event xmlns='http://schemas.microsoft.com/win/2004/08/events/event'><System><Provider Name='Microsoft-Windows-Sysmon' Guid='{5770385F-C22A-43E0-BF4C-06F5698FFBD9}'/><EventID>1</EventID><Version>5</Version><Level>4</Level><Task>1</Task><Opcode>0</Opcode><Keywords>0x8000000000000000</Keywords><TimeCreated SystemTime='2021-06-10T10:24:50.103616100Z'/><EventRecordID>21773</EventRecordID><Correlation/><Execution ProcessID='2840' ThreadID='2332'/><Channel>Microsoft-Windows-Sysmon/Operational</Channel><Computer>win-dc-365.attackrange.local</Computer><Security UserID='S-1-5-18'/></System><EventData><Data Name='RuleName'>-</Data><Data Name='UtcTime'>2021-06-10 10:24:50.101</Data><Data Name='ProcessGuid'>{928AB1BB-E872-60C1-5504-00000000C401}</Data><Data Name='ProcessId'>3496</Data><Data Name='Image'>C:\Windows\System32\reg.exe</Data><Data Name='FileVersion'>10.0.14393.0 (rs1_release.160715-1616)</Data><Data Name='Description'>Registry Console Tool</Data><Data Name='Product'>Microsoft® Windows® Operating System</Data><Data Name='Company'>Microsoft Corporation</Data><Data Name='OriginalFileName'>reg.exe</Data><Data Name='CommandLine'>REG  ADD HKLM\SOFTWARE\Microsoft\Windows\CurrentVersion\Policies\System /v ConsentPromptBehaviorAdmin /t REG_DWORD /d 0 /f</Data><Data Name='CurrentDirectory'>C:\Temp\</Data><Data Name='User'>ATTACKRANGE\Administrator</Data><Data Name='LogonGuid'>{928AB1BB-E72F-60C1-E4EB-100000000000}</Data><Data Name='LogonId'>0x10ebe4</Data><Data Name='TerminalSessionId'>2</Data><Data Name='IntegrityLevel'>High</Data><Data Name='Hashes'>MD5=59A22FA6CF85026BB6BC69A1ADD75C50,SHA256=9E28034CE3AEEA6951F790F8997DF44CFBF80BEFF9FB17413DBA317016A716AD,IMPHASH=EE7EB7FA7D163340753B7223ADA14352</Data><Data Name='ParentProcessGuid'>{928AB1BB-E86F-60C1-4804-00000000C401}</Data><Data Name='ParentProcessId'>4160</Data><Data Name='ParentImage'>C:\Windows\System32\cmd.exe</Data><Data Name='ParentCommandLine'>"cmd.exe" /s /k pushd "C:\Temp"</Data></EventData></Event>
/home/kali/director/projects/_corpora/attack_data/datasets/malware/ransomware_ttp/data1/windows-sysmon.log:27155:<Event xmlns='http://schemas.microsoft.com/win/2004/08/events/event'><System><Provider Name='Microsoft-Windows-Sysmon' Guid='{5770385F-C22A-43E0-BF4C-06F5698FFBD9}'/><EventID>13</EventID><Version>2</Version><Level>4</Level><Task>13</Task><Opcode>0</Opcode><Keywords>0x8000000000000000</Keywords><TimeCreated SystemTime='2021-06-10T10:24:50.121107400Z'/><EventRecordID>21790</EventRecordID><Correlation/><Execution ProcessID='2840' ThreadID='2332'/><Channel>Microsoft-Windows-Sysmon/Operational</Channel><Computer>win-dc-365.attackrange.local</Computer><Security UserID='S-1-5-18'/></System><EventData><Data Name='RuleName'>-</Data><Data Name='EventType'>SetValue</Data><Data Name='UtcTime'>2021-06-10 10:24:50.106</Data><Data Name='ProcessGuid'>{928AB1BB-E872-60C1-5604-00000000C401}</Data><Data Name='ProcessId'>6180</Data><Data Name='Image'>C:\Windows\system32\reg.exe</Data><Data Name='TargetObject'>HKLM\System\CurrentControlSet\Control\SafeBoot\Minimal\SuperBackupMan\(Default)</Data><Data Name='Details'>(Empty)</Data></EventData></Event>
