# family=ransomware_ttp technique=T1490 (Inhibit System Recovery)
# patterns (each run as its own 'grep -inE', matches unioned): ['vssadmin', 'wbadmin', 'bcdedit', 'shadowcopy']
# files searched: ['/home/kali/director/projects/_corpora/attack_data/datasets/malware/ransomware_ttp/data1/windows-sysmon.log', '/home/kali/director/projects/_corpora/attack_data/datasets/malware/ransomware_ttp/data2/windows-powershell.log', '/home/kali/director/projects/_corpora/attack_data/datasets/malware/ransomware_ttp/data2/windows-security.log', '/home/kali/director/projects/_corpora/attack_data/datasets/malware/ransomware_ttp/data2/windows-sysmon.log', '/home/kali/director/projects/_corpora/attack_data/datasets/malware/ransomware_ttp/ssa_data1/net_user_del.log', '/home/kali/director/projects/_corpora/attack_data/datasets/malware/ransomware_ttp/ssa_data1/net_user_dis.log', '/home/kali/director/projects/_corpora/attack_data/datasets/malware/ransomware_ttp/ssa_data1/sc_del.log', '/home/kali/director/projects/_corpora/attack_data/datasets/malware/ransomware_ttp/ssa_data1/sc_disable.log', '/home/kali/director/projects/_corpora/attack_data/datasets/malware/ransomware_ttp/ssa_data1/windows-security.log']
# matched lines (after noise exclusion): 31
# lines dropped by NOISE_EXCLUDE_PATTERN (Aurora-Agent|sigma-rules|\.yml\.tmp): 0
#
/home/kali/director/projects/_corpora/attack_data/datasets/malware/ransomware_ttp/ssa_data1/windows-security.log:50:	New Process Name:	C:\Windows\System32\vssadmin.exe
/home/kali/director/projects/_corpora/attack_data/datasets/malware/ransomware_ttp/ssa_data1/windows-security.log:55:	Process Command Line:	vssadmin  resize shadowstorage /for=g: /on=g: /maxsize=unbounded
/home/kali/director/projects/_corpora/attack_data/datasets/malware/ransomware_ttp/ssa_data1/windows-security.log:91:	New Process Name:	C:\Windows\System32\vssadmin.exe
/home/kali/director/projects/_corpora/attack_data/datasets/malware/ransomware_ttp/ssa_data1/windows-security.log:96:	Process Command Line:	vssadmin  resize shadowstorage /for=g: /on=g: /maxsize=401MB
/home/kali/director/projects/_corpora/attack_data/datasets/malware/ransomware_ttp/ssa_data1/windows-security.log:132:	New Process Name:	C:\Windows\System32\vssadmin.exe
/home/kali/director/projects/_corpora/attack_data/datasets/malware/ransomware_ttp/ssa_data1/windows-security.log:137:	Process Command Line:	vssadmin  resize shadowstorage /for=f: /on=f: /maxsize=unbounded
/home/kali/director/projects/_corpora/attack_data/datasets/malware/ransomware_ttp/ssa_data1/windows-security.log:173:	New Process Name:	C:\Windows\System32\vssadmin.exe
/home/kali/director/projects/_corpora/attack_data/datasets/malware/ransomware_ttp/ssa_data1/windows-security.log:178:	Process Command Line:	vssadmin  resize shadowstorage /for=f: /on=f: /maxsize=401MB
/home/kali/director/projects/_corpora/attack_data/datasets/malware/ransomware_ttp/ssa_data1/windows-security.log:214:	New Process Name:	C:\Windows\System32\vssadmin.exe
/home/kali/director/projects/_corpora/attack_data/datasets/malware/ransomware_ttp/ssa_data1/windows-security.log:219:	Process Command Line:	vssadmin  resize shadowstorage /for=e: /on=e: /maxsize=unbounded
/home/kali/director/projects/_corpora/attack_data/datasets/malware/ransomware_ttp/ssa_data1/windows-security.log:255:	New Process Name:	C:\Windows\System32\vssadmin.exe
/home/kali/director/projects/_corpora/attack_data/datasets/malware/ransomware_ttp/ssa_data1/windows-security.log:260:	Process Command Line:	vssadmin  resize shadowstorage /for=e: /on=e: /maxsize=401MB
/home/kali/director/projects/_corpora/attack_data/datasets/malware/ransomware_ttp/ssa_data1/windows-security.log:296:	New Process Name:	C:\Windows\System32\vssadmin.exe
/home/kali/director/projects/_corpora/attack_data/datasets/malware/ransomware_ttp/ssa_data1/windows-security.log:301:	Process Command Line:	vssadmin  resize shadowstorage /for=d: /on=d: /maxsize=unbounded
/home/kali/director/projects/_corpora/attack_data/datasets/malware/ransomware_ttp/ssa_data1/windows-security.log:337:	New Process Name:	C:\Windows\System32\vssadmin.exe
/home/kali/director/projects/_corpora/attack_data/datasets/malware/ransomware_ttp/ssa_data1/windows-security.log:342:	Process Command Line:	vssadmin  resize shadowstorage /for=d: /on=d: /maxsize=401MB
/home/kali/director/projects/_corpora/attack_data/datasets/malware/ransomware_ttp/ssa_data1/windows-security.log:378:	New Process Name:	C:\Windows\System32\vssadmin.exe
/home/kali/director/projects/_corpora/attack_data/datasets/malware/ransomware_ttp/ssa_data1/windows-security.log:383:	Process Command Line:	vssadmin  resize shadowstorage /for=c: /on=c: /maxsize=unbounded
/home/kali/director/projects/_corpora/attack_data/datasets/malware/ransomware_ttp/ssa_data1/windows-security.log:419:	New Process Name:	C:\Windows\System32\vssadmin.exe
/home/kali/director/projects/_corpora/attack_data/datasets/malware/ransomware_ttp/ssa_data1/windows-security.log:424:	Process Command Line:	vssadmin  resize shadowstorage /for=c: /on=c: /maxsize=401MB
/home/kali/director/projects/_corpora/attack_data/datasets/malware/ransomware_ttp/ssa_data1/windows-security.log:460:	New Process Name:	C:\Windows\System32\vssadmin.exe
/home/kali/director/projects/_corpora/attack_data/datasets/malware/ransomware_ttp/ssa_data1/windows-security.log:465:	Process Command Line:	vssadmin  Delete Shadows /all /quiet
/home/kali/director/projects/_corpora/attack_data/datasets/malware/ransomware_ttp/ssa_data1/windows-security.log:501:	New Process Name:	C:\Windows\System32\vssadmin.exe
/home/kali/director/projects/_corpora/attack_data/datasets/malware/ransomware_ttp/ssa_data1/windows-security.log:506:	Process Command Line:	vssadmin  Delete Shadows /all /quiet
/home/kali/director/projects/_corpora/attack_data/datasets/malware/ransomware_ttp/data1/windows-sysmon.log:27129:<Event xmlns='http://schemas.microsoft.com/win/2004/08/events/event'><System><Provider Name='Microsoft-Windows-Sysmon' Guid='{5770385F-C22A-43E0-BF4C-06F5698FFBD9}'/><EventID>10</EventID><Version>3</Version><Level>4</Level><Task>10</Task><Opcode>0</Opcode><Keywords>0x8000000000000000</Keywords><TimeCreated SystemTime='2021-06-10T10:24:50.265410100Z'/><EventRecordID>21816</EventRecordID><Correlation/><Execution ProcessID='2840' ThreadID='2332'/><Channel>Microsoft-Windows-Sysmon/Operational</Channel><Computer>win-dc-365.attackrange.local</Computer><Security UserID='S-1-5-18'/></System><EventData><Data Name='RuleName'>-</Data><Data Name='UtcTime'>2021-06-10 10:24:50.262</Data><Data Name='SourceProcessGUID'>{928AB1BB-E86F-60C1-4904-00000000C401}</Data><Data Name='SourceProcessId'>5616</Data><Data Name='SourceThreadId'>7140</Data><Data Name='SourceImage'>C:\Windows\system32\conhost.exe</Data><Data Name='TargetProcessGUID'>{928AB1BB-E872-60C1-5904-00000000C401}</Data><Data Name='TargetProcessId'>5240</Data><Data Name='TargetImage'>C:\Windows\system32\bcdedit.exe</Data><Data Name='GrantedAccess'>0x1fffff</Data><Data Name='CallTrace'>C:\Windows\SYSTEM32\ntdll.dll+a6134|C:\Windows\SYSTEM32\ConhostV2.dll+5ca7|C:\Windows\SYSTEM32\ConhostV2.dll+774b|C:\Windows\SYSTEM32\ConhostV2.dll+a8ef|C:\Windows\System32\KERNEL32.DLL+84d4|C:\Windows\SYSTEM32\ntdll.dll+51781</Data></EventData></Event>
/home/kali/director/projects/_corpora/attack_data/datasets/malware/ransomware_ttp/data1/windows-sysmon.log:27134:<Event xmlns='http://schemas.microsoft.com/win/2004/08/events/event'><System><Provider Name='Microsoft-Windows-Sysmon' Guid='{5770385F-C22A-43E0-BF4C-06F5698FFBD9}'/><EventID>10</EventID><Version>3</Version><Level>4</Level><Task>10</Task><Opcode>0</Opcode><Keywords>0x8000000000000000</Keywords><TimeCreated SystemTime='2021-06-10T10:24:50.264582200Z'/><EventRecordID>21811</EventRecordID><Correlation/><Execution ProcessID='2840' ThreadID='2332'/><Channel>Microsoft-Windows-Sysmon/Operational</Channel><Computer>win-dc-365.attackrange.local</Computer><Security UserID='S-1-5-18'/></System><EventData><Data Name='RuleName'>-</Data><Data Name='UtcTime'>2021-06-10 10:24:50.262</Data><Data Name='SourceProcessGUID'>{928AB1BB-E72D-60C1-3D01-00000000C401}</Data><Data Name='SourceProcessId'>4384</Data><Data Name='SourceThreadId'>4400</Data><Data Name='SourceImage'>C:\Windows\system32\csrss.exe</Data><Data Name='TargetProcessGUID'>{928AB1BB-E872-60C1-5904-00000000C401}</Data><Data Name='TargetProcessId'>5240</Data><Data Name='TargetImage'>C:\Windows\system32\bcdedit.exe</Data><Data Name='GrantedAccess'>0x1fffff</Data><Data Name='CallTrace'>C:\Windows\SYSTEM32\ntdll.dll+a6134|C:\Windows\system32\basesrv.DLL+2f47|C:\Windows\SYSTEM32\CSRSRV.dll+5645|C:\Windows\SYSTEM32\ntdll.dll+5178f</Data></EventData></Event>
/home/kali/director/projects/_corpora/attack_data/datasets/malware/ransomware_ttp/data1/windows-sysmon.log:27135:<Event xmlns='http://schemas.microsoft.com/win/2004/08/events/event'><System><Provider Name='Microsoft-Windows-Sysmon' Guid='{5770385F-C22A-43E0-BF4C-06F5698FFBD9}'/><EventID>10</EventID><Version>3</Version><Level>4</Level><Task>10</Task><Opcode>0</Opcode><Keywords>0x8000000000000000</Keywords><TimeCreated SystemTime='2021-06-10T10:24:50.264500700Z'/><EventRecordID>21810</EventRecordID><Correlation/><Execution ProcessID='2840' ThreadID='2332'/><Channel>Microsoft-Windows-Sysmon/Operational</Channel><Computer>win-dc-365.attackrange.local</Computer><Security UserID='S-1-5-18'/></System><EventData><Data Name='RuleName'>-</Data><Data Name='UtcTime'>2021-06-10 10:24:50.246</Data><Data Name='SourceProcessGUID'>{928AB1BB-E86F-60C1-4804-00000000C401}</Data><Data Name='SourceProcessId'>4160</Data><Data Name='SourceThreadId'>6832</Data><Data Name='SourceImage'>C:\Windows\system32\cmd.exe</Data><Data Name='TargetProcessGUID'>{928AB1BB-E872-60C1-5904-00000000C401}</Data><Data Name='TargetProcessId'>5240</Data><Data Name='TargetImage'>C:\Windows\system32\bcdedit.exe</Data><Data Name='GrantedAccess'>0x1fffff</Data><Data Name='CallTrace'>C:\Windows\SYSTEM32\ntdll.dll+a7404|C:\Windows\System32\KERNELBASE.dll+2b860|C:\Windows\System32\KERNELBASE.dll+6b246|C:\Windows\System32\KERNEL32.DLL+1c213|C:\Windows\system32\cmd.exe+f1e1|C:\Windows\system32\cmd.exe+11a37|C:\Windows\system32\cmd.exe+cb0d|C:\Windows\system32\cmd.exe+c295|C:\Windows\system32\cmd.exe+8ad9|C:\Windows\system32\cmd.exe+6fdd|C:\Windows\system32\cmd.exe+11a9e|C:\Windows\system32\cmd.exe+cb0d|C:\Windows\system32\cmd.exe+c295|C:\Windows\system32\cmd.exe+1ace3|C:\Windows\system32\cmd.exe+1510d|C:\Windows\System32\KERNEL32.DLL+84d4|C:\Windows\SYSTEM32\ntdll.dll+51781</Data></EventData></Event>
/home/kali/director/projects/_corpora/attack_data/datasets/malware/ransomware_ttp/data1/windows-sysmon.log:27136:<Event xmlns='http://schemas.microsoft.com/win/2004/08/events/event'><System><Provider Name='Microsoft-Windows-Sysmon' Guid='{5770385F-C22A-43E0-BF4C-06F5698FFBD9}'/><EventID>1</EventID><Version>5</Version><Level>4</Level><Task>1</Task><Opcode>0</Opcode><Keywords>0x8000000000000000</Keywords><TimeCreated SystemTime='2021-06-10T10:24:50.264218400Z'/><EventRecordID>21809</EventRecordID><Correlation/><Execution ProcessID='2840' ThreadID='2332'/><Channel>Microsoft-Windows-Sysmon/Operational</Channel><Computer>win-dc-365.attackrange.local</Computer><Security UserID='S-1-5-18'/></System><EventData><Data Name='RuleName'>-</Data><Data Name='UtcTime'>2021-06-10 10:24:50.255</Data><Data Name='ProcessGuid'>{928AB1BB-E872-60C1-5904-00000000C401}</Data><Data Name='ProcessId'>5240</Data><Data Name='Image'>C:\Windows\System32\bcdedit.exe</Data><Data Name='FileVersion'>10.0.14393.2515 (rs1_release_1.180830-1044)</Data><Data Name='Description'>Boot Configuration Data Editor</Data><Data Name='Product'>Microsoft® Windows® Operating System</Data><Data Name='Company'>Microsoft Corporation</Data><Data Name='OriginalFileName'>bcdedit.exe</Data><Data Name='CommandLine'>bcdedit  /set {default} bootstatuspolicy ignoreallfailures</Data><Data Name='CurrentDirectory'>C:\Temp\</Data><Data Name='User'>ATTACKRANGE\Administrator</Data><Data Name='LogonGuid'>{928AB1BB-E72F-60C1-E4EB-100000000000}</Data><Data Name='LogonId'>0x10ebe4</Data><Data Name='TerminalSessionId'>2</Data><Data Name='IntegrityLevel'>High</Data><Data Name='Hashes'>MD5=38F0419E6AC1A5B7A30438426C5D03AA,SHA256=7202B952F1456DBE5C75B19BFE2B8BD37F40384007F1E51FD632EAD10F1EEACC,IMPHASH=640CFCF7F00029D52EF0C4D45E2E87A6</Data><Data Name='ParentProcessGuid'>{928AB1BB-E86F-60C1-4804-00000000C401}</Data><Data Name='ParentProcessId'>4160</Data><Data Name='ParentImage'>C:\Windows\System32\cmd.exe</Data><Data Name='ParentCommandLine'>"cmd.exe" /s /k pushd "C:\Temp"</Data></EventData></Event>
/home/kali/director/projects/_corpora/attack_data/datasets/malware/ransomware_ttp/data2/windows-powershell.log:807:Get-CimInstance Win32_ShadowCopy | Remove-CimInstance
/home/kali/director/projects/_corpora/attack_data/datasets/malware/ransomware_ttp/data2/windows-security.log:4284:	Process Command Line:	"C:\Windows\System32\WindowsPowerShell\v1.0\powershell.exe" Get-CimInstance Win32_ShadowCopy | Remove-CimInstance
/home/kali/director/projects/_corpora/attack_data/datasets/malware/ransomware_ttp/data2/windows-sysmon.log:1772:<Event xmlns='http://schemas.microsoft.com/win/2004/08/events/event'><System><Provider Name='Microsoft-Windows-Sysmon' Guid='{5770385F-C22A-43E0-BF4C-06F5698FFBD9}'/><EventID>1</EventID><Version>5</Version><Level>4</Level><Task>1</Task><Opcode>0</Opcode><Keywords>0x8000000000000000</Keywords><TimeCreated SystemTime='2021-06-21T14:30:41.500942800Z'/><EventRecordID>169911</EventRecordID><Correlation/><Execution ProcessID='4244' ThreadID='2148'/><Channel>Microsoft-Windows-Sysmon/Operational</Channel><Computer>win-dc-385.attackrange.local</Computer><Security UserID='S-1-5-18'/></System><EventData><Data Name='RuleName'>-</Data><Data Name='UtcTime'>2021-06-21 14:30:41.490</Data><Data Name='ProcessGuid'>{D8DCB3A2-A291-60D0-5910-00000000D001}</Data><Data Name='ProcessId'>5896</Data><Data Name='Image'>C:\Windows\System32\WindowsPowerShell\v1.0\powershell.exe</Data><Data Name='FileVersion'>10.0.14393.206 (rs1_release.160915-0644)</Data><Data Name='Description'>Windows PowerShell</Data><Data Name='Product'>Microsoft® Windows® Operating System</Data><Data Name='Company'>Microsoft Corporation</Data><Data Name='OriginalFileName'>PowerShell.EXE</Data><Data Name='CommandLine'>"C:\Windows\System32\WindowsPowerShell\v1.0\powershell.exe" Get-CimInstance Win32_ShadowCopy | Remove-CimInstance</Data><Data Name='CurrentDirectory'>C:\Temp\</Data><Data Name='User'>ATTACKRANGE\Administrator</Data><Data Name='LogonGuid'>{D8DCB3A2-45E9-60D0-9F38-090000000000}</Data><Data Name='LogonId'>0x9389f</Data><Data Name='TerminalSessionId'>2</Data><Data Name='IntegrityLevel'>High</Data><Data Name='Hashes'>MD5=097CE5761C89434367598B34FE32893B,SHA256=BA4038FD20E474C047BE8AAD5BFACDB1BFC1DDBE12F803F473B7918D8D819436,IMPHASH=CAEE994F79D85E47C06E5FA9CDEAE453</Data><Data Name='ParentProcessGuid'>{D8DCB3A2-A28F-60D0-4C10-00000000D001}</Data><Data Name='ParentProcessId'>5388</Data><Data Name='ParentImage'>C:\Windows\System32\cscript.exe</Data><Data Name='ParentCommandLine'>"C:\Windows\System32\cscript.exe" -e:{F414C262-6AC0-11CF-B6D1-00AA00BBBB58} C:\Temp\dasdasd.js</Data></EventData></Event>
