3499:<Event xmlns='http://schemas.microsoft.com/win/2004/08/events/event'><System><Provider Name='Microsoft-Windows-Sysmon' Guid='{5770385F-C22A-43E0-BF4C-06F5698FFBD9}'/><EventID>11</EventID><Version>2</Version><Level>4</Level><Task>11</Task><Opcode>0</Opcode><Keywords>0x8000000000000000</Keywords><TimeCreated SystemTime='2020-11-16T13:24:36.169931200Z'/><EventRecordID>78381</EventRecordID><Correlation/><Execution ProcessID='1468' ThreadID='3172'/><Channel>Microsoft-Windows-Sysmon/Operational</Channel><Computer>win-client-4137150</Computer><Security UserID='S-1-5-18'/></System><EventData><Data Name='RuleName'>T1023</Data><Data Name='UtcTime'>2020-11-16 13:24:36.102</Data><Data Name='ProcessGuid'>{51A89197-7BE2-5FB2-0000-001005510200}</Data><Data Name='ProcessId'>832</Data><Data Name='Image'>C:\Windows\system32\svchost.exe</Data><Data Name='TargetFilename'>C:\Users\Default\AppData\Roaming\Microsoft\Windows\Start Menu\RyukReadMe.html</Data><Data Name='CreationUtcTime'>2020-11-16 13:24:36.102</Data></EventData></Event>
3500:<Event xmlns='http://schemas.microsoft.com/win/2004/08/events/event'><System><Provider Name='Microsoft-Windows-Sysmon' Guid='{5770385F-C22A-43E0-BF4C-06F5698FFBD9}'/><EventID>11</EventID><Version>2</Version><Level>4</Level><Task>11</Task><Opcode>0</Opcode><Keywords>0x8000000000000000</Keywords><TimeCreated SystemTime='2020-11-16T13:24:36.169839500Z'/><EventRecordID>78380</EventRecordID><Correlation/><Execution ProcessID='1468' ThreadID='3172'/><Channel>Microsoft-Windows-Sysmon/Operational</Channel><Computer>win-client-4137150</Computer><Security UserID='S-1-5-18'/></System><EventData><Data Name='RuleName'>DefaultUserModified</Data><Data Name='UtcTime'>2020-11-16 13:24:36.102</Data><Data Name='ProcessGuid'>{51A89197-7BE2-5FB2-0000-001005510200}</Data><Data Name='ProcessId'>832</Data><Data Name='Image'>C:\Windows\system32\svchost.exe</Data><Data Name='TargetFilename'>C:\Users\Default\AppData\Roaming\Microsoft\Windows\SendTo\RyukReadMe.html</Data><Data Name='CreationUtcTime'>2020-11-16 13:24:36.089</Data></EventData></Event>
3501:<Event xmlns='http://schemas.microsoft.com/win/2004/08/events/event'><System><Provider Name='Microsoft-Windows-Sysmon' Guid='{5770385F-C22A-43E0-BF4C-06F5698FFBD9}'/><EventID>11</EventID><Version>2</Version><Level>4</Level><Task>11</Task><Opcode>0</Opcode><Keywords>0x8000000000000000</Keywords><TimeCreated SystemTime='2020-11-16T13:24:36.169715900Z'/><EventRecordID>78379</EventRecordID><Correlation/><Execution ProcessID='1468' ThreadID='3172'/><Channel>Microsoft-Windows-Sysmon/Operational</Channel><Computer>win-client-4137150</Computer><Security UserID='S-1-5-18'/></System><EventData><Data Name='RuleName'>DefaultUserModified</Data><Data Name='UtcTime'>2020-11-16 13:24:36.089</Data><Data Name='ProcessGuid'>{51A89197-7BE2-5FB2-0000-001005510200}</Data><Data Name='ProcessId'>832</Data><Data Name='Image'>C:\Windows\system32\svchost.exe</Data><Data Name='TargetFilename'>C:\Users\Default\AppData\Roaming\Microsoft\Windows\Recent\RyukReadMe.html</Data><Data Name='CreationUtcTime'>2020-11-16 13:24:36.089</Data></EventData></Event>
3502:<Event xmlns='http://schemas.microsoft.com/win/2004/08/events/event'><System><Provider Name='Microsoft-Windows-Sysmon' Guid='{5770385F-C22A-43E0-BF4C-06F5698FFBD9}'/><EventID>11</EventID><Version>2</Version><Level>4</Level><Task>11</Task><Opcode>0</Opcode><Keywords>0x8000000000000000</Keywords><TimeCreated SystemTime='2020-11-16T13:24:36.169618400Z'/><EventRecordID>78378</EventRecordID><Correlation/><Execution ProcessID='1468' ThreadID='3172'/><Channel>Microsoft-Windows-Sysmon/Operational</Channel><Computer>win-client-4137150</Computer><Security UserID='S-1-5-18'/></System><EventData><Data Name='RuleName'>DefaultUserModified</Data><Data Name='UtcTime'>2020-11-16 13:24:36.089</Data><Data Name='ProcessGuid'>{51A89197-7BE2-5FB2-0000-001005510200}</Data><Data Name='ProcessId'>832</Data><Data Name='Image'>C:\Windows\system32\svchost.exe</Data><Data Name='TargetFilename'>C:\Users\Default\AppData\Roaming\Microsoft\Windows\Printer Shortcuts\RyukReadMe.html</Data><Data Name='CreationUtcTime'>2020-11-16 13:24:36.089</Data></EventData></Event>
3503:<Event xmlns='http://schemas.microsoft.com/win/2004/08/events/event'><System><Provider Name='Microsoft-Windows-Sysmon' Guid='{5770385F-C22A-43E0-BF4C-06F5698FFBD9}'/><EventID>11</EventID><Version>2</Version><Level>4</Level><Task>11</Task><Opcode>0</Opcode><Keywords>0x8000000000000000</Keywords><TimeCreated SystemTime='2020-11-16T13:24:36.169520000Z'/><EventRecordID>78377</EventRecordID><Correlation/><Execution ProcessID='1468' ThreadID='3172'/><Channel>Microsoft-Windows-Sysmon/Operational</Channel><Computer>win-client-4137150</Computer><Security UserID='S-1-5-18'/></System><EventData><Data Name='RuleName'>DefaultUserModified</Data><Data Name='UtcTime'>2020-11-16 13:24:36.089</Data><Data Name='ProcessGuid'>{51A89197-7BE2-5FB2-0000-001005510200}</Data><Data Name='ProcessId'>832</Data><Data Name='Image'>C:\Windows\system32\svchost.exe</Data><Data Name='TargetFilename'>C:\Users\Default\AppData\Roaming\Microsoft\Windows\Network Shortcuts\RyukReadMe.html</Data><Data Name='CreationUtcTime'>2020-11-16 13:24:36.089</Data></EventData></Event>
3504:<Event xmlns='http://schemas.microsoft.com/win/2004/08/events/event'><System><Provider Name='Microsoft-Windows-Sysmon' Guid='{5770385F-C22A-43E0-BF4C-06F5698FFBD9}'/><EventID>11</EventID><Version>2</Version><Level>4</Level><Task>11</Task><Opcode>0</Opcode><Keywords>0x8000000000000000</Keywords><TimeCreated SystemTime='2020-11-16T13:24:36.169421800Z'/><EventRecordID>78376</EventRecordID><Correlation/><Execution ProcessID='1468' ThreadID='3172'/><Channel>Microsoft-Windows-Sysmon/Operational</Channel><Computer>win-client-4137150</Computer><Security UserID='S-1-5-18'/></System><EventData><Data Name='RuleName'>DefaultUserModified</Data><Data Name='UtcTime'>2020-11-16 13:24:36.089</Data><Data Name='ProcessGuid'>{51A89197-7BE2-5FB2-0000-001005510200}</Data><Data Name='ProcessId'>832</Data><Data Name='Image'>C:\Windows\system32\svchost.exe</Data><Data Name='TargetFilename'>C:\Users\Default\AppData\Roaming\Microsoft\Windows\CloudStore\RyukReadMe.html</Data><Data Name='CreationUtcTime'>2020-11-16 13:24:36.089</Data></EventData></Event>
3505:<Event xmlns='http://schemas.microsoft.com/win/2004/08/events/event'><System><Provider Name='Microsoft-Windows-Sysmon' Guid='{5770385F-C22A-43E0-BF4C-06F5698FFBD9}'/><EventID>11</EventID><Version>2</Version><Level>4</Level><Task>11</Task><Opcode>0</Opcode><Keywords>0x8000000000000000</Keywords><TimeCreated SystemTime='2020-11-16T13:24:36.169319800Z'/><EventRecordID>78375</EventRecordID><Correlation/><Execution ProcessID='1468' ThreadID='3172'/><Channel>Microsoft-Windows-Sysmon/Operational</Channel><Computer>win-client-4137150</Computer><Security UserID='S-1-5-18'/></System><EventData><Data Name='RuleName'>DefaultUserModified</Data><Data Name='UtcTime'>2020-11-16 13:24:36.089</Data><Data Name='ProcessGuid'>{51A89197-7BE2-5FB2-0000-001005510200}</Data><Data Name='ProcessId'>832</Data><Data Name='Image'>C:\Windows\system32\svchost.exe</Data><Data Name='TargetFilename'>C:\Users\Default\AppData\Roaming\Microsoft\Windows\RyukReadMe.html</Data><Data Name='CreationUtcTime'>2020-11-16 13:24:36.089</Data></EventData></Event>
3506:<Event xmlns='http://schemas.microsoft.com/win/2004/08/events/event'><System><Provider Name='Microsoft-Windows-Sysmon' Guid='{5770385F-C22A-43E0-BF4C-06F5698FFBD9}'/><EventID>11</EventID><Version>2</Version><Level>4</Level><Task>11</Task><Opcode>0</Opcode><Keywords>0x8000000000000000</Keywords><TimeCreated SystemTime='2020-11-16T13:24:36.169192000Z'/><EventRecordID>78374</EventRecordID><Correlation/><Execution ProcessID='1468' ThreadID='3172'/><Channel>Microsoft-Windows-Sysmon/Operational</Channel><Computer>win-client-4137150</Computer><Security UserID='S-1-5-18'/></System><EventData><Data Name='RuleName'>DefaultUserModified</Data><Data Name='UtcTime'>2020-11-16 13:24:36.089</Data><Data Name='ProcessGuid'>{51A89197-7BE2-5FB2-0000-001005510200}</Data><Data Name='ProcessId'>832</Data><Data Name='Image'>C:\Windows\system32\svchost.exe</Data><Data Name='TargetFilename'>C:\Users\Default\AppData\Roaming\Microsoft\Internet Explorer\Quick Launch\RyukReadMe.html</Data><Data Name='CreationUtcTime'>2020-11-16 13:24:36.089</Data></EventData></Event>
3507:<Event xmlns='http://schemas.microsoft.com/win/2004/08/events/event'><System><Provider Name='Microsoft-Windows-Sysmon' Guid='{5770385F-C22A-43E0-BF4C-06F5698FFBD9}'/><EventID>11</EventID><Version>2</Version><Level>4</Level><Task>11</Task><Opcode>0</Opcode><Keywords>0x8000000000000000</Keywords><TimeCreated SystemTime='2020-11-16T13:24:36.169086000Z'/><EventRecordID>78373</EventRecordID><Correlation/><Execution ProcessID='1468' ThreadID='3172'/><Channel>Microsoft-Windows-Sysmon/Operational</Channel><Computer>win-client-4137150</Computer><Security UserID='S-1-5-18'/></System><EventData><Data Name='RuleName'>DefaultUserModified</Data><Data Name='UtcTime'>2020-11-16 13:24:36.089</Data><Data Name='ProcessGuid'>{51A89197-7BE2-5FB2-0000-001005510200}</Data><Data Name='ProcessId'>832</Data><Data Name='Image'>C:\Windows\system32\svchost.exe</Data><Data Name='TargetFilename'>C:\Users\Default\AppData\Roaming\Microsoft\Internet Explorer\RyukReadMe.html</Data><Data Name='CreationUtcTime'>2020-11-16 13:24:36.089</Data></EventData></Event>
3508:<Event xmlns='http://schemas.microsoft.com/win/2004/08/events/event'><System><Provider Name='Microsoft-Windows-Sysmon' Guid='{5770385F-C22A-43E0-BF4C-06F5698FFBD9}'/><EventID>11</EventID><Version>2</Version><Level>4</Level><Task>11</Task><Opcode>0</Opcode><Keywords>0x8000000000000000</Keywords><TimeCreated SystemTime='2020-11-16T13:24:36.168979500Z'/><EventRecordID>78372</EventRecordID><Correlation/><Execution ProcessID='1468' ThreadID='3172'/><Channel>Microsoft-Windows-Sysmon/Operational</Channel><Computer>win-client-4137150</Computer><Security UserID='S-1-5-18'/></System><EventData><Data Name='RuleName'>DefaultUserModified</Data><Data Name='UtcTime'>2020-11-16 13:24:36.089</Data><Data Name='ProcessGuid'>{51A89197-7BE2-5FB2-0000-001005510200}</Data><Data Name='ProcessId'>832</Data><Data Name='Image'>C:\Windows\system32\svchost.exe</Data><Data Name='TargetFilename'>C:\Users\Default\AppData\Roaming\Microsoft\RyukReadMe.html</Data><Data Name='CreationUtcTime'>2020-11-16 13:24:36.089</Data></EventData></Event>
3509:<Event xmlns='http://schemas.microsoft.com/win/2004/08/events/event'><System><Provider Name='Microsoft-Windows-Sysmon' Guid='{5770385F-C22A-43E0-BF4C-06F5698FFBD9}'/><EventID>11</EventID><Version>2</Version><Level>4</Level><Task>11</Task><Opcode>0</Opcode><Keywords>0x8000000000000000</Keywords><TimeCreated SystemTime='2020-11-16T13:24:36.168855300Z'/><EventRecordID>78371</EventRecordID><Correlation/><Execution ProcessID='1468' ThreadID='3172'/><Channel>Microsoft-Windows-Sysmon/Operational</Channel><Computer>win-client-4137150</Computer><Security UserID='S-1-5-18'/></System><EventData><Data Name='RuleName'>DefaultUserModified</Data><Data Name='UtcTime'>2020-11-16 13:24:36.089</Data><Data Name='ProcessGuid'>{51A89197-7BE2-5FB2-0000-001005510200}</Data><Data Name='ProcessId'>832</Data><Data Name='Image'>C:\Windows\system32\svchost.exe</Data><Data Name='TargetFilename'>C:\Users\Default\AppData\Roaming\RyukReadMe.html</Data><Data Name='CreationUtcTime'>2020-11-16 13:24:36.089</Data></EventData></Event>
3518:<Event xmlns='http://schemas.microsoft.com/win/2004/08/events/event'><System><Provider Name='Microsoft-Windows-Sysmon' Guid='{5770385F-C22A-43E0-BF4C-06F5698FFBD9}'/><EventID>11</EventID><Version>2</Version><Level>4</Level><Task>11</Task><Opcode>0</Opcode><Keywords>0x8000000000000000</Keywords><TimeCreated SystemTime='2020-11-16T13:24:37.575844900Z'/><EventRecordID>78402</EventRecordID><Correlation/><Execution ProcessID='1468' ThreadID='3172'/><Channel>Microsoft-Windows-Sysmon/Operational</Channel><Computer>win-client-4137150</Computer><Security UserID='S-1-5-18'/></System><EventData><Data Name='RuleName'>DefaultUserModified</Data><Data Name='UtcTime'>2020-11-16 13:24:37.536</Data><Data Name='ProcessGuid'>{51A89197-7BE2-5FB2-0000-001005510200}</Data><Data Name='ProcessId'>832</Data><Data Name='Image'>C:\Windows\system32\svchost.exe</Data><Data Name='TargetFilename'>C:\Users\Default\Saved Games\RyukReadMe.html</Data><Data Name='CreationUtcTime'>2020-11-16 13:24:37.536</Data></EventData></Event>
3542:<Event xmlns='http://schemas.microsoft.com/win/2004/08/events/event'><System><Provider Name='Microsoft-Windows-Sysmon' Guid='{5770385F-C22A-43E0-BF4C-06F5698FFBD9}'/><EventID>11</EventID><Version>2</Version><Level>4</Level><Task>11</Task><Opcode>0</Opcode><Keywords>0x8000000000000000</Keywords><TimeCreated SystemTime='2020-11-16T13:24:40.313269800Z'/><EventRecordID>78428</EventRecordID><Correlation/><Execution ProcessID='1468' ThreadID='3172'/><Channel>Microsoft-Windows-Sysmon/Operational</Channel><Computer>win-client-4137150</Computer><Security UserID='S-1-5-18'/></System><EventData><Data Name='RuleName'>Downloads</Data><Data Name='UtcTime'>2020-11-16 13:24:40.298</Data><Data Name='ProcessGuid'>{51A89197-7BE2-5FB2-0000-001005510200}</Data><Data Name='ProcessId'>832</Data><Data Name='Image'>C:\Windows\system32\svchost.exe</Data><Data Name='TargetFilename'>C:\Users\Public\Downloads\RyukReadMe.html</Data><Data Name='CreationUtcTime'>2020-11-16 13:24:40.298</Data></EventData></Event>
4699:<Event xmlns='http://schemas.microsoft.com/win/2004/08/events/event'><System><Provider Name='Microsoft-Windows-Sysmon' Guid='{5770385F-C22A-43E0-BF4C-06F5698FFBD9}'/><EventID>11</EventID><Version>2</Version><Level>4</Level><Task>11</Task><Opcode>0</Opcode><Keywords>0x8000000000000000</Keywords><TimeCreated SystemTime='2020-11-16T13:25:59.767363200Z'/><EventRecordID>79586</EventRecordID><Correlation/><Execution ProcessID='1468' ThreadID='3172'/><Channel>Microsoft-Windows-Sysmon/Operational</Channel><Computer>win-client-4137150</Computer><Security UserID='S-1-5-18'/></System><EventData><Data Name='RuleName'>Downloads</Data><Data Name='UtcTime'>2020-11-16 13:25:59.758</Data><Data Name='ProcessGuid'>{51A89197-7BE2-5FB2-0000-001005510200}</Data><Data Name='ProcessId'>832</Data><Data Name='Image'>C:\Windows\system32\svchost.exe</Data><Data Name='TargetFilename'>C:\Users\vagrant\Downloads\RyukReadMe.html</Data><Data Name='CreationUtcTime'>2020-11-16 13:25:59.758</Data></EventData></Event>
4700:<Event xmlns='http://schemas.microsoft.com/win/2004/08/events/event'><System><Provider Name='Microsoft-Windows-Sysmon' Guid='{5770385F-C22A-43E0-BF4C-06F5698FFBD9}'/><EventID>11</EventID><Version>2</Version><Level>4</Level><Task>11</Task><Opcode>0</Opcode><Keywords>0x8000000000000000</Keywords><TimeCreated SystemTime='2020-11-16T13:25:59.681490200Z'/><EventRecordID>79585</EventRecordID><Correlation/><Execution ProcessID='1468' ThreadID='3172'/><Channel>Microsoft-Windows-Sysmon/Operational</Channel><Computer>win-client-4137150</Computer><Security UserID='S-1-5-18'/></System><EventData><Data Name='RuleName'>T1023</Data><Data Name='UtcTime'>2020-11-16 13:25:59.673</Data><Data Name='ProcessGuid'>{51A89197-7BE2-5FB2-0000-001005510200}</Data><Data Name='ProcessId'>832</Data><Data Name='Image'>C:\Windows\system32\svchost.exe</Data><Data Name='TargetFilename'>C:\Users\vagrant\AppData\Roaming\Microsoft\Windows\Start Menu\Programs\Windows PowerShell\RyukReadMe.html</Data><Data Name='CreationUtcTime'>2020-11-16 13:25:59.673</Data></EventData></Event>
4701:<Event xmlns='http://schemas.microsoft.com/win/2004/08/events/event'><System><Provider Name='Microsoft-Windows-Sysmon' Guid='{5770385F-C22A-43E0-BF4C-06F5698FFBD9}'/><EventID>11</EventID><Version>2</Version><Level>4</Level><Task>11</Task><Opcode>0</Opcode><Keywords>0x8000000000000000</Keywords><TimeCreated SystemTime='2020-11-16T13:25:59.679161400Z'/><EventRecordID>79584</EventRecordID><Correlation/><Execution ProcessID='1468' ThreadID='3172'/><Channel>Microsoft-Windows-Sysmon/Operational</Channel><Computer>win-client-4137150</Computer><Security UserID='S-1-5-18'/></System><EventData><Data Name='RuleName'>T1023</Data><Data Name='UtcTime'>2020-11-16 13:25:59.673</Data><Data Name='ProcessGuid'>{51A89197-7BE2-5FB2-0000-001005510200}</Data><Data Name='ProcessId'>832</Data><Data Name='Image'>C:\Windows\system32\svchost.exe</Data><Data Name='TargetFilename'>C:\Users\vagrant\AppData\Roaming\Microsoft\Windows\Start Menu\Programs\System Tools\RyukReadMe.html</Data><Data Name='CreationUtcTime'>2020-11-16 13:25:59.673</Data></EventData></Event>
4702:<Event xmlns='http://schemas.microsoft.com/win/2004/08/events/event'><System><Provider Name='Microsoft-Windows-Sysmon' Guid='{5770385F-C22A-43E0-BF4C-06F5698FFBD9}'/><EventID>11</EventID><Version>2</Version><Level>4</Level><Task>11</Task><Opcode>0</Opcode><Keywords>0x8000000000000000</Keywords><TimeCreated SystemTime='2020-11-16T13:25:59.678454700Z'/><EventRecordID>79583</EventRecordID><Correlation/><Execution ProcessID='1468' ThreadID='3172'/><Channel>Microsoft-Windows-Sysmon/Operational</Channel><Computer>win-client-4137150</Computer><Security UserID='S-1-5-18'/></System><EventData><Data Name='RuleName'>T1023</Data><Data Name='UtcTime'>2020-11-16 13:25:59.673</Data><Data Name='ProcessGuid'>{51A89197-7BE2-5FB2-0000-001005510200}</Data><Data Name='ProcessId'>832</Data><Data Name='Image'>C:\Windows\system32\svchost.exe</Data><Data Name='TargetFilename'>C:\Users\vagrant\AppData\Roaming\Microsoft\Windows\Start Menu\Programs\Startup\RyukReadMe.html</Data><Data Name='CreationUtcTime'>2020-11-16 13:25:59.673</Data></EventData></Event>
4703:<Event xmlns='http://schemas.microsoft.com/win/2004/08/events/event'><System><Provider Name='Microsoft-Windows-Sysmon' Guid='{5770385F-C22A-43E0-BF4C-06F5698FFBD9}'/><EventID>11</EventID><Version>2</Version><Level>4</Level><Task>11</Task><Opcode>0</Opcode><Keywords>0x8000000000000000</Keywords><TimeCreated SystemTime='2020-11-16T13:25:59.678298000Z'/><EventRecordID>79582</EventRecordID><Correlation/><Execution ProcessID='1468' ThreadID='3172'/><Channel>Microsoft-Windows-Sysmon/Operational</Channel><Computer>win-client-4137150</Computer><Security UserID='S-1-5-18'/></System><EventData><Data Name='RuleName'>T1023</Data><Data Name='UtcTime'>2020-11-16 13:25:59.673</Data><Data Name='ProcessGuid'>{51A89197-7BE2-5FB2-0000-001005510200}</Data><Data Name='ProcessId'>832</Data><Data Name='Image'>C:\Windows\system32\svchost.exe</Data><Data Name='TargetFilename'>C:\Users\vagrant\AppData\Roaming\Microsoft\Windows\Start Menu\Programs\Oracle VM VirtualBox Guest Additions\RyukReadMe.html</Data><Data Name='CreationUtcTime'>2020-11-16 13:25:59.673</Data></EventData></Event>
4704:<Event xmlns='http://schemas.microsoft.com/win/2004/08/events/event'><System><Provider Name='Microsoft-Windows-Sysmon' Guid='{5770385F-C22A-43E0-BF4C-06F5698FFBD9}'/><EventID>11</EventID><Version>2</Version><Level>4</Level><Task>11</Task><Opcode>0</Opcode><Keywords>0x8000000000000000</Keywords><TimeCreated SystemTime='2020-11-16T13:25:59.676331900Z'/><EventRecordID>79581</EventRecordID><Correlation/><Execution ProcessID='1468' ThreadID='3172'/><Channel>Microsoft-Windows-Sysmon/Operational</Channel><Computer>win-client-4137150</Computer><Security UserID='S-1-5-18'/></System><EventData><Data Name='RuleName'>T1023</Data><Data Name='UtcTime'>2020-11-16 13:25:59.673</Data><Data Name='ProcessGuid'>{51A89197-7BE2-5FB2-0000-001005510200}</Data><Data Name='ProcessId'>832</Data><Data Name='Image'>C:\Windows\system32\svchost.exe</Data><Data Name='TargetFilename'>C:\Users\vagrant\AppData\Roaming\Microsoft\Windows\Start Menu\Programs\Maintenance\RyukReadMe.html</Data><Data Name='CreationUtcTime'>2020-11-16 13:25:59.673</Data></EventData></Event>
4705:<Event xmlns='http://schemas.microsoft.com/win/2004/08/events/event'><System><Provider Name='Microsoft-Windows-Sysmon' Guid='{5770385F-C22A-43E0-BF4C-06F5698FFBD9}'/><EventID>11</EventID><Version>2</Version><Level>4</Level><Task>11</Task><Opcode>0</Opcode><Keywords>0x8000000000000000</Keywords><TimeCreated SystemTime='2020-11-16T13:25:59.676253200Z'/><EventRecordID>79580</EventRecordID><Correlation/><Execution ProcessID='1468' ThreadID='3172'/><Channel>Microsoft-Windows-Sysmon/Operational</Channel><Computer>win-client-4137150</Computer><Security UserID='S-1-5-18'/></System><EventData><Data Name='RuleName'>T1023</Data><Data Name='UtcTime'>2020-11-16 13:25:59.673</Data><Data Name='ProcessGuid'>{51A89197-7BE2-5FB2-0000-001005510200}</Data><Data Name='ProcessId'>832</Data><Data Name='Image'>C:\Windows\system32\svchost.exe</Data><Data Name='TargetFilename'>C:\Users\vagrant\AppData\Roaming\Microsoft\Windows\Start Menu\Programs\Administrative Tools\RyukReadMe.html</Data><Data Name='CreationUtcTime'>2020-11-16 13:25:59.673</Data></EventData></Event>
4706:<Event xmlns='http://schemas.microsoft.com/win/2004/08/events/event'><System><Provider Name='Microsoft-Windows-Sysmon' Guid='{5770385F-C22A-43E0-BF4C-06F5698FFBD9}'/><EventID>11</EventID><Version>2</Version><Level>4</Level><Task>11</Task><Opcode>0</Opcode><Keywords>0x8000000000000000</Keywords><TimeCreated SystemTime='2020-11-16T13:25:59.676068300Z'/><EventRecordID>79579</EventRecordID><Correlation/><Execution ProcessID='1468' ThreadID='3172'/><Channel>Microsoft-Windows-Sysmon/Operational</Channel><Computer>win-client-4137150</Computer><Security UserID='S-1-5-18'/></System><EventData><Data Name='RuleName'>T1023</Data><Data Name='UtcTime'>2020-11-16 13:25:59.673</Data><Data Name='ProcessGuid'>{51A89197-7BE2-5FB2-0000-001005510200}</Data><Data Name='ProcessId'>832</Data><Data Name='Image'>C:\Windows\system32\svchost.exe</Data><Data Name='TargetFilename'>C:\Users\vagrant\AppData\Roaming\Microsoft\Windows\Start Menu\Programs\Accessories\RyukReadMe.html</Data><Data Name='CreationUtcTime'>2020-11-16 13:25:59.673</Data></EventData></Event>
4707:<Event xmlns='http://schemas.microsoft.com/win/2004/08/events/event'><System><Provider Name='Microsoft-Windows-Sysmon' Guid='{5770385F-C22A-43E0-BF4C-06F5698FFBD9}'/><EventID>11</EventID><Version>2</Version><Level>4</Level><Task>11</Task><Opcode>0</Opcode><Keywords>0x8000000000000000</Keywords><TimeCreated SystemTime='2020-11-16T13:25:59.674294200Z'/><EventRecordID>79578</EventRecordID><Correlation/><Execution ProcessID='1468' ThreadID='3172'/><Channel>Microsoft-Windows-Sysmon/Operational</Channel><Computer>win-client-4137150</Computer><Security UserID='S-1-5-18'/></System><EventData><Data Name='RuleName'>T1023</Data><Data Name='UtcTime'>2020-11-16 13:25:59.662</Data><Data Name='ProcessGuid'>{51A89197-7BE2-5FB2-0000-001005510200}</Data><Data Name='ProcessId'>832</Data><Data Name='Image'>C:\Windows\system32\svchost.exe</Data><Data Name='TargetFilename'>C:\Users\vagrant\AppData\Roaming\Microsoft\Windows\Start Menu\Programs\Accessibility\RyukReadMe.html</Data><Data Name='CreationUtcTime'>2020-11-16 13:25:59.662</Data></EventData></Event>
4708:<Event xmlns='http://schemas.microsoft.com/win/2004/08/events/event'><System><Provider Name='Microsoft-Windows-Sysmon' Guid='{5770385F-C22A-43E0-BF4C-06F5698FFBD9}'/><EventID>11</EventID><Version>2</Version><Level>4</Level><Task>11</Task><Opcode>0</Opcode><Keywords>0x8000000000000000</Keywords><TimeCreated SystemTime='2020-11-16T13:25:59.671671000Z'/><EventRecordID>79577</EventRecordID><Correlation/><Execution ProcessID='1468' ThreadID='3172'/><Channel>Microsoft-Windows-Sysmon/Operational</Channel><Computer>win-client-4137150</Computer><Security UserID='S-1-5-18'/></System><EventData><Data Name='RuleName'>T1023</Data><Data Name='UtcTime'>2020-11-16 13:25:59.662</Data><Data Name='ProcessGuid'>{51A89197-7BE2-5FB2-0000-001005510200}</Data><Data Name='ProcessId'>832</Data><Data Name='Image'>C:\Windows\system32\svchost.exe</Data><Data Name='TargetFilename'>C:\Users\vagrant\AppData\Roaming\Microsoft\Windows\Start Menu\Programs\RyukReadMe.html</Data><Data Name='CreationUtcTime'>2020-11-16 13:25:59.662</Data></EventData></Event>
4709:<Event xmlns='http://schemas.microsoft.com/win/2004/08/events/event'><System><Provider Name='Microsoft-Windows-Sysmon' Guid='{5770385F-C22A-43E0-BF4C-06F5698FFBD9}'/><EventID>11</EventID><Version>2</Version><Level>4</Level><Task>11</Task><Opcode>0</Opcode><Keywords>0x8000000000000000</Keywords><TimeCreated SystemTime='2020-11-16T13:25:59.671081500Z'/><EventRecordID>79576</EventRecordID><Correlation/><Execution ProcessID='1468' ThreadID='3172'/><Channel>Microsoft-Windows-Sysmon/Operational</Channel><Computer>win-client-4137150</Computer><Security UserID='S-1-5-18'/></System><EventData><Data Name='RuleName'>T1023</Data><Data Name='UtcTime'>2020-11-16 13:25:59.662</Data><Data Name='ProcessGuid'>{51A89197-7BE2-5FB2-0000-001005510200}</Data><Data Name='ProcessId'>832</Data><Data Name='Image'>C:\Windows\system32\svchost.exe</Data><Data Name='TargetFilename'>C:\Users\vagrant\AppData\Roaming\Microsoft\Windows\Start Menu\RyukReadMe.html</Data><Data Name='CreationUtcTime'>2020-11-16 13:25:59.615</Data></EventData></Event>
