# family=ryuk technique=T1486 (Data Encrypted for Impact)
# patterns (each run as its own 'grep -inE', matches unioned): ['TargetFilename.*readme', 'TargetFilename.*ransom', 'TargetFilename.*decrypt', 'TargetFilename.*\\.locked', 'TargetFilename.*\\.lockbit']
# files searched: ['/home/kali/director/projects/_corpora/attack_data/datasets/malware/ryuk/windows-sysmon.log']
# matched lines (after noise exclusion): 71
# lines dropped by NOISE_EXCLUDE_PATTERN (Aurora-Agent|sigma-rules|\.yml\.tmp): 0
#
2149:<Event xmlns='http://schemas.microsoft.com/win/2004/08/events/event'><System><Provider Name='Microsoft-Windows-Sysmon' Guid='{5770385F-C22A-43E0-BF4C-06F5698FFBD9}'/><EventID>11</EventID><Version>2</Version><Level>4</Level><Task>11</Task><Opcode>0</Opcode><Keywords>0x8000000000000000</Keywords><TimeCreated SystemTime='2020-11-16T13:24:03.686743900Z'/><EventRecordID>77074</EventRecordID><Correlation/><Execution ProcessID='1468' ThreadID='3172'/><Channel>Microsoft-Windows-Sysmon/Operational</Channel><Computer>win-client-4137150</Computer><Security UserID='S-1-5-18'/></System><EventData><Data Name='RuleName'>T1023</Data><Data Name='UtcTime'>2020-11-16 13:24:03.642</Data><Data Name='ProcessGuid'>{51A89197-7BE2-5FB2-0000-001005510200}</Data><Data Name='ProcessId'>832</Data><Data Name='Image'>C:\Windows\system32\svchost.exe</Data><Data Name='TargetFilename'>C:\ProgramData\Microsoft\Windows\Start Menu\Programs\RyukReadMe.html</Data><Data Name='CreationUtcTime'>2020-11-16 13:24:03.642</Data></EventData></Event>
2152:<Event xmlns='http://schemas.microsoft.com/win/2004/08/events/event'><System><Provider Name='Microsoft-Windows-Sysmon' Guid='{5770385F-C22A-43E0-BF4C-06F5698FFBD9}'/><EventID>11</EventID><Version>2</Version><Level>4</Level><Task>11</Task><Opcode>0</Opcode><Keywords>0x8000000000000000</Keywords><TimeCreated SystemTime='2020-11-16T13:24:03.685654600Z'/><EventRecordID>77071</EventRecordID><Correlation/><Execution ProcessID='1468' ThreadID='3172'/><Channel>Microsoft-Windows-Sysmon/Operational</Channel><Computer>win-client-4137150</Computer><Security UserID='S-1-5-18'/></System><EventData><Data Name='RuleName'>T1023</Data><Data Name='UtcTime'>2020-11-16 13:24:03.628</Data><Data Name='ProcessGuid'>{51A89197-7BE2-5FB2-0000-001005510200}</Data><Data Name='ProcessId'>832</Data><Data Name='Image'>C:\Windows\system32\svchost.exe</Data><Data Name='TargetFilename'>C:\ProgramData\Microsoft\Windows\Start Menu\RyukReadMe.html</Data><Data Name='CreationUtcTime'>2020-11-16 13:24:03.628</Data></EventData></Event>
2190:<Event xmlns='http://schemas.microsoft.com/win/2004/08/events/event'><System><Provider Name='Microsoft-Windows-Sysmon' Guid='{5770385F-C22A-43E0-BF4C-06F5698FFBD9}'/><EventID>11</EventID><Version>2</Version><Level>4</Level><Task>11</Task><Opcode>0</Opcode><Keywords>0x8000000000000000</Keywords><TimeCreated SystemTime='2020-11-16T13:24:04.897342600Z'/><EventRecordID>77091</EventRecordID><Correlation/><Execution ProcessID='1468' ThreadID='3172'/><Channel>Microsoft-Windows-Sysmon/Operational</Channel><Computer>win-client-4137150</Computer><Security UserID='S-1-5-18'/></System><EventData><Data Name='RuleName'>T1023</Data><Data Name='UtcTime'>2020-11-16 13:24:04.880</Data><Data Name='ProcessGuid'>{51A89197-7BE2-5FB2-0000-001005510200}</Data><Data Name='ProcessId'>832</Data><Data Name='Image'>C:\Windows\system32\svchost.exe</Data><Data Name='TargetFilename'>C:\ProgramData\Microsoft\Windows\Start Menu Places\RyukReadMe.html</Data><Data Name='CreationUtcTime'>2020-11-16 13:24:04.880</Data></EventData></Event>
2215:<Event xmlns='http://schemas.microsoft.com/win/2004/08/events/event'><System><Provider Name='Microsoft-Windows-Sysmon' Guid='{5770385F-C22A-43E0-BF4C-06F5698FFBD9}'/><EventID>11</EventID><Version>2</Version><Level>4</Level><Task>11</Task><Opcode>0</Opcode><Keywords>0x8000000000000000</Keywords><TimeCreated SystemTime='2020-11-16T13:24:05.159815800Z'/><EventRecordID>77096</EventRecordID><Correlation/><Execution ProcessID='1468' ThreadID='3172'/><Channel>Microsoft-Windows-Sysmon/Operational</Channel><Computer>win-client-4137150</Computer><Security UserID='S-1-5-18'/></System><EventData><Data Name='RuleName'>T1023</Data><Data Name='UtcTime'>2020-11-16 13:24:05.157</Data><Data Name='ProcessGuid'>{51A89197-7BE2-5FB2-0000-001005510200}</Data><Data Name='ProcessId'>832</Data><Data Name='Image'>C:\Windows\system32\svchost.exe</Data><Data Name='TargetFilename'>C:\ProgramData\Microsoft\Windows\Start Menu\Programs\System Tools\RyukReadMe.html</Data><Data Name='CreationUtcTime'>2020-11-16 13:24:05.157</Data></EventData></Event>
2216:<Event xmlns='http://schemas.microsoft.com/win/2004/08/events/event'><System><Provider Name='Microsoft-Windows-Sysmon' Guid='{5770385F-C22A-43E0-BF4C-06F5698FFBD9}'/><EventID>11</EventID><Version>2</Version><Level>4</Level><Task>11</Task><Opcode>0</Opcode><Keywords>0x8000000000000000</Keywords><TimeCreated SystemTime='2020-11-16T13:24:05.155472200Z'/><EventRecordID>77095</EventRecordID><Correlation/><Execution ProcessID='1468' ThreadID='3172'/><Channel>Microsoft-Windows-Sysmon/Operational</Channel><Computer>win-client-4137150</Computer><Security UserID='S-1-5-18'/></System><EventData><Data Name='RuleName'>T1023</Data><Data Name='UtcTime'>2020-11-16 13:24:05.143</Data><Data Name='ProcessGuid'>{51A89197-7BE2-5FB2-0000-001005510200}</Data><Data Name='ProcessId'>832</Data><Data Name='Image'>C:\Windows\system32\svchost.exe</Data><Data Name='TargetFilename'>C:\ProgramData\Microsoft\Windows\Start Menu\Programs\StartUp\RyukReadMe.html</Data><Data Name='CreationUtcTime'>2020-11-16 13:24:05.143</Data></EventData></Event>
2217:<Event xmlns='http://schemas.microsoft.com/win/2004/08/events/event'><System><Provider Name='Microsoft-Windows-Sysmon' Guid='{5770385F-C22A-43E0-BF4C-06F5698FFBD9}'/><EventID>11</EventID><Version>2</Version><Level>4</Level><Task>11</Task><Opcode>0</Opcode><Keywords>0x8000000000000000</Keywords><TimeCreated SystemTime='2020-11-16T13:24:05.149247200Z'/><EventRecordID>77094</EventRecordID><Correlation/><Execution ProcessID='1468' ThreadID='3172'/><Channel>Microsoft-Windows-Sysmon/Operational</Channel><Computer>win-client-4137150</Computer><Security UserID='S-1-5-18'/></System><EventData><Data Name='RuleName'>T1023</Data><Data Name='UtcTime'>2020-11-16 13:24:05.143</Data><Data Name='ProcessGuid'>{51A89197-7BE2-5FB2-0000-001005510200}</Data><Data Name='ProcessId'>832</Data><Data Name='Image'>C:\Windows\system32\svchost.exe</Data><Data Name='TargetFilename'>C:\ProgramData\Microsoft\Windows\Start Menu\Programs\Maintenance\RyukReadMe.html</Data><Data Name='CreationUtcTime'>2020-11-16 13:24:05.143</Data></EventData></Event>
2218:<Event xmlns='http://schemas.microsoft.com/win/2004/08/events/event'><System><Provider Name='Microsoft-Windows-Sysmon' Guid='{5770385F-C22A-43E0-BF4C-06F5698FFBD9}'/><EventID>11</EventID><Version>2</Version><Level>4</Level><Task>11</Task><Opcode>0</Opcode><Keywords>0x8000000000000000</Keywords><TimeCreated SystemTime='2020-11-16T13:24:05.135292100Z'/><EventRecordID>77093</EventRecordID><Correlation/><Execution ProcessID='1468' ThreadID='3172'/><Channel>Microsoft-Windows-Sysmon/Operational</Channel><Computer>win-client-4137150</Computer><Security UserID='S-1-5-18'/></System><EventData><Data Name='RuleName'>T1023</Data><Data Name='UtcTime'>2020-11-16 13:24:05.130</Data><Data Name='ProcessGuid'>{51A89197-7BE2-5FB2-0000-001005510200}</Data><Data Name='ProcessId'>832</Data><Data Name='Image'>C:\Windows\system32\svchost.exe</Data><Data Name='TargetFilename'>C:\ProgramData\Microsoft\Windows\Start Menu\Programs\Accessories\RyukReadMe.html</Data><Data Name='CreationUtcTime'>2020-11-16 13:24:05.117</Data></EventData></Event>
2219:<Event xmlns='http://schemas.microsoft.com/win/2004/08/events/event'><System><Provider Name='Microsoft-Windows-Sysmon' Guid='{5770385F-C22A-43E0-BF4C-06F5698FFBD9}'/><EventID>11</EventID><Version>2</Version><Level>4</Level><Task>11</Task><Opcode>0</Opcode><Keywords>0x8000000000000000</Keywords><TimeCreated SystemTime='2020-11-16T13:24:05.125041700Z'/><EventRecordID>77092</EventRecordID><Correlation/><Execution ProcessID='1468' ThreadID='3172'/><Channel>Microsoft-Windows-Sysmon/Operational</Channel><Computer>win-client-4137150</Computer><Security UserID='S-1-5-18'/></System><EventData><Data Name='RuleName'>T1023</Data><Data Name='UtcTime'>2020-11-16 13:24:05.117</Data><Data Name='ProcessGuid'>{51A89197-7BE2-5FB2-0000-001005510200}</Data><Data Name='ProcessId'>832</Data><Data Name='Image'>C:\Windows\system32\svchost.exe</Data><Data Name='TargetFilename'>C:\ProgramData\Microsoft\Windows\Start Menu\Programs\Accessibility\RyukReadMe.html</Data><Data Name='CreationUtcTime'>2020-11-16 13:24:05.117</Data></EventData></Event>
2259:<Event xmlns='http://schemas.microsoft.com/win/2004/08/events/event'><System><Provider Name='Microsoft-Windows-Sysmon' Guid='{5770385F-C22A-43E0-BF4C-06F5698FFBD9}'/><EventID>11</EventID><Version>2</Version><Level>4</Level><Task>11</Task><Opcode>0</Opcode><Keywords>0x8000000000000000</Keywords><TimeCreated SystemTime='2020-11-16T13:24:08.796074400Z'/><EventRecordID>77156</EventRecordID><Correlation/><Execution ProcessID='1468' ThreadID='3172'/><Channel>Microsoft-Windows-Sysmon/Operational</Channel><Computer>win-client-4137150</Computer><Security UserID='S-1-5-18'/></System><EventData><Data Name='RuleName'>T1023</Data><Data Name='UtcTime'>2020-11-16 13:24:08.781</Data><Data Name='ProcessGuid'>{51A89197-7BE2-5FB2-0000-001005510200}</Data><Data Name='ProcessId'>832</Data><Data Name='Image'>C:\Windows\system32\svchost.exe</Data><Data Name='TargetFilename'>C:\ProgramData\Microsoft\Windows\Start Menu\Programs\Accessories\System Tools\RyukReadMe.html</Data><Data Name='CreationUtcTime'>2020-11-16 13:24:08.698</Data></EventData></Event>
2783:<Event xmlns='http://schemas.microsoft.com/win/2004/08/events/event'><System><Provider Name='Microsoft-Windows-Sysmon' Guid='{5770385F-C22A-43E0-BF4C-06F5698FFBD9}'/><EventID>11</EventID><Version>2</Version><Level>4</Level><Task>11</Task><Opcode>0</Opcode><Keywords>0x8000000000000000</Keywords><TimeCreated SystemTime='2020-11-16T13:24:09.029444500Z'/><EventRecordID>77174</EventRecordID><Correlation/><Execution ProcessID='1468' ThreadID='3172'/><Channel>Microsoft-Windows-Sysmon/Operational</Channel><Computer>win-client-4137150</Computer><Security UserID='S-1-5-18'/></System><EventData><Data Name='RuleName'>T1023</Data><Data Name='UtcTime'>2020-11-16 13:24:09.013</Data><Data Name='ProcessGuid'>{51A89197-7BE2-5FB2-0000-001005510200}</Data><Data Name='ProcessId'>832</Data><Data Name='Image'>C:\Windows\system32\svchost.exe</Data><Data Name='TargetFilename'>C:\ProgramData\Microsoft\Windows\Start Menu\Programs\Microsoft Silverlight\RyukReadMe.html</Data><Data Name='CreationUtcTime'>2020-11-16 13:24:09.013</Data></EventData></Event>
2794:<Event xmlns='http://schemas.microsoft.com/win/2004/08/events/event'><System><Provider Name='Microsoft-Windows-Sysmon' Guid='{5770385F-C22A-43E0-BF4C-06F5698FFBD9}'/><EventID>11</EventID><Version>2</Version><Level>4</Level><Task>11</Task><Opcode>0</Opcode><Keywords>0x8000000000000000</Keywords><TimeCreated SystemTime='2020-11-16T13:24:09.009517600Z'/><EventRecordID>77163</EventRecordID><Correlation/><Execution ProcessID='1468' ThreadID='3172'/><Channel>Microsoft-Windows-Sysmon/Operational</Channel><Computer>win-client-4137150</Computer><Security UserID='S-1-5-18'/></System><EventData><Data Name='RuleName'>T1023</Data><Data Name='UtcTime'>2020-11-16 13:24:09.000</Data><Data Name='ProcessGuid'>{51A89197-7BE2-5FB2-0000-001005510200}</Data><Data Name='ProcessId'>832</Data><Data Name='Image'>C:\Windows\system32\svchost.exe</Data><Data Name='TargetFilename'>C:\ProgramData\Microsoft\Windows\Start Menu\Programs\Administrative Tools\RyukReadMe.html</Data><Data Name='CreationUtcTime'>2020-11-16 13:24:08.918</Data></EventData></Event>
2928:<Event xmlns='http://schemas.microsoft.com/win/2004/08/events/event'><System><Provider Name='Microsoft-Windows-Sysmon' Guid='{5770385F-C22A-43E0-BF4C-06F5698FFBD9}'/><EventID>11</EventID><Version>2</Version><Level>4</Level><Task>11</Task><Opcode>0</Opcode><Keywords>0x8000000000000000</Keywords><TimeCreated SystemTime='2020-11-16T13:24:12.572452300Z'/><EventRecordID>77815</EventRecordID><Correlation/><Execution ProcessID='1468' ThreadID='3172'/><Channel>Microsoft-Windows-Sysmon/Operational</Channel><Computer>win-client-4137150</Computer><Security UserID='S-1-5-18'/></System><EventData><Data Name='RuleName'>Downloads</Data><Data Name='UtcTime'>2020-11-16 13:24:12.531</Data><Data Name='ProcessGuid'>{51A89197-7BE2-5FB2-0000-001005510200}</Data><Data Name='ProcessId'>832</Data><Data Name='Image'>C:\Windows\system32\svchost.exe</Data><Data Name='TargetFilename'>C:\ProgramData\Microsoft\Windows\DeviceMetadataCache\dmrccache\downloads\RyukReadMe.html</Data><Data Name='CreationUtcTime'>2020-11-16 13:24:12.531</Data></EventData></Event>
3448:<Event xmlns='http://schemas.microsoft.com/win/2004/08/events/event'><System><Provider Name='Microsoft-Windows-Sysmon' Guid='{5770385F-C22A-43E0-BF4C-06F5698FFBD9}'/><EventID>11</EventID><Version>2</Version><Level>4</Level><Task>11</Task><Opcode>0</Opcode><Keywords>0x8000000000000000</Keywords><TimeCreated SystemTime='2020-11-16T13:24:34.895782400Z'/><EventRecordID>78341</EventRecordID><Correlation/><Execution ProcessID='1468' ThreadID='3172'/><Channel>Microsoft-Windows-Sysmon/Operational</Channel><Computer>win-client-4137150</Computer><Security UserID='S-1-5-18'/></System><EventData><Data Name='RuleName'>DefaultUserModified</Data><Data Name='UtcTime'>2020-11-16 13:24:34.871</Data><Data Name='ProcessGuid'>{51A89197-7BE2-5FB2-0000-001005510200}</Data><Data Name='ProcessId'>832</Data><Data Name='Image'>C:\Windows\system32\svchost.exe</Data><Data Name='TargetFilename'>C:\Users\Default\AppData\Local\RyukReadMe.html</Data><Data Name='CreationUtcTime'>2020-11-16 13:24:34.871</Data></EventData></Event>
3449:<Event xmlns='http://schemas.microsoft.com/win/2004/08/events/event'><System><Provider Name='Microsoft-Windows-Sysmon' Guid='{5770385F-C22A-43E0-BF4C-06F5698FFBD9}'/><EventID>11</EventID><Version>2</Version><Level>4</Level><Task>11</Task><Opcode>0</Opcode><Keywords>0x8000000000000000</Keywords><TimeCreated SystemTime='2020-11-16T13:24:34.895648700Z'/><EventRecordID>78340</EventRecordID><Correlation/><Execution ProcessID='1468' ThreadID='3172'/><Channel>Microsoft-Windows-Sysmon/Operational</Channel><Computer>win-client-4137150</Computer><Security UserID='S-1-5-18'/></System><EventData><Data Name='RuleName'>DefaultUserModified</Data><Data Name='UtcTime'>2020-11-16 13:24:34.871</Data><Data Name='ProcessGuid'>{51A89197-7BE2-5FB2-0000-001005510200}</Data><Data Name='ProcessId'>832</Data><Data Name='Image'>C:\Windows\system32\svchost.exe</Data><Data Name='TargetFilename'>C:\Users\Default\AppData\RyukReadMe.html</Data><Data Name='CreationUtcTime'>2020-11-16 13:24:34.871</Data></EventData></Event>
3450:<Event xmlns='http://schemas.microsoft.com/win/2004/08/events/event'><System><Provider Name='Microsoft-Windows-Sysmon' Guid='{5770385F-C22A-43E0-BF4C-06F5698FFBD9}'/><EventID>11</EventID><Version>2</Version><Level>4</Level><Task>11</Task><Opcode>0</Opcode><Keywords>0x8000000000000000</Keywords><TimeCreated SystemTime='2020-11-16T13:24:34.895523900Z'/><EventRecordID>78339</EventRecordID><Correlation/><Execution ProcessID='1468' ThreadID='3172'/><Channel>Microsoft-Windows-Sysmon/Operational</Channel><Computer>win-client-4137150</Computer><Security UserID='S-1-5-18'/></System><EventData><Data Name='RuleName'>DefaultUserModified</Data><Data Name='UtcTime'>2020-11-16 13:24:34.871</Data><Data Name='ProcessGuid'>{51A89197-7BE2-5FB2-0000-001005510200}</Data><Data Name='ProcessId'>832</Data><Data Name='Image'>C:\Windows\system32\svchost.exe</Data><Data Name='TargetFilename'>C:\Users\Default\RyukReadMe.html</Data><Data Name='CreationUtcTime'>2020-11-16 13:24:34.871</Data></EventData></Event>
3459:<Event xmlns='http://schemas.microsoft.com/win/2004/08/events/event'><System><Provider Name='Microsoft-Windows-Sysmon' Guid='{5770385F-C22A-43E0-BF4C-06F5698FFBD9}'/><EventID>11</EventID><Version>2</Version><Level>4</Level><Task>11</Task><Opcode>0</Opcode><Keywords>0x8000000000000000</Keywords><TimeCreated SystemTime='2020-11-16T13:24:35.394440500Z'/><EventRecordID>78363</EventRecordID><Correlation/><Execution ProcessID='1468' ThreadID='3172'/><Channel>Microsoft-Windows-Sysmon/Operational</Channel><Computer>win-client-4137150</Computer><Security UserID='S-1-5-18'/></System><EventData><Data Name='RuleName'>DefaultUserModified</Data><Data Name='UtcTime'>2020-11-16 13:24:35.333</Data><Data Name='ProcessGuid'>{51A89197-7BE2-5FB2-0000-001005510200}</Data><Data Name='ProcessId'>832</Data><Data Name='Image'>C:\Windows\system32\svchost.exe</Data><Data Name='TargetFilename'>C:\Users\Default\AppData\Local\Microsoft\InputPersonalization\TrainedDataStore\RyukReadMe.html</Data><Data Name='CreationUtcTime'>2020-11-16 13:24:35.333</Data></EventData></Event>
3460:<Event xmlns='http://schemas.microsoft.com/win/2004/08/events/event'><System><Provider Name='Microsoft-Windows-Sysmon' Guid='{5770385F-C22A-43E0-BF4C-06F5698FFBD9}'/><EventID>11</EventID><Version>2</Version><Level>4</Level><Task>11</Task><Opcode>0</Opcode><Keywords>0x8000000000000000</Keywords><TimeCreated SystemTime='2020-11-16T13:24:35.394330900Z'/><EventRecordID>78362</EventRecordID><Correlation/><Execution ProcessID='1468' ThreadID='3172'/><Channel>Microsoft-Windows-Sysmon/Operational</Channel><Computer>win-client-4137150</Computer><Security UserID='S-1-5-18'/></System><EventData><Data Name='RuleName'>DefaultUserModified</Data><Data Name='UtcTime'>2020-11-16 13:24:35.318</Data><Data Name='ProcessGuid'>{51A89197-7BE2-5FB2-0000-001005510200}</Data><Data Name='ProcessId'>832</Data><Data Name='Image'>C:\Windows\system32\svchost.exe</Data><Data Name='TargetFilename'>C:\Users\Default\AppData\Local\Microsoft\Windows Sidebar\Gadgets\RyukReadMe.html</Data><Data Name='CreationUtcTime'>2020-11-16 13:24:35.318</Data></EventData></Event>
3461:<Event xmlns='http://schemas.microsoft.com/win/2004/08/events/event'><System><Provider Name='Microsoft-Windows-Sysmon' Guid='{5770385F-C22A-43E0-BF4C-06F5698FFBD9}'/><EventID>11</EventID><Version>2</Version><Level>4</Level><Task>11</Task><Opcode>0</Opcode><Keywords>0x8000000000000000</Keywords><TimeCreated SystemTime='2020-11-16T13:24:35.394217500Z'/><EventRecordID>78361</EventRecordID><Correlation/><Execution ProcessID='1468' ThreadID='3172'/><Channel>Microsoft-Windows-Sysmon/Operational</Channel><Computer>win-client-4137150</Computer><Security UserID='S-1-5-18'/></System><EventData><Data Name='RuleName'>DefaultUserModified</Data><Data Name='UtcTime'>2020-11-16 13:24:35.303</Data><Data Name='ProcessGuid'>{51A89197-7BE2-5FB2-0000-001005510200}</Data><Data Name='ProcessId'>832</Data><Data Name='Image'>C:\Windows\system32\svchost.exe</Data><Data Name='TargetFilename'>C:\Users\Default\AppData\Local\Microsoft\Windows\WinX\Group3\RyukReadMe.html</Data><Data Name='CreationUtcTime'>2020-11-16 13:24:35.303</Data></EventData></Event>
3462:<Event xmlns='http://schemas.microsoft.com/win/2004/08/events/event'><System><Provider Name='Microsoft-Windows-Sysmon' Guid='{5770385F-C22A-43E0-BF4C-06F5698FFBD9}'/><EventID>11</EventID><Version>2</Version><Level>4</Level><Task>11</Task><Opcode>0</Opcode><Keywords>0x8000000000000000</Keywords><TimeCreated SystemTime='2020-11-16T13:24:35.394087800Z'/><EventRecordID>78360</EventRecordID><Correlation/><Execution ProcessID='1468' ThreadID='3172'/><Channel>Microsoft-Windows-Sysmon/Operational</Channel><Computer>win-client-4137150</Computer><Security UserID='S-1-5-18'/></System><EventData><Data Name='RuleName'>DefaultUserModified</Data><Data Name='UtcTime'>2020-11-16 13:24:35.303</Data><Data Name='ProcessGuid'>{51A89197-7BE2-5FB2-0000-001005510200}</Data><Data Name='ProcessId'>832</Data><Data Name='Image'>C:\Windows\system32\svchost.exe</Data><Data Name='TargetFilename'>C:\Users\Default\AppData\Local\Microsoft\Windows\WinX\Group2\RyukReadMe.html</Data><Data Name='CreationUtcTime'>2020-11-16 13:24:35.303</Data></EventData></Event>
3464:<Event xmlns='http://schemas.microsoft.com/win/2004/08/events/event'><System><Provider Name='Microsoft-Windows-Sysmon' Guid='{5770385F-C22A-43E0-BF4C-06F5698FFBD9}'/><EventID>11</EventID><Version>2</Version><Level>4</Level><Task>11</Task><Opcode>0</Opcode><Keywords>0x8000000000000000</Keywords><TimeCreated SystemTime='2020-11-16T13:24:35.305200100Z'/><EventRecordID>78358</EventRecordID><Correlation/><Execution ProcessID='1468' ThreadID='3172'/><Channel>Microsoft-Windows-Sysmon/Operational</Channel><Computer>win-client-4137150</Computer><Security UserID='S-1-5-18'/></System><EventData><Data Name='RuleName'>DefaultUserModified</Data><Data Name='UtcTime'>2020-11-16 13:24:35.258</Data><Data Name='ProcessGuid'>{51A89197-7BE2-5FB2-0000-001005510200}</Data><Data Name='ProcessId'>832</Data><Data Name='Image'>C:\Windows\system32\svchost.exe</Data><Data Name='TargetFilename'>C:\Users\Default\AppData\Local\Microsoft\Windows\WinX\Group1\RyukReadMe.html</Data><Data Name='CreationUtcTime'>2020-11-16 13:24:35.258</Data></EventData></Event>
3465:<Event xmlns='http://schemas.microsoft.com/win/2004/08/events/event'><System><Provider Name='Microsoft-Windows-Sysmon' Guid='{5770385F-C22A-43E0-BF4C-06F5698FFBD9}'/><EventID>11</EventID><Version>2</Version><Level>4</Level><Task>11</Task><Opcode>0</Opcode><Keywords>0x8000000000000000</Keywords><TimeCreated SystemTime='2020-11-16T13:24:35.305100700Z'/><EventRecordID>78357</EventRecordID><Correlation/><Execution ProcessID='1468' ThreadID='3172'/><Channel>Microsoft-Windows-Sysmon/Operational</Channel><Computer>win-client-4137150</Computer><Security UserID='S-1-5-18'/></System><EventData><Data Name='RuleName'>DefaultUserModified</Data><Data Name='UtcTime'>2020-11-16 13:24:35.243</Data><Data Name='ProcessGuid'>{51A89197-7BE2-5FB2-0000-001005510200}</Data><Data Name='ProcessId'>832</Data><Data Name='Image'>C:\Windows\system32\svchost.exe</Data><Data Name='TargetFilename'>C:\Users\Default\AppData\Local\Microsoft\Windows\INetCookies\RyukReadMe.html</Data><Data Name='CreationUtcTime'>2020-11-16 13:24:35.243</Data></EventData></Event>
3466:<Event xmlns='http://schemas.microsoft.com/win/2004/08/events/event'><System><Provider Name='Microsoft-Windows-Sysmon' Guid='{5770385F-C22A-43E0-BF4C-06F5698FFBD9}'/><EventID>11</EventID><Version>2</Version><Level>4</Level><Task>11</Task><Opcode>0</Opcode><Keywords>0x8000000000000000</Keywords><TimeCreated SystemTime='2020-11-16T13:24:35.304995600Z'/><EventRecordID>78356</EventRecordID><Correlation/><Execution ProcessID='1468' ThreadID='3172'/><Channel>Microsoft-Windows-Sysmon/Operational</Channel><Computer>win-client-4137150</Computer><Security UserID='S-1-5-18'/></System><EventData><Data Name='RuleName'>DefaultUserModified</Data><Data Name='UtcTime'>2020-11-16 13:24:35.243</Data><Data Name='ProcessGuid'>{51A89197-7BE2-5FB2-0000-001005510200}</Data><Data Name='ProcessId'>832</Data><Data Name='Image'>C:\Windows\system32\svchost.exe</Data><Data Name='TargetFilename'>C:\Users\Default\AppData\Local\Microsoft\Windows\GameExplorer\RyukReadMe.html</Data><Data Name='CreationUtcTime'>2020-11-16 13:24:35.243</Data></EventData></Event>
3467:<Event xmlns='http://schemas.microsoft.com/win/2004/08/events/event'><System><Provider Name='Microsoft-Windows-Sysmon' Guid='{5770385F-C22A-43E0-BF4C-06F5698FFBD9}'/><EventID>11</EventID><Version>2</Version><Level>4</Level><Task>11</Task><Opcode>0</Opcode><Keywords>0x8000000000000000</Keywords><TimeCreated SystemTime='2020-11-16T13:24:35.304887000Z'/><EventRecordID>78355</EventRecordID><Correlation/><Execution ProcessID='1468' ThreadID='3172'/><Channel>Microsoft-Windows-Sysmon/Operational</Channel><Computer>win-client-4137150</Computer><Security UserID='S-1-5-18'/></System><EventData><Data Name='RuleName'>DefaultUserModified</Data><Data Name='UtcTime'>2020-11-16 13:24:35.243</Data><Data Name='ProcessGuid'>{51A89197-7BE2-5FB2-0000-001005510200}</Data><Data Name='ProcessId'>832</Data><Data Name='Image'>C:\Windows\system32\svchost.exe</Data><Data Name='TargetFilename'>C:\Users\Default\AppData\Local\Microsoft\Windows\CloudStore\RyukReadMe.html</Data><Data Name='CreationUtcTime'>2020-11-16 13:24:35.243</Data></EventData></Event>
3468:<Event xmlns='http://schemas.microsoft.com/win/2004/08/events/event'><System><Provider Name='Microsoft-Windows-Sysmon' Guid='{5770385F-C22A-43E0-BF4C-06F5698FFBD9}'/><EventID>11</EventID><Version>2</Version><Level>4</Level><Task>11</Task><Opcode>0</Opcode><Keywords>0x8000000000000000</Keywords><TimeCreated SystemTime='2020-11-16T13:24:35.304763600Z'/><EventRecordID>78354</EventRecordID><Correlation/><Execution ProcessID='1468' ThreadID='3172'/><Channel>Microsoft-Windows-Sysmon/Operational</Channel><Computer>win-client-4137150</Computer><Security UserID='S-1-5-18'/></System><EventData><Data Name='RuleName'>DefaultUserModified</Data><Data Name='UtcTime'>2020-11-16 13:24:35.230</Data><Data Name='ProcessGuid'>{51A89197-7BE2-5FB2-0000-001005510200}</Data><Data Name='ProcessId'>832</Data><Data Name='Image'>C:\Windows\system32\svchost.exe</Data><Data Name='TargetFilename'>C:\Users\Default\AppData\Local\Microsoft\InputPersonalization\RyukReadMe.html</Data><Data Name='CreationUtcTime'>2020-11-16 13:24:35.230</Data></EventData></Event>
3470:<Event xmlns='http://schemas.microsoft.com/win/2004/08/events/event'><System><Provider Name='Microsoft-Windows-Sysmon' Guid='{5770385F-C22A-43E0-BF4C-06F5698FFBD9}'/><EventID>11</EventID><Version>2</Version><Level>4</Level><Task>11</Task><Opcode>0</Opcode><Keywords>0x8000000000000000</Keywords><TimeCreated SystemTime='2020-11-16T13:24:35.231843800Z'/><EventRecordID>78352</EventRecordID><Correlation/><Execution ProcessID='1468' ThreadID='3172'/><Channel>Microsoft-Windows-Sysmon/Operational</Channel><Computer>win-client-4137150</Computer><Security UserID='S-1-5-18'/></System><EventData><Data Name='RuleName'>DefaultUserModified</Data><Data Name='UtcTime'>2020-11-16 13:24:35.184</Data><Data Name='ProcessGuid'>{51A89197-7BE2-5FB2-0000-001005510200}</Data><Data Name='ProcessId'>832</Data><Data Name='Image'>C:\Windows\system32\svchost.exe</Data><Data Name='TargetFilename'>C:\Users\Default\AppData\Local\Microsoft\Windows\INetCache\RyukReadMe.html</Data><Data Name='CreationUtcTime'>2020-11-16 13:24:35.184</Data></EventData></Event>
3471:<Event xmlns='http://schemas.microsoft.com/win/2004/08/events/event'><System><Provider Name='Microsoft-Windows-Sysmon' Guid='{5770385F-C22A-43E0-BF4C-06F5698FFBD9}'/><EventID>11</EventID><Version>2</Version><Level>4</Level><Task>11</Task><Opcode>0</Opcode><Keywords>0x8000000000000000</Keywords><TimeCreated SystemTime='2020-11-16T13:24:35.231706500Z'/><EventRecordID>78351</EventRecordID><Correlation/><Execution ProcessID='1468' ThreadID='3172'/><Channel>Microsoft-Windows-Sysmon/Operational</Channel><Computer>win-client-4137150</Computer><Security UserID='S-1-5-18'/></System><EventData><Data Name='RuleName'>DefaultUserModified</Data><Data Name='UtcTime'>2020-11-16 13:24:35.168</Data><Data Name='ProcessGuid'>{51A89197-7BE2-5FB2-0000-001005510200}</Data><Data Name='ProcessId'>832</Data><Data Name='Image'>C:\Windows\system32\svchost.exe</Data><Data Name='TargetFilename'>C:\Users\Default\AppData\Local\Microsoft\Windows Sidebar\RyukReadMe.html</Data><Data Name='CreationUtcTime'>2020-11-16 13:24:35.168</Data></EventData></Event>
3472:<Event xmlns='http://schemas.microsoft.com/win/2004/08/events/event'><System><Provider Name='Microsoft-Windows-Sysmon' Guid='{5770385F-C22A-43E0-BF4C-06F5698FFBD9}'/><EventID>11</EventID><Version>2</Version><Level>4</Level><Task>11</Task><Opcode>0</Opcode><Keywords>0x8000000000000000</Keywords><TimeCreated SystemTime='2020-11-16T13:24:35.231590100Z'/><EventRecordID>78350</EventRecordID><Correlation/><Execution ProcessID='1468' ThreadID='3172'/><Channel>Microsoft-Windows-Sysmon/Operational</Channel><Computer>win-client-4137150</Computer><Security UserID='S-1-5-18'/></System><EventData><Data Name='RuleName'>DefaultUserModified</Data><Data Name='UtcTime'>2020-11-16 13:24:35.168</Data><Data Name='ProcessGuid'>{51A89197-7BE2-5FB2-0000-001005510200}</Data><Data Name='ProcessId'>832</Data><Data Name='Image'>C:\Windows\system32\svchost.exe</Data><Data Name='TargetFilename'>C:\Users\Default\AppData\Local\Microsoft\Windows\WinX\RyukReadMe.html</Data><Data Name='CreationUtcTime'>2020-11-16 13:24:35.168</Data></EventData></Event>
3473:<Event xmlns='http://schemas.microsoft.com/win/2004/08/events/event'><System><Provider Name='Microsoft-Windows-Sysmon' Guid='{5770385F-C22A-43E0-BF4C-06F5698FFBD9}'/><EventID>11</EventID><Version>2</Version><Level>4</Level><Task>11</Task><Opcode>0</Opcode><Keywords>0x8000000000000000</Keywords><TimeCreated SystemTime='2020-11-16T13:24:35.231414100Z'/><EventRecordID>78349</EventRecordID><Correlation/><Execution ProcessID='1468' ThreadID='3172'/><Channel>Microsoft-Windows-Sysmon/Operational</Channel><Computer>win-client-4137150</Computer><Security UserID='S-1-5-18'/></System><EventData><Data Name='RuleName'>DefaultUserModified</Data><Data Name='UtcTime'>2020-11-16 13:24:35.153</Data><Data Name='ProcessGuid'>{51A89197-7BE2-5FB2-0000-001005510200}</Data><Data Name='ProcessId'>832</Data><Data Name='Image'>C:\Windows\system32\svchost.exe</Data><Data Name='TargetFilename'>C:\Users\Default\AppData\Local\Microsoft\Windows\Shell\RyukReadMe.html</Data><Data Name='CreationUtcTime'>2020-11-16 13:24:35.153</Data></EventData></Event>
3475:<Event xmlns='http://schemas.microsoft.com/win/2004/08/events/event'><System><Provider Name='Microsoft-Windows-Sysmon' Guid='{5770385F-C22A-43E0-BF4C-06F5698FFBD9}'/><EventID>11</EventID><Version>2</Version><Level>4</Level><Task>11</Task><Opcode>0</Opcode><Keywords>0x8000000000000000</Keywords><TimeCreated SystemTime='2020-11-16T13:24:35.158138900Z'/><EventRecordID>78347</EventRecordID><Correlation/><Execution ProcessID='1468' ThreadID='3172'/><Channel>Microsoft-Windows-Sysmon/Operational</Channel><Computer>win-client-4137150</Computer><Security UserID='S-1-5-18'/></System><EventData><Data Name='RuleName'>DefaultUserModified</Data><Data Name='UtcTime'>2020-11-16 13:24:35.093</Data><Data Name='ProcessGuid'>{51A89197-7BE2-5FB2-0000-001005510200}</Data><Data Name='ProcessId'>832</Data><Data Name='Image'>C:\Windows\system32\svchost.exe</Data><Data Name='TargetFilename'>C:\Users\Default\AppData\Local\Microsoft\Windows\RyukReadMe.html</Data><Data Name='CreationUtcTime'>2020-11-16 13:24:35.093</Data></EventData></Event>
3476:<Event xmlns='http://schemas.microsoft.com/win/2004/08/events/event'><System><Provider Name='Microsoft-Windows-Sysmon' Guid='{5770385F-C22A-43E0-BF4C-06F5698FFBD9}'/><EventID>11</EventID><Version>2</Version><Level>4</Level><Task>11</Task><Opcode>0</Opcode><Keywords>0x8000000000000000</Keywords><TimeCreated SystemTime='2020-11-16T13:24:35.158005200Z'/><EventRecordID>78346</EventRecordID><Correlation/><Execution ProcessID='1468' ThreadID='3172'/><Channel>Microsoft-Windows-Sysmon/Operational</Channel><Computer>win-client-4137150</Computer><Security UserID='S-1-5-18'/></System><EventData><Data Name='RuleName'>DefaultUserModified</Data><Data Name='UtcTime'>2020-11-16 13:24:35.093</Data><Data Name='ProcessGuid'>{51A89197-7BE2-5FB2-0000-001005510200}</Data><Data Name='ProcessId'>832</Data><Data Name='Image'>C:\Windows\system32\svchost.exe</Data><Data Name='TargetFilename'>C:\Users\Default\AppData\Local\Microsoft\RyukReadMe.html</Data><Data Name='CreationUtcTime'>2020-11-16 13:24:35.093</Data></EventData></Event>
3477:<Event xmlns='http://schemas.microsoft.com/win/2004/08/events/event'><System><Provider Name='Microsoft-Windows-Sysmon' Guid='{5770385F-C22A-43E0-BF4C-06F5698FFBD9}'/><EventID>11</EventID><Version>2</Version><Level>4</Level><Task>11</Task><Opcode>0</Opcode><Keywords>0x8000000000000000</Keywords><TimeCreated SystemTime='2020-11-16T13:24:35.157887900Z'/><EventRecordID>78345</EventRecordID><Correlation/><Execution ProcessID='1468' ThreadID='3172'/><Channel>Microsoft-Windows-Sysmon/Operational</Channel><Computer>win-client-4137150</Computer><Security UserID='S-1-5-18'/></System><EventData><Data Name='RuleName'>DefaultUserModified</Data><Data Name='UtcTime'>2020-11-16 13:24:35.078</Data><Data Name='ProcessGuid'>{51A89197-7BE2-5FB2-0000-001005510200}</Data><Data Name='ProcessId'>832</Data><Data Name='Image'>C:\Windows\system32\svchost.exe</Data><Data Name='TargetFilename'>C:\Users\Default\AppData\Local\Temp\RyukReadMe.html</Data><Data Name='CreationUtcTime'>2020-11-16 13:24:35.078</Data></EventData></Event>
3478:<Event xmlns='http://schemas.microsoft.com/win/2004/08/events/event'><System><Provider Name='Microsoft-Windows-Sysmon' Guid='{5770385F-C22A-43E0-BF4C-06F5698FFBD9}'/><EventID>11</EventID><Version>2</Version><Level>4</Level><Task>11</Task><Opcode>0</Opcode><Keywords>0x8000000000000000</Keywords><TimeCreated SystemTime='2020-11-16T13:24:35.157759700Z'/><EventRecordID>78344</EventRecordID><Correlation/><Execution ProcessID='1468' ThreadID='3172'/><Channel>Microsoft-Windows-Sysmon/Operational</Channel><Computer>win-client-4137150</Computer><Security UserID='S-1-5-18'/></System><EventData><Data Name='RuleName'>DefaultUserModified</Data><Data Name='UtcTime'>2020-11-16 13:24:35.078</Data><Data Name='ProcessGuid'>{51A89197-7BE2-5FB2-0000-001005510200}</Data><Data Name='ProcessId'>832</Data><Data Name='Image'>C:\Windows\system32\svchost.exe</Data><Data Name='TargetFilename'>C:\Users\Default\AppData\Local\Microsoft\Windows\History\RyukReadMe.html</Data><Data Name='CreationUtcTime'>2020-11-16 13:24:35.078</Data></EventData></Event>
3483:<Event xmlns='http://schemas.microsoft.com/win/2004/08/events/event'><System><Provider Name='Microsoft-Windows-Sysmon' Guid='{5770385F-C22A-43E0-BF4C-06F5698FFBD9}'/><EventID>11</EventID><Version>2</Version><Level>4</Level><Task>11</Task><Opcode>0</Opcode><Keywords>0x8000000000000000</Keywords><TimeCreated SystemTime='2020-11-16T13:24:36.264905100Z'/><EventRecordID>78397</EventRecordID><Correlation/><Execution ProcessID='1468' ThreadID='3172'/><Channel>Microsoft-Windows-Sysmon/Operational</Channel><Computer>win-client-4137150</Computer><Security UserID='S-1-5-18'/></System><EventData><Data Name='RuleName'>DefaultUserModified</Data><Data Name='UtcTime'>2020-11-16 13:24:36.178</Data><Data Name='ProcessGuid'>{51A89197-7BE2-5FB2-0000-001005510200}</Data><Data Name='ProcessId'>832</Data><Data Name='Image'>C:\Windows\system32\svchost.exe</Data><Data Name='TargetFilename'>C:\Users\Default\Links\RyukReadMe.html</Data><Data Name='CreationUtcTime'>2020-11-16 13:24:36.178</Data></EventData></Event>
3484:<Event xmlns='http://schemas.microsoft.com/win/2004/08/events/event'><System><Provider Name='Microsoft-Windows-Sysmon' Guid='{5770385F-C22A-43E0-BF4C-06F5698FFBD9}'/><EventID>11</EventID><Version>2</Version><Level>4</Level><Task>11</Task><Opcode>0</Opcode><Keywords>0x8000000000000000</Keywords><TimeCreated SystemTime='2020-11-16T13:24:36.264808600Z'/><EventRecordID>78396</EventRecordID><Correlation/><Execution ProcessID='1468' ThreadID='3172'/><Channel>Microsoft-Windows-Sysmon/Operational</Channel><Computer>win-client-4137150</Computer><Security UserID='S-1-5-18'/></System><EventData><Data Name='RuleName'>DefaultUserModified</Data><Data Name='UtcTime'>2020-11-16 13:24:36.178</Data><Data Name='ProcessGuid'>{51A89197-7BE2-5FB2-0000-001005510200}</Data><Data Name='ProcessId'>832</Data><Data Name='Image'>C:\Windows\system32\svchost.exe</Data><Data Name='TargetFilename'>C:\Users\Default\Favorites\RyukReadMe.html</Data><Data Name='CreationUtcTime'>2020-11-16 13:24:36.178</Data></EventData></Event>
3485:<Event xmlns='http://schemas.microsoft.com/win/2004/08/events/event'><System><Provider Name='Microsoft-Windows-Sysmon' Guid='{5770385F-C22A-43E0-BF4C-06F5698FFBD9}'/><EventID>11</EventID><Version>2</Version><Level>4</Level><Task>11</Task><Opcode>0</Opcode><Keywords>0x8000000000000000</Keywords><TimeCreated SystemTime='2020-11-16T13:24:36.264710300Z'/><EventRecordID>78395</EventRecordID><Correlation/><Execution ProcessID='1468' ThreadID='3172'/><Channel>Microsoft-Windows-Sysmon/Operational</Channel><Computer>win-client-4137150</Computer><Security UserID='S-1-5-18'/></System><EventData><Data Name='RuleName'>Downloads</Data><Data Name='UtcTime'>2020-11-16 13:24:36.178</Data><Data Name='ProcessGuid'>{51A89197-7BE2-5FB2-0000-001005510200}</Data><Data Name='ProcessId'>832</Data><Data Name='Image'>C:\Windows\system32\svchost.exe</Data><Data Name='TargetFilename'>C:\Users\Default\Downloads\RyukReadMe.html</Data><Data Name='CreationUtcTime'>2020-11-16 13:24:36.178</Data></EventData></Event>
3486:<Event xmlns='http://schemas.microsoft.com/win/2004/08/events/event'><System><Provider Name='Microsoft-Windows-Sysmon' Guid='{5770385F-C22A-43E0-BF4C-06F5698FFBD9}'/><EventID>11</EventID><Version>2</Version><Level>4</Level><Task>11</Task><Opcode>0</Opcode><Keywords>0x8000000000000000</Keywords><TimeCreated SystemTime='2020-11-16T13:24:36.264549000Z'/><EventRecordID>78394</EventRecordID><Correlation/><Execution ProcessID='1468' ThreadID='3172'/><Channel>Microsoft-Windows-Sysmon/Operational</Channel><Computer>win-client-4137150</Computer><Security UserID='S-1-5-18'/></System><EventData><Data Name='RuleName'>DefaultUserModified</Data><Data Name='UtcTime'>2020-11-16 13:24:36.178</Data><Data Name='ProcessGuid'>{51A89197-7BE2-5FB2-0000-001005510200}</Data><Data Name='ProcessId'>832</Data><Data Name='Image'>C:\Windows\system32\svchost.exe</Data><Data Name='TargetFilename'>C:\Users\Default\Videos\RyukReadMe.html</Data><Data Name='CreationUtcTime'>2020-11-16 13:24:36.178</Data></EventData></Event>
3487:<Event xmlns='http://schemas.microsoft.com/win/2004/08/events/event'><System><Provider Name='Microsoft-Windows-Sysmon' Guid='{5770385F-C22A-43E0-BF4C-06F5698FFBD9}'/><EventID>11</EventID><Version>2</Version><Level>4</Level><Task>11</Task><Opcode>0</Opcode><Keywords>0x8000000000000000</Keywords><TimeCreated SystemTime='2020-11-16T13:24:36.264444400Z'/><EventRecordID>78393</EventRecordID><Correlation/><Execution ProcessID='1468' ThreadID='3172'/><Channel>Microsoft-Windows-Sysmon/Operational</Channel><Computer>win-client-4137150</Computer><Security UserID='S-1-5-18'/></System><EventData><Data Name='RuleName'>DefaultUserModified</Data><Data Name='UtcTime'>2020-11-16 13:24:36.178</Data><Data Name='ProcessGuid'>{51A89197-7BE2-5FB2-0000-001005510200}</Data><Data Name='ProcessId'>832</Data><Data Name='Image'>C:\Windows\system32\svchost.exe</Data><Data Name='TargetFilename'>C:\Users\Default\Pictures\RyukReadMe.html</Data><Data Name='CreationUtcTime'>2020-11-16 13:24:36.178</Data></EventData></Event>
3488:<Event xmlns='http://schemas.microsoft.com/win/2004/08/events/event'><System><Provider Name='Microsoft-Windows-Sysmon' Guid='{5770385F-C22A-43E0-BF4C-06F5698FFBD9}'/><EventID>11</EventID><Version>2</Version><Level>4</Level><Task>11</Task><Opcode>0</Opcode><Keywords>0x8000000000000000</Keywords><TimeCreated SystemTime='2020-11-16T13:24:36.264331800Z'/><EventRecordID>78392</EventRecordID><Correlation/><Execution ProcessID='1468' ThreadID='3172'/><Channel>Microsoft-Windows-Sysmon/Operational</Channel><Computer>win-client-4137150</Computer><Security UserID='S-1-5-18'/></System><EventData><Data Name='RuleName'>DefaultUserModified</Data><Data Name='UtcTime'>2020-11-16 13:24:36.178</Data><Data Name='ProcessGuid'>{51A89197-7BE2-5FB2-0000-001005510200}</Data><Data Name='ProcessId'>832</Data><Data Name='Image'>C:\Windows\system32\svchost.exe</Data><Data Name='TargetFilename'>C:\Users\Default\Music\RyukReadMe.html</Data><Data Name='CreationUtcTime'>2020-11-16 13:24:36.178</Data></EventData></Event>
3489:<Event xmlns='http://schemas.microsoft.com/win/2004/08/events/event'><System><Provider Name='Microsoft-Windows-Sysmon' Guid='{5770385F-C22A-43E0-BF4C-06F5698FFBD9}'/><EventID>11</EventID><Version>2</Version><Level>4</Level><Task>11</Task><Opcode>0</Opcode><Keywords>0x8000000000000000</Keywords><TimeCreated SystemTime='2020-11-16T13:24:36.264202200Z'/><EventRecordID>78391</EventRecordID><Correlation/><Execution ProcessID='1468' ThreadID='3172'/><Channel>Microsoft-Windows-Sysmon/Operational</Channel><Computer>win-client-4137150</Computer><Security UserID='S-1-5-18'/></System><EventData><Data Name='RuleName'>DefaultUserModified</Data><Data Name='UtcTime'>2020-11-16 13:24:36.178</Data><Data Name='ProcessGuid'>{51A89197-7BE2-5FB2-0000-001005510200}</Data><Data Name='ProcessId'>832</Data><Data Name='Image'>C:\Windows\system32\svchost.exe</Data><Data Name='TargetFilename'>C:\Users\Default\Documents\RyukReadMe.html</Data><Data Name='CreationUtcTime'>2020-11-16 13:24:36.178</Data></EventData></Event>
3490:<Event xmlns='http://schemas.microsoft.com/win/2004/08/events/event'><System><Provider Name='Microsoft-Windows-Sysmon' Guid='{5770385F-C22A-43E0-BF4C-06F5698FFBD9}'/><EventID>11</EventID><Version>2</Version><Level>4</Level><Task>11</Task><Opcode>0</Opcode><Keywords>0x8000000000000000</Keywords><TimeCreated SystemTime='2020-11-16T13:24:36.263857800Z'/><EventRecordID>78390</EventRecordID><Correlation/><Execution ProcessID='1468' ThreadID='3172'/><Channel>Microsoft-Windows-Sysmon/Operational</Channel><Computer>win-client-4137150</Computer><Security UserID='S-1-5-18'/></System><EventData><Data Name='RuleName'>DefaultUserModified</Data><Data Name='UtcTime'>2020-11-16 13:24:36.178</Data><Data Name='ProcessGuid'>{51A89197-7BE2-5FB2-0000-001005510200}</Data><Data Name='ProcessId'>832</Data><Data Name='Image'>C:\Windows\system32\svchost.exe</Data><Data Name='TargetFilename'>C:\Users\Default\Desktop\RyukReadMe.html</Data><Data Name='CreationUtcTime'>2020-11-16 13:24:36.178</Data></EventData></Event>
3492:<Event xmlns='http://schemas.microsoft.com/win/2004/08/events/event'><System><Provider Name='Microsoft-Windows-Sysmon' Guid='{5770385F-C22A-43E0-BF4C-06F5698FFBD9}'/><EventID>11</EventID><Version>2</Version><Level>4</Level><Task>11</Task><Opcode>0</Opcode><Keywords>0x8000000000000000</Keywords><TimeCreated SystemTime='2020-11-16T13:24:36.170640000Z'/><EventRecordID>78388</EventRecordID><Correlation/><Execution ProcessID='1468' ThreadID='3172'/><Channel>Microsoft-Windows-Sysmon/Operational</Channel><Computer>win-client-4137150</Computer><Security UserID='S-1-5-18'/></System><EventData><Data Name='RuleName'>DefaultUserModified</Data><Data Name='UtcTime'>2020-11-16 13:24:36.102</Data><Data Name='ProcessGuid'>{51A89197-7BE2-5FB2-0000-001005510200}</Data><Data Name='ProcessId'>832</Data><Data Name='Image'>C:\Windows\system32\svchost.exe</Data><Data Name='TargetFilename'>C:\Users\Default\AppData\Roaming\Microsoft\Windows\Templates\RyukReadMe.html</Data><Data Name='CreationUtcTime'>2020-11-16 13:24:36.102</Data></EventData></Event>
3493:<Event xmlns='http://schemas.microsoft.com/win/2004/08/events/event'><System><Provider Name='Microsoft-Windows-Sysmon' Guid='{5770385F-C22A-43E0-BF4C-06F5698FFBD9}'/><EventID>11</EventID><Version>2</Version><Level>4</Level><Task>11</Task><Opcode>0</Opcode><Keywords>0x8000000000000000</Keywords><TimeCreated SystemTime='2020-11-16T13:24:36.170542500Z'/><EventRecordID>78387</EventRecordID><Correlation/><Execution ProcessID='1468' ThreadID='3172'/><Channel>Microsoft-Windows-Sysmon/Operational</Channel><Computer>win-client-4137150</Computer><Security UserID='S-1-5-18'/></System><EventData><Data Name='RuleName'>T1023</Data><Data Name='UtcTime'>2020-11-16 13:24:36.102</Data><Data Name='ProcessGuid'>{51A89197-7BE2-5FB2-0000-001005510200}</Data><Data Name='ProcessId'>832</Data><Data Name='Image'>C:\Windows\system32\svchost.exe</Data><Data Name='TargetFilename'>C:\Users\Default\AppData\Roaming\Microsoft\Windows\Start Menu\Programs\Windows PowerShell\RyukReadMe.html</Data><Data Name='CreationUtcTime'>2020-11-16 13:24:36.102</Data></EventData></Event>
3494:<Event xmlns='http://schemas.microsoft.com/win/2004/08/events/event'><System><Provider Name='Microsoft-Windows-Sysmon' Guid='{5770385F-C22A-43E0-BF4C-06F5698FFBD9}'/><EventID>11</EventID><Version>2</Version><Level>4</Level><Task>11</Task><Opcode>0</Opcode><Keywords>0x8000000000000000</Keywords><TimeCreated SystemTime='2020-11-16T13:24:36.170451200Z'/><EventRecordID>78386</EventRecordID><Correlation/><Execution ProcessID='1468' ThreadID='3172'/><Channel>Microsoft-Windows-Sysmon/Operational</Channel><Computer>win-client-4137150</Computer><Security UserID='S-1-5-18'/></System><EventData><Data Name='RuleName'>T1023</Data><Data Name='UtcTime'>2020-11-16 13:24:36.102</Data><Data Name='ProcessGuid'>{51A89197-7BE2-5FB2-0000-001005510200}</Data><Data Name='ProcessId'>832</Data><Data Name='Image'>C:\Windows\system32\svchost.exe</Data><Data Name='TargetFilename'>C:\Users\Default\AppData\Roaming\Microsoft\Windows\Start Menu\Programs\System Tools\RyukReadMe.html</Data><Data Name='CreationUtcTime'>2020-11-16 13:24:36.102</Data></EventData></Event>
3495:<Event xmlns='http://schemas.microsoft.com/win/2004/08/events/event'><System><Provider Name='Microsoft-Windows-Sysmon' Guid='{5770385F-C22A-43E0-BF4C-06F5698FFBD9}'/><EventID>11</EventID><Version>2</Version><Level>4</Level><Task>11</Task><Opcode>0</Opcode><Keywords>0x8000000000000000</Keywords><TimeCreated SystemTime='2020-11-16T13:24:36.170358200Z'/><EventRecordID>78385</EventRecordID><Correlation/><Execution ProcessID='1468' ThreadID='3172'/><Channel>Microsoft-Windows-Sysmon/Operational</Channel><Computer>win-client-4137150</Computer><Security UserID='S-1-5-18'/></System><EventData><Data Name='RuleName'>T1023</Data><Data Name='UtcTime'>2020-11-16 13:24:36.102</Data><Data Name='ProcessGuid'>{51A89197-7BE2-5FB2-0000-001005510200}</Data><Data Name='ProcessId'>832</Data><Data Name='Image'>C:\Windows\system32\svchost.exe</Data><Data Name='TargetFilename'>C:\Users\Default\AppData\Roaming\Microsoft\Windows\Start Menu\Programs\Maintenance\RyukReadMe.html</Data><Data Name='CreationUtcTime'>2020-11-16 13:24:36.102</Data></EventData></Event>
3496:<Event xmlns='http://schemas.microsoft.com/win/2004/08/events/event'><System><Provider Name='Microsoft-Windows-Sysmon' Guid='{5770385F-C22A-43E0-BF4C-06F5698FFBD9}'/><EventID>11</EventID><Version>2</Version><Level>4</Level><Task>11</Task><Opcode>0</Opcode><Keywords>0x8000000000000000</Keywords><TimeCreated SystemTime='2020-11-16T13:24:36.170239200Z'/><EventRecordID>78384</EventRecordID><Correlation/><Execution ProcessID='1468' ThreadID='3172'/><Channel>Microsoft-Windows-Sysmon/Operational</Channel><Computer>win-client-4137150</Computer><Security UserID='S-1-5-18'/></System><EventData><Data Name='RuleName'>T1023</Data><Data Name='UtcTime'>2020-11-16 13:24:36.102</Data><Data Name='ProcessGuid'>{51A89197-7BE2-5FB2-0000-001005510200}</Data><Data Name='ProcessId'>832</Data><Data Name='Image'>C:\Windows\system32\svchost.exe</Data><Data Name='TargetFilename'>C:\Users\Default\AppData\Roaming\Microsoft\Windows\Start Menu\Programs\Accessories\RyukReadMe.html</Data><Data Name='CreationUtcTime'>2020-11-16 13:24:36.102</Data></EventData></Event>
3497:<Event xmlns='http://schemas.microsoft.com/win/2004/08/events/event'><System><Provider Name='Microsoft-Windows-Sysmon' Guid='{5770385F-C22A-43E0-BF4C-06F5698FFBD9}'/><EventID>11</EventID><Version>2</Version><Level>4</Level><Task>11</Task><Opcode>0</Opcode><Keywords>0x8000000000000000</Keywords><TimeCreated SystemTime='2020-11-16T13:24:36.170146800Z'/><EventRecordID>78383</EventRecordID><Correlation/><Execution ProcessID='1468' ThreadID='3172'/><Channel>Microsoft-Windows-Sysmon/Operational</Channel><Computer>win-client-4137150</Computer><Security UserID='S-1-5-18'/></System><EventData><Data Name='RuleName'>T1023</Data><Data Name='UtcTime'>2020-11-16 13:24:36.102</Data><Data Name='ProcessGuid'>{51A89197-7BE2-5FB2-0000-001005510200}</Data><Data Name='ProcessId'>832</Data><Data Name='Image'>C:\Windows\system32\svchost.exe</Data><Data Name='TargetFilename'>C:\Users\Default\AppData\Roaming\Microsoft\Windows\Start Menu\Programs\Accessibility\RyukReadMe.html</Data><Data Name='CreationUtcTime'>2020-11-16 13:24:36.102</Data></EventData></Event>
3498:<Event xmlns='http://schemas.microsoft.com/win/2004/08/events/event'><System><Provider Name='Microsoft-Windows-Sysmon' Guid='{5770385F-C22A-43E0-BF4C-06F5698FFBD9}'/><EventID>11</EventID><Version>2</Version><Level>4</Level><Task>11</Task><Opcode>0</Opcode><Keywords>0x8000000000000000</Keywords><TimeCreated SystemTime='2020-11-16T13:24:36.170054700Z'/><EventRecordID>78382</EventRecordID><Correlation/><Execution ProcessID='1468' ThreadID='3172'/><Channel>Microsoft-Windows-Sysmon/Operational</Channel><Computer>win-client-4137150</Computer><Security UserID='S-1-5-18'/></System><EventData><Data Name='RuleName'>T1023</Data><Data Name='UtcTime'>2020-11-16 13:24:36.102</Data><Data Name='ProcessGuid'>{51A89197-7BE2-5FB2-0000-001005510200}</Data><Data Name='ProcessId'>832</Data><Data Name='Image'>C:\Windows\system32\svchost.exe</Data><Data Name='TargetFilename'>C:\Users\Default\AppData\Roaming\Microsoft\Windows\Start Menu\Programs\RyukReadMe.html</Data><Data Name='CreationUtcTime'>2020-11-16 13:24:36.102</Data></EventData></Event>
