5470:<Event xmlns='http://schemas.microsoft.com/win/2004/08/events/event'><System><Provider Name='Microsoft-Windows-Sysmon' Guid='{5770385F-C22A-43E0-BF4C-06F5698FFBD9}'/><EventID>1</EventID><Version>5</Version><Level>4</Level><Task>1</Task><Opcode>0</Opcode><Keywords>0x8000000000000000</Keywords><TimeCreated SystemTime='2020-11-16T13:26:45.887000200Z'/><EventRecordID>80356</EventRecordID><Correlation/><Execution ProcessID='1468' ThreadID='3172'/><Channel>Microsoft-Windows-Sysmon/Operational</Channel><Computer>win-client-4137150</Computer><Security UserID='S-1-5-18'/></System><EventData><Data Name='RuleName'></Data><Data Name='UtcTime'>2020-11-16 13:26:45.599</Data><Data Name='ProcessGuid'>{51A89197-7E15-5FB2-0000-001094012E00}</Data><Data Name='ProcessId'>162412</Data><Data Name='Image'>C:\Windows\System32\net1.exe</Data><Data Name='FileVersion'>10.0.17134.1 (WinBuild.160101.0800)</Data><Data Name='Description'>Net Command</Data><Data Name='Product'>Microsoft® Windows® Operating System</Data><Data Name='Company'>Microsoft Corporation</Data><Data Name='OriginalFileName'>net1.exe</Data><Data Name='CommandLine'>C:\Windows\system32\net1 stop "samss" /y</Data><Data Name='CurrentDirectory'>C:\Users\vagrant\Desktop\</Data><Data Name='User'>WIN-CLIENT-4137\vagrant</Data><Data Name='LogonGuid'>{51A89197-7BE0-5FB2-0000-00207E100200}</Data><Data Name='LogonId'>0x2107e</Data><Data Name='TerminalSessionId'>1</Data><Data Name='IntegrityLevel'>High</Data><Data Name='Hashes'>MD5=AF569DE92AB6C1B9C681AF1E799F9983,SHA256=FFC30745BE3B6C2771FC4B2993CFF50B5226B271C412467E97B1DC1086DEA888,IMPHASH=5322AC1A3CFF9C8A2AE16A789E26231E</Data><Data Name='ParentProcessGuid'>{51A89197-7E14-5FB2-0000-001074CB2D00}</Data><Data Name='ParentProcessId'>161748</Data><Data Name='ParentImage'>C:\Windows\System32\net.exe</Data><Data Name='ParentCommandLine'>"C:\Windows\System32\net.exe" stop "samss" /y</Data></EventData></Event>
5874:<Event xmlns='http://schemas.microsoft.com/win/2004/08/events/event'><System><Provider Name='Microsoft-Windows-Sysmon' Guid='{5770385F-C22A-43E0-BF4C-06F5698FFBD9}'/><EventID>1</EventID><Version>5</Version><Level>4</Level><Task>1</Task><Opcode>0</Opcode><Keywords>0x8000000000000000</Keywords><TimeCreated SystemTime='2020-11-16T13:27:20.191551900Z'/><EventRecordID>80738</EventRecordID><Correlation/><Execution ProcessID='1468' ThreadID='3172'/><Channel>Microsoft-Windows-Sysmon/Operational</Channel><Computer>win-client-4137150</Computer><Security UserID='S-1-5-18'/></System><EventData><Data Name='RuleName'></Data><Data Name='UtcTime'>2020-11-16 13:27:20.056</Data><Data Name='ProcessGuid'>{51A89197-7E38-5FB2-0000-0010FE813100}</Data><Data Name='ProcessId'>184108</Data><Data Name='Image'>C:\Windows\System32\net.exe</Data><Data Name='FileVersion'>10.0.17134.1 (WinBuild.160101.0800)</Data><Data Name='Description'>Net Command</Data><Data Name='Product'>Microsoft® Windows® Operating System</Data><Data Name='Company'>Microsoft Corporation</Data><Data Name='OriginalFileName'>net.exe</Data><Data Name='CommandLine'>"C:\Windows\System32\net.exe" stop "samss" /y</Data><Data Name='CurrentDirectory'>C:\Users\vagrant\Desktop\</Data><Data Name='User'>WIN-CLIENT-4137\vagrant</Data><Data Name='LogonGuid'>{51A89197-7BE0-5FB2-0000-00207E100200}</Data><Data Name='LogonId'>0x2107e</Data><Data Name='TerminalSessionId'>1</Data><Data Name='IntegrityLevel'>High</Data><Data Name='Hashes'>MD5=15534275EDAABC58159DD0F8607A71E5,SHA256=E9739D544EE0D428696036CBD656C41DCC505B67CC43DBA7C6BEC4E3959282AC,IMPHASH=EB2C2924EA23E1A5FB0E3F53F46CB709</Data><Data Name='ParentProcessGuid'>{51A89197-7D66-5FB2-0000-001098CE0F00}</Data><Data Name='ParentProcessId'>3532</Data><Data Name='ParentImage'>C:\Users\Public\mTEJH.exe</Data><Data Name='ParentCommandLine'>"C:\users\Public\mTEJH.exe" C:\Users\vagrant\Desktop\14248fda59e7a8bf9f143abe8bbd834cb7c2aa4f.exe</Data></EventData></Event>
5898:<Event xmlns='http://schemas.microsoft.com/win/2004/08/events/event'><System><Provider Name='Microsoft-Windows-Sysmon' Guid='{5770385F-C22A-43E0-BF4C-06F5698FFBD9}'/><EventID>1</EventID><Version>5</Version><Level>4</Level><Task>1</Task><Opcode>0</Opcode><Keywords>0x8000000000000000</Keywords><TimeCreated SystemTime='2020-11-16T13:27:21.015323800Z'/><EventRecordID>80766</EventRecordID><Correlation/><Execution ProcessID='1468' ThreadID='3172'/><Channel>Microsoft-Windows-Sysmon/Operational</Channel><Computer>win-client-4137150</Computer><Security UserID='S-1-5-18'/></System><EventData><Data Name='RuleName'></Data><Data Name='UtcTime'>2020-11-16 13:27:20.899</Data><Data Name='ProcessGuid'>{51A89197-7E38-5FB2-0000-0010409D3100}</Data><Data Name='ProcessId'>184344</Data><Data Name='Image'>C:\Windows\System32\net1.exe</Data><Data Name='FileVersion'>10.0.17134.1 (WinBuild.160101.0800)</Data><Data Name='Description'>Net Command</Data><Data Name='Product'>Microsoft® Windows® Operating System</Data><Data Name='Company'>Microsoft Corporation</Data><Data Name='OriginalFileName'>net1.exe</Data><Data Name='CommandLine'>C:\Windows\system32\net1 stop "samss" /y</Data><Data Name='CurrentDirectory'>C:\Users\vagrant\Desktop\</Data><Data Name='User'>WIN-CLIENT-4137\vagrant</Data><Data Name='LogonGuid'>{51A89197-7BE0-5FB2-0000-00207E100200}</Data><Data Name='LogonId'>0x2107e</Data><Data Name='TerminalSessionId'>1</Data><Data Name='IntegrityLevel'>High</Data><Data Name='Hashes'>MD5=AF569DE92AB6C1B9C681AF1E799F9983,SHA256=FFC30745BE3B6C2771FC4B2993CFF50B5226B271C412467E97B1DC1086DEA888,IMPHASH=5322AC1A3CFF9C8A2AE16A789E26231E</Data><Data Name='ParentProcessGuid'>{51A89197-7E38-5FB2-0000-0010FE813100}</Data><Data Name='ParentProcessId'>184108</Data><Data Name='ParentImage'>C:\Windows\System32\net.exe</Data><Data Name='ParentCommandLine'>"C:\Windows\System32\net.exe" stop "samss" /y</Data></EventData></Event>
5918:<Event xmlns='http://schemas.microsoft.com/win/2004/08/events/event'><System><Provider Name='Microsoft-Windows-Sysmon' Guid='{5770385F-C22A-43E0-BF4C-06F5698FFBD9}'/><EventID>1</EventID><Version>5</Version><Level>4</Level><Task>1</Task><Opcode>0</Opcode><Keywords>0x8000000000000000</Keywords><TimeCreated SystemTime='2020-11-16T13:27:27.471579500Z'/><EventRecordID>80790</EventRecordID><Correlation/><Execution ProcessID='1468' ThreadID='3172'/><Channel>Microsoft-Windows-Sysmon/Operational</Channel><Computer>win-client-4137150</Computer><Security UserID='S-1-5-18'/></System><EventData><Data Name='RuleName'></Data><Data Name='UtcTime'>2020-11-16 13:27:27.208</Data><Data Name='ProcessGuid'>{51A89197-7E3F-5FB2-0000-0010A4973200}</Data><Data Name='ProcessId'>191568</Data><Data Name='Image'>C:\Windows\System32\net.exe</Data><Data Name='FileVersion'>10.0.17134.1 (WinBuild.160101.0800)</Data><Data Name='Description'>Net Command</Data><Data Name='Product'>Microsoft® Windows® Operating System</Data><Data Name='Company'>Microsoft Corporation</Data><Data Name='OriginalFileName'>net.exe</Data><Data Name='CommandLine'>"C:\Windows\System32\net.exe" stop "samss" /y</Data><Data Name='CurrentDirectory'>C:\Windows\system32\</Data><Data Name='User'>WIN-CLIENT-4137\vagrant</Data><Data Name='LogonGuid'>{51A89197-7BE0-5FB2-0000-00207E100200}</Data><Data Name='LogonId'>0x2107e</Data><Data Name='TerminalSessionId'>1</Data><Data Name='IntegrityLevel'>High</Data><Data Name='Hashes'>MD5=15534275EDAABC58159DD0F8607A71E5,SHA256=E9739D544EE0D428696036CBD656C41DCC505B67CC43DBA7C6BEC4E3959282AC,IMPHASH=EB2C2924EA23E1A5FB0E3F53F46CB709</Data><Data Name='ParentProcessGuid'>{51A89197-7BE2-5FB2-0000-001005510200}</Data><Data Name='ParentProcessId'>832</Data><Data Name='ParentImage'>C:\Windows\System32\svchost.exe</Data><Data Name='ParentCommandLine'>C:\Windows\system32\svchost.exe -k UnistackSvcGroup</Data></EventData></Event>
5931:<Event xmlns='http://schemas.microsoft.com/win/2004/08/events/event'><System><Provider Name='Microsoft-Windows-Sysmon' Guid='{5770385F-C22A-43E0-BF4C-06F5698FFBD9}'/><EventID>1</EventID><Version>5</Version><Level>4</Level><Task>1</Task><Opcode>0</Opcode><Keywords>0x8000000000000000</Keywords><TimeCreated SystemTime='2020-11-16T13:27:28.705534300Z'/><EventRecordID>80814</EventRecordID><Correlation/><Execution ProcessID='1468' ThreadID='3172'/><Channel>Microsoft-Windows-Sysmon/Operational</Channel><Computer>win-client-4137150</Computer><Security UserID='S-1-5-18'/></System><EventData><Data Name='RuleName'></Data><Data Name='UtcTime'>2020-11-16 13:27:28.614</Data><Data Name='ProcessGuid'>{51A89197-7E40-5FB2-0000-0010B0CB3200}</Data><Data Name='ProcessId'>193372</Data><Data Name='Image'>C:\Windows\System32\net1.exe</Data><Data Name='FileVersion'>10.0.17134.1 (WinBuild.160101.0800)</Data><Data Name='Description'>Net Command</Data><Data Name='Product'>Microsoft® Windows® Operating System</Data><Data Name='Company'>Microsoft Corporation</Data><Data Name='OriginalFileName'>net1.exe</Data><Data Name='CommandLine'>C:\Windows\system32\net1 stop "samss" /y</Data><Data Name='CurrentDirectory'>C:\Windows\system32\</Data><Data Name='User'>WIN-CLIENT-4137\vagrant</Data><Data Name='LogonGuid'>{51A89197-7BE0-5FB2-0000-00207E100200}</Data><Data Name='LogonId'>0x2107e</Data><Data Name='TerminalSessionId'>1</Data><Data Name='IntegrityLevel'>High</Data><Data Name='Hashes'>MD5=AF569DE92AB6C1B9C681AF1E799F9983,SHA256=FFC30745BE3B6C2771FC4B2993CFF50B5226B271C412467E97B1DC1086DEA888,IMPHASH=5322AC1A3CFF9C8A2AE16A789E26231E</Data><Data Name='ParentProcessGuid'>{51A89197-7E3F-5FB2-0000-0010A4973200}</Data><Data Name='ParentProcessId'>191568</Data><Data Name='ParentImage'>C:\Windows\System32\net.exe</Data><Data Name='ParentCommandLine'>"C:\Windows\System32\net.exe" stop "samss" /y</Data></EventData></Event>
6144:<Event xmlns='http://schemas.microsoft.com/win/2004/08/events/event'><System><Provider Name='Microsoft-Windows-Sysmon' Guid='{5770385F-C22A-43E0-BF4C-06F5698FFBD9}'/><EventID>1</EventID><Version>5</Version><Level>4</Level><Task>1</Task><Opcode>0</Opcode><Keywords>0x8000000000000000</Keywords><TimeCreated SystemTime='2020-11-16T13:27:43.427818100Z'/><EventRecordID>81012</EventRecordID><Correlation/><Execution ProcessID='1468' ThreadID='3172'/><Channel>Microsoft-Windows-Sysmon/Operational</Channel><Computer>win-client-4137150</Computer><Security UserID='S-1-5-18'/></System><EventData><Data Name='RuleName'></Data><Data Name='UtcTime'>2020-11-16 13:27:42.986</Data><Data Name='ProcessGuid'>{51A89197-7E4E-5FB2-0000-0010CB183500}</Data><Data Name='ProcessId'>214924</Data><Data Name='Image'>C:\Windows\System32\net.exe</Data><Data Name='FileVersion'>10.0.17134.1 (WinBuild.160101.0800)</Data><Data Name='Description'>Net Command</Data><Data Name='Product'>Microsoft® Windows® Operating System</Data><Data Name='Company'>Microsoft Corporation</Data><Data Name='OriginalFileName'>net.exe</Data><Data Name='CommandLine'>"C:\Windows\System32\net.exe" stop "samss" /y</Data><Data Name='CurrentDirectory'>C:\Users\vagrant\Desktop\</Data><Data Name='User'>WIN-CLIENT-4137\vagrant</Data><Data Name='LogonGuid'>{51A89197-7BE0-5FB2-0000-00207E100200}</Data><Data Name='LogonId'>0x2107e</Data><Data Name='TerminalSessionId'>1</Data><Data Name='IntegrityLevel'>High</Data><Data Name='Hashes'>MD5=15534275EDAABC58159DD0F8607A71E5,SHA256=E9739D544EE0D428696036CBD656C41DCC505B67CC43DBA7C6BEC4E3959282AC,IMPHASH=EB2C2924EA23E1A5FB0E3F53F46CB709</Data><Data Name='ParentProcessGuid'>{51A89197-7D66-5FB2-0000-001098CE0F00}</Data><Data Name='ParentProcessId'>3532</Data><Data Name='ParentImage'>C:\Users\Public\mTEJH.exe</Data><Data Name='ParentCommandLine'>"C:\users\Public\mTEJH.exe" C:\Users\vagrant\Desktop\14248fda59e7a8bf9f143abe8bbd834cb7c2aa4f.exe</Data></EventData></Event>
6198:<Event xmlns='http://schemas.microsoft.com/win/2004/08/events/event'><System><Provider Name='Microsoft-Windows-Sysmon' Guid='{5770385F-C22A-43E0-BF4C-06F5698FFBD9}'/><EventID>1</EventID><Version>5</Version><Level>4</Level><Task>1</Task><Opcode>0</Opcode><Keywords>0x8000000000000000</Keywords><TimeCreated SystemTime='2020-11-16T13:27:46.391341700Z'/><EventRecordID>81064</EventRecordID><Correlation/><Execution ProcessID='1468' ThreadID='3172'/><Channel>Microsoft-Windows-Sysmon/Operational</Channel><Computer>win-client-4137150</Computer><Security UserID='S-1-5-18'/></System><EventData><Data Name='RuleName'></Data><Data Name='UtcTime'>2020-11-16 13:27:45.885</Data><Data Name='ProcessGuid'>{51A89197-7E51-5FB2-0000-00109B643500}</Data><Data Name='ProcessId'>222660</Data><Data Name='Image'>C:\Windows\System32\net1.exe</Data><Data Name='FileVersion'>10.0.17134.1 (WinBuild.160101.0800)</Data><Data Name='Description'>Net Command</Data><Data Name='Product'>Microsoft® Windows® Operating System</Data><Data Name='Company'>Microsoft Corporation</Data><Data Name='OriginalFileName'>net1.exe</Data><Data Name='CommandLine'>C:\Windows\system32\net1 stop "samss" /y</Data><Data Name='CurrentDirectory'>C:\Users\vagrant\Desktop\</Data><Data Name='User'>WIN-CLIENT-4137\vagrant</Data><Data Name='LogonGuid'>{51A89197-7BE0-5FB2-0000-00207E100200}</Data><Data Name='LogonId'>0x2107e</Data><Data Name='TerminalSessionId'>1</Data><Data Name='IntegrityLevel'>High</Data><Data Name='Hashes'>MD5=AF569DE92AB6C1B9C681AF1E799F9983,SHA256=FFC30745BE3B6C2771FC4B2993CFF50B5226B271C412467E97B1DC1086DEA888,IMPHASH=5322AC1A3CFF9C8A2AE16A789E26231E</Data><Data Name='ParentProcessGuid'>{51A89197-7E4E-5FB2-0000-0010CB183500}</Data><Data Name='ParentProcessId'>214924</Data><Data Name='ParentImage'>C:\Windows\System32\net.exe</Data><Data Name='ParentCommandLine'>"C:\Windows\System32\net.exe" stop "samss" /y</Data></EventData></Event>
