# family=ryuk technique=T1489 (Service Stop)
# patterns (each run as its own 'grep -inE', matches unioned): ['CommandLine.{0,300}net(1)?(\\.exe)?["\' ]+stop ', 'CommandLine.{0,300}sc(\\.exe)?["\' ]+(stop|config) ', 'CommandLine.{0,300}taskkill(\\.exe)?["\' ].*(/f|/im)']
# files searched: ['/home/kali/director/projects/_corpora/attack_data/datasets/malware/ryuk/windows-sysmon.log']
# matched lines (after noise exclusion): 32
# lines dropped by NOISE_EXCLUDE_PATTERN (Aurora-Agent|sigma-rules|\.yml\.tmp): 0
#
1608:<Event xmlns='http://schemas.microsoft.com/win/2004/08/events/event'><System><Provider Name='Microsoft-Windows-Sysmon' Guid='{5770385F-C22A-43E0-BF4C-06F5698FFBD9}'/><EventID>1</EventID><Version>5</Version><Level>4</Level><Task>1</Task><Opcode>0</Opcode><Keywords>0x8000000000000000</Keywords><TimeCreated SystemTime='2020-11-16T13:23:55.982662300Z'/><EventRecordID>76685</EventRecordID><Correlation/><Execution ProcessID='1468' ThreadID='3172'/><Channel>Microsoft-Windows-Sysmon/Operational</Channel><Computer>win-client-4137150</Computer><Security UserID='S-1-5-18'/></System><EventData><Data Name='RuleName'></Data><Data Name='UtcTime'>2020-11-16 13:23:55.962</Data><Data Name='ProcessGuid'>{51A89197-7D6B-5FB2-0000-0010EFEF0F00}</Data><Data Name='ProcessId'>488</Data><Data Name='Image'>C:\Windows\System32\net.exe</Data><Data Name='FileVersion'>10.0.17134.1 (WinBuild.160101.0800)</Data><Data Name='Description'>Net Command</Data><Data Name='Product'>Microsoft® Windows® Operating System</Data><Data Name='Company'>Microsoft Corporation</Data><Data Name='OriginalFileName'>net.exe</Data><Data Name='CommandLine'>"C:\Windows\System32\net.exe" stop "audioendpointbuilder" /y</Data><Data Name='CurrentDirectory'>C:\Users\vagrant\Desktop\</Data><Data Name='User'>WIN-CLIENT-4137\vagrant</Data><Data Name='LogonGuid'>{51A89197-7BE0-5FB2-0000-00207E100200}</Data><Data Name='LogonId'>0x2107e</Data><Data Name='TerminalSessionId'>1</Data><Data Name='IntegrityLevel'>High</Data><Data Name='Hashes'>MD5=15534275EDAABC58159DD0F8607A71E5,SHA256=E9739D544EE0D428696036CBD656C41DCC505B67CC43DBA7C6BEC4E3959282AC,IMPHASH=EB2C2924EA23E1A5FB0E3F53F46CB709</Data><Data Name='ParentProcessGuid'>{51A89197-7D66-5FB2-0000-001098CE0F00}</Data><Data Name='ParentProcessId'>3532</Data><Data Name='ParentImage'>C:\Users\Public\mTEJH.exe</Data><Data Name='ParentCommandLine'>"C:\users\Public\mTEJH.exe" C:\Users\vagrant\Desktop\14248fda59e7a8bf9f143abe8bbd834cb7c2aa4f.exe</Data></EventData></Event>
1843:<Event xmlns='http://schemas.microsoft.com/win/2004/08/events/event'><System><Provider Name='Microsoft-Windows-Sysmon' Guid='{5770385F-C22A-43E0-BF4C-06F5698FFBD9}'/><EventID>1</EventID><Version>5</Version><Level>4</Level><Task>1</Task><Opcode>0</Opcode><Keywords>0x8000000000000000</Keywords><TimeCreated SystemTime='2020-11-16T13:23:56.158819100Z'/><EventRecordID>76750</EventRecordID><Correlation/><Execution ProcessID='1468' ThreadID='3172'/><Channel>Microsoft-Windows-Sysmon/Operational</Channel><Computer>win-client-4137150</Computer><Security UserID='S-1-5-18'/></System><EventData><Data Name='RuleName'></Data><Data Name='UtcTime'>2020-11-16 13:23:56.138</Data><Data Name='ProcessGuid'>{51A89197-7D6C-5FB2-0000-001037F70F00}</Data><Data Name='ProcessId'>4136</Data><Data Name='Image'>C:\Windows\System32\net.exe</Data><Data Name='FileVersion'>10.0.17134.1 (WinBuild.160101.0800)</Data><Data Name='Description'>Net Command</Data><Data Name='Product'>Microsoft® Windows® Operating System</Data><Data Name='Company'>Microsoft Corporation</Data><Data Name='OriginalFileName'>net.exe</Data><Data Name='CommandLine'>"C:\Windows\System32\net.exe" stop "samss" /y</Data><Data Name='CurrentDirectory'>C:\Users\vagrant\Desktop\</Data><Data Name='User'>WIN-CLIENT-4137\vagrant</Data><Data Name='LogonGuid'>{51A89197-7BE0-5FB2-0000-00207E100200}</Data><Data Name='LogonId'>0x2107e</Data><Data Name='TerminalSessionId'>1</Data><Data Name='IntegrityLevel'>High</Data><Data Name='Hashes'>MD5=15534275EDAABC58159DD0F8607A71E5,SHA256=E9739D544EE0D428696036CBD656C41DCC505B67CC43DBA7C6BEC4E3959282AC,IMPHASH=EB2C2924EA23E1A5FB0E3F53F46CB709</Data><Data Name='ParentProcessGuid'>{51A89197-7D66-5FB2-0000-001098CE0F00}</Data><Data Name='ParentProcessId'>3532</Data><Data Name='ParentImage'>C:\Users\Public\mTEJH.exe</Data><Data Name='ParentCommandLine'>"C:\users\Public\mTEJH.exe" C:\Users\vagrant\Desktop\14248fda59e7a8bf9f143abe8bbd834cb7c2aa4f.exe</Data></EventData></Event>
1865:<Event xmlns='http://schemas.microsoft.com/win/2004/08/events/event'><System><Provider Name='Microsoft-Windows-Sysmon' Guid='{5770385F-C22A-43E0-BF4C-06F5698FFBD9}'/><EventID>1</EventID><Version>5</Version><Level>4</Level><Task>1</Task><Opcode>0</Opcode><Keywords>0x8000000000000000</Keywords><TimeCreated SystemTime='2020-11-16T13:23:56.106297700Z'/><EventRecordID>76728</EventRecordID><Correlation/><Execution ProcessID='1468' ThreadID='3172'/><Channel>Microsoft-Windows-Sysmon/Operational</Channel><Computer>win-client-4137150</Computer><Security UserID='S-1-5-18'/></System><EventData><Data Name='RuleName'></Data><Data Name='UtcTime'>2020-11-16 13:23:56.050</Data><Data Name='ProcessGuid'>{51A89197-7D6C-5FB2-0000-00106BF40F00}</Data><Data Name='ProcessId'>1932</Data><Data Name='Image'>C:\Windows\System32\net1.exe</Data><Data Name='FileVersion'>10.0.17134.1 (WinBuild.160101.0800)</Data><Data Name='Description'>Net Command</Data><Data Name='Product'>Microsoft® Windows® Operating System</Data><Data Name='Company'>Microsoft Corporation</Data><Data Name='OriginalFileName'>net1.exe</Data><Data Name='CommandLine'>C:\Windows\system32\net1 stop "audioendpointbuilder" /y</Data><Data Name='CurrentDirectory'>C:\Users\vagrant\Desktop\</Data><Data Name='User'>WIN-CLIENT-4137\vagrant</Data><Data Name='LogonGuid'>{51A89197-7BE0-5FB2-0000-00207E100200}</Data><Data Name='LogonId'>0x2107e</Data><Data Name='TerminalSessionId'>1</Data><Data Name='IntegrityLevel'>High</Data><Data Name='Hashes'>MD5=AF569DE92AB6C1B9C681AF1E799F9983,SHA256=FFC30745BE3B6C2771FC4B2993CFF50B5226B271C412467E97B1DC1086DEA888,IMPHASH=5322AC1A3CFF9C8A2AE16A789E26231E</Data><Data Name='ParentProcessGuid'>{51A89197-7D6B-5FB2-0000-0010EFEF0F00}</Data><Data Name='ParentProcessId'>488</Data><Data Name='ParentImage'>C:\Windows\System32\net.exe</Data><Data Name='ParentCommandLine'>"C:\Windows\System32\net.exe" stop "audioendpointbuilder" /y</Data></EventData></Event>
1902:<Event xmlns='http://schemas.microsoft.com/win/2004/08/events/event'><System><Provider Name='Microsoft-Windows-Sysmon' Guid='{5770385F-C22A-43E0-BF4C-06F5698FFBD9}'/><EventID>1</EventID><Version>5</Version><Level>4</Level><Task>1</Task><Opcode>0</Opcode><Keywords>0x8000000000000000</Keywords><TimeCreated SystemTime='2020-11-16T13:23:57.447359600Z'/><EventRecordID>76779</EventRecordID><Correlation/><Execution ProcessID='1468' ThreadID='3172'/><Channel>Microsoft-Windows-Sysmon/Operational</Channel><Computer>win-client-4137150</Computer><Security UserID='S-1-5-18'/></System><EventData><Data Name='RuleName'></Data><Data Name='UtcTime'>2020-11-16 13:23:56.994</Data><Data Name='ProcessGuid'>{51A89197-7D6C-5FB2-0000-00105C041000}</Data><Data Name='ProcessId'>2116</Data><Data Name='Image'>C:\Windows\System32\net1.exe</Data><Data Name='FileVersion'>10.0.17134.1 (WinBuild.160101.0800)</Data><Data Name='Description'>Net Command</Data><Data Name='Product'>Microsoft® Windows® Operating System</Data><Data Name='Company'>Microsoft Corporation</Data><Data Name='OriginalFileName'>net1.exe</Data><Data Name='CommandLine'>C:\Windows\system32\net1 stop "samss" /y</Data><Data Name='CurrentDirectory'>C:\Users\vagrant\Desktop\</Data><Data Name='User'>WIN-CLIENT-4137\vagrant</Data><Data Name='LogonGuid'>{51A89197-7BE0-5FB2-0000-00207E100200}</Data><Data Name='LogonId'>0x2107e</Data><Data Name='TerminalSessionId'>1</Data><Data Name='IntegrityLevel'>High</Data><Data Name='Hashes'>MD5=AF569DE92AB6C1B9C681AF1E799F9983,SHA256=FFC30745BE3B6C2771FC4B2993CFF50B5226B271C412467E97B1DC1086DEA888,IMPHASH=5322AC1A3CFF9C8A2AE16A789E26231E</Data><Data Name='ParentProcessGuid'>{51A89197-7D6C-5FB2-0000-001037F70F00}</Data><Data Name='ParentProcessId'>4136</Data><Data Name='ParentImage'>C:\Windows\System32\net.exe</Data><Data Name='ParentCommandLine'>"C:\Windows\System32\net.exe" stop "samss" /y</Data></EventData></Event>
2130:<Event xmlns='http://schemas.microsoft.com/win/2004/08/events/event'><System><Provider Name='Microsoft-Windows-Sysmon' Guid='{5770385F-C22A-43E0-BF4C-06F5698FFBD9}'/><EventID>1</EventID><Version>5</Version><Level>4</Level><Task>1</Task><Opcode>0</Opcode><Keywords>0x8000000000000000</Keywords><TimeCreated SystemTime='2020-11-16T13:24:02.983665900Z'/><EventRecordID>77027</EventRecordID><Correlation/><Execution ProcessID='1468' ThreadID='3172'/><Channel>Microsoft-Windows-Sysmon/Operational</Channel><Computer>win-client-4137150</Computer><Security UserID='S-1-5-18'/></System><EventData><Data Name='RuleName'></Data><Data Name='UtcTime'>2020-11-16 13:24:02.948</Data><Data Name='ProcessGuid'>{51A89197-7D72-5FB2-0000-0010022F1000}</Data><Data Name='ProcessId'>492</Data><Data Name='Image'>C:\Windows\System32\net.exe</Data><Data Name='FileVersion'>10.0.17134.1 (WinBuild.160101.0800)</Data><Data Name='Description'>Net Command</Data><Data Name='Product'>Microsoft® Windows® Operating System</Data><Data Name='Company'>Microsoft Corporation</Data><Data Name='OriginalFileName'>net.exe</Data><Data Name='CommandLine'>"C:\Windows\System32\net.exe" stop "samss" /y</Data><Data Name='CurrentDirectory'>C:\Windows\system32\</Data><Data Name='User'>WIN-CLIENT-4137\vagrant</Data><Data Name='LogonGuid'>{51A89197-7BE0-5FB2-0000-00207E100200}</Data><Data Name='LogonId'>0x2107e</Data><Data Name='TerminalSessionId'>1</Data><Data Name='IntegrityLevel'>High</Data><Data Name='Hashes'>MD5=15534275EDAABC58159DD0F8607A71E5,SHA256=E9739D544EE0D428696036CBD656C41DCC505B67CC43DBA7C6BEC4E3959282AC,IMPHASH=EB2C2924EA23E1A5FB0E3F53F46CB709</Data><Data Name='ParentProcessGuid'>{51A89197-7BE2-5FB2-0000-001005510200}</Data><Data Name='ParentProcessId'>832</Data><Data Name='ParentImage'>C:\Windows\System32\svchost.exe</Data><Data Name='ParentCommandLine'>C:\Windows\system32\svchost.exe -k UnistackSvcGroup</Data></EventData></Event>
2177:<Event xmlns='http://schemas.microsoft.com/win/2004/08/events/event'><System><Provider Name='Microsoft-Windows-Sysmon' Guid='{5770385F-C22A-43E0-BF4C-06F5698FFBD9}'/><EventID>1</EventID><Version>5</Version><Level>4</Level><Task>1</Task><Opcode>0</Opcode><Keywords>0x8000000000000000</Keywords><TimeCreated SystemTime='2020-11-16T13:24:03.412738900Z'/><EventRecordID>77046</EventRecordID><Correlation/><Execution ProcessID='1468' ThreadID='3172'/><Channel>Microsoft-Windows-Sysmon/Operational</Channel><Computer>win-client-4137150</Computer><Security UserID='S-1-5-18'/></System><EventData><Data Name='RuleName'></Data><Data Name='UtcTime'>2020-11-16 13:24:03.393</Data><Data Name='ProcessGuid'>{51A89197-7D73-5FB2-0000-0010A33E1000}</Data><Data Name='ProcessId'>3644</Data><Data Name='Image'>C:\Windows\System32\net1.exe</Data><Data Name='FileVersion'>10.0.17134.1 (WinBuild.160101.0800)</Data><Data Name='Description'>Net Command</Data><Data Name='Product'>Microsoft® Windows® Operating System</Data><Data Name='Company'>Microsoft Corporation</Data><Data Name='OriginalFileName'>net1.exe</Data><Data Name='CommandLine'>C:\Windows\system32\net1 stop "samss" /y</Data><Data Name='CurrentDirectory'>C:\Windows\system32\</Data><Data Name='User'>WIN-CLIENT-4137\vagrant</Data><Data Name='LogonGuid'>{51A89197-7BE0-5FB2-0000-00207E100200}</Data><Data Name='LogonId'>0x2107e</Data><Data Name='TerminalSessionId'>1</Data><Data Name='IntegrityLevel'>High</Data><Data Name='Hashes'>MD5=AF569DE92AB6C1B9C681AF1E799F9983,SHA256=FFC30745BE3B6C2771FC4B2993CFF50B5226B271C412467E97B1DC1086DEA888,IMPHASH=5322AC1A3CFF9C8A2AE16A789E26231E</Data><Data Name='ParentProcessGuid'>{51A89197-7D72-5FB2-0000-0010022F1000}</Data><Data Name='ParentProcessId'>492</Data><Data Name='ParentImage'>C:\Windows\System32\net.exe</Data><Data Name='ParentCommandLine'>"C:\Windows\System32\net.exe" stop "samss" /y</Data></EventData></Event>
2971:<Event xmlns='http://schemas.microsoft.com/win/2004/08/events/event'><System><Provider Name='Microsoft-Windows-Sysmon' Guid='{5770385F-C22A-43E0-BF4C-06F5698FFBD9}'/><EventID>1</EventID><Version>5</Version><Level>4</Level><Task>1</Task><Opcode>0</Opcode><Keywords>0x8000000000000000</Keywords><TimeCreated SystemTime='2020-11-16T13:24:15.325552200Z'/><EventRecordID>77827</EventRecordID><Correlation/><Execution ProcessID='1468' ThreadID='3172'/><Channel>Microsoft-Windows-Sysmon/Operational</Channel><Computer>win-client-4137150</Computer><Security UserID='S-1-5-18'/></System><EventData><Data Name='RuleName'></Data><Data Name='UtcTime'>2020-11-16 13:24:14.983</Data><Data Name='ProcessGuid'>{51A89197-7D7E-5FB2-0000-00101DED1100}</Data><Data Name='ProcessId'>12956</Data><Data Name='Image'>C:\Windows\System32\net.exe</Data><Data Name='FileVersion'>10.0.17134.1 (WinBuild.160101.0800)</Data><Data Name='Description'>Net Command</Data><Data Name='Product'>Microsoft® Windows® Operating System</Data><Data Name='Company'>Microsoft Corporation</Data><Data Name='OriginalFileName'>net.exe</Data><Data Name='CommandLine'>"C:\Windows\System32\net.exe" stop "samss" /y</Data><Data Name='CurrentDirectory'>C:\Users\vagrant\Desktop\</Data><Data Name='User'>WIN-CLIENT-4137\vagrant</Data><Data Name='LogonGuid'>{51A89197-7BE0-5FB2-0000-00207E100200}</Data><Data Name='LogonId'>0x2107e</Data><Data Name='TerminalSessionId'>1</Data><Data Name='IntegrityLevel'>High</Data><Data Name='Hashes'>MD5=15534275EDAABC58159DD0F8607A71E5,SHA256=E9739D544EE0D428696036CBD656C41DCC505B67CC43DBA7C6BEC4E3959282AC,IMPHASH=EB2C2924EA23E1A5FB0E3F53F46CB709</Data><Data Name='ParentProcessGuid'>{51A89197-7D66-5FB2-0000-001098CE0F00}</Data><Data Name='ParentProcessId'>3532</Data><Data Name='ParentImage'>C:\Users\Public\mTEJH.exe</Data><Data Name='ParentCommandLine'>"C:\users\Public\mTEJH.exe" C:\Users\vagrant\Desktop\14248fda59e7a8bf9f143abe8bbd834cb7c2aa4f.exe</Data></EventData></Event>
3006:<Event xmlns='http://schemas.microsoft.com/win/2004/08/events/event'><System><Provider Name='Microsoft-Windows-Sysmon' Guid='{5770385F-C22A-43E0-BF4C-06F5698FFBD9}'/><EventID>1</EventID><Version>5</Version><Level>4</Level><Task>1</Task><Opcode>0</Opcode><Keywords>0x8000000000000000</Keywords><TimeCreated SystemTime='2020-11-16T13:24:16.464202400Z'/><EventRecordID>77861</EventRecordID><Correlation/><Execution ProcessID='1468' ThreadID='3172'/><Channel>Microsoft-Windows-Sysmon/Operational</Channel><Computer>win-client-4137150</Computer><Security UserID='S-1-5-18'/></System><EventData><Data Name='RuleName'></Data><Data Name='UtcTime'>2020-11-16 13:24:15.982</Data><Data Name='ProcessGuid'>{51A89197-7D7F-5FB2-0000-00105B271200}</Data><Data Name='ProcessId'>13660</Data><Data Name='Image'>C:\Windows\System32\net1.exe</Data><Data Name='FileVersion'>10.0.17134.1 (WinBuild.160101.0800)</Data><Data Name='Description'>Net Command</Data><Data Name='Product'>Microsoft® Windows® Operating System</Data><Data Name='Company'>Microsoft Corporation</Data><Data Name='OriginalFileName'>net1.exe</Data><Data Name='CommandLine'>C:\Windows\system32\net1 stop "samss" /y</Data><Data Name='CurrentDirectory'>C:\Users\vagrant\Desktop\</Data><Data Name='User'>WIN-CLIENT-4137\vagrant</Data><Data Name='LogonGuid'>{51A89197-7BE0-5FB2-0000-00207E100200}</Data><Data Name='LogonId'>0x2107e</Data><Data Name='TerminalSessionId'>1</Data><Data Name='IntegrityLevel'>High</Data><Data Name='Hashes'>MD5=AF569DE92AB6C1B9C681AF1E799F9983,SHA256=FFC30745BE3B6C2771FC4B2993CFF50B5226B271C412467E97B1DC1086DEA888,IMPHASH=5322AC1A3CFF9C8A2AE16A789E26231E</Data><Data Name='ParentProcessGuid'>{51A89197-7D7E-5FB2-0000-00101DED1100}</Data><Data Name='ParentProcessId'>12956</Data><Data Name='ParentImage'>C:\Windows\System32\net.exe</Data><Data Name='ParentCommandLine'>"C:\Windows\System32\net.exe" stop "samss" /y</Data></EventData></Event>
3577:<Event xmlns='http://schemas.microsoft.com/win/2004/08/events/event'><System><Provider Name='Microsoft-Windows-Sysmon' Guid='{5770385F-C22A-43E0-BF4C-06F5698FFBD9}'/><EventID>1</EventID><Version>5</Version><Level>4</Level><Task>1</Task><Opcode>0</Opcode><Keywords>0x8000000000000000</Keywords><TimeCreated SystemTime='2020-11-16T13:24:41.482990600Z'/><EventRecordID>78446</EventRecordID><Correlation/><Execution ProcessID='1468' ThreadID='3172'/><Channel>Microsoft-Windows-Sysmon/Operational</Channel><Computer>win-client-4137150</Computer><Security UserID='S-1-5-18'/></System><EventData><Data Name='RuleName'></Data><Data Name='UtcTime'>2020-11-16 13:24:41.215</Data><Data Name='ProcessGuid'>{51A89197-7D99-5FB2-0000-0010C0211700}</Data><Data Name='ProcessId'>58516</Data><Data Name='Image'>C:\Windows\System32\net.exe</Data><Data Name='FileVersion'>10.0.17134.1 (WinBuild.160101.0800)</Data><Data Name='Description'>Net Command</Data><Data Name='Product'>Microsoft® Windows® Operating System</Data><Data Name='Company'>Microsoft Corporation</Data><Data Name='OriginalFileName'>net.exe</Data><Data Name='CommandLine'>"C:\Windows\System32\net.exe" stop "samss" /y</Data><Data Name='CurrentDirectory'>C:\Users\vagrant\Desktop\</Data><Data Name='User'>WIN-CLIENT-4137\vagrant</Data><Data Name='LogonGuid'>{51A89197-7BE0-5FB2-0000-00207E100200}</Data><Data Name='LogonId'>0x2107e</Data><Data Name='TerminalSessionId'>1</Data><Data Name='IntegrityLevel'>High</Data><Data Name='Hashes'>MD5=15534275EDAABC58159DD0F8607A71E5,SHA256=E9739D544EE0D428696036CBD656C41DCC505B67CC43DBA7C6BEC4E3959282AC,IMPHASH=EB2C2924EA23E1A5FB0E3F53F46CB709</Data><Data Name='ParentProcessGuid'>{51A89197-7D66-5FB2-0000-001098CE0F00}</Data><Data Name='ParentProcessId'>3532</Data><Data Name='ParentImage'>C:\Users\Public\mTEJH.exe</Data><Data Name='ParentCommandLine'>"C:\users\Public\mTEJH.exe" C:\Users\vagrant\Desktop\14248fda59e7a8bf9f143abe8bbd834cb7c2aa4f.exe</Data></EventData></Event>
3617:<Event xmlns='http://schemas.microsoft.com/win/2004/08/events/event'><System><Provider Name='Microsoft-Windows-Sysmon' Guid='{5770385F-C22A-43E0-BF4C-06F5698FFBD9}'/><EventID>1</EventID><Version>5</Version><Level>4</Level><Task>1</Task><Opcode>0</Opcode><Keywords>0x8000000000000000</Keywords><TimeCreated SystemTime='2020-11-16T13:24:42.629841300Z'/><EventRecordID>78480</EventRecordID><Correlation/><Execution ProcessID='1468' ThreadID='3172'/><Channel>Microsoft-Windows-Sysmon/Operational</Channel><Computer>win-client-4137150</Computer><Security UserID='S-1-5-18'/></System><EventData><Data Name='RuleName'></Data><Data Name='UtcTime'>2020-11-16 13:24:42.284</Data><Data Name='ProcessGuid'>{51A89197-7D9A-5FB2-0000-0010344F1700}</Data><Data Name='ProcessId'>58916</Data><Data Name='Image'>C:\Windows\System32\net1.exe</Data><Data Name='FileVersion'>10.0.17134.1 (WinBuild.160101.0800)</Data><Data Name='Description'>Net Command</Data><Data Name='Product'>Microsoft® Windows® Operating System</Data><Data Name='Company'>Microsoft Corporation</Data><Data Name='OriginalFileName'>net1.exe</Data><Data Name='CommandLine'>C:\Windows\system32\net1 stop "samss" /y</Data><Data Name='CurrentDirectory'>C:\Users\vagrant\Desktop\</Data><Data Name='User'>WIN-CLIENT-4137\vagrant</Data><Data Name='LogonGuid'>{51A89197-7BE0-5FB2-0000-00207E100200}</Data><Data Name='LogonId'>0x2107e</Data><Data Name='TerminalSessionId'>1</Data><Data Name='IntegrityLevel'>High</Data><Data Name='Hashes'>MD5=AF569DE92AB6C1B9C681AF1E799F9983,SHA256=FFC30745BE3B6C2771FC4B2993CFF50B5226B271C412467E97B1DC1086DEA888,IMPHASH=5322AC1A3CFF9C8A2AE16A789E26231E</Data><Data Name='ParentProcessGuid'>{51A89197-7D99-5FB2-0000-0010C0211700}</Data><Data Name='ParentProcessId'>58516</Data><Data Name='ParentImage'>C:\Windows\System32\net.exe</Data><Data Name='ParentCommandLine'>"C:\Windows\System32\net.exe" stop "samss" /y</Data></EventData></Event>
3647:<Event xmlns='http://schemas.microsoft.com/win/2004/08/events/event'><System><Provider Name='Microsoft-Windows-Sysmon' Guid='{5770385F-C22A-43E0-BF4C-06F5698FFBD9}'/><EventID>1</EventID><Version>5</Version><Level>4</Level><Task>1</Task><Opcode>0</Opcode><Keywords>0x8000000000000000</Keywords><TimeCreated SystemTime='2020-11-16T13:24:48.820884400Z'/><EventRecordID>78536</EventRecordID><Correlation/><Execution ProcessID='1468' ThreadID='3172'/><Channel>Microsoft-Windows-Sysmon/Operational</Channel><Computer>win-client-4137150</Computer><Security UserID='S-1-5-18'/></System><EventData><Data Name='RuleName'></Data><Data Name='UtcTime'>2020-11-16 13:24:48.497</Data><Data Name='ProcessGuid'>{51A89197-7DA0-5FB2-0000-0010917B1800}</Data><Data Name='ProcessId'>61296</Data><Data Name='Image'>C:\Windows\System32\net.exe</Data><Data Name='FileVersion'>10.0.17134.1 (WinBuild.160101.0800)</Data><Data Name='Description'>Net Command</Data><Data Name='Product'>Microsoft® Windows® Operating System</Data><Data Name='Company'>Microsoft Corporation</Data><Data Name='OriginalFileName'>net.exe</Data><Data Name='CommandLine'>"C:\Windows\System32\net.exe" stop "samss" /y</Data><Data Name='CurrentDirectory'>C:\Windows\system32\</Data><Data Name='User'>WIN-CLIENT-4137\vagrant</Data><Data Name='LogonGuid'>{51A89197-7BE0-5FB2-0000-00207E100200}</Data><Data Name='LogonId'>0x2107e</Data><Data Name='TerminalSessionId'>1</Data><Data Name='IntegrityLevel'>High</Data><Data Name='Hashes'>MD5=15534275EDAABC58159DD0F8607A71E5,SHA256=E9739D544EE0D428696036CBD656C41DCC505B67CC43DBA7C6BEC4E3959282AC,IMPHASH=EB2C2924EA23E1A5FB0E3F53F46CB709</Data><Data Name='ParentProcessGuid'>{51A89197-7BE2-5FB2-0000-001005510200}</Data><Data Name='ParentProcessId'>832</Data><Data Name='ParentImage'>C:\Windows\System32\svchost.exe</Data><Data Name='ParentCommandLine'>C:\Windows\system32\svchost.exe -k UnistackSvcGroup</Data></EventData></Event>
3743:<Event xmlns='http://schemas.microsoft.com/win/2004/08/events/event'><System><Provider Name='Microsoft-Windows-Sysmon' Guid='{5770385F-C22A-43E0-BF4C-06F5698FFBD9}'/><EventID>1</EventID><Version>5</Version><Level>4</Level><Task>1</Task><Opcode>0</Opcode><Keywords>0x8000000000000000</Keywords><TimeCreated SystemTime='2020-11-16T13:24:51.212483100Z'/><EventRecordID>78591</EventRecordID><Correlation/><Execution ProcessID='1468' ThreadID='3172'/><Channel>Microsoft-Windows-Sysmon/Operational</Channel><Computer>win-client-4137150</Computer><Security UserID='S-1-5-18'/></System><EventData><Data Name='RuleName'></Data><Data Name='UtcTime'>2020-11-16 13:24:50.528</Data><Data Name='ProcessGuid'>{51A89197-7DA2-5FB2-0000-00104BC41800}</Data><Data Name='ProcessId'>62000</Data><Data Name='Image'>C:\Windows\System32\net1.exe</Data><Data Name='FileVersion'>10.0.17134.1 (WinBuild.160101.0800)</Data><Data Name='Description'>Net Command</Data><Data Name='Product'>Microsoft® Windows® Operating System</Data><Data Name='Company'>Microsoft Corporation</Data><Data Name='OriginalFileName'>net1.exe</Data><Data Name='CommandLine'>C:\Windows\system32\net1 stop "samss" /y</Data><Data Name='CurrentDirectory'>C:\Windows\system32\</Data><Data Name='User'>WIN-CLIENT-4137\vagrant</Data><Data Name='LogonGuid'>{51A89197-7BE0-5FB2-0000-00207E100200}</Data><Data Name='LogonId'>0x2107e</Data><Data Name='TerminalSessionId'>1</Data><Data Name='IntegrityLevel'>High</Data><Data Name='Hashes'>MD5=AF569DE92AB6C1B9C681AF1E799F9983,SHA256=FFC30745BE3B6C2771FC4B2993CFF50B5226B271C412467E97B1DC1086DEA888,IMPHASH=5322AC1A3CFF9C8A2AE16A789E26231E</Data><Data Name='ParentProcessGuid'>{51A89197-7DA0-5FB2-0000-0010917B1800}</Data><Data Name='ParentProcessId'>61296</Data><Data Name='ParentImage'>C:\Windows\System32\net.exe</Data><Data Name='ParentCommandLine'>"C:\Windows\System32\net.exe" stop "samss" /y</Data></EventData></Event>
3985:<Event xmlns='http://schemas.microsoft.com/win/2004/08/events/event'><System><Provider Name='Microsoft-Windows-Sysmon' Guid='{5770385F-C22A-43E0-BF4C-06F5698FFBD9}'/><EventID>1</EventID><Version>5</Version><Level>4</Level><Task>1</Task><Opcode>0</Opcode><Keywords>0x8000000000000000</Keywords><TimeCreated SystemTime='2020-11-16T13:25:06.095058000Z'/><EventRecordID>78857</EventRecordID><Correlation/><Execution ProcessID='1468' ThreadID='3172'/><Channel>Microsoft-Windows-Sysmon/Operational</Channel><Computer>win-client-4137150</Computer><Security UserID='S-1-5-18'/></System><EventData><Data Name='RuleName'></Data><Data Name='UtcTime'>2020-11-16 13:25:05.499</Data><Data Name='ProcessGuid'>{51A89197-7DB1-5FB2-0000-001042BC1A00}</Data><Data Name='ProcessId'>66608</Data><Data Name='Image'>C:\Windows\System32\net.exe</Data><Data Name='FileVersion'>10.0.17134.1 (WinBuild.160101.0800)</Data><Data Name='Description'>Net Command</Data><Data Name='Product'>Microsoft® Windows® Operating System</Data><Data Name='Company'>Microsoft Corporation</Data><Data Name='OriginalFileName'>net.exe</Data><Data Name='CommandLine'>"C:\Windows\System32\net.exe" stop "samss" /y</Data><Data Name='CurrentDirectory'>C:\Users\vagrant\Desktop\</Data><Data Name='User'>WIN-CLIENT-4137\vagrant</Data><Data Name='LogonGuid'>{51A89197-7BE0-5FB2-0000-00207E100200}</Data><Data Name='LogonId'>0x2107e</Data><Data Name='TerminalSessionId'>1</Data><Data Name='IntegrityLevel'>High</Data><Data Name='Hashes'>MD5=15534275EDAABC58159DD0F8607A71E5,SHA256=E9739D544EE0D428696036CBD656C41DCC505B67CC43DBA7C6BEC4E3959282AC,IMPHASH=EB2C2924EA23E1A5FB0E3F53F46CB709</Data><Data Name='ParentProcessGuid'>{51A89197-7D66-5FB2-0000-001098CE0F00}</Data><Data Name='ParentProcessId'>3532</Data><Data Name='ParentImage'>C:\Users\Public\mTEJH.exe</Data><Data Name='ParentCommandLine'>"C:\users\Public\mTEJH.exe" C:\Users\vagrant\Desktop\14248fda59e7a8bf9f143abe8bbd834cb7c2aa4f.exe</Data></EventData></Event>
4007:<Event xmlns='http://schemas.microsoft.com/win/2004/08/events/event'><System><Provider Name='Microsoft-Windows-Sysmon' Guid='{5770385F-C22A-43E0-BF4C-06F5698FFBD9}'/><EventID>1</EventID><Version>5</Version><Level>4</Level><Task>1</Task><Opcode>0</Opcode><Keywords>0x8000000000000000</Keywords><TimeCreated SystemTime='2020-11-16T13:25:07.255151600Z'/><EventRecordID>78873</EventRecordID><Correlation/><Execution ProcessID='1468' ThreadID='3172'/><Channel>Microsoft-Windows-Sysmon/Operational</Channel><Computer>win-client-4137150</Computer><Security UserID='S-1-5-18'/></System><EventData><Data Name='RuleName'></Data><Data Name='UtcTime'>2020-11-16 13:25:06.760</Data><Data Name='ProcessGuid'>{51A89197-7DB2-5FB2-0000-00103FE91A00}</Data><Data Name='ProcessId'>66936</Data><Data Name='Image'>C:\Windows\System32\net1.exe</Data><Data Name='FileVersion'>10.0.17134.1 (WinBuild.160101.0800)</Data><Data Name='Description'>Net Command</Data><Data Name='Product'>Microsoft® Windows® Operating System</Data><Data Name='Company'>Microsoft Corporation</Data><Data Name='OriginalFileName'>net1.exe</Data><Data Name='CommandLine'>C:\Windows\system32\net1 stop "samss" /y</Data><Data Name='CurrentDirectory'>C:\Users\vagrant\Desktop\</Data><Data Name='User'>WIN-CLIENT-4137\vagrant</Data><Data Name='LogonGuid'>{51A89197-7BE0-5FB2-0000-00207E100200}</Data><Data Name='LogonId'>0x2107e</Data><Data Name='TerminalSessionId'>1</Data><Data Name='IntegrityLevel'>High</Data><Data Name='Hashes'>MD5=AF569DE92AB6C1B9C681AF1E799F9983,SHA256=FFC30745BE3B6C2771FC4B2993CFF50B5226B271C412467E97B1DC1086DEA888,IMPHASH=5322AC1A3CFF9C8A2AE16A789E26231E</Data><Data Name='ParentProcessGuid'>{51A89197-7DB1-5FB2-0000-001042BC1A00}</Data><Data Name='ParentProcessId'>66608</Data><Data Name='ParentImage'>C:\Windows\System32\net.exe</Data><Data Name='ParentCommandLine'>"C:\Windows\System32\net.exe" stop "samss" /y</Data></EventData></Event>
4354:<Event xmlns='http://schemas.microsoft.com/win/2004/08/events/event'><System><Provider Name='Microsoft-Windows-Sysmon' Guid='{5770385F-C22A-43E0-BF4C-06F5698FFBD9}'/><EventID>1</EventID><Version>5</Version><Level>4</Level><Task>1</Task><Opcode>0</Opcode><Keywords>0x8000000000000000</Keywords><TimeCreated SystemTime='2020-11-16T13:25:38.294895300Z'/><EventRecordID>79207</EventRecordID><Correlation/><Execution ProcessID='1468' ThreadID='3172'/><Channel>Microsoft-Windows-Sysmon/Operational</Channel><Computer>win-client-4137150</Computer><Security UserID='S-1-5-18'/></System><EventData><Data Name='RuleName'></Data><Data Name='UtcTime'>2020-11-16 13:25:37.748</Data><Data Name='ProcessGuid'>{51A89197-7DD1-5FB2-0000-00101A2A2000}</Data><Data Name='ProcessId'>89912</Data><Data Name='Image'>C:\Windows\System32\net.exe</Data><Data Name='FileVersion'>10.0.17134.1 (WinBuild.160101.0800)</Data><Data Name='Description'>Net Command</Data><Data Name='Product'>Microsoft® Windows® Operating System</Data><Data Name='Company'>Microsoft Corporation</Data><Data Name='OriginalFileName'>net.exe</Data><Data Name='CommandLine'>"C:\Windows\System32\net.exe" stop "samss" /y</Data><Data Name='CurrentDirectory'>C:\Users\vagrant\Desktop\</Data><Data Name='User'>WIN-CLIENT-4137\vagrant</Data><Data Name='LogonGuid'>{51A89197-7BE0-5FB2-0000-00207E100200}</Data><Data Name='LogonId'>0x2107e</Data><Data Name='TerminalSessionId'>1</Data><Data Name='IntegrityLevel'>High</Data><Data Name='Hashes'>MD5=15534275EDAABC58159DD0F8607A71E5,SHA256=E9739D544EE0D428696036CBD656C41DCC505B67CC43DBA7C6BEC4E3959282AC,IMPHASH=EB2C2924EA23E1A5FB0E3F53F46CB709</Data><Data Name='ParentProcessGuid'>{51A89197-7D66-5FB2-0000-001098CE0F00}</Data><Data Name='ParentProcessId'>3532</Data><Data Name='ParentImage'>C:\Users\Public\mTEJH.exe</Data><Data Name='ParentCommandLine'>"C:\users\Public\mTEJH.exe" C:\Users\vagrant\Desktop\14248fda59e7a8bf9f143abe8bbd834cb7c2aa4f.exe</Data></EventData></Event>
4375:<Event xmlns='http://schemas.microsoft.com/win/2004/08/events/event'><System><Provider Name='Microsoft-Windows-Sysmon' Guid='{5770385F-C22A-43E0-BF4C-06F5698FFBD9}'/><EventID>1</EventID><Version>5</Version><Level>4</Level><Task>1</Task><Opcode>0</Opcode><Keywords>0x8000000000000000</Keywords><TimeCreated SystemTime='2020-11-16T13:25:39.103291400Z'/><EventRecordID>79242</EventRecordID><Correlation/><Execution ProcessID='1468' ThreadID='3172'/><Channel>Microsoft-Windows-Sysmon/Operational</Channel><Computer>win-client-4137150</Computer><Security UserID='S-1-5-18'/></System><EventData><Data Name='RuleName'></Data><Data Name='UtcTime'>2020-11-16 13:25:38.716</Data><Data Name='ProcessGuid'>{51A89197-7DD2-5FB2-0000-00105B5D2000}</Data><Data Name='ProcessId'>91412</Data><Data Name='Image'>C:\Windows\System32\net1.exe</Data><Data Name='FileVersion'>10.0.17134.1 (WinBuild.160101.0800)</Data><Data Name='Description'>Net Command</Data><Data Name='Product'>Microsoft® Windows® Operating System</Data><Data Name='Company'>Microsoft Corporation</Data><Data Name='OriginalFileName'>net1.exe</Data><Data Name='CommandLine'>C:\Windows\system32\net1 stop "samss" /y</Data><Data Name='CurrentDirectory'>C:\Users\vagrant\Desktop\</Data><Data Name='User'>WIN-CLIENT-4137\vagrant</Data><Data Name='LogonGuid'>{51A89197-7BE0-5FB2-0000-00207E100200}</Data><Data Name='LogonId'>0x2107e</Data><Data Name='TerminalSessionId'>1</Data><Data Name='IntegrityLevel'>High</Data><Data Name='Hashes'>MD5=AF569DE92AB6C1B9C681AF1E799F9983,SHA256=FFC30745BE3B6C2771FC4B2993CFF50B5226B271C412467E97B1DC1086DEA888,IMPHASH=5322AC1A3CFF9C8A2AE16A789E26231E</Data><Data Name='ParentProcessGuid'>{51A89197-7DD1-5FB2-0000-00101A2A2000}</Data><Data Name='ParentProcessId'>89912</Data><Data Name='ParentImage'>C:\Windows\System32\net.exe</Data><Data Name='ParentCommandLine'>"C:\Windows\System32\net.exe" stop "samss" /y</Data></EventData></Event>
4402:<Event xmlns='http://schemas.microsoft.com/win/2004/08/events/event'><System><Provider Name='Microsoft-Windows-Sysmon' Guid='{5770385F-C22A-43E0-BF4C-06F5698FFBD9}'/><EventID>1</EventID><Version>5</Version><Level>4</Level><Task>1</Task><Opcode>0</Opcode><Keywords>0x8000000000000000</Keywords><TimeCreated SystemTime='2020-11-16T13:25:44.380368900Z'/><EventRecordID>79276</EventRecordID><Correlation/><Execution ProcessID='1468' ThreadID='3172'/><Channel>Microsoft-Windows-Sysmon/Operational</Channel><Computer>win-client-4137150</Computer><Security UserID='S-1-5-18'/></System><EventData><Data Name='RuleName'></Data><Data Name='UtcTime'>2020-11-16 13:25:44.212</Data><Data Name='ProcessGuid'>{51A89197-7DD8-5FB2-0000-001069762100}</Data><Data Name='ProcessId'>97824</Data><Data Name='Image'>C:\Windows\System32\net.exe</Data><Data Name='FileVersion'>10.0.17134.1 (WinBuild.160101.0800)</Data><Data Name='Description'>Net Command</Data><Data Name='Product'>Microsoft® Windows® Operating System</Data><Data Name='Company'>Microsoft Corporation</Data><Data Name='OriginalFileName'>net.exe</Data><Data Name='CommandLine'>"C:\Windows\System32\net.exe" stop "samss" /y</Data><Data Name='CurrentDirectory'>C:\Windows\system32\</Data><Data Name='User'>WIN-CLIENT-4137\vagrant</Data><Data Name='LogonGuid'>{51A89197-7BE0-5FB2-0000-00207E100200}</Data><Data Name='LogonId'>0x2107e</Data><Data Name='TerminalSessionId'>1</Data><Data Name='IntegrityLevel'>High</Data><Data Name='Hashes'>MD5=15534275EDAABC58159DD0F8607A71E5,SHA256=E9739D544EE0D428696036CBD656C41DCC505B67CC43DBA7C6BEC4E3959282AC,IMPHASH=EB2C2924EA23E1A5FB0E3F53F46CB709</Data><Data Name='ParentProcessGuid'>{51A89197-7BE2-5FB2-0000-001005510200}</Data><Data Name='ParentProcessId'>832</Data><Data Name='ParentImage'>C:\Windows\System32\svchost.exe</Data><Data Name='ParentCommandLine'>C:\Windows\system32\svchost.exe -k UnistackSvcGroup</Data></EventData></Event>
4414:<Event xmlns='http://schemas.microsoft.com/win/2004/08/events/event'><System><Provider Name='Microsoft-Windows-Sysmon' Guid='{5770385F-C22A-43E0-BF4C-06F5698FFBD9}'/><EventID>1</EventID><Version>5</Version><Level>4</Level><Task>1</Task><Opcode>0</Opcode><Keywords>0x8000000000000000</Keywords><TimeCreated SystemTime='2020-11-16T13:25:45.914982800Z'/><EventRecordID>79295</EventRecordID><Correlation/><Execution ProcessID='1468' ThreadID='3172'/><Channel>Microsoft-Windows-Sysmon/Operational</Channel><Computer>win-client-4137150</Computer><Security UserID='S-1-5-18'/></System><EventData><Data Name='RuleName'></Data><Data Name='UtcTime'>2020-11-16 13:25:45.650</Data><Data Name='ProcessGuid'>{51A89197-7DD9-5FB2-0000-001045C42100}</Data><Data Name='ProcessId'>100180</Data><Data Name='Image'>C:\Windows\System32\net1.exe</Data><Data Name='FileVersion'>10.0.17134.1 (WinBuild.160101.0800)</Data><Data Name='Description'>Net Command</Data><Data Name='Product'>Microsoft® Windows® Operating System</Data><Data Name='Company'>Microsoft Corporation</Data><Data Name='OriginalFileName'>net1.exe</Data><Data Name='CommandLine'>C:\Windows\system32\net1 stop "samss" /y</Data><Data Name='CurrentDirectory'>C:\Windows\system32\</Data><Data Name='User'>WIN-CLIENT-4137\vagrant</Data><Data Name='LogonGuid'>{51A89197-7BE0-5FB2-0000-00207E100200}</Data><Data Name='LogonId'>0x2107e</Data><Data Name='TerminalSessionId'>1</Data><Data Name='IntegrityLevel'>High</Data><Data Name='Hashes'>MD5=AF569DE92AB6C1B9C681AF1E799F9983,SHA256=FFC30745BE3B6C2771FC4B2993CFF50B5226B271C412467E97B1DC1086DEA888,IMPHASH=5322AC1A3CFF9C8A2AE16A789E26231E</Data><Data Name='ParentProcessGuid'>{51A89197-7DD8-5FB2-0000-001069762100}</Data><Data Name='ParentProcessId'>97824</Data><Data Name='ParentImage'>C:\Windows\System32\net.exe</Data><Data Name='ParentCommandLine'>"C:\Windows\System32\net.exe" stop "samss" /y</Data></EventData></Event>
4616:<Event xmlns='http://schemas.microsoft.com/win/2004/08/events/event'><System><Provider Name='Microsoft-Windows-Sysmon' Guid='{5770385F-C22A-43E0-BF4C-06F5698FFBD9}'/><EventID>1</EventID><Version>5</Version><Level>4</Level><Task>1</Task><Opcode>0</Opcode><Keywords>0x8000000000000000</Keywords><TimeCreated SystemTime='2020-11-16T13:25:56.861916000Z'/><EventRecordID>79510</EventRecordID><Correlation/><Execution ProcessID='1468' ThreadID='3172'/><Channel>Microsoft-Windows-Sysmon/Operational</Channel><Computer>win-client-4137150</Computer><Security UserID='S-1-5-18'/></System><EventData><Data Name='RuleName'></Data><Data Name='UtcTime'>2020-11-16 13:25:56.120</Data><Data Name='ProcessGuid'>{51A89197-7DE4-5FB2-0000-00108B512400}</Data><Data Name='ProcessId'>122436</Data><Data Name='Image'>C:\Windows\System32\net.exe</Data><Data Name='FileVersion'>10.0.17134.1 (WinBuild.160101.0800)</Data><Data Name='Description'>Net Command</Data><Data Name='Product'>Microsoft® Windows® Operating System</Data><Data Name='Company'>Microsoft Corporation</Data><Data Name='OriginalFileName'>net.exe</Data><Data Name='CommandLine'>"C:\Windows\System32\net.exe" stop "samss" /y</Data><Data Name='CurrentDirectory'>C:\Users\vagrant\Desktop\</Data><Data Name='User'>WIN-CLIENT-4137\vagrant</Data><Data Name='LogonGuid'>{51A89197-7BE0-5FB2-0000-00207E100200}</Data><Data Name='LogonId'>0x2107e</Data><Data Name='TerminalSessionId'>1</Data><Data Name='IntegrityLevel'>High</Data><Data Name='Hashes'>MD5=15534275EDAABC58159DD0F8607A71E5,SHA256=E9739D544EE0D428696036CBD656C41DCC505B67CC43DBA7C6BEC4E3959282AC,IMPHASH=EB2C2924EA23E1A5FB0E3F53F46CB709</Data><Data Name='ParentProcessGuid'>{51A89197-7D66-5FB2-0000-001098CE0F00}</Data><Data Name='ParentProcessId'>3532</Data><Data Name='ParentImage'>C:\Users\Public\mTEJH.exe</Data><Data Name='ParentCommandLine'>"C:\users\Public\mTEJH.exe" C:\Users\vagrant\Desktop\14248fda59e7a8bf9f143abe8bbd834cb7c2aa4f.exe</Data></EventData></Event>
4648:<Event xmlns='http://schemas.microsoft.com/win/2004/08/events/event'><System><Provider Name='Microsoft-Windows-Sysmon' Guid='{5770385F-C22A-43E0-BF4C-06F5698FFBD9}'/><EventID>1</EventID><Version>5</Version><Level>4</Level><Task>1</Task><Opcode>0</Opcode><Keywords>0x8000000000000000</Keywords><TimeCreated SystemTime='2020-11-16T13:25:57.856786900Z'/><EventRecordID>79554</EventRecordID><Correlation/><Execution ProcessID='1468' ThreadID='3172'/><Channel>Microsoft-Windows-Sysmon/Operational</Channel><Computer>win-client-4137150</Computer><Security UserID='S-1-5-18'/></System><EventData><Data Name='RuleName'></Data><Data Name='UtcTime'>2020-11-16 13:25:57.566</Data><Data Name='ProcessGuid'>{51A89197-7DE5-5FB2-0000-00100DAC2400}</Data><Data Name='ProcessId'>125744</Data><Data Name='Image'>C:\Windows\System32\net1.exe</Data><Data Name='FileVersion'>10.0.17134.1 (WinBuild.160101.0800)</Data><Data Name='Description'>Net Command</Data><Data Name='Product'>Microsoft® Windows® Operating System</Data><Data Name='Company'>Microsoft Corporation</Data><Data Name='OriginalFileName'>net1.exe</Data><Data Name='CommandLine'>C:\Windows\system32\net1 stop "samss" /y</Data><Data Name='CurrentDirectory'>C:\Users\vagrant\Desktop\</Data><Data Name='User'>WIN-CLIENT-4137\vagrant</Data><Data Name='LogonGuid'>{51A89197-7BE0-5FB2-0000-00207E100200}</Data><Data Name='LogonId'>0x2107e</Data><Data Name='TerminalSessionId'>1</Data><Data Name='IntegrityLevel'>High</Data><Data Name='Hashes'>MD5=AF569DE92AB6C1B9C681AF1E799F9983,SHA256=FFC30745BE3B6C2771FC4B2993CFF50B5226B271C412467E97B1DC1086DEA888,IMPHASH=5322AC1A3CFF9C8A2AE16A789E26231E</Data><Data Name='ParentProcessGuid'>{51A89197-7DE4-5FB2-0000-00108B512400}</Data><Data Name='ParentProcessId'>122436</Data><Data Name='ParentImage'>C:\Windows\System32\net.exe</Data><Data Name='ParentCommandLine'>"C:\Windows\System32\net.exe" stop "samss" /y</Data></EventData></Event>
5125:<Event xmlns='http://schemas.microsoft.com/win/2004/08/events/event'><System><Provider Name='Microsoft-Windows-Sysmon' Guid='{5770385F-C22A-43E0-BF4C-06F5698FFBD9}'/><EventID>1</EventID><Version>5</Version><Level>4</Level><Task>1</Task><Opcode>0</Opcode><Keywords>0x8000000000000000</Keywords><TimeCreated SystemTime='2020-11-16T13:26:21.256302000Z'/><EventRecordID>79975</EventRecordID><Correlation/><Execution ProcessID='1468' ThreadID='3172'/><Channel>Microsoft-Windows-Sysmon/Operational</Channel><Computer>win-client-4137150</Computer><Security UserID='S-1-5-18'/></System><EventData><Data Name='RuleName'></Data><Data Name='UtcTime'>2020-11-16 13:26:20.835</Data><Data Name='ProcessGuid'>{51A89197-7DFC-5FB2-0000-001002A82900}</Data><Data Name='ProcessId'>145600</Data><Data Name='Image'>C:\Windows\System32\net.exe</Data><Data Name='FileVersion'>10.0.17134.1 (WinBuild.160101.0800)</Data><Data Name='Description'>Net Command</Data><Data Name='Product'>Microsoft® Windows® Operating System</Data><Data Name='Company'>Microsoft Corporation</Data><Data Name='OriginalFileName'>net.exe</Data><Data Name='CommandLine'>"C:\Windows\System32\net.exe" stop "samss" /y</Data><Data Name='CurrentDirectory'>C:\Users\vagrant\Desktop\</Data><Data Name='User'>WIN-CLIENT-4137\vagrant</Data><Data Name='LogonGuid'>{51A89197-7BE0-5FB2-0000-00207E100200}</Data><Data Name='LogonId'>0x2107e</Data><Data Name='TerminalSessionId'>1</Data><Data Name='IntegrityLevel'>High</Data><Data Name='Hashes'>MD5=15534275EDAABC58159DD0F8607A71E5,SHA256=E9739D544EE0D428696036CBD656C41DCC505B67CC43DBA7C6BEC4E3959282AC,IMPHASH=EB2C2924EA23E1A5FB0E3F53F46CB709</Data><Data Name='ParentProcessGuid'>{51A89197-7D66-5FB2-0000-001098CE0F00}</Data><Data Name='ParentProcessId'>3532</Data><Data Name='ParentImage'>C:\Users\Public\mTEJH.exe</Data><Data Name='ParentCommandLine'>"C:\users\Public\mTEJH.exe" C:\Users\vagrant\Desktop\14248fda59e7a8bf9f143abe8bbd834cb7c2aa4f.exe</Data></EventData></Event>
5155:<Event xmlns='http://schemas.microsoft.com/win/2004/08/events/event'><System><Provider Name='Microsoft-Windows-Sysmon' Guid='{5770385F-C22A-43E0-BF4C-06F5698FFBD9}'/><EventID>1</EventID><Version>5</Version><Level>4</Level><Task>1</Task><Opcode>0</Opcode><Keywords>0x8000000000000000</Keywords><TimeCreated SystemTime='2020-11-16T13:26:22.286902200Z'/><EventRecordID>80014</EventRecordID><Correlation/><Execution ProcessID='1468' ThreadID='3172'/><Channel>Microsoft-Windows-Sysmon/Operational</Channel><Computer>win-client-4137150</Computer><Security UserID='S-1-5-18'/></System><EventData><Data Name='RuleName'></Data><Data Name='UtcTime'>2020-11-16 13:26:21.977</Data><Data Name='ProcessGuid'>{51A89197-7DFD-5FB2-0000-00107EE92900}</Data><Data Name='ProcessId'>146012</Data><Data Name='Image'>C:\Windows\System32\net1.exe</Data><Data Name='FileVersion'>10.0.17134.1 (WinBuild.160101.0800)</Data><Data Name='Description'>Net Command</Data><Data Name='Product'>Microsoft® Windows® Operating System</Data><Data Name='Company'>Microsoft Corporation</Data><Data Name='OriginalFileName'>net1.exe</Data><Data Name='CommandLine'>C:\Windows\system32\net1 stop "samss" /y</Data><Data Name='CurrentDirectory'>C:\Users\vagrant\Desktop\</Data><Data Name='User'>WIN-CLIENT-4137\vagrant</Data><Data Name='LogonGuid'>{51A89197-7BE0-5FB2-0000-00207E100200}</Data><Data Name='LogonId'>0x2107e</Data><Data Name='TerminalSessionId'>1</Data><Data Name='IntegrityLevel'>High</Data><Data Name='Hashes'>MD5=AF569DE92AB6C1B9C681AF1E799F9983,SHA256=FFC30745BE3B6C2771FC4B2993CFF50B5226B271C412467E97B1DC1086DEA888,IMPHASH=5322AC1A3CFF9C8A2AE16A789E26231E</Data><Data Name='ParentProcessGuid'>{51A89197-7DFC-5FB2-0000-001002A82900}</Data><Data Name='ParentProcessId'>145600</Data><Data Name='ParentImage'>C:\Windows\System32\net.exe</Data><Data Name='ParentCommandLine'>"C:\Windows\System32\net.exe" stop "samss" /y</Data></EventData></Event>
5237:<Event xmlns='http://schemas.microsoft.com/win/2004/08/events/event'><System><Provider Name='Microsoft-Windows-Sysmon' Guid='{5770385F-C22A-43E0-BF4C-06F5698FFBD9}'/><EventID>1</EventID><Version>5</Version><Level>4</Level><Task>1</Task><Opcode>0</Opcode><Keywords>0x8000000000000000</Keywords><TimeCreated SystemTime='2020-11-16T13:26:27.917046600Z'/><EventRecordID>80120</EventRecordID><Correlation/><Execution ProcessID='1468' ThreadID='3172'/><Channel>Microsoft-Windows-Sysmon/Operational</Channel><Computer>win-client-4137150</Computer><Security UserID='S-1-5-18'/></System><EventData><Data Name='RuleName'></Data><Data Name='UtcTime'>2020-11-16 13:26:27.537</Data><Data Name='ProcessGuid'>{51A89197-7E03-5FB2-0000-001043F12A00}</Data><Data Name='ProcessId'>149732</Data><Data Name='Image'>C:\Windows\System32\net.exe</Data><Data Name='FileVersion'>10.0.17134.1 (WinBuild.160101.0800)</Data><Data Name='Description'>Net Command</Data><Data Name='Product'>Microsoft® Windows® Operating System</Data><Data Name='Company'>Microsoft Corporation</Data><Data Name='OriginalFileName'>net.exe</Data><Data Name='CommandLine'>"C:\Windows\System32\net.exe" stop "samss" /y</Data><Data Name='CurrentDirectory'>C:\Windows\system32\</Data><Data Name='User'>WIN-CLIENT-4137\vagrant</Data><Data Name='LogonGuid'>{51A89197-7BE0-5FB2-0000-00207E100200}</Data><Data Name='LogonId'>0x2107e</Data><Data Name='TerminalSessionId'>1</Data><Data Name='IntegrityLevel'>High</Data><Data Name='Hashes'>MD5=15534275EDAABC58159DD0F8607A71E5,SHA256=E9739D544EE0D428696036CBD656C41DCC505B67CC43DBA7C6BEC4E3959282AC,IMPHASH=EB2C2924EA23E1A5FB0E3F53F46CB709</Data><Data Name='ParentProcessGuid'>{51A89197-7BE2-5FB2-0000-001005510200}</Data><Data Name='ParentProcessId'>832</Data><Data Name='ParentImage'>C:\Windows\System32\svchost.exe</Data><Data Name='ParentCommandLine'>C:\Windows\system32\svchost.exe -k UnistackSvcGroup</Data></EventData></Event>
5269:<Event xmlns='http://schemas.microsoft.com/win/2004/08/events/event'><System><Provider Name='Microsoft-Windows-Sysmon' Guid='{5770385F-C22A-43E0-BF4C-06F5698FFBD9}'/><EventID>1</EventID><Version>5</Version><Level>4</Level><Task>1</Task><Opcode>0</Opcode><Keywords>0x8000000000000000</Keywords><TimeCreated SystemTime='2020-11-16T13:26:28.695703800Z'/><EventRecordID>80157</EventRecordID><Correlation/><Execution ProcessID='1468' ThreadID='3172'/><Channel>Microsoft-Windows-Sysmon/Operational</Channel><Computer>win-client-4137150</Computer><Security UserID='S-1-5-18'/></System><EventData><Data Name='RuleName'></Data><Data Name='UtcTime'>2020-11-16 13:26:28.528</Data><Data Name='ProcessGuid'>{51A89197-7E04-5FB2-0000-00100E252B00}</Data><Data Name='ProcessId'>150956</Data><Data Name='Image'>C:\Windows\System32\net1.exe</Data><Data Name='FileVersion'>10.0.17134.1 (WinBuild.160101.0800)</Data><Data Name='Description'>Net Command</Data><Data Name='Product'>Microsoft® Windows® Operating System</Data><Data Name='Company'>Microsoft Corporation</Data><Data Name='OriginalFileName'>net1.exe</Data><Data Name='CommandLine'>C:\Windows\system32\net1 stop "samss" /y</Data><Data Name='CurrentDirectory'>C:\Windows\system32\</Data><Data Name='User'>WIN-CLIENT-4137\vagrant</Data><Data Name='LogonGuid'>{51A89197-7BE0-5FB2-0000-00207E100200}</Data><Data Name='LogonId'>0x2107e</Data><Data Name='TerminalSessionId'>1</Data><Data Name='IntegrityLevel'>High</Data><Data Name='Hashes'>MD5=AF569DE92AB6C1B9C681AF1E799F9983,SHA256=FFC30745BE3B6C2771FC4B2993CFF50B5226B271C412467E97B1DC1086DEA888,IMPHASH=5322AC1A3CFF9C8A2AE16A789E26231E</Data><Data Name='ParentProcessGuid'>{51A89197-7E03-5FB2-0000-001043F12A00}</Data><Data Name='ParentProcessId'>149732</Data><Data Name='ParentImage'>C:\Windows\System32\net.exe</Data><Data Name='ParentCommandLine'>"C:\Windows\System32\net.exe" stop "samss" /y</Data></EventData></Event>
5454:<Event xmlns='http://schemas.microsoft.com/win/2004/08/events/event'><System><Provider Name='Microsoft-Windows-Sysmon' Guid='{5770385F-C22A-43E0-BF4C-06F5698FFBD9}'/><EventID>1</EventID><Version>5</Version><Level>4</Level><Task>1</Task><Opcode>0</Opcode><Keywords>0x8000000000000000</Keywords><TimeCreated SystemTime='2020-11-16T13:26:44.686325500Z'/><EventRecordID>80328</EventRecordID><Correlation/><Execution ProcessID='1468' ThreadID='3172'/><Channel>Microsoft-Windows-Sysmon/Operational</Channel><Computer>win-client-4137150</Computer><Security UserID='S-1-5-18'/></System><EventData><Data Name='RuleName'></Data><Data Name='UtcTime'>2020-11-16 13:26:44.440</Data><Data Name='ProcessGuid'>{51A89197-7E14-5FB2-0000-001074CB2D00}</Data><Data Name='ProcessId'>161748</Data><Data Name='Image'>C:\Windows\System32\net.exe</Data><Data Name='FileVersion'>10.0.17134.1 (WinBuild.160101.0800)</Data><Data Name='Description'>Net Command</Data><Data Name='Product'>Microsoft® Windows® Operating System</Data><Data Name='Company'>Microsoft Corporation</Data><Data Name='OriginalFileName'>net.exe</Data><Data Name='CommandLine'>"C:\Windows\System32\net.exe" stop "samss" /y</Data><Data Name='CurrentDirectory'>C:\Users\vagrant\Desktop\</Data><Data Name='User'>WIN-CLIENT-4137\vagrant</Data><Data Name='LogonGuid'>{51A89197-7BE0-5FB2-0000-00207E100200}</Data><Data Name='LogonId'>0x2107e</Data><Data Name='TerminalSessionId'>1</Data><Data Name='IntegrityLevel'>High</Data><Data Name='Hashes'>MD5=15534275EDAABC58159DD0F8607A71E5,SHA256=E9739D544EE0D428696036CBD656C41DCC505B67CC43DBA7C6BEC4E3959282AC,IMPHASH=EB2C2924EA23E1A5FB0E3F53F46CB709</Data><Data Name='ParentProcessGuid'>{51A89197-7D66-5FB2-0000-001098CE0F00}</Data><Data Name='ParentProcessId'>3532</Data><Data Name='ParentImage'>C:\Users\Public\mTEJH.exe</Data><Data Name='ParentCommandLine'>"C:\users\Public\mTEJH.exe" C:\Users\vagrant\Desktop\14248fda59e7a8bf9f143abe8bbd834cb7c2aa4f.exe</Data></EventData></Event>
