[{
  "title": "LSASS Process Memory Dump Files",
  "id": "a5a2d357-1ab8-4675-a967-ef9990a59391",
  "description": "Detects creation of files with names used by different memory dumping tools to create a memory dump of the LSASS process memory, which contains user credentials.",
  "sigmafile": "",
  "sigma": [
    "SELECT * FROM logs WHERE Channel='Microsoft-Windows-Sysmon/Operational' AND (EventID=11 AND ((TargetFilename LIKE '%\\\\Andrew.dmp' ESCAPE '\\' OR TargetFilename LIKE '%\\\\Coredump.dmp' ESCAPE '\\' OR TargetFilename LIKE '%\\\\lsass.dmp' ESCAPE '\\' OR TargetFilename LIKE '%\\\\lsass.rar' ESCAPE '\\' OR TargetFilename LIKE '%\\\\lsass.zip' ESCAPE '\\' OR TargetFilename LIKE '%\\\\NotLSASS.zip' ESCAPE '\\' OR TargetFilename LIKE '%\\\\PPLBlade.dmp' ESCAPE '\\' OR TargetFilename LIKE '%\\\\rustive.dmp' ESCAPE '\\') OR (TargetFilename LIKE '%\\\\lsass\\_2%' ESCAPE '\\' OR TargetFilename LIKE '%\\\\lsassdmp%' ESCAPE '\\' OR TargetFilename LIKE '%\\\\lsassdump%' ESCAPE '\\') OR (TargetFilename LIKE '%\\\\lsass%' ESCAPE '\\' AND TargetFilename LIKE '%.dmp%' ESCAPE '\\') OR (TargetFilename LIKE '%SQLDmpr%' ESCAPE '\\' AND TargetFilename LIKE '%.mdmp' ESCAPE '\\') OR ((TargetFilename LIKE '%\\\\nanodump%' ESCAPE '\\' OR TargetFilename LIKE '%\\\\proc\\_%' ESCAPE '\\') AND TargetFilename LIKE '%.dmp' ESCAPE '\\')))"
  ],
  "rule_level": "high",
  "tags": [
    "attack.credential-access",
    "attack.t1003.001"
  ],
  "count": 1,
  "matches": [
    {
      "row_id": 1,
      "Channel": "Microsoft-Windows-Sysmon/Operational",
      "Computer": "fs03vuln.offsec.lan",
      "CreationUtcTime": "2021-12-04 21:10:40.723",
      "EventID": 11,
      "EventRecordID": 48564,
      "Execution_ProcessID": 1048,
      "Execution_ThreadID": 1684,
      "Guid": "5770385F-C22A-43E0-BF4C-06F5698FFBD9",
      "Image": "C:\\Windows\\System32\\Taskmgr.exe",
      "Keywords": "0x8000000000000000",
      "Level": 4,
      "Opcode": 0,
      "OriginalLogfile": "ID11-LSASS credentials dump via Task Manager.evtx",
      "ProcessGuid": "A57649D1-D6B1-61AB-A5E4-D70100000000",
      "ProcessId": 3504,
      "Provider_Name": "Microsoft-Windows-Sysmon",
      "RuleName": "-",
      "SystemTime": "2021-12-04T21:10:40.723599Z",
      "TargetFileName": "C:\\Users\\admmig\\AppData\\Local\\Temp\\lsass (4).DMP",
      "Task": 11,
      "UserID": "S-1-5-18",
      "UtcTime": "2021-12-04 21:10:40.723",
      "Version": 2
    }
  ]
},
{
  "title": "LSASS Process Memory Dump Creation Via Taskmgr.EXE",
  "id": "69ca12af-119d-44ed-b50f-a47af0ebc364",
  "description": "Detects the creation of an \"lsass.dmp\" file by the taskmgr process. This indicates a manual dumping of the LSASS.exe process memory using Windows Task Manager.",
  "sigmafile": "",
  "sigma": [
    "SELECT * FROM logs WHERE Channel='Microsoft-Windows-Sysmon/Operational' AND (EventID=11 AND ((Image LIKE '%:\\\\Windows\\\\system32\\\\taskmgr.exe' ESCAPE '\\' OR Image LIKE '%:\\\\Windows\\\\SysWOW64\\\\taskmgr.exe' ESCAPE '\\') AND (TargetFilename LIKE '%\\\\AppData\\\\Local\\\\Temp\\\\%' ESCAPE '\\' AND TargetFilename LIKE '%\\\\lsass%' ESCAPE '\\' AND TargetFilename LIKE '%.DMP%' ESCAPE '\\')))"
  ],
  "rule_level": "high",
  "tags": [
    "attack.credential-access",
    "attack.t1003.001"
  ],
  "count": 1,
  "matches": [
    {
      "row_id": 1,
      "Channel": "Microsoft-Windows-Sysmon/Operational",
      "Computer": "fs03vuln.offsec.lan",
      "CreationUtcTime": "2021-12-04 21:10:40.723",
      "EventID": 11,
      "EventRecordID": 48564,
      "Execution_ProcessID": 1048,
      "Execution_ThreadID": 1684,
      "Guid": "5770385F-C22A-43E0-BF4C-06F5698FFBD9",
      "Image": "C:\\Windows\\System32\\Taskmgr.exe",
      "Keywords": "0x8000000000000000",
      "Level": 4,
      "Opcode": 0,
      "OriginalLogfile": "ID11-LSASS credentials dump via Task Manager.evtx",
      "ProcessGuid": "A57649D1-D6B1-61AB-A5E4-D70100000000",
      "ProcessId": 3504,
      "Provider_Name": "Microsoft-Windows-Sysmon",
      "RuleName": "-",
      "SystemTime": "2021-12-04T21:10:40.723599Z",
      "TargetFileName": "C:\\Users\\admmig\\AppData\\Local\\Temp\\lsass (4).DMP",
      "Task": 11,
      "UserID": "S-1-5-18",
      "UtcTime": "2021-12-04 21:10:40.723",
      "Version": 2
    }
  ]
},
{
  "title": "PowerShell Get-Process LSASS in ScriptBlock",
  "id": "84c174ab-d3ef-481f-9c86-a50d0b8e3edb",
  "description": "Detects a Get-Process command on lsass process, which is in almost all cases a sign of malicious activity",
  "sigmafile": "",
  "sigma": [
    "SELECT * FROM logs WHERE (Channel='Microsoft-Windows-PowerShell/Operational' OR Channel='PowerShellCore/Operational') AND (EventID=4104 AND ScriptBlockText LIKE '%Get-Process lsass%' ESCAPE '\\')"
  ],
  "rule_level": "high",
  "tags": [
    "attack.credential-access",
    "attack.t1003.001"
  ],
  "count": 1,
  "matches": [
    {
      "row_id": 51,
      "ActivityID": "A674BAE4-BF55-0000-76F7-84A655BFD701",
      "Channel": "Microsoft-Windows-PowerShell/Operational",
      "Computer": "FS03.offsec.lan",
      "EventID": 4104,
      "EventRecordID": 1328,
      "Execution_ProcessID": 3268,
      "Execution_ThreadID": 1584,
      "Guid": "A0C1853B-5C40-4B15-8766-3CF1C58F985A",
      "Keywords": "0x0",
      "Level": 5,
      "MessageNumber": 1,
      "MessageTotal": 1,
      "Opcode": 15,
      "OriginalLogfile": "ID800-4103-4104-LSASS dump with LSASSY (PowerShell).evtx",
      "Provider_Name": "Microsoft-Windows-PowerShell",
      "ScriptBlockId": "4b8cd779-8c92-48a7-b407-8a119e38c45a",
      "ScriptBlockText": "C:\\Windows\\System32\\rundll32.exe C:\\Windows\\System32\\comsvcs.dll, MiniDump (Get-Process lsass).Id \\Windows\\Temp\\vtnr8kff.dmp full;Wait-Process -Id (Get-Process rundll32).id",
      "SystemTime": "2021-10-20T14:39:26.349591Z",
      "Task": 102,
      "UserID": "S-1-5-21-4230534742-2542757381-3142984815-1111",
      "Version": 1
    }
  ]
},
{
  "title": "Potential Suspicious PowerShell Keywords",
  "id": "1f49f2ab-26bc-48b3-96cc-dcffbc93eadf",
  "description": "Detects potentially suspicious keywords that could indicate the use of a PowerShell exploitation framework",
  "sigmafile": "",
  "sigma": [
    "SELECT * FROM logs WHERE (Channel='Microsoft-Windows-PowerShell/Operational' OR Channel='PowerShellCore/Operational') AND (EventID=4104 AND (ScriptBlockText LIKE '%System.Reflection.Assembly.Load($%' ESCAPE '\\' OR ScriptBlockText LIKE '%[System.Reflection.Assembly]::Load($%' ESCAPE '\\' OR ScriptBlockText LIKE '%[Reflection.Assembly]::Load($%' ESCAPE '\\' OR ScriptBlockText LIKE '%System.Reflection.AssemblyName%' ESCAPE '\\' OR ScriptBlockText LIKE '%Reflection.Emit.AssemblyBuilderAccess%' ESCAPE '\\' OR ScriptBlockText LIKE '%Reflection.Emit.CustomAttributeBuilder%' ESCAPE '\\' OR ScriptBlockText LIKE '%Runtime.InteropServices.UnmanagedType%' ESCAPE '\\' OR ScriptBlockText LIKE '%Runtime.InteropServices.DllImportAttribute%' ESCAPE '\\' OR ScriptBlockText LIKE '%SuspendThread%' ESCAPE '\\' OR ScriptBlockText LIKE '%rundll32%' ESCAPE '\\'))"
  ],
  "rule_level": "medium",
  "tags": [
    "attack.execution",
    "attack.t1059.001"
  ],
  "count": 1,
  "matches": [
    {
      "row_id": 51,
      "ActivityID": "A674BAE4-BF55-0000-76F7-84A655BFD701",
      "Channel": "Microsoft-Windows-PowerShell/Operational",
      "Computer": "FS03.offsec.lan",
      "EventID": 4104,
      "EventRecordID": 1328,
      "Execution_ProcessID": 3268,
      "Execution_ThreadID": 1584,
      "Guid": "A0C1853B-5C40-4B15-8766-3CF1C58F985A",
      "Keywords": "0x0",
      "Level": 5,
      "MessageNumber": 1,
      "MessageTotal": 1,
      "Opcode": 15,
      "OriginalLogfile": "ID800-4103-4104-LSASS dump with LSASSY (PowerShell).evtx",
      "Provider_Name": "Microsoft-Windows-PowerShell",
      "ScriptBlockId": "4b8cd779-8c92-48a7-b407-8a119e38c45a",
      "ScriptBlockText": "C:\\Windows\\System32\\rundll32.exe C:\\Windows\\System32\\comsvcs.dll, MiniDump (Get-Process lsass).Id \\Windows\\Temp\\vtnr8kff.dmp full;Wait-Process -Id (Get-Process rundll32).id",
      "SystemTime": "2021-10-20T14:39:26.349591Z",
      "Task": 102,
      "UserID": "S-1-5-21-4230534742-2542757381-3142984815-1111",
      "Version": 1
    }
  ]
},
{
  "title": "Suspicious Process Discovery With Get-Process",
  "id": "af4c87ce-bdda-4215-b998-15220772e993",
  "description": "Get the processes that are running on the local computer.",
  "sigmafile": "",
  "sigma": [
    "SELECT * FROM logs WHERE (Channel='Microsoft-Windows-PowerShell/Operational' OR Channel='PowerShellCore/Operational') AND (EventID=4104 AND ScriptBlockText LIKE '%Get-Process%' ESCAPE '\\')"
  ],
  "rule_level": "low",
  "tags": [
    "attack.discovery",
    "attack.t1057"
  ],
  "count": 2,
  "matches": [
    {
      "row_id": 51,
      "ActivityID": "A674BAE4-BF55-0000-76F7-84A655BFD701",
      "Channel": "Microsoft-Windows-PowerShell/Operational",
      "Computer": "FS03.offsec.lan",
      "EventID": 4104,
      "EventRecordID": 1328,
      "Execution_ProcessID": 3268,
      "Execution_ThreadID": 1584,
      "Guid": "A0C1853B-5C40-4B15-8766-3CF1C58F985A",
      "Keywords": "0x0",
      "Level": 5,
      "MessageNumber": 1,
      "MessageTotal": 1,
      "Opcode": 15,
      "OriginalLogfile": "ID800-4103-4104-LSASS dump with LSASSY (PowerShell).evtx",
      "Provider_Name": "Microsoft-Windows-PowerShell",
      "ScriptBlockId": "4b8cd779-8c92-48a7-b407-8a119e38c45a",
      "ScriptBlockText": "C:\\Windows\\System32\\rundll32.exe C:\\Windows\\System32\\comsvcs.dll, MiniDump (Get-Process lsass).Id \\Windows\\Temp\\vtnr8kff.dmp full;Wait-Process -Id (Get-Process rundll32).id",
      "SystemTime": "2021-10-20T14:39:26.349591Z",
      "Task": 102,
      "UserID": "S-1-5-21-4230534742-2542757381-3142984815-1111",
      "Version": 1
    },
    {
      "row_id": 52,
      "ActivityID": "A674BAE4-BF55-0000-79F7-84A655BFD701",
      "Channel": "Microsoft-Windows-PowerShell/Operational",
      "Computer": "FS03.offsec.lan",
      "EventID": 4104,
      "EventRecordID": 1329,
      "Execution_ProcessID": 3268,
      "Execution_ThreadID": 1584,
      "Guid": "A0C1853B-5C40-4B15-8766-3CF1C58F985A",
      "Keywords": "0x0",
      "Level": 5,
      "MessageNumber": 1,
      "MessageTotal": 1,
      "Opcode": 15,
      "OriginalLogfile": "ID800-4103-4104-LSASS dump with LSASSY (PowerShell).evtx",
      "Provider_Name": "Microsoft-Windows-PowerShell",
      "ScriptBlockId": "62c273e1-22da-44fc-a6c3-5cb365453815",
      "ScriptBlockText": "@{\r\nGUID=\"EEFCB906-B326-4E99-9F54-8B4BB6EF3C6D\"\r\nAuthor=\"Microsoft Corporation\"\r\nCompanyName=\"Microsoft Corporation\"\r\nCopyright=\"© Microsoft Corporation. All rights reserved.\"\r\nModuleVersion=\"3.1.0.0\"\r\nPowerShellVersion=\"3.0\"\r\nCLRVersion=\"4.0\"\r\nNestedModules=\"Microsoft.PowerShell.Commands.Management.dll\"\r\nHelpInfoURI = 'http://go.microsoft.com/fwlink/?linkid=285756'\r\nCmdletsToExport=@(\"Add-Content\",\r\n    \"Clear-Content\",\r\n    \"Clear-ItemProperty\",\r\n    \"Join-Path\",\r\n    \"Convert-Path\",\r\n    \"Copy-ItemProperty\",\r\n    \"Get-EventLog\",\r\n    \"Clear-EventLog\",\r\n    \"Write-EventLog\",\r\n    \"Limit-EventLog\",\r\n    \"Show-EventLog\",\r\n    \"New-EventLog\",\r\n    \"Remove-EventLog\",\r\n    \"Get-ChildItem\",\r\n    \"Get-Content\",\r\n    \"Get-ItemProperty\",\r\n    \"Get-WmiObject\",\r\n    \"Invoke-WmiMethod\",\r\n    \"Move-ItemProperty\",\r\n    \"Get-Location\",\r\n    \"Set-Location\",\r\n    \"Push-Location\",\r\n    \"Pop-Location\",\r\n    \"New-PSDrive\",\r\n    \"Remove-PSDrive\",\r\n    \"Get-PSDrive\",\r\n    \"Get-Item\",\r\n    \"New-Item\",\r\n    \"Set-Item\",\r\n    \"Remove-Item\",\r\n    \"Move-Item\",\r\n    \"Rename-Item\",\r\n    \"Copy-Item\",\r\n    \"Clear-Item\",\r\n    \"Invoke-Item\",\r\n    \"Get-PSProvider\",\r\n    \"New-ItemProperty\",\r\n    \"Split-Path\",\r\n    \"Test-Path\",\r\n    \"Get-Process\",\r\n    \"Stop-Process\",\r\n    \"Wait-Process\",\r\n    \"Debug-Process\",\r\n    \"Start-Process\",\r\n    \"Remove-ItemProperty\",\r\n    \"Remove-WmiObject\",\r\n    \"Rename-ItemProperty\",\r\n    \"Register-WmiEvent\",\r\n    \"Resolve-Path\",\r\n    \"Get-Service\",\r\n    \"Stop-Service\",\r\n    \"Start-Service\",\r\n    \"Suspend-Service\",\r\n    \"Resume-Service\",\r\n    \"Restart-Service\",\r\n    \"Set-Service\",\r\n    \"New-Service\",\r\n    \"Set-Content\",\r\n    \"Set-ItemProperty\",\r\n    \"Set-WmiInstance\",\r\n    \"Get-Transaction\",\r\n    \"Start-Transaction\",\r\n    \"Complete-Transaction\",\r\n    \"Undo-Transaction\",\r\n    \"Use-Transaction\",\r\n    \"New-WebServiceProxy\",\r\n    \"Get-HotFix\",\r\n    \"Test-Connection\",\r\n    \"Enable-ComputerRestore\",\r\n    \"Disable-ComputerRestore\",\r\n    \"Checkpoint-Computer\",\r\n    \"Get-ComputerRestorePoint\",\r\n    \"Restart-Computer\",\r\n    \"Stop-Computer\",\r\n    \"Restore-Computer\",\r\n    \"Add-Computer\",\r\n    \"Remove-Computer\",\r\n    \"Test-ComputerSecureChannel\",\r\n    \"Reset-ComputerMachinePassword\",\r\n    \"Rename-Computer\",\r\n    \"Get-ControlPanelItem\",\r\n    \"Show-ControlPanelItem\")\r\n}\r\n",
      "SystemTime": "2021-10-20T14:39:26.396470Z",
      "Task": 102,
      "UserID": "S-1-5-21-4230534742-2542757381-3142984815-1111",
      "Version": 1
    }
  ]
},
{
  "title": "HackTool - Mimikatz Kirbi File Creation",
  "id": "9e099d99-44c2-42b6-a6d8-54c3545cab29",
  "description": "Detects the creation of files created by mimikatz such as \".kirbi\", \"mimilsa.log\", etc.",
  "sigmafile": "",
  "sigma": [
    "SELECT * FROM logs WHERE Channel='Microsoft-Windows-Sysmon/Operational' AND (EventID=11 AND (TargetFilename LIKE '%.kirbi' ESCAPE '\\' OR TargetFilename LIKE '%mimilsa.log' ESCAPE '\\'))"
  ],
  "rule_level": "critical",
  "tags": [
    "attack.credential-access",
    "attack.t1558"
  ],
  "count": 1,
  "matches": [
    {
      "row_id": 1,
      "Channel": "Microsoft-Windows-Sysmon/Operational",
      "Computer": "FS03.offsec.lan",
      "CreationUtcTime": "2021-10-20 09:18:07.101",
      "EventID": 11,
      "EventRecordID": 69810,
      "Execution_ProcessID": 1152,
      "Execution_ThreadID": 1764,
      "Guid": "5770385F-C22A-43E0-BF4C-06F5698FFBD9",
      "Image": "C:\\Windows\\system32\\lsass.exe",
      "Keywords": "0x8000000000000000",
      "Level": 4,
      "Opcode": 0,
      "OriginalLogfile": "ID11-Mimikatz LSA SSP clear text password exfiltration.evtx",
      "ProcessGuid": "7CF65FC7-6649-6165-0B00-000000001200",
      "ProcessId": 512,
      "Provider_Name": "Microsoft-Windows-Sysmon",
      "RuleName": "T1003",
      "SystemTime": "2021-10-20T09:18:07.101020Z",
      "TargetFileName": "C:\\Windows\\System32\\mimilsa.log",
      "Task": 11,
      "UserID": "S-1-5-18",
      "UtcTime": "2021-10-20 09:18:07.101",
      "Version": 2
    }
  ]
},
{
  "title": "Process Memory Dump Via Comsvcs.DLL - Sysmon",
  "id": "646ea171-dded-4578-8a4d-65e9822892e3",
  "description": "Detects a process memory dump via \"comsvcs.dll\" using rundll32, covering multiple different techniques (ordinal, minidump function, etc.)",
  "sigmafile": "",
  "sigma": [
    "SELECT * FROM logs WHERE Channel='Microsoft-Windows-Sysmon/Operational' AND (EventID=1 AND (((Image LIKE '%\\\\rundll32.exe' ESCAPE '\\' OR OriginalFileName='RUNDLL32.EXE' OR CommandLine LIKE '%rundll32%' ESCAPE '\\') AND ((CommandLine LIKE '%comsvcs%' ESCAPE '\\' AND CommandLine LIKE '%full%' ESCAPE '\\') AND (CommandLine LIKE '%#-%' ESCAPE '\\' OR CommandLine LIKE '%#+%' ESCAPE '\\' OR CommandLine LIKE '%#24%' ESCAPE '\\' OR CommandLine LIKE '%24 %' ESCAPE '\\' OR CommandLine LIKE '%MiniDump%' ESCAPE '\\' OR CommandLine LIKE '%#65560%' ESCAPE '\\'))) OR ((CommandLine LIKE '%24%' ESCAPE '\\' AND CommandLine LIKE '%comsvcs%' ESCAPE '\\' AND CommandLine LIKE '%full%' ESCAPE '\\') AND (CommandLine LIKE '% #%' ESCAPE '\\' OR CommandLine LIKE '%,#%' ESCAPE '\\' OR CommandLine LIKE '%, #%' ESCAPE '\\' OR CommandLine LIKE '%\"#%' ESCAPE '\\'))))"
  ],
  "rule_level": "high",
  "tags": [
    "attack.credential-access",
    "attack.stealth",
    "attack.t1036",
    "attack.t1003.001",
    "car.2013-05-009"
  ],
  "count": 2,
  "matches": [
    {
      "row_id": 3,
      "Channel": "Microsoft-Windows-Sysmon/Operational",
      "CommandLine": "powershell.exe -NoP -C \"C:\\Windows\\System32\\rundll32.exe C:\\Windows\\System32\\comsvcs.dll, MiniDump (Get-Process lsass).Id \\Windows\\Temp\\76nivOxA.dmp full;Wait-Process -Id (Get-Process rundll32).id\"",
      "Company": "Microsoft Corporation",
      "Computer": "FS03.offsec.lan",
      "CurrentDirectory": "C:\\",
      "Description": "Windows PowerShell",
      "EventID": 1,
      "EventRecordID": 71668,
      "Execution_ProcessID": 1152,
      "Execution_ThreadID": 1764,
      "FileVersion": "6.3.9600.17415 (winblue_r4.141028-1500)",
      "Guid": "5770385F-C22A-43E0-BF4C-06F5698FFBD9",
      "Hashes": "SHA1=9F1E24917EF96BBB339F4E2A226ACAFD1009F47B,MD5=C031E215B8B08C752BF362F6D4C5D3AD,SHA256=840E1F9DC5A29BEBF01626822D7390251E9CF05BB3560BA7B68BDB8A41CF08E3,IMPHASH=099B747A4A31983374E54912D4BB7C44",
      "IMPHASH": "099B747A4A31983374E54912D4BB7C44",
      "Image": "C:\\Windows\\System32\\WindowsPowerShell\\v1.0\\powershell.exe",
      "IntegrityLevel": "High",
      "Keywords": "0x8000000000000000",
      "Level": 4,
      "LogonGuid": "7CF65FC7-254F-6170-C8EE-690200000000",
      "LogonId": "0x269eec8",
      "MD5": "C031E215B8B08C752BF362F6D4C5D3AD",
      "Opcode": 0,
      "OriginalFileName": "PowerShell.EXE",
      "OriginalLogfile": "ID1-LSASS dump with LSASSY (SYSMON).evtx",
      "ParentCommandLine": "C:\\Windows\\system32\\wbem\\wmiprvse.exe -secured -Embedding",
      "ParentImage": "C:\\Windows\\System32\\wbem\\WmiPrvSE.exe",
      "ParentProcessGuid": "7CF65FC7-665F-6165-2000-000000001200",
      "ParentProcessId": 1640,
      "ProcessGuid": "7CF65FC7-254F-6170-9402-000000001200",
      "ProcessId": 2508,
      "Product": "Microsoft® Windows® Operating System",
      "Provider_Name": "Microsoft-Windows-Sysmon",
      "RuleName": "technique_id=T1086,technique_name=PowerShell",
      "SHA1": "9F1E24917EF96BBB339F4E2A226ACAFD1009F47B",
      "SHA256": "840E1F9DC5A29BEBF01626822D7390251E9CF05BB3560BA7B68BDB8A41CF08E3",
      "SystemTime": "2021-10-20T14:18:55.808587Z",
      "Task": 1,
      "TerminalSessionId": 0,
      "User": "OFFSEC\\admmig",
      "UserID": "S-1-5-18",
      "UtcTime": "2021-10-20 14:18:55.808",
      "Version": 5
    },
    {
      "row_id": 6,
      "Channel": "Microsoft-Windows-Sysmon/Operational",
      "CommandLine": "\"C:\\Windows\\System32\\rundll32.exe\"  C:\\Windows\\System32\\comsvcs.dll MiniDump 512 \\Windows\\Temp\\76nivOxA.dmp full",
      "Company": "Microsoft Corporation",
      "Computer": "FS03.offsec.lan",
      "CurrentDirectory": "C:\\",
      "Description": "Windows host process (Rundll32)",
      "EventID": 1,
      "EventRecordID": 71671,
      "Execution_ProcessID": 1152,
      "Execution_ThreadID": 1764,
      "FileVersion": "6.3.9600.17415 (winblue_r4.141028-1500)",
      "Guid": "5770385F-C22A-43E0-BF4C-06F5698FFBD9",
      "Hashes": "SHA1=D4AC232D507769FFD004439C15302916A40D9831,MD5=6C308D32AFA41D26CE2A0EA8F7B79565,SHA256=5CC2C563D89257964C4B446F54AFE1E57BBEE49315A9FC001FF5A6BCB6650393,IMPHASH=156B2AC675B1B9202AF35C643105610C",
      "IMPHASH": "156B2AC675B1B9202AF35C643105610C",
      "Image": "C:\\Windows\\System32\\rundll32.exe",
      "IntegrityLevel": "High",
      "Keywords": "0x8000000000000000",
      "Level": 4,
      "LogonGuid": "7CF65FC7-254F-6170-C8EE-690200000000",
      "LogonId": "0x269eec8",
      "MD5": "6C308D32AFA41D26CE2A0EA8F7B79565",
      "Opcode": 0,
      "OriginalFileName": "RUNDLL32.EXE",
      "OriginalLogfile": "ID1-LSASS dump with LSASSY (SYSMON).evtx",
      "ParentCommandLine": "powershell.exe -NoP -C \"C:\\Windows\\System32\\rundll32.exe C:\\Windows\\System32\\comsvcs.dll, MiniDump (Get-Process lsass).Id \\Windows\\Temp\\76nivOxA.dmp full;Wait-Process -Id (Get-Process rundll32).id\"",
      "ParentImage": "C:\\Windows\\System32\\WindowsPowerShell\\v1.0\\powershell.exe",
      "ParentProcessGuid": "7CF65FC7-254F-6170-9402-000000001200",
      "ParentProcessId": 2508,
      "ProcessGuid": "7CF65FC7-2550-6170-9602-000000001200",
      "ProcessId": 2860,
      "Product": "Microsoft® Windows® Operating System",
      "Provider_Name": "Microsoft-Windows-Sysmon",
      "RuleName": "technique_id=T1086,technique_name=PowerShell",
      "SHA1": "D4AC232D507769FFD004439C15302916A40D9831",
      "SHA256": "5CC2C563D89257964C4B446F54AFE1E57BBEE49315A9FC001FF5A6BCB6650393",
      "SystemTime": "2021-10-20T14:18:56.089839Z",
      "Task": 1,
      "TerminalSessionId": 0,
      "User": "OFFSEC\\admmig",
      "UserID": "S-1-5-18",
      "UtcTime": "2021-10-20 14:18:56.089",
      "Version": 5
    }
  ]
},
{
  "title": "LSASS Dump Keyword In CommandLine - Sysmon",
  "id": "ffa6861c-4461-4f59-8a41-578c39f3f23e",
  "description": "Detects the presence of the keywords \"lsass\" and \".dmp\" in the commandline, which could indicate a potential attempt to dump or create a dump of the lsass process.\n",
  "sigmafile": "",
  "sigma": [
    "SELECT * FROM logs WHERE Channel='Microsoft-Windows-Sysmon/Operational' AND (EventID=1 AND ((CommandLine LIKE '%lsass.dmp%' ESCAPE '\\' OR CommandLine LIKE '%lsass.zip%' ESCAPE '\\' OR CommandLine LIKE '%lsass.rar%' ESCAPE '\\' OR CommandLine LIKE '%Andrew.dmp%' ESCAPE '\\' OR CommandLine LIKE '%Coredump.dmp%' ESCAPE '\\' OR CommandLine LIKE '%NotLSASS.zip%' ESCAPE '\\' OR CommandLine LIKE '%lsass\\_2%' ESCAPE '\\' OR CommandLine LIKE '%lsassdump%' ESCAPE '\\' OR CommandLine LIKE '%lsassdmp%' ESCAPE '\\') OR (CommandLine LIKE '%lsass%' ESCAPE '\\' AND CommandLine LIKE '%.dmp%' ESCAPE '\\') OR (CommandLine LIKE '%SQLDmpr%' ESCAPE '\\' AND CommandLine LIKE '%.mdmp%' ESCAPE '\\') OR (CommandLine LIKE '%nanodump%' ESCAPE '\\' AND CommandLine LIKE '%.dmp%' ESCAPE '\\')))"
  ],
  "rule_level": "high",
  "tags": [
    "attack.credential-access",
    "attack.t1003.001"
  ],
  "count": 1,
  "matches": [
    {
      "row_id": 3,
      "Channel": "Microsoft-Windows-Sysmon/Operational",
      "CommandLine": "powershell.exe -NoP -C \"C:\\Windows\\System32\\rundll32.exe C:\\Windows\\System32\\comsvcs.dll, MiniDump (Get-Process lsass).Id \\Windows\\Temp\\76nivOxA.dmp full;Wait-Process -Id (Get-Process rundll32).id\"",
      "Company": "Microsoft Corporation",
      "Computer": "FS03.offsec.lan",
      "CurrentDirectory": "C:\\",
      "Description": "Windows PowerShell",
      "EventID": 1,
      "EventRecordID": 71668,
      "Execution_ProcessID": 1152,
      "Execution_ThreadID": 1764,
      "FileVersion": "6.3.9600.17415 (winblue_r4.141028-1500)",
      "Guid": "5770385F-C22A-43E0-BF4C-06F5698FFBD9",
      "Hashes": "SHA1=9F1E24917EF96BBB339F4E2A226ACAFD1009F47B,MD5=C031E215B8B08C752BF362F6D4C5D3AD,SHA256=840E1F9DC5A29BEBF01626822D7390251E9CF05BB3560BA7B68BDB8A41CF08E3,IMPHASH=099B747A4A31983374E54912D4BB7C44",
      "IMPHASH": "099B747A4A31983374E54912D4BB7C44",
      "Image": "C:\\Windows\\System32\\WindowsPowerShell\\v1.0\\powershell.exe",
      "IntegrityLevel": "High",
      "Keywords": "0x8000000000000000",
      "Level": 4,
      "LogonGuid": "7CF65FC7-254F-6170-C8EE-690200000000",
      "LogonId": "0x269eec8",
      "MD5": "C031E215B8B08C752BF362F6D4C5D3AD",
      "Opcode": 0,
      "OriginalFileName": "PowerShell.EXE",
      "OriginalLogfile": "ID1-LSASS dump with LSASSY (SYSMON).evtx",
      "ParentCommandLine": "C:\\Windows\\system32\\wbem\\wmiprvse.exe -secured -Embedding",
      "ParentImage": "C:\\Windows\\System32\\wbem\\WmiPrvSE.exe",
      "ParentProcessGuid": "7CF65FC7-665F-6165-2000-000000001200",
      "ParentProcessId": 1640,
      "ProcessGuid": "7CF65FC7-254F-6170-9402-000000001200",
      "ProcessId": 2508,
      "Product": "Microsoft® Windows® Operating System",
      "Provider_Name": "Microsoft-Windows-Sysmon",
      "RuleName": "technique_id=T1086,technique_name=PowerShell",
      "SHA1": "9F1E24917EF96BBB339F4E2A226ACAFD1009F47B",
      "SHA256": "840E1F9DC5A29BEBF01626822D7390251E9CF05BB3560BA7B68BDB8A41CF08E3",
      "SystemTime": "2021-10-20T14:18:55.808587Z",
      "Task": 1,
      "TerminalSessionId": 0,
      "User": "OFFSEC\\admmig",
      "UserID": "S-1-5-18",
      "UtcTime": "2021-10-20 14:18:55.808",
      "Version": 5
    }
  ]
},
{
  "title": "PowerShell Get-Process LSASS - Sysmon",
  "id": "b2815d0d-7481-4bf0-9b6c-a4c48a94b349",
  "description": "Detects a \"Get-Process\" cmdlet and it's aliases on lsass process, which is in almost all cases a sign of malicious activity",
  "sigmafile": "",
  "sigma": [
    "SELECT * FROM logs WHERE Channel='Microsoft-Windows-Sysmon/Operational' AND (EventID=1 AND (CommandLine LIKE '%Get-Process lsas%' ESCAPE '\\' OR CommandLine LIKE '%ps lsas%' ESCAPE '\\' OR CommandLine LIKE '%gps lsas%' ESCAPE '\\'))"
  ],
  "rule_level": "high",
  "tags": [
    "attack.credential-access",
    "attack.t1552.004"
  ],
  "count": 1,
  "matches": [
    {
      "row_id": 3,
      "Channel": "Microsoft-Windows-Sysmon/Operational",
      "CommandLine": "powershell.exe -NoP -C \"C:\\Windows\\System32\\rundll32.exe C:\\Windows\\System32\\comsvcs.dll, MiniDump (Get-Process lsass).Id \\Windows\\Temp\\76nivOxA.dmp full;Wait-Process -Id (Get-Process rundll32).id\"",
      "Company": "Microsoft Corporation",
      "Computer": "FS03.offsec.lan",
      "CurrentDirectory": "C:\\",
      "Description": "Windows PowerShell",
      "EventID": 1,
      "EventRecordID": 71668,
      "Execution_ProcessID": 1152,
      "Execution_ThreadID": 1764,
      "FileVersion": "6.3.9600.17415 (winblue_r4.141028-1500)",
      "Guid": "5770385F-C22A-43E0-BF4C-06F5698FFBD9",
      "Hashes": "SHA1=9F1E24917EF96BBB339F4E2A226ACAFD1009F47B,MD5=C031E215B8B08C752BF362F6D4C5D3AD,SHA256=840E1F9DC5A29BEBF01626822D7390251E9CF05BB3560BA7B68BDB8A41CF08E3,IMPHASH=099B747A4A31983374E54912D4BB7C44",
      "IMPHASH": "099B747A4A31983374E54912D4BB7C44",
      "Image": "C:\\Windows\\System32\\WindowsPowerShell\\v1.0\\powershell.exe",
      "IntegrityLevel": "High",
      "Keywords": "0x8000000000000000",
      "Level": 4,
      "LogonGuid": "7CF65FC7-254F-6170-C8EE-690200000000",
      "LogonId": "0x269eec8",
      "MD5": "C031E215B8B08C752BF362F6D4C5D3AD",
      "Opcode": 0,
      "OriginalFileName": "PowerShell.EXE",
      "OriginalLogfile": "ID1-LSASS dump with LSASSY (SYSMON).evtx",
      "ParentCommandLine": "C:\\Windows\\system32\\wbem\\wmiprvse.exe -secured -Embedding",
      "ParentImage": "C:\\Windows\\System32\\wbem\\WmiPrvSE.exe",
      "ParentProcessGuid": "7CF65FC7-665F-6165-2000-000000001200",
      "ParentProcessId": 1640,
      "ProcessGuid": "7CF65FC7-254F-6170-9402-000000001200",
      "ProcessId": 2508,
      "Product": "Microsoft® Windows® Operating System",
      "Provider_Name": "Microsoft-Windows-Sysmon",
      "RuleName": "technique_id=T1086,technique_name=PowerShell",
      "SHA1": "9F1E24917EF96BBB339F4E2A226ACAFD1009F47B",
      "SHA256": "840E1F9DC5A29BEBF01626822D7390251E9CF05BB3560BA7B68BDB8A41CF08E3",
      "SystemTime": "2021-10-20T14:18:55.808587Z",
      "Task": 1,
      "TerminalSessionId": 0,
      "User": "OFFSEC\\admmig",
      "UserID": "S-1-5-18",
      "UtcTime": "2021-10-20 14:18:55.808",
      "Version": 5
    }
  ]
},
{
  "title": "Lsass Memory Dump via Comsvcs DLL",
  "id": "a49fa4d5-11db-418c-8473-1e014a8dd462",
  "description": "Detects adversaries leveraging the MiniDump export function from comsvcs.dll via rundll32 to perform a memory dump from lsass.",
  "sigmafile": "",
  "sigma": [
    "SELECT * FROM logs WHERE Channel='Microsoft-Windows-Sysmon/Operational' AND (EventID=10 AND (TargetImage LIKE '%\\\\lsass.exe' ESCAPE '\\' AND SourceImage LIKE '%\\\\rundll32.exe' ESCAPE '\\' AND CallTrace LIKE '%comsvcs.dll%' ESCAPE '\\'))"
  ],
  "rule_level": "high",
  "tags": [
    "attack.credential-access",
    "attack.t1003.001"
  ],
  "count": 1,
  "matches": [
    {
      "row_id": 8,
      "CallTrace": "C:\\Windows\\SYSTEM32\\ntdll.dll+909ba|C:\\Windows\\SYSTEM32\\ntdll.dll+80498|C:\\Windows\\system32\\KERNEL32.DLL+1c804|C:\\Windows\\system32\\KERNEL32.DLL+1c247|C:\\Windows\\SYSTEM32\\dbghelp.dll+1244d8|C:\\Windows\\SYSTEM32\\dbghelp.dll+11ebd5|C:\\Windows\\SYSTEM32\\dbghelp.dll+118402|C:\\Windows\\SYSTEM32\\dbghelp.dll+1137e2|C:\\Windows\\SYSTEM32\\dbghelp.dll+113c84|C:\\Windows\\System32\\comsvcs.dll+3363a|C:\\Windows\\System32\\rundll32.exe+2709|C:\\Windows\\System32\\rundll32.exe+44c4|C:\\Windows\\system32\\KERNEL32.DLL+13d2|C:\\Windows\\SYSTEM32\\ntdll.dll+154f4",
      "Channel": "Microsoft-Windows-Sysmon/Operational",
      "Computer": "FS03.offsec.lan",
      "EventID": 10,
      "EventRecordID": 71673,
      "Execution_ProcessID": 1152,
      "Execution_ThreadID": 1764,
      "GrantedAccess": "0x1fffff",
      "Guid": "5770385F-C22A-43E0-BF4C-06F5698FFBD9",
      "Keywords": "0x8000000000000000",
      "Level": 4,
      "Opcode": 0,
      "OriginalLogfile": "ID1-LSASS dump with LSASSY (SYSMON).evtx",
      "Provider_Name": "Microsoft-Windows-Sysmon",
      "RuleName": "-",
      "SourceImage": "C:\\Windows\\System32\\rundll32.exe",
      "SourceProcessGUID": "7CF65FC7-2550-6170-9602-000000001200",
      "SourceProcessId": 2860,
      "SourceThreadId": 544,
      "SystemTime": "2021-10-20T14:18:56.105457Z",
      "TargetImage": "C:\\Windows\\system32\\lsass.exe",
      "TargetProcessGUID": "7CF65FC7-6649-6165-0B00-000000001200",
      "TargetProcessId": 512,
      "Task": 10,
      "UserID": "S-1-5-18",
      "UtcTime": "2021-10-20 14:18:56.105",
      "Version": 3
    }
  ]
},
{
  "title": "Potential WMI Lateral Movement WmiPrvSE Spawned PowerShell - Sysmon",
  "id": "692f0bec-83ba-4d04-af7e-e884a96059b6",
  "description": "Detects Powershell as a child of the WmiPrvSE process. Which could be a sign of lateral movement via WMI.",
  "sigmafile": "",
  "sigma": [
    "SELECT * FROM logs WHERE Channel='Microsoft-Windows-Sysmon/Operational' AND (EventID=1 AND (ParentImage LIKE '%\\\\WmiPrvSE.exe' ESCAPE '\\' AND ((Image LIKE '%\\\\powershell.exe' ESCAPE '\\' OR Image LIKE '%\\\\pwsh.exe' ESCAPE '\\') OR (OriginalFileName='PowerShell.EXE' OR OriginalFileName='pwsh.dll'))))"
  ],
  "rule_level": "medium",
  "tags": [
    "attack.execution",
    "attack.t1047",
    "attack.t1059.001"
  ],
  "count": 1,
  "matches": [
    {
      "row_id": 3,
      "Channel": "Microsoft-Windows-Sysmon/Operational",
      "CommandLine": "powershell.exe -NoP -C \"C:\\Windows\\System32\\rundll32.exe C:\\Windows\\System32\\comsvcs.dll, MiniDump (Get-Process lsass).Id \\Windows\\Temp\\76nivOxA.dmp full;Wait-Process -Id (Get-Process rundll32).id\"",
      "Company": "Microsoft Corporation",
      "Computer": "FS03.offsec.lan",
      "CurrentDirectory": "C:\\",
      "Description": "Windows PowerShell",
      "EventID": 1,
      "EventRecordID": 71668,
      "Execution_ProcessID": 1152,
      "Execution_ThreadID": 1764,
      "FileVersion": "6.3.9600.17415 (winblue_r4.141028-1500)",
      "Guid": "5770385F-C22A-43E0-BF4C-06F5698FFBD9",
      "Hashes": "SHA1=9F1E24917EF96BBB339F4E2A226ACAFD1009F47B,MD5=C031E215B8B08C752BF362F6D4C5D3AD,SHA256=840E1F9DC5A29BEBF01626822D7390251E9CF05BB3560BA7B68BDB8A41CF08E3,IMPHASH=099B747A4A31983374E54912D4BB7C44",
      "IMPHASH": "099B747A4A31983374E54912D4BB7C44",
      "Image": "C:\\Windows\\System32\\WindowsPowerShell\\v1.0\\powershell.exe",
      "IntegrityLevel": "High",
      "Keywords": "0x8000000000000000",
      "Level": 4,
      "LogonGuid": "7CF65FC7-254F-6170-C8EE-690200000000",
      "LogonId": "0x269eec8",
      "MD5": "C031E215B8B08C752BF362F6D4C5D3AD",
      "Opcode": 0,
      "OriginalFileName": "PowerShell.EXE",
      "OriginalLogfile": "ID1-LSASS dump with LSASSY (SYSMON).evtx",
      "ParentCommandLine": "C:\\Windows\\system32\\wbem\\wmiprvse.exe -secured -Embedding",
      "ParentImage": "C:\\Windows\\System32\\wbem\\WmiPrvSE.exe",
      "ParentProcessGuid": "7CF65FC7-665F-6165-2000-000000001200",
      "ParentProcessId": 1640,
      "ProcessGuid": "7CF65FC7-254F-6170-9402-000000001200",
      "ProcessId": 2508,
      "Product": "Microsoft® Windows® Operating System",
      "Provider_Name": "Microsoft-Windows-Sysmon",
      "RuleName": "technique_id=T1086,technique_name=PowerShell",
      "SHA1": "9F1E24917EF96BBB339F4E2A226ACAFD1009F47B",
      "SHA256": "840E1F9DC5A29BEBF01626822D7390251E9CF05BB3560BA7B68BDB8A41CF08E3",
      "SystemTime": "2021-10-20T14:18:55.808587Z",
      "Task": 1,
      "TerminalSessionId": 0,
      "User": "OFFSEC\\admmig",
      "UserID": "S-1-5-18",
      "UtcTime": "2021-10-20 14:18:55.808",
      "Version": 5
    }
  ]
},
{
  "title": "Potentially Suspicious Rundll32 Activity - Sysmon",
  "id": "e593cf51-88db-4ee1-b920-37e89012a3c9",
  "description": "Detects suspicious execution of rundll32, with specific calls to some DLLs with known LOLBIN functionalities",
  "sigmafile": "",
  "sigma": [
    "SELECT * FROM logs WHERE Channel='Microsoft-Windows-Sysmon/Operational' AND (EventID=1 AND (((CommandLine LIKE '%javascript:%' ESCAPE '\\' AND CommandLine LIKE '%.RegisterXLL%' ESCAPE '\\') OR (CommandLine LIKE '%url.dll%' ESCAPE '\\' AND CommandLine LIKE '%OpenURL%' ESCAPE '\\') OR (CommandLine LIKE '%url.dll%' ESCAPE '\\' AND CommandLine LIKE '%OpenURLA%' ESCAPE '\\') OR (CommandLine LIKE '%url.dll%' ESCAPE '\\' AND CommandLine LIKE '%FileProtocolHandler%' ESCAPE '\\') OR (CommandLine LIKE '%zipfldr.dll%' ESCAPE '\\' AND CommandLine LIKE '%RouteTheCall%' ESCAPE '\\') OR (CommandLine LIKE '%shell32.dll%' ESCAPE '\\' AND CommandLine LIKE '%Control\\_RunDLL%' ESCAPE '\\') OR (CommandLine LIKE '%shell32.dll%' ESCAPE '\\' AND CommandLine LIKE '%ShellExec\\_RunDLL%' ESCAPE '\\') OR (CommandLine LIKE '%mshtml.dll%' ESCAPE '\\' AND CommandLine LIKE '%PrintHTML%' ESCAPE '\\') OR (CommandLine LIKE '%advpack.dll%' ESCAPE '\\' AND CommandLine LIKE '%LaunchINFSection%' ESCAPE '\\') OR (CommandLine LIKE '%advpack.dll%' ESCAPE '\\' AND CommandLine LIKE '%RegisterOCX%' ESCAPE '\\') OR (CommandLine LIKE '%ieadvpack.dll%' ESCAPE '\\' AND CommandLine LIKE '%LaunchINFSection%' ESCAPE '\\') OR (CommandLine LIKE '%ieadvpack.dll%' ESCAPE '\\' AND CommandLine LIKE '%RegisterOCX%' ESCAPE '\\') OR (CommandLine LIKE '%ieframe.dll%' ESCAPE '\\' AND CommandLine LIKE '%OpenURL%' ESCAPE '\\') OR (CommandLine LIKE '%shdocvw.dll%' ESCAPE '\\' AND CommandLine LIKE '%OpenURL%' ESCAPE '\\') OR (CommandLine LIKE '%syssetup.dll%' ESCAPE '\\' AND CommandLine LIKE '%SetupInfObjectInstallAction%' ESCAPE '\\') OR (CommandLine LIKE '%setupapi.dll%' ESCAPE '\\' AND CommandLine LIKE '%InstallHinfSection%' ESCAPE '\\') OR (CommandLine LIKE '%pcwutl.dll%' ESCAPE '\\' AND CommandLine LIKE '%LaunchApplication%' ESCAPE '\\') OR (CommandLine LIKE '%dfshim.dll%' ESCAPE '\\' AND CommandLine LIKE '%ShOpenVerbApplication%' ESCAPE '\\') OR (CommandLine LIKE '%dfshim.dll%' ESCAPE '\\' AND CommandLine LIKE '%ShOpenVerbShortcut%' ESCAPE '\\') OR (CommandLine LIKE '%scrobj.dll%' ESCAPE '\\' AND CommandLine LIKE '%GenerateTypeLib%' ESCAPE '\\' AND CommandLine LIKE '%http%' ESCAPE '\\') OR (CommandLine LIKE '%shimgvw.dll%' ESCAPE '\\' AND CommandLine LIKE '%ImageView\\_Fullscreen%' ESCAPE '\\' AND CommandLine LIKE '%http%' ESCAPE '\\') OR (CommandLine LIKE '%comsvcs.dll%' ESCAPE '\\' AND CommandLine LIKE '%MiniDump%' ESCAPE '\\')) AND (NOT (CommandLine LIKE '%shell32.dll,Control\\_RunDLL desk.cpl,screensaver,@screensaver%' ESCAPE '\\' OR (ParentImage LIKE 'C:\\\\Windows\\\\System32\\\\control.exe' ESCAPE '\\' AND ParentCommandLine LIKE '%.cpl%' ESCAPE '\\' AND (CommandLine LIKE '%Shell32.dll%' ESCAPE '\\' AND CommandLine LIKE '%Control\\_RunDLL%' ESCAPE '\\' AND CommandLine LIKE '%.cpl%' ESCAPE '\\')) OR (ParentImage LIKE 'C:\\\\Windows\\\\System32\\\\control.exe' ESCAPE '\\' AND CommandLine LIKE '\"C:\\\\Windows\\\\system32\\\\rundll32.exe\" Shell32.dll,Control\\_RunDLL \"C:\\\\Windows\\\\System32\\\\%' ESCAPE '\\' AND CommandLine LIKE '%.cpl\",' ESCAPE '\\')))))"
  ],
  "rule_level": "medium",
  "tags": [
    "attack.stealth",
    "attack.t1218.011"
  ],
  "count": 2,
  "matches": [
    {
      "row_id": 3,
      "Channel": "Microsoft-Windows-Sysmon/Operational",
      "CommandLine": "powershell.exe -NoP -C \"C:\\Windows\\System32\\rundll32.exe C:\\Windows\\System32\\comsvcs.dll, MiniDump (Get-Process lsass).Id \\Windows\\Temp\\76nivOxA.dmp full;Wait-Process -Id (Get-Process rundll32).id\"",
      "Company": "Microsoft Corporation",
      "Computer": "FS03.offsec.lan",
      "CurrentDirectory": "C:\\",
      "Description": "Windows PowerShell",
      "EventID": 1,
      "EventRecordID": 71668,
      "Execution_ProcessID": 1152,
      "Execution_ThreadID": 1764,
      "FileVersion": "6.3.9600.17415 (winblue_r4.141028-1500)",
      "Guid": "5770385F-C22A-43E0-BF4C-06F5698FFBD9",
      "Hashes": "SHA1=9F1E24917EF96BBB339F4E2A226ACAFD1009F47B,MD5=C031E215B8B08C752BF362F6D4C5D3AD,SHA256=840E1F9DC5A29BEBF01626822D7390251E9CF05BB3560BA7B68BDB8A41CF08E3,IMPHASH=099B747A4A31983374E54912D4BB7C44",
      "IMPHASH": "099B747A4A31983374E54912D4BB7C44",
      "Image": "C:\\Windows\\System32\\WindowsPowerShell\\v1.0\\powershell.exe",
      "IntegrityLevel": "High",
      "Keywords": "0x8000000000000000",
      "Level": 4,
      "LogonGuid": "7CF65FC7-254F-6170-C8EE-690200000000",
      "LogonId": "0x269eec8",
      "MD5": "C031E215B8B08C752BF362F6D4C5D3AD",
      "Opcode": 0,
      "OriginalFileName": "PowerShell.EXE",
      "OriginalLogfile": "ID1-LSASS dump with LSASSY (SYSMON).evtx",
      "ParentCommandLine": "C:\\Windows\\system32\\wbem\\wmiprvse.exe -secured -Embedding",
      "ParentImage": "C:\\Windows\\System32\\wbem\\WmiPrvSE.exe",
      "ParentProcessGuid": "7CF65FC7-665F-6165-2000-000000001200",
      "ParentProcessId": 1640,
      "ProcessGuid": "7CF65FC7-254F-6170-9402-000000001200",
      "ProcessId": 2508,
      "Product": "Microsoft® Windows® Operating System",
      "Provider_Name": "Microsoft-Windows-Sysmon",
      "RuleName": "technique_id=T1086,technique_name=PowerShell",
      "SHA1": "9F1E24917EF96BBB339F4E2A226ACAFD1009F47B",
      "SHA256": "840E1F9DC5A29BEBF01626822D7390251E9CF05BB3560BA7B68BDB8A41CF08E3",
      "SystemTime": "2021-10-20T14:18:55.808587Z",
      "Task": 1,
      "TerminalSessionId": 0,
      "User": "OFFSEC\\admmig",
      "UserID": "S-1-5-18",
      "UtcTime": "2021-10-20 14:18:55.808",
      "Version": 5
    },
    {
      "row_id": 6,
      "Channel": "Microsoft-Windows-Sysmon/Operational",
      "CommandLine": "\"C:\\Windows\\System32\\rundll32.exe\"  C:\\Windows\\System32\\comsvcs.dll MiniDump 512 \\Windows\\Temp\\76nivOxA.dmp full",
      "Company": "Microsoft Corporation",
      "Computer": "FS03.offsec.lan",
      "CurrentDirectory": "C:\\",
      "Description": "Windows host process (Rundll32)",
      "EventID": 1,
      "EventRecordID": 71671,
      "Execution_ProcessID": 1152,
      "Execution_ThreadID": 1764,
      "FileVersion": "6.3.9600.17415 (winblue_r4.141028-1500)",
      "Guid": "5770385F-C22A-43E0-BF4C-06F5698FFBD9",
      "Hashes": "SHA1=D4AC232D507769FFD004439C15302916A40D9831,MD5=6C308D32AFA41D26CE2A0EA8F7B79565,SHA256=5CC2C563D89257964C4B446F54AFE1E57BBEE49315A9FC001FF5A6BCB6650393,IMPHASH=156B2AC675B1B9202AF35C643105610C",
      "IMPHASH": "156B2AC675B1B9202AF35C643105610C",
      "Image": "C:\\Windows\\System32\\rundll32.exe",
      "IntegrityLevel": "High",
      "Keywords": "0x8000000000000000",
      "Level": 4,
      "LogonGuid": "7CF65FC7-254F-6170-C8EE-690200000000",
      "LogonId": "0x269eec8",
      "MD5": "6C308D32AFA41D26CE2A0EA8F7B79565",
      "Opcode": 0,
      "OriginalFileName": "RUNDLL32.EXE",
      "OriginalLogfile": "ID1-LSASS dump with LSASSY (SYSMON).evtx",
      "ParentCommandLine": "powershell.exe -NoP -C \"C:\\Windows\\System32\\rundll32.exe C:\\Windows\\System32\\comsvcs.dll, MiniDump (Get-Process lsass).Id \\Windows\\Temp\\76nivOxA.dmp full;Wait-Process -Id (Get-Process rundll32).id\"",
      "ParentImage": "C:\\Windows\\System32\\WindowsPowerShell\\v1.0\\powershell.exe",
      "ParentProcessGuid": "7CF65FC7-254F-6170-9402-000000001200",
      "ParentProcessId": 2508,
      "ProcessGuid": "7CF65FC7-2550-6170-9602-000000001200",
      "ProcessId": 2860,
      "Product": "Microsoft® Windows® Operating System",
      "Provider_Name": "Microsoft-Windows-Sysmon",
      "RuleName": "technique_id=T1086,technique_name=PowerShell",
      "SHA1": "D4AC232D507769FFD004439C15302916A40D9831",
      "SHA256": "5CC2C563D89257964C4B446F54AFE1E57BBEE49315A9FC001FF5A6BCB6650393",
      "SystemTime": "2021-10-20T14:18:56.089839Z",
      "Task": 1,
      "TerminalSessionId": 0,
      "User": "OFFSEC\\admmig",
      "UserID": "S-1-5-18",
      "UtcTime": "2021-10-20 14:18:56.089",
      "Version": 5
    }
  ]
},
{
  "title": "Potentially Suspicious Powershell Script Execution From Temp Folder - Sysmon",
  "id": "a6a39bdb-935c-4f0a-ab77-35f4bbf44d33",
  "description": "Detects a potentially suspicious powershell script executions from temporary folder",
  "sigmafile": "",
  "sigma": [
    "SELECT * FROM logs WHERE Channel='Microsoft-Windows-Sysmon/Operational' AND (EventID=1 AND (((Image LIKE '%\\\\powershell.exe' ESCAPE '\\' OR Image LIKE '%\\\\pwsh.exe' ESCAPE '\\') AND (CommandLine LIKE '%\\\\Windows\\\\Temp%' ESCAPE '\\' OR CommandLine LIKE '%\\\\Temporary Internet%' ESCAPE '\\' OR CommandLine LIKE '%\\\\AppData\\\\Local\\\\Temp%' ESCAPE '\\' OR CommandLine LIKE '%\\\\AppData\\\\Roaming\\\\Temp%' ESCAPE '\\' OR CommandLine LIKE '%\\%TEMP\\%%' ESCAPE '\\' OR CommandLine LIKE '%\\%TMP\\%%' ESCAPE '\\' OR CommandLine LIKE '%\\%LocalAppData\\%\\\\Temp%' ESCAPE '\\')) AND (NOT (CommandLine LIKE '%-WindowStyle hidden -Verb runAs%' ESCAPE '\\' OR CommandLine LIKE '%\\\\Windows\\\\system32\\\\config\\\\systemprofile\\\\AppData\\\\Local\\\\Temp\\\\Amazon\\\\EC2-Windows\\\\%' ESCAPE '\\' OR (CommandLine LIKE '% >%' ESCAPE '\\' OR CommandLine LIKE '%Out-File%' ESCAPE '\\' OR CommandLine LIKE '%ConvertTo-Json%' ESCAPE '\\') OR ((ParentImage LIKE 'C:\\\\Windows\\\\System32\\\\Msiexec.exe' ESCAPE '\\' OR ParentImage LIKE 'C:\\\\Windows\\\\SysWOW64\\\\Msiexec.exe' ESCAPE '\\') AND Image LIKE '%\\\\powershell.exe' ESCAPE '\\' AND (CommandLine LIKE '%-NoProfile -ExecutionPolicy Bypass -Command%' ESCAPE '\\' AND CommandLine LIKE '%AppData\\\\Local\\\\Temp\\\\%' ESCAPE '\\' AND CommandLine LIKE '%Install-Chocolatey.ps1%' ESCAPE '\\'))))))"
  ],
  "rule_level": "medium",
  "tags": [
    "attack.execution",
    "attack.t1059.001"
  ],
  "count": 1,
  "matches": [
    {
      "row_id": 3,
      "Channel": "Microsoft-Windows-Sysmon/Operational",
      "CommandLine": "powershell.exe -NoP -C \"C:\\Windows\\System32\\rundll32.exe C:\\Windows\\System32\\comsvcs.dll, MiniDump (Get-Process lsass).Id \\Windows\\Temp\\76nivOxA.dmp full;Wait-Process -Id (Get-Process rundll32).id\"",
      "Company": "Microsoft Corporation",
      "Computer": "FS03.offsec.lan",
      "CurrentDirectory": "C:\\",
      "Description": "Windows PowerShell",
      "EventID": 1,
      "EventRecordID": 71668,
      "Execution_ProcessID": 1152,
      "Execution_ThreadID": 1764,
      "FileVersion": "6.3.9600.17415 (winblue_r4.141028-1500)",
      "Guid": "5770385F-C22A-43E0-BF4C-06F5698FFBD9",
      "Hashes": "SHA1=9F1E24917EF96BBB339F4E2A226ACAFD1009F47B,MD5=C031E215B8B08C752BF362F6D4C5D3AD,SHA256=840E1F9DC5A29BEBF01626822D7390251E9CF05BB3560BA7B68BDB8A41CF08E3,IMPHASH=099B747A4A31983374E54912D4BB7C44",
      "IMPHASH": "099B747A4A31983374E54912D4BB7C44",
      "Image": "C:\\Windows\\System32\\WindowsPowerShell\\v1.0\\powershell.exe",
      "IntegrityLevel": "High",
      "Keywords": "0x8000000000000000",
      "Level": 4,
      "LogonGuid": "7CF65FC7-254F-6170-C8EE-690200000000",
      "LogonId": "0x269eec8",
      "MD5": "C031E215B8B08C752BF362F6D4C5D3AD",
      "Opcode": 0,
      "OriginalFileName": "PowerShell.EXE",
      "OriginalLogfile": "ID1-LSASS dump with LSASSY (SYSMON).evtx",
      "ParentCommandLine": "C:\\Windows\\system32\\wbem\\wmiprvse.exe -secured -Embedding",
      "ParentImage": "C:\\Windows\\System32\\wbem\\WmiPrvSE.exe",
      "ParentProcessGuid": "7CF65FC7-665F-6165-2000-000000001200",
      "ParentProcessId": 1640,
      "ProcessGuid": "7CF65FC7-254F-6170-9402-000000001200",
      "ProcessId": 2508,
      "Product": "Microsoft® Windows® Operating System",
      "Provider_Name": "Microsoft-Windows-Sysmon",
      "RuleName": "technique_id=T1086,technique_name=PowerShell",
      "SHA1": "9F1E24917EF96BBB339F4E2A226ACAFD1009F47B",
      "SHA256": "840E1F9DC5A29BEBF01626822D7390251E9CF05BB3560BA7B68BDB8A41CF08E3",
      "SystemTime": "2021-10-20T14:18:55.808587Z",
      "Task": 1,
      "TerminalSessionId": 0,
      "User": "OFFSEC\\admmig",
      "UserID": "S-1-5-18",
      "UtcTime": "2021-10-20 14:18:55.808",
      "Version": 5
    }
  ]
},
{
  "title": "WmiPrvSE Spawned A Process - Sysmon",
  "id": "d21374ff-f574-44a7-9998-4a8c8bf33d7d",
  "description": "Detects WmiPrvSE spawning a process",
  "sigmafile": "",
  "sigma": [
    "SELECT * FROM logs WHERE Channel='Microsoft-Windows-Sysmon/Operational' AND (EventID=1 AND (ParentImage LIKE '%\\\\WmiPrvSe.exe' ESCAPE '\\' AND (NOT ((LogonId='0x3e7' OR LogonId='null') OR (User LIKE '%AUTHORI%' ESCAPE '\\' OR User LIKE '%AUTORI%' ESCAPE '\\') OR Image LIKE '%\\\\WmiPrvSE.exe' ESCAPE '\\' OR Image LIKE '%\\\\WerFault.exe' ESCAPE '\\' OR LogonId IS NULL))))"
  ],
  "rule_level": "medium",
  "tags": [
    "attack.execution",
    "attack.t1047"
  ],
  "count": 1,
  "matches": [
    {
      "row_id": 3,
      "Channel": "Microsoft-Windows-Sysmon/Operational",
      "CommandLine": "powershell.exe -NoP -C \"C:\\Windows\\System32\\rundll32.exe C:\\Windows\\System32\\comsvcs.dll, MiniDump (Get-Process lsass).Id \\Windows\\Temp\\76nivOxA.dmp full;Wait-Process -Id (Get-Process rundll32).id\"",
      "Company": "Microsoft Corporation",
      "Computer": "FS03.offsec.lan",
      "CurrentDirectory": "C:\\",
      "Description": "Windows PowerShell",
      "EventID": 1,
      "EventRecordID": 71668,
      "Execution_ProcessID": 1152,
      "Execution_ThreadID": 1764,
      "FileVersion": "6.3.9600.17415 (winblue_r4.141028-1500)",
      "Guid": "5770385F-C22A-43E0-BF4C-06F5698FFBD9",
      "Hashes": "SHA1=9F1E24917EF96BBB339F4E2A226ACAFD1009F47B,MD5=C031E215B8B08C752BF362F6D4C5D3AD,SHA256=840E1F9DC5A29BEBF01626822D7390251E9CF05BB3560BA7B68BDB8A41CF08E3,IMPHASH=099B747A4A31983374E54912D4BB7C44",
      "IMPHASH": "099B747A4A31983374E54912D4BB7C44",
      "Image": "C:\\Windows\\System32\\WindowsPowerShell\\v1.0\\powershell.exe",
      "IntegrityLevel": "High",
      "Keywords": "0x8000000000000000",
      "Level": 4,
      "LogonGuid": "7CF65FC7-254F-6170-C8EE-690200000000",
      "LogonId": "0x269eec8",
      "MD5": "C031E215B8B08C752BF362F6D4C5D3AD",
      "Opcode": 0,
      "OriginalFileName": "PowerShell.EXE",
      "OriginalLogfile": "ID1-LSASS dump with LSASSY (SYSMON).evtx",
      "ParentCommandLine": "C:\\Windows\\system32\\wbem\\wmiprvse.exe -secured -Embedding",
      "ParentImage": "C:\\Windows\\System32\\wbem\\WmiPrvSE.exe",
      "ParentProcessGuid": "7CF65FC7-665F-6165-2000-000000001200",
      "ParentProcessId": 1640,
      "ProcessGuid": "7CF65FC7-254F-6170-9402-000000001200",
      "ProcessId": 2508,
      "Product": "Microsoft® Windows® Operating System",
      "Provider_Name": "Microsoft-Windows-Sysmon",
      "RuleName": "technique_id=T1086,technique_name=PowerShell",
      "SHA1": "9F1E24917EF96BBB339F4E2A226ACAFD1009F47B",
      "SHA256": "840E1F9DC5A29BEBF01626822D7390251E9CF05BB3560BA7B68BDB8A41CF08E3",
      "SystemTime": "2021-10-20T14:18:55.808587Z",
      "Task": 1,
      "TerminalSessionId": 0,
      "User": "OFFSEC\\admmig",
      "UserID": "S-1-5-18",
      "UtcTime": "2021-10-20 14:18:55.808",
      "Version": 5
    }
  ]
},
