{
  "title": "Non Interactive PowerShell Process Spawned - Sysmon",
  "id": "f4bbd493-b796-416e-bbf2-121235348529",
  "description": "Detects non-interactive PowerShell activity by looking at the \"powershell\" process with a non-user GUI process such as \"explorer.exe\" as a parent.",
  "sigmafile": "",
  "sigma": [
    "SELECT * FROM logs WHERE Channel='Microsoft-Windows-Sysmon/Operational' AND (EventID=1 AND (((Image LIKE '%\\\\powershell.exe' ESCAPE '\\' OR Image LIKE '%\\\\pwsh.exe' ESCAPE '\\') OR (OriginalFileName='PowerShell.EXE' OR OriginalFileName='pwsh.dll')) AND (NOT ((ParentImage LIKE '%:\\\\Windows\\\\explorer.exe' ESCAPE '\\' OR ParentImage LIKE '%:\\\\Windows\\\\System32\\\\CompatTelRunner.exe' ESCAPE '\\' OR ParentImage LIKE '%:\\\\Windows\\\\SysWOW64\\\\explorer.exe' ESCAPE '\\') OR ParentImage LIKE ':\\\\$WINDOWS.~BT\\\\Sources\\\\SetupHost.exe' ESCAPE '\\')) AND (NOT ((ParentImage LIKE '%\\\\AppData\\\\Local\\\\Programs\\\\Microsoft VS Code\\\\Code.exe' ESCAPE '\\' AND ParentCommandLine LIKE '% --ms-enable-electron-run-as-node %' ESCAPE '\\') OR (ParentImage LIKE '%:\\\\Program Files\\\\WindowsApps\\\\Microsoft.WindowsTerminal\\_%' ESCAPE '\\' AND ParentImage LIKE '%\\\\WindowsTerminal.exe' ESCAPE '\\') OR ParentImage LIKE '%:\\\\Program Files\\\\Windows Defender Advanced Threat Protection\\\\SenseIR.exe' ESCAPE '\\'))))"
  ],
  "rule_level": "low",
  "tags": [
    "attack.execution",
    "attack.t1059.001"
  ],
  "count": 1,
  "matches": [
    {
      "row_id": 3,
      "Channel": "Microsoft-Windows-Sysmon/Operational",
      "CommandLine": "powershell.exe -NoP -C \"C:\\Windows\\System32\\rundll32.exe C:\\Windows\\System32\\comsvcs.dll, MiniDump (Get-Process lsass).Id \\Windows\\Temp\\76nivOxA.dmp full;Wait-Process -Id (Get-Process rundll32).id\"",
      "Company": "Microsoft Corporation",
      "Computer": "FS03.offsec.lan",
      "CurrentDirectory": "C:\\",
      "Description": "Windows PowerShell",
      "EventID": 1,
      "EventRecordID": 71668,
      "Execution_ProcessID": 1152,
      "Execution_ThreadID": 1764,
      "FileVersion": "6.3.9600.17415 (winblue_r4.141028-1500)",
      "Guid": "5770385F-C22A-43E0-BF4C-06F5698FFBD9",
      "Hashes": "SHA1=9F1E24917EF96BBB339F4E2A226ACAFD1009F47B,MD5=C031E215B8B08C752BF362F6D4C5D3AD,SHA256=840E1F9DC5A29BEBF01626822D7390251E9CF05BB3560BA7B68BDB8A41CF08E3,IMPHASH=099B747A4A31983374E54912D4BB7C44",
      "IMPHASH": "099B747A4A31983374E54912D4BB7C44",
      "Image": "C:\\Windows\\System32\\WindowsPowerShell\\v1.0\\powershell.exe",
      "IntegrityLevel": "High",
      "Keywords": "0x8000000000000000",
      "Level": 4,
      "LogonGuid": "7CF65FC7-254F-6170-C8EE-690200000000",
      "LogonId": "0x269eec8",
      "MD5": "C031E215B8B08C752BF362F6D4C5D3AD",
      "Opcode": 0,
      "OriginalFileName": "PowerShell.EXE",
      "OriginalLogfile": "ID1-LSASS dump with LSASSY (SYSMON).evtx",
      "ParentCommandLine": "C:\\Windows\\system32\\wbem\\wmiprvse.exe -secured -Embedding",
      "ParentImage": "C:\\Windows\\System32\\wbem\\WmiPrvSE.exe",
      "ParentProcessGuid": "7CF65FC7-665F-6165-2000-000000001200",
      "ParentProcessId": 1640,
      "ProcessGuid": "7CF65FC7-254F-6170-9402-000000001200",
      "ProcessId": 2508,
      "Product": "Microsoft® Windows® Operating System",
      "Provider_Name": "Microsoft-Windows-Sysmon",
      "RuleName": "technique_id=T1086,technique_name=PowerShell",
      "SHA1": "9F1E24917EF96BBB339F4E2A226ACAFD1009F47B",
      "SHA256": "840E1F9DC5A29BEBF01626822D7390251E9CF05BB3560BA7B68BDB8A41CF08E3",
      "SystemTime": "2021-10-20T14:18:55.808587Z",
      "Task": 1,
      "TerminalSessionId": 0,
      "User": "OFFSEC\\admmig",
      "UserID": "S-1-5-18",
      "UtcTime": "2021-10-20 14:18:55.808",
      "Version": 5
    }
  ]
},
{
  "title": "HackTool - Mimikatz Execution - Sysmon",
  "id": "a642964e-bead-4bed-8910-1bb4d63e3b4d",
  "description": "Detection well-known mimikatz command line arguments",
  "sigmafile": "",
  "sigma": [
    "SELECT * FROM logs WHERE Channel='Microsoft-Windows-Sysmon/Operational' AND (EventID=1 AND ((CommandLine LIKE '%DumpCreds%' ESCAPE '\\' OR CommandLine LIKE '%mimikatz%' ESCAPE '\\') OR (CommandLine LIKE '%::aadcookie%' ESCAPE '\\' OR CommandLine LIKE '%::detours%' ESCAPE '\\' OR CommandLine LIKE '%::memssp%' ESCAPE '\\' OR CommandLine LIKE '%::mflt%' ESCAPE '\\' OR CommandLine LIKE '%::ncroutemon%' ESCAPE '\\' OR CommandLine LIKE '%::ngcsign%' ESCAPE '\\' OR CommandLine LIKE '%::printnightmare%' ESCAPE '\\' OR CommandLine LIKE '%::skeleton%' ESCAPE '\\' OR CommandLine LIKE '%::preshutdown%' ESCAPE '\\' OR CommandLine LIKE '%::mstsc%' ESCAPE '\\' OR CommandLine LIKE '%::multirdp%' ESCAPE '\\') OR (CommandLine LIKE '%rpc::%' ESCAPE '\\' OR CommandLine LIKE '%token::%' ESCAPE '\\' OR CommandLine LIKE '%crypto::%' ESCAPE '\\' OR CommandLine LIKE '%dpapi::%' ESCAPE '\\' OR CommandLine LIKE '%sekurlsa::%' ESCAPE '\\' OR CommandLine LIKE '%kerberos::%' ESCAPE '\\' OR CommandLine LIKE '%lsadump::%' ESCAPE '\\' OR CommandLine LIKE '%privilege::%' ESCAPE '\\' OR CommandLine LIKE '%process::%' ESCAPE '\\' OR CommandLine LIKE '%vault::%' ESCAPE '\\')))"
  ],
  "rule_level": "high",
  "tags": [
    "attack.credential-access",
    "attack.t1003.001",
    "attack.t1003.002",
    "attack.t1003.004",
    "attack.t1003.005",
    "attack.t1003.006"
  ],
  "count": 1,
  "matches": [
    {
      "row_id": 1,
      "Channel": "Microsoft-Windows-Sysmon/Operational",
      "CommandLine": "mimikatz.exe",
      "Company": "gentilkiwi (Benjamin DELPY)",
      "Computer": "FS03.offsec.lan",
      "CurrentDirectory": "C:\\TOOLS\\Mimikatzx64\\",
      "Description": "mimikatz for Windows",
      "EventID": 1,
      "EventRecordID": 82849,
      "Execution_ProcessID": 1152,
      "Execution_ThreadID": 1764,
      "FileVersion": "2.2.0.0",
      "Guid": "5770385F-C22A-43E0-BF4C-06F5698FFBD9",
      "Hashes": "SHA1=D241DF7B9D2EC0B8194751CD5CE153E27CC40FA4,MD5=A3CB3B02A683275F7E0A0F8A9A5C9E07,SHA256=31EB1DE7E840A342FD468E558E5AB627BCB4C542A8FE01AEC4D5BA01D539A0FC,IMPHASH=DBDEA7B557F0E6B5D9E18ABE9CE5220A",
      "IMPHASH": "DBDEA7B557F0E6B5D9E18ABE9CE5220A",
      "Image": "C:\\TOOLS\\Mimikatzx64\\mimikatz.exe",
      "IntegrityLevel": "High",
      "Keywords": "0x8000000000000000",
      "Level": 4,
      "LogonGuid": "7CF65FC7-7ABF-616E-5FC6-F40100000000",
      "LogonId": "0x1f4c65f",
      "MD5": "A3CB3B02A683275F7E0A0F8A9A5C9E07",
      "Opcode": 0,
      "OriginalFileName": "mimikatz.exe",
      "OriginalLogfile": "ID10-Mimikatz LSASS process dump.evtx",
      "ParentCommandLine": "\"C:\\Windows\\system32\\cmd.exe\" ",
      "ParentImage": "C:\\Windows\\System32\\cmd.exe",
      "ParentProcessGuid": "7CF65FC7-886C-616E-B201-000000001200",
      "ParentProcessId": 2908,
      "ProcessGuid": "7CF65FC7-D02C-6171-1203-000000001200",
      "ProcessId": 2032,
      "Product": "mimikatz",
      "Provider_Name": "Microsoft-Windows-Sysmon",
      "RuleName": "technique_id=T1059,technique_name=Command-Line Interface",
      "SHA1": "D241DF7B9D2EC0B8194751CD5CE153E27CC40FA4",
      "SHA256": "31EB1DE7E840A342FD468E558E5AB627BCB4C542A8FE01AEC4D5BA01D539A0FC",
      "SystemTime": "2021-10-21T20:40:12.867822Z",
      "Task": 1,
      "TerminalSessionId": 2,
      "User": "OFFSEC\\admmig",
      "UserID": "S-1-5-18",
      "UtcTime": "2021-10-21 20:40:12.867",
      "Version": 5
    }
  ]
},
{
  "title": "HackTool - Generic Process Access",
  "id": "d0d2f720-d14f-448d-8242-51ff396a334e",
  "description": "Detects process access requests from hacktool processes based on their default image name",
  "sigmafile": "",
  "sigma": [
    "SELECT * FROM logs WHERE Channel='Microsoft-Windows-Sysmon/Operational' AND (EventID=10 AND ((SourceImage LIKE '%\\\\Akagi.exe' ESCAPE '\\' OR SourceImage LIKE '%\\\\Akagi64.exe' ESCAPE '\\' OR SourceImage LIKE '%\\\\atexec\\_windows.exe' ESCAPE '\\' OR SourceImage LIKE '%\\\\Certify.exe' ESCAPE '\\' OR SourceImage LIKE '%\\\\Certipy.exe' ESCAPE '\\' OR SourceImage LIKE '%\\\\CoercedPotato.exe' ESCAPE '\\' OR SourceImage LIKE '%\\\\crackmapexec.exe' ESCAPE '\\' OR SourceImage LIKE '%\\\\CreateMiniDump.exe' ESCAPE '\\' OR SourceImage LIKE '%\\\\dcomexec\\_windows.exe' ESCAPE '\\' OR SourceImage LIKE '%\\\\dpapi\\_windows.exe' ESCAPE '\\' OR SourceImage LIKE '%\\\\findDelegation\\_windows.exe' ESCAPE '\\' OR SourceImage LIKE '%\\\\GetADUsers\\_windows.exe' ESCAPE '\\' OR SourceImage LIKE '%\\\\GetNPUsers\\_windows.exe' ESCAPE '\\' OR SourceImage LIKE '%\\\\getPac\\_windows.exe' ESCAPE '\\' OR SourceImage LIKE '%\\\\getST\\_windows.exe' ESCAPE '\\' OR SourceImage LIKE '%\\\\getTGT\\_windows.exe' ESCAPE '\\' OR SourceImage LIKE '%\\\\GetUserSPNs\\_windows.exe' ESCAPE '\\' OR SourceImage LIKE '%\\\\gmer.exe' ESCAPE '\\' OR SourceImage LIKE '%\\\\hashcat.exe' ESCAPE '\\' OR SourceImage LIKE '%\\\\htran.exe' ESCAPE '\\' OR SourceImage LIKE '%\\\\ifmap\\_windows.exe' ESCAPE '\\' OR SourceImage LIKE '%\\\\impersonate.exe' ESCAPE '\\' OR SourceImage LIKE '%\\\\Inveigh.exe' ESCAPE '\\' OR SourceImage LIKE '%\\\\LocalPotato.exe' ESCAPE '\\' OR SourceImage LIKE '%\\\\mimikatz\\_windows.exe' ESCAPE '\\' OR SourceImage LIKE '%\\\\mimikatz.exe' ESCAPE '\\' OR SourceImage LIKE '%\\\\netview\\_windows.exe' ESCAPE '\\' OR SourceImage LIKE '%\\\\nmapAnswerMachine\\_windows.exe' ESCAPE '\\' OR SourceImage LIKE '%\\\\opdump\\_windows.exe' ESCAPE '\\' OR SourceImage LIKE '%\\\\PasswordDump.exe' ESCAPE '\\' OR SourceImage LIKE '%\\\\Potato.exe' ESCAPE '\\' OR SourceImage LIKE '%\\\\PowerTool.exe' ESCAPE '\\' OR SourceImage LIKE '%\\\\PowerTool64.exe' ESCAPE '\\' OR SourceImage LIKE '%\\\\psexec\\_windows.exe' ESCAPE '\\' OR SourceImage LIKE '%\\\\PurpleSharp.exe' ESCAPE '\\' OR SourceImage LIKE '%\\\\pypykatz.exe' ESCAPE '\\' OR SourceImage LIKE '%\\\\QuarksPwDump.exe' ESCAPE '\\' OR SourceImage LIKE '%\\\\rdp\\_check\\_windows.exe' ESCAPE '\\' OR SourceImage LIKE '%\\\\Rubeus.exe' ESCAPE '\\' OR SourceImage LIKE '%\\\\SafetyKatz.exe' ESCAPE '\\' OR SourceImage LIKE '%\\\\sambaPipe\\_windows.exe' ESCAPE '\\' OR SourceImage LIKE '%\\\\SelectMyParent.exe' ESCAPE '\\' OR SourceImage LIKE '%\\\\SharpChisel.exe' ESCAPE '\\' OR SourceImage LIKE '%\\\\SharPersist.exe' ESCAPE '\\' OR SourceImage LIKE '%\\\\SharpEvtMute.exe' ESCAPE '\\' OR SourceImage LIKE '%\\\\SharpImpersonation.exe' ESCAPE '\\' OR SourceImage LIKE '%\\\\SharpLDAPmonitor.exe' ESCAPE '\\' OR SourceImage LIKE '%\\\\SharpLdapWhoami.exe' ESCAPE '\\' OR SourceImage LIKE '%\\\\SharpUp.exe' ESCAPE '\\' OR SourceImage LIKE '%\\\\SharpView.exe' ESCAPE '\\' OR SourceImage LIKE '%\\\\smbclient\\_windows.exe' ESCAPE '\\' OR SourceImage LIKE '%\\\\smbserver\\_windows.exe' ESCAPE '\\' OR SourceImage LIKE '%\\\\sniff\\_windows.exe' ESCAPE '\\' OR SourceImage LIKE '%\\\\sniffer\\_windows.exe' ESCAPE '\\' OR SourceImage LIKE '%\\\\split\\_windows.exe' ESCAPE '\\' OR SourceImage LIKE '%\\\\SpoolSample.exe' ESCAPE '\\' OR SourceImage LIKE '%\\\\Stracciatella.exe' ESCAPE '\\' OR SourceImage LIKE '%\\\\SysmonEOP.exe' ESCAPE '\\' OR SourceImage LIKE '%\\\\temp\\\\rot.exe' ESCAPE '\\' OR SourceImage LIKE '%\\\\ticketer\\_windows.exe' ESCAPE '\\' OR SourceImage LIKE '%\\\\TruffleSnout.exe' ESCAPE '\\' OR SourceImage LIKE '%\\\\winPEASany\\_ofs.exe' ESCAPE '\\' OR SourceImage LIKE '%\\\\winPEASany.exe' ESCAPE '\\' OR SourceImage LIKE '%\\\\winPEASx64\\_ofs.exe' ESCAPE '\\' OR SourceImage LIKE '%\\\\winPEASx64.exe' ESCAPE '\\' OR SourceImage LIKE '%\\\\winPEASx86\\_ofs.exe' ESCAPE '\\' OR SourceImage LIKE '%\\\\winPEASx86.exe' ESCAPE '\\' OR SourceImage LIKE '%\\\\xordump.exe' ESCAPE '\\') OR (SourceImage LIKE '%\\\\goldenPac%' ESCAPE '\\' OR SourceImage LIKE '%\\\\just\\_dce\\_%' ESCAPE '\\' OR SourceImage LIKE '%\\\\karmaSMB%' ESCAPE '\\' OR SourceImage LIKE '%\\\\kintercept%' ESCAPE '\\' OR SourceImage LIKE '%\\\\LocalPotato%' ESCAPE '\\' OR SourceImage LIKE '%\\\\ntlmrelayx%' ESCAPE '\\' OR SourceImage LIKE '%\\\\rpcdump%' ESCAPE '\\' OR SourceImage LIKE '%\\\\samrdump%' ESCAPE '\\' OR SourceImage LIKE '%\\\\secretsdump%' ESCAPE '\\' OR SourceImage LIKE '%\\\\smbexec%' ESCAPE '\\' OR SourceImage LIKE '%\\\\smbrelayx%' ESCAPE '\\' OR SourceImage LIKE '%\\\\wmiexec%' ESCAPE '\\' OR SourceImage LIKE '%\\\\wmipersist%' ESCAPE '\\' OR SourceImage LIKE '%HotPotato%' ESCAPE '\\' OR SourceImage LIKE '%Juicy Potato%' ESCAPE '\\' OR SourceImage LIKE '%JuicyPotato%' ESCAPE '\\' OR SourceImage LIKE '%PetitPotam%' ESCAPE '\\' OR SourceImage LIKE '%RottenPotato%' ESCAPE '\\')))"
  ],
  "rule_level": "high",
  "tags": [
    "attack.credential-access",
    "attack.t1003.001",
    "attack.s0002"
  ],
  "count": 1,
  "matches": [
    {
      "row_id": 3,
      "CallTrace": "C:\\Windows\\SYSTEM32\\ntdll.dll+909ba|C:\\Windows\\system32\\KERNELBASE.dll+2d8e|C:\\TOOLS\\Mimikatzx64\\mimikatz.exe+bcbda|C:\\TOOLS\\Mimikatzx64\\mimikatz.exe+be7bd|C:\\TOOLS\\Mimikatzx64\\mimikatz.exe+be650|C:\\TOOLS\\Mimikatzx64\\mimikatz.exe+84f28|C:\\TOOLS\\Mimikatzx64\\mimikatz.exe+84d60|C:\\TOOLS\\Mimikatzx64\\mimikatz.exe+84b2b|C:\\TOOLS\\Mimikatzx64\\mimikatz.exe+c39a9|C:\\Windows\\system32\\KERNEL32.DLL+13d2|C:\\Windows\\SYSTEM32\\ntdll.dll+154f4",
      "Channel": "Microsoft-Windows-Sysmon/Operational",
      "Computer": "FS03.offsec.lan",
      "EventID": 10,
      "EventRecordID": 82853,
      "Execution_ProcessID": 1152,
      "Execution_ThreadID": 1764,
      "GrantedAccess": "0x1010",
      "Guid": "5770385F-C22A-43E0-BF4C-06F5698FFBD9",
      "Keywords": "0x8000000000000000",
      "Level": 4,
      "Opcode": 0,
      "OriginalLogfile": "ID10-Mimikatz LSASS process dump.evtx",
      "Provider_Name": "Microsoft-Windows-Sysmon",
      "RuleName": "-",
      "SourceImage": "C:\\TOOLS\\Mimikatzx64\\mimikatz.exe",
      "SourceProcessGUID": "7CF65FC7-D02C-6171-1203-000000001200",
      "SourceProcessId": 2032,
      "SourceThreadId": 4056,
      "SystemTime": "2021-10-21T20:40:43.136112Z",
      "TargetImage": "C:\\Windows\\system32\\lsass.exe",
      "TargetProcessGUID": "7CF65FC7-6649-6165-0B00-000000001200",
      "TargetProcessId": 512,
      "Task": 10,
      "UserID": "S-1-5-18",
      "UtcTime": "2021-10-21 20:40:43.136",
      "Version": 3
    }
  ]
},
{
  "title": "Security Eventlog Cleared",
  "id": "d99b79d2-0a6f-4f46-ad8b-260b6e17f982",
  "description": "One of the Windows Eventlogs has been cleared. e.g. caused by \"wevtutil cl\" command execution",
  "sigmafile": "",
  "sigma": [
    "SELECT * FROM logs WHERE Channel='Security' AND ((EventID=517 AND Provider_Name='Security') OR (EventID=1102 AND Provider_Name='Microsoft-Windows-Eventlog'))"
  ],
  "rule_level": "high",
  "tags": [
    "attack.defense-impairment",
    "attack.t1685.005",
    "car.2016-04-002"
  ],
  "count": 1,
  "matches": [
    {
      "row_id": 1,
      "Channel": "Security",
      "Computer": "jump01.offsec.lan",
      "EventID": 1102,
      "EventRecordID": 9217073,
      "Execution_ProcessID": 336,
      "Execution_ThreadID": 860,
      "Guid": "{fc65ddd8-d6ef-4962-83d5-6e5cfe9ce148}",
      "Keywords": "0x4020000000000000",
      "Level": 4,
      "Opcode": 0,
      "OriginalLogfile": "ID4656-4663-4658 Mimikatz sekurlsa password dump.evtx",
      "Provider_Name": "Microsoft-Windows-Eventlog",
      "SubjectDomainName": "OFFSEC",
      "SubjectLogonId": "0xe922e",
      "SubjectUserName": "admmig",
      "SubjectUserSid": "S-1-5-21-4230534742-2542757381-3142984815-1111",
      "SystemTime": "2021-03-26T16:36:00.106986Z",
      "Task": 104,
      "Version": 0
    }
  ]
},
{
  "title": "Potentially Suspicious AccessMask Requested From LSASS",
  "id": "4a1b6da0-d94f-4fc3-98fc-2d9cb9e5ee76",
  "description": "Detects process handle on LSASS process with certain access mask",
  "sigmafile": "",
  "sigma": [
    "SELECT * FROM logs WHERE Channel='Security' AND (((EventID=4656 AND ObjectName LIKE '%\\\\lsass.exe' ESCAPE '\\' AND (AccessMask LIKE '%0x40%' ESCAPE '\\' OR AccessMask LIKE '%0x1400%' ESCAPE '\\' OR AccessMask LIKE '%0x100000%' ESCAPE '\\' OR AccessMask LIKE '%0x1410%' ESCAPE '\\' OR AccessMask LIKE '%0x1010%' ESCAPE '\\' OR AccessMask LIKE '%0x1438%' ESCAPE '\\' OR AccessMask LIKE '%0x143a%' ESCAPE '\\' OR AccessMask LIKE '%0x1418%' ESCAPE '\\' OR AccessMask LIKE '%0x1f0fff%' ESCAPE '\\' OR AccessMask LIKE '%0x1f1fff%' ESCAPE '\\' OR AccessMask LIKE '%0x1f2fff%' ESCAPE '\\' OR AccessMask LIKE '%0x1f3fff%' ESCAPE '\\')) OR (EventID=4663 AND ObjectName LIKE '%\\\\lsass.exe' ESCAPE '\\' AND (AccessList LIKE '%4484%' ESCAPE '\\' OR AccessList LIKE '%4416%' ESCAPE '\\'))) AND (NOT (((ProcessName LIKE '%\\\\csrss.exe' ESCAPE '\\' OR ProcessName LIKE '%\\\\GamingServices.exe' ESCAPE '\\' OR ProcessName LIKE '%\\\\lsm.exe' ESCAPE '\\' OR ProcessName LIKE '%\\\\MicrosoftEdgeUpdate.exe' ESCAPE '\\' OR ProcessName LIKE '%\\\\minionhost.exe' ESCAPE '\\' OR ProcessName LIKE '%\\\\MRT.exe' ESCAPE '\\' OR ProcessName LIKE '%\\\\MsMpEng.exe' ESCAPE '\\' OR ProcessName LIKE '%\\\\perfmon.exe' ESCAPE '\\' OR ProcessName LIKE '%\\\\procexp.exe' ESCAPE '\\' OR ProcessName LIKE '%\\\\procexp64.exe' ESCAPE '\\' OR ProcessName LIKE '%\\\\procexp64a.exe' ESCAPE '\\' OR ProcessName LIKE '%\\\\svchost.exe' ESCAPE '\\' OR ProcessName LIKE '%\\\\taskmgr.exe' ESCAPE '\\' OR ProcessName LIKE '%\\\\thor.exe' ESCAPE '\\' OR ProcessName LIKE '%\\\\thor64.exe' ESCAPE '\\' OR ProcessName LIKE '%\\\\vmtoolsd.exe' ESCAPE '\\' OR ProcessName LIKE '%\\\\VsTskMgr.exe' ESCAPE '\\' OR ProcessName LIKE '%\\\\wininit.exe' ESCAPE '\\' OR ProcessName LIKE '%\\\\wmiprvse.exe' ESCAPE '\\' OR ProcessName LIKE '%RtkAudUService64' ESCAPE '\\') AND (ProcessName LIKE '%:\\\\Program Files (x86)\\\\%' ESCAPE '\\' OR ProcessName LIKE '%:\\\\Program Files\\\\%' ESCAPE '\\' OR ProcessName LIKE '%:\\\\ProgramData\\\\Microsoft\\\\Windows Defender\\\\Platform\\\\%' ESCAPE '\\' OR ProcessName LIKE '%:\\\\Windows\\\\SysNative\\\\%' ESCAPE '\\' OR ProcessName LIKE '%:\\\\Windows\\\\System32\\\\%' ESCAPE '\\' OR ProcessName LIKE '%:\\\\Windows\\\\SysWow64\\\\%' ESCAPE '\\' OR ProcessName LIKE '%:\\\\Windows\\\\Temp\\\\asgard2-agent\\\\%' ESCAPE '\\')) OR ProcessName LIKE '%:\\\\Program Files%' ESCAPE '\\' OR (ProcessName LIKE '%:\\\\Windows\\\\System32\\\\taskhostw.exe' ESCAPE '\\' OR ProcessName LIKE '%:\\\\Windows\\\\System32\\\\msiexec.exe' ESCAPE '\\' OR ProcessName LIKE '%:\\\\Windows\\\\CCM\\\\CcmExec.exe' ESCAPE '\\') OR ((ProcessName LIKE '%:\\\\Windows\\\\Sysmon64.exe' ESCAPE '\\' OR ProcessName LIKE '%:\\\\Windows\\\\Sysmon64a.exe' ESCAPE '\\') AND AccessList LIKE '%\\%\\%4484%' ESCAPE '\\') OR (ProcessName LIKE '%:\\\\Windows\\\\Temp\\\\asgard2-agent-sc\\\\aurora\\\\%' ESCAPE '\\' AND ProcessName LIKE '%\\\\aurora-agent-64.exe' ESCAPE '\\' AND AccessList LIKE '%\\%\\%4484%' ESCAPE '\\') OR (ProcessName LIKE '%\\\\x64\\\\SCENARIOENGINE.EXE' ESCAPE '\\' AND AccessList LIKE '%\\%\\%4484%' ESCAPE '\\') OR ((ProcessName LIKE '%:\\\\Users\\\\%' ESCAPE '\\' AND ProcessName LIKE '%\\\\AppData\\\\Local\\\\Temp\\\\is-%' ESCAPE '\\') AND ProcessName LIKE '%\\\\avira\\_system\\_speedup.tmp' ESCAPE '\\' AND AccessList LIKE '%\\%\\%4484%' ESCAPE '\\') OR (ProcessName LIKE '%:\\\\Windows\\\\Temp\\\\%' ESCAPE '\\' AND ProcessName LIKE '%\\\\avira\\_speedup\\_setup\\_update.tmp' ESCAPE '\\' AND AccessList LIKE '%\\%\\%4484%' ESCAPE '\\') OR (ProcessName LIKE '%:\\\\Windows\\\\System32\\\\snmp.exe' ESCAPE '\\' AND AccessList LIKE '%\\%\\%4484%' ESCAPE '\\') OR (ProcessName LIKE '%:\\\\Windows\\\\SystemTemp\\\\%' ESCAPE '\\' AND ProcessName LIKE '%\\\\GoogleUpdate.exe' ESCAPE '\\' AND AccessList LIKE '%\\%\\%4484%' ESCAPE '\\'))) AND (NOT ((ProcessName LIKE '%\\\\procmon64.exe' ESCAPE '\\' OR ProcessName LIKE '%\\\\procmon64a.exe' ESCAPE '\\' OR ProcessName LIKE '%\\\\procmon.exe' ESCAPE '\\') AND AccessList LIKE '%\\%\\%4484%' ESCAPE '\\')))"
  ],
  "rule_level": "medium",
  "tags": [
    "attack.credential-access",
    "car.2019-04-004",
    "attack.t1003.001"
  ],
  "count": 2,
  "matches": [
    {
      "row_id": 4,
      "AccessList": "%%4484\r\n\t\t\t\t%%4492\r\n\t\t\t\t",
      "AccessMask": "0x1010",
      "AccessReason": "-",
      "Channel": "Security",
      "Computer": "jump01.offsec.lan",
      "EventID": 4656,
      "EventRecordID": 9217076,
      "Execution_ProcessID": 4,
      "Execution_ThreadID": 456,
      "Guid": "54849625-5478-4994-A5BA-3E3B0328C30D",
      "HandleId": "0x274",
      "Keywords": "0x8020000000000000",
      "Level": 0,
      "ObjectName": "\\Device\\HarddiskVolume4\\Windows\\System32\\lsass.exe",
      "ObjectServer": "Security",
      "ObjectType": "Process",
      "Opcode": 0,
      "OriginalLogfile": "ID4656-4663-4658 Mimikatz sekurlsa password dump.evtx",
      "PrivilegeList": "-",
      "ProcessId": "0x1e20",
      "ProcessName": "C:\\TOOLS\\Security_tool\\Mimikatz-fev-2020\\mimikatz.exe",
      "Provider_Name": "Microsoft-Windows-Security-Auditing",
      "ResourceAttributes": "-",
      "RestrictedSidCount": 0,
      "SubjectDomainName": "OFFSEC",
      "SubjectLogonId": "0xe922e",
      "SubjectUserName": "admmig",
      "SubjectUserSid": "S-1-5-21-4230534742-2542757381-3142984815-1111",
      "SystemTime": "2021-03-26T16:36:00.829033Z",
      "Task": 12802,
      "TransactionId": "00000000-0000-0000-0000-000000000000",
      "Version": 1
    },
    {
      "row_id": 5,
      "AccessList": "%%4484\r\n\t\t\t\t",
      "AccessMask": "0x10",
      "Channel": "Security",
      "Computer": "jump01.offsec.lan",
      "EventID": 4663,
      "EventRecordID": 9217077,
      "Execution_ProcessID": 4,
      "Execution_ThreadID": 456,
      "Guid": "54849625-5478-4994-A5BA-3E3B0328C30D",
      "HandleId": "0x274",
      "Keywords": "0x8020000000000000",
      "Level": 0,
      "ObjectName": "\\Device\\HarddiskVolume4\\Windows\\System32\\lsass.exe",
      "ObjectServer": "Security",
      "ObjectType": "Process",
      "Opcode": 0,
      "OriginalLogfile": "ID4656-4663-4658 Mimikatz sekurlsa password dump.evtx",
      "ProcessId": "0x1e20",
      "ProcessName": "C:\\TOOLS\\Security_tool\\Mimikatz-fev-2020\\mimikatz.exe",
      "Provider_Name": "Microsoft-Windows-Security-Auditing",
      "ResourceAttributes": "-",
      "SubjectDomainName": "OFFSEC",
      "SubjectLogonId": "0xe922e",
      "SubjectUserName": "admmig",
      "SubjectUserSid": "S-1-5-21-4230534742-2542757381-3142984815-1111",
      "SystemTime": "2021-03-26T16:36:00.829373Z",
      "Task": 12802,
      "Version": 1
    }
  ]
},
{
  "title": "LSASS Access From Non System Account",
  "id": "962fe167-e48d-4fd6-9974-11e5b9a5d6d1",
  "description": "Detects potential mimikatz-like tools accessing LSASS from non system account",
  "sigmafile": "",
  "sigma": [
    "SELECT * FROM logs WHERE Channel='Security' AND (((EventID=4663 OR EventID=4656) AND (AccessMask='0x100000' OR AccessMask='0x1010' OR AccessMask='0x1400' OR AccessMask='0x1410' OR AccessMask='0x1418' OR AccessMask='0x1438' OR AccessMask='0x143a' OR AccessMask='0x1f0fff' OR AccessMask='0x1f1fff' OR AccessMask='0x1f2fff' OR AccessMask='0x1f3fff' OR AccessMask='0x40' OR AccessMask='143a' OR AccessMask='1f0fff' OR AccessMask='1f1fff' OR AccessMask='1f2fff' OR AccessMask='1f3fff') AND ObjectType='Process' AND ObjectName LIKE '%\\\\lsass.exe' ESCAPE '\\') AND (NOT (SubjectUserName LIKE '%$' ESCAPE '\\' OR (ProcessName LIKE '%:\\\\Program Files\\\\%' ESCAPE '\\' OR ProcessName LIKE '%:\\\\Program Files (x86)\\\\%' ESCAPE '\\') OR (ProcessName LIKE 'C:\\\\Windows\\\\System32\\\\wbem\\\\WmiPrvSE.exe' ESCAPE '\\' AND AccessMask='0x1410'))) AND (NOT ProcessName LIKE '%\\\\SteamLibrary\\\\steamapps\\\\%' ESCAPE '\\'))"
  ],
  "rule_level": "medium",
  "tags": [
    "attack.credential-access",
    "attack.t1003.001"
  ],
  "count": 1,
  "matches": [
    {
      "row_id": 4,
      "AccessList": "%%4484\r\n\t\t\t\t%%4492\r\n\t\t\t\t",
      "AccessMask": "0x1010",
      "AccessReason": "-",
      "Channel": "Security",
      "Computer": "jump01.offsec.lan",
      "EventID": 4656,
      "EventRecordID": 9217076,
      "Execution_ProcessID": 4,
      "Execution_ThreadID": 456,
      "Guid": "54849625-5478-4994-A5BA-3E3B0328C30D",
      "HandleId": "0x274",
      "Keywords": "0x8020000000000000",
      "Level": 0,
      "ObjectName": "\\Device\\HarddiskVolume4\\Windows\\System32\\lsass.exe",
      "ObjectServer": "Security",
      "ObjectType": "Process",
      "Opcode": 0,
      "OriginalLogfile": "ID4656-4663-4658 Mimikatz sekurlsa password dump.evtx",
      "PrivilegeList": "-",
      "ProcessId": "0x1e20",
      "ProcessName": "C:\\TOOLS\\Security_tool\\Mimikatz-fev-2020\\mimikatz.exe",
      "Provider_Name": "Microsoft-Windows-Security-Auditing",
      "ResourceAttributes": "-",
      "RestrictedSidCount": 0,
      "SubjectDomainName": "OFFSEC",
      "SubjectLogonId": "0xe922e",
      "SubjectUserName": "admmig",
      "SubjectUserSid": "S-1-5-21-4230534742-2542757381-3142984815-1111",
      "SystemTime": "2021-03-26T16:36:00.829033Z",
      "Task": 12802,
      "TransactionId": "00000000-0000-0000-0000-000000000000",
      "Version": 1
    }
  ]
},
{
  "title": "Process Memory Dump Via Comsvcs.DLL - Generic",
  "id": "646ea171-dded-4578-8a4d-65e9822892e3",
  "description": "Detects a process memory dump via \"comsvcs.dll\" using rundll32, covering multiple different techniques (ordinal, minidump function, etc.)",
  "sigmafile": "",
  "sigma": [
    "SELECT * FROM logs WHERE Channel='Security' AND (EventID=4688 AND (((NewProcessName LIKE '%\\\\rundll32.exe' ESCAPE '\\' OR OriginalFileName='RUNDLL32.EXE' OR CommandLine LIKE '%rundll32%' ESCAPE '\\') AND ((CommandLine LIKE '%comsvcs%' ESCAPE '\\' AND CommandLine LIKE '%full%' ESCAPE '\\') AND (CommandLine LIKE '%#-%' ESCAPE '\\' OR CommandLine LIKE '%#+%' ESCAPE '\\' OR CommandLine LIKE '%#24%' ESCAPE '\\' OR CommandLine LIKE '%24 %' ESCAPE '\\' OR CommandLine LIKE '%MiniDump%' ESCAPE '\\' OR CommandLine LIKE '%#65560%' ESCAPE '\\'))) OR ((CommandLine LIKE '%24%' ESCAPE '\\' AND CommandLine LIKE '%comsvcs%' ESCAPE '\\' AND CommandLine LIKE '%full%' ESCAPE '\\') AND (CommandLine LIKE '% #%' ESCAPE '\\' OR CommandLine LIKE '%,#%' ESCAPE '\\' OR CommandLine LIKE '%, #%' ESCAPE '\\' OR CommandLine LIKE '%\"#%' ESCAPE '\\'))))"
  ],
  "rule_level": "high",
  "tags": [
    "attack.credential-access",
    "attack.stealth",
    "attack.t1036",
    "attack.t1003.001",
    "car.2013-05-009"
  ],
  "count": 2,
  "matches": [
    {
      "row_id": 11,
      "Channel": "Security",
      "CommandLine": "powershell.exe -NoP -C \"C:\\Windows\\System32\\rundll32.exe C:\\Windows\\System32\\comsvcs.dll, MiniDump (Get-Process lsass).Id \\Windows\\Temp\\2V7Be7Gq.dmp full;Wait-Process -Id (Get-Process rundll32).id\"",
      "Computer": "FS03.offsec.lan",
      "EventID": 4688,
      "EventRecordID": 67747,
      "Execution_ProcessID": 4,
      "Execution_ThreadID": 2304,
      "Guid": "54849625-5478-4994-A5BA-3E3B0328C30D",
      "Keywords": "0x8020000000000000",
      "Level": 0,
      "NewProcessId": "0x998",
      "NewProcessName": "C:\\Windows\\System32\\WindowsPowerShell\\v1.0\\powershell.exe",
      "Opcode": 0,
      "OriginalLogfile": "ID4688-4663-4656-LSASS dump with LSASSY (process).evtx",
      "ProcessId": "0x668",
      "Provider_Name": "Microsoft-Windows-Security-Auditing",
      "SubjectDomainName": "OFFSEC",
      "SubjectLogonId": "0x3e4",
      "SubjectUserName": "FS03$",
      "SubjectUserSid": "S-1-5-20",
      "SystemTime": "2021-10-20T14:29:10.214385Z",
      "TargetDomainName": "OFFSEC",
      "TargetLogonId": "0x26be03c",
      "TargetUserName": "admmig",
      "TargetUserSid": "S-1-0-0",
      "Task": 13312,
      "TokenElevationType": "%%1936",
      "Version": 2
    },
    {
      "row_id": 14,
      "Channel": "Security",
      "CommandLine": "\"C:\\Windows\\System32\\rundll32.exe\"  C:\\Windows\\System32\\comsvcs.dll MiniDump 512 \\Windows\\Temp\\2V7Be7Gq.dmp full",
      "Computer": "FS03.offsec.lan",
      "EventID": 4688,
      "EventRecordID": 67790,
      "Execution_ProcessID": 4,
      "Execution_ThreadID": 4040,
      "Guid": "54849625-5478-4994-A5BA-3E3B0328C30D",
      "Keywords": "0x8020000000000000",
      "Level": 0,
      "NewProcessId": "0xff8",
      "NewProcessName": "C:\\Windows\\System32\\rundll32.exe",
      "Opcode": 0,
      "OriginalLogfile": "ID4688-4663-4656-LSASS dump with LSASSY (process).evtx",
      "ProcessId": "0x998",
      "Provider_Name": "Microsoft-Windows-Security-Auditing",
      "SubjectDomainName": "OFFSEC",
      "SubjectLogonId": "0x26be03c",
      "SubjectUserName": "admmig",
      "SubjectUserSid": "S-1-5-21-4230534742-2542757381-3142984815-1111",
      "SystemTime": "2021-10-20T14:29:10.526899Z",
      "TargetDomainName": "-",
      "TargetLogonId": "0x0",
      "TargetUserName": "-",
      "TargetUserSid": "S-1-0-0",
      "Task": 13312,
      "TokenElevationType": "%%1936",
      "Version": 2
    }
  ]
},
{
  "title": "LSASS Dump Keyword In CommandLine - Generic",
  "id": "ffa6861c-4461-4f59-8a41-578c39f3f23e",
  "description": "Detects the presence of the keywords \"lsass\" and \".dmp\" in the commandline, which could indicate a potential attempt to dump or create a dump of the lsass process.\n",
  "sigmafile": "",
  "sigma": [
    "SELECT * FROM logs WHERE Channel='Security' AND (EventID=4688 AND ((CommandLine LIKE '%lsass.dmp%' ESCAPE '\\' OR CommandLine LIKE '%lsass.zip%' ESCAPE '\\' OR CommandLine LIKE '%lsass.rar%' ESCAPE '\\' OR CommandLine LIKE '%Andrew.dmp%' ESCAPE '\\' OR CommandLine LIKE '%Coredump.dmp%' ESCAPE '\\' OR CommandLine LIKE '%NotLSASS.zip%' ESCAPE '\\' OR CommandLine LIKE '%lsass\\_2%' ESCAPE '\\' OR CommandLine LIKE '%lsassdump%' ESCAPE '\\' OR CommandLine LIKE '%lsassdmp%' ESCAPE '\\') OR (CommandLine LIKE '%lsass%' ESCAPE '\\' AND CommandLine LIKE '%.dmp%' ESCAPE '\\') OR (CommandLine LIKE '%SQLDmpr%' ESCAPE '\\' AND CommandLine LIKE '%.mdmp%' ESCAPE '\\') OR (CommandLine LIKE '%nanodump%' ESCAPE '\\' AND CommandLine LIKE '%.dmp%' ESCAPE '\\')))"
  ],
  "rule_level": "high",
  "tags": [
    "attack.credential-access",
    "attack.t1003.001"
  ],
  "count": 1,
  "matches": [
    {
      "row_id": 11,
      "Channel": "Security",
      "CommandLine": "powershell.exe -NoP -C \"C:\\Windows\\System32\\rundll32.exe C:\\Windows\\System32\\comsvcs.dll, MiniDump (Get-Process lsass).Id \\Windows\\Temp\\2V7Be7Gq.dmp full;Wait-Process -Id (Get-Process rundll32).id\"",
      "Computer": "FS03.offsec.lan",
      "EventID": 4688,
      "EventRecordID": 67747,
      "Execution_ProcessID": 4,
      "Execution_ThreadID": 2304,
      "Guid": "54849625-5478-4994-A5BA-3E3B0328C30D",
      "Keywords": "0x8020000000000000",
      "Level": 0,
      "NewProcessId": "0x998",
      "NewProcessName": "C:\\Windows\\System32\\WindowsPowerShell\\v1.0\\powershell.exe",
      "Opcode": 0,
      "OriginalLogfile": "ID4688-4663-4656-LSASS dump with LSASSY (process).evtx",
      "ProcessId": "0x668",
      "Provider_Name": "Microsoft-Windows-Security-Auditing",
      "SubjectDomainName": "OFFSEC",
      "SubjectLogonId": "0x3e4",
      "SubjectUserName": "FS03$",
      "SubjectUserSid": "S-1-5-20",
      "SystemTime": "2021-10-20T14:29:10.214385Z",
      "TargetDomainName": "OFFSEC",
      "TargetLogonId": "0x26be03c",
      "TargetUserName": "admmig",
      "TargetUserSid": "S-1-0-0",
      "Task": 13312,
      "TokenElevationType": "%%1936",
      "Version": 2
    }
  ]
},
{
  "title": "PowerShell Get-Process LSASS - Generic",
  "id": "b2815d0d-7481-4bf0-9b6c-a4c48a94b349",
  "description": "Detects a \"Get-Process\" cmdlet and it's aliases on lsass process, which is in almost all cases a sign of malicious activity",
  "sigmafile": "",
  "sigma": [
    "SELECT * FROM logs WHERE Channel='Security' AND (EventID=4688 AND (CommandLine LIKE '%Get-Process lsas%' ESCAPE '\\' OR CommandLine LIKE '%ps lsas%' ESCAPE '\\' OR CommandLine LIKE '%gps lsas%' ESCAPE '\\'))"
  ],
  "rule_level": "high",
  "tags": [
    "attack.credential-access",
    "attack.t1552.004"
  ],
  "count": 1,
  "matches": [
    {
      "row_id": 11,
      "Channel": "Security",
      "CommandLine": "powershell.exe -NoP -C \"C:\\Windows\\System32\\rundll32.exe C:\\Windows\\System32\\comsvcs.dll, MiniDump (Get-Process lsass).Id \\Windows\\Temp\\2V7Be7Gq.dmp full;Wait-Process -Id (Get-Process rundll32).id\"",
      "Computer": "FS03.offsec.lan",
      "EventID": 4688,
      "EventRecordID": 67747,
      "Execution_ProcessID": 4,
      "Execution_ThreadID": 2304,
      "Guid": "54849625-5478-4994-A5BA-3E3B0328C30D",
      "Keywords": "0x8020000000000000",
      "Level": 0,
      "NewProcessId": "0x998",
      "NewProcessName": "C:\\Windows\\System32\\WindowsPowerShell\\v1.0\\powershell.exe",
      "Opcode": 0,
      "OriginalLogfile": "ID4688-4663-4656-LSASS dump with LSASSY (process).evtx",
      "ProcessId": "0x668",
      "Provider_Name": "Microsoft-Windows-Security-Auditing",
      "SubjectDomainName": "OFFSEC",
      "SubjectLogonId": "0x3e4",
      "SubjectUserName": "FS03$",
      "SubjectUserSid": "S-1-5-20",
      "SystemTime": "2021-10-20T14:29:10.214385Z",
      "TargetDomainName": "OFFSEC",
      "TargetLogonId": "0x26be03c",
      "TargetUserName": "admmig",
      "TargetUserSid": "S-1-0-0",
      "Task": 13312,
      "TokenElevationType": "%%1936",
      "Version": 2
    }
  ]
},
{
  "title": "Potentially Suspicious Rundll32 Activity - Generic",
  "id": "e593cf51-88db-4ee1-b920-37e89012a3c9",
  "description": "Detects suspicious execution of rundll32, with specific calls to some DLLs with known LOLBIN functionalities",
  "sigmafile": "",
  "sigma": [
    "SELECT * FROM logs WHERE Channel='Security' AND (EventID=4688 AND (((CommandLine LIKE '%javascript:%' ESCAPE '\\' AND CommandLine LIKE '%.RegisterXLL%' ESCAPE '\\') OR (CommandLine LIKE '%url.dll%' ESCAPE '\\' AND CommandLine LIKE '%OpenURL%' ESCAPE '\\') OR (CommandLine LIKE '%url.dll%' ESCAPE '\\' AND CommandLine LIKE '%OpenURLA%' ESCAPE '\\') OR (CommandLine LIKE '%url.dll%' ESCAPE '\\' AND CommandLine LIKE '%FileProtocolHandler%' ESCAPE '\\') OR (CommandLine LIKE '%zipfldr.dll%' ESCAPE '\\' AND CommandLine LIKE '%RouteTheCall%' ESCAPE '\\') OR (CommandLine LIKE '%shell32.dll%' ESCAPE '\\' AND CommandLine LIKE '%Control\\_RunDLL%' ESCAPE '\\') OR (CommandLine LIKE '%shell32.dll%' ESCAPE '\\' AND CommandLine LIKE '%ShellExec\\_RunDLL%' ESCAPE '\\') OR (CommandLine LIKE '%mshtml.dll%' ESCAPE '\\' AND CommandLine LIKE '%PrintHTML%' ESCAPE '\\') OR (CommandLine LIKE '%advpack.dll%' ESCAPE '\\' AND CommandLine LIKE '%LaunchINFSection%' ESCAPE '\\') OR (CommandLine LIKE '%advpack.dll%' ESCAPE '\\' AND CommandLine LIKE '%RegisterOCX%' ESCAPE '\\') OR (CommandLine LIKE '%ieadvpack.dll%' ESCAPE '\\' AND CommandLine LIKE '%LaunchINFSection%' ESCAPE '\\') OR (CommandLine LIKE '%ieadvpack.dll%' ESCAPE '\\' AND CommandLine LIKE '%RegisterOCX%' ESCAPE '\\') OR (CommandLine LIKE '%ieframe.dll%' ESCAPE '\\' AND CommandLine LIKE '%OpenURL%' ESCAPE '\\') OR (CommandLine LIKE '%shdocvw.dll%' ESCAPE '\\' AND CommandLine LIKE '%OpenURL%' ESCAPE '\\') OR (CommandLine LIKE '%syssetup.dll%' ESCAPE '\\' AND CommandLine LIKE '%SetupInfObjectInstallAction%' ESCAPE '\\') OR (CommandLine LIKE '%setupapi.dll%' ESCAPE '\\' AND CommandLine LIKE '%InstallHinfSection%' ESCAPE '\\') OR (CommandLine LIKE '%pcwutl.dll%' ESCAPE '\\' AND CommandLine LIKE '%LaunchApplication%' ESCAPE '\\') OR (CommandLine LIKE '%dfshim.dll%' ESCAPE '\\' AND CommandLine LIKE '%ShOpenVerbApplication%' ESCAPE '\\') OR (CommandLine LIKE '%dfshim.dll%' ESCAPE '\\' AND CommandLine LIKE '%ShOpenVerbShortcut%' ESCAPE '\\') OR (CommandLine LIKE '%scrobj.dll%' ESCAPE '\\' AND CommandLine LIKE '%GenerateTypeLib%' ESCAPE '\\' AND CommandLine LIKE '%http%' ESCAPE '\\') OR (CommandLine LIKE '%shimgvw.dll%' ESCAPE '\\' AND CommandLine LIKE '%ImageView\\_Fullscreen%' ESCAPE '\\' AND CommandLine LIKE '%http%' ESCAPE '\\') OR (CommandLine LIKE '%comsvcs.dll%' ESCAPE '\\' AND CommandLine LIKE '%MiniDump%' ESCAPE '\\')) AND (NOT (CommandLine LIKE '%shell32.dll,Control\\_RunDLL desk.cpl,screensaver,@screensaver%' ESCAPE '\\' OR (ParentProcessName LIKE 'C:\\\\Windows\\\\System32\\\\control.exe' ESCAPE '\\' AND ParentCommandLine LIKE '%.cpl%' ESCAPE '\\' AND (CommandLine LIKE '%Shell32.dll%' ESCAPE '\\' AND CommandLine LIKE '%Control\\_RunDLL%' ESCAPE '\\' AND CommandLine LIKE '%.cpl%' ESCAPE '\\')) OR (ParentProcessName LIKE 'C:\\\\Windows\\\\System32\\\\control.exe' ESCAPE '\\' AND CommandLine LIKE '\"C:\\\\Windows\\\\system32\\\\rundll32.exe\" Shell32.dll,Control\\_RunDLL \"C:\\\\Windows\\\\System32\\\\%' ESCAPE '\\' AND CommandLine LIKE '%.cpl\",' ESCAPE '\\')))))"
  ],
  "rule_level": "medium",
  "tags": [
    "attack.stealth",
    "attack.t1218.011"
  ],
  "count": 2,
  "matches": [
    {
      "row_id": 11,
      "Channel": "Security",
      "CommandLine": "powershell.exe -NoP -C \"C:\\Windows\\System32\\rundll32.exe C:\\Windows\\System32\\comsvcs.dll, MiniDump (Get-Process lsass).Id \\Windows\\Temp\\2V7Be7Gq.dmp full;Wait-Process -Id (Get-Process rundll32).id\"",
      "Computer": "FS03.offsec.lan",
      "EventID": 4688,
      "EventRecordID": 67747,
      "Execution_ProcessID": 4,
      "Execution_ThreadID": 2304,
      "Guid": "54849625-5478-4994-A5BA-3E3B0328C30D",
      "Keywords": "0x8020000000000000",
      "Level": 0,
      "NewProcessId": "0x998",
      "NewProcessName": "C:\\Windows\\System32\\WindowsPowerShell\\v1.0\\powershell.exe",
      "Opcode": 0,
      "OriginalLogfile": "ID4688-4663-4656-LSASS dump with LSASSY (process).evtx",
      "ProcessId": "0x668",
      "Provider_Name": "Microsoft-Windows-Security-Auditing",
      "SubjectDomainName": "OFFSEC",
      "SubjectLogonId": "0x3e4",
      "SubjectUserName": "FS03$",
      "SubjectUserSid": "S-1-5-20",
      "SystemTime": "2021-10-20T14:29:10.214385Z",
      "TargetDomainName": "OFFSEC",
      "TargetLogonId": "0x26be03c",
      "TargetUserName": "admmig",
      "TargetUserSid": "S-1-0-0",
      "Task": 13312,
      "TokenElevationType": "%%1936",
      "Version": 2
    },
    {
      "row_id": 14,
      "Channel": "Security",
      "CommandLine": "\"C:\\Windows\\System32\\rundll32.exe\"  C:\\Windows\\System32\\comsvcs.dll MiniDump 512 \\Windows\\Temp\\2V7Be7Gq.dmp full",
      "Computer": "FS03.offsec.lan",
      "EventID": 4688,
      "EventRecordID": 67790,
      "Execution_ProcessID": 4,
      "Execution_ThreadID": 4040,
      "Guid": "54849625-5478-4994-A5BA-3E3B0328C30D",
      "Keywords": "0x8020000000000000",
      "Level": 0,
      "NewProcessId": "0xff8",
      "NewProcessName": "C:\\Windows\\System32\\rundll32.exe",
      "Opcode": 0,
      "OriginalLogfile": "ID4688-4663-4656-LSASS dump with LSASSY (process).evtx",
      "ProcessId": "0x998",
      "Provider_Name": "Microsoft-Windows-Security-Auditing",
      "SubjectDomainName": "OFFSEC",
      "SubjectLogonId": "0x26be03c",
      "SubjectUserName": "admmig",
      "SubjectUserSid": "S-1-5-21-4230534742-2542757381-3142984815-1111",
      "SystemTime": "2021-10-20T14:29:10.526899Z",
      "TargetDomainName": "-",
      "TargetLogonId": "0x0",
      "TargetUserName": "-",
      "TargetUserSid": "S-1-0-0",
      "Task": 13312,
      "TokenElevationType": "%%1936",
      "Version": 2
    }
  ]
},
{
  "title": "Potentially Suspicious Powershell Script Execution From Temp Folder - Generic",
  "id": "a6a39bdb-935c-4f0a-ab77-35f4bbf44d33",
  "description": "Detects a potentially suspicious powershell script executions from temporary folder",
  "sigmafile": "",
  "sigma": [
    "SELECT * FROM logs WHERE Channel='Security' AND (EventID=4688 AND (((NewProcessName LIKE '%\\\\powershell.exe' ESCAPE '\\' OR NewProcessName LIKE '%\\\\pwsh.exe' ESCAPE '\\') AND (CommandLine LIKE '%\\\\Windows\\\\Temp%' ESCAPE '\\' OR CommandLine LIKE '%\\\\Temporary Internet%' ESCAPE '\\' OR CommandLine LIKE '%\\\\AppData\\\\Local\\\\Temp%' ESCAPE '\\' OR CommandLine LIKE '%\\\\AppData\\\\Roaming\\\\Temp%' ESCAPE '\\' OR CommandLine LIKE '%\\%TEMP\\%%' ESCAPE '\\' OR CommandLine LIKE '%\\%TMP\\%%' ESCAPE '\\' OR CommandLine LIKE '%\\%LocalAppData\\%\\\\Temp%' ESCAPE '\\')) AND (NOT (CommandLine LIKE '%-WindowStyle hidden -Verb runAs%' ESCAPE '\\' OR CommandLine LIKE '%\\\\Windows\\\\system32\\\\config\\\\systemprofile\\\\AppData\\\\Local\\\\Temp\\\\Amazon\\\\EC2-Windows\\\\%' ESCAPE '\\' OR (CommandLine LIKE '% >%' ESCAPE '\\' OR CommandLine LIKE '%Out-File%' ESCAPE '\\' OR CommandLine LIKE '%ConvertTo-Json%' ESCAPE '\\') OR ((ParentProcessName LIKE 'C:\\\\Windows\\\\System32\\\\Msiexec.exe' ESCAPE '\\' OR ParentProcessName LIKE 'C:\\\\Windows\\\\SysWOW64\\\\Msiexec.exe' ESCAPE '\\') AND NewProcessName LIKE '%\\\\powershell.exe' ESCAPE '\\' AND (CommandLine LIKE '%-NoProfile -ExecutionPolicy Bypass -Command%' ESCAPE '\\' AND CommandLine LIKE '%AppData\\\\Local\\\\Temp\\\\%' ESCAPE '\\' AND CommandLine LIKE '%Install-Chocolatey.ps1%' ESCAPE '\\'))))))"
  ],
  "rule_level": "medium",
  "tags": [
    "attack.execution",
    "attack.t1059.001"
  ],
  "count": 1,
  "matches": [
    {
      "row_id": 11,
      "Channel": "Security",
      "CommandLine": "powershell.exe -NoP -C \"C:\\Windows\\System32\\rundll32.exe C:\\Windows\\System32\\comsvcs.dll, MiniDump (Get-Process lsass).Id \\Windows\\Temp\\2V7Be7Gq.dmp full;Wait-Process -Id (Get-Process rundll32).id\"",
      "Computer": "FS03.offsec.lan",
      "EventID": 4688,
      "EventRecordID": 67747,
      "Execution_ProcessID": 4,
      "Execution_ThreadID": 2304,
      "Guid": "54849625-5478-4994-A5BA-3E3B0328C30D",
      "Keywords": "0x8020000000000000",
      "Level": 0,
      "NewProcessId": "0x998",
      "NewProcessName": "C:\\Windows\\System32\\WindowsPowerShell\\v1.0\\powershell.exe",
      "Opcode": 0,
      "OriginalLogfile": "ID4688-4663-4656-LSASS dump with LSASSY (process).evtx",
      "ProcessId": "0x668",
      "Provider_Name": "Microsoft-Windows-Security-Auditing",
      "SubjectDomainName": "OFFSEC",
      "SubjectLogonId": "0x3e4",
      "SubjectUserName": "FS03$",
      "SubjectUserSid": "S-1-5-20",
      "SystemTime": "2021-10-20T14:29:10.214385Z",
      "TargetDomainName": "OFFSEC",
      "TargetLogonId": "0x26be03c",
      "TargetUserName": "admmig",
      "TargetUserSid": "S-1-0-0",
      "Task": 13312,
      "TokenElevationType": "%%1936",
      "Version": 2
    }
  ]
},
{
  "title": "Potentially Suspicious AccessMask Requested From LSASS",
  "id": "4a1b6da0-d94f-4fc3-98fc-2d9cb9e5ee76",
  "description": "Detects process handle on LSASS process with certain access mask",
  "sigmafile": "",
  "sigma": [
    "SELECT * FROM logs WHERE Channel='Security' AND (((EventID=4656 AND ObjectName LIKE '%\\\\lsass.exe' ESCAPE '\\' AND (AccessMask LIKE '%0x40%' ESCAPE '\\' OR AccessMask LIKE '%0x1400%' ESCAPE '\\' OR AccessMask LIKE '%0x100000%' ESCAPE '\\' OR AccessMask LIKE '%0x1410%' ESCAPE '\\' OR AccessMask LIKE '%0x1010%' ESCAPE '\\' OR AccessMask LIKE '%0x1438%' ESCAPE '\\' OR AccessMask LIKE '%0x143a%' ESCAPE '\\' OR AccessMask LIKE '%0x1418%' ESCAPE '\\' OR AccessMask LIKE '%0x1f0fff%' ESCAPE '\\' OR AccessMask LIKE '%0x1f1fff%' ESCAPE '\\' OR AccessMask LIKE '%0x1f2fff%' ESCAPE '\\' OR AccessMask LIKE '%0x1f3fff%' ESCAPE '\\')) OR (EventID=4663 AND ObjectName LIKE '%\\\\lsass.exe' ESCAPE '\\' AND (AccessList LIKE '%4484%' ESCAPE '\\' OR AccessList LIKE '%4416%' ESCAPE '\\'))) AND (NOT (((ProcessName LIKE '%\\\\csrss.exe' ESCAPE '\\' OR ProcessName LIKE '%\\\\GamingServices.exe' ESCAPE '\\' OR ProcessName LIKE '%\\\\lsm.exe' ESCAPE '\\' OR ProcessName LIKE '%\\\\MicrosoftEdgeUpdate.exe' ESCAPE '\\' OR ProcessName LIKE '%\\\\minionhost.exe' ESCAPE '\\' OR ProcessName LIKE '%\\\\MRT.exe' ESCAPE '\\' OR ProcessName LIKE '%\\\\MsMpEng.exe' ESCAPE '\\' OR ProcessName LIKE '%\\\\perfmon.exe' ESCAPE '\\' OR ProcessName LIKE '%\\\\procexp.exe' ESCAPE '\\' OR ProcessName LIKE '%\\\\procexp64.exe' ESCAPE '\\' OR ProcessName LIKE '%\\\\procexp64a.exe' ESCAPE '\\' OR ProcessName LIKE '%\\\\svchost.exe' ESCAPE '\\' OR ProcessName LIKE '%\\\\taskmgr.exe' ESCAPE '\\' OR ProcessName LIKE '%\\\\thor.exe' ESCAPE '\\' OR ProcessName LIKE '%\\\\thor64.exe' ESCAPE '\\' OR ProcessName LIKE '%\\\\vmtoolsd.exe' ESCAPE '\\' OR ProcessName LIKE '%\\\\VsTskMgr.exe' ESCAPE '\\' OR ProcessName LIKE '%\\\\wininit.exe' ESCAPE '\\' OR ProcessName LIKE '%\\\\wmiprvse.exe' ESCAPE '\\' OR ProcessName LIKE '%RtkAudUService64' ESCAPE '\\') AND (ProcessName LIKE '%:\\\\Program Files (x86)\\\\%' ESCAPE '\\' OR ProcessName LIKE '%:\\\\Program Files\\\\%' ESCAPE '\\' OR ProcessName LIKE '%:\\\\ProgramData\\\\Microsoft\\\\Windows Defender\\\\Platform\\\\%' ESCAPE '\\' OR ProcessName LIKE '%:\\\\Windows\\\\SysNative\\\\%' ESCAPE '\\' OR ProcessName LIKE '%:\\\\Windows\\\\System32\\\\%' ESCAPE '\\' OR ProcessName LIKE '%:\\\\Windows\\\\SysWow64\\\\%' ESCAPE '\\' OR ProcessName LIKE '%:\\\\Windows\\\\Temp\\\\asgard2-agent\\\\%' ESCAPE '\\')) OR ProcessName LIKE '%:\\\\Program Files%' ESCAPE '\\' OR (ProcessName LIKE '%:\\\\Windows\\\\System32\\\\taskhostw.exe' ESCAPE '\\' OR ProcessName LIKE '%:\\\\Windows\\\\System32\\\\msiexec.exe' ESCAPE '\\' OR ProcessName LIKE '%:\\\\Windows\\\\CCM\\\\CcmExec.exe' ESCAPE '\\') OR ((ProcessName LIKE '%:\\\\Windows\\\\Sysmon64.exe' ESCAPE '\\' OR ProcessName LIKE '%:\\\\Windows\\\\Sysmon64a.exe' ESCAPE '\\') AND AccessList LIKE '%\\%\\%4484%' ESCAPE '\\') OR (ProcessName LIKE '%:\\\\Windows\\\\Temp\\\\asgard2-agent-sc\\\\aurora\\\\%' ESCAPE '\\' AND ProcessName LIKE '%\\\\aurora-agent-64.exe' ESCAPE '\\' AND AccessList LIKE '%\\%\\%4484%' ESCAPE '\\') OR (ProcessName LIKE '%\\\\x64\\\\SCENARIOENGINE.EXE' ESCAPE '\\' AND AccessList LIKE '%\\%\\%4484%' ESCAPE '\\') OR ((ProcessName LIKE '%:\\\\Users\\\\%' ESCAPE '\\' AND ProcessName LIKE '%\\\\AppData\\\\Local\\\\Temp\\\\is-%' ESCAPE '\\') AND ProcessName LIKE '%\\\\avira\\_system\\_speedup.tmp' ESCAPE '\\' AND AccessList LIKE '%\\%\\%4484%' ESCAPE '\\') OR (ProcessName LIKE '%:\\\\Windows\\\\Temp\\\\%' ESCAPE '\\' AND ProcessName LIKE '%\\\\avira\\_speedup\\_setup\\_update.tmp' ESCAPE '\\' AND AccessList LIKE '%\\%\\%4484%' ESCAPE '\\') OR (ProcessName LIKE '%:\\\\Windows\\\\System32\\\\snmp.exe' ESCAPE '\\' AND AccessList LIKE '%\\%\\%4484%' ESCAPE '\\') OR (ProcessName LIKE '%:\\\\Windows\\\\SystemTemp\\\\%' ESCAPE '\\' AND ProcessName LIKE '%\\\\GoogleUpdate.exe' ESCAPE '\\' AND AccessList LIKE '%\\%\\%4484%' ESCAPE '\\'))) AND (NOT ((ProcessName LIKE '%\\\\procmon64.exe' ESCAPE '\\' OR ProcessName LIKE '%\\\\procmon64a.exe' ESCAPE '\\' OR ProcessName LIKE '%\\\\procmon.exe' ESCAPE '\\') AND AccessList LIKE '%\\%\\%4484%' ESCAPE '\\')))"
  ],
  "rule_level": "medium",
  "tags": [
    "attack.credential-access",
    "car.2019-04-004",
    "attack.t1003.001"
  ],
  "count": 3,
  "matches": [
    {
      "row_id": 15,
      "AccessList": "%%4484\r\n\t\t\t\t%%4490\r\n\t\t\t\t%%4492\r\n\t\t\t\t",
      "AccessMask": "0x1410",
      "AccessReason": "-",
      "Channel": "Security",
      "Computer": "FS03.offsec.lan",
      "EventID": 4656,
      "EventRecordID": 67793,
      "Execution_ProcessID": 512,
      "Execution_ThreadID": 520,
      "Guid": "54849625-5478-4994-A5BA-3E3B0328C30D",
      "HandleId": "0xdc",
      "Keywords": "0x8020000000000000",
      "Level": 0,
      "ObjectName": "\\Device\\HarddiskVolume2\\Windows\\System32\\lsass.exe",
      "ObjectServer": "Security",
      "ObjectType": "Process",
      "Opcode": 0,
      "OriginalLogfile": "ID4688-4663-4656-LSASS dump with LSASSY (process).evtx",
      "PrivilegeList": "-",
      "ProcessId": "0xff8",
      "ProcessName": "C:\\Windows\\System32\\rundll32.exe",
      "Provider_Name": "Microsoft-Windows-Security-Auditing",
      "ResourceAttributes": "-",
      "RestrictedSidCount": 0,
      "SubjectDomainName": "OFFSEC",
      "SubjectLogonId": "0x26be03c",
      "SubjectUserName": "admmig",
      "SubjectUserSid": "S-1-5-21-4230534742-2542757381-3142984815-1111",
      "SystemTime": "2021-10-20T14:29:10.542517Z",
      "Task": 12802,
      "TransactionId": "00000000-0000-0000-0000-000000000000",
      "Version": 1
    },
    {
      "row_id": 17,
      "AccessList": "%%4484\r\n\t\t\t\t",
      "AccessMask": "0x10",
      "Channel": "Security",
      "Computer": "FS03.offsec.lan",
      "EventID": 4663,
      "EventRecordID": 67797,
      "Execution_ProcessID": 4,
      "Execution_ThreadID": 4040,
      "Guid": "54849625-5478-4994-A5BA-3E3B0328C30D",
      "HandleId": "0xf0",
      "Keywords": "0x8020000000000000",
      "Level": 0,
      "ObjectName": "\\Device\\HarddiskVolume2\\Windows\\System32\\lsass.exe",
      "ObjectServer": "Security",
      "ObjectType": "Process",
      "Opcode": 0,
      "OriginalLogfile": "ID4688-4663-4656-LSASS dump with LSASSY (process).evtx",
      "ProcessId": "0xff8",
      "ProcessName": "C:\\Windows\\System32\\rundll32.exe",
      "Provider_Name": "Microsoft-Windows-Security-Auditing",
      "ResourceAttributes": "-",
      "SubjectDomainName": "OFFSEC",
      "SubjectLogonId": "0x26be03c",
      "SubjectUserName": "admmig",
      "SubjectUserSid": "S-1-5-21-4230534742-2542757381-3142984815-1111",
      "SystemTime": "2021-10-20T14:29:10.542517Z",
      "Task": 12802,
      "Version": 1
    },
