    {
      "row_id": 18,
      "AccessList": "%%4484\r\n\t\t\t\t",
      "AccessMask": "0x10",
      "Channel": "Security",
      "Computer": "FS03.offsec.lan",
      "EventID": 4663,
      "EventRecordID": 67799,
      "Execution_ProcessID": 4,
      "Execution_ThreadID": 4040,
      "Guid": "54849625-5478-4994-A5BA-3E3B0328C30D",
      "HandleId": "0xdc",
      "Keywords": "0x8020000000000000",
      "Level": 0,
      "ObjectName": "\\Device\\HarddiskVolume2\\Windows\\System32\\lsass.exe",
      "ObjectServer": "Security",
      "ObjectType": "Process",
      "Opcode": 0,
      "OriginalLogfile": "ID4688-4663-4656-LSASS dump with LSASSY (process).evtx",
      "ProcessId": "0xff8",
      "ProcessName": "C:\\Windows\\System32\\rundll32.exe",
      "Provider_Name": "Microsoft-Windows-Security-Auditing",
      "ResourceAttributes": "-",
      "SubjectDomainName": "OFFSEC",
      "SubjectLogonId": "0x26be03c",
      "SubjectUserName": "admmig",
      "SubjectUserSid": "S-1-5-21-4230534742-2542757381-3142984815-1111",
      "SystemTime": "2021-10-20T14:29:10.542517Z",
      "Task": 12802,
      "Version": 1
    }
  ]
},
{
  "title": "LSASS Access From Non System Account",
  "id": "962fe167-e48d-4fd6-9974-11e5b9a5d6d1",
  "description": "Detects potential mimikatz-like tools accessing LSASS from non system account",
  "sigmafile": "",
  "sigma": [
    "SELECT * FROM logs WHERE Channel='Security' AND (((EventID=4663 OR EventID=4656) AND (AccessMask='0x100000' OR AccessMask='0x1010' OR AccessMask='0x1400' OR AccessMask='0x1410' OR AccessMask='0x1418' OR AccessMask='0x1438' OR AccessMask='0x143a' OR AccessMask='0x1f0fff' OR AccessMask='0x1f1fff' OR AccessMask='0x1f2fff' OR AccessMask='0x1f3fff' OR AccessMask='0x40' OR AccessMask='143a' OR AccessMask='1f0fff' OR AccessMask='1f1fff' OR AccessMask='1f2fff' OR AccessMask='1f3fff') AND ObjectType='Process' AND ObjectName LIKE '%\\\\lsass.exe' ESCAPE '\\') AND (NOT (SubjectUserName LIKE '%$' ESCAPE '\\' OR (ProcessName LIKE '%:\\\\Program Files\\\\%' ESCAPE '\\' OR ProcessName LIKE '%:\\\\Program Files (x86)\\\\%' ESCAPE '\\') OR (ProcessName LIKE 'C:\\\\Windows\\\\System32\\\\wbem\\\\WmiPrvSE.exe' ESCAPE '\\' AND AccessMask='0x1410'))) AND (NOT ProcessName LIKE '%\\\\SteamLibrary\\\\steamapps\\\\%' ESCAPE '\\'))"
  ],
  "rule_level": "medium",
  "tags": [
    "attack.credential-access",
    "attack.t1003.001"
  ],
  "count": 1,
  "matches": [
    {
      "row_id": 15,
      "AccessList": "%%4484\r\n\t\t\t\t%%4490\r\n\t\t\t\t%%4492\r\n\t\t\t\t",
      "AccessMask": "0x1410",
      "AccessReason": "-",
      "Channel": "Security",
      "Computer": "FS03.offsec.lan",
      "EventID": 4656,
      "EventRecordID": 67793,
      "Execution_ProcessID": 512,
      "Execution_ThreadID": 520,
      "Guid": "54849625-5478-4994-A5BA-3E3B0328C30D",
      "HandleId": "0xdc",
      "Keywords": "0x8020000000000000",
      "Level": 0,
      "ObjectName": "\\Device\\HarddiskVolume2\\Windows\\System32\\lsass.exe",
      "ObjectServer": "Security",
      "ObjectType": "Process",
      "Opcode": 0,
      "OriginalLogfile": "ID4688-4663-4656-LSASS dump with LSASSY (process).evtx",
      "PrivilegeList": "-",
      "ProcessId": "0xff8",
      "ProcessName": "C:\\Windows\\System32\\rundll32.exe",
      "Provider_Name": "Microsoft-Windows-Security-Auditing",
      "ResourceAttributes": "-",
      "RestrictedSidCount": 0,
      "SubjectDomainName": "OFFSEC",
      "SubjectLogonId": "0x26be03c",
      "SubjectUserName": "admmig",
      "SubjectUserSid": "S-1-5-21-4230534742-2542757381-3142984815-1111",
      "SystemTime": "2021-10-20T14:29:10.542517Z",
      "Task": 12802,
      "TransactionId": "00000000-0000-0000-0000-000000000000",
      "Version": 1
    }
  ]
},
{
  "title": "Suspicious Access to Sensitive File Extensions",
  "id": "91c945bc-2ad1-4799-a591-4d00198a1215",
  "description": "Detects known sensitive file extensions accessed on a network share",
  "sigmafile": "",
  "sigma": [
    "SELECT * FROM logs WHERE Channel='Security' AND (EventID=5145 AND (RelativeTargetName LIKE '%.bak' ESCAPE '\\' OR RelativeTargetName LIKE '%.dmp' ESCAPE '\\' OR RelativeTargetName LIKE '%.edb' ESCAPE '\\' OR RelativeTargetName LIKE '%.kirbi' ESCAPE '\\' OR RelativeTargetName LIKE '%.msg' ESCAPE '\\' OR RelativeTargetName LIKE '%.nsf' ESCAPE '\\' OR RelativeTargetName LIKE '%.nst' ESCAPE '\\' OR RelativeTargetName LIKE '%.oab' ESCAPE '\\' OR RelativeTargetName LIKE '%.ost' ESCAPE '\\' OR RelativeTargetName LIKE '%.pst' ESCAPE '\\' OR RelativeTargetName LIKE '%.rdp' ESCAPE '\\'))"
  ],
  "rule_level": "medium",
  "tags": [
    "attack.collection",
    "attack.t1039"
  ],
  "count": 3,
  "matches": [
    {
      "row_id": 13,
      "AccessList": "%%4416\r\n\t\t\t\t",
      "AccessMask": "0x1",
      "AccessReason": "-",
      "Channel": "Security",
      "Computer": "FS03.offsec.lan",
      "EventID": 5145,
      "EventRecordID": 67750,
      "Execution_ProcessID": 512,
      "Execution_ThreadID": 520,
      "Guid": "54849625-5478-4994-A5BA-3E3B0328C30D",
      "IpAddress": "10.23.123.11",
      "IpPort": "49192",
      "Keywords": "0x8020000000000000",
      "Level": 0,
      "ObjectType": "File",
      "Opcode": 0,
      "OriginalLogfile": "ID4688-4663-4656-LSASS dump with LSASSY (process).evtx",
      "Provider_Name": "Microsoft-Windows-Security-Auditing",
      "RelativeTargetName": "Windows\\Temp\\2V7Be7Gq.dmp",
      "ShareLocalPath": "\\??\\C:\\",
      "ShareName": "\\\\*\\C$",
      "SubjectDomainName": "OFFSEC",
      "SubjectLogonId": "0x26bdfac",
      "SubjectUserName": "admmig",
      "SubjectUserSid": "S-1-5-21-4230534742-2542757381-3142984815-1111",
      "SystemTime": "2021-10-20T14:29:10.214385Z",
      "Task": 12811,
      "Version": 0
    },
    {
      "row_id": 19,
      "AccessList": "%%4416\r\n\t\t\t\t",
      "AccessMask": "0x1",
      "AccessReason": "-",
      "Channel": "Security",
      "Computer": "FS03.offsec.lan",
      "EventID": 5145,
      "EventRecordID": 67801,
      "Execution_ProcessID": 512,
      "Execution_ThreadID": 520,
      "Guid": "54849625-5478-4994-A5BA-3E3B0328C30D",
      "IpAddress": "10.23.123.11",
      "IpPort": "49192",
      "Keywords": "0x8020000000000000",
      "Level": 0,
      "ObjectType": "File",
      "Opcode": 0,
      "OriginalLogfile": "ID4688-4663-4656-LSASS dump with LSASSY (process).evtx",
      "Provider_Name": "Microsoft-Windows-Security-Auditing",
      "RelativeTargetName": "Windows\\Temp\\2V7Be7Gq.dmp",
      "ShareLocalPath": "\\??\\C:\\",
      "ShareName": "\\\\*\\C$",
      "SubjectDomainName": "OFFSEC",
      "SubjectLogonId": "0x26bdfac",
      "SubjectUserName": "admmig",
      "SubjectUserSid": "S-1-5-21-4230534742-2542757381-3142984815-1111",
      "SystemTime": "2021-10-20T14:29:11.230034Z",
      "Task": 12811,
      "Version": 0
    },
    {
      "row_id": 21,
      "AccessList": "%%1537\r\n\t\t\t\t%%4423\r\n\t\t\t\t",
      "AccessMask": "0x10080",
      "AccessReason": "-",
      "Channel": "Security",
      "Computer": "FS03.offsec.lan",
      "EventID": 5145,
      "EventRecordID": 67803,
      "Execution_ProcessID": 512,
      "Execution_ThreadID": 520,
      "Guid": "54849625-5478-4994-A5BA-3E3B0328C30D",
      "IpAddress": "10.23.123.11",
      "IpPort": "49192",
      "Keywords": "0x8020000000000000",
      "Level": 0,
      "ObjectType": "File",
      "Opcode": 0,
      "OriginalLogfile": "ID4688-4663-4656-LSASS dump with LSASSY (process).evtx",
      "Provider_Name": "Microsoft-Windows-Security-Auditing",
      "RelativeTargetName": "Windows\\Temp\\2V7Be7Gq.dmp",
      "ShareLocalPath": "\\??\\C:\\",
      "ShareName": "\\\\*\\C$",
      "SubjectDomainName": "OFFSEC",
      "SubjectLogonId": "0x26bdfac",
      "SubjectUserName": "admmig",
      "SubjectUserSid": "S-1-5-21-4230534742-2542757381-3142984815-1111",
      "SystemTime": "2021-10-20T14:29:12.553064Z",
      "Task": 12811,
      "Version": 0
    }
  ]
}]